[19/10/2011 18:00:37] /a 2
[19/10/2011 18:00:45] /a 2
[19/10/2011 18:00:58] /a 10
[19/10/2011 18:00:58] /a 10
[19/10/2011 18:00:58] /a 10
[19/10/2011 18:00:58] /a 10
[19/10/2011 18:00:58] /a 10
[19/10/2011 18:00:59] /a 10
[19/10/2011 18:00:59] /a 10
[19/10/2011 18:01:00] /a 10
[19/10/2011 18:01:00] /a 10
[19/10/2011 18:01:00] /a 10
[19/10/2011 18:01:00] /a 10
[19/10/2011 18:01:01] /a 10
[19/10/2011 18:01:01] /a 10
[19/10/2011 18:01:03] /a 10
[19/10/2011 18:01:04] /a 10
[19/10/2011 18:01:05] /a 10
[19/10/2011 18:01:05] /a 10
[19/10/2011 18:01:05] /a 10
[19/10/2011 18:01:05] /a 10
[19/10/2011 18:01:06] /a 10
[19/10/2011 18:01:07] /a 10
[19/10/2011 18:01:07] /a 10
[19/10/2011 18:01:07] /a 10
[19/10/2011 18:01:08] /a 10
[19/10/2011 18:01:08] /a 10
[19/10/2011 18:01:08] /a 10
[19/10/2011 18:01:08] /a 10
[19/10/2011 18:01:08] /a 10
[19/10/2011 18:01:09] /a 10
[19/10/2011 18:01:09] /a 10
[19/10/2011 18:01:09] /a 10
[19/10/2011 18:01:09] /a 10
[19/10/2011 18:01:10] /a 10
[19/10/2011 18:01:11] /a 10
[19/10/2011 18:01:16] /a 10
[19/10/2011 18:01:17] /a 10
[19/10/2011 18:01:17] /a 10
[19/10/2011 18:01:18] /a 10
[19/10/2011 18:01:18] /a 10
[19/10/2011 18:01:19] /a 10
[19/10/2011 18:01:59] /t
[19/10/2011 18:03:08] /goto [Tutor]~Zik~
[19/10/2011 18:04:23] /t
[19/10/2011 18:04:40] /i biakzik armor
[19/10/2011 18:04:48] /i baiakzik armor
[19/10/2011 18:04:52] /i baiakzik legs
[19/10/2011 18:04:55] /i baiakzik shield
[19/10/2011 18:04:58] /i baiakzik boots
[19/10/2011 18:05:04] /i baiakzik helmet
[19/10/2011 18:07:02] /clean
[19/10/2011 18:07:16] /i boots of haste
[19/10/2011 18:09:15] /i 2160
[19/10/2011 18:09:16] /i 2160
[19/10/2011 18:09:17] /i 2160
[19/10/2011 18:10:41] /goto [Baiak-Zik-ADM]
[19/10/2011 18:10:42] /t
[19/10/2011 18:10:49] /a 2
[19/10/2011 18:11:01] /a 5
[19/10/2011 18:13:07] /t
[19/10/2011 18:13:16] /t poney maldito
[19/10/2011 18:16:58] /goto [Baiak-Zik-ADM]
[19/10/2011 18:17:07] /goto [Tutor]~Zik~
[19/10/2011 18:18:29] /ghost
[19/10/2011 18:19:16] /m dragon
[19/10/2011 18:26:22] /ghost
[19/10/2011 18:26:23] /t
[19/10/2011 18:26:29] /a 2
[19/10/2011 18:30:03] /t
[19/10/2011 18:31:12] /t
[19/10/2011 19:37:54] /a 10
[19/10/2011 19:37:54] /a 10
[19/10/2011 19:37:56] /a 10
[19/10/2011 19:37:56] /a 10
[19/10/2011 19:39:56] /clean
[19/10/2011 22:00:26] /i baiakzik armor
[19/10/2011 22:00:29] /i baiakzik legs
[19/10/2011 22:00:32] /i baiakzik shield
[19/10/2011 22:00:36] /i baiakzik helmet
[19/10/2011 22:00:48] /i boots of haste
[19/10/2011 22:02:46] /save
[20/10/2011 19:32:12] /goto [Baiak-Zik-ADM]
[20/10/2011 19:32:20] /ghost
[20/10/2011 19:35:37] /info novinha
[20/10/2011 19:41:50] /goto [Baiak-Zik-ADM]
[20/10/2011 19:43:51] /attr set attack 900
[20/10/2011 20:41:23] /a 2
[20/10/2011 20:43:14] /t
[20/10/2011 20:44:11] /a 20
[20/10/2011 20:44:11] /a 20
[20/10/2011 20:44:11] /a 20
[20/10/2011 20:44:11] /a 20
[20/10/2011 20:44:11] /a 20
[20/10/2011 20:44:11] /a 20
[20/10/2011 20:44:11] /a 20
[20/10/2011 20:44:11] /a 20
[20/10/2011 20:44:11] /a 20
[20/10/2011 20:44:11] /a 20
[20/10/2011 20:44:11] /a 20
[20/10/2011 20:44:12] /a 20
[20/10/2011 20:44:12] /a 20
[20/10/2011 20:44:12] /a 20
[20/10/2011 20:44:13] /a 20
[20/10/2011 20:44:14] /a 20
[20/10/2011 20:44:16] /a 10
[20/10/2011 20:44:45] /a 20
[20/10/2011 20:44:45] /a 20
[20/10/2011 20:44:46] /a 20
[20/10/2011 20:44:46] /a 20
[20/10/2011 20:44:46] /a 20
[20/10/2011 20:44:46] /a 20
[20/10/2011 20:44:48] /down
[20/10/2011 20:44:49] /a 20
[20/10/2011 20:44:49] /a 20
[20/10/2011 20:44:49] /a 20
[20/10/2011 20:44:49] /a 20
[20/10/2011 20:44:50] /a 20
[20/10/2011 20:44:50] /a 20
[20/10/2011 20:44:50] /a 20
[20/10/2011 20:44:51] /a 20
[20/10/2011 20:44:51] /a 20
[20/10/2011 20:44:51] /a 20
[20/10/2011 20:44:51] /a 20
[20/10/2011 20:44:52] /up
[20/10/2011 20:44:53] /a 20
[20/10/2011 20:44:53] /a 20
[20/10/2011 20:44:54] /t
[20/10/2011 20:44:55] /a 20
[20/10/2011 20:44:55] /a 20
[20/10/2011 20:44:55] /a 20
[20/10/2011 20:44:55] /a 20
[20/10/2011 20:44:55] /a 20
[20/10/2011 20:44:56] /a 20
[20/10/2011 20:44:56] /a 20
[20/10/2011 20:44:56] /a 20
[20/10/2011 20:44:56] /a 20
[20/10/2011 20:44:56] /a 20
[20/10/2011 20:44:56] /a 20
[20/10/2011 20:44:56] /a 20
[20/10/2011 20:44:56] /a 20
[20/10/2011 20:44:57] /a 20
[20/10/2011 20:44:57] /a 20
[20/10/2011 20:44:57] /a 20
[20/10/2011 20:44:57] /a 20
[20/10/2011 20:44:57] /a 20
[20/10/2011 20:44:57] /a 20
[20/10/2011 20:44:58] /a 20
[20/10/2011 20:44:58] /a 20
[20/10/2011 20:44:58] /a 20
[20/10/2011 20:44:58] /a 20
[20/10/2011 20:44:58] /a 20
[20/10/2011 20:44:58] /a 20
[20/10/2011 20:44:58] /a 20
[20/10/2011 20:44:58] /a 20
[20/10/2011 20:44:58] /a 20
[20/10/2011 20:44:58] /a 20
[20/10/2011 20:44:58] /a 20
[20/10/2011 20:44:58] /a 20
[20/10/2011 20:44:58] /a 20
[20/10/2011 20:44:58] /a 20
[20/10/2011 20:44:58] /a 20
[20/10/2011 20:44:59] /a 20
[20/10/2011 20:45:00] /a 20
[20/10/2011 20:45:01] /a 20
[20/10/2011 20:45:03] /a 20
[20/10/2011 20:45:05] /a 20
[20/10/2011 20:45:10] /a 20
[20/10/2011 20:45:11] /a 20
[20/10/2011 20:45:11] /a 20
[20/10/2011 20:45:12] /a 20
[20/10/2011 20:45:13] /a 20
[20/10/2011 20:45:15] /a 20
[20/10/2011 20:45:16] /a 20
[20/10/2011 20:45:19] /a 4
[20/10/2011 20:45:33] /a 20
[20/10/2011 20:45:34] /a 20
[20/10/2011 20:45:34] /a 20
[20/10/2011 20:45:34] /a 20
[20/10/2011 20:45:34] /a 20
[20/10/2011 20:45:34] /a 20
[20/10/2011 20:45:34] /a 20
[20/10/2011 20:45:34] /a 20
[20/10/2011 20:45:34] /a 20
[20/10/2011 20:45:34] /a 20
[20/10/2011 20:45:34] /a 20
[20/10/2011 20:45:34] /a 20
[20/10/2011 20:45:34] /a 20
[20/10/2011 20:45:34] /a 20
[20/10/2011 20:45:34] /a 20
[20/10/2011 20:45:34] /a 20
[20/10/2011 20:45:34] /a 20
[20/10/2011 20:45:35] /a 20
[20/10/2011 20:45:35] /a 20
[20/10/2011 20:45:35] /a 20
[20/10/2011 20:45:35] /a 20
[20/10/2011 20:45:35] /a 20
[20/10/2011 20:45:35] /a 20
[20/10/2011 20:45:35] /a 20
[20/10/2011 20:45:35] /a 20
[20/10/2011 20:45:35] /a 20
[20/10/2011 20:45:35] /a 20
[20/10/2011 20:45:35] /a 20
[20/10/2011 20:45:35] /a 20
[20/10/2011 20:45:35] /a 20
[20/10/2011 20:45:36] /a 20
[20/10/2011 20:45:36] /a 20
[20/10/2011 20:45:36] /a 20
[20/10/2011 20:45:36] /a 20
[20/10/2011 20:45:36] /a 20
[20/10/2011 20:45:36] /a 20
[20/10/2011 20:45:36] /a 20
[20/10/2011 20:45:37] /a 20
[20/10/2011 20:45:37] /a 20
[20/10/2011 20:45:37] /a 20
[20/10/2011 20:45:37] /a 20
[20/10/2011 20:45:37] /a 20
[20/10/2011 20:45:37] /a 20
[20/10/2011 20:45:37] /a 20
[20/10/2011 20:45:38] /a 20
[20/10/2011 20:45:38] /a 20
[20/10/2011 20:45:38] /a 20
[20/10/2011 20:45:38] /a 20
[20/10/2011 20:45:38] /a 20
[20/10/2011 20:45:38] /a 20
[20/10/2011 20:45:38] /a 20
[20/10/2011 20:45:38] /a 20
[20/10/2011 20:45:39] /a 20
[20/10/2011 20:45:39] /a 20
[20/10/2011 20:45:40] /a 20
[20/10/2011 20:45:40] /a 20
[20/10/2011 20:45:40] /a 20
[20/10/2011 20:45:41] /a 20
[20/10/2011 20:45:41] /a 20
[20/10/2011 20:45:41] /a 20
[20/10/2011 20:45:43] /a 20
[20/10/2011 20:45:43] /a 20
[20/10/2011 20:45:43] /a 20
[20/10/2011 20:45:43] /a 20
[20/10/2011 20:45:43] /a 20
[20/10/2011 20:45:43] /a 20
[20/10/2011 20:45:44] /a 20
[20/10/2011 20:45:44] /a 20
[20/10/2011 20:45:45] /a 20
[20/10/2011 20:45:45] /a 20
[20/10/2011 20:45:46] /a 20
[20/10/2011 20:45:46] /a 20
[20/10/2011 20:45:48] /a 20
[20/10/2011 20:45:49] /a 20
[20/10/2011 20:45:50] /a 20
[20/10/2011 20:45:51] /a 20
[20/10/2011 20:45:51] /a 20
[20/10/2011 20:45:52] /a 20
[20/10/2011 20:45:52] /a 20
[20/10/2011 20:45:53] /a 20
[20/10/2011 20:45:53] /a 20
[20/10/2011 20:45:54] /a 20
[20/10/2011 20:45:54] /a 20
[20/10/2011 20:45:54] /a 20
[20/10/2011 20:45:54] /a 20
[20/10/2011 20:45:54] /a 20
[20/10/2011 20:45:54] /a 20
[20/10/2011 20:45:55] /a 20
[20/10/2011 20:45:55] /a 20
[20/10/2011 20:45:55] /a 20
[20/10/2011 20:45:55] /a 20
[20/10/2011 20:45:56] /a 20
[20/10/2011 20:45:56] /a 20
[20/10/2011 20:45:56] /a 20
[20/10/2011 20:45:56] /a 20
[20/10/2011 20:45:56] /a 20
[20/10/2011 20:45:56] /a 20
[20/10/2011 20:45:57] /a 20
[20/10/2011 20:45:59] /a 20
[20/10/2011 20:45:59] /a 20
[20/10/2011 20:45:59] /a 20
[20/10/2011 20:45:59] /a 20
[20/10/2011 20:46:00] /a 20
[20/10/2011 20:46:00] /a 20
[20/10/2011 20:46:00] /a 20
[20/10/2011 20:46:01] /a 20
[20/10/2011 20:46:01] /a 20
[20/10/2011 20:46:02] /a 20
[20/10/2011 20:46:02] /a 20
[20/10/2011 20:46:02] /a 20
[20/10/2011 20:46:02] /a 20
[20/10/2011 20:46:03] /a 20
[20/10/2011 20:46:03] /a 20
[20/10/2011 20:46:03] /a 20
[20/10/2011 20:46:03] /a 20
[20/10/2011 20:46:03] /a 20
[20/10/2011 20:46:05] /up
[20/10/2011 20:46:06] /a 20
[20/10/2011 20:46:08] /up
[20/10/2011 20:46:08] /a 20
[20/10/2011 20:46:09] /a 20
[20/10/2011 20:46:09] /a 20
[20/10/2011 20:46:10] /a 20
[20/10/2011 20:46:10] /a 20
[20/10/2011 20:46:10] /a 20
[20/10/2011 20:46:11] /a 20
[20/10/2011 20:46:11] /a 20
[20/10/2011 20:46:11] /a 20
[20/10/2011 20:46:12] /a 20
[20/10/2011 20:46:12] /a 20
[20/10/2011 20:46:16] /a 20
[20/10/2011 20:46:16] /a 20
[20/10/2011 20:46:16] /a 20
[20/10/2011 20:46:17] /a 20
[20/10/2011 20:46:17] /a 20
[20/10/2011 20:46:18] /a 20
[20/10/2011 20:46:18] /a 20
[20/10/2011 20:46:20] /t
[20/10/2011 20:46:27] /a 2
[20/10/2011 20:46:29] /a 20
[20/10/2011 20:46:29] /a 20
[20/10/2011 20:46:30] /a 20
[20/10/2011 20:46:30] /a 20
[20/10/2011 20:46:31] /a 20
[20/10/2011 20:46:32] /a 20
[20/10/2011 20:46:32] /a 20
[20/10/2011 20:46:32] /a 20
[20/10/2011 20:46:33] /a 20
[20/10/2011 20:46:38] /a 10
[20/10/2011 20:46:38] /a 10
[20/10/2011 20:46:38] /a 10
[20/10/2011 20:46:39] /a 10
[20/10/2011 20:46:39] /a 10
[20/10/2011 20:46:41] /a 10
[20/10/2011 20:46:41] /a 10
[20/10/2011 20:46:41] /a 10
[20/10/2011 20:46:42] /a 10
[20/10/2011 20:46:42] /a 10
[20/10/2011 20:46:42] /a 10
[20/10/2011 20:46:42] /a 10
[20/10/2011 20:46:43] /a 10
[20/10/2011 20:46:44] /a 10
[20/10/2011 20:46:44] /a 10
[20/10/2011 20:46:45] /a 10
[20/10/2011 20:46:45] /a 10
[20/10/2011 20:46:46] /a 10
[20/10/2011 20:46:46] /a 10
[20/10/2011 20:46:47] /a 10
[20/10/2011 20:47:18] /a 10
[20/10/2011 20:47:18] /a 10
[20/10/2011 20:47:18] /a 10
[20/10/2011 20:47:18] /a 10
[20/10/2011 20:47:18] /a 10
[20/10/2011 20:47:20] /a 10
[20/10/2011 20:47:20] /a 10
[20/10/2011 20:47:20] /a 10
[20/10/2011 20:47:20] /a 10
[20/10/2011 20:47:20] /a 10
[20/10/2011 20:47:21] /a 10
[20/10/2011 20:47:24] /a 10
[20/10/2011 20:47:34] /a 10
[20/10/2011 20:47:34] /a 10
[20/10/2011 20:47:36] /a 10
[20/10/2011 20:47:36] /a 10
[20/10/2011 20:47:36] /a 10
[20/10/2011 20:47:37] /a 10
[20/10/2011 20:47:37] /a 10
[20/10/2011 20:47:38] /a 10
[20/10/2011 20:47:38] /a 10
[20/10/2011 20:47:38] /a 10
[20/10/2011 20:47:39] /a 10
[20/10/2011 20:47:40] /a 10
[20/10/2011 20:47:40] /a 10
[20/10/2011 20:47:41] /a 10
[20/10/2011 20:47:41] /a 10
[20/10/2011 20:47:42] /a 10
[20/10/2011 20:47:42] /a 10
[20/10/2011 20:47:43] /a 10
[20/10/2011 20:47:43] /a 10
[20/10/2011 20:47:43] /a 10
[20/10/2011 20:47:44] /a 10
[20/10/2011 20:47:44] /a 10
[20/10/2011 20:47:45] /a 10
[20/10/2011 20:47:45] /a 10
[20/10/2011 20:47:45] /a 10
[20/10/2011 20:47:46] /a 10
[20/10/2011 20:47:46] /a 10
[20/10/2011 20:47:46] /a 10
[20/10/2011 20:47:47] /a 10
[20/10/2011 20:47:47] /a 10
[20/10/2011 20:47:47] /a 10
[20/10/2011 20:47:47] /a 10
[20/10/2011 20:47:48] /a 10
[20/10/2011 20:47:48] /a 10
[20/10/2011 20:47:49] /a 10
[20/10/2011 20:47:49] /a 10
[20/10/2011 20:47:49] /a 10
[20/10/2011 20:47:49] /a 10
[20/10/2011 20:47:50] /a 10
[20/10/2011 20:47:50] /a 10
[20/10/2011 20:47:50] /a 10
[20/10/2011 20:47:51] /a 10
[20/10/2011 20:47:51] /a 10
[20/10/2011 20:47:51] /a 10
[20/10/2011 20:47:52] /a 10
[20/10/2011 20:47:52] /a 10
[20/10/2011 20:47:55] /a 10
[20/10/2011 20:47:55] /a 10
[20/10/2011 20:47:55] /a 10
[20/10/2011 20:47:55] /a 10
[20/10/2011 20:47:55] /a 10
[20/10/2011 20:47:55] /a 10
[20/10/2011 20:47:55] /a 10
[20/10/2011 20:47:55] /a 10
[20/10/2011 20:47:56] /a 10
[20/10/2011 20:47:56] /a 10
[20/10/2011 20:47:57] /a 10
[20/10/2011 20:47:57] /a 10
[20/10/2011 20:47:58] /a 10
[20/10/2011 20:47:58] /a 10
[20/10/2011 20:47:59] /a 10
[20/10/2011 20:47:59] /a 10
[20/10/2011 20:47:59] /a 10
[20/10/2011 20:48:00] /a 10
[20/10/2011 20:48:00] /a 10
[20/10/2011 20:48:00] /a 10
[20/10/2011 20:48:01] /a 10
[20/10/2011 20:48:01] /a 10
[20/10/2011 20:48:01] /a 10
[20/10/2011 20:48:02] /a 10
[20/10/2011 20:48:04] /a 10
[20/10/2011 20:48:04] /a 10
[20/10/2011 20:48:04] /a 10
[20/10/2011 20:48:05] /a 10
[20/10/2011 20:48:06] /a 10
[20/10/2011 20:48:07] /a 10
[20/10/2011 20:48:08] /a 10
[20/10/2011 20:48:08] /a 10
[20/10/2011 20:48:09] /a 10
[20/10/2011 20:48:10] /a 10
[20/10/2011 20:48:10] /a 10
[20/10/2011 20:48:10] /a 10
[20/10/2011 20:48:11] /a 10
[20/10/2011 20:48:11] /a 10
[20/10/2011 20:48:11] /a 10
[20/10/2011 20:48:12] /a 10
[20/10/2011 20:48:12] /a 10
[20/10/2011 20:48:12] /a 10
[20/10/2011 20:48:12] /a 10
[20/10/2011 20:48:13] /a 10
[20/10/2011 20:48:13] /a 10
[20/10/2011 20:48:14] /a 10
[20/10/2011 20:48:14] /a 10
[20/10/2011 20:48:14] /a 10
[20/10/2011 20:48:15] /a 10
[20/10/2011 20:48:15] /a 10
[20/10/2011 20:48:15] /a 10
[20/10/2011 20:48:16] /a 10
[20/10/2011 20:48:16] /a 10
[20/10/2011 20:48:16] /a 10
[20/10/2011 20:48:17] /a 10
[20/10/2011 20:48:17] /a 10
[20/10/2011 20:48:17] /a 10
[20/10/2011 20:48:17] /a 10
[20/10/2011 20:48:18] /a 10
[20/10/2011 20:48:18] /a 10
[20/10/2011 20:48:19] /a 10
[20/10/2011 20:48:19] /a 10
[20/10/2011 20:48:19] /a 10
[20/10/2011 20:48:19] /a 10
[20/10/2011 20:48:20] /a 10
[20/10/2011 20:48:20] /a 10
[20/10/2011 20:48:20] /a 10
[20/10/2011 20:48:20] /a 10
[20/10/2011 20:48:20] /a 10
[20/10/2011 20:48:20] /a 10
[20/10/2011 20:48:20] /a 10
[20/10/2011 20:48:20] /a 10
[20/10/2011 20:48:20] /a 10
[20/10/2011 20:48:20] /a 10
[20/10/2011 20:48:20] /a 10
[20/10/2011 20:48:20] /a 10
[20/10/2011 20:48:20] /a 10
[20/10/2011 20:48:20] /a 10
[20/10/2011 20:48:20] /a 10
[20/10/2011 20:48:20] /a 10
[20/10/2011 20:48:20] /a 10
[20/10/2011 20:48:20] /a 10
[20/10/2011 20:48:20] /a 10
[20/10/2011 20:48:21] /a 10
[20/10/2011 20:48:21] /a 10
[20/10/2011 20:48:21] /a 10
[20/10/2011 20:48:21] /a 10
[20/10/2011 20:48:22] /a 10
[20/10/2011 20:48:22] /a 10
[20/10/2011 20:48:22] /a 10
[20/10/2011 20:48:23] /a 10
[20/10/2011 20:48:23] /a 10
[20/10/2011 20:48:23] /a 10
[20/10/2011 20:48:23] /a 10
[20/10/2011 20:48:23] /a 10
[20/10/2011 20:48:23] /a 10
[20/10/2011 20:48:24] /a 10
[20/10/2011 20:48:24] /a 10
[20/10/2011 20:48:24] /a 10
[20/10/2011 20:48:25] /a 10
[20/10/2011 20:48:25] /a 10
[20/10/2011 20:48:25] /a 10
[20/10/2011 20:48:26] /a 10
[20/10/2011 20:48:26] /a 10
[20/10/2011 20:48:26] /a 10
[20/10/2011 20:48:26] /a 10
[20/10/2011 20:48:26] /a 10
[20/10/2011 20:48:26] /a 10
[20/10/2011 20:48:26] /a 10
[20/10/2011 20:48:26] /a 10
[20/10/2011 20:48:26] /a 10
[20/10/2011 20:48:26] /a 10
[20/10/2011 20:48:27] /a 10
[20/10/2011 20:48:27] /a 10
[20/10/2011 20:48:27] /a 10
[20/10/2011 20:48:27] /a 10
[20/10/2011 20:48:27] /a 10
[20/10/2011 20:48:27] /a 10
[20/10/2011 20:48:27] /a 10
[20/10/2011 20:48:27] /a 10
[20/10/2011 20:48:27] /a 10
[20/10/2011 20:48:27] /a 10
[20/10/2011 20:48:27] /a 10
[20/10/2011 20:48:27] /a 10
[20/10/2011 20:48:27] /a 10
[20/10/2011 20:48:27] /a 10
[20/10/2011 20:48:27] /a 10
[20/10/2011 20:48:28] /a 10
[20/10/2011 20:48:28] /a 10
[20/10/2011 20:48:28] /a 10
[20/10/2011 20:48:28] /a 10
[20/10/2011 20:48:28] /a 10
[20/10/2011 20:48:28] /a 10
[20/10/2011 20:48:28] /a 10
[20/10/2011 20:48:28] /a 10
[20/10/2011 20:48:29] /a 10
[20/10/2011 20:48:29] /a 10
[20/10/2011 20:48:29] /a 10
[20/10/2011 20:48:29] /a 10
[20/10/2011 20:48:29] /a 10
[20/10/2011 20:48:29] /a 10
[20/10/2011 20:48:29] /a 10
[20/10/2011 20:48:29] /a 10
[20/10/2011 20:48:29] /a 10
[20/10/2011 20:48:29] /a 10
[20/10/2011 20:48:30] /a 10
[20/10/2011 20:48:30] /a 10
[20/10/2011 20:48:30] /a 10
[20/10/2011 20:48:30] /a 10
[20/10/2011 20:48:30] /a 10
[20/10/2011 20:48:30] /a 10
[20/10/2011 20:48:30] /a 10
[20/10/2011 20:48:30] /a 10
[20/10/2011 20:48:30] /a 10
[20/10/2011 20:48:31] /a 10
[20/10/2011 20:48:31] /a 10
[20/10/2011 20:48:31] /a 10
[20/10/2011 20:48:31] /a 10
[20/10/2011 20:48:32] /a 10
[20/10/2011 20:48:32] /a 10
[20/10/2011 20:48:32] /a 10
[20/10/2011 20:48:32] /a 10
[20/10/2011 20:48:33] /a 10
[20/10/2011 20:48:33] /a 10
[20/10/2011 20:48:33] /a 10
[20/10/2011 20:48:34] /a 10
[20/10/2011 20:48:34] /a 10
[20/10/2011 20:48:34] /a 10
[20/10/2011 20:48:35] /a 10
[20/10/2011 20:48:35] /a 10
[20/10/2011 20:48:35] /a 10
[20/10/2011 20:48:36] /a 10
[20/10/2011 20:48:36] /a 10
[20/10/2011 20:48:37] /a 10
[20/10/2011 20:48:37] /a 10
[20/10/2011 20:48:37] /a 10
[20/10/2011 20:48:37] /a 10
[20/10/2011 20:48:38] /a 10
[20/10/2011 20:48:38] /a 10
[20/10/2011 20:48:39] /a 10
[20/10/2011 20:48:39] /a 10
[20/10/2011 20:48:39] /a 10
[20/10/2011 20:48:40] /a 10
[20/10/2011 20:48:40] /a 10
[20/10/2011 20:48:40] /a 10
[20/10/2011 20:48:40] /a 10
[20/10/2011 20:48:40] /a 10
[20/10/2011 20:48:40] /a 10
[20/10/2011 20:48:40] /a 10
[20/10/2011 20:48:40] /a 10
[20/10/2011 20:48:40] /a 10
[20/10/2011 20:48:40] /a 10
[20/10/2011 20:48:40] /a 10
[20/10/2011 20:48:40] /a 10
[20/10/2011 20:48:40] /a 10
[20/10/2011 20:48:40] /a 10
[20/10/2011 20:48:40] /a 10
[20/10/2011 20:48:40] /a 10
[20/10/2011 20:48:41] /a 10
[20/10/2011 20:48:41] /a 10
[20/10/2011 20:48:41] /a 10
[20/10/2011 20:48:41] /a 10
[20/10/2011 20:48:42] /a 10
[20/10/2011 20:48:42] /a 10
[20/10/2011 20:48:42] /a 10
[20/10/2011 20:48:43] /a 10
[20/10/2011 20:48:43] /a 10
[20/10/2011 20:48:43] /a 10
[20/10/2011 20:48:43] /a 10
[20/10/2011 20:48:43] /a 10
[20/10/2011 20:48:43] /a 10
[20/10/2011 20:48:44] /a 10
[20/10/2011 20:48:44] /a 10
[20/10/2011 20:48:44] /a 10
[20/10/2011 20:48:45] /a 10
[20/10/2011 20:48:45] /a 10
[20/10/2011 20:48:45] /a 10
[20/10/2011 20:48:46] /a 10
[20/10/2011 20:48:46] /a 10
[20/10/2011 20:48:47] /a 10
[20/10/2011 20:48:47] /a 10
[20/10/2011 20:48:47] /a 10
[20/10/2011 20:48:47] /a 10
[20/10/2011 20:48:48] /a 10
[20/10/2011 20:48:48] /a 10
[20/10/2011 20:48:48] /a 10
[20/10/2011 20:48:49] /a 10
[20/10/2011 20:48:50] /a 10
[20/10/2011 20:48:50] /a 10
[20/10/2011 20:48:50] /a 10
[20/10/2011 20:48:50] /a 10
[20/10/2011 20:48:51] /a 10
[20/10/2011 20:48:51] /a 10
[20/10/2011 20:48:53] /a 10
[20/10/2011 20:48:56] /a 
[20/10/2011 20:48:57] /a 
[20/10/2011 20:49:07] /a 10
[20/10/2011 20:49:08] /a 10
[20/10/2011 20:49:08] /a 10
[20/10/2011 20:49:08] /a 10
[20/10/2011 20:49:08] /a 10
[20/10/2011 20:49:08] /a 10
[20/10/2011 20:49:09] /a 10
[20/10/2011 20:49:09] /a 10
[20/10/2011 20:49:09] /a 10
[20/10/2011 20:49:10] /a 10
[20/10/2011 20:49:11] /a 10
[20/10/2011 20:49:11] /a 10
[20/10/2011 20:49:11] /a 10
[20/10/2011 20:49:12] /a 10
[20/10/2011 20:49:12] /a 10
[20/10/2011 20:49:12] /a 10
[20/10/2011 20:49:13] /a 10
[20/10/2011 20:49:13] /a 10
[20/10/2011 20:49:14] /a 10
[20/10/2011 20:49:14] /a 10
[20/10/2011 20:49:14] /a 10
[20/10/2011 20:49:17] /a 10
[20/10/2011 20:49:18] /a 10
[20/10/2011 20:49:18] /a 10
[20/10/2011 20:49:18] /a 10
[20/10/2011 20:49:18] /a 10
[20/10/2011 20:49:19] /a 10
[20/10/2011 20:49:19] /a 10
[20/10/2011 20:49:19] /a 10
[20/10/2011 20:49:20] /a 10
[20/10/2011 20:49:20] /a 10
[20/10/2011 20:49:20] /a 10
[20/10/2011 20:49:20] /a 10
[20/10/2011 20:49:21] /a 10
[20/10/2011 20:49:21] /a 10
[20/10/2011 20:49:21] /a 10
[20/10/2011 20:49:21] /a 10
[20/10/2011 20:49:22] /a 10
[20/10/2011 20:49:22] /a 10
[20/10/2011 20:49:23] /a 10
[20/10/2011 20:49:23] /a 10
[20/10/2011 20:49:23] /a 10
[20/10/2011 20:49:25] /a 10
[20/10/2011 20:49:26] /a 10
[20/10/2011 20:49:26] /a 10
[20/10/2011 20:49:26] /a 10
[20/10/2011 20:49:26] /a 10
[20/10/2011 20:49:26] /a 10
[20/10/2011 20:49:26] /a 10
[20/10/2011 20:49:26] /a 10
[20/10/2011 20:49:26] /a 10
[20/10/2011 20:49:26] /a 10
[20/10/2011 20:49:27] /a 10
[20/10/2011 20:49:27] /a 10
[20/10/2011 20:49:27] /a 10
[20/10/2011 20:49:28] /a 10
[20/10/2011 20:49:28] /a 10
[20/10/2011 20:49:28] /a 10
[20/10/2011 20:49:28] /a 10
[20/10/2011 20:49:28] /a 10
[20/10/2011 20:49:28] /a 10
[20/10/2011 20:49:29] /a 10
[20/10/2011 20:49:29] /a 10
[20/10/2011 20:49:29] /a 10
[20/10/2011 20:49:29] /a 10
[20/10/2011 20:49:29] /a 10
[20/10/2011 20:49:29] /a 10
[20/10/2011 20:49:29] /a 10
[20/10/2011 20:49:29] /a 10
[20/10/2011 20:49:29] /a 10
[20/10/2011 20:49:29] /a 10
[20/10/2011 20:49:29] /a 10
[20/10/2011 20:49:29] /a 10
[20/10/2011 20:49:29] /a 10
[20/10/2011 20:49:29] /a 10
[20/10/2011 20:49:29] /a 10
[20/10/2011 20:49:29] /a 10
[20/10/2011 20:49:29] /a 10
[20/10/2011 20:49:29] /a 10
[20/10/2011 20:49:29] /a 10
[20/10/2011 20:49:29] /a 10
[20/10/2011 20:49:29] /a 10
[20/10/2011 20:49:29] /a 10
[20/10/2011 20:49:29] /a 10
[20/10/2011 20:49:29] /a 10
[20/10/2011 20:49:30] /a 10
[20/10/2011 20:49:30] /a 10
[20/10/2011 20:49:32] /a 10
[20/10/2011 20:49:33] /a 10
[20/10/2011 20:49:33] /a 10
[20/10/2011 20:49:34] /a 10
[20/10/2011 20:49:34] /a 10
[20/10/2011 20:49:35] /a 10
[20/10/2011 20:49:35] /a 10
[20/10/2011 20:49:35] /a 10
[20/10/2011 20:49:36] /a 10
[20/10/2011 20:49:37] /a 10
[20/10/2011 20:49:37] /a 10
[20/10/2011 20:49:37] /a 10
[20/10/2011 20:49:38] /a 10
[20/10/2011 20:49:38] /a 10
[20/10/2011 20:49:38] /a 10
[20/10/2011 20:49:39] /a 10
[20/10/2011 20:49:39] /a 10
[20/10/2011 20:49:40] /a 10
[20/10/2011 20:49:40] /a 10
[20/10/2011 20:49:40] /a 10
[20/10/2011 20:49:41] /a 10
[20/10/2011 20:49:41] /a 10
[20/10/2011 20:49:41] /a 10
[20/10/2011 20:49:41] /a 10
[20/10/2011 20:49:41] /a 10
[20/10/2011 20:49:41] /a 10
[20/10/2011 20:49:41] /a 10
[20/10/2011 20:49:41] /a 10
[20/10/2011 20:49:41] /a 10
[20/10/2011 20:49:41] /a 10
[20/10/2011 20:49:42] /a 10
[20/10/2011 20:49:42] /a 10
[20/10/2011 20:49:42] /a 10
[20/10/2011 20:49:42] /a 10
[20/10/2011 20:49:42] /a 10
[20/10/2011 20:49:42] /a 10
[20/10/2011 20:49:42] /a 10
[20/10/2011 20:49:42] /a 10
[20/10/2011 20:49:42] /a 10
[20/10/2011 20:49:42] /a 10
[20/10/2011 20:49:42] /a 10
[20/10/2011 20:49:42] /a 10
[20/10/2011 20:49:42] /a 10
[20/10/2011 20:49:42] /a 10
[20/10/2011 20:49:42] /a 10
[20/10/2011 20:49:43] /a 10
[20/10/2011 20:49:47] /a 10
[20/10/2011 20:49:47] /a 10
[20/10/2011 20:49:47] /a 10
[20/10/2011 20:49:47] /a 10
[20/10/2011 20:49:47] /a 10
[20/10/2011 20:50:10] /t
[20/10/2011 20:50:14] /a 10
[20/10/2011 20:50:14] /a 10
[20/10/2011 20:50:14] /a 10
[20/10/2011 20:50:14] /a 10
[20/10/2011 20:50:15] /a 10
[20/10/2011 20:50:15] /a 10
[20/10/2011 20:50:15] /a 10
[20/10/2011 20:50:15] /a 10
[20/10/2011 20:50:15] /a 10
[20/10/2011 20:50:15] /a 10
[20/10/2011 20:50:15] /a 10
[20/10/2011 20:50:15] /a 10
[20/10/2011 20:50:15] /a 10
[20/10/2011 20:50:15] /a 10
[20/10/2011 20:50:15] /a 10
[20/10/2011 20:50:16] /a 10
[20/10/2011 20:50:16] /a 10
[20/10/2011 20:50:17] /a 10
[20/10/2011 20:50:19] /a 10
[20/10/2011 20:50:20] /a 10
[20/10/2011 20:50:20] /a 10
[20/10/2011 20:50:20] /a 10
[20/10/2011 20:50:20] /a 10
[20/10/2011 20:50:21] /a 10
[20/10/2011 20:50:21] /a 10
[20/10/2011 20:50:21] /a 10
[20/10/2011 20:50:21] /a 10
[20/10/2011 20:50:21] /a 10
[20/10/2011 20:50:21] /a 10
[20/10/2011 20:50:21] /a 10
[20/10/2011 20:50:22] /a 10
[20/10/2011 20:50:22] /a 10
[20/10/2011 20:50:22] /a 10
[20/10/2011 20:50:22] /a 10
[20/10/2011 20:50:23] /a 10
[20/10/2011 20:50:23] /a 10
[20/10/2011 20:50:23] /a 10
[20/10/2011 20:50:23] /a 10
[20/10/2011 20:50:23] /a 10
[20/10/2011 20:50:23] /a 10
[20/10/2011 20:50:23] /a 10
[20/10/2011 20:50:23] /a 10
[20/10/2011 20:50:23] /a 10
[20/10/2011 20:50:23] /a 10
[20/10/2011 20:50:23] /a 10
[20/10/2011 20:50:23] /a 10
[20/10/2011 20:50:23] /a 10
[20/10/2011 20:50:23] /a 10
[20/10/2011 20:50:23] /a 10
[20/10/2011 20:50:23] /a 10
[20/10/2011 20:50:23] /a 10
[20/10/2011 20:50:23] /a 10
[20/10/2011 20:50:24] /a 10
[20/10/2011 20:50:24] /a 10
[20/10/2011 20:50:24] /a 10
[20/10/2011 20:50:24] /a 10
[20/10/2011 20:50:24] /a 10
[20/10/2011 20:50:24] /a 10
[20/10/2011 20:50:24] /a 10
[20/10/2011 20:50:25] /a 10
[20/10/2011 20:50:26] /a 10
[20/10/2011 20:50:38] /goto [Baiak-Zik-ADM]
