[30/04/2012 01:10:08] /a
[30/04/2012 01:10:19] /cliport
[30/04/2012 01:13:06] /owner [ADM]~$~
[30/04/2012 01:14:08] /r
[30/04/2012 01:14:09] /r
[30/04/2012 01:14:11] /r
[30/04/2012 01:14:12] /r
[30/04/2012 01:14:14] /r
[30/04/2012 01:14:15] /r
[30/04/2012 01:15:50] /a
[30/04/2012 01:16:03] /a
[30/04/2012 01:16:04] /a
[30/04/2012 01:16:04] /a
[30/04/2012 01:16:16] /a
[30/04/2012 01:16:18] /a
[30/04/2012 01:17:01] /a
[30/04/2012 01:17:02] /a
[30/04/2012 01:17:02] /a
[30/04/2012 01:17:02] /a
[30/04/2012 01:17:02] /a
[30/04/2012 01:17:02] /a
[30/04/2012 01:17:02] /a
[30/04/2012 01:17:02] /a
[30/04/2012 01:17:02] /a
[30/04/2012 01:17:03] /a
[30/04/2012 01:17:03] /a
[30/04/2012 01:17:03] /a
[30/04/2012 01:17:03] /a
[30/04/2012 01:17:03] /a
[30/04/2012 01:17:03] /a
[30/04/2012 01:17:03] /a
[30/04/2012 01:17:03] /a
[30/04/2012 01:17:03] /a
[30/04/2012 01:17:03] /a
[30/04/2012 01:17:03] /a
[30/04/2012 01:17:03] /a
[30/04/2012 01:17:03] /a
[30/04/2012 01:17:03] /a
[30/04/2012 01:17:03] /a
[30/04/2012 01:17:04] /a
[30/04/2012 01:17:04] /a
[30/04/2012 01:17:04] /a
[30/04/2012 01:17:04] /a
[30/04/2012 01:17:04] /a
[30/04/2012 01:17:04] /a
[30/04/2012 01:17:04] /a
[30/04/2012 01:17:04] /a
[30/04/2012 01:17:04] /a
[30/04/2012 01:17:04] /a
[30/04/2012 01:17:04] /a
[30/04/2012 01:17:04] /a
[30/04/2012 01:17:04] /a
[30/04/2012 01:17:04] /a
[30/04/2012 01:17:04] /a
[30/04/2012 01:17:04] /a
[30/04/2012 01:17:05] /a
[30/04/2012 01:17:05] /a
[30/04/2012 01:17:05] /a
[30/04/2012 01:17:05] /a
[30/04/2012 01:17:05] /a
[30/04/2012 01:17:05] /a
[30/04/2012 01:17:05] /a
[30/04/2012 01:17:05] /a
[30/04/2012 01:17:20] /a
[30/04/2012 01:17:20] /a
[30/04/2012 01:17:20] /a
[30/04/2012 01:17:20] /a
[30/04/2012 01:17:20] /a
[30/04/2012 01:17:21] /a
[30/04/2012 01:17:21] /a
[30/04/2012 01:17:21] /a
[30/04/2012 01:17:21] /a
[30/04/2012 01:17:21] /a
[30/04/2012 01:17:21] /a
[30/04/2012 01:17:21] /a
[30/04/2012 01:17:21] /a
[30/04/2012 01:17:21] /a
[30/04/2012 01:17:21] /a
[30/04/2012 01:17:21] /a
[30/04/2012 01:17:22] /a
[30/04/2012 01:17:22] /a
[30/04/2012 01:17:22] /a
[30/04/2012 01:17:22] /a
[30/04/2012 01:17:22] /a
[30/04/2012 01:17:22] /a
[30/04/2012 01:17:22] /a
[30/04/2012 01:17:22] /a
[30/04/2012 01:17:22] /a
[30/04/2012 01:17:22] /a
[30/04/2012 01:17:22] /a
[30/04/2012 01:17:22] /a
[30/04/2012 01:17:22] /a
[30/04/2012 01:17:22] /a
[30/04/2012 01:17:23] /a
[30/04/2012 01:17:23] /a
[30/04/2012 01:17:23] /a
[30/04/2012 01:17:23] /a
[30/04/2012 01:17:23] /a
[30/04/2012 01:17:23] /a
[30/04/2012 01:17:23] /a
[30/04/2012 01:17:23] /a
[30/04/2012 01:17:25] /a
[30/04/2012 01:17:25] /a
[30/04/2012 01:17:26] /a
[30/04/2012 01:17:26] /a
[30/04/2012 01:17:27] /a
[30/04/2012 01:17:27] /a
[30/04/2012 01:17:28] /a
[30/04/2012 01:18:20] /i 8851
[30/04/2012 01:19:00] /addskill [ADM]~$~ , experience , 1500
[30/04/2012 01:21:35] /reload weapons
[30/04/2012 01:22:45] /addskill Raell , experience , 1500
[30/04/2012 01:36:44] /save
[30/04/2012 03:09:19] /reload globalevents
[30/04/2012 03:21:32] /i 7735
[30/04/2012 03:24:38] /reload weapons
[30/04/2012 03:26:42] /i 7735
[30/04/2012 03:31:09] /reload weapons
[30/04/2012 14:11:28] /attr vocation 2
[30/04/2012 14:12:32] /addskill Raell , experience , 1500
[30/04/2012 14:24:40] /i immortal mages robe
[30/04/2012 14:25:32] /i 4756
[30/04/2012 14:29:50] /i immortal mages legs
[30/04/2012 14:30:04] /i immortal mage legs
[30/04/2012 14:32:39] /i 2111
[30/04/2012 14:33:34] /i reload weapons
[30/04/2012 14:33:42] /reload weapons
[30/04/2012 18:50:26] /i staff of baiak
[30/04/2012 18:50:47] /i wand of baiak
[30/04/2012 18:52:41] /ghost
[30/04/2012 18:52:52] /clean
[30/04/2012 18:59:28] /save
[30/04/2012 19:35:24] /a
[30/04/2012 19:35:36] /a
[30/04/2012 19:35:44] /a
[30/04/2012 19:35:55] /a
[30/04/2012 19:35:55] /a
[30/04/2012 19:35:56] /a
[30/04/2012 19:35:56] /a
[30/04/2012 19:35:56] /a
[30/04/2012 19:35:56] /a
[30/04/2012 19:35:56] /a
[30/04/2012 19:35:56] /a
[30/04/2012 19:35:56] /a
[30/04/2012 19:35:56] /a
[30/04/2012 19:35:56] /a
[30/04/2012 19:35:56] /a
[30/04/2012 19:35:56] /a
[30/04/2012 19:35:56] /a
[30/04/2012 19:35:57] /a
[30/04/2012 19:35:57] /a
[30/04/2012 19:35:57] /a
[30/04/2012 19:35:57] /a
[30/04/2012 19:35:57] /a
[30/04/2012 19:35:57] /a
[30/04/2012 19:35:57] /a
[30/04/2012 19:35:57] /a
[30/04/2012 19:35:57] /a
[30/04/2012 19:35:57] /a
[30/04/2012 19:35:57] /a
[30/04/2012 19:35:58] /a
[30/04/2012 19:35:58] /a
[30/04/2012 19:35:58] /a
[30/04/2012 19:35:58] /a
[30/04/2012 19:35:58] /a
[30/04/2012 19:35:58] /a
[30/04/2012 19:35:58] /a
[30/04/2012 19:35:58] /a
[30/04/2012 19:35:58] /a
[30/04/2012 19:35:58] /a
[30/04/2012 19:35:59] /a
[30/04/2012 19:35:59] /a
[30/04/2012 19:35:59] /a
[30/04/2012 19:35:59] /a
[30/04/2012 19:35:59] /a
[30/04/2012 19:35:59] /a
[30/04/2012 19:35:59] /a
[30/04/2012 19:35:59] /a
[30/04/2012 19:36:01] /a
[30/04/2012 19:36:01] /a
[30/04/2012 19:36:02] /a
[30/04/2012 19:36:03] /a
[30/04/2012 19:36:03] /a
[30/04/2012 19:36:03] /a
[30/04/2012 19:36:04] /a
[30/04/2012 19:36:04] /a
[30/04/2012 19:36:04] /a
[30/04/2012 19:36:04] /a
[30/04/2012 19:36:05] /a
[30/04/2012 19:36:05] /a
[30/04/2012 19:36:05] /a
[30/04/2012 19:36:08] /a
[30/04/2012 19:36:08] /a
[30/04/2012 20:19:53] /b lol
[30/04/2012 20:20:36] /a
[01/05/2012 00:01:07] /a
[01/05/2012 00:01:09] /a
[01/05/2012 00:01:10] /a
[01/05/2012 00:01:11] /a
[01/05/2012 00:02:19] /up
[01/05/2012 00:02:31] /a
[01/05/2012 00:03:06] /a
[01/05/2012 00:03:07] /a
[01/05/2012 00:03:07] /a
[01/05/2012 00:03:08] /a
[01/05/2012 00:03:08] /a
[01/05/2012 00:03:09] /a
[01/05/2012 00:03:31] /t
[01/05/2012 00:04:01] /i immortal mages legs
[01/05/2012 00:04:19] /i 7894
[01/05/2012 00:04:27] /i 8886
[01/05/2012 00:04:33] /i 7461
[01/05/2012 00:04:39] /i 9932
[01/05/2012 00:04:56] /i 2517
[01/05/2012 00:05:03] /i 6536
[01/05/2012 01:33:06] /i 7903
[01/05/2012 01:33:14] /i 7884
[01/05/2012 01:33:21] /i 7885
[01/05/2012 01:33:26] /i 9932
[01/05/2012 01:33:42] /i 8909
[01/05/2012 01:33:58] /i 2196
[01/05/2012 01:40:36] /clean
[01/05/2012 01:40:46] /i yalarari legs
[01/05/2012 01:45:22] /m bazir
[01/05/2012 01:45:24] /m bazir
[01/05/2012 01:45:25] /m bazir
[01/05/2012 01:45:25] /m bazir
[01/05/2012 01:45:26] /m bazir
[01/05/2012 01:45:26] /m bazir
[01/05/2012 01:45:31] /a
[01/05/2012 01:45:33] /a
[01/05/2012 01:45:34] /a
[01/05/2012 01:45:36] /m bazir
[01/05/2012 01:45:37] /m bazir
[01/05/2012 01:45:38] /m bazir
[01/05/2012 01:45:38] /m bazir
[01/05/2012 01:45:39] /m bazir
[01/05/2012 01:45:41] /m bazir
[01/05/2012 01:59:08] /clean
[01/05/2012 01:59:29] /addskill Raell Zika , experience , 1500
[01/05/2012 02:00:06] /i 7903
[01/05/2012 02:00:18] /i 7884
[01/05/2012 02:00:23] /i 7885
[01/05/2012 02:00:32] /i 2196
[01/05/2012 02:00:44] /i 8905
[01/05/2012 02:01:12] /i 8905
[01/05/2012 02:02:28] /i immortal mages spellbook of destruction
[01/05/2012 02:06:19] /mode 1
[01/05/2012 02:06:23] /mode 2
[12/10/2012 19:48:10] /attr group 6
[12/10/2012 19:48:11] /r
[12/10/2012 19:48:50] /t
[12/10/2012 19:49:01] /ghost
[12/10/2012 19:49:05] /ghost
[12/10/2012 19:49:16] /attr group 3
[12/10/2012 19:49:17] /r
[12/10/2012 19:49:55] /bc green vai da um pouco de ag
[12/10/2012 19:49:59] /bc green lag
