[27/03/2014 17:40:26] /ghost
[28/03/2014 01:17:30] /goto Dark Priest
[28/03/2014 01:18:45] /goto Dark Priest
[28/03/2014 10:22:11] /goto Rolinhaa
[28/03/2014 10:22:50] /t
[28/03/2014 12:27:16] /ghost
[28/03/2014 12:27:28] /ghost
[29/03/2014 21:44:58] /ghost
[29/03/2014 21:50:10] /i 7591
[29/03/2014 21:50:10] /i 7591
[29/03/2014 21:50:11] /i 7591
[29/03/2014 21:50:11] /i 7591
[29/03/2014 21:50:14] /i 7590
[29/03/2014 21:50:15] /i 7590
[29/03/2014 21:50:15] /i 7590
[29/03/2014 21:50:15] /i 7590
[29/03/2014 21:50:16] /i 7590
[29/03/2014 21:50:16] /i 7590
[29/03/2014 21:50:17] /i 8472
[29/03/2014 21:50:17] /i 8472
[29/03/2014 21:50:17] /i 8472
[29/03/2014 21:50:17] /i 8472
[29/03/2014 21:50:17] /i 8472
[29/03/2014 21:50:18] /i 7620
[29/03/2014 21:50:18] /i 7620
[29/03/2014 21:50:18] /i 7620
[29/03/2014 21:50:19] /i 7620
[29/03/2014 21:50:19] /i 7620
[29/03/2014 21:50:19] /i 2268
[29/03/2014 21:50:19] /i 2268
[29/03/2014 21:50:20] /i 2268
[29/03/2014 21:50:20] /i 2268
[29/03/2014 21:50:20] /i 2268
[29/03/2014 21:50:20] /i 2268
[30/03/2014 16:07:19] /t
[30/03/2014 16:09:03] /cliport
[30/03/2014 16:09:25] /cliport
[30/03/2014 16:28:11] /t
[30/03/2014 21:16:58] /t
[30/03/2014 21:37:21] /ghost
[31/03/2014 17:12:10] /t
[31/03/2014 17:12:21] /ghost
[31/03/2014 17:14:04] /ghost
[13/04/2014 00:08:02] /ghost Boneco
[13/04/2014 00:09:05] /ghost
[15/04/2014 11:54:50] /save
[15/04/2014 17:21:45] /up
[15/04/2014 17:21:56] /ghost
[15/04/2014 17:24:55] /goto homem bomba
[15/04/2014 17:29:12] /t
[15/04/2014 17:32:01] /ghost
[15/04/2014 17:32:05] /t
[16/04/2014 01:16:09] /b Estamos Reiniciando o servidor para atualizaçao dos mapas
[16/04/2014 01:16:38] /b servidor volta em alguns segundos
[16/04/2014 01:17:06] /b estamos dando  salve ...
[16/04/2014 01:17:23] /save
[16/04/2014 01:20:18] /b qualquer erro nos avisem abraços
[16/04/2014 01:28:45] /b tivemos um problema com os novos itens  
[16/04/2014 01:29:15] /b nao foi por querer vc quer atualização mas quer ter erros pensa um pouco
[16/04/2014 01:30:10] /b Amanha estara resolvido os problemas de Xml  abraços e desculpem pelo transtorno
[16/04/2014 10:41:45] /goto Rolinha
[16/04/2014 13:45:07] /t
[17/04/2014 23:19:17] /goto boneco
[19/04/2014 00:09:05] /b nossa nesse servidor tem 1000 gods kkkkkk
[19/04/2014 00:10:39] /b boa noite  a todos obrigado pela permanencia no servidor quem nao gostar a porta serventia da casa..
[19/04/2014 00:12:37] /b  Porisso pessoal q ninguem se dedica aos servidores , se matando criando pagando  dedicado , para chegar uns merdas aqui  dizendo q o mapa é ruim  ......sai fora do servidor entao ......que raiva ..
[19/04/2014 13:14:37] /b pessoas que fizer publicidade de outros servidores serao banidos
[19/04/2014 13:15:29] /b esse pode hehhehe
[19/04/2014 16:03:26] /b JA ESTAMOS ONLINE COM NOVAS ATUALIZAÇOES 
[19/04/2014 16:06:01] /goto deus do caos
[19/04/2014 16:08:31] /goto dravenn
[19/04/2014 16:08:55] /ghost
[19/04/2014 16:09:43] /a 3
[19/04/2014 16:17:22] /ghost
[19/04/2014 16:17:28] /t
[19/04/2014 16:18:43] /b MAPA NOVO NA VIP 8
[19/04/2014 16:40:14] /b SERVIDOR ESTA COM FIREWAL ATIVO JUNTAMENTE COM BLOQUEADOR DE ATAQUES , PARA QUE OS SENHORES TENHAM UM BOM JOGO.
[19/04/2014 16:41:15] /b SERVIDOR ESTA COM FIREWAL ATIVO JUNTAMENTE COM BLOQUEADOR DE ATAQUES , PARA QUE OS SENHORES TENHAM UM BOM JOGO.
[19/04/2014 16:46:31] /b NOSSO SITE  http://www.baiakrsservegame.tk/
[19/04/2014 17:20:21] /b Evento Invasao ao templo venham ajudar !!!
[19/04/2014 17:20:34] /mode nopvp
[19/04/2014 17:21:00] /m earth elemental
[19/04/2014 17:21:21] /m earth elemental
[19/04/2014 17:21:33] /m earth elemental
[19/04/2014 17:21:36] /m earth elemental
[19/04/2014 17:21:40] /m earth elemental
[19/04/2014 17:21:45] /m earth elemental
[19/04/2014 17:22:37] /m earth elemental
[19/04/2014 17:23:02] /mode pvp
[20/04/2014 01:10:22] /goto [GM]Scorpion Baiak
[20/04/2014 01:57:37] /goto [GM]Scorpion
[20/04/2014 01:58:10] /goto [GM]Scorpion Baiak
[20/04/2014 01:58:46] /goto [GM]Scorpion Baiak
[20/04/2014 02:03:45] /goto [GM]Scorpion Baiak
[20/04/2014 02:05:45] /goto [GM]Scorpion Baiak
[20/04/2014 02:06:01] /t
[20/04/2014 02:15:25] /t
[21/04/2014 16:25:17] /goto Beto Cobra
[21/04/2014 16:27:18] /t
[02/05/2014 12:20:55] /goto [Mvip] Maicon Jeckshon A [37246]
[02/05/2014 12:21:35] /goto [Mvip] Maicon Jeckshon A
[02/05/2014 14:51:28] /b estamos precisando de pessoas com paciencia e boa vontade para ajudar aqui no OT . alguem q saiba editar mapas etc entrar em contato comigo no skype rogerio_179  Estamos no aguardo
[02/05/2014 14:53:18] /b conversamos no skype
[02/05/2014 14:54:07] /b Sou rogerio sao paulo
[02/05/2014 14:56:54] /goto Will Smiith
[02/05/2014 15:00:23] /goto Will Smiith
[02/05/2014 15:02:11] /goto Will Smiith
[02/05/2014 15:13:54] /goto Will Smiith
[02/05/2014 16:33:46] /t
[02/05/2014 16:35:31] /goto [Mvip] Mina Bruta
[02/05/2014 16:36:16] /up
[02/05/2014 16:50:37] /ghost
[02/05/2014 16:53:28] /attr set attack 1000
[02/05/2014 16:53:51] /attr set attack 1000000
[02/05/2014 17:31:11] /ghost
[02/05/2014 17:32:24] /ghost
[02/05/2014 17:59:49] /ghost
[02/05/2014 18:00:55] /up
[02/05/2014 18:01:40] /i 7591
[02/05/2014 18:01:42] /i 7591
[02/05/2014 18:01:57] /i 7620
[02/05/2014 18:01:58] /i 7620
[02/05/2014 18:02:00] /i 2268
[02/05/2014 18:02:02] /i 2160
[02/05/2014 18:02:11] /ghost
[02/05/2014 18:05:29] /attr group 6
[02/05/2014 18:06:31] /attr group 6
[02/05/2014 18:44:13] /t
[02/05/2014 18:50:26] /r
[02/05/2014 18:50:31] /r
[02/05/2014 18:50:35] /r
[02/05/2014 18:50:43] /r
[02/05/2014 18:51:12] /r all
[02/05/2014 18:53:44] /c [GM]Dash Loko
[02/05/2014 18:59:44] /goto [GM]Dash Loko
[02/05/2014 19:00:18] /goto [GM]Dash Loko
[02/05/2014 19:20:28] /goto [GM]Dash Loko
[03/05/2014 00:02:18] /i 11238
[03/05/2014 00:02:36] /i 11238
[03/05/2014 00:03:00] /i 11238
[03/05/2014 00:16:44] /t
[03/05/2014 00:21:28] /ghost
[03/05/2014 00:29:26] /ghost
[03/05/2014 00:29:48] /ghost
[03/05/2014 00:29:51] /t
[03/05/2014 00:58:50] /down
[03/05/2014 00:59:04] /up
[03/05/2014 00:59:26] /down
[03/05/2014 01:28:41] /i 2160
[03/05/2014 01:28:42] /i 2268
[03/05/2014 01:28:42] /i 7620
[03/05/2014 01:28:43] /i 7620
[03/05/2014 01:29:04] /m Bazir
[03/05/2014 01:29:28] /m bazir
[03/05/2014 01:29:32] /m bazir
[03/05/2014 01:29:35] /m bazir
[03/05/2014 01:29:37] /m bazir
[03/05/2014 01:29:39] /m bazir
[03/05/2014 01:29:44] /m bazir
[03/05/2014 01:29:46] /m bazir
[03/05/2014 01:29:47] /m bazir
[03/05/2014 01:29:52] /m bazir/m bazir
[03/05/2014 01:29:54] /m bazir
[03/05/2014 01:29:55] /m bazir
[03/05/2014 01:29:57] /m bazir
[03/05/2014 01:29:59] /m bazir
[03/05/2014 01:30:01] /m bazir
[03/05/2014 01:30:04] /m bazir
[03/05/2014 01:30:06] /m bazir
[03/05/2014 01:30:07] /m bazir
[03/05/2014 01:30:09] /m bazir
[03/05/2014 01:30:10] /m bazir
[03/05/2014 01:30:12] /m bazir
[03/05/2014 01:30:14] /m bazir
[03/05/2014 01:30:15] /m bazir
[03/05/2014 01:30:16] /m bazir
[03/05/2014 01:30:18] /m bazir
[03/05/2014 01:36:43] /c Will Smiith
[03/05/2014 01:39:01] /t
[03/05/2014 01:41:35] /r all
[03/05/2014 01:41:44] /r all
[03/05/2014 01:41:51] /r all
[03/05/2014 01:41:58] /r all
[03/05/2014 01:42:07] /r all
[03/05/2014 01:42:16] /r all
[03/05/2014 01:42:24] /r all
[03/05/2014 01:42:39] /r all
[03/05/2014 23:29:52] /goto [GM]Dash LoKo
[03/05/2014 23:31:20] /ghost
[04/05/2014 03:05:28] /t
[04/05/2014 03:05:49] /ghost
[04/05/2014 03:19:43] /t
[04/05/2014 03:42:53] /b gente u ot volta em 30 segundo só vou reniciar ele aki pq agora os item vai vender no npc !!
[04/05/2014 03:46:13] /b gente u ot volta em 30 segundo só vou reniciar ele aki pq agora os item vai vender no npc !!
[04/05/2014 03:46:23] /b saved !!
[04/05/2014 03:46:25] /save
[04/05/2014 03:48:56] /n Ring Seller
[04/05/2014 03:50:40] /b genti 20 seegundo ja volta !
[04/05/2014 03:50:59] /reload
[04/05/2014 03:51:10] /reload npc
[04/05/2014 03:53:04] /n Ring Seller
[04/05/2014 03:55:06] /bc green kkkk sou muito noob vieo mlz ae gente  ultima vez volta em 10 segundos :)/ghost
[04/05/2014 03:55:09] /ghost
[04/05/2014 03:55:13] /newtype 114
[04/05/2014 03:55:28] /newtype 128
[04/05/2014 03:55:48] /newtype 1276
[04/05/2014 03:55:51] /newtype 1276
[04/05/2014 03:55:57] /newtype 276
[04/05/2014 03:56:00] /newtype 275
[04/05/2014 03:56:03] /newtype 274
[04/05/2014 03:56:54] /newtype 274/b 10 segundos ja volta
[04/05/2014 03:56:59] /save
[04/05/2014 03:59:01] /n Ring Seller
[04/05/2014 03:59:26] /r
[04/05/2014 03:59:30] /t
[04/05/2014 03:59:44] /b nao vai cai mas n o adm falou !!
[04/05/2014 04:00:09] /b nao vai cai mas n o ..... falou quer nao vai cai!!!!! vao upa agora !! novo npc no templo
[04/05/2014 04:00:11] /b nao vai cai mas n o ..... falou quer nao vai cai!!!!! vao upa agora !! novo npc no templo
[04/05/2014 04:00:12] /b nao vai cai mas n o ..... falou quer nao vai cai!!!!! vao upa agora !! novo npc no templo
[04/05/2014 04:00:13] /b nao vai cai mas n o ..... falou quer nao vai cai!!!!! vao upa agora !! novo npc no templo
[04/05/2014 04:00:13] /b nao vai cai mas n o ..... falou quer nao vai cai!!!!! vao upa agora !! novo npc no templo
[04/05/2014 04:00:14] /b nao vai cai mas n o ..... falou quer nao vai cai!!!!! vao upa agora !! novo npc no templo
[04/05/2014 04:00:14] /b nao vai cai mas n o ..... falou quer nao vai cai!!!!! vao upa agora !! novo npc no templo
[04/05/2014 04:00:15] /b nao vai cai mas n o ..... falou quer nao vai cai!!!!! vao upa agora !! novo npc no templo
[04/05/2014 04:00:15] /b nao vai cai mas n o ..... falou quer nao vai cai!!!!! vao upa agora !! novo npc no templo
[04/05/2014 04:00:15] /b nao vai cai mas n o ..... falou quer nao vai cai!!!!! vao upa agora !! novo npc no templo
[04/05/2014 04:00:16] /b nao vai cai mas n o ..... falou quer nao vai cai!!!!! vao upa agora !! novo npc no templo
[04/05/2014 04:00:16] /b nao vai cai mas n o ..... falou quer nao vai cai!!!!! vao upa agora !! novo npc no templo
[04/05/2014 04:00:17] /b nao vai cai mas n o ..... falou quer nao vai cai!!!!! vao upa agora !! novo npc no templo
[04/05/2014 04:00:17] /b nao vai cai mas n o ..... falou quer nao vai cai!!!!! vao upa agora !! novo npc no templo
[04/05/2014 04:00:48] /bc green fuiiii boa noite bom jogo a todos partiuuu
[04/05/2014 04:00:49] /bc green fuiiii boa noite bom jogo a todos partiuuu
[04/05/2014 04:00:50] /bc green fuiiii boa noite bom jogo a todos partiuuu
[04/05/2014 04:00:50] /bc green fuiiii boa noite bom jogo a todos partiuuu
[04/05/2014 15:26:28] /t
[04/05/2014 15:28:11] /goto ......
[04/05/2014 15:28:35] /goto .....
[04/05/2014 15:30:06] /ghost
[04/05/2014 23:48:12] /ghost
[05/05/2014 00:11:17] /i 7620
[05/05/2014 00:11:18] /i 7620
[05/05/2014 00:11:19] /i 7620
[05/05/2014 00:11:19] /i 7620
[05/05/2014 00:11:19] /i 7620
[05/05/2014 00:11:19] /i 7620
[05/05/2014 00:11:19] /i 7620
[05/05/2014 00:11:19] /i 7620
[05/05/2014 00:11:20] /i 7620
[05/05/2014 00:11:20] /i 7620
[05/05/2014 00:11:20] /i 7620
[05/05/2014 00:11:20] /i 7620
[05/05/2014 00:11:20] /i 7620
[05/05/2014 00:11:20] /i 7620
[05/05/2014 00:11:20] /i 7620
[05/05/2014 00:11:20] /i 7620
[05/05/2014 00:11:20] /i 7620
[05/05/2014 00:11:20] /i 7620
[05/05/2014 00:11:20] /i 7620
[05/05/2014 00:11:20] /i 7620
[05/05/2014 00:11:20] /i 7620
[05/05/2014 00:11:20] /i 7620
[05/05/2014 00:11:21] /i 7620
[05/05/2014 00:11:21] /i 7620
[05/05/2014 00:11:21] /i 7620
[05/05/2014 00:11:21] /i 7620
[05/05/2014 00:11:21] /i 7620
[05/05/2014 00:11:21] /i 7620
[05/05/2014 00:11:21] /i 7620
[05/05/2014 00:11:21] /i 7620
[05/05/2014 00:11:21] /i 7620
[05/05/2014 00:11:21] /i 7620
[05/05/2014 00:11:21] /i 7620
[05/05/2014 00:11:21] /i 7620
[05/05/2014 00:13:27] /i 7620
[05/05/2014 00:13:28] /i 7590
[05/05/2014 00:13:30] /i 7591
[05/05/2014 00:13:31] /i 7591
[05/05/2014 17:14:16] /b Pessoal estamos trocando de hospedagem  vamos derrubar o servidor por alguns segundos
[05/05/2014 17:15:15] /save
[05/05/2014 17:15:25] /save
[05/05/2014 17:15:58] /b ja volta espero q pra melhor
