[19/10/2011 13:58:45] /reload npcs
[19/10/2011 13:58:54] /a
[19/10/2011 14:09:21] /openserver
[19/10/2011 14:09:57] /mc
[19/10/2011 14:10:20] /t
[19/10/2011 14:10:23] /t
[19/10/2011 14:10:27] /t
[19/10/2011 14:10:30] /r
[19/10/2011 14:10:31] /t
[19/10/2011 14:10:36] /t
[19/10/2011 14:10:40] /t
[19/10/2011 14:10:44] /t
[19/10/2011 14:10:50] /mc
[19/10/2011 14:10:54] /mc
[19/10/2011 14:10:59] /ghost
[19/10/2011 14:12:20] /attr group 5
[19/10/2011 14:12:20] /r
[19/10/2011 14:13:06] /b N TEM VAGA
[19/10/2011 14:13:08] /ghost
[19/10/2011 14:13:10] /a
[19/10/2011 14:13:14] /owner Mage Rullesz
[19/10/2011 14:13:16] /t
[19/10/2011 14:13:17] /up
[19/10/2011 14:13:18] /up
[19/10/2011 14:13:21] /c mage rullezs
[19/10/2011 14:13:23] /c mage rullesz
[19/10/2011 14:13:24] /ghost
[19/10/2011 14:13:50] /c Santo Cristo
[19/10/2011 14:14:01] /attr group 4
[19/10/2011 14:14:01] /r
[19/10/2011 14:15:02] /reload actions
[19/10/2011 14:15:21] /b novos  comandos !backpack é !tp falem !tp lista q verão as viagens q tem
[19/10/2011 14:15:22] /b novos  comandos !backpack é !tp falem !tp lista q verão as viagens q tem
[19/10/2011 14:15:28] /reload actions
[19/10/2011 14:15:36] /i backpack
[19/10/2011 14:15:38] /i 2160
[19/10/2011 14:15:47] /reload talkactions
[19/10/2011 14:15:50] /r
[19/10/2011 14:15:50] /t
[19/10/2011 14:16:30] /owner [Baiak-Zik-ADM]
[19/10/2011 14:16:31] /a
[19/10/2011 14:16:37] /owner 0
[19/10/2011 14:16:38] /a 5
[19/10/2011 14:16:39] /a 5
[19/10/2011 14:16:48] /b n tem vaga
[19/10/2011 14:17:28] /a
[19/10/2011 14:17:31] /i baiakzik star
[19/10/2011 14:17:37] /a
[19/10/2011 14:17:37] /a
[19/10/2011 14:17:38] /a
[19/10/2011 14:17:40] /a
[19/10/2011 14:18:05] /b Staff Não Pode Jogar!!
[19/10/2011 14:18:05] /b Staff Não Pode Jogar!!
[19/10/2011 14:18:06] /b Staff Não Pode Jogar!!
[19/10/2011 14:18:17] /goto santo cristo
[19/10/2011 14:18:34] /t
[19/10/2011 14:19:27] /reload globalevents
[19/10/2011 14:19:39] /reload globalevents
[19/10/2011 14:19:40] /reload globalevents
[19/10/2011 14:21:53] /reload globalevents
[19/10/2011 14:22:13] /goto lucas lokoo
[19/10/2011 14:24:11] /goto santo cristo
[19/10/2011 14:24:19] /goto santo cristo
[19/10/2011 14:24:35] /a 30
[19/10/2011 14:24:36] /a 30
[19/10/2011 14:24:38] /a 30
[19/10/2011 14:24:39] /a 30
[19/10/2011 14:24:39] /a 30
[19/10/2011 14:24:40] /a 30
[19/10/2011 14:24:40] /a 30
[19/10/2011 14:24:50] /t
[19/10/2011 14:26:36] /b Para Compra backpack fale !backpack
[19/10/2011 14:26:37] /b Para Compra backpack fale !backpack
[19/10/2011 14:26:37] /b Para Compra backpack fale !backpack
[19/10/2011 14:31:44] /demote santo cristo
[19/10/2011 14:31:45] /demote santo cristo
[19/10/2011 14:31:47] /demote santo cristo
[19/10/2011 14:32:21] /mc
[19/10/2011 14:33:34] /mc
[19/10/2011 14:55:46] /goto igor
[19/10/2011 14:56:12] /goto igor
[19/10/2011 14:56:14] /goto igor
[19/10/2011 14:56:28] /goto demon
[19/10/2011 14:56:39] /t
[19/10/2011 14:56:43] /r
[19/10/2011 14:56:45] /r all
[19/10/2011 14:56:51] /goto igor
[19/10/2011 14:57:02] /r
[19/10/2011 14:57:06] /goto igor
[19/10/2011 14:57:13] /a
[19/10/2011 14:57:13] /r
[19/10/2011 14:57:22] /t
[19/10/2011 14:57:29] /a 3
[19/10/2011 14:57:39] /goto igor
[19/10/2011 14:57:50] /goto igor
[19/10/2011 14:57:52] /goto igor
[19/10/2011 14:57:57] /goto igor
[19/10/2011 14:58:00] /goto igor
[19/10/2011 14:58:04] /goto igor
[19/10/2011 14:58:14] /i vip stone
[19/10/2011 14:58:18] /c igor
[19/10/2011 14:58:37] /i 1484
[19/10/2011 14:58:37] /i 1484
[19/10/2011 14:58:38] /i 1484
[19/10/2011 14:58:38] /i 1484
[19/10/2011 14:58:39] /i 1484
[19/10/2011 14:58:40] /i 1484
[19/10/2011 14:58:40] /i 1484
[19/10/2011 14:58:46] /i 1484
[19/10/2011 14:58:47] /i 1484
[19/10/2011 14:59:03] /i 1484
[19/10/2011 14:59:04] /i 1484
[19/10/2011 14:59:04] /i 1484
[19/10/2011 14:59:05] /i 1484
[19/10/2011 14:59:05] /i 1484
[19/10/2011 14:59:06] /i 1484
[19/10/2011 14:59:06] /i 1484
[19/10/2011 14:59:07] /i 1484
[19/10/2011 14:59:13] /i 1484
[19/10/2011 14:59:15] /i 1484
[19/10/2011 14:59:16] /a 5
[19/10/2011 14:59:20] /i 1484
[19/10/2011 14:59:20] /i 1484
[19/10/2011 14:59:21] /i 1484
[19/10/2011 14:59:22] /i 1484
[19/10/2011 14:59:22] /i 1484
[19/10/2011 14:59:27] /a
[19/10/2011 15:01:45] /i baiakzik star
[19/10/2011 15:02:14] /reload monster
[19/10/2011 15:02:22] /ghost
[19/10/2011 15:02:23] /r
[19/10/2011 15:02:24] /r
[19/10/2011 15:02:48] /r
[19/10/2011 15:02:49] /r
[19/10/2011 15:02:50] /r
[19/10/2011 15:02:51] /r
[19/10/2011 15:02:53] /r
[19/10/2011 15:02:53] /r
[19/10/2011 15:02:54] /r
[19/10/2011 15:03:04] /r
[19/10/2011 15:03:05] /r
[19/10/2011 15:03:06] /r
[19/10/2011 15:03:08] /r
[19/10/2011 15:03:08] /r
[19/10/2011 15:03:09] /r
[19/10/2011 15:03:10] /r
[19/10/2011 15:03:10] /r
[19/10/2011 15:03:17] /r
[19/10/2011 15:03:19] /r
[19/10/2011 15:03:22] /r
[19/10/2011 15:03:23] /r
[19/10/2011 15:03:24] /r
[19/10/2011 15:03:24] /r
[19/10/2011 15:03:25] /r
[19/10/2011 15:03:26] /t
[19/10/2011 15:03:35] /up
[19/10/2011 15:03:35] /up
[19/10/2011 15:03:52] /b todos os palyers ganharam 5kk
[19/10/2011 15:03:52] /b todos os palyers ganharam 5kk
[19/10/2011 15:03:53] /b todos os palyers ganharam 5kk
[19/10/2011 15:03:58] /clean
[19/10/2011 15:12:08] /mc
[19/10/2011 15:14:43] /t
[19/10/2011 15:14:50] /attr vocation 4
[19/10/2011 15:26:44] /promote hs fatal
[19/10/2011 15:26:44] /promote hs fatal
[19/10/2011 15:31:47] /goto Tpf Shoow 
[19/10/2011 15:31:52] /c hs fatal
[19/10/2011 15:32:29] /c hs fatal
[19/10/2011 15:32:59] /c hs fatal
[19/10/2011 15:33:32] /c hs fatal
[19/10/2011 15:34:02] /goto Tpf Shoow
[19/10/2011 15:34:07] /t hs fatal
[19/10/2011 15:40:23] /t hs fatal
[19/10/2011 15:44:10] /goto magno
[19/10/2011 15:44:39] /i ice rapier
[19/10/2011 15:45:54] /goto tpf fly
[19/10/2011 15:45:55] /goto tpf fly
[19/10/2011 15:45:58] /goto tpf fly
[19/10/2011 15:45:58] /goto tpf fly
[19/10/2011 15:46:00] /goto tpf fly
[19/10/2011 15:46:01] /goto tpf fly
[19/10/2011 15:46:08] /a
[19/10/2011 15:46:15] /goto Tpf Shoow
[19/10/2011 15:46:19] /goto tpf fly
[19/10/2011 15:46:21] /goto Tpf Shoow
[19/10/2011 15:46:30] /goto magnos
[19/10/2011 15:46:42] /goto tpf killer
[19/10/2011 15:46:43] /mc
[19/10/2011 15:46:48] /c hs fatal
[19/10/2011 15:47:36] /goto tpf killer
[19/10/2011 15:47:40] /t hs fatal
[19/10/2011 15:47:45] /goto Tpf Shoow
[19/10/2011 15:47:52] /c hs fatal
[19/10/2011 15:47:58] /r
[19/10/2011 15:52:06] /reload actions
[19/10/2011 15:52:47] /b o heal da great mana potion ta arrumado eu itnhap osto o max do heal 15k kkk é era 1k e 500
[19/10/2011 16:10:28] /t
[19/10/2011 16:11:37] /goto tpf shoow
[19/10/2011 16:11:38] /goto tpf shoow
[19/10/2011 16:11:40] /a 5
[19/10/2011 16:11:44] /c hs fatal
[19/10/2011 16:12:53] /c hs fatal
[19/10/2011 16:12:59] /goto tpf shoow
[19/10/2011 16:13:02] /up
[19/10/2011 16:13:08] /a 5
[19/10/2011 16:13:10] /c hs fatal
[19/10/2011 16:13:27] /c hs fatal
[19/10/2011 16:14:26] /a
[19/10/2011 16:14:32] /c hs fatal
[19/10/2011 16:14:33] /c renna
[19/10/2011 16:14:37] /c renan
[19/10/2011 16:16:20] /goto foox night
[19/10/2011 16:16:30] /goto foox nighty
[19/10/2011 16:16:34] /c hs fatal
[19/10/2011 16:17:30] /c tpf killer
[19/10/2011 16:17:33] /c tpf fly
[19/10/2011 16:17:37] /c tpf shoow
[19/10/2011 16:20:42] /t
[19/10/2011 16:23:16] /owner hs fatal
[19/10/2011 16:23:20] /goto palermo
[19/10/2011 16:26:05] /goto tpy fly
[19/10/2011 16:26:10] /goto tpf fly
[19/10/2011 16:26:19] /ghost
[19/10/2011 16:26:35] /ghost
[19/10/2011 16:44:49] /goto hs fataç
[19/10/2011 16:44:50] /goto hs fatal
[19/10/2011 16:45:05] /a
[19/10/2011 16:45:10] /c tpf fly
[19/10/2011 16:45:12] /c tpf killer
[19/10/2011 16:47:07] /goto hs fatal
[19/10/2011 16:47:15] /c tpf killer
[19/10/2011 16:47:34] /c tpf killer
[19/10/2011 16:47:35] /c tpf killer
[19/10/2011 16:47:35] /c tpf killer
[19/10/2011 16:47:36] /c tpf killer
[19/10/2011 16:47:37] /c tpf killer
[19/10/2011 16:49:19] /goto hs fatal
[19/10/2011 16:49:22] /c tpf killer
[19/10/2011 16:49:26] /c tpf fly
[19/10/2011 17:22:04] /t
[19/10/2011 17:22:08] /a
[19/10/2011 17:30:03] /t
[19/10/2011 17:30:10] /kick accout manager
[19/10/2011 17:30:18] /kick Account Manager
[19/10/2011 17:30:20] /mc
[19/10/2011 17:30:45] /ghost
[19/10/2011 17:30:55] /b porra é essa de discusãpo
[19/10/2011 17:31:01] /clean
[19/10/2011 17:31:25] /b n e nuker e magebomb esse noobs poem de acc manager
[19/10/2011 17:31:49] /b q porra é essa? hein de discsão
[19/10/2011 17:31:54] /goto foox knighty
[19/10/2011 17:32:48] /closeserver
[19/10/2011 17:33:07] /openserver
[19/10/2011 17:33:17] /b pronto essa é a manha desses acc manager hshshssh
[19/10/2011 17:33:18] /b pronto essa é a manha desses acc manager hshshssh
[19/10/2011 17:35:01] /ghost
[19/10/2011 17:35:05] /goto Little Crazy Girl
[19/10/2011 17:35:17] /mc
[19/10/2011 17:35:30] /goto Little Crazy Girl
[19/10/2011 17:36:22] /goto Foox Nighty
[19/10/2011 17:36:40] /ghost
[19/10/2011 17:36:50] /t mage rullesz
[19/10/2011 17:36:57] /t Little Crazy Girl
[19/10/2011 17:43:47] /info barack obama
[19/10/2011 17:43:56] /promote barack obama
[19/10/2011 17:43:56] /promote barack obama
[19/10/2011 17:43:57] /promote barack obama
[19/10/2011 17:43:58] /promote barack obama
[19/10/2011 17:43:58] /promote barack obama
[19/10/2011 17:43:59] /promote barack obama
[19/10/2011 17:44:04] /kick barack obama
[19/10/2011 17:44:17] /kick barack obama
[19/10/2011 17:44:33] /attr health 1000000
[19/10/2011 17:44:34] /attr health 1000000
[19/10/2011 17:45:27] /b ME ADD MSN AI GERAL splashotzik@hotmail.com 
[19/10/2011 17:45:28] /b ME ADD MSN AI GERAL splashotzik@hotmail.com 
[19/10/2011 17:45:28] /b ME ADD MSN AI GERAL splashotzik@hotmail.com 
[19/10/2011 17:45:28] /b ME ADD MSN AI GERAL splashotzik@hotmail.com 
[19/10/2011 17:45:29] /b ME ADD MSN AI GERAL splashotzik@hotmail.com 
[19/10/2011 17:46:44] /b n tem vaga porra
[19/10/2011 17:46:44] /b n tem vaga porra
[19/10/2011 17:46:45] /b n tem vaga porra
[19/10/2011 17:52:08] /b todos os membros da staff saiem da ACC E ENTRA DNV
[19/10/2011 17:52:09] /b todos os membros da staff saiem da ACC E ENTRA DNV
[19/10/2011 17:52:09] /b todos os membros da staff saiem da ACC E ENTRA DNV
[19/10/2011 17:53:20] /info hablit'z
[19/10/2011 17:53:50] /ghost
[19/10/2011 17:54:37] /b ME ADD MSN AI GERAL splashotzik@hotmail.com 
[19/10/2011 17:54:38] /b ME ADD MSN AI GERAL splashotzik@hotmail.com 
[19/10/2011 17:54:38] /b ME ADD MSN AI GERAL splashotzik@hotmail.com 
[19/10/2011 18:01:28] /goto bombastic
[19/10/2011 18:01:29] /goto bombastic
[19/10/2011 18:01:29] /goto bombastic
[19/10/2011 18:01:42] /goto  Boombastic
[19/10/2011 18:01:48] /c [tutor]~
[19/10/2011 18:04:00] /addskill [tutor]~zik~,sword,30
[19/10/2011 18:04:26] /addskill [tutor]~zik~,sword,4
[19/10/2011 18:04:28] /c [tutor
[19/10/2011 18:04:32] /c [tutor]~
[19/10/2011 18:05:29] /c [tutor]~
[19/10/2011 18:11:21] /goto  Boombastic
[19/10/2011 18:14:36] /goto renan
[19/10/2011 18:14:38] /a
[19/10/2011 18:14:43] /attr vocation 1
[19/10/2011 18:14:45] /a
[19/10/2011 18:20:25] /goto renan
[19/10/2011 18:20:30] /i baiakzik staff
[19/10/2011 18:20:31] /ghost
[19/10/2011 18:20:43] /attr vocation 1
[19/10/2011 18:25:10] /goto warleyzinhoo bublti'z
[19/10/2011 18:25:14] /goto warleyzinhoo bublit'z
[19/10/2011 18:25:26] /goto Warleyzinhoo Bublitz
[19/10/2011 18:25:40] /goto [tutor]~
[19/10/2011 18:25:51] /c Warleyzinhoo Bublitz
[19/10/2011 18:25:58] /ghost
[19/10/2011 18:26:07] /attr vocation 8
[19/10/2011 18:26:08] /r
[19/10/2011 18:29:59] /ghost
[19/10/2011 18:30:15] /b PORRA CAIU SOZINHO O OT
[19/10/2011 18:30:16] /b PORRA CAIU SOZINHO O OT
[19/10/2011 18:30:17] /clean
[19/10/2011 18:30:42] /b ot caiu sozinho porra
[19/10/2011 18:30:42] /b ot caiu sozinho porra
[19/10/2011 18:30:43] /b ot caiu sozinho porra
[19/10/2011 18:32:52] /b vo loga msn ai ta o meu msn splashotzik@hotmail.com :
[19/10/2011 18:32:52] /b vo loga msn ai ta o meu msn splashotzik@hotmail.com :
[19/10/2011 18:32:53] /b vo loga msn ai ta o meu msn splashotzik@hotmail.com :
[19/10/2011 18:32:53] /b vo loga msn ai ta o meu msn splashotzik@hotmail.com :
[19/10/2011 18:38:05] /b me add msn ai splashotzik@hotmail.com so vo fala por lá
[19/10/2011 18:39:55] /b me add msn ai splashotzik@hotmail.com so vo fala por lá
[19/10/2011 18:39:56] /b me add msn ai splashotzik@hotmail.com so vo fala por lá
[19/10/2011 18:39:56] /b me add msn ai splashotzik@hotmail.com so vo fala por lá
[19/10/2011 18:42:41] /b me add msn ai splashotzik@hotmail.com so vo fala por lá
[19/10/2011 18:42:42] /b me add msn ai splashotzik@hotmail.com so vo fala por lá
[19/10/2011 18:42:42] /b me add msn ai splashotzik@hotmail.com so vo fala por lá
[19/10/2011 18:42:43] /b me add msn ai splashotzik@hotmail.com so vo fala por lá
[19/10/2011 18:43:56] /b me add msn ai splashotzik@hotmail.com so vo fala por lá SO VO FALA POR LÁ KRL
[19/10/2011 18:44:44] /b me add msn ai splashotzik@hotmail.com so vo fala por lá SO VO FALA POR LÁ KRL
[19/10/2011 18:44:45] /b me add msn ai splashotzik@hotmail.com so vo fala por lá SO VO FALA POR LÁ KRL
[19/10/2011 18:44:45] /b me add msn ai splashotzik@hotmail.com so vo fala por lá SO VO FALA POR LÁ KRL
[19/10/2011 18:46:05] /b me add msn ai splashotzik@hotmail.com so vo fala por lá SO VO FALA POR LÁ KRL
[19/10/2011 18:46:36] /b vo loga msn ai ta o meu msn splashotzik@hotmail.com :
[19/10/2011 18:46:37] /b vo loga msn ai ta o meu msn splashotzik@hotmail.com :
[19/10/2011 18:46:37] /b vo loga msn ai ta o meu msn splashotzik@hotmail.com :
[19/10/2011 18:50:07] /b me add msn ai splashotzik@hotmail.com so vo fala por lá SO VO FALA POR LÁ KRL
[19/10/2011 18:50:11] /b me add msn ai splashotzik@hotmail.com so vo fala por lá SO VO FALA POR LÁ KRL
[19/10/2011 19:12:18] /b para comprar bp fale !backpack
[19/10/2011 19:12:19] /b para comprar bp fale !backpack
[19/10/2011 19:12:19] /b para comprar bp fale !backpack
[19/10/2011 19:13:51] /b ot vai entrar em manutenção volta no max em 1 hr ja esta de volta 
[19/10/2011 19:14:00] /b MANUTENÇÃO
[19/10/2011 19:14:01] /b MANUTENÇÃO
[19/10/2011 19:14:01] /b MANUTENÇÃO
[19/10/2011 19:14:02] /b MANUTENÇÃO
[19/10/2011 19:14:05] /closeserver
[19/10/2011 19:37:24] /reload actions
[19/10/2011 19:37:55] /addskill [Baiak-Zik-ADM],level,100
[19/10/2011 21:25:50] /b sou o novo adm
[19/10/2011 21:25:54] /mc
[19/10/2011 21:26:03] /goto tpf shoow
[19/10/2011 21:26:25] /a
[19/10/2011 21:26:26] /a
[19/10/2011 21:26:55] /t
[19/10/2011 21:29:53] /up
[19/10/2011 21:29:54] /up
[19/10/2011 21:29:58] /reload talakctions
[19/10/2011 21:30:02] /reload talkactions
[19/10/2011 21:30:10] /t
[19/10/2011 21:32:38] /a
[19/10/2011 21:33:26] /b N VIA RESETAR HOJE SO SEXTA-FEIRA OU AMANHÃ PO
[19/10/2011 21:33:26] /b N VIA RESETAR HOJE SO SEXTA-FEIRA OU AMANHÃ PO
[19/10/2011 21:33:26] /b N VIA RESETAR HOJE SO SEXTA-FEIRA OU AMANHÃ PO
[19/10/2011 21:33:27] /b N VIA RESETAR HOJE SO SEXTA-FEIRA OU AMANHÃ PO
[19/10/2011 21:33:41] /b para entrar comandos novos da manutenção q teve
[19/10/2011 21:34:37] /reload talkactions
[19/10/2011 21:34:48] /i 9564
[19/10/2011 21:34:53] /attr unique 15967
[19/10/2011 21:34:56] /attr action 15967
[19/10/2011 21:35:01] /r
[19/10/2011 21:35:02] /r
[19/10/2011 21:35:14] /i 4395
[19/10/2011 21:36:07] /reload talkactions
[19/10/2011 21:37:25] /i norseman doll
[19/10/2011 21:38:27] /reload talkactions
[19/10/2011 21:38:43] /b age é so de vip
[19/10/2011 21:39:06] /reload talkactions
[19/10/2011 21:39:42] /reload talkactions
[19/10/2011 21:40:04] /reload talkactions
[19/10/2011 21:40:08] /t
[19/10/2011 21:41:13] /up
[19/10/2011 21:41:14] /up
[19/10/2011 21:41:33] /reload talkactions
[19/10/2011 21:43:05] /reload talkactions
[19/10/2011 21:43:32] /reload talkactions
[19/10/2011 21:44:17] /reload talkactions
[19/10/2011 21:45:04] /reload talkactions
[19/10/2011 21:45:20] /reload talkactions
[19/10/2011 21:47:31] /reload talkactions
[19/10/2011 21:50:30] /reload talakctions
[19/10/2011 21:50:34] /reload talkactions
[19/10/2011 21:51:33] /reload talkactions
[19/10/2011 21:52:35] /reload talkactions
[19/10/2011 21:52:55] /reload talkactions
[19/10/2011 21:53:01] /mc
[19/10/2011 21:53:16] /t
[19/10/2011 21:53:26] /t
[19/10/2011 21:53:41] /t
[19/10/2011 21:53:42] /a
[19/10/2011 21:56:03] /reload talkactions
[19/10/2011 21:56:26] /reload talkactions
[19/10/2011 21:57:28] /reload talkactions
[19/10/2011 21:57:44] /reload talkactions
[19/10/2011 21:57:55] /ghost
[19/10/2011 21:59:12] /up
[19/10/2011 21:59:13] /up
[19/10/2011 21:59:21] /reload talkactions
[19/10/2011 22:00:35] /reload talkactions
[19/10/2011 22:01:14] /i 9564
[19/10/2011 22:01:23] /attr unique 15967
[19/10/2011 22:01:28] /attr action 15967
[19/10/2011 22:01:56] /reload talkactions
[19/10/2011 22:02:15] /b ot entrara em manutenção jaja volta mas tarde ou amanhã
[19/10/2011 22:02:15] /b ot entrara em manutenção jaja volta mas tarde ou amanhã
[19/10/2011 22:02:19] /closeserver
[19/10/2011 22:02:28] /c [adm]~bradock~
[19/10/2011 22:03:56] /closeserver
[19/10/2011 22:04:05] /t
[19/10/2011 22:04:13] /t
[19/10/2011 22:04:19] /goto [adm]~bradock~
[19/10/2011 22:04:34] /a
[19/10/2011 22:06:45] /reload talkactions
[19/10/2011 22:07:23] /reload talkactions
[19/10/2011 22:08:26] /reload talkactions
[20/10/2011 12:14:30] /t
[20/10/2011 12:14:45] /a 2
[20/10/2011 12:14:47] /a 2
[20/10/2011 12:14:53] /a 2
[20/10/2011 12:15:45] /reload talkactions
[20/10/2011 12:16:13] /reload talkactions
[20/10/2011 12:17:11] /reload talkactions
[20/10/2011 12:17:25] /reload talkactions
[20/10/2011 12:18:24] /reload talkactions
[20/10/2011 12:18:49] /reload talkactions
[20/10/2011 12:19:30] /reload talkactions
[20/10/2011 12:20:36] /reload talkactions
[20/10/2011 12:20:58] /reload talkactions
[20/10/2011 12:21:39] /reload talkactions
[20/10/2011 12:23:04] /reload talkactions
[20/10/2011 12:24:04] /reload talkactions
[20/10/2011 12:24:35] /reload talkactions
[20/10/2011 12:24:55] /reload talkactions
[20/10/2011 12:25:31] /reload talkactions
[20/10/2011 12:26:55] /reload talkactions
[20/10/2011 18:15:08] /t
[20/10/2011 18:15:40] /a
[20/10/2011 18:15:45] /a
[20/10/2011 18:15:49] /a
[20/10/2011 18:15:52] /a
[20/10/2011 18:19:57] /i 6254
[20/10/2011 18:20:01] /r
[20/10/2011 18:20:05] /t
[20/10/2011 18:21:04] /reload talkactions
[20/10/2011 18:28:37] /i 4610
[20/10/2011 18:28:40] /a
[20/10/2011 18:28:43] /a
[20/10/2011 18:28:45] /i 457
[20/10/2011 18:34:07] /i backpack
[20/10/2011 18:34:11] /i baiakzik armor
[20/10/2011 18:34:13] /i baiakzik helmet
[20/10/2011 18:34:17] /i baiakzik legs
[20/10/2011 18:34:20] /i baiakzik shield
[20/10/2011 18:34:32] /i addon doll
[20/10/2011 18:37:07] /reload actions
[20/10/2011 18:37:13] /i 1746
[20/10/2011 18:37:19] /attr unique 7514
[20/10/2011 18:51:35] /i 1387
[20/10/2011 18:51:46] /attr position 474 34 7
[20/10/2011 18:51:55] /a 5
[20/10/2011 18:51:56] /a 5
[20/10/2011 18:51:57] /a 5
[20/10/2011 18:51:57] /a 5
[20/10/2011 18:58:09] /r
[20/10/2011 18:58:35] /t
[20/10/2011 19:06:13] /a
[20/10/2011 19:06:19] /i baiakzik sword
[20/10/2011 19:06:25] /t
[20/10/2011 19:18:02] /n saco de pancada
[20/10/2011 19:19:01] /r
[20/10/2011 19:19:05] /goto saco de pancada
[20/10/2011 19:19:08] /goto saco de pancada
[20/10/2011 19:19:09] /goto saco de pancada
[20/10/2011 19:19:09] /goto saco de pancada
[20/10/2011 19:19:10] /goto saco de pancada
[20/10/2011 19:19:10] /goto saco de pancada
[20/10/2011 19:20:23] /t
[20/10/2011 19:23:13] /mc
[20/10/2011 19:25:08] /ghost
[20/10/2011 19:25:11] /i 1746
[20/10/2011 19:25:21] /attr unique 7514
[20/10/2011 19:28:04] /t
[20/10/2011 19:28:16] /b
[20/10/2011 19:31:44] /b LUAN LOGA NO GOD
[20/10/2011 19:31:47] /b LUAN LOGA NO GOD
[20/10/2011 19:31:48] /b LUAN LOGA NO GOD
[20/10/2011 19:31:48] /b LUAN LOGA NO GOD
[20/10/2011 19:31:49] /b LUAN LOGA NO GOD
[20/10/2011 19:34:52] /a 2
[20/10/2011 19:37:26] /goto noia
[20/10/2011 19:37:28] /a
[20/10/2011 19:37:29] /a
[20/10/2011 19:42:11] /i 1387
[20/10/2011 19:42:54] /attr position 474 34 7
[20/10/2011 19:43:24] /attr position 474 34 7
[20/10/2011 19:46:31] /c noia
[20/10/2011 19:46:41] /a 10
[20/10/2011 19:46:42] /a 10
[20/10/2011 20:29:50] /ghost
[20/10/2011 20:29:51] /ghost
[20/10/2011 20:30:52] /closeserver
[20/10/2011 20:50:23] /goto [adm]~bradock~
[20/10/2011 20:50:26] /t
[20/10/2011 21:03:28] /goto [adm]~bradock~
[20/10/2011 21:03:36] /reload talkactions
[20/10/2011 21:03:41] /attr unique 25000
[20/10/2011 21:03:53] /a
[20/10/2011 21:03:54] /a
[20/10/2011 21:03:57] /attr unique 25000
[20/10/2011 21:04:03] /attr action 25000
[20/10/2011 21:04:07] /a
[20/10/2011 21:04:18] /openserver
[20/10/2011 21:04:54] /closeserver
[20/10/2011 21:14:52] /a
[20/10/2011 21:15:00] /i baiakzik sword
