[16/08/2011 02:11:44] /b Gente o cm Mudo de Name oks ?
[16/08/2011 02:11:53] /b Meu name era solamento
[16/08/2011 02:12:36] /i master vip shield
[16/08/2011 02:13:00] /t
[16/08/2011 02:14:11] /t
[16/08/2011 02:14:21] /b god esta online ae?
[16/08/2011 02:15:18] /a
[16/08/2011 02:15:33] /a
[16/08/2011 02:15:33] /a
[16/08/2011 02:15:33] /a
[16/08/2011 02:19:05] /a
[16/08/2011 02:19:06] /a
[16/08/2011 02:19:07] /a
[16/08/2011 02:19:07] /a
[16/08/2011 02:19:07] /a
[16/08/2011 02:19:07] /a
[16/08/2011 02:19:07] /a
[16/08/2011 02:19:07] /a
[16/08/2011 02:19:07] /a
[16/08/2011 02:19:07] /a
[16/08/2011 02:19:07] /a
[16/08/2011 02:19:07] /a
[16/08/2011 02:19:07] /a
[16/08/2011 02:19:08] /a
[16/08/2011 02:19:08] /a
[16/08/2011 02:19:11] /a
[16/08/2011 02:19:11] /a
[16/08/2011 02:19:11] /a
[16/08/2011 02:19:12] /a
[16/08/2011 02:19:12] /a
[16/08/2011 02:19:13] /a
[16/08/2011 02:19:13] /a
[16/08/2011 02:19:13] /a
[16/08/2011 02:19:13] /a
[16/08/2011 02:19:13] /a
[16/08/2011 02:19:14] /a
[16/08/2011 02:19:20] /a
[16/08/2011 02:19:20] /a
[16/08/2011 02:19:20] /a
[16/08/2011 02:19:23] /a
[16/08/2011 02:19:23] /a
[16/08/2011 02:19:23] /a
[16/08/2011 02:19:24] /a
[16/08/2011 02:19:24] /a
[16/08/2011 02:19:24] /a
[16/08/2011 02:19:25] /a
[16/08/2011 02:19:25] /a
[16/08/2011 02:19:31] /a
[16/08/2011 02:19:31] /a
[16/08/2011 02:19:31] /a
[16/08/2011 02:19:32] /a
[16/08/2011 02:19:39] /a
[16/08/2011 02:19:47] /b Gente Con 15 Player tera Outro event.
[16/08/2011 02:19:48] /a
[16/08/2011 02:19:48] /a
[16/08/2011 02:19:48] /a
[16/08/2011 02:19:49] /a
[16/08/2011 02:19:49] /a
[16/08/2011 02:19:49] /a
[16/08/2011 02:19:49] /a
[16/08/2011 02:19:49] /a
[16/08/2011 02:19:49] /a
[16/08/2011 02:19:54] /a
[16/08/2011 02:19:54] /a
[16/08/2011 02:19:54] /a
[16/08/2011 02:19:55] /a
[16/08/2011 02:19:55] /a
[16/08/2011 02:19:55] /a
[16/08/2011 02:19:55] /a
[16/08/2011 02:20:01] /a
[16/08/2011 02:20:01] /ghost
[16/08/2011 02:20:04] /a
[16/08/2011 02:20:04] /a
[16/08/2011 02:20:04] /a
[16/08/2011 02:20:04] /a
[16/08/2011 02:20:05] /a
[16/08/2011 02:20:05] /a
[16/08/2011 02:20:06] /a
[16/08/2011 02:20:08] /a
[16/08/2011 02:20:08] /a
[16/08/2011 02:20:08] /a
[16/08/2011 02:20:08] /a
[16/08/2011 02:20:08] /a
[16/08/2011 02:20:08] /a
[16/08/2011 02:20:08] /a
[16/08/2011 02:20:08] /a
[16/08/2011 02:20:08] /a
[16/08/2011 02:20:08] /a
[16/08/2011 02:20:08] /a
[16/08/2011 02:20:10] /a
[16/08/2011 02:20:10] /a
[16/08/2011 02:20:18] /b infernaltiil
[16/08/2011 02:20:19] /a
[16/08/2011 02:20:19] /a
[16/08/2011 02:20:20] /a
[16/08/2011 02:20:20] /a
[16/08/2011 02:20:25] /a
[16/08/2011 02:20:25] /a
[16/08/2011 02:20:41] /a
[16/08/2011 02:20:42] /a
[16/08/2011 02:20:43] /a
[16/08/2011 02:20:44] /a
[16/08/2011 02:20:50] /a
[16/08/2011 02:20:51] /a
[16/08/2011 02:20:51] /a
[16/08/2011 02:21:03] /a
[16/08/2011 02:21:03] /a
[16/08/2011 02:21:09] /a
[16/08/2011 02:21:22] /goto noia
[16/08/2011 02:21:37] /a
[16/08/2011 02:21:37] /a
[16/08/2011 02:21:37] /a
[16/08/2011 02:21:37] /a
[16/08/2011 02:21:38] /a
[16/08/2011 02:21:38] /a
[16/08/2011 02:21:38] /a
[16/08/2011 02:21:38] /a
[16/08/2011 02:21:38] /a
[16/08/2011 02:21:43] /a
[16/08/2011 02:21:43] /a
[16/08/2011 02:21:43] /a
[16/08/2011 02:21:43] /a
[16/08/2011 02:21:43] /a
[16/08/2011 02:21:43] /a
[16/08/2011 02:21:43] /a
[16/08/2011 02:21:44] /a
[16/08/2011 02:21:44] /a
[16/08/2011 02:21:49] /a
[16/08/2011 02:21:49] /a
[16/08/2011 02:21:49] /a
[16/08/2011 02:21:50] /a
[16/08/2011 02:21:50] /a
[16/08/2011 02:21:50] /a
[16/08/2011 02:21:51] /a
[16/08/2011 02:21:51] /a
[16/08/2011 02:21:51] /a
[16/08/2011 02:21:51] /a
[16/08/2011 02:21:51] /a
[16/08/2011 02:21:51] /a
[16/08/2011 02:21:51] /a
[16/08/2011 02:21:51] /a
[16/08/2011 02:21:51] /a
[16/08/2011 02:21:51] /a
[16/08/2011 02:21:51] /a
[16/08/2011 02:21:51] /a
[16/08/2011 02:21:51] /a
[16/08/2011 02:21:51] /a
[16/08/2011 02:21:51] /a
[16/08/2011 02:21:52] /a
[16/08/2011 02:21:52] /a
[16/08/2011 02:21:52] /a
[16/08/2011 02:21:52] /a
[16/08/2011 02:21:52] /a
[16/08/2011 02:21:52] /a
[16/08/2011 02:21:52] /a
[16/08/2011 02:21:52] /a
[16/08/2011 02:21:52] /a
[16/08/2011 02:21:52] /a
[16/08/2011 02:21:52] /a
[16/08/2011 02:21:52] /a
[16/08/2011 02:21:52] /a
[16/08/2011 02:21:52] /a
[16/08/2011 02:21:52] /a
[16/08/2011 02:21:52] /a
[16/08/2011 02:21:52] /a
[16/08/2011 02:21:52] /a
[16/08/2011 02:21:52] /a
[16/08/2011 02:21:52] /a
[16/08/2011 02:21:52] /a
[16/08/2011 02:21:52] /a
[16/08/2011 02:21:52] /a
[16/08/2011 02:21:52] /a
[16/08/2011 02:21:53] /a
[16/08/2011 02:21:53] /a
[16/08/2011 02:21:53] /a
[16/08/2011 02:21:53] /a
[16/08/2011 02:21:53] /a
[16/08/2011 02:21:53] /a
[16/08/2011 02:21:53] /a
[16/08/2011 02:21:53] /a
[16/08/2011 02:21:53] /a
[16/08/2011 02:21:53] /a
[16/08/2011 02:21:53] /a
[16/08/2011 02:21:53] /a
[16/08/2011 02:21:54] /a
[16/08/2011 02:21:55] /a
[16/08/2011 02:21:55] /a
[16/08/2011 02:21:55] /a
[16/08/2011 02:21:55] /a
[16/08/2011 02:21:55] /a
[16/08/2011 02:21:56] /a
[16/08/2011 02:21:56] /a
[16/08/2011 02:21:56] /a
[16/08/2011 02:21:56] /a
[16/08/2011 02:21:57] /a
[16/08/2011 02:21:57] /a
[16/08/2011 02:21:57] /a
[16/08/2011 02:21:57] /a
[16/08/2011 02:22:03] /a
[16/08/2011 02:22:03] /a
[16/08/2011 02:22:26] /a
[16/08/2011 02:22:40] /a
[16/08/2011 02:22:40] /a
[16/08/2011 02:22:41] /a
[16/08/2011 02:22:41] /a
[16/08/2011 02:22:41] /a
[16/08/2011 02:22:41] /a
[16/08/2011 02:22:41] /a
[16/08/2011 02:22:41] /a
[16/08/2011 02:22:41] /a
[16/08/2011 02:22:41] /a
[16/08/2011 02:22:41] /a
[16/08/2011 02:22:41] /a
[16/08/2011 02:22:41] /a
[16/08/2011 02:22:41] /a
[16/08/2011 02:22:41] /a
[16/08/2011 02:22:41] /a
[16/08/2011 02:22:41] /a
[16/08/2011 02:22:41] /a
[16/08/2011 02:22:41] /a
[16/08/2011 02:22:41] /a
[16/08/2011 02:22:41] /a
[16/08/2011 02:22:41] /a
[16/08/2011 02:22:41] /a
[16/08/2011 02:22:41] /a
[16/08/2011 02:22:43] /a
[16/08/2011 02:22:44] /a
[16/08/2011 02:22:44] /a
[16/08/2011 02:22:44] /a
[16/08/2011 02:22:44] /a
[16/08/2011 02:22:44] /a
[16/08/2011 02:22:44] /a
[16/08/2011 02:22:44] /a
[16/08/2011 02:22:44] /a
[16/08/2011 02:22:44] /a
[16/08/2011 02:22:44] /a
[16/08/2011 02:22:44] /a
[16/08/2011 02:22:44] /a
[16/08/2011 02:22:44] /a
[16/08/2011 02:22:44] /a
[16/08/2011 02:22:44] /a
[16/08/2011 02:22:44] /a
[16/08/2011 02:22:44] /a
[16/08/2011 02:22:44] /a
[16/08/2011 02:22:44] /a
[16/08/2011 02:22:44] /a
[16/08/2011 02:22:44] /a
[16/08/2011 02:22:44] /a
[16/08/2011 02:22:44] /a
[16/08/2011 02:22:45] /a
[16/08/2011 02:22:45] /a
[16/08/2011 02:22:47] /a
[16/08/2011 02:22:57] /a 6
[16/08/2011 02:23:00] /a 6
[16/08/2011 02:23:07] /a 6
[16/08/2011 02:23:10] /a 6
[16/08/2011 02:23:39] /a 5
[16/08/2011 02:23:56] /a
[16/08/2011 02:23:56] /a
[16/08/2011 02:23:56] /a
[16/08/2011 02:23:56] /a
[16/08/2011 02:23:56] /a
[16/08/2011 02:23:56] /a
[16/08/2011 02:23:56] /a
[16/08/2011 02:23:56] /a
[16/08/2011 02:23:56] /a
[16/08/2011 02:23:56] /a
[16/08/2011 02:23:56] /a
[16/08/2011 02:23:56] /a
[16/08/2011 02:23:56] /a
[16/08/2011 02:23:56] /a
[16/08/2011 02:23:56] /a
[16/08/2011 02:23:56] /a
[16/08/2011 02:23:56] /a
[16/08/2011 02:23:57] /a
[16/08/2011 02:23:57] /a
[16/08/2011 02:23:57] /a
[16/08/2011 02:23:57] /a
[16/08/2011 02:23:57] /a
[16/08/2011 02:23:57] /a
[16/08/2011 02:23:57] /a
[16/08/2011 02:23:57] /a
[16/08/2011 02:23:57] /a
[16/08/2011 02:23:57] /a
[16/08/2011 02:23:57] /a
[16/08/2011 02:23:57] /a
[16/08/2011 02:23:57] /a
[16/08/2011 02:23:57] /a
[16/08/2011 02:23:57] /a
[16/08/2011 02:23:57] /a
[16/08/2011 02:23:59] /a
[16/08/2011 02:23:59] /a
[16/08/2011 02:23:59] /a
[16/08/2011 02:23:59] /a
[16/08/2011 02:23:59] /a
[16/08/2011 02:23:59] /a
[16/08/2011 02:23:59] /a
[16/08/2011 02:23:59] /a
[16/08/2011 02:23:59] /a
[16/08/2011 02:23:59] /a
[16/08/2011 02:23:59] /a
[16/08/2011 02:23:59] /a
[16/08/2011 02:23:59] /a
[16/08/2011 02:23:59] /a
[16/08/2011 02:23:59] /a
[16/08/2011 02:23:59] /a
[16/08/2011 02:23:59] /a
[16/08/2011 02:23:59] /a
[16/08/2011 02:23:59] /a
[16/08/2011 02:23:59] /a
[16/08/2011 02:23:59] /a
[16/08/2011 02:23:59] /a
[16/08/2011 02:24:00] /a
[16/08/2011 02:24:01] /a
[16/08/2011 02:24:01] /a
[16/08/2011 02:24:01] /a
[16/08/2011 02:24:02] /a
[16/08/2011 02:24:02] /a
[16/08/2011 02:24:02] /a
[16/08/2011 02:24:02] /a
[16/08/2011 02:24:02] /a
[16/08/2011 02:24:02] /a
[16/08/2011 02:24:03] /a
[16/08/2011 02:24:03] /a
[16/08/2011 02:24:03] /a
[16/08/2011 02:24:03] /a
[16/08/2011 02:24:03] /a
[16/08/2011 02:24:08] /a
[16/08/2011 02:24:09] /a
[16/08/2011 02:24:09] /a
[16/08/2011 02:24:09] /a
[16/08/2011 02:24:16] /a
[16/08/2011 02:24:16] /a
[16/08/2011 02:24:23] /a
[16/08/2011 02:24:25] /a
[16/08/2011 02:24:25] /a
[16/08/2011 02:24:25] /a
[16/08/2011 02:24:26] /a
[16/08/2011 02:24:26] /a
[16/08/2011 02:24:26] /a
[16/08/2011 02:24:26] /a
[16/08/2011 02:24:26] /a
[16/08/2011 02:24:26] /a
[16/08/2011 02:24:27] /a
[16/08/2011 02:24:28] /a
[16/08/2011 02:24:28] /a
[16/08/2011 02:24:28] /a
[16/08/2011 02:24:28] /a
[16/08/2011 02:24:28] /a
[16/08/2011 02:24:28] /a
[16/08/2011 02:24:35] /a
[16/08/2011 02:24:35] /a
[16/08/2011 02:24:35] /a
[16/08/2011 02:24:35] /a
[16/08/2011 02:24:35] /a
[16/08/2011 02:25:15] /a
[16/08/2011 02:25:15] /a
[16/08/2011 02:25:15] /a
[16/08/2011 02:25:15] /a
[16/08/2011 02:25:15] /a
[16/08/2011 02:25:15] /a
[16/08/2011 02:25:15] /a
[16/08/2011 02:25:15] /a
[16/08/2011 02:25:16] /a
[16/08/2011 02:25:16] /a
[16/08/2011 02:25:16] /a
[16/08/2011 02:25:16] /a
[16/08/2011 02:25:16] /a
[16/08/2011 02:25:16] /a
[16/08/2011 02:25:16] /a
[16/08/2011 02:25:16] /a
[16/08/2011 02:25:16] /a
[16/08/2011 02:25:16] /a
[16/08/2011 02:25:16] /a
[16/08/2011 02:25:16] /a
[16/08/2011 02:25:16] /a
[16/08/2011 02:25:16] /a
[16/08/2011 02:25:16] /a
[16/08/2011 02:25:16] /a
[16/08/2011 02:25:16] /a
[16/08/2011 02:25:16] /a
[16/08/2011 02:25:16] /a
[16/08/2011 02:25:16] /a
[16/08/2011 02:25:16] /a
[16/08/2011 02:25:17] /a
[16/08/2011 02:25:17] /a
[16/08/2011 02:25:17] /a
[16/08/2011 02:25:18] /a
[16/08/2011 02:25:18] /a
[16/08/2011 02:25:18] /a
[16/08/2011 02:25:18] /a
[16/08/2011 02:25:18] /a
[16/08/2011 02:25:19] /a
[16/08/2011 02:25:19] /a
[16/08/2011 02:25:19] /a
[16/08/2011 02:25:19] /a
[16/08/2011 02:25:19] /a
[16/08/2011 02:25:19] /a
[16/08/2011 02:25:20] /a
[16/08/2011 02:25:20] /a
[16/08/2011 02:25:20] /a
[16/08/2011 02:25:21] /a
[16/08/2011 02:25:21] /a
[16/08/2011 02:25:22] /a
[16/08/2011 02:25:22] /a
[16/08/2011 02:25:46] /i demon backpack
[16/08/2011 02:26:12] /a
[16/08/2011 02:26:16] /t
[16/08/2011 02:49:41] /goto Account Manager
[16/08/2011 02:49:43] /goto Account Manager
[16/08/2011 02:50:09] /t
[16/08/2011 02:50:17] /ghost
[16/08/2011 02:50:39] /goto Mago Tenebroso
[16/08/2011 02:51:20] /t
[16/08/2011 02:51:33] /goto mago tenebroso
[16/08/2011 02:56:16] /bc greenGente ne melhor 1k ne ?
[16/08/2011 02:56:20] /bc green Gente ne melhor 1k ne ?
[16/08/2011 02:59:40] /bc green vo reinicia pra aumenta exp 
[16/08/2011 02:59:42] /bc green vo reinicia pra aumenta exp 
[16/08/2011 02:59:43] /bc green vo reinicia pra aumenta exp 
[16/08/2011 02:59:43] /bc green vo reinicia pra aumenta exp 
[16/08/2011 02:59:44] /save
[16/08/2011 02:59:53] /bc green vo reinicia pra aumenta exp 
[16/08/2011 03:01:20] /b a god exp nao almento nada.
[16/08/2011 03:01:48] /i vip stone
[16/08/2011 03:02:02] /goto justiceiro
[16/08/2011 03:02:06] /goto Justiceiro
[16/08/2011 03:02:17] /goto Justiceiro
[16/08/2011 03:02:19] /c Justiceiro
[16/08/2011 03:02:27] /goto Justiceiro
[16/08/2011 03:02:29] /a
[16/08/2011 03:02:32] /c Justiceiro
[16/08/2011 03:03:33] /a
[16/08/2011 03:03:38] /t
[16/08/2011 03:04:30] /b Gente en 15 Player vai rola Event.
[16/08/2011 03:04:42] /b Gente en 15 Player vai rola Event.
[16/08/2011 03:04:50] /a
[16/08/2011 03:04:51] /a
[16/08/2011 03:04:58] /a
[16/08/2011 03:05:01] /a
[16/08/2011 03:05:07] /i 424
[16/08/2011 03:05:09] /a
[16/08/2011 03:05:11] /i 424
[16/08/2011 03:05:13] /a
[16/08/2011 03:05:15] /i 424
[16/08/2011 03:05:16] /a
[16/08/2011 03:05:17] /i 424
[16/08/2011 03:05:19] /i 424
[16/08/2011 03:05:20] /a
[16/08/2011 03:05:20] /i 424
[16/08/2011 03:05:22] /a
[16/08/2011 03:05:23] /i 424
[16/08/2011 03:05:25] /a
[16/08/2011 03:05:26] /i 424
[16/08/2011 03:05:27] /a
[16/08/2011 03:05:27] /i 424
[16/08/2011 03:05:29] /a
[16/08/2011 03:05:33] /i 424
[16/08/2011 03:05:42] /t
[16/08/2011 03:28:26] /t
[16/08/2011 03:37:46] /i amulet of loss
[16/08/2011 03:55:50] /t
[16/08/2011 03:56:07] /t
[16/08/2011 03:56:12] /m magebom
[16/08/2011 03:56:16] /m magebomb
[16/08/2011 04:14:01] /b Ten algun player ae online ?
[16/08/2011 04:14:22] /i vip wand
[16/08/2011 04:14:48] /i demon backpack
[16/08/2011 04:14:56] /i baiak armor
[16/08/2011 04:15:00] /i baiak legs
[16/08/2011 04:15:06] /i baiak helmet
[16/08/2011 04:15:15] /i baiak boots
[16/08/2011 04:15:23] /i 12609
[16/08/2011 04:15:27] /i 12608
[16/08/2011 04:15:29] /i 12607
[16/08/2011 04:15:36] /i demon backpack
[16/08/2011 04:15:53] /ghost
[16/08/2011 04:15:54] /ghost
[16/08/2011 04:16:30] /i 12606
[16/08/2011 04:16:37] /i 12605
[16/08/2011 04:16:45] /i 12603
[16/08/2011 04:16:48] /i 12602
[16/08/2011 04:17:17] /c My Name Is Mage Rush
[16/08/2011 04:17:20] /m rotwrom
[16/08/2011 04:17:23] /m rat
[16/08/2011 04:17:24] /m rat
[16/08/2011 04:17:39] /m rotwrom
[16/08/2011 04:17:44] /m rt
[16/08/2011 04:17:45] /m rat
[16/08/2011 04:17:47] /m rat
[16/08/2011 04:17:48] /m rat
[16/08/2011 04:18:02] /i baiak legs
[16/08/2011 04:18:42] /i baiak helmet
[16/08/2011 04:18:48] /i baiak armor
[16/08/2011 04:18:52] /i baiak legs
[16/08/2011 04:18:59] /i baiak shield
[16/08/2011 04:19:04] /i vip wand
[16/08/2011 04:19:23] /a
[16/08/2011 04:19:27] /c My Name Is Mage Rush
[16/08/2011 04:19:31] /a
[16/08/2011 04:19:43] /i vip wand
[16/08/2011 04:20:24] /i 12609
[16/08/2011 04:21:54] /i vip rod
[16/08/2011 04:22:22] /clean
[16/08/2011 04:22:46] /b Vao upa :Ds.
[16/08/2011 04:23:49] /c noia
[16/08/2011 04:25:15] /b Gente serve 24 hr Dedicado <<O>>
[16/08/2011 04:29:11] /b Quero ver war neste ot Pessoal.
[16/08/2011 04:29:36] /b todos templo war gogo !!!
[16/08/2011 04:58:36] /goto noia
[16/08/2011 04:58:54] /a
[16/08/2011 04:58:55] /a
[16/08/2011 04:58:55] /a
[16/08/2011 04:58:55] /a
[16/08/2011 04:58:56] /a
[16/08/2011 04:58:56] /a
[16/08/2011 04:58:57] /a
[16/08/2011 04:58:57] /a
[16/08/2011 04:58:57] /a
[16/08/2011 04:58:58] /a
[16/08/2011 04:58:58] /a
[16/08/2011 04:58:58] /a
[16/08/2011 04:59:08] /a
[16/08/2011 05:25:06] /i vip stone
[16/08/2011 05:25:17] /ghost
[16/08/2011 05:25:20] /t
[16/08/2011 05:35:11] /i rod vip
[16/08/2011 05:35:12] /t
[16/08/2011 05:35:18] /i rod vip
[16/08/2011 05:35:31] /i staff vip
[16/08/2011 05:35:34] /i rod vip
[16/08/2011 05:35:36] /i rod staff
[16/08/2011 05:35:47] /a
[16/08/2011 05:35:50] /a
[16/08/2011 05:36:02] /b adm fala comigo
[16/08/2011 05:36:06] /a
[16/08/2011 05:36:08] /a
[16/08/2011 05:36:11] /b adm fala comigo
[16/08/2011 05:36:12] /b adm fala comigo
[16/08/2011 05:36:13] /b adm fala comigo
[16/08/2011 05:36:13] /b adm fala comigo
[16/08/2011 05:36:14] /b adm fala comigo
[16/08/2011 05:36:47] /i rod vip
[16/08/2011 05:37:24] /a
[16/08/2011 05:37:25] /a
[16/08/2011 05:37:40] /i master vip rod
[16/08/2011 05:38:35] /b esto azuado contigo god fala comigo ta de palhaçada e 
[16/08/2011 13:19:44] /b iaew pessoal loguei na lan hause mas vop sair  :Ds.
[16/08/2011 13:19:48] /t
[16/08/2011 13:46:35] /t
[16/08/2011 13:47:01] /goto Larissa
[16/08/2011 13:47:16] /t
[16/08/2011 13:47:51] /ghost
[16/08/2011 13:48:09] /goto noiaa
[16/08/2011 13:48:10] /goto noia
[16/08/2011 13:48:25] /t
[16/08/2011 13:48:39] /goto
[16/08/2011 13:48:42] /goto noia
[16/08/2011 13:48:47] /goto noia
[16/08/2011 13:48:49] /goto noia
[16/08/2011 13:48:50] /goto noia
[16/08/2011 13:48:59] /goto noia
[16/08/2011 13:49:04] /goto noia
[16/08/2011 13:49:10] /goto noia
[16/08/2011 13:49:15] /goto noia
[16/08/2011 13:49:26] /c oxxy extreme
[16/08/2011 13:49:32] /c oxxy extreme
[16/08/2011 13:49:50] /goto noia
[16/08/2011 13:49:51] /c oxxy extreme
[16/08/2011 13:49:57] /a
[16/08/2011 13:49:58] /a
[16/08/2011 13:49:59] /a
[16/08/2011 13:50:00] /a
[16/08/2011 13:50:00] /c oxxy extreme
[16/08/2011 13:50:07] /goto noia
[16/08/2011 17:55:11] /t
[16/08/2011 17:55:35] /b Eae pessoal
[16/08/2011 17:55:59] /bc green tumare que voce teja uma boa noite e um bom dia.
[16/08/2011 17:56:12] /newtype 3321
[16/08/2011 17:56:16] /newtype 332
[16/08/2011 17:56:20] /newtype 331
[16/08/2011 17:58:46] /b duvidas No Help.
[16/08/2011 17:59:14] /t
[16/08/2011 18:00:09] /i master rod vip
[16/08/2011 18:00:14] /i master vip rod
[16/08/2011 18:01:50] /b Vendo Items master Por apenes 10kk
[16/08/2011 18:02:56] /b Duvidas no help, Vendo Items master Por 10kk.
[16/08/2011 18:04:02] /m frost dragon3
[16/08/2011 18:04:03] /m frost dragon
[16/08/2011 18:04:06] /m frost dragon
[16/08/2011 18:04:07] /m frost dragon
[16/08/2011 18:04:15] /m toxiros
[16/08/2011 18:04:20] /r
[16/08/2011 18:04:23] /r
[16/08/2011 18:04:25] /r
[16/08/2011 18:06:40] /up
[16/08/2011 18:06:58] /t
[16/08/2011 18:07:06] /a
[16/08/2011 18:07:11] /c Reconnet
[16/08/2011 18:07:30] /a
[16/08/2011 18:07:30] /a
[16/08/2011 18:07:32] /a
[16/08/2011 18:07:35] /c Reconnet
[16/08/2011 18:07:36] /c Reconnet
[16/08/2011 18:07:57] /t Reconnet
[16/08/2011 18:08:00] /kick Reconnet
[16/08/2011 21:35:07] /t
[16/08/2011 21:35:23] /b Boa Note Pessoal.
[16/08/2011 21:36:41] /b Gente vo ageita o event oks.
[16/08/2011 21:36:44] /up 2
[16/08/2011 21:36:51] /i dice
[16/08/2011 21:36:58] /t
[16/08/2011 21:37:18] /kick noi
[16/08/2011 21:37:19] /kick noia
[16/08/2011 21:37:38] /goto noia
[16/08/2011 21:37:43] /t
[16/08/2011 21:37:46] /i 1483
[16/08/2011 21:37:50] /r
[16/08/2011 21:37:52] /i 1483
[16/08/2011 21:37:54] /i 1483
[16/08/2011 21:38:00] /r
[16/08/2011 21:38:03] /i 3710
[16/08/2011 21:38:05] /i 1483
[16/08/2011 21:38:06] /r
[16/08/2011 21:38:08] /i 3710
[16/08/2011 21:38:14] /bc clean
[16/08/2011 21:38:17] /clean
[16/08/2011 21:38:27] /b Gente event frente o templo jaja
[16/08/2011 21:38:30] /a
[16/08/2011 21:38:34] /t Frontilai'z
[16/08/2011 21:38:40] /t Haley
[16/08/2011 21:38:55] /r
[16/08/2011 21:38:56] /r
[16/08/2011 21:38:57] /r
[16/08/2011 21:38:58] /t
[16/08/2011 21:38:59] /up
[16/08/2011 21:38:59] /up
[16/08/2011 21:39:04] /r
[16/08/2011 21:39:08] /r 
[16/08/2011 21:39:12] /r 
[16/08/2011 21:39:14] /r 
[16/08/2011 21:39:27] /i 3710
[16/08/2011 21:39:28] /i 3710
[16/08/2011 21:39:29] /i 3710
[16/08/2011 21:39:29] /i 3710
[16/08/2011 21:39:31] /i 3710
[16/08/2011 21:39:32] /i 3710
[16/08/2011 21:39:34] /i 3710
[16/08/2011 21:39:42] /i 1483
[16/08/2011 21:39:44] /i 3710
[16/08/2011 21:39:45] /i 3710
[16/08/2011 21:39:45] /i 3710
[16/08/2011 21:39:47] /i 3710
[16/08/2011 21:39:48] /i 3710
[16/08/2011 21:39:50] /i 3710
[16/08/2011 21:39:53] /r
[16/08/2011 21:39:54] /i 3710
[16/08/2011 21:39:57] /c noia
[16/08/2011 21:40:27] /t noia
[16/08/2011 21:40:32] /i 3710
[16/08/2011 21:40:33] /i 3710
[16/08/2011 21:40:34] /i 3710
[16/08/2011 21:40:35] /i 3710
[16/08/2011 21:40:36] /i 3710
[16/08/2011 21:40:37] /i 3710
[16/08/2011 21:40:38] /i 3710
[16/08/2011 21:40:51] /goto noia
[16/08/2011 21:40:56] /a
[16/08/2011 21:40:57] /a
[16/08/2011 21:40:57] /a
[16/08/2011 21:41:09] /b Pessoal event gogogo ja vai começa.
[16/08/2011 21:41:33] /b Quen for event avisa No Private.
[16/08/2011 21:41:36] /a
[16/08/2011 21:41:36] /a
[16/08/2011 21:41:37] /a
[16/08/2011 21:41:38] /a
[16/08/2011 21:41:52] /c haley
[16/08/2011 21:41:56] /c Serial killer
[16/08/2011 21:41:59] /a
[16/08/2011 21:42:01] /a
[16/08/2011 21:42:02] /a
[16/08/2011 21:42:07] /c Queen's Jogaeazy
[16/08/2011 21:42:12] /b falalogo quen vai event.
[16/08/2011 21:42:17] /a
[16/08/2011 21:42:17] /a
[16/08/2011 21:42:18] /a
[16/08/2011 21:42:20] /a
[16/08/2011 21:42:20] /r
[16/08/2011 21:42:21] /r
[16/08/2011 21:42:21] /r
[16/08/2011 21:42:24] /r all
[16/08/2011 21:42:27] /r
[16/08/2011 21:42:27] /r
[16/08/2011 21:42:28] /r
[16/08/2011 21:42:28] /r
[16/08/2011 21:42:31] /r
[16/08/2011 21:42:31] /r
[16/08/2011 21:42:32] /r
[16/08/2011 21:42:32] /r
[16/08/2011 21:42:32] /r
[16/08/2011 21:42:32] /r
[16/08/2011 21:42:32] /r
[16/08/2011 21:42:32] /r
[16/08/2011 21:42:33] /r
[16/08/2011 21:42:33] /r
[16/08/2011 21:42:33] /r
[16/08/2011 21:42:33] /r
[16/08/2011 21:42:33] /r
[16/08/2011 21:42:33] /r
[16/08/2011 21:42:33] /r
[16/08/2011 21:42:34] /r
[16/08/2011 21:42:34] /r
[16/08/2011 21:42:34] /r
[16/08/2011 21:42:34] /r
[16/08/2011 21:42:35] /r
[16/08/2011 21:42:35] /r
[16/08/2011 21:42:35] /r
[16/08/2011 21:42:35] /r
[16/08/2011 21:42:36] /r
[16/08/2011 21:42:36] /r
[16/08/2011 21:42:36] /r
[16/08/2011 21:42:36] /r
[16/08/2011 21:42:36] /r
[16/08/2011 21:42:37] /r
[16/08/2011 21:42:37] /r
[16/08/2011 21:42:38] /r
[16/08/2011 21:42:38] /r
[16/08/2011 21:42:38] /r
[16/08/2011 21:42:39] /r
[16/08/2011 21:42:39] /r
[16/08/2011 21:42:50] /r
[16/08/2011 21:42:50] /r
[16/08/2011 21:42:50] /r
[16/08/2011 21:42:50] /r
[16/08/2011 21:42:50] /r
[16/08/2011 21:42:50] /r
[16/08/2011 21:42:51] /r
[16/08/2011 21:42:51] /r
[16/08/2011 21:42:52] /r
[16/08/2011 21:42:52] /r
[16/08/2011 21:42:52] /r
[16/08/2011 21:42:52] /r
[16/08/2011 21:42:52] /r
[16/08/2011 21:42:53] /r
[16/08/2011 21:42:53] /r
[16/08/2011 21:42:53] /r
[16/08/2011 21:42:53] /r
[16/08/2011 21:42:53] /r
[16/08/2011 21:42:53] /r
[16/08/2011 21:42:54] /r
[16/08/2011 21:42:54] /r
[16/08/2011 21:42:54] /r
[16/08/2011 21:42:54] /r
[16/08/2011 21:42:54] /r
[16/08/2011 21:42:55] /r
[16/08/2011 21:42:55] /r
[16/08/2011 21:42:55] /r
[16/08/2011 21:42:55] /r
[16/08/2011 21:42:55] /r
[16/08/2011 21:42:56] /r
[16/08/2011 21:42:56] /r
[16/08/2011 21:42:56] /r
[16/08/2011 21:42:56] /r
[16/08/2011 21:42:56] /r
[16/08/2011 21:42:56] /r
[16/08/2011 21:42:57] /r
[16/08/2011 21:42:57] /r
[16/08/2011 21:42:57] /r
[16/08/2011 21:42:57] /r
[16/08/2011 21:42:58] /r
[16/08/2011 21:42:58] /r
[16/08/2011 21:42:58] /r
[16/08/2011 21:42:58] /r
[16/08/2011 21:42:59] /r
[16/08/2011 21:43:00] /r
[16/08/2011 21:43:00] /r
[16/08/2011 21:43:00] /r
[16/08/2011 21:43:00] /r
[16/08/2011 21:43:00] /r
[16/08/2011 21:43:00] /r
[16/08/2011 21:43:01] /r
[16/08/2011 21:43:01] /r
[16/08/2011 21:43:01] /r
[16/08/2011 21:43:01] /r
[16/08/2011 21:43:01] /r
[16/08/2011 21:43:02] /r
[16/08/2011 21:43:02] /r
[16/08/2011 21:43:02] /r
[16/08/2011 21:43:02] /r
[16/08/2011 21:43:02] /r
[16/08/2011 21:43:03] /r
[16/08/2011 21:43:03] /r
[16/08/2011 21:43:04] /r
[16/08/2011 21:43:04] /r
[16/08/2011 21:43:04] /r
[16/08/2011 21:43:05] /r
[16/08/2011 21:43:05] /r
[16/08/2011 21:43:05] /r
[16/08/2011 21:43:05] /r
[16/08/2011 21:43:06] /r
[16/08/2011 21:43:06] /r
[16/08/2011 21:43:06] /r
[16/08/2011 21:43:06] /r
[16/08/2011 21:43:06] /r
[16/08/2011 21:43:07] /r
[16/08/2011 21:43:07] /r
[16/08/2011 21:43:07] /r
[16/08/2011 21:43:07] /r
[16/08/2011 21:43:07] /r
[16/08/2011 21:43:08] /r
[16/08/2011 21:43:08] /r
[16/08/2011 21:43:09] /r
[16/08/2011 21:43:09] /r
[16/08/2011 21:43:09] /r
[16/08/2011 21:43:09] /r
[16/08/2011 21:43:09] /r
[16/08/2011 21:43:10] /r
[16/08/2011 21:43:10] /r
[16/08/2011 21:43:10] /r
[16/08/2011 21:43:10] /r
[16/08/2011 21:43:10] /r
[16/08/2011 21:43:10] /r
[16/08/2011 21:43:11] /r
[16/08/2011 21:43:11] /r
[16/08/2011 21:43:11] /r
[16/08/2011 21:43:11] /r
[16/08/2011 21:43:11] /r
[16/08/2011 21:43:12] /r
[16/08/2011 21:43:12] /r
[16/08/2011 21:43:12] /r
[16/08/2011 21:43:12] /r
[16/08/2011 21:43:12] /r
[16/08/2011 21:43:12] /r
[16/08/2011 21:43:13] /r
[16/08/2011 21:43:13] /r
[16/08/2011 21:43:14] /r
[16/08/2011 21:43:14] /r
[16/08/2011 21:43:14] /r
[16/08/2011 21:43:14] /r
[16/08/2011 21:43:14] /r
[16/08/2011 21:43:14] /r
[16/08/2011 21:43:15] /r
[16/08/2011 21:43:15] /r
[16/08/2011 21:43:15] /r
[16/08/2011 21:43:16] /r
[16/08/2011 21:43:16] /r
[16/08/2011 21:43:16] /r
[16/08/2011 21:43:16] /r
[16/08/2011 21:43:17] /r
[16/08/2011 21:43:17] /r
[16/08/2011 21:43:17] /r
[16/08/2011 21:43:17] /r
[16/08/2011 21:43:18] /r
[16/08/2011 21:43:18] /r
[16/08/2011 21:43:18] /r
[16/08/2011 21:43:18] /r
[16/08/2011 21:43:19] /r
[16/08/2011 21:43:19] /r
[16/08/2011 21:43:19] /r
[16/08/2011 21:43:19] /r
[16/08/2011 21:43:19] /r
[16/08/2011 21:43:19] /r
[16/08/2011 21:43:20] /r
[16/08/2011 21:43:21] /r
[16/08/2011 21:43:21] /r
[16/08/2011 21:43:21] /r
[16/08/2011 21:43:21] /r
[16/08/2011 21:43:22] /r
[16/08/2011 21:43:22] /r
[16/08/2011 21:43:22] /r
[16/08/2011 21:43:23] /r
[16/08/2011 21:43:23] /r
[16/08/2011 21:43:23] /r
[16/08/2011 21:43:23] /r
[16/08/2011 21:43:23] /r
[16/08/2011 21:43:23] /r
[16/08/2011 21:43:24] /r
[16/08/2011 21:43:24] /r
[16/08/2011 21:43:24] /r
[16/08/2011 21:43:25] /r
[16/08/2011 21:43:25] /r
[16/08/2011 21:43:25] /r
[16/08/2011 21:43:25] /r
[16/08/2011 21:43:26] /r
[16/08/2011 21:43:26] /r
[16/08/2011 21:43:27] /r
[16/08/2011 21:43:27] /r
[16/08/2011 21:43:27] /r
[16/08/2011 21:43:27] /r
[16/08/2011 21:43:27] /r
[16/08/2011 21:43:28] /r
[16/08/2011 21:43:28] /r
[16/08/2011 21:43:28] /r
[16/08/2011 21:43:28] /r
[16/08/2011 21:43:28] /r
[16/08/2011 21:43:29] /r
[16/08/2011 21:43:29] /r
[16/08/2011 21:43:29] /r
[16/08/2011 21:43:30] /r
[16/08/2011 21:43:30] /r
[16/08/2011 21:43:30] /r
[16/08/2011 21:43:30] /r
[16/08/2011 21:43:30] /r
[16/08/2011 21:43:32] /r
[16/08/2011 21:43:32] /r
[16/08/2011 21:43:32] /r
[16/08/2011 21:43:32] /r
[16/08/2011 21:43:33] /r
[16/08/2011 21:43:33] /r
[16/08/2011 21:43:33] /r
[16/08/2011 21:43:33] /r
[16/08/2011 21:43:34] /r
[16/08/2011 21:43:34] /r
[16/08/2011 21:43:34] /r
[16/08/2011 21:43:34] /r
[16/08/2011 21:43:34] /r
[16/08/2011 21:43:34] /r
[16/08/2011 21:43:35] /r
[16/08/2011 21:43:35] /r
[16/08/2011 21:43:35] /r
[16/08/2011 21:43:35] /r
[16/08/2011 21:43:35] /r
[16/08/2011 21:43:35] /r
[16/08/2011 21:43:36] /r
[16/08/2011 21:43:36] /r
[16/08/2011 21:43:36] /r
[16/08/2011 21:43:36] /r
[16/08/2011 21:43:36] /r
[16/08/2011 21:43:36] /r
[16/08/2011 21:43:37] /r
[16/08/2011 21:43:37] /r
[16/08/2011 21:43:37] /r
[16/08/2011 21:43:37] /r
[16/08/2011 21:43:37] /r
[16/08/2011 21:43:38] /r
[16/08/2011 21:43:38] /r
[16/08/2011 21:43:38] /r
[16/08/2011 21:43:38] /r
[16/08/2011 21:43:38] /r
[16/08/2011 21:43:39] /r
[16/08/2011 21:43:39] /r
[16/08/2011 21:43:39] /r
[16/08/2011 21:43:40] /r
[16/08/2011 21:43:40] /r
[16/08/2011 21:43:41] /r
[16/08/2011 21:43:41] /r
[16/08/2011 21:43:41] /r
[16/08/2011 21:43:41] /r
[16/08/2011 21:43:42] /r
[16/08/2011 21:43:42] /r
[16/08/2011 21:43:42] /r
[16/08/2011 21:43:43] /r
[16/08/2011 21:43:43] /r
[16/08/2011 21:43:43] /r
[16/08/2011 21:43:43] /r
[16/08/2011 21:43:43] /r
[16/08/2011 21:43:44] /r
[16/08/2011 21:43:44] /r
[16/08/2011 21:43:44] /r
[16/08/2011 21:43:44] /r
[16/08/2011 21:43:44] /r
[16/08/2011 21:43:44] /r
[16/08/2011 21:43:45] /r
[16/08/2011 21:43:45] /r
[16/08/2011 21:43:45] /r
[16/08/2011 21:43:45] /r
[16/08/2011 21:43:45] /r
[16/08/2011 21:43:46] /r
[16/08/2011 21:43:46] /r
[16/08/2011 21:43:46] /r
[16/08/2011 21:43:46] /r
[16/08/2011 21:43:46] /r
[16/08/2011 21:43:47] /r
[16/08/2011 21:43:47] /r
[16/08/2011 21:43:47] /r
[16/08/2011 21:43:47] /r
[16/08/2011 21:43:47] /r
[16/08/2011 21:43:47] /r
[16/08/2011 21:43:48] /r
[16/08/2011 21:43:48] /r
[16/08/2011 21:43:48] /r
[16/08/2011 21:43:48] /r
[16/08/2011 21:43:49] /r
[16/08/2011 21:43:49] /r
[16/08/2011 21:44:21] /b o event e o seguinte Voces ten que escolhe um numero de 1 a 6 ai eu voroda a roleta se de voces tera que escolhe um Items ok.
[16/08/2011 21:44:32] /b o event e o seguinte Voces ten que escolhe um numero de 1 a 6 ai eu voroda a roleta se de voces tera que escolhe um Items ok.
[16/08/2011 21:44:33] /b o event e o seguinte Voces ten que escolhe um numero de 1 a 6 ai eu voroda a roleta se de voces tera que escolhe um Items ok.
[16/08/2011 21:44:33] /b o event e o seguinte Voces ten que escolhe um numero de 1 a 6 ai eu voroda a roleta se de voces tera que escolhe um Items ok.
[16/08/2011 21:44:33] /b o event e o seguinte Voces ten que escolhe um numero de 1 a 6 ai eu voroda a roleta se de voces tera que escolhe um Items ok.
[16/08/2011 21:45:15] /b evento acaba as 22:05
[16/08/2011 21:45:39] /b quen fica Soltando magias vai ser punido para a prisao
[16/08/2011 21:46:12] /a
[16/08/2011 21:46:12] /a
[16/08/2011 21:46:13] /a
[16/08/2011 21:46:18] /a
[16/08/2011 21:47:46] /i master vip rod
[16/08/2011 21:48:07] /b Gente o adm falo que nao Podera da Items master ok.
[16/08/2011 21:48:36] /i vip sword
[16/08/2011 21:48:51] /a
[16/08/2011 21:48:52] /r
[16/08/2011 21:49:26] /i vip rod
[16/08/2011 21:50:11] /b porra ja avisei parem de magias.
[16/08/2011 21:50:34] /i vip axe
[16/08/2011 21:50:56] /b Gente numero freferido do noia e 24 hehehehee
[16/08/2011 21:51:22] /i vip axe
[16/08/2011 21:51:48] /t Frontilai'z
[16/08/2011 21:52:10] /b Frontilai'z esta tirando onda con o cm porra.
[16/08/2011 21:52:22] /a
[16/08/2011 21:52:23] /a
[16/08/2011 21:52:23] /a
[16/08/2011 21:52:23] /a
[16/08/2011 21:52:24] /a
[16/08/2011 21:52:24] /a
[16/08/2011 21:52:26] /a
[16/08/2011 21:52:30] /c Oxxy Extreme
[16/08/2011 21:52:33] /a
[16/08/2011 21:52:34] /a
[16/08/2011 21:52:35] /a
[16/08/2011 21:52:35] /a
[16/08/2011 21:52:35] /a
[16/08/2011 21:52:36] /a
[16/08/2011 21:52:36] /a
[16/08/2011 21:53:14] /b BRINCADEIRA CHATA MERMAO
[16/08/2011 21:53:50] /i vip sword
[16/08/2011 21:53:53] /i vip sword
[16/08/2011 21:53:55] /i vip sword
[16/08/2011 21:53:55] /i vip sword
[16/08/2011 21:54:04] /i vip wand
[16/08/2011 21:54:05] /i vip wand
[16/08/2011 21:54:06] /i vip wand
[16/08/2011 21:54:06] /i vip wand
[16/08/2011 21:54:23] /i vip rod
[16/08/2011 21:54:24] /i vip rod
[16/08/2011 21:54:25] /i vip rod
[16/08/2011 21:54:25] /i vip rod
[16/08/2011 21:55:57] /b 3 Minuts acabao event !
[16/08/2011 21:56:29] /b Sem palavroes no event pow !
[16/08/2011 21:56:42] /b voces nao saber respeita naoveih !
[16/08/2011 21:57:11] /i vip club
[16/08/2011 21:57:25] /b Vo da Ums  2 minuts por calsa do lag ok ?
[16/08/2011 21:57:39] /b vo marca ake :Ds !
[16/08/2011 21:58:40] /a
[16/08/2011 21:59:01] /i vip rod
[16/08/2011 21:59:15] /a
[16/08/2011 21:59:15] /a
[16/08/2011 21:59:15] /a
[16/08/2011 21:59:16] /a
[16/08/2011 21:59:16] /a
[16/08/2011 21:59:17] /a
[16/08/2011 21:59:17] /a
[16/08/2011 21:59:18] /a
[16/08/2011 21:59:19] /a
[16/08/2011 21:59:19] /a
[16/08/2011 21:59:27] /i 3710
[16/08/2011 21:59:29] /a
[16/08/2011 21:59:29] /a
[16/08/2011 21:59:30] /a
[16/08/2011 21:59:31] /a
[16/08/2011 21:59:32] /a
[16/08/2011 21:59:40] /b ULTIMO EVENT d:S !
[16/08/2011 22:00:23] /t Oxxy Extreme
[16/08/2011 22:00:42] /r
[16/08/2011 22:00:43] /r
[16/08/2011 22:00:44] /r
[16/08/2011 22:01:01] /b acabou event que pena que alguns Nao Recebeu Premio ASHAU '
[16/08/2011 22:01:03] /r
[16/08/2011 22:01:05] /r
[16/08/2011 22:01:05] /r
[16/08/2011 22:01:06] /r
[16/08/2011 22:01:07] /r
[16/08/2011 22:01:08] /r
[16/08/2011 22:01:09] /r
[16/08/2011 22:01:11] /r
[16/08/2011 22:01:12] /r
[16/08/2011 22:01:13] /r
[16/08/2011 22:01:13] /r
[16/08/2011 22:01:13] /r
[16/08/2011 22:01:13] /r
[16/08/2011 22:01:14] /r
[16/08/2011 22:01:14] /r
[16/08/2011 22:01:14] /r
[16/08/2011 22:01:15] /r
[16/08/2011 22:01:15] /r
[16/08/2011 22:01:15] /r
[16/08/2011 22:01:16] /r
[16/08/2011 22:01:16] /r
[16/08/2011 22:01:17] /t
[16/08/2011 22:02:29] /b Gente agora event so quando estive 25 player online !
[16/08/2011 22:03:05] /ghost
[16/08/2011 22:03:29] /b Gente ajuda o serve acoloka 25 plçayer online pra ter war forevel gogo
[16/08/2011 22:04:22] /a
[16/08/2011 22:04:23] /a
[16/08/2011 22:04:23] /a
[16/08/2011 22:04:23] /a
[16/08/2011 22:04:23] /a
[16/08/2011 22:04:23] /a
[16/08/2011 22:04:23] /a
[16/08/2011 22:04:23] /a
[16/08/2011 22:04:23] /a
[16/08/2011 22:04:23] /a
[16/08/2011 22:04:23] /a
[16/08/2011 22:04:23] /a
[16/08/2011 22:04:23] /a
[16/08/2011 22:04:23] /a
[16/08/2011 22:04:23] /a
[16/08/2011 22:04:23] /a
[16/08/2011 22:04:23] /a
[16/08/2011 22:04:23] /a
[16/08/2011 22:04:24] /a
[16/08/2011 22:04:24] /a
[16/08/2011 22:04:24] /a
[16/08/2011 22:04:24] /a
[16/08/2011 22:04:24] /a
[16/08/2011 22:04:24] /a
[16/08/2011 22:04:24] /a
[16/08/2011 22:04:24] /a
[16/08/2011 22:04:24] /a
[16/08/2011 22:04:24] /a
[16/08/2011 22:04:25] /a
[16/08/2011 22:04:25] /a
[16/08/2011 22:04:25] /a
[16/08/2011 22:04:25] /a
[16/08/2011 22:04:26] /t
[16/08/2011 22:04:47] /b vo adicionar o NPC Que renova Soft boots and fire walk boots No templo ok !
[16/08/2011 22:04:56] /b a nao ja ten pessoal !
[16/08/2011 22:06:11] /b Gente afk
[16/08/2011 22:13:09] /goto noia
[16/08/2011 22:14:14] /c Frontilai'z
[16/08/2011 22:14:40] /goto noia
[16/08/2011 22:14:53] /goto noia
[16/08/2011 22:15:07] /b vo ir toma cafe flw
[16/08/2011 22:15:28] /a 6
[16/08/2011 22:16:27] /m bazir
[16/08/2011 22:16:35] /t
[16/08/2011 22:26:23] /ghost
[16/08/2011 22:26:41] /b alguma duvida No Help.
[16/08/2011 22:26:58] /bc green alguma duvida No Help.
[16/08/2011 22:27:19] /a
[16/08/2011 22:28:54] /goto Noia
[16/08/2011 22:29:45] /b Gente para conseguir os Items Master vip So e Fazer as Quest Oks !! Cada Quest vai ter Sua profissao :Ds !!!!
[16/08/2011 22:29:50] /b Gente para conseguir os Items Master vip So e Fazer as Quest Oks !! Cada Quest vai ter Sua profissao :Ds !!!!
[16/08/2011 22:29:59] /b Gente para conseguir os Items Master vip So e Fazer as Quest Oks !! Cada Quest vai ter Sua profissao :Ds !!!!
[16/08/2011 22:30:24] /a
[16/08/2011 22:30:24] /a
[16/08/2011 22:30:24] /a
[16/08/2011 22:30:24] /a
[16/08/2011 22:30:34] /t
[16/08/2011 22:30:49] /goto noia
[16/08/2011 22:32:10] /b Gente Lag dever ser  Porque ADM Esteja Con algun Progama Aberto De Internet Ow Jogos de internet oW APOS ELE DEVE ESTA NO VIDEO PORNO TIPO >> Xvideo -- redtub--as brasileirinhas.
[16/08/2011 22:32:12] /b Gente Lag dever ser  Porque ADM Esteja Con algun Progama Aberto De Internet Ow Jogos de internet oW APOS ELE DEVE ESTA NO VIDEO PORNO TIPO >> Xvideo -- redtub--as brasileirinhas.
[16/08/2011 22:32:22] /b Gente Lag dever ser  Porque ADM Esteja Con algun Progama Aberto De Internet Ow Jogos de internet oW APOS ELE DEVE ESTA NO VIDEO PORNO TIPO >> Xvideo -- redtub--as brasileirinhas.
[16/08/2011 22:32:22] /b Gente Lag dever ser  Porque ADM Esteja Con algun Progama Aberto De Internet Ow Jogos de internet oW APOS ELE DEVE ESTA NO VIDEO PORNO TIPO >> Xvideo -- redtub--as brasileirinhas.
[16/08/2011 22:32:24] /goto noia
[16/08/2011 22:32:54] /b Gente Lag dever ser  Porque ADM Esteja Con algun Progama Aberto De Internet Ow Jogos de internet oW APOS ELE DEVE ESTA NO VIDEO PORNO TIPO >> Xvideo -- redtub--as brasileirinhas.
[16/08/2011 22:32:59] /goto noia
[16/08/2011 22:33:02] /a
[16/08/2011 22:33:02] /a
[16/08/2011 22:33:02] /a
[16/08/2011 22:33:03] /a
[16/08/2011 22:33:04] /a
[16/08/2011 22:33:04] /a
[16/08/2011 22:33:05] /a
[16/08/2011 22:33:05] /a
[16/08/2011 22:33:05] /a
[16/08/2011 22:33:24] /a
[16/08/2011 22:33:25] /a
[16/08/2011 22:33:25] /a
[16/08/2011 22:33:26] /a
[16/08/2011 22:33:26] /a
[16/08/2011 22:33:26] /a
[16/08/2011 22:33:27] /a
[16/08/2011 22:33:37] /a
[16/08/2011 22:33:37] /a
[16/08/2011 22:33:38] /a
[16/08/2011 22:33:38] /a
[16/08/2011 22:33:38] /a
[16/08/2011 22:33:38] /a
[16/08/2011 22:33:38] /a
[16/08/2011 22:33:38] /a
[16/08/2011 22:33:38] /a
[16/08/2011 22:33:38] /a
[16/08/2011 22:33:38] /a
[16/08/2011 22:33:38] /a
[16/08/2011 22:33:38] /a
[16/08/2011 22:33:38] /a
[16/08/2011 22:33:38] /a
[16/08/2011 22:33:38] /a
[16/08/2011 22:33:38] /a
[16/08/2011 22:33:38] /a
[16/08/2011 22:33:38] /a
[16/08/2011 22:33:38] /a
[16/08/2011 22:33:38] /a
[16/08/2011 22:33:40] /a
[16/08/2011 22:33:40] /a
[16/08/2011 22:33:41] /a
[16/08/2011 22:33:41] /a
[16/08/2011 22:33:41] /a
[16/08/2011 22:33:41] /a
[16/08/2011 22:33:42] /a
[16/08/2011 22:33:42] /a
[16/08/2011 22:33:43] /a
[16/08/2011 22:33:43] /a
[16/08/2011 22:33:43] /a
[16/08/2011 22:33:43] /a
[16/08/2011 22:33:43] /a
[16/08/2011 22:33:43] /a
[16/08/2011 22:33:44] /a
[16/08/2011 22:33:44] /a
[16/08/2011 22:33:48] /a
[16/08/2011 22:33:49] /a
[16/08/2011 22:33:57] /a 4
[16/08/2011 22:34:29] /a 20
[16/08/2011 22:34:41] /a 20
[16/08/2011 22:34:43] /a 20
[16/08/2011 22:34:44] /a 20
[16/08/2011 22:34:45] /a 20
[16/08/2011 22:34:47] /a
[16/08/2011 22:34:47] /a
[16/08/2011 22:34:48] /a
[16/08/2011 22:34:48] /a
[16/08/2011 22:34:48] /a
[16/08/2011 22:34:48] /a
[16/08/2011 22:34:48] /a
[16/08/2011 22:34:48] /a
[16/08/2011 22:34:48] /a
[16/08/2011 22:34:48] /a
[16/08/2011 22:34:49] /a
[16/08/2011 22:34:49] /a
[16/08/2011 22:34:49] /a
[16/08/2011 22:34:49] /a
[16/08/2011 22:34:49] /a
[16/08/2011 22:34:49] /a
[16/08/2011 22:34:49] /a
[16/08/2011 22:34:49] /a
[16/08/2011 22:34:49] /a
[16/08/2011 22:34:49] /a
[16/08/2011 22:34:49] /a
[16/08/2011 22:34:49] /a
[16/08/2011 22:34:49] /a
[16/08/2011 22:34:49] /a
[16/08/2011 22:34:49] /a
[16/08/2011 22:34:49] /a
[16/08/2011 22:34:49] /a
[16/08/2011 22:34:49] /a
[16/08/2011 22:34:49] /a
[16/08/2011 22:34:49] /a
[16/08/2011 22:34:49] /a
[16/08/2011 22:34:49] /a
[16/08/2011 22:34:49] /a
[16/08/2011 22:34:49] /a
[16/08/2011 22:34:49] /a
[16/08/2011 22:34:49] /a
[16/08/2011 22:34:49] /a
[16/08/2011 22:34:49] /a
[16/08/2011 22:34:49] /a
[16/08/2011 22:34:51] /a
[16/08/2011 22:35:43] /i 1484
[16/08/2011 22:35:43] /i 1484
[16/08/2011 22:35:44] /i 1484
[16/08/2011 22:35:44] /i 1484
[16/08/2011 22:35:45] /i 1484
[16/08/2011 22:35:45] /i 1484
[16/08/2011 22:35:46] /i 1484
[16/08/2011 22:35:47] /i 1484
[16/08/2011 22:35:47] /i 1484
[16/08/2011 22:35:48] /i 1484
[16/08/2011 22:35:49] /i 1484
[16/08/2011 22:35:53] /r
[16/08/2011 22:35:56] /i 1484
[16/08/2011 22:35:57] /i 1484
[16/08/2011 22:36:03] /ghost
[16/08/2011 22:38:24] /r
[16/08/2011 22:38:29] /r
[16/08/2011 22:38:29] /a
[16/08/2011 22:38:29] /r
[16/08/2011 22:38:29] /a
[16/08/2011 22:38:30] /r
[16/08/2011 22:38:30] /a
[16/08/2011 22:38:30] /r
[16/08/2011 22:38:30] /a
[16/08/2011 22:38:30] /r
[16/08/2011 22:38:30] /a
[16/08/2011 22:38:30] /r
[16/08/2011 22:38:31] /a
[16/08/2011 22:38:31] /r
[16/08/2011 22:38:31] /a
[16/08/2011 22:38:31] /r
[16/08/2011 22:38:31] /a
[16/08/2011 22:38:31] /r
[16/08/2011 22:38:31] /a
[16/08/2011 22:38:31] /r
[16/08/2011 22:38:32] /a
[16/08/2011 22:38:35] /a
[16/08/2011 22:38:35] /r
[16/08/2011 22:38:35] /a
[16/08/2011 22:38:35] /r
[16/08/2011 22:38:35] /a
[16/08/2011 22:38:35] /r
[16/08/2011 22:38:35] /a
[16/08/2011 22:38:36] /r
[16/08/2011 22:38:37] /a
[16/08/2011 22:38:37] /r
[16/08/2011 22:38:43] /goto noia
[16/08/2011 22:38:51] /a
[16/08/2011 22:38:55] /a
[16/08/2011 22:39:02] /a
[16/08/2011 22:39:02] /a
[16/08/2011 22:39:03] /a
[16/08/2011 22:39:03] /a
[16/08/2011 22:39:03] /a
[16/08/2011 22:39:03] /a
[16/08/2011 22:39:03] /a
[16/08/2011 22:39:03] /a
[16/08/2011 22:39:03] /a
[16/08/2011 22:39:03] /a
[16/08/2011 22:39:03] /a
[16/08/2011 22:39:03] /a
[16/08/2011 22:39:03] /a
[16/08/2011 22:39:03] /a
[16/08/2011 22:39:03] /a
[16/08/2011 22:39:03] /a
[16/08/2011 22:39:03] /a
[16/08/2011 22:39:03] /a
[16/08/2011 22:39:03] /a
[16/08/2011 22:39:03] /a
[16/08/2011 22:39:03] /a
[16/08/2011 22:39:03] /a
[16/08/2011 22:39:03] /a
[16/08/2011 22:39:04] /a
[16/08/2011 22:39:04] /a
[16/08/2011 22:39:04] /a
[16/08/2011 22:39:05] /a
[16/08/2011 22:39:05] /a
[16/08/2011 22:39:05] /a
[16/08/2011 22:39:05] /a
[16/08/2011 22:39:06] /a
[16/08/2011 22:39:08] /a
[16/08/2011 22:39:08] /a
[16/08/2011 22:39:09] /r
[16/08/2011 22:39:16] /goto noia
[16/08/2011 22:40:09] /a
[16/08/2011 22:40:09] /a
[16/08/2011 22:40:09] /a
[16/08/2011 22:40:10] /a
[16/08/2011 22:40:29] /a
[16/08/2011 22:41:07] /a
[16/08/2011 22:41:25] /a
[16/08/2011 22:41:49] /a
[16/08/2011 22:41:55] /a
[16/08/2011 22:41:57] /a
[16/08/2011 22:41:57] /a
[16/08/2011 22:41:57] /a
[16/08/2011 22:41:57] /a
[16/08/2011 22:41:59] /a
[16/08/2011 22:41:59] /a
[16/08/2011 22:42:20] /a
[16/08/2011 22:42:41] /a
[16/08/2011 22:43:50] /i 1498
[16/08/2011 22:43:52] /i 1498
[16/08/2011 22:44:38] /goto Frontilai'z
[16/08/2011 22:44:41] /c noia
[16/08/2011 22:45:13] /a 5
[16/08/2011 22:45:39] /t
[16/08/2011 22:47:25] /a 2
[16/08/2011 22:47:48] /a
[16/08/2011 22:47:56] /a
[16/08/2011 22:47:57] /a
[16/08/2011 22:47:57] /a
[16/08/2011 22:47:57] /a
[16/08/2011 22:47:57] /a
[16/08/2011 22:47:57] /a
[16/08/2011 22:47:57] /a
[16/08/2011 22:47:57] /a
[16/08/2011 22:47:57] /a
[16/08/2011 22:47:57] /a
[16/08/2011 22:47:57] /a
[16/08/2011 22:47:57] /a
[16/08/2011 22:47:57] /a
[16/08/2011 22:47:57] /a
[16/08/2011 22:47:57] /a
[16/08/2011 22:47:57] /a
[16/08/2011 22:47:57] /a
[16/08/2011 22:47:58] /a
[16/08/2011 22:47:58] /a
[16/08/2011 22:47:58] /a
[16/08/2011 22:47:58] /a
[16/08/2011 22:47:58] /a
[16/08/2011 22:47:58] /a
[16/08/2011 22:47:58] /a
[16/08/2011 22:47:58] /a
[16/08/2011 22:47:58] /a
[16/08/2011 22:47:58] /a
[16/08/2011 22:47:58] /a
[16/08/2011 22:47:58] /a
[16/08/2011 22:47:58] /a
[16/08/2011 22:47:58] /a
[16/08/2011 22:47:58] /a
[16/08/2011 22:47:58] /a
[16/08/2011 22:47:58] /a
[16/08/2011 22:47:58] /a
[16/08/2011 22:47:59] /a
[16/08/2011 22:47:59] /a
[16/08/2011 22:47:59] /a
[16/08/2011 22:47:59] /a
[16/08/2011 22:48:00] /a
[16/08/2011 22:48:00] /a
[16/08/2011 22:48:01] /a
[16/08/2011 22:48:01] /a
[16/08/2011 22:48:01] /a
[16/08/2011 22:48:01] /a
[16/08/2011 22:48:01] /a
[16/08/2011 22:48:01] /a
[16/08/2011 22:48:01] /a
[16/08/2011 22:48:01] /a
[16/08/2011 22:48:01] /a
[16/08/2011 22:48:01] /a
[16/08/2011 22:48:01] /a
[16/08/2011 22:48:01] /a
[16/08/2011 22:48:01] /a
[16/08/2011 22:48:01] /a
[16/08/2011 22:48:01] /a
[16/08/2011 22:48:01] /a
[16/08/2011 22:48:01] /a
[16/08/2011 22:48:01] /a
[16/08/2011 22:48:01] /a
[16/08/2011 22:48:01] /a
[16/08/2011 22:48:01] /a
[16/08/2011 22:48:01] /a
[16/08/2011 22:48:01] /a
[16/08/2011 22:48:01] /a
[16/08/2011 22:48:01] /a
[16/08/2011 22:48:01] /a
[16/08/2011 22:48:01] /a
[16/08/2011 22:48:02] /a
[16/08/2011 22:48:02] /a
[16/08/2011 22:48:02] /a
[16/08/2011 22:48:02] /a
[16/08/2011 22:48:02] /a
[16/08/2011 22:48:02] /a
[16/08/2011 22:48:02] /a
[16/08/2011 22:48:02] /a
[16/08/2011 22:48:02] /a
[16/08/2011 22:48:02] /a
[16/08/2011 22:48:02] /a
[16/08/2011 22:48:02] /a
[16/08/2011 22:48:05] /a
[16/08/2011 22:48:06] /a
[16/08/2011 22:48:30] /r
[16/08/2011 22:48:31] /r
[16/08/2011 22:48:32] /r
[16/08/2011 22:48:34] /r
[16/08/2011 22:48:35] /r
[16/08/2011 22:48:38] /r
[16/08/2011 22:48:46] /i 1483
[16/08/2011 22:48:46] /i 1483
[16/08/2011 22:48:53] /r
[16/08/2011 22:49:32] /up
[16/08/2011 22:49:33] /up
[16/08/2011 22:49:34] /c Daiane dos Santos
[16/08/2011 22:50:57] /r
[16/08/2011 22:50:59] /r
[16/08/2011 22:51:01] /r
[16/08/2011 22:51:02] /r
[16/08/2011 22:51:07] /r
[16/08/2011 22:51:09] /a
[16/08/2011 22:51:09] /r
[16/08/2011 22:51:10] /a
[16/08/2011 22:51:11] /r
[16/08/2011 22:51:12] /a
[16/08/2011 22:51:13] /r
[16/08/2011 22:51:18] /a
[16/08/2011 22:51:18] /r
[16/08/2011 22:51:19] /a
[16/08/2011 22:51:19] /r
[16/08/2011 22:51:20] /a
[16/08/2011 22:51:20] /r
[16/08/2011 22:51:20] /a
[16/08/2011 22:51:20] /r
[16/08/2011 22:51:20] /a
[16/08/2011 22:51:20] /r
[16/08/2011 22:51:20] /a
[16/08/2011 22:51:20] /r
[16/08/2011 22:51:21] /a
[16/08/2011 22:51:21] /r
[16/08/2011 22:51:22] /a
[16/08/2011 22:51:22] /r
[16/08/2011 22:51:22] /a
[16/08/2011 22:51:22] /r
[16/08/2011 22:51:22] /a
[16/08/2011 22:51:22] /r
[16/08/2011 22:51:22] /a
[16/08/2011 22:51:22] /r
[16/08/2011 22:51:25] /a
[16/08/2011 22:51:25] /r
[16/08/2011 22:51:25] /a
[16/08/2011 22:51:25] /r
[16/08/2011 22:51:25] /a
[16/08/2011 22:51:25] /r
[16/08/2011 22:51:25] /a
[16/08/2011 22:51:26] /r
[16/08/2011 22:51:26] /a
[16/08/2011 22:51:26] /r
[16/08/2011 22:51:26] /a
[16/08/2011 22:51:26] /r
[16/08/2011 22:51:26] /a
[16/08/2011 22:51:44] /a
[16/08/2011 22:51:44] /r
[16/08/2011 22:51:46] /r
[16/08/2011 22:51:47] /r
[16/08/2011 22:51:47] /a
[16/08/2011 22:51:48] /r
[16/08/2011 22:51:50] /r
[16/08/2011 22:52:07] /r
[16/08/2011 22:52:10] /t
[16/08/2011 22:52:13] /up
[16/08/2011 22:52:14] /up
[16/08/2011 22:52:16] /t
[16/08/2011 22:52:39] /a
[16/08/2011 22:52:39] /a
[16/08/2011 22:52:40] /a
[16/08/2011 22:53:15] /a
[16/08/2011 22:53:15] /a
[16/08/2011 22:53:16] /a
[16/08/2011 22:53:17] /a
[16/08/2011 22:53:17] /a
[16/08/2011 22:53:17] /a
[16/08/2011 22:53:17] /a
[16/08/2011 22:53:18] /a
[16/08/2011 22:53:58] /a
[16/08/2011 22:53:58] /a
[16/08/2011 22:53:58] /a
[16/08/2011 22:53:58] /a
[16/08/2011 22:53:58] /a
[16/08/2011 22:53:58] /a
[16/08/2011 22:53:58] /a
[16/08/2011 22:53:59] /a
[16/08/2011 22:54:54] /a
[16/08/2011 22:54:54] /a
[16/08/2011 22:54:55] /a
[16/08/2011 22:54:55] /a
[16/08/2011 22:54:55] /a
[16/08/2011 22:54:55] /a
[16/08/2011 22:54:56] /a
[16/08/2011 22:54:56] /a
[16/08/2011 22:54:56] /a
[16/08/2011 22:54:56] /a
[16/08/2011 22:54:57] /a
[16/08/2011 22:54:57] /a
[16/08/2011 22:54:57] /a
[16/08/2011 22:54:57] /a
[16/08/2011 22:54:57] /a
[16/08/2011 22:54:58] /a
[16/08/2011 22:54:58] /a
[16/08/2011 22:54:58] /a
[16/08/2011 22:54:58] /a
[16/08/2011 22:54:58] /a
[16/08/2011 22:54:59] /a
[16/08/2011 22:54:59] /a
[16/08/2011 22:55:00] /a
[16/08/2011 22:55:03] /a
[16/08/2011 22:55:03] /a
[16/08/2011 22:55:07] /t
[16/08/2011 22:55:43] /a
[16/08/2011 22:55:43] /a
[16/08/2011 22:55:43] /a
[16/08/2011 22:55:43] /a
[16/08/2011 22:55:44] /a
[16/08/2011 22:55:44] /a
[16/08/2011 22:55:45] /a
[16/08/2011 22:55:49] /a
[16/08/2011 22:55:50] /a
[16/08/2011 22:55:50] /a
[16/08/2011 22:55:50] /a
[16/08/2011 22:55:50] /a
[16/08/2011 22:55:50] /a
[16/08/2011 22:55:51] /a
[16/08/2011 22:55:51] /a
[16/08/2011 22:55:53] /a
[16/08/2011 22:55:53] /a
[16/08/2011 22:55:53] /a
[16/08/2011 22:55:54] /a
[16/08/2011 22:55:54] /a
[16/08/2011 22:55:54] /a
[16/08/2011 22:55:54] /a
[16/08/2011 22:55:54] /a
[16/08/2011 22:55:54] /a
[16/08/2011 22:55:54] /a
[16/08/2011 22:55:54] /a
[16/08/2011 22:55:54] /a
[16/08/2011 22:55:54] /a
[16/08/2011 22:55:54] /a
[16/08/2011 22:55:54] /a
[16/08/2011 22:55:54] /a
[16/08/2011 22:55:54] /a
[16/08/2011 22:55:55] /a
[16/08/2011 22:55:55] /a
[16/08/2011 22:55:55] /a
[16/08/2011 22:55:55] /a
[16/08/2011 22:55:55] /a
[16/08/2011 22:55:55] /a
[16/08/2011 22:55:55] /a
[16/08/2011 22:55:55] /a
[16/08/2011 22:55:55] /a
[16/08/2011 22:55:55] /a
[16/08/2011 22:55:55] /a
[16/08/2011 22:55:55] /a
[16/08/2011 22:55:55] /a
[16/08/2011 22:55:55] /a
[16/08/2011 22:55:55] /a
[16/08/2011 22:55:55] /a
[16/08/2011 22:55:55] /a
[16/08/2011 22:55:55] /a
[16/08/2011 22:55:55] /a
[16/08/2011 22:55:55] /a
[16/08/2011 22:55:55] /a
[16/08/2011 22:55:56] /a
[16/08/2011 22:55:56] /a
[16/08/2011 22:55:56] /a
[16/08/2011 22:55:56] /a
[16/08/2011 22:55:56] /a
[16/08/2011 22:55:56] /a
[16/08/2011 22:55:56] /a
[16/08/2011 22:55:56] /a
[16/08/2011 22:55:56] /a
[16/08/2011 22:55:56] /a
[16/08/2011 22:55:56] /a
[16/08/2011 22:55:56] /a
[16/08/2011 22:55:56] /a
[16/08/2011 22:55:56] /a
[16/08/2011 22:55:56] /a
[16/08/2011 22:55:56] /a
[16/08/2011 22:55:56] /a
[16/08/2011 22:56:04] /t
[16/08/2011 22:56:57] /goto noia
[16/08/2011 22:57:30] /t
[16/08/2011 22:57:33] /goto noia
[16/08/2011 22:59:30] /a
[16/08/2011 22:59:31] /a
[16/08/2011 22:59:31] /a
[16/08/2011 22:59:31] /a
[16/08/2011 22:59:31] /a
[16/08/2011 22:59:31] /a
[16/08/2011 22:59:33] /a
[16/08/2011 22:59:33] /a
[16/08/2011 22:59:33] /a
[16/08/2011 22:59:33] /a
[16/08/2011 22:59:35] /a
[16/08/2011 22:59:35] /a
[16/08/2011 22:59:35] /a
[16/08/2011 22:59:36] /a
[16/08/2011 22:59:36] /a
[16/08/2011 22:59:36] /a
[16/08/2011 22:59:36] /a
[16/08/2011 22:59:37] /a
[16/08/2011 22:59:37] /a
[16/08/2011 22:59:37] /a
[16/08/2011 22:59:38] /a
[16/08/2011 22:59:38] /a
[16/08/2011 22:59:38] /a
[16/08/2011 22:59:38] /a
[16/08/2011 22:59:39] /a
[16/08/2011 22:59:39] /a
[16/08/2011 22:59:39] /a
[16/08/2011 22:59:39] /a
[16/08/2011 22:59:39] /a
[16/08/2011 22:59:40] /a
[16/08/2011 22:59:40] /a
[16/08/2011 22:59:40] /a
[16/08/2011 22:59:42] /a
[16/08/2011 22:59:43] /a
[16/08/2011 22:59:43] /a
[16/08/2011 22:59:43] /a
[16/08/2011 22:59:43] /a
[16/08/2011 22:59:44] /a
[16/08/2011 23:00:51] /a
[16/08/2011 23:00:51] /a
[16/08/2011 23:00:51] /a
[16/08/2011 23:00:52] /a
[16/08/2011 23:00:52] /a
[16/08/2011 23:01:26] /a
[16/08/2011 23:01:41] /a
[16/08/2011 23:01:41] /a
[16/08/2011 23:01:42] /a
[16/08/2011 23:01:42] /a
[16/08/2011 23:01:42] /a
[16/08/2011 23:01:42] /a
[16/08/2011 23:01:42] /a
[16/08/2011 23:01:43] /a
[16/08/2011 23:01:43] /a
[16/08/2011 23:01:43] /a
[16/08/2011 23:01:43] /a
[16/08/2011 23:01:45] /a
[16/08/2011 23:01:46] /a
[16/08/2011 23:01:46] /a
[16/08/2011 23:01:46] /a
[16/08/2011 23:01:46] /a
[16/08/2011 23:01:46] /a
[16/08/2011 23:01:46] /a
[16/08/2011 23:01:50] /a
[16/08/2011 23:01:50] /a
[16/08/2011 23:01:50] /a
[16/08/2011 23:01:50] /a
[16/08/2011 23:01:50] /a
[16/08/2011 23:01:51] /a
[16/08/2011 23:01:51] /a
[16/08/2011 23:01:51] /a
[16/08/2011 23:01:51] /a
[16/08/2011 23:01:51] /a
[16/08/2011 23:01:51] /a
[16/08/2011 23:01:51] /a
[16/08/2011 23:01:51] /a
[16/08/2011 23:01:51] /a
[16/08/2011 23:01:51] /a
[16/08/2011 23:01:51] /a
[16/08/2011 23:01:51] /a
[16/08/2011 23:01:53] /a
[16/08/2011 23:01:53] /a
[16/08/2011 23:01:53] /a
[16/08/2011 23:01:53] /a
[16/08/2011 23:01:56] /goto noia
[16/08/2011 23:02:12] /a
[16/08/2011 23:02:12] /a
[16/08/2011 23:02:13] /a
[16/08/2011 23:02:13] /a
[16/08/2011 23:02:13] /a
[16/08/2011 23:02:13] /a
[16/08/2011 23:02:13] /a
[16/08/2011 23:02:13] /a
[16/08/2011 23:02:13] /a
[16/08/2011 23:02:13] /a
[16/08/2011 23:02:13] /a
[16/08/2011 23:02:13] /a
[16/08/2011 23:02:13] /a
[16/08/2011 23:02:13] /a
[16/08/2011 23:02:13] /a
[16/08/2011 23:02:13] /a
[16/08/2011 23:02:13] /a
[16/08/2011 23:02:13] /a
[16/08/2011 23:02:13] /a
[16/08/2011 23:02:13] /a
[16/08/2011 23:02:13] /a
[16/08/2011 23:02:13] /a
[16/08/2011 23:02:14] /a
[16/08/2011 23:02:14] /a
[16/08/2011 23:02:14] /a
[16/08/2011 23:02:14] /a
[16/08/2011 23:02:14] /a
[16/08/2011 23:02:14] /a
[16/08/2011 23:02:14] /a
[16/08/2011 23:02:14] /a
[16/08/2011 23:02:14] /a
[16/08/2011 23:02:14] /a
[16/08/2011 23:02:14] /a
[16/08/2011 23:02:14] /a
[16/08/2011 23:02:14] /a
[16/08/2011 23:02:14] /a
[16/08/2011 23:02:14] /a
[16/08/2011 23:02:14] /a
[16/08/2011 23:02:14] /a
[16/08/2011 23:02:14] /a
[16/08/2011 23:02:14] /a
[16/08/2011 23:02:14] /a
[16/08/2011 23:02:14] /a
[16/08/2011 23:02:14] /a
[16/08/2011 23:02:14] /a
[16/08/2011 23:02:15] /a
[16/08/2011 23:02:15] /a
[16/08/2011 23:02:15] /a
[16/08/2011 23:02:15] /a
[16/08/2011 23:02:15] /a
[16/08/2011 23:02:15] /a
[16/08/2011 23:02:15] /a
[16/08/2011 23:02:15] /a
[16/08/2011 23:02:15] /a
[16/08/2011 23:02:15] /a
[16/08/2011 23:02:15] /a
[16/08/2011 23:02:15] /a
[16/08/2011 23:02:15] /a
[16/08/2011 23:02:16] /a
[16/08/2011 23:02:17] /a
[16/08/2011 23:02:17] /a
[16/08/2011 23:02:17] /a
[16/08/2011 23:02:17] /a
[16/08/2011 23:02:17] /a
[16/08/2011 23:02:17] /a
[16/08/2011 23:02:17] /a
[16/08/2011 23:02:17] /a
[16/08/2011 23:02:17] /a
[16/08/2011 23:02:17] /a
[16/08/2011 23:02:17] /a
[16/08/2011 23:02:17] /a
[16/08/2011 23:02:17] /a
[16/08/2011 23:02:17] /a
[16/08/2011 23:02:17] /a
[16/08/2011 23:02:17] /a
[16/08/2011 23:02:17] /a
[16/08/2011 23:02:17] /a
[16/08/2011 23:02:17] /a
[16/08/2011 23:02:17] /a
[16/08/2011 23:02:18] /a
[16/08/2011 23:02:18] /a
[16/08/2011 23:02:18] /a
[16/08/2011 23:02:18] /a
[16/08/2011 23:02:18] /a
[16/08/2011 23:02:18] /a
[16/08/2011 23:02:18] /a
[16/08/2011 23:02:19] /a
[16/08/2011 23:02:19] /a
[16/08/2011 23:02:19] /a
[16/08/2011 23:02:19] /a
[16/08/2011 23:02:19] /a
[16/08/2011 23:02:19] /a
[16/08/2011 23:02:19] /a
[16/08/2011 23:02:19] /a
[16/08/2011 23:02:19] /a
[16/08/2011 23:02:19] /a
[16/08/2011 23:02:19] /a
[16/08/2011 23:02:19] /a
[16/08/2011 23:02:19] /a
[16/08/2011 23:02:19] /a
[16/08/2011 23:02:19] /a
[16/08/2011 23:02:20] /a
[16/08/2011 23:02:20] /a
[16/08/2011 23:02:20] /a
[16/08/2011 23:02:20] /a
[16/08/2011 23:02:20] /a
[16/08/2011 23:02:20] /a
[16/08/2011 23:02:20] /a
[16/08/2011 23:02:20] /a
[16/08/2011 23:02:20] /a
[16/08/2011 23:02:21] /a
[16/08/2011 23:02:21] /a
[16/08/2011 23:02:21] /a
[16/08/2011 23:02:21] /a
[16/08/2011 23:02:21] /a
[16/08/2011 23:02:21] /a
[16/08/2011 23:02:21] /a
[16/08/2011 23:02:21] /a
[16/08/2011 23:02:21] /a
[16/08/2011 23:02:21] /a
[16/08/2011 23:02:21] /a
[16/08/2011 23:02:21] /a
[16/08/2011 23:02:21] /a
[16/08/2011 23:02:22] /a
[16/08/2011 23:02:22] /a
[16/08/2011 23:02:22] /a
[16/08/2011 23:02:22] /a
[16/08/2011 23:02:22] /a
[16/08/2011 23:02:23] /a
[16/08/2011 23:02:23] /a
[16/08/2011 23:02:23] /a
[16/08/2011 23:02:23] /a
[16/08/2011 23:02:23] /a
[16/08/2011 23:02:24] /a
[16/08/2011 23:02:24] /a
[16/08/2011 23:02:24] /a
[16/08/2011 23:02:24] /a
[16/08/2011 23:02:25] /a
[16/08/2011 23:02:25] /a
[16/08/2011 23:02:25] /a
[16/08/2011 23:02:25] /a
[16/08/2011 23:02:26] /a
[16/08/2011 23:02:26] /a
[16/08/2011 23:02:26] /a
[16/08/2011 23:02:32] /a
[16/08/2011 23:02:34] /a
[16/08/2011 23:02:34] /a
[16/08/2011 23:02:34] /a
[16/08/2011 23:02:34] /a
[16/08/2011 23:02:34] /a
[16/08/2011 23:02:34] /a
[16/08/2011 23:02:34] /a
[16/08/2011 23:02:34] /a
[16/08/2011 23:02:34] /a
[16/08/2011 23:02:35] /a
[16/08/2011 23:02:35] /a
[16/08/2011 23:02:35] /a
[16/08/2011 23:02:35] /a
[16/08/2011 23:02:35] /a
[16/08/2011 23:02:35] /a
[16/08/2011 23:02:35] /a
[16/08/2011 23:02:35] /a
[16/08/2011 23:02:35] /a
[16/08/2011 23:02:35] /a
[16/08/2011 23:02:35] /a
[16/08/2011 23:02:35] /a
[16/08/2011 23:02:35] /a
[16/08/2011 23:02:35] /a
[16/08/2011 23:02:35] /a
[16/08/2011 23:02:35] /a
[16/08/2011 23:02:35] /a
[16/08/2011 23:02:35] /a
[16/08/2011 23:02:35] /a
[16/08/2011 23:02:35] /a
[16/08/2011 23:02:35] /a
[16/08/2011 23:02:36] /a
[16/08/2011 23:02:36] /a
[16/08/2011 23:02:36] /a
[16/08/2011 23:02:36] /a
[16/08/2011 23:02:36] /a
[16/08/2011 23:02:36] /a
[16/08/2011 23:02:36] /a
[16/08/2011 23:02:36] /a
[16/08/2011 23:02:36] /a
[16/08/2011 23:02:36] /a
[16/08/2011 23:02:36] /a
[16/08/2011 23:02:36] /a
[16/08/2011 23:02:36] /a
[16/08/2011 23:02:36] /a
[16/08/2011 23:02:36] /a
[16/08/2011 23:02:36] /a
[16/08/2011 23:02:36] /a
[16/08/2011 23:02:36] /a
[16/08/2011 23:02:36] /a
[16/08/2011 23:02:36] /a
[16/08/2011 23:02:36] /a
[16/08/2011 23:02:36] /a
[16/08/2011 23:02:37] /a
[16/08/2011 23:02:37] /a
[16/08/2011 23:02:37] /a
[16/08/2011 23:02:37] /a
[16/08/2011 23:02:37] /a
[16/08/2011 23:02:37] /a
[16/08/2011 23:02:37] /a
[16/08/2011 23:02:37] /a
[16/08/2011 23:02:37] /a
[16/08/2011 23:02:37] /a
[16/08/2011 23:02:37] /a
[16/08/2011 23:02:37] /a
[16/08/2011 23:02:37] /a
[16/08/2011 23:02:37] /a
[16/08/2011 23:02:37] /a
[16/08/2011 23:02:37] /a
[16/08/2011 23:02:37] /a
[16/08/2011 23:02:37] /a
[16/08/2011 23:02:37] /a
[16/08/2011 23:02:37] /a
[16/08/2011 23:02:37] /a
[16/08/2011 23:02:38] /a
[16/08/2011 23:02:39] /a
[16/08/2011 23:02:39] /a
[16/08/2011 23:02:39] /a
[16/08/2011 23:02:39] /a
[16/08/2011 23:02:39] /a
[16/08/2011 23:02:39] /a
[16/08/2011 23:02:40] /a
[16/08/2011 23:02:40] /a
[16/08/2011 23:02:40] /a
[16/08/2011 23:02:40] /a
[16/08/2011 23:02:40] /a
[16/08/2011 23:02:40] /a
[16/08/2011 23:02:41] /a
[16/08/2011 23:02:42] /a
[16/08/2011 23:02:43] /a
[16/08/2011 23:02:48] /a
[16/08/2011 23:02:49] /a
[16/08/2011 23:02:49] /a
[16/08/2011 23:02:49] /a
[16/08/2011 23:02:50] /a
[16/08/2011 23:02:50] /a
[16/08/2011 23:02:50] /a
[16/08/2011 23:02:50] /a
[16/08/2011 23:02:50] /a
[16/08/2011 23:02:50] /a
[16/08/2011 23:02:50] /a
[16/08/2011 23:02:50] /a
[16/08/2011 23:02:50] /a
[16/08/2011 23:02:50] /a
[16/08/2011 23:02:50] /a
[16/08/2011 23:02:50] /a
[16/08/2011 23:02:50] /a
[16/08/2011 23:02:50] /a
[16/08/2011 23:02:50] /a
[16/08/2011 23:02:50] /a
[16/08/2011 23:02:50] /a
[16/08/2011 23:02:51] /a
[16/08/2011 23:02:51] /a
[16/08/2011 23:02:51] /a
[16/08/2011 23:02:51] /a
[16/08/2011 23:02:51] /a
[16/08/2011 23:02:51] /a
[16/08/2011 23:02:58] /a
[16/08/2011 23:02:58] /a
[16/08/2011 23:02:58] /a
[16/08/2011 23:02:59] /a
[16/08/2011 23:02:59] /a
[16/08/2011 23:02:59] /a
[16/08/2011 23:02:59] /a
[16/08/2011 23:02:59] /a
[16/08/2011 23:02:59] /a
[16/08/2011 23:03:00] /a
[16/08/2011 23:03:00] /a
[16/08/2011 23:03:00] /a
[16/08/2011 23:03:00] /a
[16/08/2011 23:03:00] /a
[16/08/2011 23:03:01] /a
[16/08/2011 23:03:01] /a
[16/08/2011 23:03:01] /a
[16/08/2011 23:03:01] /a
[16/08/2011 23:03:01] /a
[16/08/2011 23:03:02] /a
[16/08/2011 23:03:02] /a
[16/08/2011 23:03:02] /a
[16/08/2011 23:03:02] /a
[16/08/2011 23:03:03] /a
[16/08/2011 23:03:03] /a
[16/08/2011 23:03:03] /a
[16/08/2011 23:03:03] /a
[16/08/2011 23:03:03] /a
[16/08/2011 23:03:03] /a
[16/08/2011 23:03:06] /a
[16/08/2011 23:03:06] /a
[16/08/2011 23:03:06] /a
[16/08/2011 23:03:06] /a
[16/08/2011 23:03:06] /a
[16/08/2011 23:03:07] /a
[16/08/2011 23:03:07] /a
[16/08/2011 23:03:07] /a
[16/08/2011 23:03:08] /a
[16/08/2011 23:03:08] /a
[16/08/2011 23:03:08] /a
[16/08/2011 23:03:08] /a
[16/08/2011 23:03:09] /a
[16/08/2011 23:03:09] /a
[16/08/2011 23:03:09] /a
[16/08/2011 23:03:09] /a
[16/08/2011 23:03:11] /a
[16/08/2011 23:03:12] /a
[16/08/2011 23:03:12] /a
[16/08/2011 23:03:12] /a
[16/08/2011 23:03:13] /a
[16/08/2011 23:03:13] /a
[16/08/2011 23:03:14] /a
[16/08/2011 23:03:15] /a
[16/08/2011 23:03:15] /a
[16/08/2011 23:03:15] /a
[16/08/2011 23:03:15] /a
[16/08/2011 23:03:15] /a
[16/08/2011 23:03:16] /a
[16/08/2011 23:03:16] /a
[16/08/2011 23:03:16] /a
[16/08/2011 23:03:17] /a
[16/08/2011 23:03:17] /a
[16/08/2011 23:03:17] /a
[16/08/2011 23:03:18] /a
[16/08/2011 23:03:18] /a
[16/08/2011 23:03:19] /a
[16/08/2011 23:03:19] /a
[16/08/2011 23:03:19] /a
[16/08/2011 23:03:19] /a
[16/08/2011 23:03:20] /a
[16/08/2011 23:03:20] /a
[16/08/2011 23:03:20] /a
[16/08/2011 23:03:21] /a
[16/08/2011 23:03:21] /a
[16/08/2011 23:03:21] /a
[16/08/2011 23:03:22] /a
[16/08/2011 23:03:22] /a
[16/08/2011 23:03:22] /a
[16/08/2011 23:03:23] /a
[16/08/2011 23:03:23] /a
[16/08/2011 23:03:23] /a
[16/08/2011 23:03:23] /a
[16/08/2011 23:03:23] /a
[16/08/2011 23:03:24] /a
[16/08/2011 23:03:24] /a
[16/08/2011 23:03:24] /a
[16/08/2011 23:03:24] /a
[16/08/2011 23:03:25] /a
[16/08/2011 23:03:25] /a
[16/08/2011 23:03:25] /a
[16/08/2011 23:03:26] /a
[16/08/2011 23:03:26] /a
[16/08/2011 23:03:26] /a
[16/08/2011 23:03:26] /a
[16/08/2011 23:03:26] /a
[16/08/2011 23:03:26] /a
[16/08/2011 23:03:27] /a
[16/08/2011 23:03:27] /a
[16/08/2011 23:03:27] /a
[16/08/2011 23:03:27] /a
[16/08/2011 23:03:27] /a
[16/08/2011 23:03:27] /a
[16/08/2011 23:03:27] /a
[16/08/2011 23:03:27] /a
[16/08/2011 23:03:27] /a
[16/08/2011 23:03:42] /i fire bomb
[16/08/2011 23:05:55] /i master vipclub
[16/08/2011 23:05:57] /i master vip club
[16/08/2011 23:06:05] /i master vip axe
[16/08/2011 23:06:42] /t
[16/08/2011 23:07:08] /b Ajuda No Help, OW Alguma duvidas Do serve.
[16/08/2011 23:07:24] /bc green Ajuda No Help, OW Alguma duvidas Do serve.
[16/08/2011 23:09:30] /bc green evasion en cima do Templo 2 Monstro Chamado: Toxiros !
[16/08/2011 23:09:36] /m toxiros
[16/08/2011 23:09:37] /m toxiros
[16/08/2011 23:09:39] /bc green evasion en cima do Templo 2 Monstro Chamado: Toxiros !
[16/08/2011 23:09:39] /bc green evasion en cima do Templo 2 Monstro Chamado: Toxiros !
[16/08/2011 23:09:40] /bc green evasion en cima do Templo 2 Monstro Chamado: Toxiros !
[16/08/2011 23:10:02] /bc green dica ele esta pra /\ 
[16/08/2011 23:10:06] /bc green dica ele esta pra /\  Do templo
[16/08/2011 23:10:10] /bc green dica ele esta pra /\  Do templo
[16/08/2011 23:10:11] /bc green dica ele esta pra /\  Do templo
[16/08/2011 23:10:11] /bc green dica ele esta pra /\  Do templo
[16/08/2011 23:10:16] /t
[16/08/2011 23:11:52] /b Gente serve 24 horas dedicado !
[16/08/2011 23:12:04] /bc green Gente serve 24 horas dedicado !
[16/08/2011 23:12:43] /m ice golem
[16/08/2011 23:13:02] /r
[16/08/2011 23:14:33] /save
[16/08/2011 23:17:56] /b huhu que pipoca assadinha boa que eu esto comendo maneiro !
[16/08/2011 23:18:35] /i pipoca
[16/08/2011 23:18:51] /b Gente parem de mata os noobinho mens
[16/08/2011 23:18:54] /b Gente parem de mata os noobinho mens
[16/08/2011 23:18:55] /b Gente parem de mata os noobinho mens
[16/08/2011 23:18:56] /r
[16/08/2011 23:19:03] /r
[16/08/2011 23:19:32] /a 3
[16/08/2011 23:19:49] /a
[16/08/2011 23:19:49] /a
[16/08/2011 23:20:32] /c Frontilai'z
[16/08/2011 23:20:41] /a
[16/08/2011 23:21:12] /t
[16/08/2011 23:21:15] /t Frontilai'z
[16/08/2011 23:21:35] /goto frontilai'z
[16/08/2011 23:22:04] /t frontilai'z
[16/08/2011 23:22:06] /t
[16/08/2011 23:22:25] /t Queen's Jogaeazy
[16/08/2011 23:24:08] /i plate armor
[16/08/2011 23:24:13] /i plate legs
[16/08/2011 23:25:13] /i sword
[16/08/2011 23:26:04] /b Gente ajuda o serve a coloka 25 Player que tera Event !! Da roleta D>:s
[16/08/2011 23:26:14] /b Gente ajuda o serve a coloka 25 Player que tera Event !! Da roleta D>:s
[16/08/2011 23:27:08] /goto master boss
[16/08/2011 23:27:17] /t
[16/08/2011 23:44:22] /up
[16/08/2011 23:44:22] /up
[16/08/2011 23:44:24] /c Kira
[16/08/2011 23:44:36] /i wand of baiak
[16/08/2011 23:44:43] /i vip axe
[16/08/2011 23:44:50] /i baiak axe
[16/08/2011 23:44:56] /i sword of baiak
[16/08/2011 23:45:01] /t Kira
[16/08/2011 23:45:02] /t
[16/08/2011 23:45:13] /b alguma duvida fala comigo :Ds
[16/08/2011 23:45:54] /b Nao temos vagas. Nao posso da level Nem monstros !
[16/08/2011 23:46:22] /goto Oxxy Extreme
[16/08/2011 23:46:36] /ghost
[16/08/2011 23:47:23] /a
[16/08/2011 23:47:23] /a
[16/08/2011 23:47:23] /a
[16/08/2011 23:47:24] /a
[16/08/2011 23:47:25] /a
[16/08/2011 23:47:38] /a
[16/08/2011 23:47:38] /a
[16/08/2011 23:47:48] /c Oxxy Extreme
[16/08/2011 23:48:05] /t
[16/08/2011 23:49:03] /b gente ot con 25player vai ter event
[16/08/2011 23:49:47] /goto Fujiiru Nofusca
[16/08/2011 23:51:11] /newtype 331
[16/08/2011 23:51:13] /newtype 332
[16/08/2011 23:52:29] /newtype 47
[16/08/2011 23:52:34] /newtype 45
[16/08/2011 23:53:32] /ghost
[16/08/2011 23:57:57] /m toxiros
[16/08/2011 23:59:17] /ghost
[16/08/2011 23:59:18] /a
[16/08/2011 23:59:19] /a
[16/08/2011 23:59:19] /a
[16/08/2011 23:59:20] /a
[16/08/2011 23:59:23] /a
[16/08/2011 23:59:23] /a
[16/08/2011 23:59:24] /a
[16/08/2011 23:59:24] /a
[16/08/2011 23:59:25] /a
[16/08/2011 23:59:25] /a
[16/08/2011 23:59:26] /a
[16/08/2011 23:59:26] /a
[16/08/2011 23:59:26] /a
[16/08/2011 23:59:33] /ghost
[16/08/2011 23:59:58] /i 3710
[16/08/2011 23:59:59] /i 3710
[17/08/2011 00:00:00] /i 3710
[17/08/2011 00:00:00] /i 3710
[17/08/2011 00:00:01] /i 3710
[17/08/2011 00:00:15] /r
[17/08/2011 00:00:16] /r
[17/08/2011 00:00:18] /r
[17/08/2011 00:00:19] /r
[17/08/2011 00:00:22] /r
[17/08/2011 00:01:23] /up
[17/08/2011 00:01:24] /up
[17/08/2011 00:01:25] /c Fujiiru Nakombii
[17/08/2011 00:03:18] /t
[17/08/2011 00:03:20] /t Fujiiru Nakombii
[17/08/2011 00:13:36] /b adm tas ae?
[17/08/2011 00:13:40] /b adm tas ae?
[17/08/2011 00:13:44] /b adm tas ae?
[17/08/2011 00:13:49] /b adm tas ae?
[17/08/2011 00:14:03] /b adm tas ae?
[17/08/2011 00:17:46] /b Gente ot con 25 Player Tera Event ajudem..... Alguma duvida Fala Cmg... Voce saber bug Report fale private con Cm god adm,, ajude o  serve !
[17/08/2011 00:18:57] /save
[17/08/2011 00:19:29] /ghost
[17/08/2011 00:19:30] /ghost
[17/08/2011 00:22:28] /b Gente ot con 25 Player Tera Event ajudem..... Alguma duvida Fala Cmg... Voce saber bug Report fale private con Cm god adm,, ajude o  serve !
[17/08/2011 00:23:15] /bc green escrevir e sair Correndo Pau No cu de quen esta Lendo ---''' KKkkkk
[17/08/2011 00:23:39] /goto Oxxy Extreme 
[17/08/2011 00:23:43] /a
[17/08/2011 00:24:04] /t
[17/08/2011 00:24:09] /i /i 3569
[17/08/2011 00:24:10] /i /i 3569
[17/08/2011 00:24:12] /i 3569
[17/08/2011 00:24:16] /r
[17/08/2011 00:24:31] /i 3569
[17/08/2011 00:24:32] /i 3569
[17/08/2011 00:24:37] /i 3569
[17/08/2011 00:24:37] /i 3569
[17/08/2011 00:24:42] /i 3569
[17/08/2011 00:24:43] /i 3569
[17/08/2011 00:24:45] /i 3569
[17/08/2011 00:24:50] /a
[17/08/2011 00:24:50] /i 3569
[17/08/2011 00:24:51] /a
[17/08/2011 00:24:52] /i 3569
[17/08/2011 00:24:53] /a
[17/08/2011 00:24:54] /i 3569
[17/08/2011 00:24:55] /a
[17/08/2011 00:24:56] /a
[17/08/2011 00:24:56] /a
[17/08/2011 00:24:57] /a
[17/08/2011 00:24:58] /i 3569
[17/08/2011 00:24:59] /a
[17/08/2011 00:25:00] /i 3569
[17/08/2011 00:25:04] /r
[17/08/2011 00:25:13] /r
[17/08/2011 00:25:27] /r
[17/08/2011 00:25:30] /r
[17/08/2011 00:25:32] /r
[17/08/2011 00:25:34] /r
[17/08/2011 00:25:36] /r
[17/08/2011 00:25:39] /r
[17/08/2011 00:25:41] /r
[17/08/2011 00:25:43] /r
[17/08/2011 00:26:00] /i 9951
[17/08/2011 00:26:03] /r
[17/08/2011 00:26:11] /i 9946
[17/08/2011 00:26:13] /r
[17/08/2011 00:26:16] /i 9944
[17/08/2011 00:26:20] /r
[17/08/2011 00:26:22] /r
[17/08/2011 00:26:24] /a
[17/08/2011 00:26:27] /i 9944
[17/08/2011 00:26:34] /i 5771
[17/08/2011 00:27:00] /i 3569
[17/08/2011 00:27:04] /a
[17/08/2011 00:27:04] /i 3569
[17/08/2011 00:27:42] /newtype Frontilai'z,45
[17/08/2011 00:28:03] /m toxiros
[17/08/2011 00:28:14] /i 5773
[17/08/2011 00:28:17] /r
[17/08/2011 00:28:19] /r
[17/08/2011 00:28:32] /i 5771
[17/08/2011 00:28:38] /r
[17/08/2011 00:28:45] /i 5774
[17/08/2011 00:28:49] /i 5774
[17/08/2011 00:28:56] /r
[17/08/2011 00:31:41] /mc green Evasion en Cima do Templo:  02 Toxiros
[17/08/2011 00:31:51] /mc green Evasion en Cima do Templo:  02 Toxiros
[17/08/2011 00:32:06] /bc green Evasion en Cima do Templo:  02 Toxiros
[17/08/2011 00:32:12] /m toxiros
[17/08/2011 00:32:14] /m toxiros
[17/08/2011 00:32:28] /bc dicas /\ do templo
[17/08/2011 00:33:10] /b Quen acha queo ot esta Legal Fala no Help e Bom !!
[17/08/2011 00:33:17] /t
[17/08/2011 00:34:37] /goto lipiinho
[17/08/2011 00:34:40] /ghost
[17/08/2011 00:34:43] /i 2160
[17/08/2011 00:35:10] /ghost
[17/08/2011 00:35:16] /t
[17/08/2011 00:35:24] /bc    clean
[17/08/2011 00:35:26] /clean
[17/08/2011 00:36:24] /newtype 331
[17/08/2011 00:37:04] /down
[17/08/2011 00:37:05] /down
[17/08/2011 00:37:20] /r
[17/08/2011 00:37:21] /r
[17/08/2011 00:37:23] /r
[17/08/2011 00:37:25] /r
[17/08/2011 00:37:34] /r
[17/08/2011 00:37:35] /r
[17/08/2011 00:37:36] /r
[17/08/2011 00:37:39] /r
[17/08/2011 00:37:40] /r
[17/08/2011 00:37:55] /i 413
[17/08/2011 00:38:02] /i 1672
[17/08/2011 00:38:03] /i 1672
[17/08/2011 00:38:05] /i 1672
[17/08/2011 00:38:05] /i 1672
[17/08/2011 00:38:06] /i 1672
[17/08/2011 00:38:07] /i 1672
[17/08/2011 00:38:08] /i 1672
[17/08/2011 00:38:08] /i 1672
[17/08/2011 00:38:10] /i 1672
[17/08/2011 00:38:11] /i 1672
[17/08/2011 00:38:12] /i 1672
[17/08/2011 00:38:12] /i 1672
[17/08/2011 00:38:37] /b Lag ?
[17/08/2011 00:38:41] /r
[17/08/2011 00:38:46] /i 1672
[17/08/2011 00:38:47] /i 1672
[17/08/2011 00:38:48] /i 1672
[17/08/2011 00:38:51] /i 1672
[17/08/2011 00:38:51] /i 1672
[17/08/2011 00:38:54] /i 1672
[17/08/2011 00:38:54] /i 1672
[17/08/2011 00:38:55] /i 1672
[17/08/2011 00:38:56] /i 1672
[17/08/2011 00:38:57] /i 1672
[17/08/2011 00:38:57] /i 1672
[17/08/2011 00:38:59] /i 1672
[17/08/2011 00:39:00] /i 1672
[17/08/2011 00:39:01] /i 1672
[17/08/2011 00:39:02] /i 1672
[17/08/2011 00:39:03] /i 1672
[17/08/2011 00:39:03] /i 1672
[17/08/2011 00:39:04] /i 1672
[17/08/2011 00:39:05] /i 1672
[17/08/2011 00:39:06] /i 1672
[17/08/2011 00:39:06] /i 1672
[17/08/2011 00:39:07] /i 1672
[17/08/2011 00:39:08] /i 1672
[17/08/2011 00:39:10] /r
[17/08/2011 00:39:11] /r
[17/08/2011 00:39:12] /r
[17/08/2011 00:39:13] /r
[17/08/2011 00:39:14] /r
[17/08/2011 00:39:15] /r
[17/08/2011 00:39:15] /r
[17/08/2011 00:39:17] /r
[17/08/2011 00:39:19] /r
[17/08/2011 00:39:19] /r
[17/08/2011 00:39:20] /r
[17/08/2011 00:39:21] /r
[17/08/2011 00:39:22] /r
[17/08/2011 00:39:23] /r
[17/08/2011 00:39:24] /r
[17/08/2011 00:39:25] /r
[17/08/2011 00:39:26] /r
[17/08/2011 00:39:31] /i 1672
[17/08/2011 00:39:32] /i 1672
[17/08/2011 00:39:33] /i 1672
[17/08/2011 00:39:34] /r
[17/08/2011 00:39:43] /i 413
[17/08/2011 00:39:47] /i 1672
[17/08/2011 00:39:47] /i 1672
[17/08/2011 00:39:48] /i 1672
[17/08/2011 00:39:49] /i 1672
[17/08/2011 00:39:50] /i 1672
[17/08/2011 00:39:50] /i 1672
[17/08/2011 00:39:51] /i 1672
[17/08/2011 00:40:04] /r
[17/08/2011 00:40:17] /r
[17/08/2011 00:40:18] /r
[17/08/2011 00:40:19] /r
[17/08/2011 00:40:28] /i 5071
[17/08/2011 00:40:39] /i 5071
[17/08/2011 00:40:39] /i 5071
[17/08/2011 00:40:41] /i 5071
[17/08/2011 00:40:42] /i 5071
[17/08/2011 00:40:43] /i 5071
[17/08/2011 00:40:43] /i 5071
[17/08/2011 00:40:48] /r
[17/08/2011 00:40:48] /r
[17/08/2011 00:40:49] /r
[17/08/2011 00:40:50] /r
[17/08/2011 00:40:51] /r
[17/08/2011 00:40:52] /r
[17/08/2011 00:40:53] /r
[17/08/2011 00:40:59] /r
[17/08/2011 00:41:00] /r
[17/08/2011 00:41:01] /r
[17/08/2011 00:41:04] /t
[17/08/2011 00:41:17] /t
[17/08/2011 00:41:25] /a
[17/08/2011 00:41:26] /a
[17/08/2011 00:41:27] /down
[17/08/2011 00:41:28] /down
[17/08/2011 00:41:33] /i 1483
[17/08/2011 00:41:33] /i 1483
[17/08/2011 00:41:35] /i 1483
[17/08/2011 00:41:44] /b Quen saber trabalha de padre ake ?
[17/08/2011 00:41:46] /i 1483
[17/08/2011 00:41:52] /i 1483
[17/08/2011 00:42:00] /a
[17/08/2011 00:42:04] /c Frontilai'z
[17/08/2011 00:42:07] /a
[17/08/2011 00:42:14] /i 1483
[17/08/2011 00:42:16] /i 1483
[17/08/2011 00:42:20] /i 1483
[17/08/2011 00:42:20] /i 1483
[17/08/2011 00:42:24] /a
[17/08/2011 00:42:34] /i 1483
[17/08/2011 00:42:34] /i 1483
[17/08/2011 00:42:36] /i 1483
[17/08/2011 00:42:37] /i 1483
[17/08/2011 00:42:43] /i 1483
[17/08/2011 00:43:01] /i 1483
[17/08/2011 00:43:02] /i 1483
[17/08/2011 00:43:03] /i 1483
[17/08/2011 00:43:04] /i 1483
[17/08/2011 00:43:05] /i 1483
[17/08/2011 00:43:08] /r
[17/08/2011 00:43:08] /r
[17/08/2011 00:43:16] /i 11672
[17/08/2011 00:43:18] /i 11672
[17/08/2011 00:43:22] /r
[17/08/2011 00:43:27] /r
[17/08/2011 00:43:29] /r
[17/08/2011 00:43:31] /r
[17/08/2011 00:43:39] /i 1670
[17/08/2011 00:43:40] /i 1670
[17/08/2011 00:43:41] /i 1670
[17/08/2011 00:43:41] /i 1670
[17/08/2011 00:43:42] /i 1670
[17/08/2011 00:43:43] /i 1670
[17/08/2011 00:43:45] /i 1670
[17/08/2011 00:43:51] /i 1672
[17/08/2011 00:43:52] /i 1672
[17/08/2011 00:43:52] /i 1672
[17/08/2011 00:43:53] /i 1672
[17/08/2011 00:43:55] /i 1672
[17/08/2011 00:43:57] /r
[17/08/2011 00:43:57] /r
[17/08/2011 00:43:57] /r
[17/08/2011 00:43:58] /r
[17/08/2011 00:43:58] /r
[17/08/2011 00:44:00] /i 1672
[17/08/2011 00:44:04] /i 1672
[17/08/2011 00:44:04] /i 1672
[17/08/2011 00:44:05] /i 1672
[17/08/2011 00:44:06] /i 1672
[17/08/2011 00:44:07] /i 1672
[17/08/2011 00:44:08] /i 1672
[17/08/2011 00:44:09] /i 1672
[17/08/2011 00:44:10] /i 1672
[17/08/2011 00:44:17] /i 11672
[17/08/2011 00:44:20] /r
[17/08/2011 00:44:27] /i 1672
[17/08/2011 00:44:28] /i 1672
[17/08/2011 00:44:30] /i 1672
[17/08/2011 00:44:30] /i 1672
[17/08/2011 00:44:31] /i 1672
[17/08/2011 00:44:32] /i 1672
[17/08/2011 00:44:47] /a
[17/08/2011 00:44:50] /i 11672
[17/08/2011 00:44:52] /i 11672
[17/08/2011 00:44:52] /a
[17/08/2011 00:44:53] /a
[17/08/2011 00:44:54] /a
[17/08/2011 00:44:54] /a
[17/08/2011 00:44:56] /i 11672
[17/08/2011 00:44:56] /i 11672
[17/08/2011 00:44:58] /a
[17/08/2011 00:45:03] /c [CM] Baltazar
[17/08/2011 00:45:05] /c [CM] Baltazar
[17/08/2011 00:45:11] /b cm baltazar tas ae ?
[17/08/2011 00:45:22] /b cm baltazar tas ae ?
[17/08/2011 00:45:34] /b Quen esta afimn de se casa ?
[17/08/2011 00:45:45] /b Quen esta afimn de se casa ? Comigo ?
[17/08/2011 00:45:56] /c Queen's Jogaeazy
[17/08/2011 00:46:27] /t Queen's Jogaeazy
[17/08/2011 00:46:40] /b Dois player para se casa quen vai ser
[17/08/2011 00:46:52] /newtype 331
[17/08/2011 00:46:54] /newtype 332
[17/08/2011 00:46:59] /c Noia
[17/08/2011 00:47:02] /c Queen's Jogaeazy
[17/08/2011 00:47:07] /r
[17/08/2011 00:47:09] /r
[17/08/2011 00:47:10] /r
[17/08/2011 00:47:32] /b quen vai participa do casamento ?
[17/08/2011 00:48:09] /a
[17/08/2011 00:48:49] /b quen quer participa do casamento de Noia Con Queen's Jogaeazy.
[17/08/2011 00:50:02] /n prient
[17/08/2011 00:50:04] /n prient
[17/08/2011 00:50:15] /t noia
[17/08/2011 00:50:18] /t Queen's Jogaeazy
[17/08/2011 00:50:30] /b nao vai te casamento nenum mas ninguen que participa !
[17/08/2011 00:50:38] /t
[17/08/2011 00:50:43] /ghost
[17/08/2011 00:51:33] /b flw pessoal vo durmi !
[17/08/2011 00:51:57] /ghost
[17/08/2011 00:52:06] /b Flws
[17/08/2011 00:52:12] /goto Queen's Jogaeazy
[17/08/2011 00:52:56] /n padre marcelo
[17/08/2011 00:54:00] /r
[17/08/2011 00:54:04] /c padre
[17/08/2011 00:54:08] /n padre
[17/08/2011 00:54:15] /up
[17/08/2011 00:54:31] /reload talkactions
[17/08/2011 00:55:08] /ghost
[17/08/2011 00:55:21] /ghost
[17/08/2011 00:55:22] /ghost
[17/08/2011 00:56:56] /t
[17/08/2011 00:57:06] /goto account manager
[17/08/2011 00:57:17] /goto Account Manager
[17/08/2011 00:57:20] /c Account Manager
[17/08/2011 00:57:23] /up
[17/08/2011 00:57:24] /up
[17/08/2011 00:57:24] /up
[17/08/2011 00:57:25] /up
[17/08/2011 00:57:26] /t
[17/08/2011 00:58:15] /ghost
[17/08/2011 00:58:16] /ghost
[17/08/2011 00:59:01] /a
[17/08/2011 00:59:12] /ghost
[17/08/2011 00:59:15] /ghost
[17/08/2011 00:59:16] /r
[17/08/2011 00:59:44] /m amazon
[17/08/2011 00:59:45] /m amazon
[17/08/2011 00:59:45] /m amazon
[17/08/2011 00:59:46] /m amazon
[17/08/2011 00:59:46] /m amazon
[17/08/2011 00:59:47] /m amazon
[17/08/2011 00:59:47] /m amazon
[17/08/2011 00:59:47] /m amazon
[17/08/2011 00:59:48] /t
[17/08/2011 01:00:10] /i spellbook
[17/08/2011 01:00:23] /t
[17/08/2011 01:01:42] /i spellbook
[17/08/2011 01:02:14] /reload spells
[17/08/2011 01:03:21] /r
[17/08/2011 01:03:46] /t
[17/08/2011 01:04:19] /t
[17/08/2011 01:04:33] /a
[17/08/2011 01:04:34] /a
[17/08/2011 01:04:37] /c Queen's Jogaeazy
[17/08/2011 01:04:39] /a
[17/08/2011 01:04:42] /a
[17/08/2011 01:05:10] /t
[17/08/2011 01:05:34] /r
[17/08/2011 01:06:01] /a
[17/08/2011 01:06:07] /c Queen's Jogaeazy
[17/08/2011 01:06:08] /c Queen's Jogaeazy
[17/08/2011 01:06:27] /r
[17/08/2011 01:06:31] /t Queen's Jogaeazy
[17/08/2011 01:06:34] /t noia
[17/08/2011 01:06:37] /clean
[17/08/2011 01:07:33] /bc green voa anuncia o ot flws
[17/08/2011 01:10:20] /ghost
[17/08/2011 01:23:18] /i 2160
[17/08/2011 01:23:19] /i 2160
[17/08/2011 01:23:26] /ghost
[17/08/2011 01:23:37] /bc green Nao temos vagas.
[17/08/2011 01:24:32] /m fire elemental
[17/08/2011 01:24:33] /m fire elemental
[17/08/2011 01:24:33] /m fire elemental
[17/08/2011 01:24:37] /m orc berserker
