[16/08/2011 00:38:41] /goto Bt'rulex
[16/08/2011 00:39:00] /ghost
[16/08/2011 00:39:22] /i 12605
[16/08/2011 00:39:26] /i 12604
[16/08/2011 00:39:47] /i pair of soft boots
[16/08/2011 00:39:55] /c Bt'rulex
[16/08/2011 00:40:07] /c Bt'rulex
[16/08/2011 00:40:13] /t
[16/08/2011 00:40:25] /a 3
[16/08/2011 00:40:36] /a 3
[16/08/2011 00:40:50] /a 10
[16/08/2011 00:40:53] /a 5
[16/08/2011 00:40:55] /a 10
[16/08/2011 00:40:55] /a 10
[16/08/2011 00:41:09] /a 10
[16/08/2011 00:41:12] /a 10
[16/08/2011 00:41:13] /a 10
[16/08/2011 00:41:13] /a 10
[16/08/2011 00:41:15] /a 10
[16/08/2011 00:41:16] /a 10
[16/08/2011 00:41:17] /a 10
[16/08/2011 00:41:17] /a 10
[16/08/2011 00:41:18] /a 10
[16/08/2011 00:41:26] /a 2
[16/08/2011 00:41:49] /a 10
[16/08/2011 00:41:49] /a 10
[16/08/2011 00:41:49] /a 10
[16/08/2011 00:41:50] /a 10
[16/08/2011 00:41:50] /a 10
[16/08/2011 00:41:51] /a 10
[16/08/2011 00:42:04] /a 5
[16/08/2011 00:42:04] /a 5
[16/08/2011 00:42:11] /a 10
[16/08/2011 00:42:15] /a 5
[16/08/2011 00:42:21] /a 10
[16/08/2011 00:42:22] /a 10
[16/08/2011 00:42:22] /a 10
[16/08/2011 00:42:23] /a 10
[16/08/2011 00:42:23] /a 10
[16/08/2011 00:42:33] /i pair of sotf boots
[16/08/2011 00:42:40] /i pair of soft boots
[16/08/2011 00:42:48] /i yalahar mask
[16/08/2011 00:43:00] /i baiak cap
[16/08/2011 00:43:15] /i 9778
[16/08/2011 00:44:22] /ghost
[16/08/2011 00:45:35] /b Fala Galera   .--.
[16/08/2011 00:45:51] /b oi
[16/08/2011 00:47:06] /b Pessoa não respondo privates '-'
[16/08/2011 00:47:27] /b estou help cualker coisa...
[16/08/2011 00:49:32] /a 10
[16/08/2011 00:49:41] /a 2
[16/08/2011 00:49:43] /a 10
[16/08/2011 00:50:00] /a 10
[16/08/2011 00:50:03] /a 10
[16/08/2011 00:50:26] /i golden backpack
[16/08/2011 00:50:50] /i 2160
[16/08/2011 00:50:51] /i 2160
[16/08/2011 00:50:51] /i 2160
[16/08/2011 00:50:52] /i 2160
[16/08/2011 00:51:03] /i 2160
[16/08/2011 19:38:18] /ghost
[16/08/2011 19:38:36] /a 3
[16/08/2011 19:38:45] /b Vo da clean  '-'
[16/08/2011 19:38:54] /clean
[16/08/2011 20:13:31] /goto noia
[16/08/2011 20:13:36] /a 2
[16/08/2011 20:13:38] /a 1
[16/08/2011 20:13:41] /r
[16/08/2011 20:43:46] /t
[16/08/2011 20:43:51] /a 3
[16/08/2011 20:44:01] /i green backpack
[16/08/2011 20:44:13] /i 2160
[16/08/2011 20:44:20] /i 2160
[16/08/2011 20:44:23] /i 2160
[16/08/2011 20:44:24] /i 2160
[16/08/2011 20:44:24] /i 2160
[16/08/2011 20:44:24] /i 2160
[16/08/2011 20:44:25] /i 2160
[16/08/2011 20:44:25] /i 2160
[16/08/2011 20:44:25] /i 2160
[16/08/2011 20:44:26] /i 2160
[16/08/2011 20:44:27] /i 2160
[16/08/2011 20:44:27] /i 2160
[16/08/2011 20:44:27] /i 2160
[16/08/2011 20:44:28] /i 2160
[16/08/2011 20:44:29] /i 2160
[16/08/2011 20:44:29] /i 2160
[16/08/2011 20:44:29] /i 2160
[16/08/2011 20:44:29] /i 2160
[16/08/2011 20:44:29] /i 2160
[16/08/2011 20:44:30] /i 2160
[16/08/2011 20:44:30] /i 2160
[16/08/2011 20:44:31] /i 2160
[16/08/2011 20:44:32] /i 2160
[16/08/2011 20:44:32] /i 2160
[16/08/2011 20:44:36] /i 2160
[16/08/2011 20:44:36] /i 2160
[16/08/2011 20:44:37] /i 2160
[16/08/2011 20:44:37] /i 2160
[16/08/2011 20:44:37] /i 2160
[16/08/2011 20:44:38] /i 2160
[16/08/2011 20:44:42] /i 2160
[16/08/2011 20:44:43] /i 2160
[16/08/2011 20:44:43] /i 2160
[16/08/2011 20:44:44] /i 2160
[16/08/2011 20:44:44] /i 2160
[16/08/2011 21:06:44] /reload action
[16/08/2011 21:10:04] /a 2
[16/08/2011 21:10:17] /i backpack
[16/08/2011 21:10:58] /i 2160
[16/08/2011 21:10:59] /i 2160
[16/08/2011 21:10:59] /i 2160
[16/08/2011 21:11:00] /i 2160
[16/08/2011 21:11:00] /i 2160
[16/08/2011 21:11:01] /i 2160
[16/08/2011 21:11:01] /i 2160
[16/08/2011 21:11:01] /i 2160
[16/08/2011 21:11:02] /i 2160
[16/08/2011 21:11:02] /i 2160
[16/08/2011 21:11:03] /i 2160
[16/08/2011 21:11:03] /i 2160
[16/08/2011 21:11:03] /i 2160
[16/08/2011 21:11:04] /i 2160
[16/08/2011 21:11:04] /i 2160
[16/08/2011 21:11:05] /i 2160
[16/08/2011 21:11:06] /i 2160
[16/08/2011 21:12:03] /i vip wand
[16/08/2011 21:12:07] /i vip rod
[16/08/2011 21:12:09] /i vip axe
[16/08/2011 21:12:13] /i vip sword
[16/08/2011 21:13:09] /a 10
[16/08/2011 21:13:38] /i baiak armor
[16/08/2011 21:13:43] /i baiak legs
[16/08/2011 21:13:45] /i baiak shield
[16/08/2011 21:13:48] /i baiak boots
[16/08/2011 21:13:54] /i baiak cap
[16/08/2011 21:14:07] /i imperium sword
[16/08/2011 21:14:13] /i solar axe
[16/08/2011 21:14:21] /i staff of baiak
[16/08/2011 21:14:42] /a 10
[16/08/2011 21:14:46] /a 7
[16/08/2011 21:14:52] /a 3
[16/08/2011 21:15:43] /i staff of baiak
[16/08/2011 21:15:44] /i staff of baiak
[16/08/2011 21:15:44] /i staff of baiak
[16/08/2011 21:15:54] /i boots of baiak
[16/08/2011 21:15:55] /i boots of baiak
[16/08/2011 21:15:56] /i boots of baiak
[16/08/2011 21:16:09] /i solar axe
[16/08/2011 21:16:46] /i dice
[16/08/2011 21:16:59] /b kem aki ké evento?
[16/08/2011 21:17:12] /b kem aki ké evento?
[16/08/2011 21:17:56] /i 8668
[16/08/2011 21:17:57] /i 8668
[16/08/2011 21:17:58] /i 8668
[16/08/2011 21:17:59] /i 8668
[16/08/2011 21:18:00] /i 8668
[16/08/2011 21:18:03] /i 8668
[16/08/2011 21:18:04] /i 8668
[16/08/2011 21:18:05] /i 8668
[16/08/2011 21:18:05] /i 8668
[16/08/2011 21:18:07] /i 8668
[16/08/2011 21:18:10] /r
[16/08/2011 21:18:12] /r
[16/08/2011 21:18:20] /i 8665
[16/08/2011 21:18:29] /i 8666
[16/08/2011 21:18:37] /i 8667
[16/08/2011 21:18:38] /i 8667
[16/08/2011 21:18:47] /ghost
[16/08/2011 21:19:34] /a 7
[16/08/2011 21:19:36] /a 7
[16/08/2011 21:19:49] /t Frontilai'z
[16/08/2011 21:20:02] /i 3710
[16/08/2011 21:20:14] /r
[16/08/2011 21:20:19] /i 3710
[16/08/2011 21:20:21] /r
[16/08/2011 21:20:42] /i 3710
[16/08/2011 21:20:43] /i 3710
[16/08/2011 21:20:51] /a 7
[16/08/2011 21:24:41] /t
[16/08/2011 21:26:18] /a 2
[16/08/2011 21:26:35] /a 6
[16/08/2011 21:26:50] /t
[16/08/2011 21:27:04] /r
[16/08/2011 21:27:06] /r
[16/08/2011 21:28:36] /i master vip arrow
[16/08/2011 21:29:05] /r all
[16/08/2011 21:31:41] /a 2
[16/08/2011 21:31:55] /a 7
[16/08/2011 21:31:58] /a 2
[16/08/2011 21:32:09] /i baiak arrow
[16/08/2011 21:32:33] /t
[16/08/2011 21:32:49] /a 3
[16/08/2011 21:33:01] /a 10
[16/08/2011 21:33:03] /a 10
[16/08/2011 21:33:04] /a 10
[16/08/2011 21:33:05] /a 10
[16/08/2011 21:33:08] /a 10
[16/08/2011 21:33:08] /a 10
[16/08/2011 21:33:12] /a 5
[16/08/2011 21:33:19] /a 5
[16/08/2011 21:33:21] /a 5
[16/08/2011 21:33:22] /a 5
[16/08/2011 21:33:23] /a 5
[16/08/2011 21:33:24] /a 5
[16/08/2011 21:33:25] /a 5
[16/08/2011 21:33:26] /a 5
[16/08/2011 21:33:26] /a 5
[16/08/2011 21:33:27] /a 5
[16/08/2011 21:33:27] /a 5
[16/08/2011 21:33:28] /a 5
[16/08/2011 21:33:28] /a 5
[16/08/2011 21:33:29] /a 5
[16/08/2011 21:33:29] /a 5
[16/08/2011 21:33:30] /a 5
[16/08/2011 21:33:30] /a 5
[16/08/2011 21:33:31] /a 5
[16/08/2011 21:33:32] /a 5
[16/08/2011 21:33:32] /a 5
[16/08/2011 21:33:33] /a 5
[16/08/2011 21:33:33] /a 5
[16/08/2011 21:33:33] /a 5
[16/08/2011 21:33:34] /a 5
[16/08/2011 21:33:35] /a 5
[16/08/2011 21:33:35] /a 5
[16/08/2011 21:33:36] /a 5
[16/08/2011 21:33:36] /a 5
[16/08/2011 21:33:37] /a 5
[16/08/2011 21:33:40] /a 5
[16/08/2011 21:33:40] /a 5
[16/08/2011 21:33:41] /a 5
[16/08/2011 21:33:42] /a 5
[16/08/2011 21:33:42] /a 5
[16/08/2011 21:33:43] /a 5
[16/08/2011 21:33:43] /a 5
[16/08/2011 21:33:43] /a 5
[16/08/2011 21:33:44] /a 5
[16/08/2011 21:33:45] /a 5
[16/08/2011 21:33:45] /a 5
[16/08/2011 21:33:45] /a 5
[16/08/2011 21:33:46] /a 5
[16/08/2011 21:33:47] /a 5
[16/08/2011 21:33:47] /a 5
[16/08/2011 21:33:48] /a 5
[16/08/2011 21:33:48] /a 5
[16/08/2011 21:33:49] /a 5
[16/08/2011 21:33:50] /a 5
[16/08/2011 21:33:51] /a 5
[16/08/2011 21:33:51] /a 5
[16/08/2011 21:33:52] /a 5
[16/08/2011 21:33:52] /a 5
[16/08/2011 21:33:52] /a 5
[16/08/2011 21:33:53] /a 5
[16/08/2011 21:33:53] /a 5
[16/08/2011 21:33:54] /a 5
[16/08/2011 21:33:55] /a 5
[16/08/2011 21:33:55] /a 5
[16/08/2011 21:33:55] /a 5
[16/08/2011 21:33:56] /a 5
[16/08/2011 21:33:56] /a 5
[16/08/2011 21:33:56] /a 5
[16/08/2011 21:33:57] /a 5
[16/08/2011 21:33:57] /a 5
[16/08/2011 21:33:58] /a 5
[16/08/2011 21:33:58] /a 5
[16/08/2011 21:33:58] /a 5
[16/08/2011 21:33:59] /a 5
[16/08/2011 21:33:59] /a 5
[16/08/2011 21:33:59] /a 5
[16/08/2011 21:34:00] /a 5
[16/08/2011 21:34:00] /a 5
[16/08/2011 21:34:00] /a 5
[16/08/2011 21:34:01] /a 5
[16/08/2011 21:34:02] /a 5
[16/08/2011 21:34:02] /a 5
[16/08/2011 21:34:03] /a 5
[16/08/2011 21:34:04] /a 5
[16/08/2011 21:34:04] /a 5
[16/08/2011 21:34:04] /a 5
[16/08/2011 21:34:05] /a 5
[16/08/2011 21:34:05] /a 5
[16/08/2011 21:34:05] /a 5
[16/08/2011 21:34:06] /a 5
[16/08/2011 21:34:06] /a 5
[16/08/2011 21:34:06] /a 5
[16/08/2011 21:34:06] /a 5
[16/08/2011 21:34:06] /a 5
[16/08/2011 21:34:08] /a 5
[16/08/2011 21:34:08] /a 5
[16/08/2011 21:34:09] /a 5
[16/08/2011 21:34:13] /a 5
[16/08/2011 21:34:14] /a 5
[16/08/2011 21:34:14] /a 5
[16/08/2011 21:34:15] /a 5
[16/08/2011 21:34:15] /a 5
[16/08/2011 21:34:15] /a 5
[16/08/2011 21:34:16] /a 5
[16/08/2011 21:34:16] /a 5
[16/08/2011 21:34:16] /a 5
[16/08/2011 21:34:16] /a 5
[16/08/2011 21:34:17] /a 5
[16/08/2011 21:34:17] /a 5
[16/08/2011 21:34:18] /a 5
[16/08/2011 21:34:18] /a 5
[16/08/2011 21:34:18] /a 5
[16/08/2011 21:34:19] /a 5
[16/08/2011 21:34:19] /a 5
[16/08/2011 21:34:20] /a 5
[16/08/2011 21:34:21] /a 5
[16/08/2011 21:34:21] /a 5
[16/08/2011 21:34:21] /a 5
[16/08/2011 21:34:21] /a 5
[16/08/2011 21:34:22] /a 5
[16/08/2011 21:34:22] /a 5
[16/08/2011 21:34:22] /a 5
[16/08/2011 21:34:22] /a 5
[16/08/2011 21:34:23] /a 5
[16/08/2011 21:34:23] /a 5
[16/08/2011 21:34:23] /a 5
[16/08/2011 21:34:25] /a 5
[16/08/2011 21:34:25] /a 5
[16/08/2011 21:34:33] /a 5
[16/08/2011 21:34:34] /a 5
[16/08/2011 21:34:34] /a 5
[16/08/2011 21:34:34] /a 5
[16/08/2011 21:34:35] /a 5
[16/08/2011 21:34:35] /a 5
[16/08/2011 21:34:35] /a 5
[16/08/2011 21:34:35] /a 5
[16/08/2011 21:34:36] /a 5
[16/08/2011 21:34:36] /a 5
[16/08/2011 21:34:38] /a 5
[16/08/2011 21:34:40] /a 5
[16/08/2011 21:34:40] /a 5
[16/08/2011 21:34:41] /a 5
[16/08/2011 21:34:41] /a 5
[16/08/2011 21:34:41] /a 5
[16/08/2011 21:34:41] /a 5
[16/08/2011 21:34:42] /a 5
[16/08/2011 21:34:42] /a 5
[16/08/2011 21:34:43] /a 5
[16/08/2011 21:34:43] /a 5
[16/08/2011 21:34:43] /a 5
[16/08/2011 21:34:45] /a 5
[16/08/2011 21:34:45] /a 5
[16/08/2011 21:34:46] /a 5
[16/08/2011 21:34:46] /a 5
[16/08/2011 21:34:46] /a 5
[16/08/2011 21:34:46] /a 5
[16/08/2011 21:34:47] /a 5
[16/08/2011 21:34:51] /a 5
[16/08/2011 21:34:53] /a 2
[16/08/2011 21:34:55] /a 2
[16/08/2011 21:34:57] /a 5
[16/08/2011 21:34:57] /a 5
[16/08/2011 21:34:57] /a 5
[16/08/2011 21:34:58] /a 5
[16/08/2011 21:34:58] /a 5
[16/08/2011 21:34:58] /a 5
[16/08/2011 21:34:58] /a 5
[16/08/2011 21:34:58] /a 5
[16/08/2011 21:34:58] /a 5
[16/08/2011 21:34:58] /a 5
[16/08/2011 21:34:59] /a 5
[16/08/2011 21:34:59] /a 5
[16/08/2011 21:34:59] /a 5
[16/08/2011 21:34:59] /a 5
[16/08/2011 21:34:59] /a 5
[16/08/2011 21:35:02] /a 5
[16/08/2011 21:35:06] /a 5
[16/08/2011 21:35:07] /a 5
[16/08/2011 21:35:07] /a 5
[16/08/2011 21:35:07] /a 5
[16/08/2011 21:35:07] /a 5
[16/08/2011 21:35:08] /a 5
[16/08/2011 21:35:08] /a 5
[16/08/2011 21:35:08] /a 5
[16/08/2011 21:35:08] /a 5
[16/08/2011 21:35:09] /a 5
[16/08/2011 21:35:09] /a 5
[16/08/2011 21:35:09] /a 5
[16/08/2011 21:35:09] /a 5
[16/08/2011 21:35:10] /a 5
[16/08/2011 21:35:13] /a 5
[16/08/2011 21:35:15] /a 3
[16/08/2011 21:35:16] /a 5
[16/08/2011 21:35:19] /a 5
[16/08/2011 21:35:19] /a 5
[16/08/2011 21:35:19] /a 5
[16/08/2011 21:35:20] /a 5
[16/08/2011 21:35:20] /a 5
[16/08/2011 21:35:21] /a 5
[16/08/2011 21:35:21] /a 5
[16/08/2011 21:35:21] /a 5
[16/08/2011 21:35:21] /a 5
[16/08/2011 21:35:22] /a 5
[16/08/2011 21:35:22] /a 5
[16/08/2011 21:35:22] /a 5
[16/08/2011 21:35:23] /a 5
[16/08/2011 21:35:23] /a 5
[16/08/2011 21:35:23] /a 5
[16/08/2011 21:35:23] /a 5
[16/08/2011 21:35:24] /a 5
[16/08/2011 21:35:24] /a 5
[16/08/2011 21:35:25] /a 5
[16/08/2011 21:35:26] /a 5
[16/08/2011 21:35:26] /a 5
[16/08/2011 21:35:27] /a 5
[16/08/2011 21:35:28] /a 5
[16/08/2011 21:35:28] /a 5
[16/08/2011 21:35:28] /a 5
[16/08/2011 21:35:29] /a 5
[16/08/2011 21:35:29] /a 5
[16/08/2011 21:35:30] /a 5
[16/08/2011 21:35:30] /a 5
[16/08/2011 21:35:30] /a 5
[16/08/2011 21:35:31] /a 5
[16/08/2011 21:35:31] /a 5
[16/08/2011 21:35:32] /a 5
[16/08/2011 21:35:32] /a 5
[16/08/2011 21:35:32] /a 5
[16/08/2011 21:35:33] /a 5
[16/08/2011 21:35:34] /a 5
[16/08/2011 21:35:34] /a 5
[16/08/2011 21:35:34] /a 5
[16/08/2011 21:35:44] /a 5
[16/08/2011 21:35:44] /a 5
[16/08/2011 21:35:44] /a 5
[16/08/2011 21:35:45] /a 5
[16/08/2011 21:35:45] /a 5
[16/08/2011 21:35:46] /a 5
[16/08/2011 21:35:46] /a 5
[16/08/2011 21:35:46] /a 5
[16/08/2011 21:35:46] /a 5
[16/08/2011 21:35:47] /a 5
[16/08/2011 21:35:48] /a 5
[16/08/2011 21:35:48] /a 5
[16/08/2011 21:35:48] /a 5
[16/08/2011 21:35:49] /a 5
[16/08/2011 21:35:49] /a 5
[16/08/2011 21:35:49] /a 5
[16/08/2011 21:35:50] /a 5
[16/08/2011 21:35:50] /a 5
[16/08/2011 21:35:50] /a 5
[16/08/2011 21:35:51] /a 5
[16/08/2011 21:35:51] /a 5
[16/08/2011 21:35:51] /a 5
[16/08/2011 21:35:51] /a 5
[16/08/2011 21:35:52] /a 5
[16/08/2011 21:35:53] /a 5
[16/08/2011 21:35:53] /a 5
[16/08/2011 21:35:53] /a 5
[16/08/2011 21:35:53] /a 5
[16/08/2011 21:35:55] /a 5
[16/08/2011 21:35:55] /a 5
[16/08/2011 21:36:04] /a 5
[16/08/2011 21:36:04] /a 5
[16/08/2011 21:36:06] /a 5
[16/08/2011 21:36:06] /a 5
[16/08/2011 21:36:07] /a 5
[16/08/2011 21:36:07] /a 5
[16/08/2011 21:36:07] /a 5
[16/08/2011 21:36:08] /a 5
[16/08/2011 21:36:08] /a 5
[16/08/2011 21:36:08] /a 5
[16/08/2011 21:36:09] /a 5
[16/08/2011 21:36:09] /a 5
[16/08/2011 21:36:09] /a 5
[16/08/2011 21:36:10] /a 5
[16/08/2011 21:36:10] /a 5
[16/08/2011 21:36:10] /a 5
[16/08/2011 21:36:11] /a 5
[16/08/2011 21:36:11] /a 5
[16/08/2011 21:36:13] /a 5
[16/08/2011 21:36:13] /a 5
[16/08/2011 21:36:14] /a 5
[16/08/2011 21:36:14] /a 5
[16/08/2011 21:36:14] /a 5
[16/08/2011 21:36:15] /a 5
[16/08/2011 21:36:17] /a 5
[16/08/2011 21:36:17] /a 5
[16/08/2011 21:36:17] /a 5
[16/08/2011 21:36:17] /a 5
[16/08/2011 21:36:17] /a 5
[16/08/2011 21:36:18] /a 5
[16/08/2011 21:36:18] /a 5
[16/08/2011 21:36:19] /a 5
[16/08/2011 21:36:19] /a 5
[16/08/2011 21:36:20] /a 5
[16/08/2011 21:36:20] /a 5
[16/08/2011 21:36:20] /a 5
[16/08/2011 21:36:21] /a 5
[16/08/2011 21:36:21] /a 5
[16/08/2011 21:36:22] /a 5
[16/08/2011 21:36:22] /a 5
[16/08/2011 21:36:22] /a 5
[16/08/2011 21:36:22] /a 5
[16/08/2011 21:36:23] /a 5
[16/08/2011 21:36:23] /a 5
[16/08/2011 21:36:23] /a 5
[16/08/2011 21:36:23] /a 5
[16/08/2011 21:36:24] /a 5
[16/08/2011 21:36:24] /a 5
[16/08/2011 21:36:24] /a 5
[16/08/2011 21:36:25] /a 5
[16/08/2011 21:36:25] /a 5
[16/08/2011 21:36:26] /a 5
[16/08/2011 21:36:26] /a 5
[16/08/2011 21:36:26] /a 5
[16/08/2011 21:36:26] /a 5
[16/08/2011 21:36:27] /a 5
[16/08/2011 21:36:27] /a 5
[16/08/2011 21:36:27] /a 5
[16/08/2011 21:36:28] /a 5
[16/08/2011 21:36:29] /a 5
[16/08/2011 21:36:39] /c oxxy extreme
[16/08/2011 21:37:28] /t
[16/08/2011 21:37:31] /a 5
[16/08/2011 21:37:33] /a 5
[16/08/2011 21:37:37] /r
[16/08/2011 21:37:39] /r
[16/08/2011 21:37:44] /a 5
[16/08/2011 21:37:45] /a 5
[16/08/2011 21:37:47] /r
[16/08/2011 21:37:49] /r
[16/08/2011 21:37:50] /r
[16/08/2011 21:37:52] /r
[16/08/2011 21:37:53] /r
[16/08/2011 21:37:54] /r
[16/08/2011 21:37:55] /r
[16/08/2011 21:37:56] /r
[16/08/2011 21:37:58] /r
[16/08/2011 21:37:59] /r
[16/08/2011 21:38:00] /r
[16/08/2011 21:38:03] /a 5
[16/08/2011 21:38:04] /a 5
[16/08/2011 21:38:04] /a 5
[16/08/2011 21:38:37] /t
[16/08/2011 22:02:04] /ghost
[16/08/2011 22:02:31] /a 10
[16/08/2011 22:02:33] /a 10
[16/08/2011 22:02:33] /a 10
[16/08/2011 22:02:36] /t
[16/08/2011 22:11:15] /i master vip wand
[16/08/2011 22:11:23] /a 2
[16/08/2011 23:30:04] /t
[16/08/2011 23:30:59] /ghost
[16/08/2011 23:31:43] /r
[16/08/2011 23:31:46] /r
[16/08/2011 23:31:49] /r
[16/08/2011 23:31:50] /r
[16/08/2011 23:31:51] /r
[16/08/2011 23:31:52] /r
[16/08/2011 23:31:54] /r
[16/08/2011 23:31:55] /r
[16/08/2011 23:31:56] /r
[16/08/2011 23:32:00] /r
[16/08/2011 23:32:38] /a 10
[16/08/2011 23:32:40] /a 10
[16/08/2011 23:32:43] /a 10
[16/08/2011 23:32:57] /c Frontilai'z
[16/08/2011 23:33:00] /a 2
[16/08/2011 23:33:03] /c Frontilai'z
[16/08/2011 23:33:55] /t
[16/08/2011 23:34:18] /newtype 300
[16/08/2011 23:34:24] /a 20
[16/08/2011 23:34:28] /a 10
[16/08/2011 23:34:35] /a 4
[16/08/2011 23:34:52] /i meat
[16/08/2011 23:35:00] /a 2
[16/08/2011 23:35:02] /a 2
[16/08/2011 23:35:16] /a 2
[16/08/2011 23:35:17] /a 2
[16/08/2011 23:35:20] /a 2
[16/08/2011 23:35:20] /a 2
[16/08/2011 23:35:26] /a 2
[16/08/2011 23:35:27] /a 2
[16/08/2011 23:35:27] /a 2
[16/08/2011 23:35:29] /a 2
[16/08/2011 23:35:29] /a 2
[16/08/2011 23:35:30] /a 2
[16/08/2011 23:35:30] /a 2
[16/08/2011 23:35:31] /a 2
[16/08/2011 23:35:34] /a 2
[16/08/2011 23:35:34] /a 2
[16/08/2011 23:35:36] /a 2
[16/08/2011 23:35:36] /a 2
[16/08/2011 23:35:39] /a 2
[16/08/2011 23:35:40] /a 2
[16/08/2011 23:35:47] /a 1
[16/08/2011 23:36:07] /a 20
[16/08/2011 23:36:08] /a 20
[16/08/2011 23:36:20] /c Frontilai1z
[16/08/2011 23:36:23] /c Frontilai'z
[16/08/2011 23:36:28] /i bag
[16/08/2011 23:37:17] /t
[16/08/2011 23:39:07] /goto fujiiro nofusca
[16/08/2011 23:39:11] /goto fujiiro nofusca
[16/08/2011 23:39:25] /goto Fujiiro Mofusca
[16/08/2011 23:39:33] /goto Fujiiro Nofusca
[16/08/2011 23:39:47] /goto Fujiiro Nofusca
[16/08/2011 23:39:56] /goto Fujiiru Nofusca
[16/08/2011 23:45:22] /t Fujiiru Nofusca
[16/08/2011 23:45:23] /t
[16/08/2011 23:46:09] /a 2
[16/08/2011 23:46:16] /a 5
[16/08/2011 23:46:19] /a 5
[16/08/2011 23:46:19] /a 5
[16/08/2011 23:46:24] /a 5
[16/08/2011 23:46:25] /a 5
[16/08/2011 23:47:32] /t
[16/08/2011 23:52:29] /newtype 1
[16/08/2011 23:52:30] /newtype 2
[16/08/2011 23:52:32] /newtype 10
[16/08/2011 23:52:38] /newtype 11
[16/08/2011 23:52:40] /newtype 12
[16/08/2011 23:52:52] /newtype 13
[16/08/2011 23:52:55] /newtype 15
[16/08/2011 23:52:58] /newtype 14
[16/08/2011 23:53:01] /newtype 16
[16/08/2011 23:53:31] /newtype 17
[16/08/2011 23:53:34] /newtype 18
[16/08/2011 23:53:39] /newtype 19
[16/08/2011 23:53:42] /newtype 20
[16/08/2011 23:53:46] /newtype 20
[16/08/2011 23:53:48] /newtype 21
[16/08/2011 23:53:51] /newtype 22
[16/08/2011 23:53:52] /newtype 23
[16/08/2011 23:53:54] /newtype 24
[16/08/2011 23:54:14] /newtype 25
[16/08/2011 23:54:16] /newtype 26
[16/08/2011 23:54:19] /newtype 27
[16/08/2011 23:54:30] /newtype 28
[16/08/2011 23:54:35] /newtype 29
[16/08/2011 23:54:46] /newtype 30
[16/08/2011 23:54:49] /newtype 31
[16/08/2011 23:54:51] /newtype 32
[16/08/2011 23:54:54] /newtype 33
[16/08/2011 23:54:57] /newtype 34
[16/08/2011 23:55:00] /newtype 35
[16/08/2011 23:55:28] /newtype 36
[16/08/2011 23:55:30] /newtype 37
[16/08/2011 23:55:34] /newtype 38
[16/08/2011 23:55:36] /newtype 39
[16/08/2011 23:55:40] /newtype 40
[16/08/2011 23:55:42] /newtype 41
[16/08/2011 23:55:44] /newtype 42
[16/08/2011 23:55:46] /newtype 43
[16/08/2011 23:55:49] /newtype 44
[16/08/2011 23:55:57] /newtype 45
[16/08/2011 23:56:02] /newtype 46
[16/08/2011 23:56:08] /newtype 47
[16/08/2011 23:56:12] /newtype 48
[16/08/2011 23:56:27] /newtype 20
[16/08/2011 23:56:30] /newtype 15
[16/08/2011 23:56:33] /newtype 11
[16/08/2011 23:56:34] /newtype 12
[16/08/2011 23:57:11] /newtype 50
[16/08/2011 23:57:18] /newtype 51
[16/08/2011 23:57:26] /newtype 52
[16/08/2011 23:57:28] /newtype 53
[16/08/2011 23:57:38] /newtype 54
[16/08/2011 23:58:37] /newtype 55
[16/08/2011 23:58:39] /newtype 56
[16/08/2011 23:58:42] /newtype 57
[16/08/2011 23:58:45] /newtype 58
[16/08/2011 23:58:47] /newtype 59
[16/08/2011 23:58:50] /newtype 60
[16/08/2011 23:58:52] /newtype 61
[16/08/2011 23:59:18] /newtype 62
[16/08/2011 23:59:20] /newtype 63
[16/08/2011 23:59:24] /newtype 64
[16/08/2011 23:59:26] /newtype 65
[16/08/2011 23:59:58] /c infernatil
[17/08/2011 00:00:22] /r
[17/08/2011 00:00:26] /r
[17/08/2011 00:01:01] /a 5
[17/08/2011 00:01:06] /a 5
[17/08/2011 00:01:13] /a 10
[17/08/2011 00:01:13] /a 10
[17/08/2011 00:01:16] /a 
[17/08/2011 00:01:30] /a 20
[17/08/2011 00:01:31] /a 20
[17/08/2011 00:01:38] /t
[17/08/2011 00:13:11] /t
[17/08/2011 00:13:14] /ghost
[17/08/2011 00:13:38] /r
[17/08/2011 00:13:49] /ghost
[17/08/2011 00:13:52] /newtype 300
[17/08/2011 00:17:10] /t
[17/08/2011 00:36:18] /ghost
[17/08/2011 00:37:06] /goto [CM] Justiceiro
[17/08/2011 00:37:21] /a 2
[17/08/2011 00:37:42] /t
[17/08/2011 00:37:49] /a 2
[17/08/2011 00:37:52] /t
[17/08/2011 00:37:58] /a 2
[17/08/2011 00:38:07] /a 2
[17/08/2011 00:38:10] /a 2
[17/08/2011 00:38:12] /a 3
[17/08/2011 00:38:44] /a 3
[17/08/2011 00:38:48] /t
[17/08/2011 00:39:16] /m magebomb
[17/08/2011 00:39:51] /t
[17/08/2011 00:40:00] /goto [CM] Justiceiro
[17/08/2011 00:40:32] /t
[17/08/2011 00:40:51] /t
[17/08/2011 00:41:05] /m magebomb
[17/08/2011 00:41:06] /m magebomb
[17/08/2011 00:42:08] /m mageomb
[17/08/2011 00:42:09] /m mageomb
[17/08/2011 00:42:14] /m magebomb
[17/08/2011 00:42:14] /m magebomb
[17/08/2011 00:42:14] /m magebomb
[17/08/2011 00:42:15] /m magebomb
[17/08/2011 00:42:15] /m magebomb
