[23/07/2011 18:55:20] /newtype 1
[23/07/2011 18:55:23] /newtype 2
[23/07/2011 18:55:26] /newtype 3
[23/07/2011 18:55:28] /newtype 4
[23/07/2011 18:55:29] /newtype 5
[23/07/2011 18:55:31] /newtype 12
[23/07/2011 18:55:36] /newtype 11
[23/07/2011 18:55:38] /newtype 13
[23/07/2011 18:55:40] /newtype 14
[23/07/2011 18:55:42] /newtype 15
[23/07/2011 18:55:44] /newtype 16
[23/07/2011 18:55:45] /newtype 17
[23/07/2011 18:55:47] /newtype 18
[23/07/2011 18:55:49] /newtype 19
[23/07/2011 18:55:51] /newtype 20
[23/07/2011 18:55:52] /newtype 21
[23/07/2011 18:55:54] /newtype 22
[23/07/2011 18:55:55] /newtype 23
[23/07/2011 18:55:56] /newtype 24
[23/07/2011 18:55:58] /newtype 25
[23/07/2011 18:55:59] /newtype 26
[23/07/2011 18:56:01] /newtype 27
[23/07/2011 18:56:02] /newtype 28
[23/07/2011 18:56:04] /newtype 29
[23/07/2011 18:56:07] /newtype 30
[23/07/2011 18:56:09] /newtype 31
[23/07/2011 18:56:10] /newtype 32
[23/07/2011 18:56:11] /newtype 33
[23/07/2011 18:56:13] /newtype 34
[23/07/2011 18:56:14] /newtype 35
[23/07/2011 18:56:16] /newtype 36
[23/07/2011 18:56:18] /newtype 37
[23/07/2011 18:56:20] /newtype 38
[23/07/2011 18:56:21] /newtype 39
[23/07/2011 18:56:25] /newtype 40
[23/07/2011 18:56:26] /newtype 41
[23/07/2011 18:56:27] /newtype 42
[23/07/2011 18:56:29] /newtype 43
[23/07/2011 18:56:30] /newtype 44
[23/07/2011 18:56:31] /newtype 45
[23/07/2011 18:56:33] /newtype 46
[23/07/2011 18:56:35] /newtype 47
[23/07/2011 18:56:38] /newtype 48
[23/07/2011 18:56:40] /newtype 49
[23/07/2011 18:56:42] /newtype 50
[23/07/2011 18:56:45] /newtype 51
[23/07/2011 18:56:47] /newtype 52
[23/07/2011 18:56:49] /newtype 53
[23/07/2011 18:57:06] /newtype 54
[23/07/2011 18:57:08] /newtype 55
[23/07/2011 18:57:11] /newtype 56
[23/07/2011 18:57:13] /newtype 57
[23/07/2011 18:57:15] /newtype 58
[23/07/2011 18:57:17] /newtype 59
[23/07/2011 18:57:20] /newtype 60
[23/07/2011 18:57:21] /newtype 61
[23/07/2011 18:57:23] /newtype 6
[23/07/2011 18:57:25] /newtype 62
[23/07/2011 18:57:27] /newtype 63
[23/07/2011 18:57:29] /newtype 64
[23/07/2011 18:57:31] /newtype 65
[23/07/2011 18:57:33] /newtype 66
[23/07/2011 18:57:35] /newtype 67
[23/07/2011 18:57:38] /newtype 68
[23/07/2011 18:57:41] /newtype 69
[23/07/2011 18:57:43] /newtype 70
[23/07/2011 18:57:45] /newtype 71
[23/07/2011 18:57:47] /newtype 72
[23/07/2011 18:57:48] /newtype 73
[23/07/2011 18:57:50] /newtype 74
[23/07/2011 18:57:52] /newtype 75
[23/07/2011 18:57:55] /newtype 76
[23/07/2011 18:57:57] /newtype 77
[23/07/2011 18:57:59] /newtype 78
[23/07/2011 18:58:01] /newtype 79
[23/07/2011 18:58:04] /newtype 80
[23/07/2011 18:58:06] /newtype 81
[23/07/2011 18:58:07] /newtype 82
[23/07/2011 18:58:09] /newtype 83
[23/07/2011 18:58:10] /newtype 84
[23/07/2011 18:58:11] /newtype 85
[23/07/2011 18:58:15] /newtype 86
[23/07/2011 18:58:18] /newtype 87
[23/07/2011 18:58:19] /newtype 88
[23/07/2011 18:58:21] /newtype 89
[23/07/2011 18:58:24] /newtype 90
[23/07/2011 18:58:26] /newtype 91
[23/07/2011 18:58:27] /newtype 92
[23/07/2011 18:58:29] /newtype 93
[23/07/2011 18:58:33] /newtype 94
[23/07/2011 18:58:35] /newtype 95
[23/07/2011 19:16:33] /shutdown
[23/07/2011 19:35:05] /reload talkactions
[23/07/2011 19:47:56] /a
[23/07/2011 19:55:11] /a 23
[23/07/2011 19:55:17] /a 21
[23/07/2011 19:55:22] /a 2
[23/07/2011 19:58:17] /a 2
[23/07/2011 19:58:28] /attr health -99999999
[23/07/2011 19:58:34] /a
[23/07/2011 19:58:38] /attr health -99999999
[23/07/2011 19:58:50] /a 5
[23/07/2011 19:58:51] /a 5
[23/07/2011 19:59:02] /a 3
[23/07/2011 19:59:03] /a 3
[23/07/2011 19:59:11] /a 3
[23/07/2011 19:59:12] /a 3
[23/07/2011 19:59:15] /a 3
[23/07/2011 19:59:16] /a 3
[23/07/2011 19:59:22] /a 20
[23/07/2011 19:59:25] /a 5
[23/07/2011 19:59:26] /a 5
[23/07/2011 19:59:27] /a 5
[23/07/2011 19:59:27] /a 5
[23/07/2011 20:00:31] /i 2160
[23/07/2011 20:00:45] /i 2160
[23/07/2011 20:00:50] /i 2160
[23/07/2011 20:00:52] /r
[23/07/2011 20:00:54] /r
[23/07/2011 20:00:56] /r
[23/07/2011 20:00:57] /r
[23/07/2011 20:00:58] /r
[23/07/2011 20:01:01] /r
[23/07/2011 20:01:04] /r
[23/07/2011 20:01:12] /a 5
[23/07/2011 20:01:26] /r
[23/07/2011 20:01:27] /r
[23/07/2011 20:01:28] /r
[23/07/2011 20:01:29] /r
[23/07/2011 20:01:30] /r
[23/07/2011 20:01:31] /r
[23/07/2011 20:01:33] /r
[23/07/2011 20:02:07] /a 50
[23/07/2011 20:02:08] /a 50
[23/07/2011 20:02:16] /a 50
[23/07/2011 20:02:18] /a 50
[23/07/2011 20:02:20] /a 10
[23/07/2011 20:02:21] /a 10
[23/07/2011 20:02:22] /a 10
[23/07/2011 20:02:22] /a 10
[23/07/2011 20:02:23] /a 10
[23/07/2011 20:02:24] /a 10
[23/07/2011 20:02:24] /a 10
[23/07/2011 20:02:26] /a 10
[23/07/2011 20:02:28] /a 10
[23/07/2011 20:03:43] /a
[23/07/2011 20:06:45] /a
[23/07/2011 20:06:48] /c tester
[23/07/2011 20:07:02] /a 2
[23/07/2011 20:07:02] /a 2
[23/07/2011 20:08:53] /i 1285
[23/07/2011 20:09:06] /goto tester
[23/07/2011 20:12:23] /r
[23/07/2011 20:12:36] /ghost
[23/07/2011 20:12:48] /m vip training
[23/07/2011 20:12:59] /m vip treiner
[23/07/2011 20:13:14] /m vip trainer
[23/07/2011 20:13:17] /a 2
[23/07/2011 20:13:19] /a
[23/07/2011 20:13:20] /r
[23/07/2011 20:13:24] /m vip trainer
[23/07/2011 20:13:27] /a
[23/07/2011 20:19:27] /a
[23/07/2011 20:19:29] /a 2
[23/07/2011 20:19:31] /a
[23/07/2011 20:20:05] /addskill [GOD] Math,level,9999999999999999999999
[23/07/2011 20:20:08] /addskill [GOD] Math,level,9999999999999999
[23/07/2011 20:20:10] /addskill [GOD] Math,level,9999999999999
[23/07/2011 20:20:11] /addskill [GOD] Math,level,9999999999999
[23/07/2011 20:20:12] /addskill [GOD] Math,level,9999999999999
[23/07/2011 20:20:14] /addskill [GOD] Math,level,99999999999
[23/07/2011 20:20:15] /addskill [GOD] Math,level,999999999
[23/07/2011 20:20:17] /addskill [GOD] Math,level,999999
[23/07/2011 20:20:24] /addskill [GOD] Math,level,999999
[23/07/2011 20:20:24] /addskill [GOD] Math,level,99
[23/07/2011 20:20:24] /addskill [GOD] Math,level,9
[23/07/2011 20:20:28] /addskill [GOD] Math,level,200
[23/07/2011 20:20:32] /addskill [GOD] Math,level,200
[23/07/2011 20:20:32] /addskill [GOD] Math,level,200
[23/07/2011 20:20:32] /addskill [GOD] Math,level,200
[23/07/2011 20:21:52] /addskill tester,level,699834
[23/07/2011 20:35:17] /t
[23/07/2011 20:36:19] /t
[23/07/2011 20:36:33] /t
[23/07/2011 20:40:26] /t
[23/07/2011 20:40:30] /a
[01/08/2011 10:50:57] /i 2160
[01/08/2011 10:51:03] /i 2160
[01/08/2011 10:51:06] /i 2160
[01/08/2011 10:52:05] /i bagpack
[01/08/2011 10:52:17] /i backpack
[01/08/2011 10:52:44] /i master vip helmet
[01/08/2011 10:52:53] /i master vip armor
[01/08/2011 10:52:57] /i master vip legs
[01/08/2011 10:53:01] /i master vip boots
[01/08/2011 10:53:11] /a 2
[01/08/2011 10:53:35] /i master vip shield
[01/08/2011 10:53:47] /i master vip rod
[01/08/2011 10:53:51] /i master vip sword
[01/08/2011 10:53:56] /i master vip arrow
[01/08/2011 10:54:01] /i master vip bow
[01/08/2011 10:54:11] /n master vip seller
[01/08/2011 10:54:20] /i master vip axe
[01/08/2011 10:54:27] /i master vip club
[01/08/2011 10:54:38] /i master vip crossbow
[01/08/2011 10:54:47] /i master vip star
[01/08/2011 10:57:37] /m demon
[01/08/2011 10:59:09] /m exp bug
[01/08/2011 10:59:16] /m magebomb
[01/08/2011 11:00:46] /m dragon
[01/08/2011 11:02:02] /m magebomb
[01/08/2011 11:07:26] /i master vip sword
[01/08/2011 11:36:36] /a
[01/08/2011 11:37:15] /a 50
[01/08/2011 11:37:18] /a 4
[01/08/2011 11:37:19] /a 4
[01/08/2011 11:37:24] /a 20
[01/08/2011 11:37:26] /a 20
[01/08/2011 11:37:33] /a 4
[01/08/2011 11:37:43] /a 50
[01/08/2011 11:37:44] /a 50
[01/08/2011 11:37:45] /a 50
[01/08/2011 11:37:46] /a 50
[01/08/2011 11:37:50] /a 20
[01/08/2011 11:37:50] /a 20
[01/08/2011 11:37:51] /a 20
[01/08/2011 11:37:52] /a 20
[01/08/2011 11:41:06] /i 460
[01/08/2011 11:41:08] /i 460
[01/08/2011 11:41:09] /i 460
[01/08/2011 11:41:10] /i 460
[01/08/2011 11:41:12] /i 460
[01/08/2011 11:41:13] /i 460
[01/08/2011 11:41:14] /i 460
[01/08/2011 11:41:16] /i 460
[01/08/2011 11:41:18] /i 460
[01/08/2011 11:41:19] /i 460
[01/08/2011 11:41:21] /i 460
[01/08/2011 11:41:23] /i 460
[01/08/2011 11:41:24] /i 460
[01/08/2011 11:41:25] /i 460
[01/08/2011 11:41:26] /i 460
[01/08/2011 11:41:27] /i 460
[01/08/2011 11:41:28] /i 460
[01/08/2011 11:41:30] /i 460
[01/08/2011 11:41:31] /i 460
[01/08/2011 11:41:32] /i 460
[01/08/2011 11:41:35] /i 460
[01/08/2011 11:41:36] /i 460
[04/08/2011 00:33:19] /a 2
[04/08/2011 00:33:58] /t
[04/08/2011 00:35:13] /a 50
[04/08/2011 00:35:17] /a 20
[04/08/2011 00:35:19] /a 20
[04/08/2011 00:35:19] /a 20
[04/08/2011 00:35:22] /a 20
[04/08/2011 00:35:24] /up
[04/08/2011 00:35:28] /up
[04/08/2011 00:35:31] /up
[04/08/2011 00:35:35] /t
[04/08/2011 00:35:41] /a 20
[04/08/2011 00:35:44] /a 20
[04/08/2011 00:35:44] /a 20
[04/08/2011 00:35:45] /a 20
[04/08/2011 00:35:49] /a 10
[04/08/2011 00:35:50] /a 10
[04/08/2011 00:35:57] /a 2
[04/08/2011 00:36:06] /up
[04/08/2011 00:36:08] /a
[04/08/2011 00:36:13] /a 20
[04/08/2011 00:36:14] /a 20
[04/08/2011 00:36:15] /a 20
[04/08/2011 00:36:17] /a
[04/08/2011 00:36:19] /a
[04/08/2011 00:36:28] /i 2178
[04/08/2011 00:36:36] /i vip stone
[04/08/2011 00:36:54] /i vip stone
[04/08/2011 00:39:14] /i 1746
[04/08/2011 00:39:30] /attr actionid 13555
[04/08/2011 00:39:39] /attr uniqueid 13555
[05/08/2011 20:45:02] /i 2160
[05/08/2011 20:50:21] /a 2
[05/08/2011 20:51:51] /ghost
[05/08/2011 20:52:21] /c mlkzika
[05/08/2011 20:53:15] /m demon
[05/08/2011 20:53:58] /c mlkzika
[05/08/2011 20:54:14] /c mlkzika
[05/08/2011 20:54:48] /r
[05/08/2011 20:54:52] /i backpack
[05/08/2011 20:54:55] /i 2160
[05/08/2011 20:54:57] /i 2160
[05/08/2011 20:54:57] /i 2160
[05/08/2011 20:54:58] /i 2160
[05/08/2011 20:54:58] /i 2160
[05/08/2011 20:55:12] /m demon
[05/08/2011 20:56:00] /addskill mlkzika,level,99999999999999999
[05/08/2011 20:56:22] /m bazir
[05/08/2011 20:56:25] /m infernatil
[05/08/2011 20:56:41] /m infernatil
[05/08/2011 20:56:42] /m infernatil
[05/08/2011 20:56:43] /m infernatil
[05/08/2011 20:56:44] /m infernatil
[05/08/2011 20:56:44] /m infernatil
[05/08/2011 20:56:44] /m infernatil
[05/08/2011 20:56:45] /m infernatil
[05/08/2011 20:56:45] /m infernatil
[05/08/2011 20:56:46] /m infernatil
[05/08/2011 20:56:46] /m infernatil
[05/08/2011 20:56:46] /m infernatil
[05/08/2011 20:56:47] /m infernatil
[05/08/2011 20:56:47] /m infernatil
[05/08/2011 20:56:47] /m infernatil
[05/08/2011 20:56:48] /m infernatil
[05/08/2011 20:56:48] /m infernatil
[05/08/2011 20:56:49] /m infernatil
[05/08/2011 20:56:49] /m infernatil
[05/08/2011 20:56:50] /m infernatil
[05/08/2011 20:56:50] /m infernatil
[05/08/2011 20:56:51] /m infernatil
[05/08/2011 20:57:09] /clean 
[05/08/2011 20:57:27] /r
[05/08/2011 21:17:41] /reload movements
[05/08/2011 21:20:29] /owner mlk zika
[05/08/2011 21:20:32] /a
[05/08/2011 21:20:33] /a
[05/08/2011 21:20:41] /owner capitao brazil
[05/08/2011 21:20:45] /owner capitao brazil
[05/08/2011 21:23:03] /save
[05/08/2011 21:30:05] /attr health -9999999999999
[05/08/2011 21:30:10] /a
[05/08/2011 21:30:55] /attr health -9999999999999
[05/08/2011 21:31:13] /a 3
[05/08/2011 21:31:15] /a 3
[05/08/2011 21:31:17] /a 3
[05/08/2011 21:31:18] /a 3
[05/08/2011 21:31:19] /a 3
[05/08/2011 21:31:20] /a 3
[05/08/2011 21:31:23] /a 3
[05/08/2011 21:31:24] /a 3
[05/08/2011 21:32:01] /a
[05/08/2011 21:32:03] /a
[05/08/2011 21:32:04] /a
[05/08/2011 21:32:07] /a 2
[05/08/2011 21:32:08] /a 2
[05/08/2011 21:32:11] /a 2
[05/08/2011 21:32:13] /a 2
[05/08/2011 21:32:18] /t
[05/08/2011 21:32:32] /ghost
[05/08/2011 21:32:56] /a
[05/08/2011 21:32:59] /a
[05/08/2011 21:35:03] /bc g 3 player \o/
[05/08/2011 21:36:10] /bc g com 5 player on sem conta eu evento
[05/08/2011 21:38:57] /reload config
[05/08/2011 21:39:45] /attr group 5
[05/08/2011 21:42:36] /i pair of soft boot
[05/08/2011 21:42:46] /i pair of soft boots
[05/08/2011 21:42:56] /ghost
[05/08/2011 21:56:23] /bc g cm abre help fala algo comigo
[05/08/2011 22:00:18] /reload spells
[05/08/2011 22:03:48] /a
[05/08/2011 22:04:07] /i dice
[05/08/2011 22:05:02] /n updade seller
[05/08/2011 22:05:17] /i 12603
[05/08/2011 22:05:25] /i 2352
[05/08/2011 22:05:32] /i 12618
[05/08/2011 22:05:41] /i 12606
[05/08/2011 22:05:49] /i 12604
[05/08/2011 22:05:58] /i 12605
[05/08/2011 22:06:04] /i 12607
[05/08/2011 22:06:11] /i pair of soft boots
[05/08/2011 22:06:24] /i 12610
[05/08/2011 22:06:31] /i 8925
[05/08/2011 22:06:38] /i 12609
[05/08/2011 22:08:06] /i 12609
[05/08/2011 22:08:19] /i 8925
[05/08/2011 22:08:34] /i 12610
[05/08/2011 22:09:46] /bc g EVENTO TP NO TEMPLO OU FALA EU NO HELP
[05/08/2011 22:10:02] /r
[05/08/2011 22:10:04] /a
[05/08/2011 22:10:07] /c Reei Rusher
[05/08/2011 22:10:18] /c capitao brazil
[05/08/2011 22:10:27] /a 2
[05/08/2011 22:10:36] /bc g TEM QUE VIR NO MINIMO 5
[05/08/2011 22:10:53] /ghost
[05/08/2011 22:11:39] /bc g temos 3
[05/08/2011 22:12:16] /a 2
[05/08/2011 22:12:19] /a 2
[05/08/2011 22:12:32] /c zariguin
[05/08/2011 22:12:48] /a 3
[05/08/2011 22:12:53] /a 3
[05/08/2011 22:12:54] /a 3
[05/08/2011 22:14:41] /a 5
[05/08/2011 22:14:56] /a 5
[05/08/2011 22:15:04] /a 2
[05/08/2011 22:15:08] /a 5
[05/08/2011 22:15:15] /a 5
[05/08/2011 22:15:15] /a 5
[05/08/2011 22:15:17] /a 5
[05/08/2011 22:15:30] /attr position 76 191 7
[05/08/2011 22:15:34] /attr position 76 191 7
[05/08/2011 22:24:23] /i star vip
[05/08/2011 22:24:34] /i viper star
[05/08/2011 22:24:38] /i star vip
[05/08/2011 22:24:44] /i vip star
[05/08/2011 22:25:05] /r
[05/08/2011 22:25:09] /i dice
[05/08/2011 22:26:13] /n updade seller
[05/08/2011 22:26:24] /r
[05/08/2011 22:26:29] /a
[05/08/2011 22:26:29] /a 
[05/08/2011 22:26:31] /a
[05/08/2011 22:26:41] /n updade seller
[05/08/2011 22:26:50] /a 2
[05/08/2011 22:26:52] /a 2
[05/08/2011 22:27:07] /a
[05/08/2011 22:27:08] /a
[05/08/2011 22:27:09] /a
[05/08/2011 22:27:18] /i 406
[05/08/2011 22:27:19] /a
[05/08/2011 22:27:20] /i 406
[05/08/2011 22:27:22] /a
[05/08/2011 22:27:23] /i 406
[05/08/2011 22:27:24] /a
[05/08/2011 22:27:25] /i 406
[05/08/2011 22:27:26] /a
[05/08/2011 22:27:27] /i 406
[05/08/2011 22:27:28] /a
[05/08/2011 22:27:29] /i 406
[05/08/2011 22:27:35] /i 3710
[05/08/2011 22:27:36] /i 3710
[05/08/2011 22:27:39] /a
[05/08/2011 22:27:42] /i 406
[05/08/2011 22:27:43] /a
[05/08/2011 22:27:44] /i 406
[05/08/2011 22:27:45] /a
[05/08/2011 22:27:46] /i 406
[05/08/2011 22:27:55] /i 3710
[05/08/2011 22:27:56] /i 3710
[05/08/2011 22:27:57] /i 3710
[05/08/2011 22:28:09] /i baiak arrow
[05/08/2011 22:28:15] /r
[05/08/2011 22:29:37] /a
[05/08/2011 22:29:38] /r
[05/08/2011 22:29:58] /a
[05/08/2011 22:30:12] /r
[05/08/2011 22:30:35] /i 12604
[05/08/2011 22:31:21] /i bow
[05/08/2011 22:31:40] /i yalahari armor
[05/08/2011 22:31:48] /i yalahari piece
[05/08/2011 22:32:10] /i 9777
[05/08/2011 22:32:36] /i 9778
[05/08/2011 22:33:13] /i warsinger bow
[05/08/2011 22:33:20] /t Billabong Rusher
[05/08/2011 22:34:00] /i elane's crossbow
[05/08/2011 22:34:12] /i elvish bow
[05/08/2011 22:34:32] /i royal crossbow
[05/08/2011 22:34:53] /i warsinger bow
[05/08/2011 22:35:17] /i armor vip
[05/08/2011 22:35:20] /i 1484
[05/08/2011 22:35:31] /i 12603
[05/08/2011 22:35:45] /a
[05/08/2011 22:35:57] /bc g vo da clean
[05/08/2011 22:36:05] /i baiak helmet
[05/08/2011 22:36:13] /clean
[05/08/2011 22:36:18] /t Reei Rusher
[05/08/2011 22:36:19] /t
[05/08/2011 22:37:05] /goto capitao brazil
[05/08/2011 22:37:08] /i wand vip
[05/08/2011 22:37:13] /i vip wand
[05/08/2011 22:38:05] /n updade seller
[05/08/2011 22:38:22] /i 12609
[05/08/2011 22:38:37] /r
[05/08/2011 22:38:38] /r
[05/08/2011 22:38:42] /goto
[05/08/2011 22:38:45] /goto Pernalonga Rusher
[05/08/2011 22:38:51] /i addon doll
[05/08/2011 22:38:54] /ghost
[05/08/2011 22:39:22] /goto Billabong Rusher
[05/08/2011 22:40:19] /bc g quero ve o primero team a completa a quest vip 2
[05/08/2011 22:41:29] /c Billabong Rusher
[05/08/2011 22:41:41] /r
[05/08/2011 22:41:43] /r
[05/08/2011 22:41:50] /n updade seller
[05/08/2011 22:42:13] /bc g gente zariguin ta formando team quem quiser i quest vip 2 fala com ele
[05/08/2011 22:42:27] /i 12618
[05/08/2011 22:42:50] /i 12604
[05/08/2011 22:43:16] /t Billabong Rusher
[05/08/2011 22:43:24] /goto zaringuin
[05/08/2011 22:43:32] /goto zariguin
[05/08/2011 22:43:37] /attr group 3
[05/08/2011 22:43:40] /t
[05/08/2011 22:46:20] /goto Capitao Brazil
[05/08/2011 22:46:23] /a 2
[05/08/2011 22:55:10] /bc g vo da reload spells
[05/08/2011 22:55:19] /reload spells
[05/08/2011 23:01:25] /bc g Capitao brazil ta organizando agora ta esperando entrada
[05/08/2011 23:05:12] /t
[05/08/2011 23:07:13] /bc g respondando help tiro o fast attack ou nao?
[05/08/2011 23:08:05] /bc g nao ganho
[05/08/2011 23:17:33] /t
[05/08/2011 23:18:33] /bc g gente jaja eu vouto 
[05/08/2011 23:22:30] /a
[05/08/2011 23:22:31] /r
[05/08/2011 23:22:34] /a
[05/08/2011 23:22:35] /r
[05/08/2011 23:22:43] /a
[05/08/2011 23:22:44] /r
[05/08/2011 23:22:46] /a
[05/08/2011 23:22:47] /r
[05/08/2011 23:22:50] /a
[05/08/2011 23:22:51] /r
[05/08/2011 23:22:56] /up
[05/08/2011 23:22:58] /a 2
[05/08/2011 23:51:14] /a 20
[05/08/2011 23:51:18] /a 20
[05/08/2011 23:51:20] /a 10
[05/08/2011 23:51:21] /a 10
[05/08/2011 23:51:22] /a 10
[05/08/2011 23:51:23] /a 10
[05/08/2011 23:51:24] /a 10
[05/08/2011 23:51:25] /a 10
[05/08/2011 23:51:27] /a 5
[05/08/2011 23:51:35] /a
[05/08/2011 23:51:40] /t
[06/08/2011 00:21:16] /t
[06/08/2011 00:21:42] /bc g se vcs acharam algum bug por favor me falem helpo
[06/08/2011 00:21:45] /bc g se vcs acharam algum bug por favor me falem help*
[06/08/2011 00:22:37] /up
[06/08/2011 00:23:09] /r
[06/08/2011 00:23:21] /down
[06/08/2011 00:23:32] /a
[06/08/2011 00:23:34] /a
[06/08/2011 00:23:36] /r
[06/08/2011 00:23:37] /a
[06/08/2011 00:23:48] /goto mad
[06/08/2011 00:24:18] /a
[06/08/2011 00:24:27] /goto mad
[06/08/2011 00:24:29] /a
[06/08/2011 00:24:31] /r
[06/08/2011 00:24:34] /goto mad
[06/08/2011 00:24:36] /a
[06/08/2011 00:24:39] /r
[06/08/2011 00:24:43] /goto mad
[06/08/2011 00:24:44] /n mad
[06/08/2011 00:24:51] /r
[06/08/2011 00:25:01] /t
[06/08/2011 00:25:06] /up
[06/08/2011 00:25:07] /up
[06/08/2011 00:25:11] /a
[06/08/2011 00:25:15] /n mad
[06/08/2011 00:25:20] /a
[06/08/2011 00:27:06] /down
[06/08/2011 00:27:15] /r
[06/08/2011 00:27:28] /up
[06/08/2011 00:27:30] /up
[06/08/2011 00:27:32] /t
[06/08/2011 00:37:14] /goto Danger
[06/08/2011 00:40:05] /i master vip bow
[06/08/2011 00:40:22] /a 3
[06/08/2011 00:40:31] /a 3
[06/08/2011 00:40:52] /i 7364
[06/08/2011 00:41:22] /i master vip shield
[06/08/2011 00:41:25] /i master vip legs
[06/08/2011 00:41:28] /i master vip helmet
[06/08/2011 00:41:33] /i master vip armor
[06/08/2011 00:41:44] /i pair of softs
[06/08/2011 00:41:46] /i pair of soft
[06/08/2011 00:41:57] /t
[06/08/2011 00:42:18] /i backpack
[06/08/2011 00:42:35] /a 10
[06/08/2011 00:42:38] /a 10
[06/08/2011 00:42:40] /a 10
[06/08/2011 00:42:40] /a 10
[06/08/2011 00:42:40] /a 10
[06/08/2011 00:42:40] /a 10
[06/08/2011 00:42:42] /a 10
[06/08/2011 00:42:43] /a 10
[06/08/2011 00:42:47] /a 10
[06/08/2011 00:42:48] /a 10
[06/08/2011 00:42:48] /a 10
[06/08/2011 00:42:51] /up
[06/08/2011 00:42:52] /a 10
[06/08/2011 00:42:52] /a 10
[06/08/2011 00:42:52] /a 10
[06/08/2011 00:42:52] /a 10
[06/08/2011 00:42:54] /up
[06/08/2011 00:42:54] /a 10
[06/08/2011 00:42:56] /a 10
[06/08/2011 00:42:57] /a 10
[06/08/2011 00:42:59] /up
[06/08/2011 00:43:00] /a 10
[06/08/2011 00:43:01] /a 10
[06/08/2011 00:43:07] /down
[06/08/2011 00:43:08] /a 10
[06/08/2011 00:43:09] /a 10
[06/08/2011 00:43:12] /a 10
[06/08/2011 00:43:13] /a 10
[06/08/2011 00:43:14] /a 10
[06/08/2011 00:43:23] /a 10
[06/08/2011 00:43:23] /a 10
[06/08/2011 00:43:24] /a 10
[06/08/2011 00:43:25] /a 10
[06/08/2011 00:43:25] /a 10
[06/08/2011 00:43:27] /a 10
[06/08/2011 00:43:28] /a 10
[06/08/2011 00:43:30] /down
[06/08/2011 00:43:34] /a 10
[06/08/2011 00:43:35] /a 10
[06/08/2011 00:43:36] /a 10
[06/08/2011 00:43:40] /a 10
[06/08/2011 00:43:41] /a 10
[06/08/2011 00:43:44] /a 3
[06/08/2011 00:43:49] /a 10
[06/08/2011 00:43:53] /a 10
[06/08/2011 00:43:54] /a 10
[06/08/2011 00:43:54] /a 10
[06/08/2011 00:43:57] /a 10
[06/08/2011 00:43:58] /a 10
[06/08/2011 00:43:59] /a 10
[06/08/2011 00:44:06] /a 10
[06/08/2011 00:44:06] /a 10
[06/08/2011 00:44:07] /a 10
[06/08/2011 00:44:11] /a 10
[06/08/2011 00:44:13] /a 10
[06/08/2011 00:44:15] /a 2
[06/08/2011 00:44:19] /a 10
[06/08/2011 00:44:20] /a 10
[06/08/2011 00:44:28] /a 10
[06/08/2011 00:44:28] /a 10
[06/08/2011 00:44:28] /a 10
[06/08/2011 00:44:29] /a 10
[06/08/2011 00:44:29] /a 10
[06/08/2011 00:44:29] /a 10
[06/08/2011 00:44:29] /a 10
[06/08/2011 00:44:29] /a 10
[06/08/2011 00:44:29] /a 10
[06/08/2011 00:44:31] /a 10
[06/08/2011 00:44:32] /a 10
[06/08/2011 00:44:57] /i warsinger bow
[06/08/2011 00:45:09] /attr set hit 100
[06/08/2011 00:45:17] /attr set attack 100
[06/08/2011 00:45:28] /i 8888
[06/08/2011 00:45:33] /r
[06/08/2011 00:45:50] /a 10
[06/08/2011 00:46:11] /a 10
[06/08/2011 00:46:12] /a 10
[06/08/2011 00:46:12] /a 10
[06/08/2011 00:46:13] /a 10
[06/08/2011 00:46:13] /a 10
[06/08/2011 00:46:14] /a 10
[06/08/2011 00:46:15] /a 10
[06/08/2011 00:46:15] /a 10
[06/08/2011 00:46:15] /a 10
[06/08/2011 00:46:15] /a 10
[06/08/2011 00:46:16] /a 10
[06/08/2011 00:46:16] /a 10
[06/08/2011 00:46:18] /a 10
[06/08/2011 00:46:21] /a 10
[06/08/2011 00:46:26] /a 10
[06/08/2011 00:46:30] /a 2
[06/08/2011 00:46:41] /t
[06/08/2011 00:46:50] /a 10
[06/08/2011 00:46:51] /a 10
[06/08/2011 00:46:52] /a 10
[06/08/2011 00:46:55] /up
[06/08/2011 00:47:02] /t
[06/08/2011 00:51:38] /a 2
[06/08/2011 00:52:10] /i 8849
[06/08/2011 00:52:42] /i master vip bow
[06/08/2011 00:52:52] /t
[06/08/2011 00:53:09] /a 3
[06/08/2011 00:53:15] /c capitao brazil
[06/08/2011 00:54:15] /a 10
[06/08/2011 00:54:16] /a 10
[06/08/2011 00:54:33] /a 10
[06/08/2011 00:54:50] /attr set atack 99999999999
[06/08/2011 00:54:56] /attr set attack 99999999999
[06/08/2011 00:55:07] /i baiak sword
[06/08/2011 00:55:11] /attr set attack 99999999999
[06/08/2011 00:55:25] /a 2
[06/08/2011 00:55:27] /a 10
[06/08/2011 00:55:31] /a 3
[06/08/2011 00:55:32] /a 3
[06/08/2011 00:55:39] /a 5
[06/08/2011 00:55:40] /a 5
[06/08/2011 00:55:42] /a 5
[06/08/2011 00:55:43] /a 5
[06/08/2011 00:55:45] /a 5
[06/08/2011 00:55:48] /a 2
[06/08/2011 00:55:50] /a 10
[06/08/2011 00:55:55] /a 4
[06/08/2011 00:55:57] /a 4
[06/08/2011 00:56:00] /a 4
[06/08/2011 00:56:01] /a 4
[06/08/2011 00:56:02] /a 4
[06/08/2011 00:56:05] /a 4
[06/08/2011 00:56:07] /a 4
[06/08/2011 00:56:12] /a 4
[06/08/2011 00:56:13] /a 4
[06/08/2011 00:56:21] /a 10
[06/08/2011 00:56:22] /a 10
[06/08/2011 00:56:23] /a 10
[06/08/2011 00:56:24] /a 10
[06/08/2011 00:56:26] /a 10
[06/08/2011 00:56:27] /a 10
[06/08/2011 00:56:29] /a 10
[06/08/2011 00:56:29] /a 10
[06/08/2011 00:56:30] /a 10
[06/08/2011 00:56:31] /a 10
[06/08/2011 00:56:32] /a 10
[06/08/2011 00:56:33] /a 10
[06/08/2011 00:56:33] /a 10
[06/08/2011 00:56:34] /a 10
[06/08/2011 00:56:34] /a 10
[06/08/2011 00:56:35] /a 10
[06/08/2011 00:56:35] /a 10
[06/08/2011 00:56:36] /a 10
[06/08/2011 00:56:37] /a 10
[06/08/2011 00:56:38] /a 10
[06/08/2011 00:56:38] /a 10
[06/08/2011 00:56:39] /a 10
[06/08/2011 00:56:40] /a 10
[06/08/2011 00:56:41] /a 10
[06/08/2011 00:56:42] /a 10
[06/08/2011 00:56:43] /a 10
[06/08/2011 00:56:44] /a 10
[06/08/2011 00:56:44] /a 10
[06/08/2011 00:56:45] /a 10
[06/08/2011 00:56:46] /a 10
[06/08/2011 00:56:47] /a 10
[06/08/2011 00:56:47] /a 10
[06/08/2011 00:56:48] /a 10
[06/08/2011 00:56:49] /a 10
[06/08/2011 00:56:50] /a 10
[06/08/2011 00:56:53] /a 3
[06/08/2011 00:57:03] /a 6
[06/08/2011 00:57:13] /a 5
[06/08/2011 00:57:16] /a 10
[06/08/2011 00:57:23] /a 10
[06/08/2011 00:57:24] /a 10
[06/08/2011 00:57:25] /a 10
[06/08/2011 00:57:25] /a 10
[06/08/2011 00:57:26] /a 10
[06/08/2011 00:57:27] /a 10
[06/08/2011 00:57:27] /a 10
[06/08/2011 00:57:28] /a 10
[06/08/2011 00:57:29] /a 10
[06/08/2011 00:57:29] /a 10
[06/08/2011 00:57:30] /a 10
[06/08/2011 00:57:31] /a 10
[06/08/2011 00:57:32] /a 10
[06/08/2011 00:57:33] /a 10
[06/08/2011 00:57:33] /a 10
[06/08/2011 00:57:34] /a 10
[06/08/2011 00:57:34] /a 10
[06/08/2011 00:57:36] /a 10
[06/08/2011 00:57:36] /a 10
[06/08/2011 00:57:37] /a 10
[06/08/2011 00:57:38] /a 10
[06/08/2011 00:57:39] /a 10
[06/08/2011 00:57:40] /a 10
[06/08/2011 00:57:40] /a 10
[06/08/2011 00:57:41] /a 10
[06/08/2011 00:57:42] /a 10
[06/08/2011 00:57:42] /a 10
[06/08/2011 00:57:43] /a 10
[06/08/2011 00:57:44] /a 10
[06/08/2011 00:57:44] /a 10
[06/08/2011 00:57:45] /a 10
[06/08/2011 00:57:45] /a 10
[06/08/2011 00:57:46] /a 10
[06/08/2011 00:57:47] /a 10
[06/08/2011 00:57:49] /a 10
[06/08/2011 00:57:50] /a 10
[06/08/2011 00:57:50] /a 10
[06/08/2011 00:57:51] /a 10
[06/08/2011 00:57:52] /a 10
[06/08/2011 00:57:52] /a 10
[06/08/2011 00:57:53] /a 10
[06/08/2011 00:57:53] /a 10
[06/08/2011 00:57:54] /a 10
[06/08/2011 00:58:42] /a 10
[06/08/2011 00:58:43] /a 10
[06/08/2011 00:58:44] /a 10
[06/08/2011 00:58:58] /a 10
[06/08/2011 00:58:59] /a 10
[06/08/2011 00:59:01] /a 10
[06/08/2011 00:59:01] /a 10
[06/08/2011 00:59:06] /a 2
[06/08/2011 00:59:08] /a 2
[06/08/2011 00:59:10] /a 2
[06/08/2011 00:59:22] /i baiak arrow
[06/08/2011 00:59:43] /a 10
[06/08/2011 00:59:45] /a 10
[06/08/2011 00:59:47] /a 10
[06/08/2011 00:59:47] /a 10
[06/08/2011 00:59:47] /a 10
[06/08/2011 00:59:48] /a 10
[06/08/2011 00:59:49] /a 10
[06/08/2011 00:59:50] /a 10
[06/08/2011 00:59:56] /up
[06/08/2011 00:59:57] /a 10
[06/08/2011 00:59:58] /a 10
[06/08/2011 00:59:58] /a 10
[06/08/2011 00:59:58] /a 10
[06/08/2011 00:59:58] /a 10
[06/08/2011 00:59:58] /a 10
[06/08/2011 00:59:58] /a 10
[06/08/2011 00:59:59] /a 10
[06/08/2011 01:00:00] /up
[06/08/2011 01:00:01] /a 10
[06/08/2011 01:00:01] /a 10
[06/08/2011 01:00:01] /a 10
[06/08/2011 01:00:01] /a 10
[06/08/2011 01:00:02] /up
[06/08/2011 01:00:03] /a 10
[06/08/2011 01:00:03] /a 10
[06/08/2011 01:00:03] /a 10
[06/08/2011 01:00:05] /a 10
[06/08/2011 01:00:06] /a 10
[06/08/2011 01:00:06] /a 10
[06/08/2011 01:00:07] /a 10
[06/08/2011 01:00:08] /a 10
[06/08/2011 01:00:09] /a 10
[06/08/2011 01:00:09] /a 10
[06/08/2011 01:00:11] /a 10
[06/08/2011 01:00:11] /a 10
[06/08/2011 01:00:12] /a 10
[06/08/2011 01:00:14] /up
[06/08/2011 01:00:15] /a 10
[06/08/2011 01:00:19] /a 2
[06/08/2011 01:00:23] /a 10
[06/08/2011 01:00:27] /down
[06/08/2011 01:00:28] /a 10
[06/08/2011 01:00:29] /a 10
[06/08/2011 01:00:31] /a 10
[06/08/2011 01:00:31] /a 10
[06/08/2011 01:00:33] /a 10
[06/08/2011 01:00:40] /a 10
[06/08/2011 01:00:41] /a 10
[06/08/2011 01:00:41] /a 10
[06/08/2011 01:00:41] /a 10
[06/08/2011 01:00:42] /a 10
[06/08/2011 01:00:47] /down
[06/08/2011 01:00:51] /a 10
[06/08/2011 01:00:55] /a 10
[06/08/2011 01:00:55] /a 10
[06/08/2011 01:00:57] /a 10
[06/08/2011 01:00:59] /a 5
[06/08/2011 01:01:01] /a 10
[06/08/2011 01:01:05] /a 4
[06/08/2011 01:01:08] /a 4
[06/08/2011 01:01:13] /a 10
[06/08/2011 01:01:14] /a 10
[06/08/2011 01:01:15] /a 10
[06/08/2011 01:01:16] /a 10
[06/08/2011 01:01:17] /a 10
[06/08/2011 01:01:20] /a 10
[06/08/2011 01:01:20] /a 10
[06/08/2011 01:01:21] /a 10
[06/08/2011 01:01:24] /a 10
[06/08/2011 01:01:24] /a 10
[06/08/2011 01:01:25] /a 10
[06/08/2011 01:01:28] /a 10
[06/08/2011 01:01:37] /a 10
[06/08/2011 01:01:37] /a 10
[06/08/2011 01:01:40] /a 3
[06/08/2011 01:01:41] /a 10
[06/08/2011 01:01:41] /a 10
[06/08/2011 01:01:42] /a 10
[06/08/2011 01:01:42] /a 10
[06/08/2011 01:01:42] /a 10
[06/08/2011 01:01:42] /a 10
[06/08/2011 01:01:42] /a 10
[06/08/2011 01:01:42] /a 10
[06/08/2011 01:01:43] /a 10
[06/08/2011 01:01:46] /a 10
[06/08/2011 01:01:55] /i 8854
[06/08/2011 01:02:04] /attr set attack 100
[06/08/2011 01:02:15] /attr set hit% 100
[06/08/2011 01:02:29] /attr set range 100
[06/08/2011 03:39:16] /attr group 6
[06/08/2011 04:15:10] /attr group 6
[06/08/2011 04:47:04] /attr group 6
[06/08/2011 05:00:58] /a
[06/08/2011 05:01:01] /a 2
[06/08/2011 05:06:39] /t
[09/08/2011 22:07:12] /n macaco
[09/08/2011 22:07:21] /m exp bug
[09/08/2011 22:07:39] /i sword
[09/08/2011 22:07:48] /attr set attack 999999999999
[09/08/2011 22:07:51] /attr set attack 99999999999
[09/08/2011 22:09:01] /attr set cap 0]
[09/08/2011 22:09:12] /attr set weighs 0
[09/08/2011 22:09:18] /attr set weigh 0
[09/08/2011 22:14:23] /reload npc
[09/08/2011 22:15:53] /reload npc
[09/08/2011 22:16:26] /attr vocation 3
[09/08/2011 22:16:31] /attr vocation 4
[09/08/2011 22:16:55] /reload npc
[09/08/2011 22:17:21] /reload npc
[09/08/2011 22:17:57] /reload npc
[09/08/2011 22:18:13] /addskill tester 999,level
[09/08/2011 22:18:22] /addskill tester,level,999
[09/08/2011 22:18:30] /i 2160
[09/08/2011 22:19:05] /attr vocation 4
[09/08/2011 22:19:29] /reload npc
[09/08/2011 22:20:00] /reload npc
[09/08/2011 22:21:50] /reload npc
[09/08/2011 22:22:40] /i 2160
[09/08/2011 22:22:42] /i 2160
[09/08/2011 22:22:42] /i 2160
[09/08/2011 22:29:44] /i 2160
[09/08/2011 22:29:45] /i 2160
[09/08/2011 22:29:45] /i 2160
[09/08/2011 22:30:06] /reload npc
[09/08/2011 22:31:06] /attr vocation 12
[09/08/2011 22:31:14] /attr vocation 1
[09/08/2011 22:31:20] /attr vocation 11
[09/08/2011 22:31:24] /attr vocation 10
[09/08/2011 22:31:28] /attr vocation 9
[09/08/2011 22:34:29] /addskill tester,level,999999999
[09/08/2011 22:34:36] /n macaco
[09/08/2011 22:34:58] /r
[09/08/2011 22:35:01] /i backpack
[09/08/2011 22:35:04] /i 2160
[09/08/2011 22:35:04] /i 2160
[09/08/2011 22:35:05] /i 2160
[09/08/2011 22:35:05] /i 2160
[09/08/2011 22:35:05] /i 2160
[09/08/2011 22:35:06] /i 2160
[09/08/2011 22:35:06] /i 2160
[09/08/2011 22:35:07] /i 2160
[09/08/2011 22:35:07] /i 2160
[09/08/2011 22:35:10] /i 2160
[09/08/2011 22:35:10] /i 2160
[09/08/2011 22:35:10] /i 2160
[09/08/2011 22:35:10] /i 2160
[09/08/2011 22:35:10] /i 2160
[09/08/2011 22:35:11] /i 2160
[09/08/2011 22:35:11] /i 2160
[09/08/2011 22:35:12] /i 2160
[09/08/2011 22:35:13] /i 2160
[09/08/2011 22:35:13] /i 2160
[09/08/2011 22:35:14] /i 2160
[09/08/2011 22:35:16] /i 2160
[09/08/2011 22:35:16] /i 2160
[09/08/2011 22:35:16] /i 2160
[09/08/2011 22:35:50] /attr vocation 9
[09/08/2011 22:36:34] /reload vocation
[09/08/2011 22:36:39] /r
[09/08/2011 22:36:48] /attr vocation 9
[09/08/2011 22:37:49] /attr vocation 9
[09/08/2011 22:37:57] /n macaco
[09/08/2011 22:38:37] /r
[09/08/2011 22:39:36] /reload npv
[09/08/2011 22:39:38] /reload npc
[09/08/2011 22:39:45] /n macaco
[09/08/2011 22:42:22] /c tester
[09/08/2011 22:42:37] /reload npc
[09/08/2011 22:43:04] /reload npc
[09/08/2011 22:44:11] /attr vocation 8
[09/08/2011 22:44:28] /reload npc
[09/08/2011 22:48:31] /reload npc
[09/08/2011 22:49:06] /attr vocation 9
[09/08/2011 22:49:11] /attr vocation 10
[09/08/2011 22:55:18] /goto sofa
[09/08/2011 22:55:29] /goto tester
[09/08/2011 22:56:47] /r
[09/08/2011 22:56:49] /r
[09/08/2011 22:56:50] /r
[09/08/2011 22:56:51] /r
[09/08/2011 22:57:03] /r
[09/08/2011 22:57:44] /c buceta
[09/08/2011 23:01:26] /save
[09/08/2011 23:03:40] /c Geushusei
[09/08/2011 23:03:58] /c Hhjeso
[09/08/2011 23:04:10] /c Hhjeso
[09/08/2011 23:04:20] /c Hueish
[09/08/2011 23:04:34] /c Hueish
[09/08/2011 23:04:44] /c Khesuo
[09/08/2011 23:06:06] /c budunca
[09/08/2011 23:06:29] /c Bunda suja
[09/08/2011 23:29:06] /m ghasty dragon
[09/08/2011 23:29:54] /i 8849
[09/08/2011 23:30:05] /t
[09/08/2011 23:38:57] /a 2
[09/08/2011 23:50:07] /i vip stone
[09/08/2011 23:51:27] /i 4852
[09/08/2011 23:52:12] /i hole
[09/08/2011 23:52:15] /up
[09/08/2011 23:52:50] /i blank paper
[09/08/2011 23:53:08] /i ice pick
[09/08/2011 23:54:23] /a 20
[09/08/2011 23:54:25] /a 20
[09/08/2011 23:54:29] /a 10
[09/08/2011 23:54:33] /a 5
[09/08/2011 23:54:35] /a 5
[09/08/2011 23:54:39] /a 5
[09/08/2011 23:54:47] /up
[09/08/2011 23:54:50] /a
[09/08/2011 23:54:54] /a 50
[09/08/2011 23:54:57] /a 10
[09/08/2011 23:54:59] /a 10
[09/08/2011 23:55:01] /a 5
[09/08/2011 23:55:41] /i 4856
[09/08/2011 23:58:36] /i 4858
[09/08/2011 23:58:44] /i 4859
[09/08/2011 23:59:02] /i 4865
[09/08/2011 23:59:16] /m butterfly
[09/08/2011 23:59:18] /t
[09/08/2011 23:59:21] /m butterfly
[09/08/2011 23:59:48] /i 4874
[10/08/2011 00:01:00] /a 2
[10/08/2011 00:01:10] /a 2
[10/08/2011 00:01:20] /a
[10/08/2011 00:01:28] /attr heatlh -999999999999999
[10/08/2011 00:01:30] /attr heatlh -999999999999999
[10/08/2011 00:01:35] /attr heath -999999999999999
[10/08/2011 00:01:47] /attr set health -9999999999999
[10/08/2011 00:01:51] /attr health -9999999999999
[10/08/2011 00:01:55] /a
[10/08/2011 00:01:58] /attr health -9999999999999
[10/08/2011 00:02:07] /a 3
[10/08/2011 00:02:08] /a 3
[10/08/2011 00:02:11] /a 3
[10/08/2011 00:02:12] /a 3
[10/08/2011 00:02:15] /a 3
[10/08/2011 00:02:16] /a 3
[10/08/2011 00:02:25] /a 3
[10/08/2011 00:02:26] /a 3
[10/08/2011 00:02:28] /a 3
[10/08/2011 00:02:30] /a 3
[10/08/2011 00:02:36] /a 20
[10/08/2011 00:02:37] /a 20
[10/08/2011 00:02:42] /a 2
[10/08/2011 00:02:46] /a 4
[10/08/2011 00:02:50] /a 50
[10/08/2011 00:02:52] /a 50
[10/08/2011 00:02:53] /a 50
[10/08/2011 00:02:56] /a 20
[10/08/2011 00:02:57] /a 20
[10/08/2011 00:02:58] /a 20
[10/08/2011 00:03:01] /a 20
[10/08/2011 00:03:02] /a 20
[10/08/2011 00:03:04] /a 5
[10/08/2011 00:03:05] /a 5
[10/08/2011 00:03:07] /a 5
[10/08/2011 00:04:38] /i 5791
[10/08/2011 00:06:38] /reload npc
[10/08/2011 00:07:02] /reload npc
[10/08/2011 00:08:09] /reload npc
[10/08/2011 00:11:39] /up
[10/08/2011 00:11:40] /up
[10/08/2011 00:11:42] /a
[10/08/2011 00:11:44] /a
[10/08/2011 00:11:46] /up
[10/08/2011 00:11:48] /a
[10/08/2011 00:11:50] /up
[10/08/2011 00:11:58] /a 5
[10/08/2011 00:12:01] /a 5
[10/08/2011 00:12:04] /a 6
[10/08/2011 00:12:07] /down
[10/08/2011 00:12:09] /down
[10/08/2011 00:12:11] /a
[10/08/2011 00:12:23] /t
[10/08/2011 00:24:22] /r
[10/08/2011 00:24:25] /i backpack
[10/08/2011 00:25:04] /a 5
[10/08/2011 00:25:57] /a
[10/08/2011 00:28:00] /i sword
[10/08/2011 00:28:09] /attr set attack 99999999
[10/08/2011 00:28:57] /attr set attack 5000
[10/08/2011 00:29:11] /attr set attack 10000
[10/08/2011 00:29:23] /attr set attack 100000
[10/08/2011 00:29:34] /attr set attack 1000000
[10/08/2011 00:29:44] /attr set attack 10000000
[10/08/2011 00:31:16] /reload monster
[10/08/2011 00:32:01] /reload monster
[10/08/2011 00:33:03] /reload monster
[10/08/2011 00:33:38] /attr set attack 10000
[10/08/2011 00:35:42] /a
[10/08/2011 00:35:44] /r
[10/08/2011 00:36:12] /a
[10/08/2011 00:41:00] /t
[10/08/2011 00:41:03] /reload npc
[10/08/2011 00:41:06] /n macaco
[10/08/2011 00:41:16] /n macaco]
[10/08/2011 00:41:18] /n macaco
[10/08/2011 00:54:41] /n macaco
[10/08/2011 00:55:15] /n bazir
[10/08/2011 00:55:18] /m bazir
[10/08/2011 00:55:55] /r
[10/08/2011 00:56:02] /r
[10/08/2011 00:56:10] /m demon
[10/08/2011 00:56:43] /m demon
[10/08/2011 00:56:55] /m demon
[10/08/2011 00:56:59] /m demon
[10/08/2011 00:57:14] /attr maxhealth 9999999999999999
[10/08/2011 00:57:18] /attr health 9999999999999999
[10/08/2011 00:57:22] /m bazir
[10/08/2011 00:57:24] /m infernatil
[10/08/2011 00:58:04] /r
[10/08/2011 00:59:06] /reload npc
[10/08/2011 01:03:05] /r
[10/08/2011 01:33:13] /reload npc
[10/08/2011 01:42:48] /m magebomb
[10/08/2011 01:42:49] /m magebomb
[10/08/2011 01:43:21] /reload vocations
[10/08/2011 01:46:49] /a
[10/08/2011 01:46:49] /r
[10/08/2011 01:46:56] /n master johnny
[10/08/2011 01:46:57] /n master johnny
[10/08/2011 01:46:58] /n master johnny
[10/08/2011 01:46:58] /n master johnny
[10/08/2011 01:47:05] /r
[10/08/2011 01:47:06] /r
[10/08/2011 01:47:07] /r
[10/08/2011 01:55:43] /owner nobody
[10/08/2011 01:59:17] /a 20
[10/08/2011 01:59:18] /a 20
[10/08/2011 01:59:19] /a 20
[10/08/2011 01:59:21] /a 20
[10/08/2011 01:59:24] /down
[10/08/2011 01:59:58] /r
[10/08/2011 02:00:05] /i demon backpack
[10/08/2011 02:00:09] /r
[10/08/2011 02:00:11] /save
[10/08/2011 02:02:04] /a 2
[10/08/2011 02:05:58] /a
[10/08/2011 02:06:09] /i poison
[10/08/2011 02:06:50] /a 20
[10/08/2011 02:06:51] /a 20
[10/08/2011 02:06:52] /a 20
[10/08/2011 02:06:53] /a 20
[10/08/2011 02:06:54] /a 20
[10/08/2011 02:06:57] /a 4
[10/08/2011 02:06:59] /up
[10/08/2011 02:07:00] /up
[10/08/2011 02:07:01] /up
[10/08/2011 02:07:05] /t
[10/08/2011 02:07:13] /a 20
[10/08/2011 02:07:14] /a 20
[10/08/2011 02:07:15] /a 20
[10/08/2011 02:07:17] /a 20
[10/08/2011 02:07:18] /a 20
[10/08/2011 02:07:25] /c busanfa
[10/08/2011 02:07:34] /c buzanfa
[10/08/2011 02:07:41] /i 1490
[10/08/2011 02:08:07] /i 1490
[10/08/2011 02:08:08] /i 1490
[10/08/2011 02:08:13] /i 1490
[10/08/2011 02:08:13] /i 1490
[10/08/2011 02:09:00] /r
[10/08/2011 02:09:07] /c buzanfa
[10/08/2011 02:10:59] /m training monk
[10/08/2011 02:11:33] /ghost
[10/08/2011 02:11:44] /i trainer vip
[10/08/2011 02:12:26] /a
[10/08/2011 02:12:27] /a
[10/08/2011 02:12:28] /a
[10/08/2011 18:16:27] /i 194
[10/08/2011 18:16:29] /i 194
[10/08/2011 18:16:30] /i 194
[10/08/2011 18:16:31] /i 194
[10/08/2011 18:16:32] /i 194
[10/08/2011 18:16:34] /i 194
[10/08/2011 18:16:35] /i 194
[10/08/2011 18:16:37] /i 194
[10/08/2011 18:16:38] /i 194
[10/08/2011 18:16:40] /i 194
[10/08/2011 18:16:48] /a 3
[10/08/2011 18:16:51] /a 3
[10/08/2011 18:16:53] /a 3
[10/08/2011 18:16:55] /a 3
[10/08/2011 18:16:56] /a 3
[10/08/2011 18:16:57] /a 3
[10/08/2011 18:17:01] /a -3
[10/08/2011 18:17:03] /a 3
[10/08/2011 18:17:04] /a -3
[10/08/2011 18:17:05] /a 3
[10/08/2011 18:17:06] /a -3
[10/08/2011 18:17:07] /a 3
[10/08/2011 18:17:10] /a -3
[10/08/2011 18:17:11] /a -3
[10/08/2011 18:17:12] /a -3
[10/08/2011 18:17:12] /a -3
[10/08/2011 18:17:13] /a -3
[10/08/2011 18:17:13] /a -3
[10/08/2011 18:17:15] /a 3
[10/08/2011 18:17:15] /a 3
[10/08/2011 18:17:16] /a 3
[10/08/2011 18:17:17] /a 3
[10/08/2011 18:17:18] /a 3
[10/08/2011 18:17:18] /a 3
[10/08/2011 18:17:19] /a -3
[10/08/2011 18:17:19] /a -3
[10/08/2011 18:17:20] /a -3
[10/08/2011 18:17:20] /a -3
[10/08/2011 18:17:21] /a -3
[10/08/2011 18:17:21] /a -3
[10/08/2011 18:17:22] /a -3
[10/08/2011 18:17:23] /a -3
[10/08/2011 18:17:23] /a -3
[10/08/2011 18:17:24] /a -3
[10/08/2011 18:17:27] /a 3
[10/08/2011 18:17:28] /a 3
[10/08/2011 18:17:29] /a 3
[10/08/2011 18:17:44] /i 104
[10/08/2011 18:17:45] /i 104
[10/08/2011 18:17:47] /i 104
[10/08/2011 18:17:47] /i 104
[10/08/2011 18:17:48] /i 104
[10/08/2011 18:17:48] /i 104
[10/08/2011 18:17:49] /i 104
[10/08/2011 18:17:50] /i 104
[10/08/2011 18:17:51] /i 104
[10/08/2011 18:17:51] /i 104
[10/08/2011 18:18:12] /i 3260
[10/08/2011 18:18:18] /i 3263
[10/08/2011 18:18:38] /n bazir
[10/08/2011 18:18:42] /n saco de pancada
[10/08/2011 18:20:10] /i 3263
[10/08/2011 18:20:11] /i 3263
[10/08/2011 18:20:11] /i 3263
[10/08/2011 18:20:13] /i 3263
[10/08/2011 18:20:14] /i 3263
[10/08/2011 18:20:16] /i 3263
[10/08/2011 18:21:22] /i 1484
[10/08/2011 18:21:25] /r
[10/08/2011 18:21:28] /i 406
[10/08/2011 18:21:29] /i 406
[10/08/2011 18:21:30] /i 406
[10/08/2011 18:21:41] /i 406
[10/08/2011 18:21:42] /i 406
[10/08/2011 18:21:43] /i 406
[10/08/2011 18:21:45] /i 406
[10/08/2011 18:21:46] /i 406
[10/08/2011 18:21:48] /i 406
[10/08/2011 18:21:51] /i 406
[10/08/2011 18:21:52] /i 406
[10/08/2011 18:21:54] /i 406
[10/08/2011 18:21:56] /i 406
[10/08/2011 18:21:57] /i 406
[10/08/2011 18:21:58] /i 406
[10/08/2011 18:22:00] /i 406
[10/08/2011 18:22:01] /i 406
[10/08/2011 18:24:30] /n jesue
[11/08/2011 04:55:25] /t
[11/08/2011 04:55:40] /a 2
[11/08/2011 05:01:13] /i 8965
[11/08/2011 05:01:42] /i 10014
[11/08/2011 05:01:57] /i 1484
[11/08/2011 05:02:03] /i 1485
[11/08/2011 05:02:06] /r
[11/08/2011 05:02:14] /a
[11/08/2011 05:02:28] /i 8668
[11/08/2011 05:02:35] /i 8968
[11/08/2011 05:02:48] /i 1485
[11/08/2011 05:02:53] /i 8968
[11/08/2011 05:02:56] /r
[11/08/2011 05:02:57] /r
[11/08/2011 05:02:58] /r
[11/08/2011 05:02:59] /r
[11/08/2011 05:03:00] /r
[11/08/2011 05:03:04] /r
[11/08/2011 05:03:04] /r
[11/08/2011 05:03:19] /a
[11/08/2011 05:03:21] /i 8968
[11/08/2011 05:03:24] /r
[11/08/2011 05:03:38] /a
[11/08/2011 05:03:40] /i 8968
[11/08/2011 05:03:45] /r
[11/08/2011 05:04:39] /i 8965
[11/08/2011 05:04:41] /i 8968
[11/08/2011 05:06:36] /t
[11/08/2011 05:07:13] /i 8965
[11/08/2011 05:07:32] /i 8967
[11/08/2011 05:15:08] /t
[11/08/2011 05:15:14] /a 20
[11/08/2011 05:15:16] /a 20
[11/08/2011 05:15:17] /a 20
[11/08/2011 05:15:18] /a 20
[11/08/2011 05:15:24] /a 5
[11/08/2011 05:15:26] /a 5
[11/08/2011 05:15:27] /a 5
[11/08/2011 05:15:28] /a 5
[11/08/2011 05:15:29] /a 5
[11/08/2011 05:15:30] /a 5
[11/08/2011 05:15:31] /a 5
[11/08/2011 05:15:32] /a 5
[11/08/2011 05:15:37] /a 5
[11/08/2011 05:15:37] /a 5
[11/08/2011 05:15:38] /a 5
[11/08/2011 05:15:44] /a 5
[11/08/2011 05:15:45] /a 5
[11/08/2011 05:15:46] /a 5
[11/08/2011 05:15:46] /a 5
[11/08/2011 05:15:48] /a 5
[11/08/2011 05:15:48] /a 5
[11/08/2011 05:15:50] /a 5
[11/08/2011 05:15:51] /a 5
[11/08/2011 05:15:52] /a 5
[11/08/2011 05:15:53] /a 5
[11/08/2011 05:15:54] /a 5
[11/08/2011 05:15:55] /a 5
[11/08/2011 05:15:55] /a 5
[11/08/2011 05:15:56] /a 5
[11/08/2011 05:15:57] /a 5
[11/08/2011 05:15:58] /a 5
[11/08/2011 05:15:58] /a 5
[11/08/2011 05:15:59] /a 5
[11/08/2011 05:16:01] /a 5
[11/08/2011 05:16:02] /a 5
[11/08/2011 05:16:03] /a 5
[11/08/2011 05:16:04] /a 5
[11/08/2011 05:16:05] /a 5
[11/08/2011 05:16:05] /a 5
[11/08/2011 05:16:07] /a 5
[11/08/2011 05:16:07] /a 5
[11/08/2011 05:16:45] /t
[11/08/2011 05:16:51] /i minotaur backpack
[11/08/2011 05:17:56] /r
[11/08/2011 05:18:07] /i 2160
[11/08/2011 05:18:08] /i 2160
[11/08/2011 05:18:09] /i 2160
[11/08/2011 05:18:10] /i 2160
[11/08/2011 05:18:10] /i 2160
[11/08/2011 05:18:12] /i 2160
[11/08/2011 05:18:12] /i 2160
[11/08/2011 05:18:13] /i 2160
[11/08/2011 05:18:14] /i 2160
[11/08/2011 05:18:15] /i 2160
[11/08/2011 05:18:15] /i 2160
[11/08/2011 05:18:16] /i 2160
[11/08/2011 05:18:17] /i 2160
[11/08/2011 05:18:18] /i 2160
[11/08/2011 05:18:19] /i 2160
[11/08/2011 05:18:19] /i 2160
[11/08/2011 05:18:20] /i 2160
[11/08/2011 05:18:21] /i 2160
[11/08/2011 05:18:22] /i 2160
[11/08/2011 05:18:23] /i 2160
[11/08/2011 05:18:24] /i 2160
[11/08/2011 05:18:24] /i 2160
[11/08/2011 05:18:25] /i 2160
[11/08/2011 05:18:26] /i 2160
[11/08/2011 05:18:27] /i 2160
[11/08/2011 05:18:28] /i 2160
[11/08/2011 05:18:28] /i 2160
[11/08/2011 05:18:29] /i 2160
[11/08/2011 05:18:30] /i 2160
[11/08/2011 05:18:31] /i 2160
[11/08/2011 05:18:32] /i 2160
[11/08/2011 05:18:33] /i 2160
[11/08/2011 05:18:33] /i 2160
[11/08/2011 05:18:37] /i 2160
[11/08/2011 05:18:39] /i 2160
[11/08/2011 05:18:40] /i 2160
[11/08/2011 05:18:41] /i 2160
[11/08/2011 05:18:42] /i 2160
[11/08/2011 05:18:44] /i 2160
[11/08/2011 05:18:46] /i 2160
[11/08/2011 05:18:47] /i 2160
[11/08/2011 05:18:48] /i 2160
[11/08/2011 05:20:13] /i 2160
[11/08/2011 05:21:03] /clean
[11/08/2011 05:21:24] /i 7958
[11/08/2011 05:21:26] /i 7958
[11/08/2011 05:21:26] /i 7958
[11/08/2011 05:21:27] /i 7958
[11/08/2011 05:21:28] /i 7958
[11/08/2011 05:21:29] /i 7958
[11/08/2011 05:21:30] /i 7958
[11/08/2011 05:21:31] /i 7958
[11/08/2011 05:21:32] /i 7958
[11/08/2011 05:21:34] /i 7958
[11/08/2011 05:21:35] /i 7958
[11/08/2011 05:21:36] /i 7958
[11/08/2011 05:21:37] /i 7958
[11/08/2011 05:21:38] /i 7958
[11/08/2011 05:21:39] /i 7958
[11/08/2011 05:21:40] /i 7958
[11/08/2011 05:21:41] /i 7958
[11/08/2011 05:21:42] /i 7958
[11/08/2011 05:21:43] /i 7958
[11/08/2011 05:21:44] /i 7958
[11/08/2011 05:21:45] /i 7958
[11/08/2011 05:21:46] /i 7958
[11/08/2011 05:21:47] /i 7958
[11/08/2011 05:21:48] /i 7958
[11/08/2011 05:21:49] /i 7958
[11/08/2011 05:21:50] /i 7958
[11/08/2011 05:21:51] /i 7958
[11/08/2011 05:21:52] /i 7958
[11/08/2011 05:21:57] /i 7958
[11/08/2011 05:21:58] /i 7958
[11/08/2011 05:21:59] /i 7958
[11/08/2011 05:22:00] /i 7958
[11/08/2011 05:22:01] /i 7958
[11/08/2011 05:22:02] /i 7958
[11/08/2011 05:22:03] /i 7958
[11/08/2011 05:22:04] /i 7958
[11/08/2011 05:22:05] /i 7958
[11/08/2011 05:22:28] /r
[11/08/2011 05:23:22] /clean
[11/08/2011 05:23:28] /clean
[11/08/2011 05:25:31] /save
[11/08/2011 05:26:27] /i master backpack
[11/08/2011 05:27:22] /r
[11/08/2011 05:27:26] /r all
[11/08/2011 05:27:34] /i 2148
[11/08/2011 05:27:36] /i 2148
[11/08/2011 05:27:36] /i 2148
[11/08/2011 05:27:37] /i 2148
[11/08/2011 05:27:37] /i 2148
[11/08/2011 05:27:38] /i 2148
[11/08/2011 05:27:38] /i 2148
[11/08/2011 05:27:39] /i 2148
[11/08/2011 05:27:39] /i 2148
[11/08/2011 05:27:40] /i 2148
[11/08/2011 05:27:40] /i 2148
[11/08/2011 05:27:41] /i 2148
[11/08/2011 05:27:41] /i 2148
[11/08/2011 05:27:42] /i 2148
[11/08/2011 05:27:42] /i 2148
[11/08/2011 05:27:43] /i 2148
[11/08/2011 05:27:43] /i 2148
[11/08/2011 05:27:44] /i 2148
[11/08/2011 05:27:44] /i 2148
[11/08/2011 05:27:45] /i 2148
[11/08/2011 05:27:46] /i 2148
[11/08/2011 05:27:46] /i 2148
[11/08/2011 05:27:47] /i 2148
[11/08/2011 05:27:47] /i 2148
[11/08/2011 05:27:50] /i 2148
[11/08/2011 05:27:51] /i 2148
[11/08/2011 05:27:51] /i 2148
[11/08/2011 05:27:52] /i 2148
[11/08/2011 05:27:52] /i 2148
[11/08/2011 05:27:53] /i 2148
[11/08/2011 05:27:54] /i 2148
[11/08/2011 05:27:54] /i 2148
[11/08/2011 05:27:55] /i 2148
[11/08/2011 05:27:56] /i 2148
[11/08/2011 05:27:57] /i 2148
[11/08/2011 05:27:57] /i 2148
[11/08/2011 05:28:06] /clean
[11/08/2011 05:28:13] /i 2148
[11/08/2011 05:28:14] /i 2148
[11/08/2011 05:28:16] /r
[11/08/2011 05:28:18] /r all
[11/08/2011 05:28:22] /r all
[11/08/2011 05:30:51] /clean
[11/08/2011 05:32:40] /i 2160
[11/08/2011 05:33:37] /i master vip shield
[11/08/2011 05:34:16] /i 2160
[11/08/2011 05:34:17] /i 2160
[11/08/2011 05:34:18] /i 2160
[11/08/2011 05:34:20] /i 2160
[11/08/2011 05:34:21] /i 2160
[11/08/2011 05:34:22] /i 2160
[11/08/2011 05:34:29] /clean
[11/08/2011 05:34:53] /reload npc
[11/08/2011 05:36:03] /reload npc
[11/08/2011 05:37:53] /r
[11/08/2011 05:37:55] /r
[11/08/2011 16:23:40] /addskill test,level,99999999
[11/08/2011 16:23:47] /addskill test,level,99999999
[11/08/2011 16:24:01] /addskill test,level,999999
[11/08/2011 16:24:01] /addskill test,level,99999
[11/08/2011 16:24:04] /addskill test,level,9999
[11/08/2011 16:24:07] /addskill test,level,9999
[11/08/2011 16:24:09] /addskill test,level,9999
[11/08/2011 16:24:12] /addskill test,level,9999
[11/08/2011 16:24:14] /addskill test,level,9999
[11/08/2011 16:24:17] /addskill test,level,999
[11/08/2011 16:24:38] /addskill test,sword,100
[11/08/2011 16:25:16] /info test
[11/08/2011 16:25:54] /m ghasty dragon
[11/08/2011 16:26:27] /info test
[11/08/2011 16:29:39] /goto test
[11/08/2011 16:29:58] /n master johnny
[11/08/2011 16:30:47] /save
[11/08/2011 16:35:47] /attr vocation 4
[11/08/2011 16:36:06] /attr vocation 14
[11/08/2011 16:36:10] /attr vocation 13
[11/08/2011 16:36:14] /attr vocation 12
[11/08/2011 16:38:31] /t
[11/08/2011 16:38:33] /c test
[11/08/2011 16:41:25] /goto saco de pancada
[11/08/2011 16:41:27] /goto saco de pancada
[11/08/2011 16:41:27] /goto saco de pancada
[11/08/2011 16:41:28] /goto saco de pancada
[11/08/2011 16:41:28] /goto saco de pancada
[11/08/2011 16:41:31] /r
[11/08/2011 16:41:33] /goto saco de pancada
[11/08/2011 16:41:34] /r
[11/08/2011 16:41:35] /goto saco de pancada
[11/08/2011 16:41:37] /r
[11/08/2011 16:41:39] /goto saco de pancada
[11/08/2011 16:41:41] /r
[11/08/2011 16:41:42] /goto saco de pancada
[11/08/2011 16:41:45] /goto saco de pancada
[11/08/2011 16:41:48] /r
[11/08/2011 16:41:48] /goto saco de pancada
[11/08/2011 16:41:51] /r
[11/08/2011 16:41:52] /goto saco de pancada
[11/08/2011 16:41:55] /r
[11/08/2011 16:41:56] /r
[11/08/2011 16:42:01] /goto saco de pancada
[11/08/2011 16:42:08] /goto saco de pancada
[11/08/2011 16:42:09] /goto saco de pancada
[11/08/2011 16:42:10] /t
[11/08/2011 16:42:12] /goto saco de pancada
[11/08/2011 16:42:45] /i 9168
[11/08/2011 16:42:55] /attr actionid 4211
[11/08/2011 16:43:30] /r
[11/08/2011 16:46:44] /i 1945
[11/08/2011 16:46:53] /i 6102
[11/08/2011 16:48:10] /attr vocation +4
[11/08/2011 16:48:15] /attr vocation 4
[11/08/2011 16:48:18] /attr vocation +4
[11/08/2011 16:48:36] /attr vocation +4
[11/08/2011 16:48:39] /attr vocation +4
[11/08/2011 16:48:49] /attr vocation -4
[11/08/2011 16:48:56] /attr vocation +4
[11/08/2011 18:50:51] /t
[11/08/2011 18:55:37] /addskill pintudo,level,99999
[11/08/2011 18:59:08] /attr skull 5
[11/08/2011 18:59:11] /attr skull 4
[11/08/2011 19:08:27] /i master vip armor
[11/08/2011 21:26:22] /goto test
[11/08/2011 21:26:28] /r
[11/08/2011 21:26:34] /a 2
[11/08/2011 21:27:37] /c test
[11/08/2011 21:29:37] /a 20
[11/08/2011 21:29:37] /a 20
[11/08/2011 21:29:38] /a 20
[11/08/2011 21:29:39] /a 20
[11/08/2011 21:29:42] /a 4
[11/08/2011 21:29:42] /a 4
[11/08/2011 21:29:44] /c test
[11/08/2011 21:36:33] /a 5
[11/08/2011 21:36:33] /a 5
[11/08/2011 21:36:34] /a 5
[11/08/2011 21:36:36] /a 5
[11/08/2011 21:36:36] /a 5
[11/08/2011 21:36:37] /a 5
[11/08/2011 21:36:38] /a 5
[11/08/2011 21:36:39] /a 5
[11/08/2011 21:36:40] /a 5
[11/08/2011 21:36:41] /a 5
[11/08/2011 21:36:42] /a 5
[11/08/2011 21:36:42] /a 5
[11/08/2011 21:36:43] /a 5
[11/08/2011 21:36:44] /a 5
[11/08/2011 21:36:44] /a 5
[11/08/2011 21:36:45] /a 5
[11/08/2011 21:36:46] /a 5
[11/08/2011 21:36:46] /a 5
[11/08/2011 21:36:47] /a 5
[11/08/2011 21:36:47] /a 5
[11/08/2011 21:36:48] /a 5
[11/08/2011 21:36:49] /a 5
[11/08/2011 21:36:49] /a 5
[11/08/2011 21:36:50] /a 5
[11/08/2011 21:36:51] /a 5
[11/08/2011 21:36:51] /a 5
[11/08/2011 21:37:04] /c pintudo
[11/08/2011 22:09:16] /down
[11/08/2011 22:09:29] /up
[11/08/2011 22:09:30] /up
[11/08/2011 22:09:32] /t
[11/08/2011 22:09:56] /save
[11/08/2011 22:10:03] /i 406
[11/08/2011 22:10:04] /i 406
[11/08/2011 22:10:05] /i 406
[11/08/2011 22:10:06] /i 406
[11/08/2011 22:10:07] /i 406
[11/08/2011 22:10:08] /i 406
[11/08/2011 22:10:09] /i 406
[11/08/2011 22:10:10] /i 406
[11/08/2011 22:10:11] /i 406
[11/08/2011 22:10:12] /i 406
[11/08/2011 22:10:13] /i 406
[11/08/2011 22:10:14] /i 406
[11/08/2011 22:10:15] /i 406
[11/08/2011 22:10:16] /i 406
[11/08/2011 22:10:17] /i 406
[11/08/2011 22:10:18] /i 406
[11/08/2011 22:10:19] /i 406
[11/08/2011 22:10:20] /i 406
[11/08/2011 22:10:21] /i 406
[11/08/2011 22:10:24] /i 406
[11/08/2011 22:10:25] /i 406
[11/08/2011 22:10:27] /i 406
[11/08/2011 22:10:28] /i 406
[11/08/2011 22:10:29] /i 406
[11/08/2011 22:10:48] /i 406
[11/08/2011 22:10:49] /i 406
[11/08/2011 22:10:50] /i 406
[11/08/2011 22:10:51] /i 406
[11/08/2011 22:10:52] /i 406
[11/08/2011 22:10:53] /i 406
[11/08/2011 22:10:54] /i 406
[11/08/2011 22:10:55] /i 406
[12/08/2011 00:33:15] /n dog
[12/08/2011 00:33:18] /m dog
[12/08/2011 00:43:58] /i cat
[12/08/2011 00:44:00] /m cat
[12/08/2011 00:44:14] /i master vip sword
[12/08/2011 00:44:25] /m bazir
[12/08/2011 00:44:52] /t
[12/08/2011 00:47:20] /up
[12/08/2011 00:48:10] /reload config
[12/08/2011 01:11:36] /a
[12/08/2011 01:11:40] /a
[12/08/2011 01:11:46] /down
[12/08/2011 01:11:51] /up
[12/08/2011 01:11:52] /a
[12/08/2011 01:11:55] /down
[12/08/2011 01:12:51] /a
[12/08/2011 01:12:52] /a
[12/08/2011 01:13:22] /a 3
[12/08/2011 01:13:23] /a 3
[12/08/2011 01:13:59] /a
[12/08/2011 01:14:01] /a
[12/08/2011 01:14:06] /a 20
[12/08/2011 01:14:07] /a 20
[12/08/2011 01:14:08] /a 20
[12/08/2011 01:14:11] /a 5
[12/08/2011 01:14:16] /a
[12/08/2011 01:15:26] /a
[12/08/2011 01:16:36] /a 50
[12/08/2011 01:16:37] /a 50
[12/08/2011 01:16:39] /a 10
[12/08/2011 01:16:52] /up
[12/08/2011 01:17:25] /a 20
[12/08/2011 01:17:26] /a 20
[12/08/2011 01:17:27] /a 20
[12/08/2011 01:17:27] /a 20
[12/08/2011 01:17:28] /a 20
[12/08/2011 01:17:28] /a 20
[12/08/2011 01:17:29] /a 20
[12/08/2011 01:17:29] /a 20
[12/08/2011 01:17:30] /a 20
[12/08/2011 01:17:31] /a 20
[12/08/2011 01:17:31] /a 20
[12/08/2011 01:17:32] /a 20
[12/08/2011 01:17:33] /a 20
[12/08/2011 01:17:35] /a 20
[12/08/2011 01:17:35] /a 20
[12/08/2011 01:17:36] /a 20
[12/08/2011 01:17:37] /a 20
[12/08/2011 01:17:42] /a 20
[12/08/2011 01:17:44] /a 5
[12/08/2011 01:18:01] /a
[12/08/2011 01:18:20] /a 20
[12/08/2011 01:18:22] /a 20
[12/08/2011 01:18:23] /a 5
[12/08/2011 01:18:25] /a 5
[12/08/2011 01:19:00] /i master backpack
[12/08/2011 01:20:53] /i 2160
[12/08/2011 01:21:09] /addskill [GOD] Math,magic,5
[12/08/2011 01:21:11] /addskill [GOD] Math,magic,5
[12/08/2011 01:21:14] /addskill [GOD] Math,magic,100
[12/08/2011 01:22:11] /up
[12/08/2011 01:23:01] /t
[12/08/2011 01:23:10] /m dog
[12/08/2011 01:23:24] /i 3099
[12/08/2011 01:23:44] /i 2840
[12/08/2011 01:23:54] /i 2841
[12/08/2011 01:24:02] /i 2842
[15/08/2011 23:08:58] /goto account manager
[15/08/2011 23:09:16] /goto account manager
[15/08/2011 23:10:08] /addskill Tesst,level,700
[15/08/2011 23:10:24] /m training monk
[15/08/2011 23:10:45] /addskill tesst,sword,9999
[15/08/2011 23:10:49] /addskill tesst,sword,100
[15/08/2011 23:11:38] /n johnny
[15/08/2011 23:11:50] /n johnny
[15/08/2011 23:11:52] /r
[15/08/2011 23:12:56] /r
[15/08/2011 23:15:29] /i master vip sword
[15/08/2011 23:15:44] /addskill Burro,level,700
[15/08/2011 23:15:58] /addskill Burro,sword,600
[15/08/2011 23:16:03] /info burro
[15/08/2011 23:16:14] /addskill Burro,sword,100
[15/08/2011 23:16:16] /info burro
[15/08/2011 23:16:28] /m training monk
[15/08/2011 23:17:00] /i 2160
[15/08/2011 23:17:41] /n master johnny
[15/08/2011 23:25:26] /r
[15/08/2011 23:29:01] /addskill Fodase meunome,level,2000
[15/08/2011 23:29:17] /i master vip arrow
[15/08/2011 23:29:22] /i master vip star
[15/08/2011 23:34:30] /m magebomb
[15/08/2011 23:34:30] /m magebomb
[15/08/2011 23:34:31] /m magebomb
[15/08/2011 23:34:31] /m magebomb
[15/08/2011 23:36:28] /r
[15/08/2011 23:36:42] /addskill Insane,level,2000
[15/08/2011 23:37:03] /i master vip wand
[15/08/2011 23:37:40] /i master vip rod
[15/08/2011 23:48:18] /bc g AE VAI FIKA O MSM IP
[15/08/2011 23:48:35] /bc TO ESPERANDO DA MEIA NOITE PRA MIM COLA ON VO RESETA JA
[15/08/2011 23:48:41] /bc TO ESPERANDO DA MEIA NOITE PRA MIM COLA ON VO RESETA JA
[15/08/2011 23:48:42] /bc TO ESPERANDO DA MEIA NOITE PRA MIM COLA ON VO RESETA JA
[15/08/2011 23:48:42] /bc TO ESPERANDO DA MEIA NOITE PRA MIM COLA ON VO RESETA JA
[15/08/2011 23:49:53] /attr actionid 5252
[15/08/2011 23:49:59] /attr uniqueid 5252
[16/08/2011 00:02:36] /ghost
[16/08/2011 00:02:54] /ghost
[16/08/2011 00:03:16] /bc g gente vo arruma as config
[16/08/2011 00:03:20] /bc g ja vouta
[16/08/2011 00:03:34] /save
[16/08/2011 00:16:28] /attr position 160 54 7
[16/08/2011 00:20:44] /bc g 10 pessoas on eu fao evento
[16/08/2011 00:26:20] /goto noia
[16/08/2011 00:26:36] /attr -health 2654
[16/08/2011 00:26:52] /attr health -2654
[16/08/2011 00:31:06] /bc g GENTE QUE VCS ACHAM DE FAST ATTACK RESPONDA HELP NAO RESPONDO PM
[16/08/2011 00:32:03] /goto reconnet
[16/08/2011 00:33:40] /r
[16/08/2011 00:33:54] /r
[16/08/2011 00:35:10] /up
[16/08/2011 00:35:13] /c reconnect
[16/08/2011 00:35:20] /c Reconnet
[16/08/2011 00:35:24] /i 2160
[16/08/2011 00:35:37] /t Reconnet
[16/08/2011 00:35:37] /t
[16/08/2011 00:35:57] /attr group 5
[16/08/2011 00:40:17] /goto noia
[16/08/2011 00:40:46] /attr group 2
[16/08/2011 00:40:48] /attr group 2
[16/08/2011 00:41:21] /goto noia
[16/08/2011 00:41:22] /goto noia
[16/08/2011 00:41:23] /goto noia
[16/08/2011 00:41:24] /goto noia
[16/08/2011 00:42:06] /goto noia
[16/08/2011 00:43:14] /goto reconnect
[16/08/2011 00:43:20] /goto Reconnet
[16/08/2011 00:43:25] /attr group 2
[16/08/2011 00:45:27] /b x
[16/08/2011 00:46:47] /bc g vo da reload nas talkaction
[16/08/2011 00:47:03] /reload talkactions
[16/08/2011 00:48:19] /attr group 3
[16/08/2011 00:48:22] /r
[16/08/2011 00:50:18] /a 2
[16/08/2011 00:50:35] /a 2
[16/08/2011 00:51:14] /a
[16/08/2011 00:51:19] /a 20
[16/08/2011 00:51:20] /a 20
[16/08/2011 00:51:21] /a 20
[16/08/2011 00:51:22] /a 20
[16/08/2011 00:51:25] /a 5
[16/08/2011 00:52:30] /goto noia
[16/08/2011 00:52:35] /promote noia
[16/08/2011 00:52:40] /t
[16/08/2011 00:54:24] /a
[16/08/2011 00:56:19] /a
[16/08/2011 00:56:25] /c solamento
[16/08/2011 00:56:32] /a
[16/08/2011 00:56:42] /r
[16/08/2011 00:56:45] /i backpack
[16/08/2011 00:56:52] /n updade seller
[16/08/2011 00:57:07] /i 12609
[16/08/2011 00:57:20] /r
[16/08/2011 00:57:21] /a
[16/08/2011 00:57:25] /attr group 4
[16/08/2011 00:57:32] /attr group 5
[16/08/2011 01:41:44] /goto solamento
[16/08/2011 01:41:50] /goto hera
[16/08/2011 01:41:53] /c noia
[16/08/2011 01:43:17] /c Bt'rulex
[16/08/2011 01:43:38] /c Serial killer
[16/08/2011 01:44:13] /c noia
[16/08/2011 01:45:53] /goto solamento
[16/08/2011 01:46:07] /goto noia
[16/08/2011 01:47:53] /t
[16/08/2011 01:48:58] /goto noia
[16/08/2011 01:49:16] /goto noia
[16/08/2011 01:49:46] /a 5
[16/08/2011 01:49:48] /a 5
[16/08/2011 01:49:53] /a 5
[16/08/2011 01:49:56] /a 2
[16/08/2011 01:50:14] /a
[16/08/2011 01:50:19] /a
[16/08/2011 01:50:27] /a
[16/08/2011 01:50:31] /a
[16/08/2011 01:50:38] /a
[16/08/2011 01:50:42] /a
[16/08/2011 01:50:46] /a
[16/08/2011 01:53:13] /goto Serial killer
[16/08/2011 01:55:01] /goto noia
[16/08/2011 01:55:03] /c Serial killer
[16/08/2011 01:55:03] /t
[16/08/2011 01:55:10] /goto noia
[16/08/2011 01:55:13] /c Bt'rulex
[16/08/2011 02:01:00] /a 20
[16/08/2011 02:01:01] /a 20
[16/08/2011 02:01:02] /a 20
[16/08/2011 02:01:10] /a 4
[16/08/2011 02:01:15] /a 5
[16/08/2011 02:01:19] /a 5
[16/08/2011 02:02:10] /r
[16/08/2011 02:03:50] /up
[16/08/2011 02:03:56] /a 20
[16/08/2011 02:03:57] /a 20
[16/08/2011 02:03:57] /a 20
[16/08/2011 02:04:00] /a a
[16/08/2011 02:04:10] /c Bt'rulex
[16/08/2011 02:04:16] /c Serial killer
[16/08/2011 02:04:18] /r
[16/08/2011 02:04:43] /c solamento
[16/08/2011 02:05:33] /goto hera
[16/08/2011 02:06:11] /i 8932
[16/08/2011 02:06:44] /ghost
[16/08/2011 02:07:11] /newtype 332
[16/08/2011 02:07:21] /i 8104
[16/08/2011 02:07:40] /newtype 8104
[16/08/2011 02:07:52] /t
[16/08/2011 02:13:56] /ghost
[16/08/2011 02:14:10] /a
[16/08/2011 02:14:21] /attr health -9999
[16/08/2011 02:14:25] /attr health -9999999999
[16/08/2011 02:14:27] /attr health -9999999999
[16/08/2011 02:22:12] /goto [CM] Justiceiro
[16/08/2011 02:22:15] /r
[16/08/2011 02:28:49] /r
[16/08/2011 02:36:57] /bc g gente vo aumenta fast attack 
[16/08/2011 02:37:03] /t
[16/08/2011 02:39:29] /save
[16/08/2011 02:39:56] /bc g dei save agora vo reinicia
[16/08/2011 02:39:59] /save
[16/08/2011 02:41:50] /bc g agora sim em
[16/08/2011 02:42:03] /up
[16/08/2011 02:42:15] /goto alone
[16/08/2011 02:42:32] /t
[16/08/2011 02:43:54] /i bow
[16/08/2011 02:45:10] /goto Paly of destiny
[16/08/2011 02:46:25] /up
[16/08/2011 02:51:07] /mc
[16/08/2011 02:52:00] /goto [CM] Justiceiro
[16/08/2011 02:52:01] /a
[16/08/2011 02:52:14] /attr position 160 54 7
[16/08/2011 02:55:28] /bc g GENTE FALA HELP QUANTO DE EXP VCS QU
[16/08/2011 02:55:55] /bc g HELP NAO DEFAULT
[16/08/2011 03:03:30] /attr position 160 54 7
[16/08/2011 03:09:36] /bc g vo reinicia aque pra arruma exp dinovo
[16/08/2011 03:09:45] /bc green desculpa p imcomodo
[16/08/2011 03:09:49] /bc green desculpa 0 imcomodo
[16/08/2011 03:10:02] /save
[16/08/2011 03:14:27] /attr position 160 54 7
[16/08/2011 03:15:16] /i 406
[16/08/2011 03:15:18] /i 406
[16/08/2011 03:15:23] /i 406
[16/08/2011 03:15:24] /i 406
[16/08/2011 03:15:26] /i 406
[16/08/2011 03:15:27] /i 406
[16/08/2011 03:15:29] /i 406
[16/08/2011 03:15:30] /a
[16/08/2011 03:15:31] /i 406
[16/08/2011 03:15:34] /i 405
[16/08/2011 03:15:36] /i 407
[16/08/2011 03:15:37] /i 407
[16/08/2011 03:15:38] /i 407
[16/08/2011 03:15:39] /i 407
[16/08/2011 03:15:40] /i 407
[16/08/2011 03:15:43] /i 407
[16/08/2011 03:15:44] /i 407
[16/08/2011 03:15:46] /a
[16/08/2011 03:15:47] /i 407
[16/08/2011 03:16:59] /reload config
[16/08/2011 03:17:48] /reload config
[16/08/2011 03:18:52] /reload config
[16/08/2011 03:20:20] /r
[16/08/2011 03:31:46] /a
[16/08/2011 03:31:58] /attr position 160 54 7
[16/08/2011 03:32:36] /goto maconheiro solytario
[16/08/2011 04:27:13] /goto Oxxy Extreme
[16/08/2011 04:30:35] /goto Oxxy Extreme
[16/08/2011 05:20:21] /kick noia
[16/08/2011 05:26:37] /a 2
[16/08/2011 05:26:42] /a
[16/08/2011 05:26:56] /attr health -999999999
[16/08/2011 05:27:14] /a 3
[16/08/2011 05:27:20] /a 3
[16/08/2011 05:27:25] /a 5
[16/08/2011 05:27:26] /a 5
[16/08/2011 05:27:29] /a 3
[16/08/2011 05:27:33] /a 5
[16/08/2011 05:27:34] /a 5
[16/08/2011 05:28:18] /a 5
[16/08/2011 05:28:24] /a 5
[16/08/2011 05:28:30] /a
[16/08/2011 05:28:32] /s
[16/08/2011 05:28:33] /a
[16/08/2011 05:28:36] /a 3
[16/08/2011 05:28:37] /a 3
[16/08/2011 05:28:41] /a 8
[16/08/2011 05:28:44] /a 3
[16/08/2011 05:28:45] /a 3
[16/08/2011 05:28:47] /a 3
[16/08/2011 05:28:48] /a 3
[16/08/2011 05:28:52] /a 5
[16/08/2011 05:28:52] /a 5
[16/08/2011 05:28:53] /a 5
[16/08/2011 05:28:54] /a 5
[16/08/2011 05:28:55] /a 5
[16/08/2011 05:28:56] /a 5
[16/08/2011 05:28:57] /a 3
[16/08/2011 05:28:58] /a 3
[16/08/2011 05:28:58] /a 3
[16/08/2011 05:28:59] /a 3
[16/08/2011 05:29:02] /a 2
[16/08/2011 05:29:04] /a 4
[16/08/2011 05:29:09] /a 20
[16/08/2011 05:29:10] /a 20
[16/08/2011 05:29:11] /a 20
[16/08/2011 05:29:12] /a 20
[16/08/2011 05:29:14] /a 20
[16/08/2011 05:29:15] /a 20
[16/08/2011 05:29:16] /a 20
[16/08/2011 05:29:16] /a 20
[16/08/2011 05:29:17] /a 20
[16/08/2011 05:29:19] /a 20
[16/08/2011 05:29:19] /a 20
[16/08/2011 05:29:21] /a 5
[16/08/2011 05:29:34] /c Mage Morrer toda ves
[16/08/2011 05:29:42] /c Mage Morrer toda ves
[16/08/2011 10:15:38] /goto Dan Brown
[16/08/2011 10:15:51] /goto y Name Is Mage Rush
[16/08/2011 10:15:55] /goto my Name Is Mage Rush
[16/08/2011 10:16:03] /goto Charizard
[16/08/2011 10:16:13] /goto Jhontex
[16/08/2011 11:43:33] /goto
[16/08/2011 11:43:41] /t
[16/08/2011 19:36:58] /bc g vo desliga e liga pra sai o lag
[16/08/2011 19:37:05] /save
[16/08/2011 19:37:18] /closeserver
[16/08/2011 19:37:44] /openserver
[16/08/2011 19:56:12] /goto noia
[16/08/2011 19:56:29] /c Haley
[16/08/2011 19:56:44] /c Deaky
[16/08/2011 20:08:48] /goto noia
[16/08/2011 20:08:56] /n johnny
[16/08/2011 20:10:08] /a
[16/08/2011 20:10:11] /r
[16/08/2011 20:10:12] /r
[16/08/2011 20:10:21] /attr health -99999
[16/08/2011 20:10:43] /attr health -179260
[16/08/2011 20:10:47] /a
[16/08/2011 20:10:49] /a
[16/08/2011 20:11:05] /attr health -166916
[16/08/2011 20:11:11] /attr health -166916
[16/08/2011 20:11:27] /c Queen's Jogaeazy
[16/08/2011 20:11:36] /a
[16/08/2011 20:11:52] /c Haley
[16/08/2011 20:15:04] /goto noia
[16/08/2011 20:15:20] /a 2
[16/08/2011 20:15:27] /a 2
[16/08/2011 20:15:32] /c Queen's Jogaeazy
[16/08/2011 20:20:52] /goto noia
[16/08/2011 20:21:01] /c Serial killer
[16/08/2011 20:22:46] /goto Serial killer
[16/08/2011 20:22:54] /c noia
[16/08/2011 20:24:05] /c haley
[16/08/2011 20:31:28] /goto noia
[16/08/2011 20:31:54] /r
[16/08/2011 20:32:03] /c DEAKY
[16/08/2011 22:12:00] /goto noia
[16/08/2011 22:12:09] /c Frontilai'z
[17/08/2011 00:11:03] /t
[17/08/2011 00:11:21] /goto Queen's Jogaeazy
[17/08/2011 00:11:27] /ghost
[17/08/2011 00:11:42] /t
[17/08/2011 00:12:11] /r
[17/08/2011 00:12:38] /t
[17/08/2011 00:12:39] /ghost
[17/08/2011 01:09:29] /goto noia
[17/08/2011 01:09:35] /reload npc
[17/08/2011 01:11:40] /reload npc
[17/08/2011 01:11:44] /c Queen's Jogaeazy
[17/08/2011 01:12:33] /t Queen's Jogaeazy
[17/08/2011 01:12:35] /t noia
[17/08/2011 16:45:54] /goto noia
[17/08/2011 16:46:05] /a 2
[17/08/2011 16:46:53] /a 2
[17/08/2011 16:47:25] /a 2
[17/08/2011 16:52:52] /i 2263
[17/08/2011 16:53:11] /reload spells
[17/08/2011 16:53:32] /n training monk
[17/08/2011 16:53:37] /m training monk
[17/08/2011 16:54:29] /reload spells
[17/08/2011 16:54:57] /reload spells
[17/08/2011 16:57:51] /m training vip
[17/08/2011 16:57:55] /m trainer vip
[17/08/2011 16:58:00] /m training monk
[17/08/2011 16:58:11] /attr maxhealth  9999999999999
[17/08/2011 16:58:16] /attr health  9999999999999
[17/08/2011 16:59:25] /i v
[17/08/2011 16:59:28] /i 2275
[17/08/2011 16:59:44] /reload spells
[17/08/2011 17:00:03] /attr health -9749
[17/08/2011 17:00:20] /attr health -656
[17/08/2011 17:01:06] /reload spells
[17/08/2011 17:01:23] /attr health -700
[17/08/2011 17:01:28] /attr health -100
[17/08/2011 17:02:06] /reload spells
[17/08/2011 17:02:47] /attr health -8256
[17/08/2011 17:03:56] /reload spells
[17/08/2011 17:04:26] /attr health - 9749
[17/08/2011 17:04:29] /attr health -9749
[17/08/2011 17:07:25] /reload actions
[17/08/2011 17:07:29] /i 2270
[17/08/2011 17:14:25] /reload actions
[17/08/2011 17:14:54] /i 270
[17/08/2011 17:15:06] /i 2270
[17/08/2011 17:23:09] /r
[17/08/2011 17:23:12] /t
[17/08/2011 17:23:18] /n dark rodo
[17/08/2011 17:25:27] /reload spells
[17/08/2011 17:27:22] /i /i 2270
[17/08/2011 17:27:24] /i 2270
[17/08/2011 17:27:41] /m training monk
[17/08/2011 17:46:12] /reload spells
[17/08/2011 17:46:39] /reload spells
[17/08/2011 17:47:04] /reload spells
[17/08/2011 17:49:01] /reload spells
[17/08/2011 18:04:42] /c Serial killer
[17/08/2011 18:04:53] /i Serial killer
[17/08/2011 18:05:08] /i 2281
[17/08/2011 18:07:44] /n dark rodo
[17/08/2011 18:07:55] /i 7591
[17/08/2011 18:08:01] /i 7592
[17/08/2011 18:08:04] /i 7593
[17/08/2011 18:08:07] /i 7594
[17/08/2011 18:08:09] /r
[17/08/2011 18:08:18] /i 7589
[17/08/2011 18:08:21] /i 7588
[17/08/2011 18:08:23] /i 7586
[17/08/2011 18:08:29] /i 7585
[17/08/2011 18:08:32] /i 7584
[17/08/2011 18:08:37] /i 7587
[17/08/2011 18:08:42] /r
[17/08/2011 18:08:44] /r
[17/08/2011 18:08:45] /r
[17/08/2011 18:08:47] /r
[17/08/2011 18:08:49] /r
[17/08/2011 18:08:50] /r
[17/08/2011 18:10:50] /i bezerker potion
[17/08/2011 18:10:53] /i bezerker potion
[17/08/2011 18:11:25] /i winning lottery ticket
[17/08/2011 18:11:38] /i concentrated demonic blood
[17/08/2011 18:11:46] /i berserk potion
[17/08/2011 18:14:31] /reload actions
[17/08/2011 18:14:55] /i Mastermind Potion
[22/09/2011 20:28:56] /t
[22/09/2011 20:34:09] /ghost
[22/09/2011 20:35:00] /reload talkactions
[22/09/2011 20:35:04] /zombiestart 2
[22/09/2011 22:51:21] /zombiestart
[22/09/2011 22:51:30] /zombiestart 2
[22/09/2011 23:10:36] /zombiestart 2
[22/09/2011 23:12:45] /a
[22/09/2011 23:12:53] /t
[22/09/2011 23:19:41] /reload weapoints
[22/09/2011 23:19:49] /reload waepoints
[22/09/2011 23:20:04] /reload weapons
[22/09/2011 23:31:36] /i vip rod
[22/09/2011 23:45:31] /i pair of soft
[22/09/2011 23:45:33] /i pair of soft boots
[22/09/2011 23:45:54] /i 2527
[22/09/2011 23:46:01] /i 7428
[22/09/2011 23:46:10] /i 6531
[22/09/2011 23:47:11] /i magic plate armor
[22/09/2011 23:47:27] /i golden legs
[22/09/2011 23:47:40] /i demon armor
[22/09/2011 23:47:55] /i amulet of lost
[23/09/2011 00:00:56] /i 10021
[23/09/2011 00:02:41] /i 2160
[23/09/2011 00:03:27] /t
[23/09/2011 00:03:38] /r
[23/09/2011 00:03:39] /r
[23/09/2011 00:13:36] /i 7890
[23/09/2011 00:26:49] /attr skull 4
[23/09/2011 00:27:05] /i super aol
[23/09/2011 00:27:40] /a
[23/09/2011 00:31:11] /i super aol
[23/09/2011 00:32:16] /t
[23/09/2011 00:32:32] /attr skull 5
[23/09/2011 00:32:38] /i duprt sol
[23/09/2011 00:32:45] /i super aol
[23/09/2011 00:54:30] /a
[23/09/2011 01:00:36] /t
[23/09/2011 01:00:49] /a 2
[23/09/2011 01:00:59] /i 2160
[23/09/2011 19:21:34] /i ultimate health potion
[23/09/2011 19:38:29] /a 2
[23/09/2011 19:44:06] /a 2
[23/09/2011 19:44:12] /t
[23/09/2011 20:00:46] /t
[19/10/2011 11:42:43] /i baiakzik staff
[19/10/2011 11:42:47] /i baiakzik sword
[19/10/2011 11:42:57] /i 7224
[19/10/2011 11:43:01] /i 7424
[19/10/2011 11:44:52] /r
[19/10/2011 11:44:54] /a
[19/10/2011 11:45:15] /i baiakzik helmet
[19/10/2011 11:45:18] /i baiakzik armor
[19/10/2011 11:45:23] /i baiakzik legs
[19/10/2011 11:45:29] /i baiakzik shield
[19/10/2011 11:45:51] /i baiakzik sword
[19/10/2011 11:45:53] /i baiakzik sword
[19/10/2011 11:45:57] /i baiakzik axe
[19/10/2011 11:45:59] /i baiakzik club
[19/10/2011 11:46:05] /i jester doll
[19/10/2011 11:46:06] /i jester doll
[19/10/2011 11:46:55] /reload ite
[19/10/2011 11:46:56] /reload item
[19/10/2011 11:53:38] /reload globalevents
[19/10/2011 11:53:40] /t
[19/10/2011 11:54:24] /t
[19/10/2011 11:54:25] /reload globalevents
[19/10/2011 11:56:10] /reload globalevents
[19/10/2011 11:56:42] /a
[19/10/2011 11:58:01] /a
[19/10/2011 11:58:53] /reload npc
[19/10/2011 11:58:58] /n baiakzik seller
[19/10/2011 11:59:01] /r
[19/10/2011 11:59:23] /newtype 150
[19/10/2011 11:59:31] /newtype 134
[19/10/2011 11:59:43] /newtype 134
[19/10/2011 11:59:44] /newtype 134
[19/10/2011 11:59:59] /reload actions
[19/10/2011 12:00:08] /reload talkactions
[19/10/2011 12:01:49] /reload npc
[19/10/2011 12:01:53] /n baiakzik seller
[19/10/2011 12:01:56] /r
[19/10/2011 12:02:38] /reload npc
[19/10/2011 12:02:46] /n vendedor de itens
[19/10/2011 12:02:50] /n baiakzik seller
[19/10/2011 12:03:01] /r
[19/10/2011 12:03:35] /reload npc
[19/10/2011 12:03:38] /n baiakzik seller
[19/10/2011 12:03:40] /r
[19/10/2011 12:04:52] /a
[19/10/2011 12:06:09] /i baiakzik star
[19/10/2011 12:09:58] /reload npc
[19/10/2011 12:10:01] /a
[19/10/2011 12:10:02] /a
[19/10/2011 12:10:14] /c baiakzik seller
[19/10/2011 12:10:15] /a
[19/10/2011 12:10:16] /c baiakzik seller
[19/10/2011 12:10:20] /a
[19/10/2011 12:10:23] /n baiakzik seller
[19/10/2011 12:10:24] /a
[19/10/2011 12:10:25] /n baiakzik seller
[19/10/2011 12:10:33] /ghost
[19/10/2011 12:17:04] /a
[19/10/2011 12:17:13] /i baiakzik helmet
[19/10/2011 12:17:16] /i baiakzik helmet
[19/10/2011 12:17:19] /i baiakzik armor
[19/10/2011 12:17:23] /i baiakzik legs
[19/10/2011 12:18:39] /i Lightning Boots
[19/10/2011 12:18:40] /i Lightning Boots
[19/10/2011 12:18:47] /i baiakzik shield
[19/10/2011 12:18:51] /i baiakzik staff
[19/10/2011 12:18:56] /i baiakzik axe
[19/10/2011 12:18:58] /i baiakzik sword
[19/10/2011 12:19:03] /i baiakzik club
[19/10/2011 12:19:07] /i jester doll
[19/10/2011 12:19:12] /i addon doll
[19/10/2011 12:19:20] /i 9693
[19/10/2011 12:20:13] /i backpack of holding
[19/10/2011 12:20:18] /i Addon Doll
[19/10/2011 12:20:25] /i 9693
[19/10/2011 12:28:20] /i backpack
[19/10/2011 12:29:15] /reload talkactions
[19/10/2011 12:29:17] /i 2160
[19/10/2011 12:32:09] /reload talkactions
[19/10/2011 12:32:41] /a
[19/10/2011 12:32:45] /a 10
[19/10/2011 12:32:45] /a 10
[19/10/2011 12:32:46] /a 10
[19/10/2011 12:32:47] /a 10
[19/10/2011 12:32:50] /a 2
[19/10/2011 12:33:16] /reload talkactions
[19/10/2011 12:33:52] /reload talkactions
[19/10/2011 12:37:03] /reload talkactions
[19/10/2011 12:43:04] /reload globalevents
[19/10/2011 12:45:06] /reload globalevents
[19/10/2011 12:45:25] /reload globalevents
[19/10/2011 12:45:55] /reload globalevents
[19/10/2011 12:46:16] /reload globalevents
[19/10/2011 12:46:40] /reload globalevents
[19/10/2011 12:47:20] /reload globalevents
[19/10/2011 12:47:57] /reload globalevents
[19/10/2011 12:48:14] /reload globalevents
[19/10/2011 12:48:58] /reload globalevents
[19/10/2011 12:49:09] /reload globalevents
[19/10/2011 12:49:19] /reload globalevents
[19/10/2011 12:49:32] /reload globalevents
[19/10/2011 12:49:42] /reload globalevents
[19/10/2011 12:50:17] /reload globalevents
[19/10/2011 12:50:29] /reload globalevents
[19/10/2011 12:50:44] /reload globalevents
[19/10/2011 12:51:08] /reload globalevents
[19/10/2011 12:51:57] /reload globalevents
[19/10/2011 12:52:34] /reload globalevents
[19/10/2011 12:52:46] /reload globalevents
[19/10/2011 12:53:13] /reload globalevents
[19/10/2011 12:53:27] /reload globalevents
[19/10/2011 12:53:44] /reload globalevents
[19/10/2011 12:53:55] /reload globalevents
[19/10/2011 12:54:07] /reload globalevents
[19/10/2011 12:54:24] /reload globalevents
[19/10/2011 12:54:58] /reload globalevents
[19/10/2011 12:55:15] /reload globalevents
[19/10/2011 12:55:39] /reload globalevents
[19/10/2011 12:55:51] /reload globalevents
[19/10/2011 12:56:02] /reload globalevents
[19/10/2011 12:56:20] /reload globalevents
[19/10/2011 12:56:29] /reload globalevents
[19/10/2011 12:56:43] /reload globalevents
[19/10/2011 12:56:55] /reload globalevents
[19/10/2011 12:57:24] /reload globalevents
[19/10/2011 12:57:51] /reload globalevents
[19/10/2011 12:58:11] /reload globalevents
[19/10/2011 12:58:39] /reload globalevents
[19/10/2011 12:58:49] /reload globalevents
[19/10/2011 12:59:16] /reload globalevents
[19/10/2011 12:59:34] /reload globalevents
[19/10/2011 12:59:55] /reload globalevents
[19/10/2011 13:00:05] /reload globalevents
[19/10/2011 13:00:34] /reload globalevents
[19/10/2011 13:01:07] /reload globalevents
[19/10/2011 13:02:42] /reload globalevents
[19/10/2011 13:02:54] /reload globalevents
[19/10/2011 13:03:02] /reload globalevents
[19/10/2011 13:03:23] /reload globalevents
[19/10/2011 13:03:32] /t
[19/10/2011 13:03:36] /a 2
[19/10/2011 13:03:37] /t
[19/10/2011 13:07:33] /reload globalevents
[19/10/2011 13:07:57] /reload globalevents
[19/10/2011 13:09:30] /reload globalevents
[19/10/2011 13:10:42] /reload globalevents
[19/10/2011 13:11:43] /reload globalevents
[19/10/2011 13:13:54] /reload globalevents
[19/10/2011 13:14:16] /reload globalevents
[19/10/2011 13:14:45] /reload globalevents
[19/10/2011 13:15:02] /reload globalevents
