[23/07/2016 17:17:50] /t
[23/07/2016 17:17:52] /ghost
[23/07/2016 17:17:55] /goto pally red
[23/07/2016 17:17:57] /t
[23/07/2016 17:18:02] /bc .. DUVIDAS HELP
[23/07/2016 17:18:32] /bc .. Duvidas ~~ HELP ~~
[23/07/2016 17:19:59] /goto druid zikka
[23/07/2016 17:20:14] /god 2160
[23/07/2016 17:20:23] /t
[23/07/2016 17:25:31] /ghost
[23/07/2016 17:25:33] /ghost
[23/07/2016 17:26:10] /goto pally red
[23/07/2016 17:26:30] /c gm ciroc
[23/07/2016 17:26:32] /a 5
[23/07/2016 17:26:54] /ghost
[23/07/2016 17:26:55] /ghost
[23/07/2016 17:26:57] /a 5
[23/07/2016 17:27:04] /bc .. evento bugado
[23/07/2016 17:28:03] /t
[23/07/2016 17:28:06] /ghost
[23/07/2016 17:28:18] /t
[23/07/2016 17:28:26] /ghost
[23/07/2016 17:31:02] /god 1387
[23/07/2016 17:31:06] /attr position 155 52 7
[23/07/2016 17:31:23] /r
[23/07/2016 17:32:54] /r
[23/07/2016 17:33:01] /god backpack
[23/07/2016 17:33:20] /god 10569
[23/07/2016 17:33:29] /god 11349
[23/07/2016 17:33:35] /god 2644
[23/07/2016 17:33:47] /god 11298
[23/07/2016 17:33:50] /god 11350
[23/07/2016 17:33:53] /god 12617
[23/07/2016 17:34:20] /i
[23/07/2016 17:34:25] /i 2537
[23/07/2016 17:34:27] /i 8983
[23/07/2016 17:34:31] /i 5907
[23/07/2016 17:34:34] /i 8980
[23/07/2016 17:34:37] /i 10943
[23/07/2016 17:34:42] /i 12279
[23/07/2016 17:34:48] /i 12574
[23/07/2016 17:35:13] /ghost
[23/07/2016 17:35:28] /a 2
[23/07/2016 17:36:12] /t
[23/07/2016 17:36:26] /r
[23/07/2016 17:36:44] /b EVENTO TEMPLO
[23/07/2016 17:36:45] /b EVENTO TEMPLO
[23/07/2016 17:36:45] /b EVENTO TEMPLO
[23/07/2016 17:36:45] /b EVENTO TEMPLO
[23/07/2016 17:36:46] /b EVENTO TEMPLO
[23/07/2016 17:36:54] /a 5
[23/07/2016 17:36:58] /b SEM MC
[23/07/2016 17:36:59] /a 2
[23/07/2016 17:37:02] /i 407
[23/07/2016 17:37:02] /a
[23/07/2016 17:37:03] /i 407
[23/07/2016 17:37:06] /a
[23/07/2016 17:37:06] /i 407
[23/07/2016 17:37:07] /a
[23/07/2016 17:37:08] /i 407
[23/07/2016 17:37:10] /a
[23/07/2016 17:37:10] /i 407
[23/07/2016 17:37:11] /a
[23/07/2016 17:37:12] /i 407
[23/07/2016 17:37:13] /a
[23/07/2016 17:37:13] /i 407
[23/07/2016 17:37:14] /a
[23/07/2016 17:37:14] /i 407
[23/07/2016 17:37:15] /a 2
[23/07/2016 17:37:16] /mc
[23/07/2016 17:37:30] /a
[23/07/2016 17:37:49] /b EVENTO TEMPLO
[23/07/2016 17:37:49] /b EVENTO TEMPLO
[23/07/2016 17:37:49] /b EVENTO TEMPLO
[23/07/2016 17:37:49] /b EVENTO TEMPLO
[23/07/2016 17:37:50] /b EVENTO TEMPLO
[23/07/2016 17:37:50] /b EVENTO TEMPLO
[23/07/2016 17:37:53] /i dice
[23/07/2016 17:39:03] /goto zkm on
[23/07/2016 17:39:09] /a
[23/07/2016 17:39:12] /a 5
[23/07/2016 17:39:13] /a 5
[23/07/2016 17:39:21] /i dice
[23/07/2016 17:41:00] /a 5
[23/07/2016 17:41:02] /a 5
[23/07/2016 17:41:24] /a 5
[23/07/2016 17:41:26] /a 5
[23/07/2016 17:41:59] /t kina lima
[23/07/2016 17:43:19] /a 2
[23/07/2016 17:43:29] /c gm ciroc
[23/07/2016 17:43:32] /a
[23/07/2016 17:43:56] /a
[23/07/2016 17:43:57] /a
[23/07/2016 17:44:18] /b PESSOAL DAQUI 1H EU VOLTO FUIZ
[23/07/2016 17:44:18] /b PESSOAL DAQUI 1H EU VOLTO FUIZ
[23/07/2016 17:44:18] /b PESSOAL DAQUI 1H EU VOLTO FUIZ
[23/07/2016 17:44:19] /b PESSOAL DAQUI 1H EU VOLTO FUIZ
[23/07/2016 17:44:19] /b PESSOAL DAQUI 1H EU VOLTO FUIZ
[23/07/2016 17:44:30] /b PESSOAL DAQUI 1H EU VOLTO FUIZ
[23/07/2016 18:17:29] /b PALLY RED TA VENDENDO ULTIMATE AREA 3KKK
[23/07/2016 18:17:30] /b PALLY RED TA VENDENDO ULTIMATE AREA 3KKK
[23/07/2016 18:17:30] /b PALLY RED TA VENDENDO ULTIMATE AREA 3KKK
[23/07/2016 18:17:30] /b PALLY RED TA VENDENDO ULTIMATE AREA 3KKK
[23/07/2016 18:17:31] /b PALLY RED TA VENDENDO ULTIMATE AREA 3KKK
[23/07/2016 18:17:35] /ghost
[23/07/2016 18:17:36] /b PALLY RED TA VENDENDO ULTIMATE AREA 3KKK
[23/07/2016 18:38:46] /a 2
[23/07/2016 18:39:04] /i area ultimate
[23/07/2016 18:40:13] /a 2
[23/07/2016 18:40:19] /goto woonder
[23/07/2016 18:41:22] /goto pally red
[23/07/2016 18:41:26] /goto kina lima
[23/07/2016 18:41:30] /goto kina lima
[23/07/2016 18:43:01] /goto kina lima
[23/07/2016 18:43:03] /a 5
[23/07/2016 18:43:11] /t
[23/07/2016 18:44:26] /goto kina lima
[23/07/2016 18:44:30] /a 5
[23/07/2016 18:46:03] /a 5
[23/07/2016 18:49:54] /goto kina lima
[23/07/2016 18:50:45] /goto fox umbiguinho
[23/07/2016 18:50:52] /a 5
[23/07/2016 18:50:55] /a 5
[23/07/2016 18:50:56] /a 5
[23/07/2016 18:50:57] /a 5
[23/07/2016 18:50:58] /a 5
[23/07/2016 18:51:05] /a 5
[23/07/2016 18:51:08] /a 5
[23/07/2016 18:51:11] /up
[23/07/2016 18:51:14] /ghost
[24/07/2016 12:55:47] /ghost
[24/07/2016 12:55:48] /t
[24/07/2016 12:55:51] /mc
[24/07/2016 12:56:06] /goto gm ciroc
[24/07/2016 12:56:11] /ghost
[24/07/2016 12:59:23] /goto gm ciroc
[24/07/2016 12:59:26] /goto gm ciroc
[24/07/2016 12:59:28] /a 2
[24/07/2016 13:00:24] /i 7708
[24/07/2016 13:01:51] /mc
