[30/06/2011 03:34:22] /a
[30/06/2011 03:36:19] /i 7465
[30/06/2011 03:36:29] /i mammoth fur cape
[30/06/2011 03:36:43] /i mammoth fur shorts
[30/06/2011 03:37:02] /i fur cape
[30/06/2011 03:37:09] /i fur cap
[30/06/2011 03:37:19] /i fur boots
[30/06/2011 03:37:34] /i furry club
[30/06/2011 03:37:41] /r
[30/06/2011 03:38:49] /i norse shield
[30/06/2011 03:40:10] /i pharaoh sword
[30/06/2011 03:40:53] /i iron hammer
[30/06/2011 03:41:06] /i silver mace
[30/06/2011 03:41:57] /i hammer of wrath
[30/06/2011 03:42:01] /r
[30/06/2011 03:42:41] /i modifield crossbow
[30/06/2011 03:42:57] /i modified crossbow
[30/06/2011 03:43:30] /i sniper arrow
[30/06/2011 03:44:02] /i throwing star
[30/06/2011 03:44:36] /i scarab amulet
[30/06/2011 03:45:07] /i backpack
[30/06/2011 03:46:13] /clean
[30/06/2011 03:46:42] /a 20
[30/06/2011 03:46:45] /a 20
[30/06/2011 03:46:45] /a 20
[30/06/2011 03:46:46] /a 20
[30/06/2011 03:46:50] /a 5
[30/06/2011 03:46:50] /a 5
[30/06/2011 03:46:58] /a 3
[30/06/2011 03:47:03] /a 4
[30/06/2011 03:47:14] /up
[30/06/2011 03:47:17] /a
[30/06/2011 03:47:24] /a 20
[30/06/2011 03:47:25] /a 20
[30/06/2011 03:47:26] /a 20
[30/06/2011 03:47:38] /i updade seller
[30/06/2011 03:47:44] /n updade seller
[30/06/2011 04:02:40] /i hammer of wrath
[30/06/2011 04:03:09] /i twin axe
[30/06/2011 04:06:27] /t
[30/06/2011 04:06:33] /i demon
[30/06/2011 04:06:36] /m demon
[30/06/2011 04:08:02] /m training monk
[30/06/2011 04:08:07] /r
[30/06/2011 04:08:22] /r
[30/06/2011 04:08:35] /ghost
[30/06/2011 04:08:41] /ghost
[30/06/2011 04:11:33] /n updade seller
[30/06/2011 04:13:10] /r
[30/06/2011 04:13:47] /a 25
[30/06/2011 04:13:50] /a 5
[30/06/2011 04:13:54] /a 25
[30/06/2011 04:13:57] /a 10
[30/06/2011 04:13:59] /a 10
[30/06/2011 04:14:03] /a 10
[30/06/2011 04:14:10] /a 10
[30/06/2011 04:14:12] /a 10
[30/06/2011 04:14:13] /a 10
[30/06/2011 04:14:16] /up
[30/06/2011 04:14:21] /a
[30/06/2011 04:14:26] /a 45
[30/06/2011 04:14:31] /a 10
[30/06/2011 04:14:36] /a 10
[30/06/2011 04:16:06] /reload itens
[30/06/2011 04:16:10] /reload item
[30/06/2011 04:17:46] /t
[30/06/2011 04:18:28] /m dmeon
[30/06/2011 04:18:35] /m demon
[30/06/2011 04:19:59] /addskill [GOD] Bryaan,level,500
[30/06/2011 04:21:07] /addskill [GOD] Bryaan,distance,500
[30/06/2011 04:22:19] /addskill noia,level,999
[30/06/2011 04:22:28] /addskill noia,distance,999
[30/06/2011 04:23:54] /m training monk
[30/06/2011 04:24:54] /attr vocation 1
[30/06/2011 04:24:57] /attr vocation 2
[30/06/2011 04:25:00] /attr vocation 3
[30/06/2011 04:25:04] /attr vocation 4
[30/06/2011 17:00:26] /t
[30/06/2011 17:00:33] /m training monk
[30/06/2011 17:01:36] /addskill noia,level,500
[30/06/2011 17:01:46] /attr vocation 4
[30/06/2011 17:02:51] /i skull staff
[30/06/2011 17:05:35] /i 12609
[30/06/2011 17:06:43] /i anber staff
[30/06/2011 17:06:59] /i amber staff
[30/06/2011 17:07:51] /i blessed sceptro
[30/06/2011 17:07:59] /i blessed sceptre
[30/06/2011 17:12:57] /attr vocation 1
[30/06/2011 17:21:48] /addskill noia,level,500
[30/06/2011 17:21:49] /t
[30/06/2011 17:22:01] /m training monk
[30/06/2011 17:24:50] /i master vip rod
[30/06/2011 17:24:54] /i master vip wand
[30/06/2011 17:25:12] /attr vocation 2
[30/06/2011 17:26:13] /attr vocation 6
[30/06/2011 17:26:21] /attr vocation 1
[30/06/2011 17:26:31] /attr vocation 5
[30/06/2011 17:27:04] /i crossbow
[30/06/2011 17:27:18] /attr vocation 1
[30/06/2011 17:27:23] /attr vocation 2
[30/06/2011 17:27:27] /attr vocation 3
[30/06/2011 17:30:20] /i 2352
[30/06/2011 17:34:30] /i arrows
[30/06/2011 17:34:33] /i arrow
[30/06/2011 17:37:56] /i  Piercing Bolt
[30/06/2011 17:40:38] /t
[30/06/2011 17:40:53] /addskill noia,level,500
[30/06/2011 17:40:58] /m training monk
[30/06/2011 17:42:39] /addskill noia,distance,100
[30/06/2011 17:46:33] /m demon
[30/06/2011 17:47:07] /m dark abominator
[30/06/2011 17:48:06] /i 2160
[30/06/2011 17:49:42] /m training monk
[30/06/2011 17:49:51] /r
[30/06/2011 17:56:34] /i 2399
[30/06/2011 18:02:09] /reload monster
[30/06/2011 18:02:13] /r
[30/06/2011 18:02:15] /r
[30/06/2011 18:02:19] /m training monk
[30/06/2011 18:02:27] /m trainer vip
[30/06/2011 18:07:19] /t
[30/06/2011 18:07:48] /m training monk
[30/06/2011 18:08:18] /m saco de pancada
[30/06/2011 18:08:28] /m training vip
[30/06/2011 18:12:14] /goto noia
[30/06/2011 18:12:39] /i Holy Missile Rune
[30/06/2011 18:13:00] /addskill noia,magic,20
[01/07/2011 17:56:26] /t
[01/07/2011 17:56:30] /i chest
[01/07/2011 17:56:57] /attr actionid 1604
[01/07/2011 17:57:09] /attr uniqueid 1604
[01/07/2011 17:57:23] /i chest
[01/07/2011 17:57:39] /attr actionid 1606
[01/07/2011 17:57:45] /attr uniqueid 1606
[01/07/2011 17:57:56] /r
[01/07/2011 17:58:01] /r
[01/07/2011 17:58:12] /i chest
[01/07/2011 17:58:25] /attr actionid 7771
[01/07/2011 17:58:33] /attr uniqueid 7771
[01/07/2011 17:58:53] /m demon
[01/07/2011 18:01:48] /a
[01/07/2011 18:01:52] /a
[01/07/2011 18:01:57] /a
[01/07/2011 18:02:00] /a
[01/07/2011 18:03:32] /r
[01/07/2011 18:06:58] /a
[01/07/2011 18:09:59] /m exp bug
[01/07/2011 18:10:27] /m Bugzin
[01/07/2011 18:10:29] /m Bugzin
[01/07/2011 18:10:29] /m Bugzin
[01/07/2011 18:10:30] /m Bugzin
[01/07/2011 18:12:32] /attr vocation 1
[01/07/2011 18:12:45] /i master vip wand
[01/07/2011 18:13:38] /attr vocation 3
[01/07/2011 18:13:39] /attr vocation 
[01/07/2011 18:13:46] /attr vocation 4
[01/07/2011 18:14:06] /m bugzin
[01/07/2011 18:14:07] /m bugzin
[01/07/2011 18:14:07] /m bugzin
[01/07/2011 18:14:07] /m bugzin
[01/07/2011 18:14:08] /m bugzin
[01/07/2011 18:14:11] /m bugzin
[01/07/2011 18:14:12] /m bugzin
[01/07/2011 18:14:12] /m bugzin
[01/07/2011 18:14:13] /m bugzin
[01/07/2011 18:14:13] /m bugzin
[01/07/2011 18:14:13] /m bugzin
[01/07/2011 18:14:14] /m bugzin
[01/07/2011 18:14:14] /m bugzin
[01/07/2011 18:14:15] /m bugzin
[01/07/2011 18:14:15] /m bugzin
[01/07/2011 18:14:16] /m bugzin
[01/07/2011 18:14:16] /m bugzin
[01/07/2011 18:14:16] /m bugzin
[01/07/2011 18:14:17] /m bugzin
[01/07/2011 18:14:17] /m bugzin
[01/07/2011 18:14:17] /m bugzin
[01/07/2011 18:14:18] /m bugzin
[01/07/2011 18:14:18] /m bugzin
[01/07/2011 18:14:19] /m bugzin
[01/07/2011 18:23:21] /addskill [GOD] Bryaan,level,9999999999999
[01/07/2011 18:23:52] /r
[01/07/2011 18:23:54] /r
[01/07/2011 18:23:55] /r
[01/07/2011 18:23:57] /r
[01/07/2011 18:23:58] /r
[01/07/2011 18:25:45] /a
[01/07/2011 18:25:49] /a
[01/07/2011 18:26:51] /a 20
[01/07/2011 18:26:52] /a 20
[01/07/2011 18:26:53] /a 20
[01/07/2011 18:26:53] /a 20
[01/07/2011 18:26:55] /a 20
[01/07/2011 18:26:56] /a 20
[01/07/2011 18:26:57] /a 20
[01/07/2011 18:27:13] /a 20
[01/07/2011 18:27:14] /a 20
[01/07/2011 18:27:15] /a 20
[01/07/2011 18:27:16] /a 20
[01/07/2011 18:31:22] /m infernatil
[01/07/2011 18:32:16] /i master vip sword
[01/07/2011 18:32:42] /r
[01/07/2011 18:32:43] /r
[01/07/2011 18:32:45] /r
[01/07/2011 18:36:51] /r all
[01/07/2011 18:36:53] /r all
[01/07/2011 18:36:54] /r all
[01/07/2011 18:36:55] /r all
[01/07/2011 18:36:56] /r all
[01/07/2011 18:36:58] /r all
[01/07/2011 18:36:59] /r all
[01/07/2011 18:37:02] /r all
[01/07/2011 18:37:03] /r all
[01/07/2011 18:37:04] /r all
[01/07/2011 18:37:05] /r all
[01/07/2011 18:37:06] /r all
[01/07/2011 18:37:07] /r all
[01/07/2011 18:37:07] /r all
[01/07/2011 18:37:08] /r all
[01/07/2011 18:37:09] /r all
[01/07/2011 18:37:10] /r all
[01/07/2011 18:37:11] /r all
[01/07/2011 18:37:13] /r all
[01/07/2011 18:37:14] /r all
[01/07/2011 18:37:16] /r all
[01/07/2011 18:37:17] /r all
[01/07/2011 18:37:18] /r all
[01/07/2011 18:37:19] /r all
[01/07/2011 18:37:20] /r all
[01/07/2011 18:37:21] /r all
[01/07/2011 18:37:22] /r all
[01/07/2011 18:37:24] /r all
[01/07/2011 18:37:26] /r all
[01/07/2011 18:37:30] /clean
[02/07/2011 02:46:17] /i 460
[02/07/2011 02:46:18] /i 460
[02/07/2011 02:46:20] /i 460
[02/07/2011 02:46:21] /i 460
[02/07/2011 02:46:22] /i 460
[02/07/2011 02:46:24] /i 460
[02/07/2011 02:46:25] /i 460
[02/07/2011 02:46:26] /i 460
[02/07/2011 02:46:27] /i 460
[02/07/2011 02:46:28] /i 460
[02/07/2011 02:46:29] /i 460
[02/07/2011 02:46:31] /i 460
[02/07/2011 02:46:33] /i 460
[02/07/2011 02:46:34] /i 460
[02/07/2011 02:46:35] /i 460
[02/07/2011 02:46:36] /i 460
[02/07/2011 02:46:38] /i 460
[02/07/2011 02:46:39] /r
[02/07/2011 02:46:41] /r
[02/07/2011 02:46:43] /i 460
[02/07/2011 02:46:47] /r
[02/07/2011 02:46:51] /i 1387
[02/07/2011 02:47:02] /attr set position 160 54 7
[02/07/2011 15:22:50] /a
[02/07/2011 15:22:54] /r
[02/07/2011 15:23:49] /i master vip sword
[02/07/2011 15:23:56] /i master vip club
[02/07/2011 15:24:18] /i master vip axe
[02/07/2011 15:24:22] /i master vip rod
[02/07/2011 15:24:26] /i master vip wand
[02/07/2011 15:26:38] /reload monter
[02/07/2011 15:26:41] /reload monters
[02/07/2011 15:26:47] /reload monster
[02/07/2011 15:26:50] /r
[02/07/2011 15:32:58] /i reload action
[02/07/2011 15:33:02] /i reload actions
[02/07/2011 15:33:08] /reload actions
[02/07/2011 15:33:17] /i chest
[02/07/2011 15:33:40] /attr uniqueid 1516
[02/07/2011 15:33:48] /attr actionid 1516
[02/07/2011 15:33:52] /i chest
[02/07/2011 15:33:56] /i chest
[02/07/2011 15:33:57] /i chest
[02/07/2011 15:33:58] /i chest
[02/07/2011 15:34:07] /attr actionid 1517
[02/07/2011 15:34:12] /attr uniqueid 1517
[02/07/2011 15:34:17] /attr uniqueid 1518
[02/07/2011 15:34:23] /attr uniqueid 1518
[02/07/2011 15:34:33] /attr uniqueid 1519
[02/07/2011 15:34:39] /attr actionid 1518
[02/07/2011 15:34:50] /attr actionid 1519
[02/07/2011 15:35:20] /r
[02/07/2011 15:35:21] /r
[02/07/2011 15:35:22] /r
[02/07/2011 15:35:25] /r
[02/07/2011 15:38:31] /reload actions
[02/07/2011 15:39:25] /reload actions
[02/07/2011 15:42:48] /i 7755
[02/07/2011 15:43:04] /i 7735
[02/07/2011 15:43:54] /a
[02/07/2011 15:43:59] /a
[02/07/2011 15:44:01] /r
[02/07/2011 15:44:03] /r
[02/07/2011 15:44:16] /a 2
[02/07/2011 15:49:10] /i 5802
[02/07/2011 15:49:34] /i 5810
[02/07/2011 15:49:48] /r
[02/07/2011 15:50:35] /i jester doll
[02/07/2011 15:55:27] /i 11191
[02/07/2011 15:56:45] /reload actions
[02/07/2011 15:57:59] /reload actions
[02/07/2011 16:10:11] /newtype v
[02/07/2011 16:10:14] /newtype 342
[02/07/2011 16:10:28] /newtype 1
[02/07/2011 16:10:32] /newtype 2
[02/07/2011 16:10:34] /newtype 3
[02/07/2011 16:10:36] /newtype 4
[02/07/2011 16:13:28] /a 20
[02/07/2011 16:13:31] /a 20
[02/07/2011 16:13:32] /a 20
[02/07/2011 16:13:42] /a 2
[02/07/2011 16:13:50] /up
[02/07/2011 16:13:55] /a 
[02/07/2011 16:14:00] /a 40
[02/07/2011 16:14:02] /a 40
[02/07/2011 16:14:04] /a 5
[02/07/2011 16:14:11] /a 5~
[02/07/2011 16:14:11] /a 5~
[02/07/2011 16:14:13] /a 5
[02/07/2011 16:14:52] /c noia
[02/07/2011 16:15:13] /i 2178
[02/07/2011 16:15:24] /attr uniqueid 7
[02/07/2011 16:15:31] /t
[02/07/2011 16:15:36] /a 50
[02/07/2011 16:15:37] /a 50
[02/07/2011 16:15:38] /a 50
[02/07/2011 16:15:41] /a 50
[02/07/2011 16:15:43] /a 20
[02/07/2011 16:15:44] /a 20
[02/07/2011 16:15:46] /a 20
[02/07/2011 16:15:54] /a /a
[02/07/2011 16:15:57] /a 50
[02/07/2011 16:15:58] /a 50
[02/07/2011 16:15:59] /a 50
[02/07/2011 16:16:00] /a 50
[02/07/2011 16:16:24] /a 50
[02/07/2011 16:16:26] /a 50
[02/07/2011 16:16:27] /a 50
[02/07/2011 16:16:27] /a 50
[02/07/2011 16:16:28] /a 50
[02/07/2011 16:16:29] /a 50
[02/07/2011 16:17:04] /goto Account Manager
[02/07/2011 17:00:44] /c noia
[02/07/2011 18:20:00] /newtype 4
[02/07/2011 18:20:03] /newtype 221
[02/07/2011 18:20:07] /newtype 221
[02/07/2011 18:20:07] /newtype 222
[02/07/2011 18:20:09] /newtype 223
[02/07/2011 18:20:11] /newtype 224
[02/07/2011 18:20:14] /newtype 223
[02/07/2011 18:23:35] /reload actions
[02/07/2011 18:23:44] /i 2322
[02/07/2011 18:24:39] /i 9693
[02/07/2011 18:24:59] /reload actions
[02/07/2011 18:25:04] /i 9693
[02/07/2011 18:27:17] /up
[02/07/2011 18:28:20] /i 2281
[02/07/2011 18:28:55] /m demon
[02/07/2011 18:29:04] /m training monk
[02/07/2011 18:55:09] /attr vocation 6
[02/07/2011 18:55:45] /attr uniqueid 106
[02/07/2011 18:56:31] /i 1228
[02/07/2011 18:56:52] /i 1230
[02/07/2011 18:57:20] /i 10279
[02/07/2011 18:57:47] /i 10281
[02/07/2011 18:58:06] /i 10794
[02/07/2011 18:58:10] /a
[02/07/2011 18:58:17] /i 10795
[02/07/2011 18:58:21] /i 10796
[02/07/2011 18:58:23] /i 10797
[02/07/2011 18:58:27] /r
[02/07/2011 18:58:28] /r
[02/07/2011 18:58:29] /r
[02/07/2011 18:58:32] /r
[02/07/2011 18:58:39] /i 3541
[02/07/2011 18:58:50] /i 10785
[02/07/2011 18:59:13] /i 1740
[02/07/2011 18:59:36] /i 1786
[02/07/2011 19:00:00] /i 9178
[02/07/2011 19:00:17] /attr actionid 106
[02/07/2011 19:00:46] /i 6899
[02/07/2011 19:00:59] /i 7050
[02/07/2011 19:03:08] /i 416
[02/07/2011 19:03:22] /i 10552
[02/07/2011 19:03:48] /i 1510
[02/07/2011 19:04:00] /i 1387
[02/07/2011 19:04:05] /r
[02/07/2011 19:05:27] /reload movements
[02/07/2011 19:05:41] /i 3215
[02/07/2011 19:06:21] /reload movements
[04/07/2011 23:40:18] /i 12
[04/07/2011 23:40:23] /newtype 12
[04/07/2011 23:40:25] /newtype 11
[04/07/2011 23:40:27] /newtype 13
[04/07/2011 23:40:28] /newtype 14
[04/07/2011 23:40:30] /newtype 12
[04/07/2011 23:47:20] /reload monster
[04/07/2011 23:47:26] /m druid
[04/07/2011 23:48:03] /reload monter
[04/07/2011 23:48:06] /reload monters
[04/07/2011 23:48:10] /reload monster
[04/07/2011 23:48:13] /m druid
[04/07/2011 23:48:15] /m druid
[04/07/2011 23:49:00] /reload monster
[04/07/2011 23:49:04] /m druid
[04/07/2011 23:52:04] /reload monster
[04/07/2011 23:52:08] /m druid
[04/07/2011 23:52:12] /m master druid
[04/07/2011 23:53:54] /m fada
[04/07/2011 23:58:29] /reload monster
[04/07/2011 23:58:36] /m master druid
[04/07/2011 23:58:49] /a
[04/07/2011 23:58:53] /r
[04/07/2011 23:58:58] /m master druid
[04/07/2011 23:59:35] /r
[04/07/2011 23:59:49] /m master druid
[05/07/2011 00:03:43] /reload monster
[05/07/2011 00:03:51] /m master druid
[05/07/2011 00:04:47] /reload monster
[05/07/2011 00:04:51] /m master druid
[05/07/2011 00:04:56] /m master druid
[05/07/2011 00:06:15] /reload monster
[05/07/2011 00:06:18] /m master druid
[05/07/2011 00:07:26] /reload monster
[05/07/2011 00:07:31] /m master druid
[05/07/2011 00:07:45] /reload creaturescript
[05/07/2011 00:07:49] /m master druid
[05/07/2011 00:08:28] /r
[05/07/2011 00:08:31] /m master druid
[05/07/2011 00:09:40] /m master druid
[05/07/2011 00:10:14] /a 5
[05/07/2011 01:17:42] /m master vip
[05/07/2011 01:17:54] /t
[05/07/2011 01:36:34] /t
[05/07/2011 01:36:45] /i 3169
[05/07/2011 01:36:53] /attr position 160 54 7
[05/07/2011 01:36:59] /attr set position 160 54 7
[05/07/2011 01:37:09] /i 1387
[05/07/2011 01:37:13] /attr set position 160 54 7
[05/07/2011 01:37:16] /attr position 160 54 7
[05/07/2011 01:37:21] /attr position 160 54 7
[05/07/2011 01:38:14] /reload movement
[05/07/2011 01:38:22] /attr position 160 54 7
[05/07/2011 01:39:56] /i 5115
[05/07/2011 01:40:08] /i 10794
[05/07/2011 01:40:18] /i 10792
[05/07/2011 01:40:27] /i 10785
[05/07/2011 01:40:40] /i 10281
[05/07/2011 01:41:11] /i 10280
[05/07/2011 01:41:27] /i 10279
[05/07/2011 01:52:53] /attr actionid102
[05/07/2011 01:53:02] /attr actionid 102
[05/07/2011 01:56:42] /a
[05/07/2011 02:02:29] /t
[05/07/2011 03:18:29] /i 11257
[05/07/2011 03:18:43] /i 11238
[05/07/2011 03:19:00] /i 11237
[05/07/2011 03:19:14] /i 11235
[05/07/2011 03:19:22] /i 11115
[05/07/2011 03:19:48] /i 11116
[05/07/2011 03:19:50] /r
[05/07/2011 03:23:30] /i master vip sword
[05/07/2011 03:23:34] /i master vip club
[05/07/2011 03:23:38] /i master vip axe
[05/07/2011 03:23:41] /i master vip ro
[05/07/2011 03:23:44] /i master vip rod
[05/07/2011 03:23:47] /i master vip wand
[05/07/2011 03:37:47] /town 2
[05/07/2011 03:37:49] /town 3
[05/07/2011 03:37:51] /town 4
[05/07/2011 03:37:52] /town 5
[05/07/2011 03:37:54] /town 6
[05/07/2011 03:37:56] /town 7
[05/07/2011 03:37:57] /town 8
[05/07/2011 03:37:59] /town 1
[05/07/2011 03:38:00] /town 2
[05/07/2011 03:42:01] /m wolf
[05/07/2011 03:48:06] /m wollf
[05/07/2011 03:48:09] /m wollf
[05/07/2011 03:48:44] /reload monster
[05/07/2011 03:48:48] /m wollf
[05/07/2011 03:49:32] /t
[05/07/2011 03:53:36] /reload monster
[05/07/2011 03:53:42] /m wollf
[05/07/2011 03:53:48] /m wollf
[05/07/2011 03:54:23] /m wollf
[05/07/2011 03:55:33] /m wollf
[05/07/2011 03:55:35] /t
[05/07/2011 03:55:38] /r
[05/07/2011 03:55:39] /r
[05/07/2011 03:59:14] /goto ghasty dragon
[05/07/2011 03:59:35] /goto wollf
[05/07/2011 04:02:00] /m wollf
[05/07/2011 04:02:11] /goto ghasty dragon
[05/07/2011 04:02:17] /r
[05/07/2011 04:02:18] /goto ghasty dragon
[05/07/2011 16:48:23] /i 9166
[05/07/2011 16:49:59] /i 9168
[05/07/2011 16:51:50] /t
[05/07/2011 17:03:55] /attr vocation 1
[05/07/2011 17:40:47] /i 10271
[05/07/2011 17:41:00] /i 10272
[05/07/2011 17:52:22] /r
[05/07/2011 17:52:24] /a
[05/07/2011 17:53:15] /r
[05/07/2011 17:53:16] /r
[05/07/2011 17:58:02] /i 9168
[05/07/2011 17:58:10] /i 9169
[05/07/2011 17:58:17] /i 9169
[05/07/2011 17:58:23] /i 9170
[05/07/2011 17:58:34] /i 9167
[05/07/2011 17:59:08] /i 9170
[05/07/2011 17:59:22] /i 9165
[05/07/2011 17:59:41] /i 9168
[05/07/2011 17:59:52] /i 9168
[05/07/2011 18:01:00] /i 9168
[05/07/2011 18:01:14] /attr actionid 102
[05/07/2011 18:01:43] /attr actionid 1
[05/07/2011 18:02:25] /attr actionid 100
[05/07/2011 18:32:23] /i 461
[05/07/2011 18:32:27] /up
[05/07/2011 18:32:33] /up
[05/07/2011 18:32:36] /up
[05/07/2011 18:32:39] /up
[05/07/2011 18:38:45] /t
[05/07/2011 18:38:48] /m fada
[05/07/2011 18:39:05] /attr vocation 7
[05/07/2011 18:39:11] /attr vocation 8
[05/07/2011 18:39:57] /m Arabian
[05/07/2011 18:40:30] /i ultimate health potion
[05/07/2011 18:42:33] /attr vocation 0
[05/07/2011 18:42:43] /i master vip rod
[05/07/2011 18:43:04] /m training monk
[05/07/2011 18:43:35] /attr vocation 1
[05/07/2011 18:43:46] /attr vocation 2
[05/07/2011 18:44:02] /m training monk
[05/07/2011 18:44:13] /m Zoralurk
[05/07/2011 18:44:38] /attr maxhealth 99999
[05/07/2011 18:44:41] /attr maxhealth 9999999999
[05/07/2011 18:44:47] /attr maxmana 9999999999
[05/07/2011 18:44:53] /attr mana 9999999999
[05/07/2011 18:45:01] /attr health 9999999999
[05/07/2011 18:46:22] /m The Fire Elemental
[05/07/2011 18:46:24] /m The Fire Elemental
[05/07/2011 18:46:24] /m The Fire Elemental
[05/07/2011 18:46:29] /ghost
[05/07/2011 18:46:30] /r
[05/07/2011 18:46:32] /m The Fire Elemental
[05/07/2011 18:46:33] /m The Fire Elemental
[05/07/2011 18:46:34] /m The Fire Elemental
[05/07/2011 18:47:26] /m King of Baiak
[05/07/2011 18:47:38] /r
[05/07/2011 18:47:54] /r
[05/07/2011 18:47:59] /r
[05/07/2011 18:48:29] /addskill 
[05/07/2011 18:48:39] /addskill noia,sword,9999
[05/07/2011 18:49:05] /attr vocation 8
[05/07/2011 18:58:20] /a 2
[05/07/2011 19:00:01] /r
[05/07/2011 19:00:03] /r
[05/07/2011 19:00:44] /a 3
[05/07/2011 19:01:30] /a 5
[05/07/2011 19:01:34] /a 6
[05/07/2011 19:03:34] /up
[05/07/2011 19:04:54] /i gate of expertice
[05/07/2011 19:05:07] /i 2127
[05/07/2011 19:05:18] /i 1227
[05/07/2011 19:05:30] /attr actionid 1300
[05/07/2011 19:10:35] /t
[05/07/2011 19:34:28] /i 2322
[05/07/2011 19:34:41] /i jester doll
[05/07/2011 19:42:37] /reload actions
[05/07/2011 19:42:49] /attr actionid 15966
[05/07/2011 19:42:56] /attr uniqueid 15966
[05/07/2011 23:35:09] /c noia
[05/07/2011 23:35:19] /c noia
[05/07/2011 23:35:39] /a
[05/07/2011 23:36:02] /t
[05/07/2011 23:36:10] /attr maxhealth 999999999999999999999999
[05/07/2011 23:36:13] /attr maxhealth 9999999999999999999
[05/07/2011 23:36:14] /attr maxhealth 99999999999999999
[05/07/2011 23:36:22] /attr health 99999999999999999
[05/07/2011 23:36:40] /a
[05/07/2011 23:37:05] /i ultimate health potion
[05/07/2011 23:39:04] /a 2
[05/07/2011 23:39:06] /a 2
[05/07/2011 23:39:07] /a 2
[05/07/2011 23:39:09] /a 2
[05/07/2011 23:39:38] /a
[05/07/2011 23:39:57] /r
[05/07/2011 23:40:25] /a 5
[05/07/2011 23:40:33] /a 6
[05/07/2011 23:40:44] /a 2
[05/07/2011 23:40:51] /a 2
[05/07/2011 23:40:57] /a 3
[05/07/2011 23:41:40] /a 11
[05/07/2011 23:41:48] /goto noia
[05/07/2011 23:42:36] /a 5
[05/07/2011 23:42:42] /a 5
[05/07/2011 23:42:55] /kick Noia
[05/07/2011 23:43:28] /attr maxmana 999999999
[05/07/2011 23:43:36] /attr maxmana 999999999
[05/07/2011 23:43:50] /goto noia
[05/07/2011 23:44:08] /goto noia
[05/07/2011 23:44:31] /goto noia
[05/07/2011 23:44:40] /goto noia
[05/07/2011 23:44:50] /goto noia
[05/07/2011 23:45:00] /goto noia
[05/07/2011 23:45:04] /goto noia
[05/07/2011 23:45:10] /goto noia
[05/07/2011 23:45:16] /goto noia
[05/07/2011 23:45:23] /goto noia
[05/07/2011 23:45:28] /goto noia
[05/07/2011 23:45:33] /goto noia
[05/07/2011 23:45:40] /goto noia
[05/07/2011 23:45:46] /goto noia
[05/07/2011 23:45:55] /goto noia
[05/07/2011 23:47:13] /a 5
[05/07/2011 23:47:30] /a 5
[05/07/2011 23:47:35] /a 5
[05/07/2011 23:47:42] /a 6
[05/07/2011 23:48:06] /a 6
[05/07/2011 23:48:46] /kick noia
[05/07/2011 23:48:55] /r
[05/07/2011 23:49:00] /r
[05/07/2011 23:49:04] /r
[05/07/2011 23:49:10] /r
[05/07/2011 23:49:21] /r
[05/07/2011 23:49:22] /r
[05/07/2011 23:49:25] /r
[05/07/2011 23:49:26] /r
[05/07/2011 23:49:27] /r
[05/07/2011 23:49:28] /r
[05/07/2011 23:49:29] /r
[05/07/2011 23:49:32] /r
[05/07/2011 23:51:23] /i meat
[05/07/2011 23:52:58] /goto noia
[05/07/2011 23:53:14] /goto noia
[05/07/2011 23:53:22] /goto noia
[05/07/2011 23:53:39] /goto noia
[05/07/2011 23:53:55] /goto noia
[05/07/2011 23:54:01] /goto noia
[05/07/2011 23:54:05] /goto noia
[05/07/2011 23:54:10] /goto noia
[05/07/2011 23:54:16] /goto noia
[05/07/2011 23:54:20] /ghost
[05/07/2011 23:54:25] /goto noia
[05/07/2011 23:54:30] /goto noia
[05/07/2011 23:55:00] /goto noia
[05/07/2011 23:55:31] /t
[05/07/2011 23:55:53] /t noia tetudo
[05/07/2011 23:55:59] /t noiia
[05/07/2011 23:56:02] /t nooia
[05/07/2011 23:56:09] /t noiaa
[05/07/2011 23:56:11] /t
[05/07/2011 23:56:14] /t n
[05/07/2011 23:56:16] /t no
[05/07/2011 23:56:19] /r noi
[05/07/2011 23:56:25] /t noiaa
[05/07/2011 23:56:29] /t noia
[05/07/2011 23:56:47] /kick noia
[05/07/2011 23:56:53] /kick noia
[05/07/2011 23:57:05] /kick noia
[05/07/2011 23:57:12] /goto noia
[05/07/2011 23:57:23] /kick noia
[05/07/2011 23:58:05] /a 2
[05/07/2011 23:58:14] /ghost
[05/07/2011 23:58:22] /r
[05/07/2011 23:59:30] /r full
[05/07/2011 23:59:46] /goto noia
[06/07/2011 00:02:57] /t
[06/07/2011 00:03:06] /t noia
[06/07/2011 00:03:37] /goto noia
[06/07/2011 00:04:42] /t
[06/07/2011 00:04:50] /t noia
[06/07/2011 00:05:03] /goto noia
[06/07/2011 00:05:12] /t noia
[06/07/2011 00:05:30] /goto
[06/07/2011 00:06:02] /a 2
[06/07/2011 00:08:08] /a 4
[06/07/2011 00:08:14] /ghost
[06/07/2011 00:09:14] /a 5
[06/07/2011 00:09:24] /t
[06/07/2011 03:55:25] /goto noia
[06/07/2011 03:55:27] /ghost
[06/07/2011 03:56:53] /goto noia
[06/07/2011 03:56:56] /goto noia
[06/07/2011 03:56:59] /goto noia
[06/07/2011 03:57:01] /goto noia
[06/07/2011 03:57:07] /goto noia
[06/07/2011 03:58:00] /t noia
[06/07/2011 03:58:05] /t
[06/07/2011 03:58:11] /goto noia
[06/07/2011 03:58:36] /a 3
[06/07/2011 04:00:32] /i master vip rod
[06/07/2011 04:00:55] /i master vip wand
[06/07/2011 04:05:28] /r
[06/07/2011 04:05:30] /r
[06/07/2011 04:05:31] /r
[06/07/2011 04:07:05] /c noia
[06/07/2011 04:07:10] /c noia
[06/07/2011 04:07:13] /c noia
[06/07/2011 04:07:16] /c noia
[06/07/2011 04:07:19] /c noia
[06/07/2011 04:07:22] /c noia
[06/07/2011 04:07:42] /c noia
[06/07/2011 04:08:08] /up
[06/07/2011 04:08:12] /c noia
[06/07/2011 04:08:27] /t
[06/07/2011 04:09:02] /t
[06/07/2011 04:09:53] /t
[06/07/2011 04:10:05] /goto noia
[06/07/2011 04:10:11] /t
[06/07/2011 04:10:43] /goto noia
[06/07/2011 04:11:05] /t noia
[06/07/2011 04:11:06] /t
[06/07/2011 04:12:16] /b ot lixo lagado vsf
[06/07/2011 04:12:38] /a 2
[06/07/2011 04:12:40] /a 2
[06/07/2011 04:12:43] /down
[06/07/2011 04:12:52] /c noia
[06/07/2011 04:13:13] /up
[06/07/2011 04:13:18] /up
[06/07/2011 04:13:27] /down
[06/07/2011 04:13:44] /t noia
[06/07/2011 04:13:44] /t
[06/07/2011 04:14:15] /goto noia
[06/07/2011 04:16:01] /i 1387
[06/07/2011 04:16:12] /attr position 2384 1329 7
[06/07/2011 04:17:36] /t
[06/07/2011 04:18:02] /a 2
[06/07/2011 04:18:13] /c  noia
[06/07/2011 04:20:14] /a 2
[06/07/2011 04:20:26] /m treiner
[06/07/2011 04:20:32] /m treiner monk
[06/07/2011 04:20:37] /a 
[06/07/2011 04:20:40] /a 
[06/07/2011 04:20:43] /a 
[06/07/2011 04:21:00] /m treiner monk
[06/07/2011 04:21:06] /m treiner
[06/07/2011 04:21:17] /a 
[06/07/2011 04:21:20] /a 
[06/07/2011 04:21:22] /a 
[06/07/2011 04:21:23] /a 
[06/07/2011 04:21:29] /i sword vip
[06/07/2011 04:21:34] /i vip sword
[06/07/2011 04:21:47] /attr set attack 9999999999999999
[06/07/2011 04:21:55] /a 2
[06/07/2011 04:22:38] /m treiner
[06/07/2011 04:23:14] /kick noia
[20/07/2011 17:55:57] /t
[20/07/2011 17:57:37] /t
[20/07/2011 17:57:46] /m master vip demon
[20/07/2011 18:03:41] /reload monster
[20/07/2011 18:04:16] /reload monster
[20/07/2011 18:04:35] /m master vip demon
[20/07/2011 18:04:56] /m master vip demon
[20/07/2011 18:04:56] /m master vip demon
[20/07/2011 18:04:57] /m master vip demon
[20/07/2011 18:04:57] /m master vip demon
[20/07/2011 18:06:39] /i 2003
[20/07/2011 18:07:16] /reload monster
[20/07/2011 18:07:21] /m master vip demon
[20/07/2011 18:08:40] /reload monster
[20/07/2011 18:08:43] /m master vip demon
[20/07/2011 18:08:49] /m master vip demon
[20/07/2011 18:08:50] /m master vip demon
[20/07/2011 18:08:51] /m master vip demon
[20/07/2011 18:08:51] /m master vip demon
[20/07/2011 18:08:52] /m master vip demon
[20/07/2011 18:08:52] /m master vip demon
[20/07/2011 18:08:52] /m master vip demon
[20/07/2011 18:28:57] /m demon vip
[20/07/2011 18:29:02] /m master vip demon
[20/07/2011 18:30:03] /reload monster
[20/07/2011 18:30:10] /m master vip demon
[20/07/2011 18:31:51] /clean
[20/07/2011 18:40:10] /n priest
[20/07/2011 18:41:31] /t
[20/07/2011 18:49:44] /a 10
[20/07/2011 18:49:45] /a 10
[20/07/2011 18:49:45] /a 10
[20/07/2011 18:50:19] /a 3
[20/07/2011 18:50:23] /a 3
[20/07/2011 18:50:25] /a 3
[20/07/2011 18:50:26] /a 3
[20/07/2011 18:50:30] /a 3
[20/07/2011 19:07:47] /t
[20/07/2011 19:07:59] /t
[20/07/2011 19:08:02] /t 7
[20/07/2011 19:08:05] /t 5
[20/07/2011 19:10:34] /m master boss
[20/07/2011 19:11:27] /m master boss
[20/07/2011 19:11:45] /reload monster
[20/07/2011 19:11:49] /m master boss
[20/07/2011 19:12:23] /reload monster
[20/07/2011 19:12:26] /m master boss
[20/07/2011 19:13:35] /reload monster
[20/07/2011 19:13:38] /m master boss
[20/07/2011 19:13:45] /m master boss
[20/07/2011 19:13:46] /m master boss
[20/07/2011 19:13:46] /m master boss
[20/07/2011 19:13:46] /m master boss
[20/07/2011 19:13:48] /m master boss
[20/07/2011 19:26:39] /a
[20/07/2011 19:27:12] /a
[20/07/2011 19:27:14] /a
[20/07/2011 19:28:35] /r
[20/07/2011 19:28:38] /r
[20/07/2011 19:28:40] /r
[20/07/2011 19:28:45] /r
[20/07/2011 19:28:49] /r
[20/07/2011 19:28:58] /a 50
[20/07/2011 19:29:00] /a 50
[20/07/2011 19:29:01] /a 50
[20/07/2011 19:29:03] /a 50
[20/07/2011 19:29:05] /a 5
[20/07/2011 19:29:05] /a 5
[20/07/2011 19:29:06] /a 5
[20/07/2011 19:29:07] /a 5
[20/07/2011 19:29:19] /up
[20/07/2011 19:29:27] /t
[20/07/2011 19:30:39] /i 2160
[20/07/2011 19:36:50] /i 6132
[20/07/2011 19:36:59] /i 10021
[20/07/2011 19:37:08] /i 9933
[20/07/2011 19:37:15] /i 10022
[20/07/2011 19:39:33] /reload talkactions
[20/07/2011 19:45:13] /i 9565
[20/07/2011 19:45:21] /attr actionid 13700
[20/07/2011 19:45:28] /attr uniqueid 13700
[20/07/2011 19:46:39] /reload talkactions
[20/07/2011 19:48:49] /reload talkactions
[20/07/2011 19:48:58] /i 2160
