[29/07/2016 18:58:33] /b Novidades em BREVE, uma nova visu pro TEMPLO.
[29/07/2016 19:36:38] /b Jájá uma atualização no MAPA, novo visu, e em BREVE mais novidades!
[29/07/2016 22:12:25] /ghost
[29/07/2016 22:12:37] /a -4
[29/07/2016 22:16:49] /info oblivium
[29/07/2016 22:17:10] /info heart of ice
[29/07/2016 22:17:24] /info heart of demon
[29/07/2016 22:17:33] /info heart of ice
[29/07/2016 22:29:47] /a 2
[29/07/2016 22:29:53] /goto oblivium
[29/07/2016 22:31:29] /a 4
[29/07/2016 22:37:38] /a -1
[29/07/2016 22:37:45] /a -2
[29/07/2016 22:37:46] /a -2
[29/07/2016 22:37:46] /a -2
[29/07/2016 22:37:47] /a -2
[29/07/2016 22:37:47] /a -2
[29/07/2016 22:37:48] /a -2
[29/07/2016 22:37:48] /a -2
[29/07/2016 22:37:49] /a -2
[29/07/2016 22:37:49] /a -2
[29/07/2016 22:37:50] /a -2
[29/07/2016 22:37:50] /a -2
[29/07/2016 22:37:51] /a -2
[29/07/2016 22:37:51] /a -2
[29/07/2016 22:37:52] /a -2
[29/07/2016 22:37:53] /a -2
[29/07/2016 22:37:53] /a -2
[29/07/2016 22:37:53] /a -2
