[12/04/2014 12:32:35] /ghost
[12/04/2014 13:34:10] /r
[12/04/2014 13:34:16] /goto
[12/04/2014 13:34:19] /goto obi
[12/04/2014 13:34:22] /r
[12/04/2014 13:34:25] /t
[12/04/2014 13:35:00] /b duvidas help
[12/04/2014 13:35:31] /goto [mvip] goiaba 
[12/04/2014 14:05:50] /goto [mvip] goiaba 
[12/04/2014 14:41:46] /a 2
[12/04/2014 14:41:49] /r
[12/04/2014 14:41:52] /goto obi
[12/04/2014 14:41:55] /r
[12/04/2014 14:41:57] /t
[12/04/2014 14:45:48] /i 7414
[12/04/2014 14:45:54] /goto tico tico
[12/04/2014 14:51:12] /t
[12/04/2014 14:52:59] /r 100
[12/04/2014 14:53:03] /r 100
[12/04/2014 14:53:06] /r 100
[12/04/2014 14:53:09] /r 100
[12/04/2014 14:53:13] /r 100
[12/04/2014 14:53:21] /r 100
[12/04/2014 14:53:29] /r 100
[12/04/2014 14:53:30] /r 100
[12/04/2014 14:53:34] /r 100
[12/04/2014 14:53:38] /r 100
[12/04/2014 14:53:40] /r 100
[12/04/2014 14:53:41] /r 100
[12/04/2014 14:53:44] /r 100
[12/04/2014 14:53:46] /r 100
[12/04/2014 14:53:47] /r 100
[12/04/2014 14:53:49] /r 100
[12/04/2014 14:53:51] /r 100
[12/04/2014 14:54:27] /r 100
[12/04/2014 14:54:31] /r 100
[12/04/2014 14:54:36] /r 100
[12/04/2014 14:54:37] /r 100
[12/04/2014 14:55:02] /r 100
[12/04/2014 14:55:05] /r 100
[12/04/2014 14:55:08] /r 100
[12/04/2014 14:55:09] /r 100
[12/04/2014 14:55:39] /r 100
[12/04/2014 14:55:41] /r 100
[12/04/2014 14:55:42] /r 100
[12/04/2014 14:55:44] /r 100
[12/04/2014 14:55:45] /r 100
[12/04/2014 14:55:46] /r 100
[12/04/2014 14:55:48] /r 100
[12/04/2014 14:55:50] /r 100
[12/04/2014 14:55:51] /r 100
[12/04/2014 14:56:39] /r 100
[12/04/2014 14:56:41] /r 100
[12/04/2014 14:56:42] /r 100
[12/04/2014 14:56:42] /r 100
[12/04/2014 14:57:06] /r 100
[12/04/2014 14:57:07] /r 100
[12/04/2014 14:57:08] /r 100
[12/04/2014 14:57:09] /r 100
[12/04/2014 14:57:44] /r 100
[12/04/2014 14:57:48] /r 100
[12/04/2014 14:57:49] /r 100
[12/04/2014 14:57:49] /r 100
[12/04/2014 14:58:14] /r 100
[12/04/2014 14:58:16] /r 100
[12/04/2014 14:58:17] /r 100
[12/04/2014 14:58:18] /r 100
[12/04/2014 14:58:49] /r 100
[12/04/2014 14:58:50] /r 100
[12/04/2014 14:58:51] /r 100
[12/04/2014 14:58:52] /r 100
[12/04/2014 14:59:15] /r 100
[12/04/2014 14:59:16] /r 100
[12/04/2014 14:59:17] /r 100
[12/04/2014 14:59:18] /r 100
[12/04/2014 14:59:54] /r 100
[12/04/2014 14:59:55] /r 100
[12/04/2014 15:00:22] /r 100
[12/04/2014 15:00:27] /r 100
[12/04/2014 15:00:29] /r 100
[12/04/2014 15:00:32] /r 100
[12/04/2014 15:01:22] /r 100
[12/04/2014 15:01:24] /r 100
[12/04/2014 15:01:25] /r 100
[12/04/2014 15:01:26] /r 100
[12/04/2014 15:01:27] /r 100
[12/04/2014 15:01:27] /r 100
[12/04/2014 15:01:39] /r 100
[12/04/2014 15:01:39] /r 100
[12/04/2014 15:01:40] /r 100
[12/04/2014 15:01:41] /r 100
[12/04/2014 15:01:42] /r 100
[12/04/2014 15:02:23] /r 100
[12/04/2014 15:02:27] /r 100
[12/04/2014 15:02:29] /r 100
[12/04/2014 15:02:30] /r 100
[12/04/2014 15:02:31] /r 100
[12/04/2014 15:02:32] /r 100
[12/04/2014 15:02:33] /r 100
[12/04/2014 15:03:01] /r 100
[12/04/2014 15:03:02] /r 100
[12/04/2014 15:03:03] /r 100
[12/04/2014 15:03:04] /r 100
[12/04/2014 15:03:04] /r 100
[12/04/2014 15:03:05] /r 100
[12/04/2014 15:03:29] /r 100
[12/04/2014 15:03:31] /r 100
[12/04/2014 15:03:34] /r 100
[12/04/2014 15:03:36] /r 100
[12/04/2014 15:03:37] /r 100
[12/04/2014 15:03:38] /r 100
[12/04/2014 15:04:22] /r
[12/04/2014 15:04:26] /r 100
[12/04/2014 15:04:28] /r 100
[12/04/2014 15:04:29] /r 100
[12/04/2014 15:04:30] /r 100
[12/04/2014 15:04:30] /r 100
[12/04/2014 15:04:32] /r 100
[12/04/2014 15:05:30] /r 100
[12/04/2014 15:05:44] /r 100
[12/04/2014 15:06:09] /r 100
[12/04/2014 15:06:25] /r 100
[12/04/2014 15:06:28] /r 100
[12/04/2014 15:06:28] /r 100
[12/04/2014 15:06:29] /r 100
[12/04/2014 15:06:30] /r 100
[12/04/2014 15:06:30] /r 100
[12/04/2014 15:07:19] /r
[12/04/2014 15:49:50] /b vo faze uma invasao arena
[12/04/2014 15:49:57] /b quem tiver affim de vim
[12/04/2014 15:50:44] /goto zika'do baile
[12/04/2014 19:02:22] /m dharalion
[12/04/2014 19:09:05] /a 10
[12/04/2014 19:09:08] /a 3
[12/04/2014 19:09:16] /a 4
[12/04/2014 19:09:20] /a 4/a 10
[12/04/2014 19:09:23] /a 10
[12/04/2014 19:09:36] /up
[12/04/2014 19:09:44] /a 66
[12/04/2014 19:09:48] /a 2
[12/04/2014 19:09:52] /c carlao
[12/04/2014 19:09:59] /i 2160
[12/04/2014 19:10:02] /i 2160
[12/04/2014 19:10:10] /ghost
[12/04/2014 19:10:45] /ghost
[12/04/2014 19:10:53] /i addon doll
[12/04/2014 19:11:04] /c carlao
[12/04/2014 19:12:11] /b maus ae
[12/04/2014 19:12:18] /b vo recompensa evento
[12/04/2014 19:12:22] /b geral frente templo
[12/04/2014 19:12:45] /b geral aki frente templo
[12/04/2014 19:12:49] /mode nopvp
[12/04/2014 19:13:34] /b geral aki
[12/04/2014 19:14:11] /ghost
[12/04/2014 19:15:14] /m earth elemental
[12/04/2014 19:18:46] /bc warning pvp vouta em 10 segundos
[12/04/2014 19:18:57] /mode pvp
[12/04/2014 19:19:10] /save
[12/04/2014 19:23:27] /b ae arrumei o baiak elemental hueuhehue
[12/04/2014 19:23:33] /b agr ta dando menos exp
[12/04/2014 19:24:14] /goto joaokk
[12/04/2014 19:24:21] /goto joaokk
[12/04/2014 19:24:26] /goto joaozkk
[12/04/2014 19:24:33] /c joaozkk
[12/04/2014 19:25:55] /promote joaokk
[12/04/2014 19:26:02] /promote joaozkk
[12/04/2014 19:26:37] /kick joaozkk
[12/04/2014 19:27:25] /i 9693
[12/04/2014 19:27:28] /c carlao
[12/04/2014 19:27:33] /c carlao
[12/04/2014 19:27:59] /kick joaozkk
[12/04/2014 19:28:01] /kick joaozkk
[12/04/2014 19:28:32] /c carlao
[12/04/2014 19:28:42] /c paas
[12/04/2014 19:28:44] /c carlao
[12/04/2014 19:29:06] /t paas
[12/04/2014 19:29:09] /t carlao
[12/04/2014 19:29:30] /kick joaozkk
[12/04/2014 19:30:38] /a 20
[12/04/2014 19:30:45] /a 4
[12/04/2014 19:30:49] /a 10
[12/04/2014 19:30:57] /up
[12/04/2014 19:31:05] /a 66
[12/04/2014 19:31:19] /c carlao
[12/04/2014 19:33:54] /ghost
[12/04/2014 19:42:12] /r
[12/04/2014 19:43:16] /a 2
[12/04/2014 19:43:47] /reload monters
[12/04/2014 19:43:54] /reload monters
[12/04/2014 19:43:59] /reload monster
[12/04/2014 19:51:51] /reload monsters
[12/04/2014 19:54:51] /a 10
[12/04/2014 19:55:10] /a 10
[12/04/2014 19:55:18] /a 2
[12/04/2014 20:12:09] /goto boneco
[12/04/2014 20:12:19] /c boneco
[12/04/2014 20:12:25] /c boneco
[12/04/2014 20:14:40] /ghost
[12/04/2014 20:16:05] /b jaja serve vai cai vouta 10 segundos atualizaçoes
[12/04/2014 20:17:23] /save
[12/04/2014 20:18:02] /b pessoal vo passa face do ot pra vcs curtirem se quiser
[12/04/2014 20:18:13] /goto carlao
[12/04/2014 20:18:18] /t carlao
[12/04/2014 20:18:19] /t
[12/04/2014 20:19:42] /c darius
[12/04/2014 20:20:33] /a 2
[12/04/2014 20:20:39] /c darius
[12/04/2014 20:21:58] /goto paas
[12/04/2014 20:23:22] /r 100
[12/04/2014 20:23:23] /r 100
[12/04/2014 20:23:24] /r 100
[12/04/2014 20:23:24] /r 100
[12/04/2014 20:23:25] /r 100
[12/04/2014 20:23:25] /r 100
[12/04/2014 20:23:26] /r 100
[12/04/2014 20:23:27] /r 100
[12/04/2014 20:23:28] /r 100
[12/04/2014 20:23:29] /r 100
[12/04/2014 20:23:29] /r 100
[12/04/2014 20:23:30] /r 100
[12/04/2014 20:23:53] /attr group 5
[12/04/2014 20:23:56] /kick paas
[12/04/2014 20:24:08] /newtype 302, paas
[12/04/2014 20:24:51] /attr group 4
[12/04/2014 20:24:54] /kick paas
[12/04/2014 20:25:17] /t
[12/04/2014 20:26:03] /goto paas
[12/04/2014 20:27:46] /goto carlao
[12/04/2014 20:29:05] /b ai paas ajudando quest vip 1
[12/04/2014 20:30:21] /a 2
[12/04/2014 20:31:43] /b baiak rs armor no templo
[12/04/2014 20:31:45] /t
[12/04/2014 20:32:00] /ghost
[12/04/2014 20:33:05] /a 2
[12/04/2014 20:33:36] /goto carlao
[12/04/2014 20:34:12] /ghost
[12/04/2014 20:35:00] /r
[12/04/2014 20:37:10] /t
[12/04/2014 20:37:58] /newtype 302
[12/04/2014 20:38:00] /newtype 302
[12/04/2014 20:38:10] /c boneco
[12/04/2014 20:38:15] /c boneco
[12/04/2014 20:38:52] /c boneco
[12/04/2014 20:39:32] /c [mvip narguile
[12/04/2014 20:39:44] /c [mvip] narguile
[12/04/2014 20:40:19] /t boneco
[12/04/2014 20:40:20] /t
[12/04/2014 20:44:04] /b pessoal duvidas de vip 6 7 8 pergute ao paas help
[12/04/2014 20:45:55] /up
[12/04/2014 20:45:57] /up
[12/04/2014 20:45:59] /c paas
[12/04/2014 20:46:05] /attr set group 5
[12/04/2014 20:46:07] /t
[12/04/2014 20:46:11] /c paas
[12/04/2014 20:46:54] /b pessoal duvidas vip 1,2,3,4,5,6,7,8  help com paas
[12/04/2014 20:47:40] /attr set group 5
[12/04/2014 20:47:53] /attr group 5
[12/04/2014 20:47:59] /t
[12/04/2014 20:48:02] /c paas
[12/04/2014 20:49:12] /b  duvidas help com paas
[12/04/2014 20:49:50] /goto paas
[12/04/2014 20:50:15] /i 2160
[12/04/2014 20:50:53] /c [adm]rogerio
[12/04/2014 20:55:50] /r 100
[12/04/2014 20:55:56] /goto paas
[12/04/2014 21:00:04] /ghost
[12/04/2014 21:06:09] /b jaja serve cai e vouta 10 segundos arrumei bugs
[12/04/2014 21:06:17] /save
[12/04/2014 21:06:25] /b pessoal dica n upem agr
[12/04/2014 21:06:33] /b dei save mais 
[12/04/2014 21:06:42] /b depende da hora que cai n salva
[12/04/2014 21:06:58] /goto [mvip] carlao
[12/04/2014 21:07:05] /up
[12/04/2014 21:07:16] /a 66
[12/04/2014 21:07:19] /a 4
[12/04/2014 21:07:32] /c [mvip] carlao
[12/04/2014 21:07:45] /c gwas kaldin
[12/04/2014 21:08:00] /goto paas
[12/04/2014 21:08:09] /ghost
[12/04/2014 21:08:46] /save
[12/04/2014 21:12:01] /t
[12/04/2014 21:12:24] /save
[12/04/2014 21:12:30] /b jaja serve vouta 10 segundos
[12/04/2014 21:20:09] /t [mvip] carlao
[12/04/2014 21:20:10] /t
[12/04/2014 21:21:38] /b pessoal jaja o adm vai desliga o serve volta 10 segundos  edita cave 2 p
[12/04/2014 21:21:45] /save
[12/04/2014 21:22:05] /b 3
[12/04/2014 21:22:07] /b 2
[12/04/2014 21:22:08] /b 1
[12/04/2014 21:24:14] /goto paas
[12/04/2014 21:24:39] /c 1034
[12/04/2014 21:25:14] /i 1034
[12/04/2014 21:26:19] /a 2
[12/04/2014 21:26:24] /c paas
[12/04/2014 21:27:54] /c [mvip] rafinha
[12/04/2014 21:29:03] /t [mvip] rafinha
[12/04/2014 21:30:25] /goto paas
[12/04/2014 21:35:31] /goto [mvip] carlao
[12/04/2014 21:39:41] /goto [mvip] carlao
[12/04/2014 21:53:44] /b falou galera ate amanha duvidas gm paas sempre help aberto
[12/04/2014 21:53:58] /b reclamaçoes me avisa face vo passa link
[12/04/2014 21:57:15] /t
[12/04/2014 21:58:29] /a 2
[12/04/2014 22:04:05] /b curte ae quem puder pra ajuda valeu https://www.facebook.com/pages/BaiakRs-Tibia/1435909966649334
[12/04/2014 22:05:23] /b ate mais falou
[13/04/2014 09:46:26] /ghost
[13/04/2014 09:46:44] /goto jefferson
[13/04/2014 11:41:02] /b bom dia
[13/04/2014 11:41:36] /goto boneco
[13/04/2014 11:41:46] /t
[13/04/2014 11:42:40] /up
[13/04/2014 11:42:42] /a 2
[13/04/2014 11:42:46] /down
[13/04/2014 11:42:48] /a 2
[13/04/2014 11:42:50] /up
[13/04/2014 11:44:24] /goto [mvip] darius
[13/04/2014 11:44:40] /ghost
[13/04/2014 11:45:21] /reload monsters
[13/04/2014 11:45:35] /t
[13/04/2014 11:45:46] /a 2
[13/04/2014 11:45:53] /c [mvip] darius
[13/04/2014 11:47:28] /t
[13/04/2014 11:48:18] /r 4
[13/04/2014 11:48:20] /r
[13/04/2014 11:54:29] /c lord jonas
[13/04/2014 11:54:45] /i 9693
[13/04/2014 11:54:59] /i 9693
[13/04/2014 11:58:50] /c sub zero
[13/04/2014 11:59:30] /i 7873
[13/04/2014 11:59:37] /i 7406
[13/04/2014 11:59:45] /i 2383
[13/04/2014 11:59:51] /i 7747
[13/04/2014 12:00:00] /r
[13/04/2014 12:00:03] /r
[13/04/2014 12:00:30] /r
[13/04/2014 13:08:43] /i 2160
[13/04/2014 13:08:46] /i 2160
[13/04/2014 13:09:33] /i 2160
[13/04/2014 13:09:35] /i 2160
[13/04/2014 13:09:39] /i 2160
[13/04/2014 13:23:53] /goto boneco
[13/04/2014 13:26:39] /goto [mvip] darius
[13/04/2014 13:28:33] /t
[13/04/2014 13:29:26] /up
[13/04/2014 13:29:45] /t
[13/04/2014 13:29:49] /t sub zero
[13/04/2014 13:31:36] /i 10309 
[13/04/2014 13:34:24] /r 10
[13/04/2014 13:37:39] /i 7958
[13/04/2014 13:38:01] /a 3
[13/04/2014 13:40:36] /c boneco
[13/04/2014 13:40:46] /c boneco
[13/04/2014 13:43:38] /r
[13/04/2014 13:44:46] /c boneco
[13/04/2014 13:45:24] /i 895
[13/04/2014 13:48:16] /c boneco
[13/04/2014 13:52:27] /i spirit potion
[13/04/2014 13:54:43] /a 2
[13/04/2014 13:58:04] /zombiestart 
[13/04/2014 13:58:13] /reload rank
[13/04/2014 13:58:19] /reload levels
[13/04/2014 14:35:23] /reload items
[13/04/2014 14:35:39] /i 2503
[13/04/2014 14:35:47] /r
[13/04/2014 14:43:46] /i enforced wand
[13/04/2014 14:44:00] /i enforced wand
[13/04/2014 14:45:25] /save
[13/04/2014 14:45:49] /b pessoal jaja serve vai cair para atualiar mapa
[13/04/2014 14:45:58] /b após isso evento bag
[13/04/2014 14:46:18] /goto account manager
[13/04/2014 14:46:30] /goto account manager
[13/04/2014 14:47:30] /i 2276
[13/04/2014 14:54:55] /reload actions
[13/04/2014 14:56:42] /r 100
[13/04/2014 14:58:38] /r 100
[13/04/2014 14:58:39] /r 100
[13/04/2014 14:58:39] /r 100
[13/04/2014 14:58:39] /r 100
[13/04/2014 14:58:40] /r 100
[13/04/2014 14:58:40] /r 100
[13/04/2014 14:58:40] /r 100
[13/04/2014 14:58:40] /r 100
[13/04/2014 14:58:40] /r 100
[13/04/2014 14:58:40] /r 100
[13/04/2014 14:58:40] /r 100
[13/04/2014 14:58:41] /r 100
[13/04/2014 14:58:41] /r 100
[13/04/2014 14:58:41] /r 100
[13/04/2014 14:58:43] /r 100
[13/04/2014 14:58:43] /r 100
[13/04/2014 14:58:43] /r 100
[13/04/2014 14:58:44] /r 100
[13/04/2014 14:58:44] /r 100
[13/04/2014 14:58:44] /r 100
[13/04/2014 14:58:45] /r 100
[13/04/2014 14:58:45] /r 100
[13/04/2014 14:58:46] /r 100
[13/04/2014 14:58:46] /r 100
[13/04/2014 14:58:47] /r 100
[13/04/2014 14:58:48] /r 100
[13/04/2014 14:58:48] /r 100
[13/04/2014 14:58:48] /r 100
[13/04/2014 14:58:48] /r 100
[13/04/2014 14:58:48] /r 100
[13/04/2014 14:58:49] /r 100
[13/04/2014 14:59:06] /a 2
[13/04/2014 14:59:23] /r 100
[13/04/2014 14:59:24] /r 100
[13/04/2014 14:59:25] /r 100
[13/04/2014 14:59:28] /r 100
[13/04/2014 14:59:30] /r 100
[13/04/2014 14:59:49] /r 100
[13/04/2014 14:59:50] /r 100
[13/04/2014 14:59:52] /r 100
[13/04/2014 14:59:52] /r 100
[13/04/2014 14:59:53] /r 100
[13/04/2014 15:00:39] /ghost
[13/04/2014 15:01:16] /goto paas
[13/04/2014 15:03:04] /goto [mvi´] rafinha
[13/04/2014 15:03:13] /goto [mvip] rafinha
[13/04/2014 15:03:18] /save
[13/04/2014 15:03:31] /goto [mvip] rafinha
[13/04/2014 15:03:56] /c paas
[13/04/2014 15:04:57] /c [adm]rogerio
[13/04/2014 15:04:59] /ghost
[13/04/2014 15:05:27] /addskill rogerio, level
[13/04/2014 15:05:27] /addskill rogerio, level
[13/04/2014 15:05:28] /addskill rogerio, level
[13/04/2014 15:05:37] /addskill [amd]rogerio, level
[13/04/2014 15:05:38] /addskill [amd]rogerio, level
[13/04/2014 15:05:39] /addskill [amd]rogerio, level
[13/04/2014 15:05:41] /addskill [amd]rogerio, level
[13/04/2014 15:05:48] /addskill [adm]rogerio, level
[13/04/2014 15:05:49] /addskill [adm]rogerio, level
[13/04/2014 15:05:50] /addskill [adm]rogerio, level
[13/04/2014 15:05:50] /addskill [adm]rogerio, level
[13/04/2014 15:05:51] /addskill [adm]rogerio, level
[13/04/2014 15:05:51] /addskill [adm]rogerio, level
[13/04/2014 15:05:52] /addskill [adm]rogerio, level
[13/04/2014 15:05:52] /addskill [adm]rogerio, level
[13/04/2014 15:05:53] /addskill [adm]rogerio, level
[13/04/2014 15:05:53] /addskill [adm]rogerio, level
[13/04/2014 15:05:53] /addskill [adm]rogerio, level
[13/04/2014 15:05:54] /addskill [adm]rogerio, level
[13/04/2014 15:05:54] /addskill [adm]rogerio, level
[13/04/2014 15:05:55] /addskill [adm]rogerio, level
[13/04/2014 15:05:55] /addskill [adm]rogerio, level
[13/04/2014 15:05:56] /addskill [adm]rogerio, level
[13/04/2014 15:06:00] /addskill [adm]rogerio, level
[13/04/2014 15:06:00] /addskill [adm]rogerio, level
[13/04/2014 15:06:01] /addskill [adm]rogerio, level
[13/04/2014 15:06:01] /addskill [adm]rogerio, level
[13/04/2014 15:06:01] /addskill [adm]rogerio, level
[13/04/2014 15:06:01] /addskill [adm]rogerio, level
[13/04/2014 15:06:01] /addskill [adm]rogerio, level
[13/04/2014 15:06:01] /addskill [adm]rogerio, level
[13/04/2014 15:06:01] /addskill [adm]rogerio, level
[13/04/2014 15:06:01] /addskill [adm]rogerio, level
[13/04/2014 15:06:01] /addskill [adm]rogerio, level
[13/04/2014 15:06:01] /addskill [adm]rogerio, level
[13/04/2014 15:06:01] /addskill [adm]rogerio, level
[13/04/2014 15:06:01] /addskill [adm]rogerio, level
[13/04/2014 15:06:01] /addskill [adm]rogerio, level
[13/04/2014 15:06:01] /addskill [adm]rogerio, level
[13/04/2014 15:06:01] /addskill [adm]rogerio, level
[13/04/2014 15:06:01] /addskill [adm]rogerio, level
[13/04/2014 15:06:01] /addskill [adm]rogerio, level
[13/04/2014 15:06:01] /addskill [adm]rogerio, level
[13/04/2014 15:06:01] /addskill [adm]rogerio, level
[13/04/2014 15:06:01] /addskill [adm]rogerio, level
[13/04/2014 15:06:01] /addskill [adm]rogerio, level
[13/04/2014 15:06:01] /addskill [adm]rogerio, level
[13/04/2014 15:06:01] /addskill [adm]rogerio, level
[13/04/2014 15:06:01] /addskill [adm]rogerio, level
[13/04/2014 15:06:01] /addskill [adm]rogerio, level
[13/04/2014 15:06:01] /addskill [adm]rogerio, level
[13/04/2014 15:06:01] /addskill [adm]rogerio, level
[13/04/2014 15:06:01] /addskill [adm]rogerio, level
[13/04/2014 15:06:01] /addskill [adm]rogerio, level
[13/04/2014 15:06:01] /addskill [adm]rogerio, level
[13/04/2014 15:06:02] /addskill [adm]rogerio, level
[13/04/2014 15:06:02] /addskill [adm]rogerio, level
[13/04/2014 15:06:02] /addskill [adm]rogerio, level
[13/04/2014 15:06:02] /addskill [adm]rogerio, level
[13/04/2014 15:06:02] /addskill [adm]rogerio, level
[13/04/2014 15:06:02] /addskill [adm]rogerio, level
[13/04/2014 15:06:02] /addskill [adm]rogerio, level
[13/04/2014 15:06:02] /addskill [adm]rogerio, level
[13/04/2014 15:06:02] /addskill [adm]rogerio, level
[13/04/2014 15:06:02] /addskill [adm]rogerio, level
[13/04/2014 15:06:02] /addskill [adm]rogerio, level
[13/04/2014 15:06:02] /addskill [adm]rogerio, level
[13/04/2014 15:06:02] /addskill [adm]rogerio, level
[13/04/2014 15:06:03] /addskill [adm]rogerio, level
[13/04/2014 15:06:03] /addskill [adm]rogerio, level
[13/04/2014 15:06:03] /addskill [adm]rogerio, level
[13/04/2014 15:06:03] /addskill [adm]rogerio, level
[13/04/2014 15:06:03] /addskill [adm]rogerio, level
[13/04/2014 15:06:03] /addskill [adm]rogerio, level
[13/04/2014 15:06:03] /addskill [adm]rogerio, level
[13/04/2014 15:06:03] /addskill [adm]rogerio, level
[13/04/2014 15:06:03] /addskill [adm]rogerio, level
[13/04/2014 15:06:03] /addskill [adm]rogerio, level
[13/04/2014 15:06:03] /addskill [adm]rogerio, level
[13/04/2014 15:06:05] /addskill [adm]rogerio, level
[13/04/2014 15:06:06] /addskill [adm]rogerio, level
[13/04/2014 15:06:06] /addskill [adm]rogerio, level
[13/04/2014 15:06:06] /addskill [adm]rogerio, level
[13/04/2014 15:06:06] /addskill [adm]rogerio, level
[13/04/2014 15:06:06] /addskill [adm]rogerio, level
[13/04/2014 15:06:07] /addskill [adm]rogerio, level
[13/04/2014 15:06:07] /addskill [adm]rogerio, level
[13/04/2014 15:06:08] /addskill [adm]rogerio, level
[13/04/2014 15:06:08] /addskill [adm]rogerio, level
[13/04/2014 15:06:09] /addskill [adm]rogerio, level
[13/04/2014 15:06:10] /addskill [adm]rogerio, level
[13/04/2014 15:06:10] /addskill [adm]rogerio, level
[13/04/2014 15:06:10] /addskill [adm]rogerio, level
[13/04/2014 15:06:10] /addskill [adm]rogerio, level
[13/04/2014 15:06:11] /addskill [adm]rogerio, level
[13/04/2014 15:06:13] /addskill [adm]rogerio, level
[13/04/2014 15:06:13] /addskill [adm]rogerio, level
[13/04/2014 15:06:14] /addskill [adm]rogerio, level
[13/04/2014 15:06:14] /addskill [adm]rogerio, level
[13/04/2014 15:06:14] /addskill [adm]rogerio, level
[13/04/2014 15:06:14] /addskill [adm]rogerio, level
[13/04/2014 15:06:28] /c [adm]rogerio
[13/04/2014 15:06:40] /ghost pass
[13/04/2014 15:06:53] /ghost
[13/04/2014 15:07:02] /t [adm]rogerio
[13/04/2014 15:07:06] /ghost
[13/04/2014 15:07:48] /t [mvip] rafinha
[13/04/2014 15:07:52] /t paas
[13/04/2014 15:07:53] /t
[13/04/2014 15:08:05] /c paas
[13/04/2014 15:08:18] /a 2
[13/04/2014 15:08:20] /a 10
[13/04/2014 15:08:23] /a 2
[13/04/2014 15:14:14] /a 2
[13/04/2014 15:14:34] /b quero ver war 
[13/04/2014 15:15:17] /ghost
[13/04/2014 15:16:39] /t
[13/04/2014 15:16:51] /b quem quiser addon doll vem depot
[13/04/2014 15:17:21] /b pessoal quem quiser ser teleportado para o templo comando .!tp templo
[13/04/2014 15:17:30] /b duvidas com gm paas
[13/04/2014 15:17:37] /b help sempre aberto
[13/04/2014 15:18:38] /goto soul kill
[13/04/2014 15:20:04] /t paas
[13/04/2014 15:21:20] /goto soul kill
[13/04/2014 15:24:01] /up
[13/04/2014 15:24:03] /up
[13/04/2014 15:24:08] /up
[13/04/2014 15:24:18] /c gfszao
[13/04/2014 15:24:22] /i 2160
[13/04/2014 15:24:27] /i 2160
[13/04/2014 15:24:35] /t gfszao
[13/04/2014 15:24:41] /c gfszao
[13/04/2014 15:24:50] /t gfszao
[13/04/2014 15:24:54] /goto paas
[13/04/2014 15:24:56] /a 2
[13/04/2014 15:25:07] /goto soul kill
[13/04/2014 15:25:36] /goto
[13/04/2014 15:25:40] /goto louco
[13/04/2014 15:27:13] /b pessoal vem evento bag
[13/04/2014 15:27:17] /b rapido
[13/04/2014 15:27:46] /b geral evento bp fica no teleport "evento"
[13/04/2014 15:28:27] /b geral evento bp vou sortia house frente templo
[13/04/2014 15:28:50] /b geral vem evento vo sortia house frente templo
[13/04/2014 15:29:43] /goto soul kill
[13/04/2014 15:29:45] /a 2
[13/04/2014 15:29:48] /goto paas
[13/04/2014 15:29:54] /goto paas
[13/04/2014 15:30:42] /b pessoal vo sortia casa na frente templo n me pedi por msg n vem evento bag
[13/04/2014 15:32:10] /i 2090
[13/04/2014 15:32:15] /goto paas
[13/04/2014 15:32:17] /a 10
[13/04/2014 15:32:19] /a 2
[13/04/2014 15:32:36] /ghost
[13/04/2014 15:32:46] /goto paas
[13/04/2014 15:32:49] /a 22
[13/04/2014 15:32:52] /a 10
[13/04/2014 15:33:02] /a 1
[13/04/2014 15:33:04] /ghost
[13/04/2014 15:36:40] /b evento bag  teleport "evento"
[13/04/2014 15:38:10] /a 10
[13/04/2014 15:38:20] /a 10
[13/04/2014 15:38:30] /b evento bag  teleport "evento"
[13/04/2014 15:40:54] /ghost
[13/04/2014 15:41:20] /i 2090
[13/04/2014 15:41:28] /i 2090
[13/04/2014 15:41:35] /i 2090
[13/04/2014 15:42:05] /i 2090
[13/04/2014 15:42:13] /ghost
[13/04/2014 15:42:29] /b evento bag  teleport "evento"
[13/04/2014 15:43:59] /b [mvip] rafinha ganho evento
[13/04/2014 15:44:38] /owner [mvip] rafinha
[13/04/2014 15:44:53] /b rafinha ganhou
[13/04/2014 15:45:21] /goto [mvip] rafinha
[13/04/2014 15:45:42] /c louco
[13/04/2014 15:46:20] /t
[13/04/2014 15:47:25] /owner louco
[13/04/2014 15:47:27] /c louco
[13/04/2014 15:47:33] /a 2
[13/04/2014 15:49:05] /save
[13/04/2014 15:49:15] /b falem .!save ae
[13/04/2014 15:49:40] /ghost
[13/04/2014 15:51:23] /goto
[13/04/2014 15:51:32] /goto paas
[13/04/2014 15:53:01] /t
[13/04/2014 15:53:10] /goto louco
[13/04/2014 15:54:32] /goto louco
[13/04/2014 15:56:02] /save
[13/04/2014 15:56:31] /b dei save
[13/04/2014 15:58:38] /save
[13/04/2014 15:58:48] /b serve desligando vouta 10 segundis
[13/04/2014 15:59:07] /b segundos*
[13/04/2014 16:00:59] /b cave de abo melhorada :)
[13/04/2014 16:01:06] /goto boneco
[13/04/2014 16:04:27] /m achard
[13/04/2014 16:04:35] /m achad
[13/04/2014 16:06:32] /attr group 4
[13/04/2014 16:06:34] /r
[13/04/2014 16:10:09] /newtype 302 [tutor] joaozkk
[13/04/2014 16:11:51] /newtype [tutor] joaozkk 302
[13/04/2014 16:12:25] /ghost
[13/04/2014 16:13:58] /newtype joaozk 302
[13/04/2014 16:14:17] /newtype [tutor]joaozk, 302
