[22/07/2016 17:27:29] /a 3
[22/07/2016 17:27:46] /a 3
[22/07/2016 17:28:44] /a 2
[22/07/2016 17:28:54] /up
[22/07/2016 17:29:10] /a 2
[22/07/2016 17:29:27] /a 2
[22/07/2016 17:29:57] /a 5
[22/07/2016 17:30:00] /a 5
[22/07/2016 17:30:02] /a 5
[22/07/2016 17:30:04] /a 20
[22/07/2016 17:30:05] /a 10
[22/07/2016 17:30:07] /a 10
[22/07/2016 17:30:09] /a 10
[22/07/2016 17:30:10] /a 5
[22/07/2016 17:30:15] /a 2
[22/07/2016 17:30:20] /a 2
[22/07/2016 17:30:21] /a 2
[22/07/2016 17:30:25] /a 2
[22/07/2016 17:30:27] /a 5
[22/07/2016 17:30:29] /a 5
[22/07/2016 17:30:30] /a 5
[22/07/2016 17:30:30] /a 5
[22/07/2016 17:30:30] /a 5
[22/07/2016 17:30:31] /a 5
[22/07/2016 17:30:31] /a 5
[22/07/2016 17:30:31] /a 5
[22/07/2016 17:30:32] /a 5
[22/07/2016 17:30:32] /a 5
[22/07/2016 17:30:32] /a 5
[22/07/2016 17:30:32] /a 5
[22/07/2016 17:30:33] /a 5
[22/07/2016 17:30:33] /a 5
[22/07/2016 17:30:33] /a 5
[22/07/2016 17:30:33] /a 5
[22/07/2016 17:30:34] /a 5
[22/07/2016 17:30:34] /a 5
[22/07/2016 17:30:34] /a 5
[22/07/2016 17:30:34] /a 5
[22/07/2016 17:30:36] /a 5
[22/07/2016 17:30:36] /a 5
[22/07/2016 17:30:36] /a 5
[22/07/2016 17:30:37] /a 5
[22/07/2016 17:30:37] /a 5
[22/07/2016 17:30:37] /a 5
[22/07/2016 17:30:51] /a 2
[22/07/2016 17:31:02] /a 5/a 5
[22/07/2016 17:31:03] /a 5
[22/07/2016 17:31:03] /a 5
[22/07/2016 17:31:04] /a 5
[22/07/2016 17:31:06] /a 5
[22/07/2016 17:31:06] /a 5
[22/07/2016 17:31:06] /a 5
[22/07/2016 17:31:07] /a 5
[22/07/2016 17:31:07] /a 5
[22/07/2016 17:31:08] /a 5
[22/07/2016 17:31:08] /a 5
[22/07/2016 17:31:08] /a 5
[22/07/2016 17:31:09] /a 5
[22/07/2016 17:31:09] /a 5
[22/07/2016 17:31:09] /a 5
[22/07/2016 17:31:09] /a 5
[22/07/2016 17:31:10] /a 5
[22/07/2016 17:31:10] /a 5
[22/07/2016 17:31:11] /a 5
[22/07/2016 17:31:11] /a 5
[22/07/2016 17:31:11] /a 5
[22/07/2016 17:31:12] /a 5
[22/07/2016 17:31:13] /a 5
[22/07/2016 17:47:25] /t
[22/07/2016 17:47:27] /ghost
[22/07/2016 17:47:28] /ghost
[22/07/2016 17:50:59] /ghost
[22/07/2016 17:56:03] /mc
[22/07/2016 17:57:03] /c teste
[22/07/2016 17:57:23] /c teste
[22/07/2016 17:57:30] /c recc
[22/07/2016 17:57:55] /t recc
[22/07/2016 18:05:18] /t
[22/07/2016 18:05:29] /kick adm orion
[22/07/2016 18:05:36] /r
[22/07/2016 18:05:40] /a
[22/07/2016 18:06:07] /goto cachorro looko
[22/07/2016 18:06:18] /a 2
[22/07/2016 18:06:19] /a 2
[22/07/2016 18:08:24] /goto jo'ker
[22/07/2016 18:08:27] /a
[22/07/2016 18:08:31] /a
[22/07/2016 18:09:57] /goto shaiwhalck nico
[22/07/2016 18:10:22] /t
[22/07/2016 18:11:21] /b pessoal
[22/07/2016 18:11:26] /goto king bolling
[22/07/2016 18:11:29] /goto king booling
[22/07/2016 18:11:45] /goto nicovisky
[22/07/2016 18:12:12] /goto juninhow
[22/07/2016 18:13:39] /t
[22/07/2016 18:14:30] /c gm ciroc
