[03/07/2016 18:10:27] /t
[03/07/2016 18:14:23] /i mana rune
[03/07/2016 18:14:30] /t
[03/07/2016 18:14:47] /t
[03/07/2016 18:27:32] /i 10392
[03/07/2016 18:27:37] /r
[03/07/2016 18:30:45] /i Premium 1 Dia
[03/07/2016 18:30:59] /t
[04/07/2016 16:09:23] /ghost
[04/07/2016 16:10:10] /a 3
[04/07/2016 16:10:53] /goto ADM Zik
[04/07/2016 16:13:02] /ghost
[04/07/2016 16:13:04] /ghost
[04/07/2016 16:13:06] /newtype 44
[04/07/2016 16:16:54] /newtype 44
[04/07/2016 16:21:44] /ghost
[05/07/2016 00:04:35] /i supreme staff
[05/07/2016 00:05:03] /a 2
[05/07/2016 00:05:39] /t
[05/07/2016 00:05:52] /i vip8 doll
[05/07/2016 00:12:55] /t
[05/07/2016 00:14:23] /i supreme livro
[05/07/2016 00:14:47] /i vip8 doll
[05/07/2016 00:15:06] /goto ADM Lee Sin
[05/07/2016 00:16:16] /goto ADM Lee Sin
[05/07/2016 00:17:20] /t
[05/07/2016 00:46:54] /t
[05/07/2016 00:47:10] /i premium 30 dias
[05/07/2016 00:47:12] /t
[05/07/2016 00:47:22] /a 2
