[18/07/2016 15:10:15] /m treiner
[18/07/2016 15:12:55] /ghost
[18/07/2016 15:20:54] /up
[18/07/2016 15:20:55] /up
[18/07/2016 15:20:56] /up
[18/07/2016 15:21:01] /c Weverton sz
[18/07/2016 15:21:03] /ghost
[18/07/2016 15:21:25] /c Weverton sz
[18/07/2016 15:22:30] /i ultimate healt potion
[18/07/2016 15:24:11] /i mage ring
[18/07/2016 15:47:52] /b galera ot ja volta
[18/07/2016 15:47:55] /save
[18/07/2016 15:50:54] /m treiner
[18/07/2016 15:53:47] /i great mana potion
[18/07/2016 15:54:19] /t Weverton sz
[18/07/2016 15:54:21] /t
[18/07/2016 15:54:34] /i great spirit potion
[18/07/2016 15:55:48] /i ultimate health potion
[18/07/2016 15:58:03] /ghost
[18/07/2016 16:00:16] /goto Guiigao
[18/07/2016 16:00:18] /ghost
[18/07/2016 16:00:38] /reload actions
[18/07/2016 16:01:11] /t
[18/07/2016 16:01:16] /attr group 7
[18/07/2016 16:01:21] /attr group 1
[18/07/2016 16:01:25] /attr vocation 7
[18/07/2016 16:01:39] /addskill Weverton sz,level,100
[18/07/2016 16:04:00] /reload actions
[18/07/2016 16:05:39] /reload actions
[18/07/2016 16:08:09] /reload actions
[18/07/2016 16:08:33] /ghost
[18/07/2016 16:08:35] /ghost
[18/07/2016 16:08:44] /attr vocation 2
[18/07/2016 16:11:10] /reload actions
[18/07/2016 16:11:27] /ghost
[18/07/2016 16:11:50] /attr action 7708
[18/07/2016 16:18:11] /clean
[18/07/2016 16:25:35] /t
[18/07/2016 16:29:27] /goto Mileninha
[18/07/2016 16:29:36] /ghost
[18/07/2016 16:30:11] /ghost
[18/07/2016 16:30:49] /t
[18/07/2016 16:42:04] /i 1484
[18/07/2016 16:42:05] /i 1484
[18/07/2016 16:42:06] /i 1484
[18/07/2016 16:42:07] /i 1484
[18/07/2016 16:42:11] /n supreme mad
[18/07/2016 16:52:02] /t
[18/07/2016 16:52:55] /i god staff
[18/07/2016 16:53:28] /down
[18/07/2016 16:53:32] /down
[18/07/2016 16:53:40] /t
[18/07/2016 17:32:24] /goto Mileninha
[18/07/2016 17:48:12] /reload monster
[18/07/2016 17:59:20] /a
[18/07/2016 17:59:44] /t
[18/07/2016 18:00:13] /up
[18/07/2016 18:00:26] /r
[18/07/2016 18:01:32] /t
[18/07/2016 18:02:04] /down
[18/07/2016 18:02:06] /r
[18/07/2016 18:02:07] /up
[18/07/2016 18:43:47] /t
[18/07/2016 18:45:07] /reload spells
[18/07/2016 19:03:10] /goto West
[18/07/2016 19:03:12] /t
[18/07/2016 19:04:32] /goto Pumpkin
[18/07/2016 19:04:37] /goto Pumpkin
[18/07/2016 19:04:43] /t
[18/07/2016 19:06:20] /goto Mileninha[1179].
[18/07/2016 19:06:30] /goto Mileninha
[18/07/2016 19:09:44] /t
[18/07/2016 19:18:21] /goto Woonder
[18/07/2016 19:21:16] /t
[18/07/2016 19:26:59] /up
[18/07/2016 19:26:59] /up
[18/07/2016 19:27:00] /up
[18/07/2016 19:27:06] /c mileninha
[18/07/2016 19:29:04] /t Mileninha
[18/07/2016 19:30:04] /c Weverton sz
[18/07/2016 19:30:24] /r
[18/07/2016 19:33:06] /reload talkactions
[18/07/2016 19:34:45] /ghost
[18/07/2016 19:34:51] /reload actions
[18/07/2016 19:35:02] /ghost
[18/07/2016 19:36:06] /reload actions
[18/07/2016 19:36:12] /ghost
[18/07/2016 19:36:26] /ghost
[18/07/2016 19:36:27] /t
[18/07/2016 19:37:04] /clean
[18/07/2016 19:37:43] /openserver
[18/07/2016 19:38:00] /save
[18/07/2016 20:55:52] /i 1484
[18/07/2016 20:55:53] /i 1484
[18/07/2016 20:55:53] /i 1484
[18/07/2016 20:55:57] /i 1484
[18/07/2016 20:56:00] /n supreme mad
[18/07/2016 21:01:56] /t
[18/07/2016 21:02:51] /goto Pumpkin
[18/07/2016 21:02:57] /ghost
[18/07/2016 21:03:45] /c Pumpkin
[18/07/2016 21:03:48] /c Pumpkin
[18/07/2016 21:03:53] /c Pumpkin
[18/07/2016 21:03:54] /c Pumpkin
[18/07/2016 21:03:55] /c Pumpkin
[18/07/2016 21:04:00] /m master demon
[18/07/2016 21:04:08] /m supreme demon
[18/07/2016 21:04:28] /m ultimate demon
[18/07/2016 21:05:50] /reload monster
[18/07/2016 21:05:58] /m master demon
[18/07/2016 21:06:59] /ghost
[18/07/2016 21:07:03] /ghost
[18/07/2016 21:07:18] /ghost
[18/07/2016 21:07:20] /t
[18/07/2016 21:09:38] /b aaaaaaaaaaaaaaaaa meu lol n qer logar
[18/07/2016 21:09:39] /b aaaaaaaaaaaaaaaaa meu lol n qer logar
[18/07/2016 21:09:39] /b aaaaaaaaaaaaaaaaa meu lol n qer logar
[18/07/2016 21:09:48] /ghost
[18/07/2016 21:13:04] /ghost
[18/07/2016 21:14:30] /i present bag
[18/07/2016 21:18:56] /ghost
[18/07/2016 21:20:42] /t
[18/07/2016 21:20:47] /ghost
[17/07/2016 21:23:35] /goto Musu
[17/07/2016 21:23:37] /ghost
[17/07/2016 21:23:55] /r
[17/07/2016 21:24:22] /ghost
[17/07/2016 21:24:26] /t
[17/07/2016 21:25:33] /save
[19/07/2016 09:55:09] /closeserver
[19/07/2016 09:55:55] /ghost
[19/07/2016 10:03:13] /goto ADM Orion
[19/07/2016 10:03:19] /save
[19/07/2016 10:05:10] /closeserver
[19/07/2016 10:10:19] /reload globalevent
[19/07/2016 10:11:44] /reload globalevent
[19/07/2016 10:12:56] /reload globalevent
[19/07/2016 10:15:06] /reload actions
[19/07/2016 10:19:50] /a
[19/07/2016 10:21:20] /a
[19/07/2016 10:22:15] /a
[19/07/2016 10:22:39] /goto ADM Orion
[19/07/2016 10:22:47] /goto ADM Orion
[19/07/2016 10:22:52] /a
[19/07/2016 10:22:59] /goto ADM Orion
[19/07/2016 10:23:08] /goto ADM Orion
[19/07/2016 10:23:10] /goto ADM Orion
[19/07/2016 10:23:16] /goto ADM Orion
[19/07/2016 10:23:25] /goto ADM Orion
[19/07/2016 10:23:26] /goto ADM Orion
[19/07/2016 10:23:27] /goto ADM Orion
[19/07/2016 10:23:35] /goto ADM Orion
[19/07/2016 10:23:36] /goto ADM Orion
[19/07/2016 10:23:43] /goto ADM Orion
[19/07/2016 10:24:10] /goto ADM Orion
[19/07/2016 10:24:31] /r
[19/07/2016 10:51:38] /save
[19/07/2016 10:53:42] /closeserver
[19/07/2016 11:10:56] /attr cation 16700
[19/07/2016 11:11:03] /attr action 16700
[19/07/2016 11:11:12] /attr action 16701
[19/07/2016 11:11:24] /attr action 6001
[19/07/2016 11:11:27] /attr action 6001
[19/07/2016 11:11:30] /attr action 6001
[19/07/2016 11:11:52] /attr action 6001
[19/07/2016 11:11:56] /attr action 6001
[19/07/2016 11:12:05] /i 426
[19/07/2016 11:12:11] /attr action 6001
[19/07/2016 11:12:19] /r
[19/07/2016 11:12:21] /a
[19/07/2016 11:12:22] /a
[19/07/2016 11:12:23] /a
[19/07/2016 11:12:23] /a
[19/07/2016 11:12:24] /a
[19/07/2016 11:12:32] /attr action 17600
[19/07/2016 11:12:44] /attr action 16700
[19/07/2016 11:12:53] /attr action 16702
[19/07/2016 11:12:59] /attr action 16701
[19/07/2016 11:13:02] /attr action 16703
[19/07/2016 11:13:03] /attr action 16704
[19/07/2016 11:13:06] /attr action 16700
[19/07/2016 11:13:13] /attr action 16703
[19/07/2016 11:13:17] /attr action 16703
[19/07/2016 11:13:21] /attr action 16702
[19/07/2016 11:13:24] /attr action 16701
[19/07/2016 11:13:27] /attr action 16702
[19/07/2016 11:13:29] /attr action 16702
[19/07/2016 11:13:34] /attr action 16701
[19/07/2016 11:13:35] /attr action 16701
[19/07/2016 11:14:27] /attr action 6218
[19/07/2016 11:14:28] /attr action 6218
[19/07/2016 11:14:31] /attr action 6211
[19/07/2016 11:14:38] /attr action 16000
[19/07/2016 11:14:43] /attr action 16700
[19/07/2016 11:14:55] /attr action 63218
[19/07/2016 11:14:59] /attr action 63218
[19/07/2016 11:15:15] /a
[19/07/2016 11:15:17] /a
[19/07/2016 11:15:18] /a
[19/07/2016 11:15:21] /a
[19/07/2016 11:15:23] /a
[19/07/2016 11:15:30] /attr action 63200
[19/07/2016 11:15:54] /attr action 16705
[19/07/2016 11:17:19] /i 407
[19/07/2016 11:17:31] /i 1438
[19/07/2016 11:17:34] /r
[19/07/2016 11:17:39] /i 1436
[19/07/2016 11:17:48] /attr action 63218
[19/07/2016 11:18:09] /goto ADM Orion
[19/07/2016 11:26:40] /openserver
[19/07/2016 11:48:54] /save
[19/07/2016 12:03:26] /save
[19/07/2016 12:44:19] /openserver
[19/07/2016 12:46:40] /reload globalevent
[19/07/2016 12:47:13] /reload globalevent
[19/07/2016 12:48:00] /ghost
[19/07/2016 12:48:08] /a 3
[19/07/2016 12:48:12] /c adm orion
[19/07/2016 12:48:14] /a
[19/07/2016 12:48:48] /i 1484
[19/07/2016 12:48:49] /i 1484
[19/07/2016 12:48:50] /i 1484
[19/07/2016 12:48:51] /i 1484
[19/07/2016 12:48:54] /n supreme mad
[19/07/2016 12:51:54] /reload talkactions
[19/07/2016 12:52:15] /god
[19/07/2016 13:08:23] /ghost
[19/07/2016 13:29:44] /t ADM Orion
[19/07/2016 13:30:08] /t ADM Orion
[19/07/2016 13:30:18] /r
[19/07/2016 13:30:51] /god 1484
[19/07/2016 13:30:52] /god 1484
[19/07/2016 13:30:52] /god 1484
[19/07/2016 13:30:53] /god 1484
[19/07/2016 13:30:59] /n supreme mad
[19/07/2016 14:00:53] /kick ADM Princesa
[19/07/2016 14:01:17] /attr action 7708
[19/07/2016 14:01:55] /attr group 7
[19/07/2016 15:31:13] /reload lib
[19/07/2016 15:31:24] /reload CTFLib
[19/07/2016 15:32:09] /reload globalevent
[19/07/2016 15:32:52] /reload globalevent
[19/07/2016 15:33:15] /reload lib
[19/07/2016 16:48:20] /goto Mileninha
[19/07/2016 16:48:23] /t
[19/07/2016 16:48:24] /ghost
[19/07/2016 16:49:31] /ghost
[19/07/2016 16:55:21] /goto Woonder kina
[19/07/2016 16:55:53] /goto Wonder Kina
[19/07/2016 16:57:02] /a
[19/07/2016 16:57:13] /t
[19/07/2016 16:57:52] /t
[19/07/2016 16:59:04] /t
[19/07/2016 17:05:55] /god magic wall rune
[19/07/2016 17:32:59] /goto Wonder Kina
[19/07/2016 17:34:14] /reload spells
[19/07/2016 17:34:23] /t
[19/07/2016 18:15:54] /up
[19/07/2016 18:15:55] /up
[19/07/2016 18:15:57] /up
[19/07/2016 18:16:04] /c Guga
[19/07/2016 18:16:16] /addskill Guga,level,3000
[19/07/2016 18:16:27] /god supreme armor
[19/07/2016 18:16:31] /god supreme legs
[19/07/2016 18:16:33] /god supreme helmet
[19/07/2016 18:16:41] /god supreme shield
[19/07/2016 18:16:45] /god supreme boots
[19/07/2016 18:16:49] /god supreme sword
[19/07/2016 18:17:00] /god master backpack
[19/07/2016 18:18:37] /c mileninha
[19/07/2016 18:22:33] /ghost
[19/07/2016 18:27:36] /t Mileninha
[19/07/2016 18:27:40] /t Guga
[19/07/2016 18:27:41] /ghost
[19/07/2016 18:27:43] /t
[19/07/2016 19:09:36] /goto Wonder Kina
[19/07/2016 19:10:10] /t
