[18/07/2016 16:21:20] /goto Weverton sz
[18/07/2016 16:24:45] /a 2
[18/07/2016 16:59:09] /i 2424
[18/07/2016 16:59:25] /i supreme robe
[18/07/2016 16:59:30] /i supreme short
[18/07/2016 16:59:38] /i supreme hat
[18/07/2016 16:59:50] /i supreme livro
[18/07/2016 16:59:51] /i supreme livro
[18/07/2016 17:00:10] /i supreme vip
[18/07/2016 17:19:25] /i supreme sword
[18/07/2016 17:39:22] /i 12385
[18/07/2016 17:39:49] /c Kina Lotter
[18/07/2016 17:40:05] /t Kina Lotter
[18/07/2016 18:01:22] /goto Weverton sz
[18/07/2016 18:01:27] /m treiner
[18/07/2016 18:01:30] /i 4848
[18/07/2016 18:01:38] /r
[18/07/2016 18:01:55] /i supreme staff
[18/07/2016 18:09:13] /i mage ring
[18/07/2016 18:09:24] /i 2157
[18/07/2016 18:09:28] /i 2157
[18/07/2016 18:09:28] /i 2157
[18/07/2016 18:09:49] /t
[18/07/2016 18:10:12] /a
[18/07/2016 18:10:25] /t
[18/07/2016 18:17:36] /i 2424
[18/07/2016 18:18:39] /clean
[19/07/2016 13:58:08] /clean
[19/07/2016 13:58:48] /goto musu
[19/07/2016 13:58:57] /t
[19/07/2016 13:59:56] /ghost
[19/07/2016 13:59:59] /t
[19/07/2016 14:00:12] /up
[19/07/2016 14:00:13] /up
[19/07/2016 14:00:15] /up
[19/07/2016 14:00:17] /up
[19/07/2016 14:00:21] /a 5
[19/07/2016 14:01:28] /ghost
[19/07/2016 14:11:19] /t musu
[19/07/2016 14:17:01] /t
[19/07/2016 14:17:19] /clean
[19/07/2016 14:37:13] /a 2
[19/07/2016 14:48:22] /goto ADM Orion
[19/07/2016 14:48:30] /t
[19/07/2016 14:48:33] /up
[19/07/2016 14:48:41] /goto dark rodo
[19/07/2016 14:48:58] /t
[19/07/2016 14:49:06] /t
[19/07/2016 14:49:14] /r
[19/07/2016 14:49:51] /attr
[19/07/2016 14:53:39] /mc
[19/07/2016 14:59:18] /t
[19/07/2016 15:00:50] /a 2
[19/07/2016 15:01:06] /c Weverton sz 
[19/07/2016 16:55:05] /clean
[19/07/2016 17:00:55] /mc
[19/07/2016 19:05:08] /clean
[19/07/2016 19:07:43] /goto female
[19/07/2016 19:08:26] /a 20
[19/07/2016 19:08:27] /a 20
[19/07/2016 19:08:28] /a 20
[19/07/2016 19:08:29] /a 20
[19/07/2016 19:08:33] /a 10
[19/07/2016 19:08:34] /a 10
[19/07/2016 19:08:37] /a 10
[19/07/2016 19:08:38] /a 10
[19/07/2016 19:08:39] /a 10
[19/07/2016 19:08:40] /a 10
[19/07/2016 19:08:41] /a 10
[19/07/2016 19:08:41] /a 10
[19/07/2016 19:08:42] /a 10
[19/07/2016 19:08:42] /a 10
[19/07/2016 19:08:43] /a 10
[19/07/2016 19:08:43] /a 10
[19/07/2016 19:08:44] /a 10
[19/07/2016 19:08:49] /a 10
[19/07/2016 19:08:50] /a 10
[19/07/2016 19:15:51] /t
[19/07/2016 19:37:06] /god supreme armor
[19/07/2016 19:37:25] /god supreme shield
[19/07/2016 19:37:48] /a 
[19/07/2016 19:37:50] /a 
[19/07/2016 19:37:50] /a 
[19/07/2016 19:37:51] /a 
[19/07/2016 19:37:51] /a 
[19/07/2016 19:37:52] /a 
[19/07/2016 19:37:52] /a 
[19/07/2016 19:37:53] /a 
[19/07/2016 19:37:53] /a 
[19/07/2016 19:38:19] /god 7697
[19/07/2016 19:39:02] /goto kinazinha
[19/07/2016 19:39:07] /a
[19/07/2016 19:39:35] /t
[19/07/2016 21:02:22] /god supreme robe
[19/07/2016 21:02:28] /god supreme short
[19/07/2016 21:02:35] /god supreme hat
[19/07/2016 21:02:42] /god supreme livro
[19/07/2016 21:02:43] /god supreme livro
[19/07/2016 21:03:38] /god 2424
[19/07/2016 21:12:08] /god ultimate staff
[19/07/2016 21:13:19] /clean
[20/07/2016 00:41:32] /clean
[20/07/2016 00:41:34] /t
[20/07/2016 01:37:07] /a 2
[20/07/2016 01:37:28] /a 3
[20/07/2016 01:37:36] /a 5
[20/07/2016 01:37:37] /a 5
[20/07/2016 01:37:39] /a 5
[20/07/2016 01:37:41] /a 5
[20/07/2016 01:37:46] /up
[20/07/2016 01:37:56] /a
[20/07/2016 01:37:57] /a
[20/07/2016 01:37:57] /a
[20/07/2016 01:37:58] /a
[20/07/2016 01:37:58] /a
[20/07/2016 01:38:01] /a
[20/07/2016 01:38:02] /a
[20/07/2016 01:38:03] /a
[20/07/2016 01:38:03] /a
[20/07/2016 01:38:04] /a
[20/07/2016 01:38:05] /a
[20/07/2016 01:38:05] /a
[20/07/2016 01:38:06] /a
[20/07/2016 01:38:06] /a
[20/07/2016 01:38:12] /up
[20/07/2016 01:38:31] /a 6
[20/07/2016 01:38:32] /a 6
[20/07/2016 01:38:33] /a 6
[20/07/2016 01:38:36] /a 6
[20/07/2016 01:38:38] /a 6
[20/07/2016 01:38:39] /a 6
[20/07/2016 01:38:41] /a 6
[20/07/2016 01:38:45] /up
[20/07/2016 01:38:46] /up
[20/07/2016 01:39:09] /god 6512
[20/07/2016 01:42:15] /goto female
[20/07/2016 01:42:22] /t
[20/07/2016 01:46:50] /r
[20/07/2016 01:47:20] /a 2
[20/07/2016 01:47:29] /a
[20/07/2016 01:47:32] /r
[20/07/2016 01:47:36] /r
[20/07/2016 01:47:37] /r
[20/07/2016 01:47:39] /r
[20/07/2016 01:47:41] /r
[20/07/2016 01:47:45] /r
[20/07/2016 01:47:46] /r
[20/07/2016 01:49:10] /ghost
[20/07/2016 01:49:29] /newtype 333
[20/07/2016 01:49:31] /newtype 332
[20/07/2016 01:49:33] /newtype 331
[20/07/2016 01:49:37] /t
[20/07/2016 01:50:43] /t
[20/07/2016 01:52:08] /god 7364
[20/07/2016 01:52:38] /god 8858
[20/07/2016 01:52:57] /ghost
[20/07/2016 01:53:00] /t
[20/07/2016 16:10:22] /ghost
[20/07/2016 16:10:36] /ghost
[20/07/2016 16:12:44] /newtype 332
[20/07/2016 16:12:49] /ghost
[20/07/2016 16:12:53] /newtype 333
[20/07/2016 16:12:57] /newtype 331
[20/07/2016 16:12:59] /ghost
[20/07/2016 16:14:49] /a 6
[20/07/2016 16:14:50] /a 6
[20/07/2016 16:15:03] /a
[20/07/2016 16:15:04] /a
[20/07/2016 16:15:05] /a
[20/07/2016 16:15:22] /clean
[20/07/2016 16:15:55] /t
[20/07/2016 16:16:00] /c Weverton sz
[20/07/2016 16:16:05] /a 3
[20/07/2016 16:16:06] /a 3
[20/07/2016 16:16:08] /a 3
[20/07/2016 16:16:13] /a 6
[20/07/2016 16:16:51] /t
[20/07/2016 16:16:59] /ghost
[20/07/2016 16:17:14] /newtype 331
[20/07/2016 16:17:31] /a 5
[20/07/2016 16:17:33] /a 5
[20/07/2016 16:17:36] /a 5
[20/07/2016 16:17:49] /ghost
[20/07/2016 16:18:17] /a 5
[20/07/2016 16:18:20] /a
[20/07/2016 16:18:22] /a
[20/07/2016 16:18:26] /a 4
[20/07/2016 16:21:39] /ghost
[20/07/2016 16:22:11] /t
[20/07/2016 16:22:31] /ghost
[20/07/2016 18:25:03] /god ring
[20/07/2016 18:25:38] /god 3031
[20/07/2016 18:25:43] /r
[20/07/2016 18:26:19] /god 2157
[20/07/2016 18:28:53] /clean
[20/07/2016 18:29:05] /newtype 331
[20/07/2016 18:29:08] /ghost
[20/07/2016 18:37:01] /ghost
[20/07/2016 18:37:44] /ghost
[20/07/2016 18:38:16] /ghost
[20/07/2016 20:00:03] /ghost
[20/07/2016 20:07:19] /newtype 100
[20/07/2016 20:07:23] /newtype 101
[20/07/2016 20:07:24] /newtype 102
[20/07/2016 20:07:25] /newtype 103
[20/07/2016 20:07:28] /newtype 104
[20/07/2016 20:07:30] /newtype 105
[20/07/2016 20:07:31] /newtype 106
[20/07/2016 20:07:42] /newtype 107
[20/07/2016 20:07:43] /newtype 108
[20/07/2016 20:07:45] /newtype 109
[20/07/2016 20:07:48] /newtype 110
[20/07/2016 20:07:49] /newtype 111
[20/07/2016 20:08:20] /newtype 112
[20/07/2016 20:08:22] /newtype 113
[20/07/2016 20:08:24] /newtype 114
[20/07/2016 20:08:25] /newtype 115
[20/07/2016 20:08:27] /newtype 116
[20/07/2016 20:08:29] /newtype 117
[20/07/2016 20:08:31] /newtype 118
[20/07/2016 20:08:35] /newtype 119
[20/07/2016 20:08:37] /newtype 120
[20/07/2016 20:08:39] /newtype 121
[20/07/2016 20:08:40] /newtype 122
[20/07/2016 20:08:41] /newtype 123
[20/07/2016 20:08:43] /newtype 124
[20/07/2016 20:08:44] /newtype 125
[20/07/2016 20:08:45] /newtype 126
[20/07/2016 20:08:47] /newtype 127
[20/07/2016 20:08:48] /newtype 128
[20/07/2016 20:08:54] /newtype 129
[20/07/2016 20:09:04] /newtype 130
[20/07/2016 20:09:06] /newtype 131
[20/07/2016 20:09:07] /newtype 132
[20/07/2016 20:09:09] /newtype 13
[20/07/2016 20:09:10] /newtype 14
[20/07/2016 20:09:11] /newtype 15
[20/07/2016 20:09:14] /newtype 136
[20/07/2016 20:10:01] /newtype 137
[20/07/2016 20:10:03] /newtype 138
[20/07/2016 20:10:04] /newtype 139
[20/07/2016 20:10:07] /newtype 140
[20/07/2016 20:11:35] /newtype 331.
[20/07/2016 20:12:26] /newtype 155
[20/07/2016 20:12:27] /newtype 156
[20/07/2016 20:12:29] /newtype 157
[20/07/2016 20:12:31] /newtype 158
[20/07/2016 20:12:32] /newtype 159
[20/07/2016 20:12:35] /newtype 160
[20/07/2016 20:12:40] /newtype 161
[20/07/2016 20:12:42] /newtype 162
[20/07/2016 20:12:43] /newtype 163
[20/07/2016 20:12:46] /newtype 166
[20/07/2016 20:12:48] /newtype 170
[20/07/2016 20:12:52] /newtype 200
[20/07/2016 20:12:54] /newtype 201
[20/07/2016 20:12:55] /newtype 203
[20/07/2016 20:12:57] /newtype 204
[20/07/2016 20:12:58] /newtype 205
[20/07/2016 20:12:59] /newtype 206
[20/07/2016 20:13:00] /newtype 207
[20/07/2016 20:13:02] /newtype 208
[20/07/2016 20:13:03] /newtype 209
[20/07/2016 20:13:05] /newtype 210
[20/07/2016 20:13:07] /newtype 211
[20/07/2016 20:13:09] /newtype 212
[20/07/2016 20:13:11] /newtype 213
[20/07/2016 20:14:43] /newtype 212
[20/07/2016 20:14:45] /newtype 213
[20/07/2016 20:14:47] /newtype 214
[20/07/2016 20:14:48] /newtype 215
[20/07/2016 20:14:50] /newtype 216
[20/07/2016 20:14:51] /newtype 217
[20/07/2016 20:14:53] /newtype 218
[20/07/2016 20:14:54] /newtype 219
[20/07/2016 20:14:57] /newtype 220
[20/07/2016 20:14:59] /newtype 221
[20/07/2016 20:15:00] /newtype 222
[20/07/2016 20:15:05] /newtype 223
[20/07/2016 20:15:07] /newtype 224
[20/07/2016 20:15:09] /newtype 225
[20/07/2016 20:15:10] /newtype 226
[20/07/2016 20:15:11] /newtype 227
[20/07/2016 20:15:15] /newtype 228
[20/07/2016 20:15:23] /newtype 229
[20/07/2016 20:15:28] /newtype 230
[20/07/2016 20:15:32] /newtype 231
[20/07/2016 20:15:33] /newtype 232
[20/07/2016 20:28:10] /ghost
[20/07/2016 20:32:27] /t
[20/07/2016 20:35:28] /ghost
[20/07/2016 20:36:02] /m infernatil
[20/07/2016 20:36:19] /r
[20/07/2016 20:38:44] /b policia ladrao me robo
[20/07/2016 20:38:45] /b policia ladrao me robo
[20/07/2016 20:38:47] /b policia ladrao me robo
[20/07/2016 20:41:02] /a 3
[20/07/2016 20:44:58] /a 3
[21/07/2016 13:24:51] /clean
[21/07/2016 13:25:05] /ghost
[21/07/2016 13:26:10] /t
[21/07/2016 13:28:04] /god 2352
[21/07/2016 13:28:24] /god 6536
[21/07/2016 13:28:38] /god vip7 doll
[21/07/2016 13:56:52] /clean
[21/07/2016 17:44:56] /god 8925
[21/07/2016 17:45:32] /god 12385
[21/07/2016 17:45:50] /a 2
[21/07/2016 21:00:33] /clean
[21/07/2016 21:03:52] /ghost
[21/07/2016 21:16:43] /ghost
[21/07/2016 21:16:44] /t
[23/07/2016 15:26:53] /god 8925
[23/07/2016 15:27:19] /god  12385
[23/07/2016 15:31:48] /god 6536
[23/07/2016 15:31:50] /god 6536
[23/07/2016 15:31:58] /goto kinazinha
[23/07/2016 15:32:09] /t
[23/07/2016 17:12:32] /t
[23/07/2016 18:28:28] /clean
[23/07/2016 18:31:52] /a 2
[23/07/2016 18:32:02] /t
[23/07/2016 18:32:22] /s Supreme Mad
[23/07/2016 18:32:25] /c Supreme Mad
[23/07/2016 18:32:35] /a 2
[23/07/2016 18:32:48] /a 2
[23/07/2016 18:32:54] /a 2
