[02/08/2016 12:47:39] /goto Zickpally
[02/08/2016 12:48:55] /ghost
[02/08/2016 13:23:31] /b vai cair dnv
[02/08/2016 13:23:35] /save
[02/08/2016 13:25:05] /ghost
[02/08/2016 13:25:06] /t
[02/08/2016 13:33:35] /ghost
[02/08/2016 13:35:09] /i exp 7x
[02/08/2016 13:36:04] /giveitem Death Rocks,6536
[02/08/2016 13:45:11] /b ot vai cair dnv galera vo te q mudar o ip novo ip sera  baiakMagnatavip18.ddns.net
[02/08/2016 13:45:12] /b ot vai cair dnv galera vo te q mudar o ip novo ip sera  baiakMagnatavip18.ddns.net
[02/08/2016 13:45:20] /b ot vai cair dnv galera vo te q mudar o ip novo ip sera  baiakMagnatavip18.ddns.net
[02/08/2016 13:45:20] /b ot vai cair dnv galera vo te q mudar o ip novo ip sera  baiakMagnatavip18.ddns.net
[02/08/2016 13:45:21] /b ot vai cair dnv galera vo te q mudar o ip novo ip sera  baiakMagnatavip18.ddns.net
[02/08/2016 13:45:31] /save
[02/08/2016 13:50:00] /reload globalevent
[02/08/2016 13:53:36] /c adm orion
[02/08/2016 13:55:17] /t
[02/08/2016 13:55:52] /up
[02/08/2016 13:55:53] /up
[02/08/2016 13:55:53] /up
[02/08/2016 13:55:55] /ghost
[02/08/2016 13:55:59] /i Magnata amuleto
[02/08/2016 13:56:08] /attr skull 4
[02/08/2016 13:56:17] /m gandalf branco
[02/08/2016 13:56:26] /c Gunx
[02/08/2016 13:56:31] /r
[02/08/2016 14:00:24] /ghost
[02/08/2016 14:00:25] /t
[02/08/2016 14:09:40] /a 5
[02/08/2016 14:09:41] /a 5
[02/08/2016 14:09:42] /a 5
[02/08/2016 14:09:43] /a 5
[02/08/2016 14:09:43] /a 5
[02/08/2016 14:09:45] /t
[02/08/2016 14:16:20] /goto [Svip] Pyromaniac
[02/08/2016 14:16:23] /ghost
[02/08/2016 14:16:36] /ghost
[02/08/2016 14:16:37] /t
[02/08/2016 14:30:17] /goto Sinistro
[02/08/2016 14:30:22] /t
[02/08/2016 15:55:25] /ghost
[02/08/2016 16:00:31] /b gogo testar evento ctf
[02/08/2016 16:00:32] /b gogo testar evento ctf
[02/08/2016 16:00:32] /b gogo testar evento ctf
[02/08/2016 16:00:40] /r
[02/08/2016 16:05:03] /i area ultimate
[02/08/2016 16:05:18] /giveitem Uwk Mito Rp,6512
[02/08/2016 16:09:18] /r
[02/08/2016 16:09:23] /ghost
[02/08/2016 16:20:33] /goto Lord'paulistinha
[02/08/2016 16:23:57] /goto Lord'paulistinha
[02/08/2016 16:24:00] /t
[02/08/2016 16:38:44] /goto Japazinho
[02/08/2016 16:38:50] /ghost
[02/08/2016 16:38:54] /goto Japazinho
[02/08/2016 16:38:55] /goto Japazinho
[02/08/2016 16:38:56] /goto Japazinho
[02/08/2016 16:38:57] /goto Japazinho
[02/08/2016 16:38:57] /goto Japazinho
[02/08/2016 16:38:58] /goto Japazinho
[02/08/2016 16:38:58] /goto Japazinho
[02/08/2016 16:38:59] /goto Japazinho
[02/08/2016 16:39:00] /goto Japazinho
[02/08/2016 16:39:01] /goto Japazinho
[02/08/2016 16:39:03] /goto Japazinho
[02/08/2016 16:39:03] /goto Japazinho
[02/08/2016 16:39:04] /goto Japazinho
[02/08/2016 16:39:05] /goto Japazinho
[02/08/2016 16:39:06] /goto Japazinho
[02/08/2016 16:39:09] /t Japazinho
[02/08/2016 16:39:14] /ghost
[02/08/2016 16:39:14] /t
[02/08/2016 16:39:21] /goto Japazinho
[02/08/2016 16:39:24] /ghost
[02/08/2016 16:39:39] /ghost
[02/08/2016 16:40:15] /goto Japazinho
[02/08/2016 16:40:19] /ghost
[02/08/2016 16:40:29] /i Magnata staff
[02/08/2016 16:40:33] /ghost
[02/08/2016 16:40:35] /t
[02/08/2016 18:01:14] /goto Zaack
[02/08/2016 18:01:20] /ghost
[02/08/2016 18:01:30] /t
[02/08/2016 18:01:32] /ghost
[02/08/2016 18:02:27] /goto Zaack
[02/08/2016 18:49:41] /goto Knight Hell
[02/08/2016 18:49:44] /r
[02/08/2016 18:49:45] /t
[02/08/2016 19:33:56] /ghost
[02/08/2016 19:37:02] /i donate slingshot
[02/08/2016 19:38:57] /ghost
[02/08/2016 20:29:55] /clean
[02/08/2016 20:31:54] /goto Klinx
[02/08/2016 20:32:34] /giveitem Klinx,6512
[02/08/2016 20:32:52] /ghost
[02/08/2016 20:36:19] /ghost
[02/08/2016 20:38:24] /reload creaturescripts
[02/08/2016 20:39:07] /ghost
[02/08/2016 20:40:35] /giveitem klinx,6512
[02/08/2016 20:41:09] /additem 6536,2
[02/08/2016 20:43:23] /ghost
[02/08/2016 20:44:34] /additem 6536,2
[02/08/2016 20:44:44] /ghost
[02/08/2016 20:45:09] /giveitem Klinx,6512
[02/08/2016 20:45:31] /b se nao cair vo fazer evento para recompensar blz
[02/08/2016 20:45:43] /goto Topmemo
[02/08/2016 20:45:48] /goto Topmemo
[02/08/2016 20:45:50] /goto Topmemo
[02/08/2016 20:45:51] /goto Topmemo
[02/08/2016 20:45:53] /goto Topmemo
[02/08/2016 20:45:56] /t
[02/08/2016 20:47:27] /i oil lamp
[02/08/2016 20:48:03] /i oil lamp
[02/08/2016 20:48:08] /i oil lamp
[02/08/2016 20:48:18] /additem 2344,1
[02/08/2016 20:52:43] /goto Toque de Ternura
[02/08/2016 20:52:59] /t
[02/08/2016 22:40:45] /goto Fabin Pica Dura 
[02/08/2016 22:40:59] /t
[03/08/2016 09:46:04] /ghost
[03/08/2016 09:46:19] /t
[03/08/2016 09:46:20] /ghost
[03/08/2016 09:46:33] /up
[03/08/2016 09:46:33] /up
[03/08/2016 09:46:34] /up
[03/08/2016 09:46:35] /up
[03/08/2016 09:47:16] /goto Fabin Pica Dura
[03/08/2016 09:50:18] /t
[03/08/2016 09:51:10] /i 11249
[03/08/2016 09:51:21] /ghost
[03/08/2016 10:07:01] /c adm orion
[03/08/2016 10:07:10] /a
[03/08/2016 10:07:11] /a
[03/08/2016 10:07:12] /a
[03/08/2016 10:07:13] /a
[03/08/2016 10:07:17] /a 2
[03/08/2016 10:07:22] /a 2
[03/08/2016 10:07:24] /a 2
[03/08/2016 10:07:25] /a 2
[03/08/2016 10:07:26] /a 2
[03/08/2016 10:10:29] /t
[03/08/2016 10:10:30] /ghost
[03/08/2016 10:10:46] /c adm orion
[03/08/2016 10:16:42] /save
[03/08/2016 10:16:49] /reload config
[03/08/2016 10:20:29] /goto ADM Orion
[03/08/2016 10:20:34] /ghost
[03/08/2016 10:24:41] /i Magnata staff
[03/08/2016 10:25:41] /ghost
[03/08/2016 10:25:42] /t
[03/08/2016 10:52:41] /b galera estamos tendo problemas no dedicado
[03/08/2016 10:52:54] /ghost
[03/08/2016 10:53:31] /ghost
[03/08/2016 11:19:16] /i Magnata staff
[03/08/2016 11:19:23] /giveitem Heart Of Ice,11390
[03/08/2016 11:20:01] /r
[03/08/2016 11:20:02] /r
[03/08/2016 11:20:03] /r
[03/08/2016 11:20:04] /r
[03/08/2016 11:20:05] /r
[03/08/2016 11:23:23] /ghost
[03/08/2016 11:37:15] /ghost
[03/08/2016 11:48:43] /goto bibi
[03/08/2016 11:48:46] /ghost
[03/08/2016 11:50:19] /ghost
[03/08/2016 12:26:57] /t
[03/08/2016 15:12:48] /goto adm patricinha
[03/08/2016 15:12:53] /goto adm patricinha
[03/08/2016 15:22:32] /ghost
[03/08/2016 15:22:59] /ghost
[03/08/2016 15:24:14] /goto taca taca
[03/08/2016 15:24:18] /a 5
[03/08/2016 15:38:59] /c Me da Ban
[03/08/2016 15:44:28] /ghost
[03/08/2016 15:46:26] /up
[03/08/2016 15:46:27] /up
[03/08/2016 15:46:27] /up
[03/08/2016 15:46:28] /up
[03/08/2016 15:46:33] /c taca taca
[03/08/2016 15:50:33] /t taca taca
[03/08/2016 15:50:34] /t
[03/08/2016 15:50:57] /n informnte
[03/08/2016 15:50:59] /n informnte
[03/08/2016 15:51:00] /n informnte
[03/08/2016 15:51:00] /n informnte
[03/08/2016 15:51:01] /n informnte
[03/08/2016 15:52:00] /ghost
[03/08/2016 15:52:55] /goto [Svip] Patriciasz
[03/08/2016 15:53:26] /up
[03/08/2016 16:31:04] /t
[03/08/2016 16:40:32] /r
[03/08/2016 17:35:45] /goto adm patricinha
[03/08/2016 18:05:11] /goto ADM Orion
[03/08/2016 18:06:30] /t
[03/08/2016 18:27:18] /ghost
[03/08/2016 18:27:35] /kick Death Rocks
[03/08/2016 18:28:31] /ghost
[03/08/2016 19:42:50] /goto Knight Hell
[03/08/2016 19:42:53] /t
[03/08/2016 19:47:14] /goto ADM Shayt
[03/08/2016 19:47:24] /goto Smug'nagata
[03/08/2016 19:47:27] /goto adm shayt
[03/08/2016 19:47:29] /c Smug'nagata
[03/08/2016 19:48:09] /c Knight Hell
[03/08/2016 19:50:01] /t
[03/08/2016 19:50:24] /goto Knight Hell
[03/08/2016 19:50:32] /c zaack
[03/08/2016 19:50:34] /t
[03/08/2016 19:50:54] /info Druid Boladaum
[03/08/2016 19:51:02] /info Heart Of Ice
[03/08/2016 19:51:12] /info Druid Boladaum
[03/08/2016 20:46:50] /a
[03/08/2016 20:46:53] /i supreme vip
[03/08/2016 20:47:09] /i 10390
[03/08/2016 20:47:17] /r 100
[03/08/2016 20:47:18] /r 100
[03/08/2016 20:47:18] /r 100
[03/08/2016 20:47:18] /r 100
[03/08/2016 20:47:28] /i premium 30 dias
[03/08/2016 20:47:33] /i exp 7x
[03/08/2016 20:47:39] /i card exp 5x
[03/08/2016 20:47:52] /i present bag
[03/08/2016 20:47:57] /i 2157
[03/08/2016 20:48:39] /t
[04/08/2016 11:21:50] /t
[04/08/2016 11:30:49] /ghost
[04/08/2016 11:32:51] /r
[04/08/2016 11:33:03] /ghost
[04/08/2016 11:33:12] /ghost
[04/08/2016 11:33:31] /ghost
[04/08/2016 12:01:24] /ghost
[04/08/2016 12:03:48] /ghost
[04/08/2016 12:35:15] /goto adm patricinha
[04/08/2016 12:37:41] /ghost
[04/08/2016 12:38:33] /i donate staff
[04/08/2016 12:38:50] /giveitem Shacall,12279
[04/08/2016 12:38:59] /ghost
[04/08/2016 13:09:46] /info ADM Patricinha
[04/08/2016 13:23:53] /i ultimate area
[04/08/2016 13:23:58] /i area ultimate
[04/08/2016 13:24:10] /giveitem Death Rocks,6512
[04/08/2016 13:26:00] /goto ADM Patricinha
[04/08/2016 13:26:24] /i 2157
[04/08/2016 13:26:36] /i premium 30 dias
[04/08/2016 13:26:46] /i present bag
[04/08/2016 13:26:55] /t
[04/08/2016 13:28:58] /i supreme vip
[04/08/2016 13:29:28] /goto Zik Msm
[04/08/2016 13:42:38] /r
[04/08/2016 14:22:16] /t
[04/08/2016 14:22:21] /a
[04/08/2016 14:22:23] /t
[04/08/2016 14:22:31] /goto ADM Patricinha
[04/08/2016 15:47:32] /goto Supreme Master
[04/08/2016 16:11:49] /r
[04/08/2016 21:08:21] /goto Sarrada No Ar
[04/08/2016 21:08:25] /t
[04/08/2016 21:27:24] /storage 789456
[04/08/2016 21:27:33] /storage Supreme Master
[04/08/2016 21:29:55] /storage Supreme Master 789456
[04/08/2016 21:30:23] /storage Supreme Master
[04/08/2016 21:30:41] /storage ADM Fusino,789456
[05/08/2016 10:17:09] /t
[05/08/2016 10:37:48] /ghost
[05/08/2016 10:38:21] /ghost
[05/08/2016 10:52:48] /goto Princeszinha
[05/08/2016 10:52:50] /t
[05/08/2016 10:54:45] /i tedy panda
[05/08/2016 10:54:55] /i Panda Teddy
[05/08/2016 10:55:03] /i teddy panda
[05/08/2016 13:54:42] /t Erika'sz
[05/08/2016 15:36:26] /ghost
[05/08/2016 15:37:43] /i supreme staff
[05/08/2016 15:38:04] /r 100
[05/08/2016 15:38:07] /r 100
[05/08/2016 15:39:02] /ghost
[05/08/2016 16:00:10] /r
[05/08/2016 19:25:19] /t
[05/08/2016 19:25:20] /ghost
[05/08/2016 19:25:25] /ghost
[05/08/2016 19:51:31] /goto Legacy
[05/08/2016 19:51:39] /ghost
[05/08/2016 19:52:49] /i 2157
[05/08/2016 20:17:18] /ghost
[05/08/2016 20:17:28] /goto Elder green
[05/08/2016 20:17:31] /t
[06/08/2016 10:34:27] /c Acoountloko
[06/08/2016 10:34:42] /owner Acoountloko
[06/08/2016 10:34:54] /t
[06/08/2016 14:30:43] /ghost
[06/08/2016 14:31:01] /ghost
[06/08/2016 16:01:23] /r
[06/08/2016 17:09:06] /goto [Svip] Pyromaniac
[06/08/2016 17:09:23] /i ultimate arrow
[06/08/2016 17:09:54] /i supreme armor
[06/08/2016 17:10:10] /i supreme helmet
[06/08/2016 17:37:26] /t
[06/08/2016 17:48:16] /ghost
[06/08/2016 17:49:20] /ghost
[06/08/2016 17:51:48] /ghost
[06/08/2016 17:52:28] /ghost
[07/08/2016 10:42:37] /goto ADM Shayt
[07/08/2016 10:43:10] /t
[07/08/2016 11:02:25] /ghost
[07/08/2016 11:02:36] /ghost
[07/08/2016 11:43:03] /c ADM Shayt
[07/08/2016 11:44:08] /t
[07/08/2016 11:44:10] /up
[07/08/2016 11:44:10] /up
[07/08/2016 11:44:11] /up
[07/08/2016 11:44:13] /c ADM Shayt
[07/08/2016 11:46:06] /r
[07/08/2016 11:46:07] /r
[07/08/2016 11:46:08] /r
[07/08/2016 11:46:43] /attr armor 750
[07/08/2016 11:46:50] /attr set armor 750
[07/08/2016 11:47:39] /goto Qwerty
[07/08/2016 11:47:47] /goto ADM Shayt
[07/08/2016 12:37:25] /r
[07/08/2016 12:43:16] /t
[07/08/2016 12:46:34] /goto Knd Druid
[07/08/2016 12:48:43] /ghost
[07/08/2016 12:58:40] /r
[07/08/2016 12:58:41] /r
[07/08/2016 12:58:42] /r
[07/08/2016 13:00:11] /ghost
[07/08/2016 13:13:29] /t
[07/08/2016 13:13:32] /ghost
[07/08/2016 13:18:23] /c Nenenm
[07/08/2016 13:19:06] /ghost
[07/08/2016 16:07:41] /r
[07/08/2016 17:22:33] /ghost
[07/08/2016 17:25:43] /m treiner
[07/08/2016 17:26:04] /r
[07/08/2016 17:36:52] /t
[07/08/2016 17:43:31] /r
[07/08/2016 17:43:32] /r
[07/08/2016 17:43:33] /r
[07/08/2016 17:43:35] /r
[07/08/2016 17:43:50] /goto Chavozinho
[07/08/2016 17:48:46] /a
[07/08/2016 17:49:18] /a
[07/08/2016 17:51:31] /a 6
[07/08/2016 17:52:03] /reload talkactions
[07/08/2016 17:53:48] /a -2
[07/08/2016 17:53:49] /a -2
[07/08/2016 17:53:49] /a -2
[07/08/2016 17:53:50] /a -2
[07/08/2016 17:53:50] /a -2
[07/08/2016 17:53:51] /a -2
[07/08/2016 17:57:23] /goto Chavozinho
[07/08/2016 17:58:09] /t
[07/08/2016 17:59:05] /r
[07/08/2016 18:06:09] /attr
[07/08/2016 18:06:50] /attr
[07/08/2016 18:07:19] /attr skull 5
[07/08/2016 18:07:22] /attr skull 0
[07/08/2016 18:07:34] /attr skull 2
[07/08/2016 18:07:36] /attr skull 2
[07/08/2016 18:07:39] /attr skull 3
[07/08/2016 18:07:41] /attr skull 3
[07/08/2016 18:07:47] /attr skull 3
[07/08/2016 18:07:55] /attr skull 4
[07/08/2016 18:08:06] /attr skull 4
[07/08/2016 18:10:15] /i 2157
[07/08/2016 18:10:50] /clean
[07/08/2016 18:12:10] /ghost
[07/08/2016 19:06:12] /giveitem Kina sem pane,2157,100
[07/08/2016 19:34:14] /ghost
[07/08/2016 19:34:51] /m bug
[07/08/2016 19:38:40] /i supreme helmet
[07/08/2016 19:40:32] /i supreme livro
[07/08/2016 19:49:58] /ghost
[07/08/2016 19:51:32] /goto [Svip] Pyromaniac
[07/08/2016 19:53:27] /t
[07/08/2016 20:03:48] /goto Sarrada No Ar
[07/08/2016 20:04:20] /ghost
[07/08/2016 20:04:21] /r
[07/08/2016 20:04:27] /r
[07/08/2016 20:04:32] /r
[07/08/2016 20:04:47] /ghost
[07/08/2016 20:04:48] /t
[08/08/2016 11:20:21] /ghost
[08/08/2016 11:20:54] /goto Red's
[08/08/2016 11:21:04] /t
[08/08/2016 11:22:52] /goto Red's
[08/08/2016 11:22:56] /t
[08/08/2016 11:23:13] /r
[08/08/2016 11:24:11] /ghost
[08/08/2016 11:25:33] /ghost
[08/08/2016 11:31:52] /ghost
[08/08/2016 14:44:31] /ghost
[08/08/2016 14:49:44] /up
[08/08/2016 14:49:45] /up
[08/08/2016 14:49:46] /up
[08/08/2016 14:49:48] /c cesinha
[08/08/2016 14:52:33] /goto [Svip] Patriciasz
[08/08/2016 14:52:46] /t
[08/08/2016 14:52:51] /goto cesinha
[08/08/2016 14:53:58] /i supreme short
[08/08/2016 14:54:26] /i Magnata mage shield
[08/08/2016 14:54:36] /i fuson boots
[08/08/2016 14:54:42] /i Magnata boots
[08/08/2016 14:54:57] /i master backpack
[08/08/2016 14:55:12] /i 2157
[08/08/2016 14:55:44] /t Cesinha
[08/08/2016 14:55:50] /c Qwerty
[08/08/2016 14:56:36] /i mage ring
[08/08/2016 14:57:09] /m treiner
[08/08/2016 14:57:24] /r
[08/08/2016 15:02:48] /t Qwerty
[08/08/2016 15:02:49] /ghost
[08/08/2016 15:02:51] /t
[08/08/2016 17:13:23] /r
[08/08/2016 17:17:25] /ghost
[08/08/2016 17:19:41] /c Lucyan Knight
[08/08/2016 17:21:13] /goto Brisa
[08/08/2016 17:21:37] /t
[08/08/2016 17:22:10] /ghost
[08/08/2016 17:56:50] /goto Lass
[08/08/2016 17:57:14] /t
[08/08/2016 18:17:15] /goto [Svip] Biia Pally
[08/08/2016 18:17:19] /t
[08/08/2016 18:19:31] /i supreme hat
[08/08/2016 18:21:43] /save
[08/08/2016 18:21:49] /reload movements
[08/08/2016 19:02:01] /goto Blukkerzinn
[08/08/2016 19:02:53] /t
[08/08/2016 20:23:14] /ghost
[08/08/2016 20:23:22] /clean
[08/08/2016 20:23:34] /ghost
[08/08/2016 20:23:59] /goto Blukkerzinn
[08/08/2016 20:24:02] /t
[08/08/2016 20:24:16] /r
[08/08/2016 20:24:17] /r
[08/08/2016 20:24:28] /r
[08/08/2016 20:24:29] /t
[08/08/2016 20:24:31] /r
[08/08/2016 20:30:03] /goto [Svip] Bruna
[08/08/2016 20:30:30] /t [Svip] Bruna
[08/08/2016 20:30:31] /t
[09/08/2016 10:37:13] /t Zika viros
[09/08/2016 10:37:16] /t Pokebolas
[09/08/2016 10:37:23] /ghost
[09/08/2016 10:39:52] /c Loading
[09/08/2016 10:40:09] /t
[09/08/2016 10:40:38] /r
[09/08/2016 10:40:40] /r
[09/08/2016 10:40:48] /r
[09/08/2016 10:40:56] /r
[09/08/2016 10:41:11] /ghost
[09/08/2016 10:43:19] /goto Qwerty
[09/08/2016 10:43:31] /t
[09/08/2016 11:55:29] /ghost
[09/08/2016 11:57:56] /a
[09/08/2016 11:57:59] /a
[09/08/2016 12:04:22] /a 2
[09/08/2016 12:04:40] /i superup
[09/08/2016 12:04:45] /i super up
[09/08/2016 12:04:52] /i area super up
[09/08/2016 12:06:38] /goto Tio Jean
[09/08/2016 12:06:42] /t
[09/08/2016 12:07:51] /a 4
[09/08/2016 12:08:00] /i 2767
[09/08/2016 12:08:02] /t
[09/08/2016 12:10:14] /ghost
[09/08/2016 12:46:10] /goto Pally Smoke Buddy
[09/08/2016 12:46:13] /t
[09/08/2016 13:14:46] /goto Electro taliban
[09/08/2016 13:15:04] /r
[09/08/2016 13:15:10] /t
[09/08/2016 16:26:54] /r
[09/08/2016 17:29:14] /ghost
[09/08/2016 17:30:54] /ghost
[09/08/2016 17:52:06] /goto Dark Paladin
[09/08/2016 17:52:24] /goto [Svip] Runnyns
[09/08/2016 17:52:28] /t
[09/08/2016 17:53:45] /goto Dark Paladin
[09/08/2016 17:54:40] /r
[09/08/2016 17:56:09] /t
[09/08/2016 17:56:22] /r
[09/08/2016 17:56:24] /r
[09/08/2016 17:56:25] /r
[09/08/2016 17:56:26] /r
[09/08/2016 18:00:10] /goto Cesinha
[09/08/2016 18:03:31] /goto Cesinha
[09/08/2016 18:03:34] /t
[09/08/2016 18:33:05] /a 5
[09/08/2016 18:34:04] /a 5
[09/08/2016 18:34:16] /c ADM Patricinha
[09/08/2016 19:07:38] /goto cesinha
[09/08/2016 19:07:41] /t
[09/08/2016 19:11:02] /goto ADM Patricinha
[09/08/2016 19:13:50] /a
[09/08/2016 19:20:40] /goto Exterminador
[09/08/2016 19:20:43] /ghost
[09/08/2016 19:20:45] /r
[09/08/2016 19:21:57] /ghost
[09/08/2016 19:25:50] /t
[09/08/2016 19:33:45] /ghost
[09/08/2016 19:39:09] /ghost
[09/08/2016 19:40:53] /a
[09/08/2016 19:41:03] /c Elder Assasssin
[09/08/2016 19:41:10] /t
[09/08/2016 19:58:01] /goto Bob Valentino
[09/08/2016 19:58:04] /t
[09/08/2016 20:39:23] /a 2
[09/08/2016 20:58:08] /goto ADM Patricinha
[10/08/2016 09:31:02] /ghost
[10/08/2016 09:31:05] /ghost
[10/08/2016 10:11:07] /goto Cesinha
[10/08/2016 10:11:15] /t
[10/08/2016 10:11:46] /goto [Svip] Malvado
[10/08/2016 10:12:10] /t
[10/08/2016 10:36:27] /r
[10/08/2016 10:36:28] /r
[10/08/2016 10:36:30] /r
[10/08/2016 10:36:31] /r
[10/08/2016 10:36:32] /r
[10/08/2016 10:40:41] /goto High Aldwin
[10/08/2016 10:45:25] /goto Yakinho
[10/08/2016 10:45:36] /t
[10/08/2016 11:20:57] /goto Cesinha
[10/08/2016 11:22:59] /t
[10/08/2016 15:26:55] /ghost
[10/08/2016 15:41:01] /goto Cesinha
[10/08/2016 15:41:10] /goto Cesinha
[10/08/2016 15:41:25] /t
[10/08/2016 15:45:53] /ghost
[10/08/2016 15:46:36] /i machete
[10/08/2016 15:47:07] /r
[10/08/2016 15:47:24] /ghost
[10/08/2016 15:47:31] /i machete
[10/08/2016 15:47:46] /i machete
[10/08/2016 15:48:11] /ghost
[10/08/2016 15:48:19] /kick Cesinha
[10/08/2016 15:50:11] /i 2261
[10/08/2016 15:50:45] /ghost
[10/08/2016 15:50:59] /t
[10/08/2016 15:51:55] /ghost
[10/08/2016 15:53:02] /ghost
[10/08/2016 15:53:11] /ghost
[10/08/2016 16:04:43] /r
[10/08/2016 16:04:49] /r
[10/08/2016 16:05:08] /goto Elder Assasssin
[10/08/2016 18:31:34] /ghost
[10/08/2016 18:34:32] /i bag
[10/08/2016 18:34:36] /i 2160
[10/08/2016 18:34:39] /i 2157
[10/08/2016 18:34:40] /i 2157
[10/08/2016 18:34:40] /i 2157
[10/08/2016 18:36:25] /ghost
[10/08/2016 18:37:21] /giveitem Henrique,2157,100
[10/08/2016 18:37:33] /ghost
[10/08/2016 18:37:48] /i supreme arco
[10/08/2016 18:39:14] /c Shawbar Love
[10/08/2016 18:43:28] /goto Yakinho
[10/08/2016 18:43:31] /t
[10/08/2016 18:46:27] /ghost
[10/08/2016 18:59:44] /goto Thiuthiu
[10/08/2016 18:59:46] /t
[10/08/2016 19:00:45] /goto ADM Fusino
[10/08/2016 19:00:51] /goto Yakinho
[10/08/2016 19:00:57] /t
[10/08/2016 20:16:52] /c adm patricinha
[10/08/2016 20:49:05] /goto Erika'sz
[10/08/2016 20:49:08] /t
[11/08/2016 09:35:40] /goto Mel De Sal
[11/08/2016 09:35:52] /goto Mel De Sal
[11/08/2016 09:53:18] /t
[11/08/2016 11:15:46] /goto Yakinho
[11/08/2016 11:29:52] /goto Yakinho
[11/08/2016 11:29:55] /t
[11/08/2016 11:58:15] /goto High Aldwin
[11/08/2016 11:58:19] /t
[11/08/2016 16:04:08] /r
[11/08/2016 18:28:28] /ghost
[11/08/2016 18:34:03] /m cave 1
[11/08/2016 18:34:10] /r
[11/08/2016 18:34:46] /attr speed 1000
[11/08/2016 18:34:59] /attr set speed 1000
[11/08/2016 18:36:44] /mode no pvp
[11/08/2016 18:37:45] /mode no-pvp
[11/08/2016 18:37:56] /mode pvp off
[11/08/2016 18:38:41] /mode no
[11/08/2016 18:39:06] /mode pvp enforced
[11/08/2016 18:41:12] /mode nopvp
[11/08/2016 18:41:48] /m boss da promotion
[11/08/2016 18:41:51] /r
[11/08/2016 18:50:27] /newtype 131
[11/08/2016 18:50:30] /newtype 132
[11/08/2016 18:50:32] /newtype 133
[11/08/2016 18:52:34] /mode pvp
[11/08/2016 18:53:07] /ghost
[11/08/2016 19:42:02] /unban Lucyan Knight
[11/08/2016 19:42:12] /goto Lucyan Knight
[11/08/2016 19:42:41] /goto Lucyan Knight
[11/08/2016 19:42:56] /goto Lucyan Knight
[11/08/2016 19:42:59] /goto Lucyan Knight
[11/08/2016 19:43:00] /goto Lucyan Knight
[11/08/2016 19:43:01] /goto Lucyan Knight
[12/08/2016 11:07:33] /r
[12/08/2016 11:07:34] /r
[12/08/2016 13:19:11] /goto Blukkerzinn
[12/08/2016 13:19:14] /t
[12/08/2016 13:20:21] /giveitem Super pala,2157,100
[12/08/2016 15:03:30] /goto Kina Kina 
[12/08/2016 15:03:31] /goto Kina Kina
[12/08/2016 15:03:34] /goto Kina Kina
[12/08/2016 15:29:38] /goto Tulio
[12/08/2016 15:30:55] /up
[12/08/2016 15:31:00] /c [Svip] Elderszinha
[12/08/2016 15:31:07] /i ultimate axe
[12/08/2016 15:31:12] /t [Svip] Elderszinha
[12/08/2016 15:32:17] /goto Tulio
[12/08/2016 15:32:19] /t
[12/08/2016 15:33:38] /baninfo
[12/08/2016 16:02:42] /goto Pallyzinha
[12/08/2016 16:03:05] /t
[12/08/2016 16:03:14] /r
[12/08/2016 16:04:26] /r
[12/08/2016 16:04:28] /r
[12/08/2016 16:04:34] /r
[12/08/2016 16:04:43] /i 5771
[12/08/2016 16:04:50] /i 4737
[12/08/2016 16:08:18] /goto Pallyzinha
[12/08/2016 16:08:31] /a 4
[12/08/2016 16:11:37] /goto Super pala
[12/08/2016 16:11:40] /t Super pala
[12/08/2016 16:11:41] /t
[12/08/2016 16:51:03] /goto ADM Orion
[12/08/2016 17:00:59] /goto 
[12/08/2016 17:01:01] /goto Kina Love
[12/08/2016 17:01:06] /ghost
[12/08/2016 17:01:48] /r
[12/08/2016 17:01:51] /ghost
[12/08/2016 17:01:56] /goto adm orion
[12/08/2016 17:02:05] /r
[12/08/2016 17:02:07] /r 100
[12/08/2016 17:02:07] /r 100
[12/08/2016 17:02:08] /r 100
[12/08/2016 17:02:09] /r 100
[12/08/2016 17:02:10] /r 100
[12/08/2016 17:02:11] /r 100
[12/08/2016 17:02:11] /r 100
[12/08/2016 17:02:13] /r
[12/08/2016 17:02:14] /r
[12/08/2016 17:02:14] /r
[12/08/2016 17:02:15] /r
[12/08/2016 17:02:16] /r
[12/08/2016 17:02:17] /r
[12/08/2016 17:02:18] /r
[12/08/2016 17:02:19] /r
[12/08/2016 17:02:21] /r
[12/08/2016 17:02:22] /r
[12/08/2016 17:02:26] /owner ADM Fusino
[12/08/2016 17:02:49] /i 6695
[12/08/2016 17:20:39] /goto adm orion
[12/08/2016 17:22:09] /i refinamento excelente
[12/08/2016 17:22:10] /i refinamento excelente
[12/08/2016 17:22:14] /i Magnata sword
[12/08/2016 17:22:25] /i refinamento excelente
[12/08/2016 17:22:26] /i refinamento excelente
[12/08/2016 17:22:29] /i refinamento excelente
[12/08/2016 17:22:31] /i refinamento excelente
[12/08/2016 17:22:33] /i refinamento excelente
[12/08/2016 17:22:34] /i refinamento excelente
[12/08/2016 17:22:36] /i refinamento excelente
[12/08/2016 17:22:39] /i refinamento excelente
[12/08/2016 17:25:51] /goto magezinha
[12/08/2016 18:13:56] /goto ADM Orion
[12/08/2016 18:13:59] /goto ADM Orion
[12/08/2016 18:14:03] /a
[12/08/2016 18:14:04] /ghost
[12/08/2016 18:14:18] /a
[12/08/2016 18:14:19] /a
[12/08/2016 18:15:04] /goto Blukkerzinn
[12/08/2016 18:15:49] /goto Lord pika jhonson
[12/08/2016 18:15:51] /goto Lord pika jhonson
[12/08/2016 18:16:14] /goto Ze da padaria
[12/08/2016 18:16:40] /ghost
[12/08/2016 18:21:14] /i 11817
[12/08/2016 18:21:15] /i 11817
[12/08/2016 18:47:31] /goto Ppka Fantastica
[12/08/2016 18:47:34] /r
[12/08/2016 18:47:36] /r
[12/08/2016 18:47:37] /r
[13/08/2016 10:29:08] /a
[13/08/2016 10:46:04] /goto Cesinha
[13/08/2016 11:37:12] /clean
[13/08/2016 16:14:48] /r
[13/08/2016 16:29:21] /kick Yakinho
[13/08/2016 16:29:28] /kick Suask
[13/08/2016 17:19:11] /goto Rpzao Desumilde
[13/08/2016 19:43:07] /ghost
[13/08/2016 19:45:44] /m treiner
[13/08/2016 19:46:12] /r
[13/08/2016 19:46:27] /attr
[13/08/2016 19:46:34] /attr
[13/08/2016 19:46:36] /attr
[13/08/2016 19:46:37] /attr
[13/08/2016 19:46:38] /attr
[13/08/2016 19:46:39] /attr
[13/08/2016 19:46:40] /attr
[13/08/2016 19:46:41] /attr
[13/08/2016 19:48:08] /i Magnata arco
[13/08/2016 19:48:12] /m treiner
[13/08/2016 19:48:23] /r
[13/08/2016 19:49:15] /ghost
[14/08/2016 15:23:13] /ghost
[14/08/2016 15:28:29] /ghost
[14/08/2016 16:09:04] /r
[14/08/2016 16:09:26] /goto Pai de Familia
[14/08/2016 16:09:35] /kick Druidzix
[14/08/2016 16:26:36] /goto Cesinha
[14/08/2016 16:26:56] /r
[14/08/2016 18:56:54] /r
[14/08/2016 18:56:57] /r
[14/08/2016 19:49:44] /ghost
[14/08/2016 19:50:55] /ghost
[14/08/2016 19:52:29] /ghost
[14/08/2016 19:52:42] /i Magnata armor
[14/08/2016 19:52:49] /i Magnata helmet
[14/08/2016 19:52:55] /i Magnata legs
[14/08/2016 19:53:01] /i Magnata cap
[14/08/2016 19:53:05] /i Magnata hat
[14/08/2016 19:53:13] /i Magnata robe
[14/08/2016 19:53:31] /i Magnata short
[14/08/2016 19:53:59] /i Magnata cape
[14/08/2016 19:54:10] /i Magnata boots
[14/08/2016 19:54:11] /i Magnata boots
[14/08/2016 19:55:50] /r
[14/08/2016 19:56:03] /attr set armor 750
[14/08/2016 19:56:55] /m 	Dworc Venomsniper.
[14/08/2016 19:57:12] /m Dworc Venomsniper
[14/08/2016 19:57:18] /m Dworc Venomsniper
[14/08/2016 19:57:23] /r
[14/08/2016 19:57:25] /r
[14/08/2016 19:57:27] /r
[14/08/2016 19:57:27] /r
[14/08/2016 19:57:28] /r
[14/08/2016 19:57:34] /m Dworc Venomsniper
[14/08/2016 19:57:38] /r
[14/08/2016 19:57:49] /a
[14/08/2016 19:57:52] /m hero
[14/08/2016 19:57:56] /m hero
[14/08/2016 19:58:00] /m hero
[14/08/2016 19:58:24] /m Hellgorak
[14/08/2016 19:58:30] /m Hellgorak
[14/08/2016 19:58:37] /m Hellgorak
[14/08/2016 19:58:45] /m Hellgorak
[14/08/2016 19:58:51] /m Hellgorak
[14/08/2016 19:59:13] /m Minishabaal
[14/08/2016 19:59:22] /m Minishabaal
[14/08/2016 19:59:32] /m Minishabaal
[14/08/2016 19:59:38] /m Minishabaal
[14/08/2016 19:59:52] /m hero
[14/08/2016 19:59:53] /m hero
[14/08/2016 19:59:54] /m hero
[14/08/2016 19:59:54] /m hero
[14/08/2016 19:59:55] /m hero
[14/08/2016 19:59:55] /m hero
[14/08/2016 19:59:55] /m hero
[14/08/2016 20:00:10] /r
[14/08/2016 20:00:11] /a
[14/08/2016 20:03:40] /r
[14/08/2016 20:03:41] /r
[14/08/2016 20:03:42] /r
[14/08/2016 20:03:43] /r
[14/08/2016 20:03:43] /r
[14/08/2016 20:03:44] /r
[14/08/2016 20:03:45] /r
[14/08/2016 20:03:46] /r
[14/08/2016 20:04:17] /r
[14/08/2016 20:04:36] /ghost
[15/08/2016 09:29:36] /goto Cesinha
[15/08/2016 09:29:38] /t
[15/08/2016 09:56:15] /goto Lord Crazy
[15/08/2016 09:56:19] /t
[15/08/2016 11:05:25] /a
[15/08/2016 11:06:11] /t
[15/08/2016 11:59:51] /a
[15/08/2016 12:00:05] /t
[15/08/2016 12:01:35] /ghost
[15/08/2016 12:01:44] /a
[15/08/2016 12:03:34] /i spellbook
[15/08/2016 12:04:06] /r
[15/08/2016 12:04:17] /i label
[15/08/2016 12:06:42] /t
[15/08/2016 12:07:25] /ghost
[15/08/2016 13:28:56] /ghost
[15/08/2016 13:28:59] /ghost
[15/08/2016 13:29:24] /ghost
[15/08/2016 13:30:05] /i mail
[15/08/2016 13:30:48] /i mail
[15/08/2016 13:30:55] /i cardbook
[15/08/2016 13:31:08] /i book
[15/08/2016 13:31:50] /r
[15/08/2016 13:32:32] /i Blank Poetry Parchment
[15/08/2016 13:32:41] /i Document
[15/08/2016 13:33:01] /i Letter
[15/08/2016 13:33:20] /i Document
[15/08/2016 13:33:20] /i Document
[15/08/2016 13:33:21] /i Document
[15/08/2016 13:33:30] /i Document
[15/08/2016 13:33:39] /i Certificate
[15/08/2016 13:33:50] /i Christmas Card
[15/08/2016 13:34:01] /i Letter from the Wizards
[15/08/2016 13:34:16] /i Valentine's Card
[15/08/2016 13:34:18] /r
[15/08/2016 13:34:19] /r
[15/08/2016 13:37:19] /ghost
[15/08/2016 17:07:15] /r
[15/08/2016 17:07:16] /r
[15/08/2016 17:07:17] /r
[15/08/2016 17:07:18] /r
[15/08/2016 17:07:18] /r
[15/08/2016 17:07:22] /r
[15/08/2016 17:07:24] /a
[15/08/2016 17:07:28] /a
[15/08/2016 17:07:28] /r
[15/08/2016 17:07:33] /r
[15/08/2016 17:13:24] /ghost
[15/08/2016 17:17:31] /ghost
[15/08/2016 17:29:00] /r
[15/08/2016 17:29:01] /r
[15/08/2016 17:29:03] /r
[15/08/2016 17:29:04] /r
[15/08/2016 17:29:05] /r
[15/08/2016 17:29:06] /r
[15/08/2016 17:29:08] /r
[15/08/2016 17:29:12] /r
[15/08/2016 17:29:16] /r 100
[15/08/2016 17:29:17] /r 100
[15/08/2016 17:29:29] /r
[15/08/2016 17:29:34] /i 11877
[15/08/2016 17:29:36] /r
[15/08/2016 17:29:41] /i 11899
[15/08/2016 17:29:45] /a
[15/08/2016 17:29:46] /i 11899
[15/08/2016 18:27:29] /goto Pally Zikadosfoda
[15/08/2016 18:27:34] /t
[15/08/2016 18:44:43] /goto Pally Cambur
[15/08/2016 18:44:45] /goto Pally Cambur
[15/08/2016 18:44:46] /goto Pally Cambur
[15/08/2016 18:44:47] /goto Pally Cambur
[15/08/2016 18:44:49] /goto Pally Cambur
[15/08/2016 18:44:51] /goto Pally Cambur
[15/08/2016 18:44:52] /goto Pally Cambur
[15/08/2016 18:44:56] /goto Pally Cambur
[15/08/2016 18:45:05] /goto Pally Cambur
[15/08/2016 18:45:35] /goto [Svip] Dani
[15/08/2016 18:46:26] /t
[15/08/2016 18:59:47] /owner ADM Fusino
[15/08/2016 19:03:52] /goto Realking
[15/08/2016 19:03:54] /goto Realking
[15/08/2016 19:55:45] /goto cesinha
[15/08/2016 19:55:50] /t
[16/08/2016 09:45:56] /goto Lord Pally
[16/08/2016 09:46:06] /t
[16/08/2016 09:58:26] /r
[16/08/2016 09:58:28] /r 100
[16/08/2016 12:04:41] /goto Lord Pally
[16/08/2016 12:04:42] /t
[16/08/2016 14:08:13] /a 5
[16/08/2016 14:14:36] /r
[16/08/2016 14:14:37] /r
[16/08/2016 14:14:37] /r
[16/08/2016 14:14:57] /ghost
[16/08/2016 14:15:12] /r
[16/08/2016 14:15:13] /r
[16/08/2016 14:15:14] /r
[16/08/2016 14:15:14] /r
[16/08/2016 14:15:14] /r
[16/08/2016 14:15:15] /r
[16/08/2016 14:15:15] /r
[16/08/2016 14:15:15] /r
[16/08/2016 14:15:16] /r
[16/08/2016 14:15:16] /r
[16/08/2016 14:15:16] /r
[16/08/2016 14:15:17] /r
[16/08/2016 14:15:17] /r
[16/08/2016 14:15:17] /r
[16/08/2016 14:15:18] /r
[16/08/2016 14:15:18] /r
[16/08/2016 14:15:18] /r
[16/08/2016 14:15:19] /r
[16/08/2016 14:15:19] /r
[16/08/2016 14:15:19] /r
[16/08/2016 14:15:20] /r
[16/08/2016 14:15:21] /r
[16/08/2016 14:15:21] /r
[16/08/2016 14:15:22] /r
[16/08/2016 14:15:22] /r
[16/08/2016 14:15:23] /r
[16/08/2016 14:15:23] /r
[16/08/2016 14:15:23] /r
[16/08/2016 14:15:24] /r
[16/08/2016 14:15:24] /r
[16/08/2016 14:15:25] /r
[16/08/2016 14:15:25] /r
[16/08/2016 14:15:26] /r
[16/08/2016 14:15:27] /r
[16/08/2016 14:15:27] /r
[16/08/2016 14:15:28] /r
[16/08/2016 14:15:28] /r
[16/08/2016 14:15:28] /r
[16/08/2016 14:15:31] /ghost
[16/08/2016 14:17:22] /a
[16/08/2016 15:52:21] /goto Necrothx
[16/08/2016 15:52:27] /t
[16/08/2016 16:11:50] /r
[16/08/2016 17:18:50] /goto Lord Chovoso
[16/08/2016 17:18:52] /t
[16/08/2016 18:38:14] /ghost
[16/08/2016 18:39:18] /i ultimate staff
[16/08/2016 18:42:56] /ghost
[16/08/2016 18:43:00] /ghost
[16/08/2016 18:43:16] /ghost
[16/08/2016 18:43:38] /goto cesinha
[16/08/2016 18:43:45] /t
[16/08/2016 20:20:48] /t
[16/08/2016 20:30:07] /goto taca taca
[16/08/2016 20:30:09] /t
[16/08/2016 20:30:54] /goto Mr Thug
[16/08/2016 20:31:01] /a
[16/08/2016 20:31:22] /c Mr Thug
[16/08/2016 20:31:47] /t
[16/08/2016 20:32:15] /goto magezinha
[17/08/2016 09:08:50] /r
[17/08/2016 10:35:04] /r
[17/08/2016 10:35:05] /r
[17/08/2016 10:35:05] /r
[17/08/2016 10:35:07] /r
[17/08/2016 10:37:14] /i paladin ring
[17/08/2016 10:37:19] /ghost
[17/08/2016 10:38:07] /ghost
[17/08/2016 10:38:14] /r 100
[17/08/2016 10:38:18] /r 100
[17/08/2016 16:01:10] /r
[17/08/2016 17:38:06] /goto Soooi
[17/08/2016 19:13:47] /t
[17/08/2016 20:24:07] /goto Dark Priest
[17/08/2016 20:26:08] /t
[17/08/2016 20:30:24] /goto Dark Priest
[17/08/2016 20:31:18] /goto Dark Priest
