[26/06/2014 15:31:56] /attr set attack 999999999
[26/06/2014 15:32:42] /r
[26/06/2014 15:32:43] /r
[26/06/2014 15:37:55] /addskill Teste Pally,level, 1000
[26/06/2014 15:38:11] /addskill Teste Pally,magic, 30
[26/06/2014 15:40:40] /addskill Teste Pally,magic, 10
[26/06/2014 15:46:17] /addskill Teste Pally,level, 1000
[26/06/2014 15:46:29] /addskill Teste Pally,level, 40
[26/06/2014 15:46:48] /addskill Teste Pally,magic, 40
[26/06/2014 15:48:14] /save
[26/06/2014 16:49:17] /addskill health 40000000
[26/06/2014 16:54:52] /t
[26/06/2014 16:54:55] /t
[26/06/2014 16:54:55] /t
[26/06/2014 16:54:56] /t
[26/06/2014 16:54:59] /t
[03/07/2016 17:36:40] /reload globalevents
[03/07/2016 17:37:13] /i 10309
[03/07/2016 17:37:27] /t
[03/07/2016 17:42:53] /attr group 6
[03/07/2016 17:43:16] /t
[03/07/2016 17:43:28] /goto Maves
[03/07/2016 17:43:31] /goto Maves
[03/07/2016 17:43:37] /goto Maves
[03/07/2016 17:43:39] /goto Maves
[03/07/2016 17:43:43] /goto Maves
[03/07/2016 17:43:45] /goto Maves
[03/07/2016 17:43:45] /goto Maves
[03/07/2016 17:43:46] /goto Maves
[03/07/2016 17:43:47] /goto Maves
[03/07/2016 17:43:48] /goto Maves
[03/07/2016 17:43:51] /goto Maves
[03/07/2016 17:43:51] /goto Maves
[03/07/2016 17:43:52] /goto Maves
[03/07/2016 17:43:53] /goto Maves
[03/07/2016 17:44:02] /t
[03/07/2016 17:44:07] /m newblade
[03/07/2016 17:44:09] /m newblade
[03/07/2016 17:44:11] /m newblade
[03/07/2016 17:44:18] /t
[03/07/2016 17:44:22] /goto Maves
[03/07/2016 17:44:30] /goto Maves
[03/07/2016 17:45:47] /t
[03/07/2016 17:50:25] /i 12279
[03/07/2016 17:51:03] /i Earth Knight Axe
[03/07/2016 17:52:12] /i Mystic Blade
[03/07/2016 17:52:55] /reload items
[03/07/2016 17:55:03] /reload items
[03/07/2016 17:57:15] /i 7464
[03/07/2016 17:58:08] /goto guto
[03/07/2016 17:58:10] /goto guto
[03/07/2016 18:01:32] /t
[03/07/2016 18:02:01] /m demon
[03/07/2016 18:02:19] /r
[03/07/2016 18:06:33] /ghost
[03/07/2016 18:11:36] /t guto
[03/07/2016 18:11:56] /reload spells
[03/07/2016 18:23:24] /newtype 130
[03/07/2016 18:23:26] /ghost
[03/07/2016 18:23:27] /ghost
[03/07/2016 18:25:54] /reload npc
[03/07/2016 18:26:01] /n donate seller
[03/07/2016 18:26:11] /r
[03/07/2016 18:26:34] /n donate seller
[03/07/2016 18:28:53] /r
[03/07/2016 18:29:00] /reload npc
[03/07/2016 18:29:05] /n donate seller
[03/07/2016 18:30:13] /t
[03/07/2016 18:30:38] /t
[03/07/2016 18:30:45] /i 1484
[03/07/2016 18:30:47] /i 1484
[03/07/2016 18:30:48] /i 1484
[03/07/2016 18:30:49] /i 1484
[03/07/2016 18:31:20] /i 1484
[03/07/2016 18:31:20] /i 1484
[03/07/2016 18:31:21] /i 1484
[03/07/2016 18:31:22] /i 1484
[03/07/2016 18:31:47] /r
[03/07/2016 18:31:48] /r
[03/07/2016 18:31:49] /r
[03/07/2016 18:31:50] /r
[03/07/2016 18:38:41] /r
[03/07/2016 18:38:57] /i 1484
[03/07/2016 18:39:24] /r
[03/07/2016 18:39:25] /r
[03/07/2016 18:39:30] /a 2
[03/07/2016 18:39:34] /a 2
[03/07/2016 18:39:36] /a 2
[03/07/2016 18:39:53] /t
[03/07/2016 18:40:00] /t
[03/07/2016 18:46:00] /i 10309
[03/07/2016 18:46:04] /goto guto
[03/07/2016 18:46:05] /ghost
[03/07/2016 18:46:06] /ghost
[03/07/2016 18:46:07] /ghost
[03/07/2016 18:46:08] /goto guto
[03/07/2016 18:50:00] /i 7440
[03/07/2016 19:09:31] /ghost
[03/07/2016 19:38:42] /goto guto
[03/07/2016 19:38:46] /ghost
[03/07/2016 19:38:49] /ghost
[03/07/2016 19:38:51] /ghost
[03/07/2016 19:38:52] /c guto
[03/07/2016 19:39:04] /a 2
[03/07/2016 19:39:10] /c guto
[03/07/2016 19:39:18] /a
[03/07/2016 19:39:21] /c guto
[03/07/2016 19:39:23] /c guto
[03/07/2016 19:39:51] /c guto
[03/07/2016 19:39:59] /ghost
[03/07/2016 20:34:29] /goto guto
[03/07/2016 20:34:31] /r
[03/07/2016 20:51:31] /t
[03/07/2016 20:53:54] /ghost
[03/07/2016 20:55:15] /i sword
[03/07/2016 20:55:26] /attr set attack,9999999
[03/07/2016 20:55:35] /attr attack,99999999
[03/07/2016 20:55:46] /attr set attack,9999999
[03/07/2016 20:55:54] /attr attack 8888888888
[03/07/2016 20:55:58] /attr attack 888888888
[03/07/2016 20:56:11] /attr set attack,99999999999
[03/07/2016 20:56:18] /attr set attack 9999999999999
[03/07/2016 20:56:27] /r
[03/07/2016 20:56:46] /attr set attack 9999999
[03/07/2016 20:57:15] /r
[03/07/2016 20:57:16] /r
[03/07/2016 20:57:17] /t
[03/07/2016 20:58:23] /clean
[03/07/2016 20:59:23] /i vip sword
[03/07/2016 21:00:10] /ghost
[04/07/2016 14:50:37] /a 2
[04/07/2016 14:52:20] /reload npc
[04/07/2016 14:52:25] /a
[04/07/2016 14:52:26] /r
[04/07/2016 14:52:30] /n ring seller
[04/07/2016 14:52:32] /a
[04/07/2016 14:55:53] /t
[04/07/2016 15:01:09] /reload globalevent
[04/07/2016 15:01:40] /reload globalevent
[04/07/2016 15:02:09] /reload globalevent
[04/07/2016 15:03:28] /reload globalevent
[04/07/2016 15:05:07] /reload globalevent
[04/07/2016 15:09:16] /reload globalevent
[04/07/2016 15:09:44] /reload globalevent
[04/07/2016 15:27:06] /reload movements
[04/07/2016 15:27:50] /t
[04/07/2016 15:28:20] /a
[04/07/2016 15:28:24] /a
[04/07/2016 16:02:30] /a
[04/07/2016 16:05:25] /reload globalevent
[04/07/2016 16:09:18] /ghost
[04/07/2016 16:10:12] /t
[04/07/2016 16:10:24] /c ADM Maves
[04/07/2016 16:10:29] /c ADM Maves
[04/07/2016 16:10:45] /t
[04/07/2016 16:12:57] /ghost
[04/07/2016 17:12:15] /ghost
[04/07/2016 17:13:34] /down
[04/07/2016 17:13:36] /r
[04/07/2016 17:13:38] /t
[04/07/2016 17:15:04] /ghost
[04/07/2016 17:18:23] /goto Marijuana
[04/07/2016 17:18:28] /t
[04/07/2016 17:19:30] /reload globalevent
[04/07/2016 17:21:41] /ghost
[04/07/2016 17:29:05] /up
[04/07/2016 17:29:06] /up
[04/07/2016 17:29:09] /up
[04/07/2016 17:29:15] /t
[04/07/2016 17:30:47] /ghost
[04/07/2016 17:30:51] /ghost
[04/07/2016 17:31:34] /c Mage The Bruxo
[04/07/2016 17:32:30] /up
[04/07/2016 17:32:31] /up
[04/07/2016 17:32:31] /up
[04/07/2016 17:32:36] /c Mage The Bruxo
[04/07/2016 17:32:46] /attr group 5
[04/07/2016 17:34:07] /r
[04/07/2016 17:34:43] /t
[04/07/2016 17:34:45] /ghost
[04/07/2016 17:35:03] /goto Mage The Bruxo
[04/07/2016 17:35:15] /goto {CM} Mage Do Mal
[04/07/2016 17:35:17] /goto {CM} Mage Do Mal
[04/07/2016 17:35:25] /t
[04/07/2016 17:37:40] /reload actions
[04/07/2016 17:39:10] /up
[04/07/2016 17:39:10] /up
[04/07/2016 17:39:11] /up
[04/07/2016 17:39:13] /ghost
[04/07/2016 17:39:15] /c arlei
[04/07/2016 17:39:21] /attr group 6
[04/07/2016 17:39:54] /ghost
[04/07/2016 17:39:55] /t
[04/07/2016 17:40:14] /ghost
[04/07/2016 17:40:31] /ghost
[04/07/2016 17:40:51] /ghost
[04/07/2016 17:41:49] /r
[04/07/2016 17:43:31] /i 7429
[04/07/2016 17:44:19] /ghost
[04/07/2016 17:44:47] /i 2436
[04/07/2016 17:45:48] /i 2184
[04/07/2016 17:54:06] /goto Marijuana
[04/07/2016 17:54:08] /t
[04/07/2016 17:57:07] /ghost
[04/07/2016 17:57:13] /owner ADM Zik
[04/07/2016 17:57:55] /i The Justice Seeker
[04/07/2016 17:58:12] /i Mystic Blade
[04/07/2016 18:00:01] /i Impaler
[04/07/2016 18:00:38] /i Hammer of Prophecy
[04/07/2016 18:01:25] /i Cranial Basher
[04/07/2016 18:01:55] /goto Yakchal
[04/07/2016 18:01:58] /t
[04/07/2016 18:02:13] /i Northern Star
[04/07/2016 18:02:30] /goto Countess Sorrow
[04/07/2016 18:02:36] /i Silver Mace
[04/07/2016 18:06:16] /i crystal arrow
[04/07/2016 18:07:00] /i Elethriel's Elemental Bow
[04/07/2016 18:07:52] /i Dwarven Helmet
[04/07/2016 18:09:10] /i Horned Helmet
[04/07/2016 18:09:33] /i Hat of the Mad
[04/07/2016 18:09:59] /i Magician Hat
[04/07/2016 18:10:10] /r
[04/07/2016 18:10:18] /goto 	Rahemos
[04/07/2016 18:10:34] /i Post Officers Hat
[04/07/2016 18:11:25] /goto Lord of the Elements
[04/07/2016 18:11:32] /i Earthborn Titan Armor
[04/07/2016 18:12:13] /i Witchhunter's Coat
[04/07/2016 18:12:55] /i Amazon Armor
[04/07/2016 18:14:17] /i Blue Legs
[04/07/2016 18:15:33] /goto Barbarian Brutetamer
[04/07/2016 18:16:04] /i Chain Legs
[04/07/2016 18:16:29] /goto The Horned Fox
[04/07/2016 18:16:55] /c {CM} Mage Do Mal
[04/07/2016 18:17:00] /c {CM} Mage Do Mal
[04/07/2016 18:17:15] /c {CM} Mage Do Mal
[04/07/2016 18:17:23] /c {CM} Mage Do Mal
[04/07/2016 18:17:31] /t {CM} Mage Do Mal
[04/07/2016 18:17:35] /r
[04/07/2016 18:18:41] /i Crystal Boots
[04/07/2016 18:18:44] /i Crystal Boots
[04/07/2016 18:20:41] /t
[04/07/2016 18:20:46] /a 10
[04/07/2016 18:22:55] /ghost
[04/07/2016 18:22:56] /t
[04/07/2016 18:24:27] /i 7368
[04/07/2016 18:24:47] /i spirit healt potion
[04/07/2016 18:24:49] /t
[04/07/2016 18:25:16] /t
[04/07/2016 18:28:54] /reload weapons
[04/07/2016 18:29:10] /t
[04/07/2016 18:29:58] /b galera ot ja voltar eu arrumei o paladin
[04/07/2016 18:29:59] /b galera ot ja voltar eu arrumei o paladin
[04/07/2016 18:30:00] /b galera ot ja voltar eu arrumei o paladin
[04/07/2016 18:30:04] /save
[04/07/2016 18:41:36] /t
[04/07/2016 18:42:41] /ghost
[04/07/2016 18:43:05] /a
[04/07/2016 18:43:09] /t
[04/07/2016 18:43:52] /ghost
[04/07/2016 18:44:24] /t
[04/07/2016 18:46:13] /reload items
[04/07/2016 18:46:18] /i impaler
[04/07/2016 18:46:55] /i 4441
[04/07/2016 18:47:05] /r
[04/07/2016 18:47:26] /t
[04/07/2016 18:47:45] /goto {CM} Mage Do Mal 
[04/07/2016 18:48:39] /t
[04/07/2016 18:50:29] /t
[04/07/2016 18:58:14] /i Elven Mail
[04/07/2016 18:58:41] /t
[04/07/2016 19:17:06] /closeserver
[04/07/2016 19:20:27] /i Crystal Arrow
[04/07/2016 19:20:36] /i baiak arrow
[04/07/2016 19:22:20] /i Firlefanz
[04/07/2016 19:24:09] /i Crimson Sword
[04/07/2016 19:24:24] /goto Ushuriel
[04/07/2016 19:24:32] /r 100
[04/07/2016 19:24:43] /t
[04/07/2016 19:24:56] /r
[04/07/2016 19:26:11] /i Blessed Shield
[04/07/2016 19:28:33] /t
[04/07/2016 19:29:21] /t
[04/07/2016 19:31:22] /i donate armor
[04/07/2016 19:32:04] /i 8885
[04/07/2016 19:32:07] /r
[04/07/2016 19:33:13] /i donate legs
[04/07/2016 19:34:24] /i donate hat
[04/07/2016 19:38:27] /i Cookbook
[04/07/2016 19:38:31] /r
[04/07/2016 19:38:50] /i Tibiacity Encyclopedia
[04/07/2016 19:38:59] /t
[04/07/2016 19:39:07] /t
[04/07/2016 19:41:41] /reload items
[04/07/2016 19:41:51] /i supreme armor
[04/07/2016 19:54:33] /t
[04/07/2016 19:58:07] /m treiner
[04/07/2016 20:00:26] /i donate staff
[04/07/2016 20:05:46] /r
[04/07/2016 20:08:46] /i supreme livro
[04/07/2016 20:08:52] /i supreme shield
[04/07/2016 20:14:47] /i supreme sword
[06/07/2016 14:38:06] /ghost
[06/07/2016 14:40:03] /closeserver
[06/07/2016 14:40:44] /reload globalevent
[06/07/2016 14:44:36] /t
[06/07/2016 14:48:59] /reload globalevent
[06/07/2016 14:51:58] /reload globalevent
[06/07/2016 14:52:41] /reload globalevent
[06/07/2016 14:53:23] /reload globalevent
[06/07/2016 14:56:08] /t
[06/07/2016 14:56:23] /r
[06/07/2016 14:56:24] /t
[06/07/2016 14:56:29] /r
[06/07/2016 15:01:09] /r
[06/07/2016 15:01:10] /r
[06/07/2016 15:01:11] /r
[06/07/2016 15:01:18] /reload globalevent
[06/07/2016 15:03:02] /reload globalevent
[06/07/2016 15:04:18] /reload globalevent
[06/07/2016 15:05:32] /reload globalevent
[06/07/2016 15:05:49] /reload globalevent
[06/07/2016 15:09:00] /reload globalevent
[06/07/2016 15:09:40] /reload globalevent
[06/07/2016 15:11:13] /reload globalevent
[06/07/2016 15:12:13] /reload globalevent
[06/07/2016 15:13:26] /i donate slingshot
[06/07/2016 15:13:30] /i 8047
[06/07/2016 15:49:57] /openserver
[06/07/2016 16:18:25] /reload globalevent
[06/07/2016 17:17:57] /save
[06/07/2016 17:55:31] /ghost
[06/07/2016 17:56:13] /closeserver
[06/07/2016 18:12:16] /openserver
[06/07/2016 18:17:36] /r
[06/07/2016 18:17:39] /i backpack
[06/07/2016 18:17:46] /i 12279
[06/07/2016 18:17:53] /i 7440
[06/07/2016 18:17:54] /ghost
[06/07/2016 18:18:06] /i 12279
[06/07/2016 18:18:11] /i 7440
[06/07/2016 18:18:39] /i 8980
[06/07/2016 18:18:46] /i 7440
[06/07/2016 18:19:22] /i 12279
[06/07/2016 18:19:56] /i 7440
[06/07/2016 18:19:57] /i 7440
[06/07/2016 18:19:58] /i 7440
[06/07/2016 18:20:00] /goto Kinha
[06/07/2016 18:20:22] /t
[06/07/2016 18:20:30] /goto Shayt
[06/07/2016 18:20:44] /i donate staff
[06/07/2016 18:21:22] /goto guto
[06/07/2016 18:21:31] /goto guto
[06/07/2016 18:21:36] /i mana potion
[06/07/2016 18:22:05] /c guto
[06/07/2016 18:23:22] /goto guto
[06/07/2016 18:23:25] /t
[06/07/2016 18:23:26] /ghost
[06/07/2016 18:23:40] /ghost
[06/07/2016 18:23:44] /i donate slingshot
[06/07/2016 18:23:56] /ghost
[06/07/2016 18:24:01] /r
[06/07/2016 18:24:03] /r
[06/07/2016 18:30:35] /i 10311
[06/07/2016 18:30:42] /up
[06/07/2016 18:30:43] /up
[06/07/2016 18:30:44] /up
[06/07/2016 18:30:48] /ghost
[06/07/2016 18:30:52] /c Soon Of Scrash
[06/07/2016 18:31:05] /t Soon Of Scrash
[06/07/2016 18:31:09] /ghost
[06/07/2016 18:31:22] /t
[06/07/2016 18:36:01] /ghost
[06/07/2016 18:36:02] /goto Shayt
[06/07/2016 18:36:16] /t Shayt
[06/07/2016 18:36:18] /t
[06/07/2016 18:36:20] /ghost
[06/07/2016 18:36:55] /ghost
[06/07/2016 18:37:30] /c Shayt
[06/07/2016 18:38:05] /c Shayt
[06/07/2016 18:38:07] /c Shayt
[06/07/2016 18:38:28] /c Shayt
[06/07/2016 18:39:24] /c Shayt
[06/07/2016 18:41:25] /goto guto
[06/07/2016 18:41:40] /t
[06/07/2016 18:41:42] /ghost
[06/07/2016 18:42:09] /i 2424
[06/07/2016 18:42:17] /ghost
[06/07/2016 18:42:19] /c Shayt
[06/07/2016 18:42:28] /t Shayt
[06/07/2016 18:42:31] /c guto
[06/07/2016 18:42:45] /ghost
[06/07/2016 18:42:46] /ghost
[06/07/2016 18:42:54] /t
[06/07/2016 18:43:37] /goto guto
[06/07/2016 18:44:12] /i 2157
[06/07/2016 18:44:42] /giveitem
[06/07/2016 18:44:53] /giveitem 2157,10
[06/07/2016 18:47:23] /i 12279
[06/07/2016 18:48:27] /ghost
[06/07/2016 18:50:01] /up
[06/07/2016 18:50:02] /up
[06/07/2016 18:50:02] /up
[06/07/2016 18:50:04] /c Pilo
[06/07/2016 18:50:06] /ghost
[06/07/2016 18:50:11] /attr group 6
[06/07/2016 18:51:12] /r
[06/07/2016 18:51:16] /ghost
[06/07/2016 18:51:27] /t
[06/07/2016 18:51:48] /goto {ADM} Perna Longuinha
[06/07/2016 18:52:20] /ghost
[06/07/2016 18:52:43] /ghost
[06/07/2016 18:52:48] /t
[06/07/2016 18:52:56] /ghost
[06/07/2016 18:53:25] /ghost
[06/07/2016 18:54:06] /ghost
[06/07/2016 18:54:27] /r
[06/07/2016 18:54:47] /ghost
[06/07/2016 19:02:27] /t Kinha
[06/07/2016 19:02:34] /ghost
[06/07/2016 19:02:35] /goto
[06/07/2016 19:02:38] /goto Pika De Mel
[06/07/2016 19:02:58] /i doante sword
[06/07/2016 19:03:03] /i donate sword
[06/07/2016 19:03:09] /i 7440
[06/07/2016 19:03:22] /ghost
[06/07/2016 19:03:27] /ghost
[06/07/2016 19:03:54] /c jhony
[06/07/2016 19:03:57] /n jhony
[06/07/2016 19:04:05] /t
[06/07/2016 19:04:24] /c Magic Black
[06/07/2016 19:04:44] /t
[06/07/2016 19:04:47] /ghost
[06/07/2016 19:05:50] /goto Kinha
[06/07/2016 19:05:52] /ghost
[06/07/2016 19:05:58] /t
[06/07/2016 19:06:02] /ghost
[06/07/2016 19:06:26] /c Shayt
[06/07/2016 19:06:30] /ghost
[06/07/2016 19:06:49] /t
[06/07/2016 19:06:51] /ghost
[06/07/2016 19:08:09] /clean
[06/07/2016 19:12:11] /c Kinha
[06/07/2016 19:12:31] /c guto
[06/07/2016 19:38:52] /up
[06/07/2016 19:38:52] /up
[06/07/2016 19:38:53] /up
[06/07/2016 19:38:55] /ghost
[06/07/2016 19:38:57] /c Nathasha
[06/07/2016 19:39:25] /i donate axe
[06/07/2016 19:40:24] /ghost
[06/07/2016 19:40:25] /t
[06/07/2016 19:40:29] /c guto
[06/07/2016 19:40:39] /t
[06/07/2016 19:40:53] /goto Nathasha
[06/07/2016 19:41:08] /c Knight Hell
[06/07/2016 19:41:09] /ghost
[06/07/2016 19:41:27] /i donate sword
[06/07/2016 19:41:31] /i 7440
[06/07/2016 19:41:41] /t Knight Hell
[06/07/2016 19:41:47] /t Nathasha
[06/07/2016 19:41:50] /c jose
[06/07/2016 19:42:03] /c Nathasha
[06/07/2016 19:42:11] /i 7440
[06/07/2016 19:42:30] /t Nathasha
[06/07/2016 19:43:48] /i donate staff
[06/07/2016 19:43:54] /i 7440
[06/07/2016 19:44:36] /t Jose
[06/07/2016 19:44:37] /r
[06/07/2016 19:44:38] /r
[06/07/2016 19:45:35] /c Druid loko
[06/07/2016 19:45:46] /i donate staff
[06/07/2016 19:45:52] /i 7440
[06/07/2016 19:46:08] /t Druid loko
[06/07/2016 19:47:18] /ghost
[06/07/2016 19:47:20] /t
[06/07/2016 19:48:58] /ghost
[06/07/2016 19:49:00] /c Nathasha
[06/07/2016 19:49:26] /c Druid loko
[06/07/2016 19:50:19] /t
[06/07/2016 19:50:24] /ghost
[06/07/2016 19:51:02] /up
[06/07/2016 19:51:03] /up
[06/07/2016 19:51:04] /up
[06/07/2016 19:51:07] /c Super-man
[06/07/2016 19:51:08] /ghost
[06/07/2016 19:51:35] /i donate staff
[06/07/2016 19:51:40] /i 7440
[06/07/2016 19:53:06] /t Super-man
[06/07/2016 19:53:09] /t
[06/07/2016 19:53:33] /ghost
[06/07/2016 19:53:42] /c {ADM} Dorme Sujo
[06/07/2016 19:53:43] /t
[06/07/2016 20:02:24] /c guto
[06/07/2016 20:02:36] /t
[06/07/2016 20:04:38] /up
[06/07/2016 20:04:39] /ghost
[06/07/2016 20:04:41] /up
[06/07/2016 20:04:42] /up
[06/07/2016 20:05:01] /c Mato Brincando 
[06/07/2016 20:05:09] /i donate staff
[06/07/2016 20:05:15] /i 7440
[06/07/2016 20:05:25] /t Mato Brincando
[06/07/2016 20:05:27] /ghost
[06/07/2016 20:05:28] /t
[06/07/2016 20:07:07] /c Super-man
[06/07/2016 20:07:08] /ghost
[06/07/2016 20:07:42] /t
[06/07/2016 20:10:17] /up
[06/07/2016 20:10:18] /up
[06/07/2016 20:10:19] /up
[06/07/2016 20:10:21] /c So Kina Memo
[06/07/2016 20:12:22] /t So Kina Memo
[06/07/2016 20:12:26] /t
[06/07/2016 20:12:59] /up
[06/07/2016 20:13:00] /up
[06/07/2016 20:13:00] /up
[06/07/2016 20:13:03] /c Smoking'weed
[06/07/2016 20:13:48] /i donate staff
[06/07/2016 20:13:54] /i 7440
[06/07/2016 20:14:49] /t Smoking'weed
[06/07/2016 20:14:52] /t
[06/07/2016 20:15:06] /c Smoking'weed
[06/07/2016 20:15:13] /c Smoking'weed
[06/07/2016 20:15:31] /c Smoking'weed
[06/07/2016 20:15:44] /t
[06/07/2016 20:15:50] /c guto
[06/07/2016 20:16:19] /goto Kinazinho
[06/07/2016 20:16:28] /t
[06/07/2016 20:16:54] /goto Soon Of Scrash
[06/07/2016 20:16:57] /goto Soon Of Scrash
[06/07/2016 20:16:57] /goto Soon Of Scrash
[06/07/2016 20:17:18] /i supreme arco
[06/07/2016 20:17:39] /m treiner
[06/07/2016 20:18:04] /r
[06/07/2016 20:18:17] /t
[06/07/2016 20:21:11] /up
[06/07/2016 20:21:12] /up
[06/07/2016 20:21:12] /up
[06/07/2016 20:21:18] /c Soon Of Scrash
[06/07/2016 20:21:21] /i supreme shield
[06/07/2016 20:21:29] /t Soon Of Scrash
[06/07/2016 20:22:11] /t
[06/07/2016 20:22:59] /ghost
[06/07/2016 20:23:42] /clean
[06/07/2016 20:25:46] /reload weapons
[06/07/2016 20:29:28] /reload weapons
[06/07/2016 20:29:48] /t
[06/07/2016 20:31:05] /r
[06/07/2016 20:31:06] /r
[06/07/2016 20:31:07] /r
[06/07/2016 20:31:08] /r
[06/07/2016 20:31:09] /r
[06/07/2016 20:31:10] /r
[06/07/2016 20:31:11] /r
[06/07/2016 20:33:25] /goto Countess Sorrow
[06/07/2016 20:33:30] /goto Countess Sorrow
[06/07/2016 20:33:57] /goto The Countess Sorrow
[06/07/2016 20:36:57] /goto Master Rushador
[06/07/2016 20:37:57] /ghost
[06/07/2016 20:38:06] /ghost
[06/07/2016 20:39:31] /i vip helmet
[06/07/2016 20:40:53] /t
[06/07/2016 20:41:03] /goto Master Rushador
[06/07/2016 20:41:09] /ghost
[06/07/2016 20:41:30] /t
[06/07/2016 20:41:35] /ghost
[06/07/2016 21:23:16] /i 8976
[06/07/2016 21:24:28] /i 7440
[06/07/2016 21:24:31] /goto guto
[06/07/2016 21:24:34] /t
[06/07/2016 21:24:41] /r
[06/07/2016 21:32:40] /goto guto
[06/07/2016 21:33:19] /t
[06/07/2016 21:41:30] /i backpack
[06/07/2016 22:25:58] /goto Master Rushador 
[06/07/2016 22:26:09] /a
[06/07/2016 22:26:13] /t
[06/07/2016 22:28:35] /mc
[06/07/2016 22:28:43] /goto Menina
[06/07/2016 22:28:47] /t
[07/07/2016 06:48:29] /ghost
[07/07/2016 06:49:19] /m treiner
[07/07/2016 06:49:26] /r
[07/07/2016 06:51:43] /ghost
[07/07/2016 06:52:22] /i 2424
[07/07/2016 06:52:40] /i 12574
[07/07/2016 06:52:52] /i 2157
[07/07/2016 06:54:50] /goto Master Of Death
[07/07/2016 06:55:01] /t
[07/07/2016 06:56:14] /save
[07/07/2016 06:56:22] /b ot ja volta
[07/07/2016 06:56:23] /b ot ja volta
[07/07/2016 06:56:23] /b ot ja volta
[07/07/2016 07:16:59] /t
[07/07/2016 07:17:29] /t
[07/07/2016 07:17:57] /t
[07/07/2016 07:37:48] /reload globalevent
[07/07/2016 07:40:01] /a
[07/07/2016 07:40:33] /i 2157
[07/07/2016 07:40:34] /i 2157
[07/07/2016 07:40:34] /i 2157
[07/07/2016 07:40:36] /i 2157
[07/07/2016 07:41:13] /i donate armor
[07/07/2016 07:41:23] /i donate helmet
[07/07/2016 07:41:27] /i donate legs
[07/07/2016 07:41:30] /i donate shield
[07/07/2016 07:41:57] /i donate robe
[07/07/2016 07:41:59] /t
[07/07/2016 07:42:21] /a
[07/07/2016 07:42:29] /i donate hat
[07/07/2016 07:42:31] /i donate cape
[07/07/2016 07:42:35] /i donate shorts
[07/07/2016 07:42:47] /i donate spellbook
[07/07/2016 07:42:51] /i super boot
[07/07/2016 07:42:52] /i super boots
[07/07/2016 07:42:53] /i super boots
[07/07/2016 07:43:40] /t
[07/07/2016 07:43:47] /i 7440
[07/07/2016 07:43:48] /i 7440
[07/07/2016 07:43:49] /i 7440
[07/07/2016 07:43:55] /i 10311
[07/07/2016 07:44:00] /i 10310
[07/07/2016 07:44:03] /i 10309
[07/07/2016 07:44:13] /a
[07/07/2016 07:44:30] /i supreme vip
[07/07/2016 07:44:46] /i supreme boots
[07/07/2016 07:44:47] /i supreme boots
[07/07/2016 07:44:56] /i addon doll
[07/07/2016 07:44:57] /i addon doll
[07/07/2016 07:45:00] /i 2157
[07/07/2016 07:45:00] /i 2157
[07/07/2016 07:45:28] /i addon doll
[07/07/2016 07:45:29] /i addon doll
[07/07/2016 07:46:03] /t
[07/07/2016 07:47:37] /goto Satanildo
[07/07/2016 07:47:41] /t
[07/07/2016 09:22:52] /ghost
[07/07/2016 09:23:05] /ghost
[07/07/2016 09:24:24] /ghost
[07/07/2016 09:25:53] /t
[07/07/2016 09:26:21] /i great mana potion
[07/07/2016 09:27:33] /m treiner
[07/07/2016 09:27:50] /r
[07/07/2016 09:29:44] /m demora
[07/07/2016 09:29:48] /r
[07/07/2016 09:36:03] /r
[07/07/2016 09:36:20] /up
[07/07/2016 09:36:22] /c {ADM} Dorme Sujo
[07/07/2016 09:36:26] /attr group 6
[07/07/2016 09:36:31] /r
[07/07/2016 09:36:37] /ghost
[07/07/2016 09:36:38] /t
[07/07/2016 09:38:02] /m Traficante
[07/07/2016 09:42:41] /ghost
[07/07/2016 09:42:45] /m aegis
[07/07/2016 09:42:51] /r
[07/07/2016 09:42:52] /r
[07/07/2016 09:43:29] /m Diseased Dan
[07/07/2016 09:43:32] /r
[07/07/2016 09:43:33] /r
[07/07/2016 09:43:39] /ghost
[12/07/2016 11:27:11] /t
[12/07/2016 11:27:13] /r
[12/07/2016 11:27:19] /i master backpack
[12/07/2016 11:28:35] /reload globalevent
[12/07/2016 11:29:03] /i god staff
[12/07/2016 11:29:44] /i 2352
[12/07/2016 11:29:58] /i 12603
[12/07/2016 11:30:07] /i 12606
[12/07/2016 11:30:13] /i 12604
[12/07/2016 11:30:20] /i 12605
[12/07/2016 11:30:30] /i 12607
[12/07/2016 11:30:44] /i 126010
[12/07/2016 11:30:53] /i 12610
[12/07/2016 11:31:04] /i 8925
[12/07/2016 11:31:10] /i 12609
[12/07/2016 11:32:10] /t
[12/07/2016 11:34:13] /reload npc
[12/07/2016 11:35:16] /t
[12/07/2016 11:36:36] /i crossbow
[12/07/2016 11:37:22] /m hellgorak
[12/07/2016 11:37:25] /m hellgorak
[12/07/2016 11:37:28] /m hellgorak
[12/07/2016 11:37:30] /m hellgorak
[12/07/2016 11:37:33] /m hellgorak
[12/07/2016 11:37:35] /m hellgorak
[12/07/2016 11:37:37] /m hellgorak
[12/07/2016 11:37:39] /m hellgorak
[12/07/2016 11:37:43] /clean
[12/07/2016 15:12:19] /reload globalevent
[12/07/2016 15:16:05] /save
[12/07/2016 15:29:16] /reload globalevent
[12/07/2016 15:30:32] /reload globalevent
[12/07/2016 15:34:28] /reload globalevent
[12/07/2016 15:35:47] /reload globalevent
[12/07/2016 15:36:37] /reload globalevent
[12/07/2016 15:38:09] /reload globalevent
[12/07/2016 15:39:50] /reload globalevent
[12/07/2016 15:40:12] /i 2352
[12/07/2016 15:40:49] /a 2
[12/07/2016 15:41:02] /a 2
[12/07/2016 15:41:04] /a 2
[12/07/2016 15:41:06] /a 2
[12/07/2016 15:41:09] /a 2
[12/07/2016 15:41:11] /a 2
[12/07/2016 15:41:13] /a 2
[12/07/2016 15:41:15] /a 2
[12/07/2016 15:41:16] /a 2
[12/07/2016 15:41:18] /a 2
[12/07/2016 15:41:23] /a 2
[12/07/2016 15:41:25] /a 2
[12/07/2016 15:41:27] /a 2
[12/07/2016 15:41:29] /a 2
[12/07/2016 15:41:31] /a 2
[12/07/2016 15:41:32] /a 2
[12/07/2016 15:55:50] /ghost
[12/07/2016 16:09:06] /reload npc
[12/07/2016 16:09:58] /a 2
[12/07/2016 16:10:01] /a 2
[12/07/2016 16:10:04] /a 2
[12/07/2016 16:10:08] /a 2
[12/07/2016 16:10:15] /a 2
[12/07/2016 16:10:18] /a 2
[12/07/2016 16:10:21] /a 2
[12/07/2016 16:10:23] /a 2
[12/07/2016 16:10:28] /a 2
[12/07/2016 16:10:33] /a 2
[12/07/2016 16:10:36] /a 2
[12/07/2016 16:10:39] /a 2
[12/07/2016 16:10:43] /a 2
[12/07/2016 16:10:43] /a 2
[12/07/2016 16:10:55] /t
[12/07/2016 16:22:17] /ghost
[12/07/2016 16:23:19] /reload config
[12/07/2016 16:23:24] /up
[12/07/2016 16:23:25] /up
[12/07/2016 16:23:25] /up
[12/07/2016 16:23:27] /c Mariasinha
[12/07/2016 16:23:37] /m bazir
[12/07/2016 16:23:44] /r
[12/07/2016 16:23:47] /m bazir
[12/07/2016 16:23:49] /r
[12/07/2016 16:23:50] /r
[12/07/2016 16:23:51] /r
[12/07/2016 16:23:52] /r
[12/07/2016 16:23:53] /r
[12/07/2016 16:23:57] /c Mariasinha
[12/07/2016 16:25:34] /addskill Mariasinha,level,1000
[12/07/2016 16:25:39] /t Mariasinha
[12/07/2016 16:25:40] /t
[12/07/2016 16:26:27] /b galera ainda ta tendo o bu
[12/07/2016 16:26:31] /b bug
[12/07/2016 16:26:45] /addskill Play Boy,level,100
[12/07/2016 16:26:55] /b jaja ot volta pra arrumar
[12/07/2016 16:27:01] /save
[12/07/2016 16:29:44] /up
[12/07/2016 16:29:45] /up
[12/07/2016 16:29:45] /up
[12/07/2016 16:29:47] /c Play Boy
[12/07/2016 16:30:16] /addskill Play Boy,level,600
[12/07/2016 16:30:21] /t Play Boy
[12/07/2016 16:30:23] /t
[18/07/2016 14:32:08] /r
[18/07/2016 14:32:12] /i master backpack
[18/07/2016 14:32:55] /attr group 7
[18/07/2016 14:33:08] /c milena
[18/07/2016 14:33:13] /attr group 7
[18/07/2016 14:33:43] /closeserver
[18/07/2016 14:35:35] /m treiner
[18/07/2016 14:35:52] /addskill ADM Zik,level,3000
[18/07/2016 14:36:08] /addskill ADM Zikmdistance,140
[18/07/2016 14:36:21] /addskill ADM Zik,distance,140
[18/07/2016 14:36:37] /addskill ADM Zik,distance,100
[18/07/2016 14:36:40] /addskill ADM Zik,distance,10
[18/07/2016 14:36:41] /addskill ADM Zik,distance,10
[18/07/2016 14:36:41] /addskill ADM Zik,distance,10
[18/07/2016 14:36:42] /addskill ADM Zik,distance,10
[18/07/2016 14:36:42] /addskill ADM Zik,distance,10
[18/07/2016 14:36:42] /addskill ADM Zik,distance,10
[18/07/2016 14:36:43] /addskill ADM Zik,distance,10
[18/07/2016 14:37:42] /i ultimate arrow
[18/07/2016 14:39:14] /reload vocation
[18/07/2016 14:39:15] /reload vocations
[18/07/2016 14:39:20] /reload vocation
[18/07/2016 14:39:30] /i ultimate staff
[18/07/2016 14:39:46] /reload vocations
[18/07/2016 14:40:03] /reload vocations
[18/07/2016 14:40:40] /reload vocations
[18/07/2016 14:41:03] /reload vocations
[18/07/2016 14:42:48] /reload vocations
[18/07/2016 14:43:32] /zombiestart
[18/07/2016 14:44:15] /zombiestart off
[18/07/2016 14:46:56] /goto zimbie
[18/07/2016 14:46:58] /m zimbie
[18/07/2016 14:47:08] /goto event zombie
[18/07/2016 14:47:31] /m zombie event
[18/07/2016 14:47:37] /m event zombie
[18/07/2016 14:48:00] /t
[18/07/2016 14:48:26] /save
[18/07/2016 14:50:04] /closeserver
[18/07/2016 14:50:16] /m treiner
[18/07/2016 14:51:25] /addskill James,level,1000
[18/07/2016 14:53:14] /reload xml
[18/07/2016 14:53:18] /reload vocations
[18/07/2016 14:53:21] /reload vocations
[18/07/2016 14:53:30] /reload vocation
[18/07/2016 14:55:24] /m treiner
[18/07/2016 14:56:58] /reload all
[18/07/2016 15:07:01] /save
