[14/06/2014 23:15:40] /newtype 362
[14/06/2014 23:15:46] /newtype 352
[14/06/2014 23:17:42] /m treiner
[14/06/2014 23:18:15] /i baiakzik staff
[14/06/2014 23:18:59] /r
[14/06/2014 23:21:59] /r
[14/06/2014 23:22:20] /up
[15/06/2014 01:22:07] /a 2
[15/06/2014 01:22:11] /a 40
[15/06/2014 01:22:14] /a
[15/06/2014 01:22:17] /a
[15/06/2014 01:22:20] /a
[15/06/2014 01:22:37] /a
[15/06/2014 01:31:12] /a 2
[15/06/2014 01:31:15] /a 2
[15/06/2014 01:31:17] /a 2
[15/06/2014 01:31:21] /a 2
[15/06/2014 01:31:26] /a 2
[15/06/2014 01:31:28] /a
[15/06/2014 01:36:48] /up
[15/06/2014 01:36:49] /a
[15/06/2014 01:36:57] /t
[15/06/2014 02:58:49] /a
[15/06/2014 02:58:56] /t
[15/06/2014 20:12:14] /a 2
[15/06/2014 20:13:48] /a 2
[15/06/2014 20:56:28] /a
[15/06/2014 23:15:13] /m treiner
[15/06/2014 23:15:22] /i 8303
[15/06/2014 23:19:07] /i sword
[16/06/2014 00:28:29] /addskill Teste One,level, 80
[16/06/2014 00:28:39] /addskill Teste Two,level, 80
[16/06/2014 00:29:44] /addskill Teste Two,level, 500
[16/06/2014 00:29:49] /addskill Teste One,level, 500
[16/06/2014 00:38:10] /i vip rod
[16/06/2014 21:19:18] /a
[16/06/2014 21:49:51] /m The Mutated Pumpkin
[16/06/2014 21:50:12] /r
[16/06/2014 21:51:31] /m The Mutated Pumpkin
[16/06/2014 21:51:38] /r
[16/06/2014 21:52:09] /m the imperador
[16/06/2014 21:52:53] /newtype 332
[16/06/2014 21:54:52] /m Lobisomen
[16/06/2014 21:56:40] /m The Spirit
[16/06/2014 21:56:57] /m Lord of the elements
[16/06/2014 21:57:16] /m Fada
[16/06/2014 21:57:18] /goto Fada
[16/06/2014 21:57:32] /a 2
[16/06/2014 21:57:53] /goto Dark Wizard
[16/06/2014 21:57:54] /t
[16/06/2014 21:58:07] /goto Zoralurk
[16/06/2014 21:58:10] /m Zoralurk
[16/06/2014 22:08:56] /a
[16/06/2014 22:08:56] /a
[16/06/2014 22:09:10] /a
[16/06/2014 22:09:10] /a
[16/06/2014 22:09:13] /t
[16/06/2014 22:09:22] /a
[16/06/2014 22:09:22] /a
[16/06/2014 22:09:51] /t
[25/06/2014 01:25:05] /newtype
[25/06/2014 01:25:07] /newtype 312
[25/06/2014 01:27:26] /save
[25/06/2014 01:36:27] /m treiner
[25/06/2014 01:45:56] /down
[25/06/2014 01:46:16] /up
[25/06/2014 18:11:58] /a 2
[25/06/2014 18:12:32] /i new baiak staff
[25/06/2014 18:12:47] /a 2
[25/06/2014 18:13:00] /a 2
[25/06/2014 18:13:11] /a 20
[25/06/2014 18:13:12] /a 10
[25/06/2014 18:13:13] /a
[25/06/2014 18:13:14] /a
[25/06/2014 18:13:14] /a
[25/06/2014 18:13:14] /a
[25/06/2014 18:13:15] /a
[25/06/2014 18:13:16] /a
[25/06/2014 18:13:16] /a
[25/06/2014 18:13:16] /a
[25/06/2014 18:13:16] /a
[25/06/2014 18:13:17] /a
[25/06/2014 18:13:17] /a
[25/06/2014 18:13:18] /a
[25/06/2014 18:13:18] /a
[25/06/2014 18:13:19] /a
[25/06/2014 18:13:19] /a
[25/06/2014 18:13:19] /a
[25/06/2014 18:13:20] /a
[25/06/2014 18:13:30] /a
[25/06/2014 18:13:30] /a
[25/06/2014 18:13:32] /a
[25/06/2014 18:13:33] /a
[25/06/2014 18:13:34] /a
[25/06/2014 18:13:34] /a
[25/06/2014 18:13:35] /a
[25/06/2014 18:13:36] /a
[25/06/2014 18:14:05] /t
[25/06/2014 18:14:56] /a 2
[25/06/2014 18:38:15] /a 2
[25/06/2014 18:38:24] /a 20
[25/06/2014 18:38:32] /t
[25/06/2014 18:57:23] /save
[25/06/2014 19:48:12] /a 2
[25/06/2014 19:48:16] /a
[25/06/2014 19:50:33] /a 2
[25/06/2014 19:50:38] /a
[25/06/2014 19:50:39] /a
[25/06/2014 19:56:54] /a 2
[25/06/2014 19:57:03] /a
[25/06/2014 20:18:49] /a
[25/06/2014 20:18:49] /a
[25/06/2014 22:34:19] /t
[25/06/2014 22:36:38] /t
[25/06/2014 22:36:53] /a
[25/06/2014 22:36:56] /a
[25/06/2014 22:37:30] /t
[25/06/2014 22:37:46] /a 2
[25/06/2014 22:37:49] /a
[25/06/2014 22:37:51] /t
[25/06/2014 22:44:42] /a
[25/06/2014 22:44:43] /a
[25/06/2014 22:44:43] /a
[25/06/2014 22:44:48] /t
[25/06/2014 22:48:18] /t
[25/06/2014 22:48:30] /a 2
[25/06/2014 22:48:34] /a
[25/06/2014 22:48:46] /r
[25/06/2014 22:48:46] /t
[25/06/2014 22:49:04] /a 2
[25/06/2014 22:49:09] /a
[25/06/2014 22:49:23] /t
[25/06/2014 22:49:42] /a 2
[25/06/2014 22:49:47] /a
[25/06/2014 22:50:33] /a 2
[25/06/2014 22:50:39] /a
[25/06/2014 22:51:03] /a
[25/06/2014 22:51:09] /a 2
