[25/07/2016 19:32:50] /ghost
[25/07/2016 19:36:34] /ghost
[26/07/2016 09:12:48] /i 6536
[26/07/2016 09:51:31] /info ADM Shayt
[26/07/2016 09:55:47] /r
[26/07/2016 09:56:01] /i 5771
[26/07/2016 09:56:13] /ghost
[26/07/2016 09:57:42] /ghost
[26/07/2016 10:03:08] /reports
[26/07/2016 10:11:07] /up
[26/07/2016 10:11:14] /bc green Duvidas help
[26/07/2016 10:11:16] /t
[26/07/2016 11:25:58] /ghost
[26/07/2016 11:27:09] /ghost
[26/07/2016 11:49:02] /bc green duvidas help
[26/07/2016 11:49:03] /bc green duvidas help
[26/07/2016 11:49:04] /bc green duvidas help
[26/07/2016 11:51:11] /ghost
[26/07/2016 11:53:38] /ghost
[26/07/2016 12:04:59] /up
[26/07/2016 12:07:33] /t
[26/07/2016 20:06:02] /reload globalevent
[26/07/2016 20:06:51] /reload globalevent
[26/07/2016 20:07:20] /reload globalevent
[26/07/2016 20:07:43] /reload globalevent
[26/07/2016 20:08:21] /reload globalevent
[26/07/2016 20:08:37] /reload globalevent
[26/07/2016 20:08:58] /reload globalevent
[26/07/2016 20:09:45] /reload globalevent
[26/07/2016 20:09:59] /reload globalevent
[26/07/2016 20:11:17] /reload globalevent
[26/07/2016 20:42:54] /reload globalevent
[26/07/2016 20:43:29] /reload globalevent
[26/07/2016 20:44:11] /reload globalevent
[26/07/2016 20:44:23] /ghost
[27/07/2016 10:51:26] /reload globalevent
[27/07/2016 10:52:29] /reload globalevent
[27/07/2016 10:53:52] /reload globalevent
[27/07/2016 21:09:46] /ghost
[27/07/2016 21:10:38] /openserver
[27/07/2016 21:15:14] /ghost
[27/07/2016 21:15:23] /ghost
[27/07/2016 21:16:15] /ghost
[27/07/2016 21:22:44] /ghost
[27/07/2016 21:27:32] /ghost
[27/07/2016 21:28:16] /ghost
[27/07/2016 21:29:47] /ghost
[27/07/2016 21:30:04] /ghost
[27/07/2016 22:07:06] /ghost
[27/07/2016 22:08:11] /ghost
[27/07/2016 22:54:45] /ghost
[27/07/2016 22:54:56] /ghost
[28/07/2016 10:17:26] /ghost
[28/07/2016 10:21:38] /ghost
[28/07/2016 10:40:04] /goto adm orion
[28/07/2016 11:15:14] /goto ADM Orion
[28/07/2016 11:15:17] /t
[28/07/2016 11:16:21] /goto dani
[28/07/2016 11:33:28] /ghost
[28/07/2016 11:36:51] /ghost
[28/07/2016 11:49:16] /ghost
[28/07/2016 11:49:25] /c ADM Orion
[28/07/2016 11:53:03] /i Magnata staff
[28/07/2016 11:53:20] /ghost
[28/07/2016 11:55:23] /i master vip star
[28/07/2016 11:55:27] /m treiner
[28/07/2016 11:55:29] /a
[28/07/2016 11:55:31] /m treiner
[28/07/2016 11:55:34] /a
[28/07/2016 11:55:55] /i Magnata star
[28/07/2016 11:56:06] /r
[28/07/2016 11:56:13] /a
[28/07/2016 11:56:20] /t
[28/07/2016 12:23:44] /goto Fiorella Boo
[28/07/2016 12:24:01] /i ultimate area
[28/07/2016 12:24:06] /i area ultimate
[28/07/2016 13:11:10] /goto thor
[28/07/2016 13:11:11] /t
[28/07/2016 13:11:21] /goto adm orion
[28/07/2016 13:11:30] /t
[28/07/2016 13:29:16] /goto adm orion
[28/07/2016 13:29:35] /t
[28/07/2016 13:34:44] /ghost
[28/07/2016 13:36:54] /a 5
[28/07/2016 13:37:15] /i 2767
[28/07/2016 13:37:20] /a
[28/07/2016 13:37:23] /a
[28/07/2016 13:37:28] /a
[28/07/2016 13:38:17] /c Alqeada
[28/07/2016 13:38:36] /ghost
[28/07/2016 14:24:10] /reload globalevent
[28/07/2016 14:31:31] /goto Jo'ker
[28/07/2016 14:31:48] /t
[28/07/2016 14:45:42] /ghost
[28/07/2016 14:52:25] /ghost
[28/07/2016 14:52:47] /ghost
[28/07/2016 14:56:06] /ghost
[28/07/2016 14:56:14] /bc green Duvidas help
[28/07/2016 14:56:15] /bc green Duvidas help
[28/07/2016 14:56:16] /bc green Duvidas help
[28/07/2016 15:06:07] /i 7722
[28/07/2016 15:06:25] /i 5972
[28/07/2016 15:06:29] /r
[28/07/2016 15:09:32] /i 5957
[28/07/2016 15:30:13] /ghost
[28/07/2016 15:31:36] /goto thor
[28/07/2016 15:31:38] /goto thor
[28/07/2016 15:31:42] /goto thor
[28/07/2016 15:31:44] /goto thor
[28/07/2016 15:31:44] /goto thor
[28/07/2016 15:31:45] /goto thor
[28/07/2016 15:31:46] /goto thor
[28/07/2016 15:31:47] /goto thor
[28/07/2016 15:31:47] /goto thor
[28/07/2016 15:31:48] /goto thor
[28/07/2016 15:31:49] /goto thor
[28/07/2016 15:31:49] /goto thor
[28/07/2016 15:31:52] /goto thor
[28/07/2016 15:31:54] /goto thor
[28/07/2016 15:31:56] /goto thor
[28/07/2016 15:31:57] /goto thor
[28/07/2016 15:31:59] /goto thor
[28/07/2016 15:32:00] /goto thor
[28/07/2016 15:32:01] /goto thor
[28/07/2016 15:32:02] /goto thor
[28/07/2016 15:32:03] /goto thor
[28/07/2016 15:32:03] /goto thor
[28/07/2016 15:32:04] /goto thor
[28/07/2016 15:32:05] /goto thor
[28/07/2016 15:32:05] /goto thor
[28/07/2016 15:32:06] /goto thor
[28/07/2016 15:32:07] /goto thor
[28/07/2016 15:32:08] /goto thor
[28/07/2016 15:32:09] /goto thor
[28/07/2016 15:32:10] /goto thor
[28/07/2016 15:32:11] /goto thor
[28/07/2016 15:32:12] /goto thor
[28/07/2016 15:32:13] /goto thor
[28/07/2016 15:32:14] /goto thor
[28/07/2016 15:32:15] /goto thor
[28/07/2016 15:32:16] /t
[28/07/2016 15:34:51] /ghost
[28/07/2016 15:54:59] /goto thor
[28/07/2016 15:55:01] /ghost
[28/07/2016 15:56:20] /t
[28/07/2016 15:56:28] /goto Heart Of Ice
[28/07/2016 15:57:03] /ghost
[28/07/2016 16:02:06] /b galera evento ctf esta aberto
[28/07/2016 16:02:07] /b galera evento ctf esta aberto
[28/07/2016 16:02:08] /b galera evento ctf esta aberto
[28/07/2016 16:03:54] /ghost
[28/07/2016 16:07:23] /ghost
[28/07/2016 16:34:30] /up
[28/07/2016 16:34:31] /up
[28/07/2016 16:34:31] /up
[28/07/2016 16:34:33] /ghost
[28/07/2016 16:34:34] /c Jo'ker
[28/07/2016 16:34:40] /c adm orion
[28/07/2016 16:36:53] /c Jo'ker
[28/07/2016 16:37:15] /m boss da promotion
[28/07/2016 16:37:16] /m boss da promotion
[28/07/2016 16:37:16] /m boss da promotion
[28/07/2016 16:37:16] /m boss da promotion
[28/07/2016 16:37:17] /m boss da promotion
[28/07/2016 16:37:19] /m boss da promotion
[28/07/2016 16:37:20] /m boss da promotion
[28/07/2016 16:37:27] /m boss da promotion
[28/07/2016 16:38:15] /r
[28/07/2016 16:38:15] /r
[28/07/2016 16:38:16] /r
[28/07/2016 16:38:17] /r
[28/07/2016 16:38:17] /r
[28/07/2016 16:38:18] /r
[28/07/2016 16:38:19] /r
[28/07/2016 16:38:20] /r
[28/07/2016 16:38:21] /c Jo'ker
[28/07/2016 16:39:38] /addskill Jo'ker,level,20
[28/07/2016 16:39:48] /t Jo'ker
[28/07/2016 16:39:52] /ghost
[28/07/2016 16:43:41] /t
[28/07/2016 17:29:14] /up
[28/07/2016 17:29:15] /up
[28/07/2016 17:29:37] /up
[28/07/2016 17:30:59] /ghost
[28/07/2016 17:31:00] /c Heart Of Ice
[28/07/2016 17:31:04] /c Heart Of Ice
[28/07/2016 17:31:41] /i exp 7x
[28/07/2016 17:32:05] /i exp 7x
[28/07/2016 17:32:12] /t Heart Of Ice
[28/07/2016 17:32:27] /c Heart Of Demon
[28/07/2016 17:32:47] /t Heart Of Demon
[28/07/2016 17:33:05] /t
[28/07/2016 17:33:07] /up
[28/07/2016 17:33:07] /up
[28/07/2016 17:33:08] /up
[28/07/2016 17:33:17] /r
[28/07/2016 17:33:51] /t
[28/07/2016 17:33:53] /up
[28/07/2016 17:33:53] /up
[28/07/2016 17:33:54] /up
[28/07/2016 17:33:54] /up
[28/07/2016 17:33:56] /up
[28/07/2016 17:33:57] /up
[28/07/2016 17:33:58] /up
[28/07/2016 17:33:59] /r
[28/07/2016 17:34:41] /c adm orion
[28/07/2016 17:34:51] /a
[28/07/2016 17:35:01] /c adm orion
[28/07/2016 17:35:39] /a 5
[28/07/2016 17:35:40] /a 5
[28/07/2016 17:35:41] /a 5
[28/07/2016 17:35:47] /c adm orion
[28/07/2016 17:36:31] /ghost
[28/07/2016 17:47:38] /ghost
[28/07/2016 17:50:16] /ghost
[28/07/2016 17:50:19] /ghost
[28/07/2016 17:50:53] /m treiner
[28/07/2016 17:53:15] /r
[28/07/2016 17:53:23] /ghost
[28/07/2016 17:53:44] /ghost
[28/07/2016 17:54:04] /ghost
[28/07/2016 19:03:59] /goto adm patricinha
[28/07/2016 19:04:07] /r
[28/07/2016 19:32:55] /ghost
[28/07/2016 19:33:40] /ghost
[28/07/2016 19:33:41] /t
[28/07/2016 19:42:26] /ghost
[28/07/2016 19:46:16] /ghost
[28/07/2016 19:47:33] /i 8046
[28/07/2016 19:47:40] /i 8045
[28/07/2016 19:47:42] /r
[28/07/2016 19:47:43] /r
[28/07/2016 19:47:46] /r
[28/07/2016 19:47:49] /i 8047
[28/07/2016 19:51:30] /ghost
[28/07/2016 19:51:31] /c Cheetos
[28/07/2016 19:52:12] /c lasanhaa
[28/07/2016 19:52:17] /c Lazanhaa
[28/07/2016 19:52:32] /owner Cheetos
[28/07/2016 19:52:49] /i supreme area
[28/07/2016 19:52:53] /i area supreme
[28/07/2016 19:52:58] /i supreme vip
[28/07/2016 19:53:02] /i supreme vip
[28/07/2016 19:53:11] /i supreme vip
[28/07/2016 19:53:28] /i donate staff
[28/07/2016 19:53:32] /i donate staff
[28/07/2016 19:54:22] /i master backpack
[28/07/2016 19:54:43] /i donate staff
[28/07/2016 19:54:47] /i donate staff
[28/07/2016 19:54:48] /i donate staff
[28/07/2016 19:54:50] /i donate staff
[28/07/2016 19:54:53] /i donate staff
[28/07/2016 19:54:54] /i donate staff
[28/07/2016 19:54:56] /i donate staff
[28/07/2016 19:55:01] /i supreme vip
[28/07/2016 19:55:04] /i supreme vip
[28/07/2016 19:55:06] /i supreme vip
[28/07/2016 19:55:08] /i supreme vip
[28/07/2016 19:55:16] /i donate sword
[28/07/2016 19:55:18] /i donate sword
[28/07/2016 19:55:20] /i donate sword
[28/07/2016 19:55:21] /i donate sword
[28/07/2016 19:55:23] /i donate sword
[28/07/2016 19:55:29] /i donate axe
[28/07/2016 19:55:31] /i donate axe
[28/07/2016 19:55:33] /i donate axe
[28/07/2016 19:55:34] /i donate axe
[28/07/2016 19:55:36] /i donate axe
[28/07/2016 19:55:38] /i donate axe
[28/07/2016 19:56:24] /i addon doll
[28/07/2016 19:56:25] /i addon doll
[28/07/2016 19:56:26] /i addon doll
[28/07/2016 19:56:27] /i addon doll
[28/07/2016 19:56:29] /i addon doll
[28/07/2016 19:56:55] /i master backpack
[28/07/2016 19:57:04] /i supreme vip
[28/07/2016 19:57:08] /i supreme vip
[28/07/2016 19:57:11] /i supreme vip
[28/07/2016 19:57:22] /i donate slingshot
[28/07/2016 19:57:23] /i donate slingshot
[28/07/2016 19:57:28] /i donate slingshot
[28/07/2016 19:57:31] /i donate slingshot
[28/07/2016 19:57:35] /i donate slingshot
[28/07/2016 19:57:36] /i donate slingshot
[28/07/2016 19:57:39] /i donate slingshot
[28/07/2016 19:58:34] /i addon doll
[28/07/2016 19:58:35] /i addon doll
[28/07/2016 19:58:36] /i addon doll
[28/07/2016 19:58:41] /i addon doll
[28/07/2016 19:58:42] /i addon doll
[28/07/2016 19:58:44] /i addon doll
[28/07/2016 19:58:46] /i addon doll
[28/07/2016 19:58:57] /i addon doll
[28/07/2016 20:06:36] /ghost
[28/07/2016 20:06:41] /t
[28/07/2016 20:21:19] /c cheetos
[28/07/2016 20:21:24] /ghost
[28/07/2016 20:21:32] /c cheetos
[28/07/2016 20:21:33] /c cheetos
[28/07/2016 20:22:03] /c cheetos
[28/07/2016 20:22:19] /ghost
[28/07/2016 20:25:55] /mc
[28/07/2016 20:26:16] /goto ADM Patricinha
[28/07/2016 20:26:36] /i 2157
[28/07/2016 20:26:37] /i 2157
[28/07/2016 20:26:38] /i 2157
[28/07/2016 20:26:47] /i 2157
[28/07/2016 20:26:50] /i 2157
[28/07/2016 20:26:55] /i 2157
[28/07/2016 20:27:01] /i 2157
[28/07/2016 20:27:04] /i 2157
[28/07/2016 20:27:07] /i 2157
[28/07/2016 20:27:16] /i 2157
[28/07/2016 20:27:53] /i supreme vip
[28/07/2016 20:28:04] /i supreme vip
[28/07/2016 20:28:17] /i supreme vip
[28/07/2016 20:28:20] /i supreme vip
[28/07/2016 20:28:32] /i 10309
[28/07/2016 20:28:35] /i 10309
[28/07/2016 20:28:35] /i 10309
[28/07/2016 20:29:01] /i 10309
[28/07/2016 20:29:43] /i exp 7x
[28/07/2016 20:29:49] /i exp 5x
[28/07/2016 20:29:54] /i card exp 5x
[28/07/2016 20:29:56] /i card exp 5x
[28/07/2016 20:30:03] /i card exp 5x
[28/07/2016 20:30:29] /t
[28/07/2016 20:33:01] /goto cheetos
[28/07/2016 20:33:12] /i cave exclusiva 2h
[29/07/2016 11:09:18] /bc green Duvidas Help
[29/07/2016 11:09:20] /bc green Duvidas Help
[29/07/2016 11:09:21] /bc green Duvidas Help
[29/07/2016 11:09:22] /bc green Duvidas Help
[29/07/2016 11:11:27] /t
[29/07/2016 11:21:44] /reload talkactions
[29/07/2016 11:21:48] /up
[29/07/2016 11:22:59] /reload talkactions
[29/07/2016 11:23:10] /t
[29/07/2016 12:24:30] /ghost
[29/07/2016 12:24:41] /goto god kratos
[29/07/2016 12:24:45] /goto god kratos
[29/07/2016 12:24:47] /goto god kratos
[29/07/2016 12:24:49] /goto god kratos
[29/07/2016 12:24:50] /goto god kratos
[29/07/2016 12:24:52] /goto god kratos
[29/07/2016 12:24:53] /goto god kratos
[29/07/2016 12:24:55] /goto god kratos
[29/07/2016 12:24:56] /goto god kratos
[29/07/2016 12:30:08] /i 12591
[29/07/2016 12:30:30] /r
[29/07/2016 12:30:32] /ghost
[29/07/2016 12:30:33] /t
[29/07/2016 12:41:52] /t
[29/07/2016 12:50:38] /goto ADM Patricinha
[29/07/2016 12:50:53] /t
[29/07/2016 12:51:18] /goto ADM Orion
[29/07/2016 12:51:33] /t
[29/07/2016 12:51:49] /a
[29/07/2016 12:51:54] /a
[29/07/2016 12:52:50] /a
[29/07/2016 13:11:03] /r
[29/07/2016 13:13:20] /goto Discovery
[29/07/2016 13:13:28] /t
[29/07/2016 13:17:35] /reload globalevents.xml
[29/07/2016 13:55:25] /reload globalevent
[29/07/2016 14:13:50] /goto Master Demon
[29/07/2016 14:14:25] /a 5
[29/07/2016 14:15:39] /goto Make Loot
[29/07/2016 14:15:55] /t
[29/07/2016 14:18:41] /ghost
[29/07/2016 14:20:44] /newtype 12
[29/07/2016 14:20:49] /newtype 302
[29/07/2016 14:20:58] /goto Rhianzinhow
[29/07/2016 14:21:02] /goto Rhianzinhow
[29/07/2016 14:21:05] /goto Rhianzinhow
[29/07/2016 14:21:41] /r
[29/07/2016 14:21:46] /r
[29/07/2016 14:22:20] /m boss da promotion
[29/07/2016 14:23:28] /ghost
[29/07/2016 14:23:34] /ghost
[29/07/2016 14:25:01] /ghost
[29/07/2016 14:34:11] /t Gladiador
[29/07/2016 14:38:19] /goto Rhianzinhow
[29/07/2016 14:43:35] /i exp 7x
[29/07/2016 14:44:03] /i exp 7x
[29/07/2016 14:44:20] /clean
[29/07/2016 14:48:53] /t
[29/07/2016 15:25:00] /up
[29/07/2016 15:25:01] /up
[29/07/2016 15:25:02] /up
[29/07/2016 15:25:07] /c Alx Hawk Mapper
[29/07/2016 15:25:09] /ghost
[29/07/2016 15:35:06] /attr group 4
[29/07/2016 15:35:28] /ghost
[29/07/2016 15:35:47] /goto Alx Hawk Mapper
[29/07/2016 15:38:29] /up
[29/07/2016 15:41:21] /t
[29/07/2016 15:54:23] /ghost
[29/07/2016 16:01:12] /r
[29/07/2016 16:01:34] /t
[29/07/2016 16:02:47] /a
[29/07/2016 16:02:48] /a
[29/07/2016 16:05:19] /i 8047
[29/07/2016 16:05:52] /i 8047
[29/07/2016 16:05:54] /i 8047
[29/07/2016 16:05:56] /i 8047
[29/07/2016 16:06:02] /i 8047
[29/07/2016 16:06:06] /i 8047
[29/07/2016 16:06:12] /i 8047
[29/07/2016 16:06:14] /i 8047
[29/07/2016 16:06:16] /i 8047
[29/07/2016 16:06:24] /i 8047
[29/07/2016 16:06:30] /i 8047
[29/07/2016 16:07:17] /i 8047
[29/07/2016 16:11:17] /a
[29/07/2016 16:11:26] /r
[29/07/2016 16:11:29] /goto adm orion
[29/07/2016 16:11:34] /a
[29/07/2016 16:11:35] /a
[29/07/2016 16:11:37] /r
[29/07/2016 16:13:09] /t
[29/07/2016 16:13:14] /a
[29/07/2016 16:13:17] /r
[29/07/2016 16:13:30] /a
[29/07/2016 16:13:35] /a
[29/07/2016 16:13:36] /a
[29/07/2016 16:13:49] /a
[29/07/2016 16:20:09] /ghost
[29/07/2016 16:20:10] /t
[29/07/2016 16:20:40] /t
[29/07/2016 17:40:25] /i 11394
[29/07/2016 17:42:53] /i 6536
[29/07/2016 17:43:29] /i 7385
[29/07/2016 17:44:04] /i 5070
[29/07/2016 17:44:06] /r
[29/07/2016 17:45:01] /i 10518
[29/07/2016 17:45:06] /r
[29/07/2016 17:45:45] /i 11249
[29/07/2016 17:47:18] /storage 789456
[29/07/2016 17:53:41] /t
[29/07/2016 17:58:53] /goto Gladiador
[29/07/2016 17:58:56] /goto Gladiador
[29/07/2016 17:59:03] /goto Gladiador
[29/07/2016 17:59:05] /goto Gladiador
[29/07/2016 17:59:10] /goto Gladiador
[29/07/2016 17:59:11] /goto Gladiador
[29/07/2016 17:59:31] /a 2
[29/07/2016 17:59:34] /a 2
[29/07/2016 17:59:37] /a 2
[29/07/2016 17:59:40] /a 2
[29/07/2016 17:59:49] /a 2
[29/07/2016 17:59:51] /a 2
[29/07/2016 17:59:53] /a 2
[29/07/2016 17:59:56] /a 2
[29/07/2016 17:59:59] /a 2
[29/07/2016 18:00:04] /a 2
[29/07/2016 18:00:08] /a 2
[29/07/2016 18:00:11] /a 2
[29/07/2016 18:00:21] /a 2
[29/07/2016 18:00:36] /a
[29/07/2016 18:00:44] /c Gladiador
[29/07/2016 18:00:49] /t
[29/07/2016 18:03:15] /c Louco De Refri
[29/07/2016 18:03:18] /i 2157
[29/07/2016 18:03:23] /t
[29/07/2016 18:08:24] /t
[29/07/2016 18:21:12] /reload actions
[29/07/2016 18:28:47] /newtype Gladiador,12
[29/07/2016 18:28:54] /newtype 12,Gladiador
[29/07/2016 19:16:41] /i 4848
[29/07/2016 19:19:41] /goto Fabin Pica Dura
[29/07/2016 19:52:19] /c adm shayt
[29/07/2016 20:01:18] /ghost
[29/07/2016 20:02:09] /ghost
[29/07/2016 20:21:59] /up
[29/07/2016 20:22:00] /up
[29/07/2016 20:22:01] /up
[29/07/2016 20:22:08] /c Erika'sz
[29/07/2016 20:22:16] /i supreme vip
[29/07/2016 20:22:28] /i supreme stadf
[29/07/2016 20:22:47] /i 2157
[29/07/2016 20:22:48] /i 2157
[29/07/2016 20:23:17] /t Erika'sz
[29/07/2016 20:23:19] /t
[29/07/2016 21:51:40] /goto Erika'Sz
[29/07/2016 21:51:45] /i ultimate area
[29/07/2016 21:51:53] /i area ultimate
[29/07/2016 21:51:58] /goto Erika'Sz
[29/07/2016 21:52:09] /c Erika'Sz
[29/07/2016 21:52:29] /i 2157
[29/07/2016 21:52:35] /t
[29/07/2016 21:52:41] /a 2
[29/07/2016 22:23:03] /goto Erika'sz
[29/07/2016 22:23:09] /t
[29/07/2016 22:23:20] /reload talkactions
[29/07/2016 22:32:06] /goto [Mapper] Daniel
[29/07/2016 22:33:24] /ghost
[29/07/2016 22:38:33] /attr group 0
[29/07/2016 22:39:14] /ghost
[30/07/2016 09:10:40] /t
[30/07/2016 09:13:22] /b Duvidas To no help
[30/07/2016 09:13:25] /b Duvidas To no help
[30/07/2016 09:15:16] /reload globalevent
[30/07/2016 09:16:34] /reload globalevent
[30/07/2016 09:18:37] /ghost
[30/07/2016 09:19:18] /reload globalevent
[30/07/2016 09:20:09] /c Kamikaze
[30/07/2016 09:20:29] /c Kamikaze
[30/07/2016 09:20:52] /i 2157
[30/07/2016 09:21:00] /t
[30/07/2016 09:21:21] /ghost
[30/07/2016 09:23:40] /reload talkactions
[30/07/2016 09:24:49] /t
[30/07/2016 11:11:26] /c Hollywood
[30/07/2016 11:11:35] /i supreme arco
[30/07/2016 11:58:27] /i present bag
[30/07/2016 11:58:35] /additem 6497,1
[30/07/2016 11:58:59] /clean
[30/07/2016 12:01:18] /i 8976
[30/07/2016 12:01:25] /c Pally Cambur
[30/07/2016 12:02:06] /i supreme vip
[30/07/2016 12:02:18] /c Rush Two
[30/07/2016 12:18:56] /up
[30/07/2016 12:19:03] /t
[30/07/2016 13:36:42] /goto ADM Shayt
[30/07/2016 13:36:54] /t
[30/07/2016 14:50:45] /i 1484
[30/07/2016 14:50:47] /i 1484
[30/07/2016 14:50:48] /i 1484
[30/07/2016 14:50:49] /i 1484
[30/07/2016 14:50:51] /n mad
[30/07/2016 15:07:51] /a
[30/07/2016 15:07:55] /r
[30/07/2016 15:07:56] /r
[30/07/2016 15:07:56] /r
[30/07/2016 15:07:57] /r
[30/07/2016 15:07:58] /r
[30/07/2016 15:07:58] /r
[30/07/2016 15:07:59] /r
[30/07/2016 15:07:59] /r
[30/07/2016 15:08:00] /r
[30/07/2016 15:08:00] /r
[30/07/2016 15:08:01] /r
[30/07/2016 15:08:02] /r
[30/07/2016 15:08:17] /i 11115
[30/07/2016 15:08:22] /i 11115
[30/07/2016 15:08:24] /i 11115
[30/07/2016 15:08:25] /i 11115
[30/07/2016 15:08:27] /i 11115
[30/07/2016 15:08:28] /i 11115
[30/07/2016 15:08:30] /i 11115
[30/07/2016 15:08:31] /i 11115
[30/07/2016 15:08:33] /i 11115
[30/07/2016 15:08:35] /i 11115
[30/07/2016 15:08:37] /i 11115
[30/07/2016 15:08:38] /i 11115
[30/07/2016 15:08:40] /i 11115
[30/07/2016 15:08:49] /i present bag
[30/07/2016 15:08:49] /i present bag
[30/07/2016 15:08:57] /i present bag
[30/07/2016 15:08:59] /i present bag
[30/07/2016 15:09:04] /i present bag
[30/07/2016 15:09:07] /i present bag
[30/07/2016 15:09:11] /i present bag
[30/07/2016 15:09:14] /i present bag
[30/07/2016 15:09:17] /i present bag
[30/07/2016 15:09:19] /i present bag
[30/07/2016 15:09:26] /i supreme vip
[30/07/2016 15:09:31] /i supreme vip
[30/07/2016 15:09:34] /i supreme vip
[30/07/2016 15:10:11] /i supreme vip
[30/07/2016 15:10:13] /i supreme vip
[30/07/2016 15:10:18] /i supreme vip
[30/07/2016 15:10:20] /i supreme vip
[30/07/2016 15:10:25] /i supreme vip
[30/07/2016 15:10:27] /i supreme vip
[30/07/2016 15:10:30] /i supreme vip
[30/07/2016 15:10:44] /i exp card 5x
[30/07/2016 15:10:49] /i card exp 6x
[30/07/2016 15:10:52] /i card exp 5x
[30/07/2016 15:10:53] /i card exp 5x
[30/07/2016 15:10:58] /i card exp 5x
[30/07/2016 15:11:07] /i card exp 5x
[30/07/2016 15:11:12] /c adm shayt
[30/07/2016 15:11:16] /c adm orion
[30/07/2016 15:11:19] /c adm orion
[30/07/2016 15:11:20] /i card exp 5x
[30/07/2016 15:11:34] /i exp 7x
[30/07/2016 15:11:36] /i exp 7x
[30/07/2016 15:11:42] /i exp 7x
[30/07/2016 15:11:45] /i exp 7x
[30/07/2016 15:11:49] /i exp 7x
[30/07/2016 15:11:51] /i exp 7x
[30/07/2016 15:11:57] /i exp 7x
[30/07/2016 15:12:03] /i 2157
[30/07/2016 15:12:12] /i 2157
[30/07/2016 15:12:17] /i 2157
[30/07/2016 15:12:20] /i 2157
[30/07/2016 15:12:27] /i 2157
[30/07/2016 15:12:38] /i 2157
[30/07/2016 15:12:43] /i 2157
[30/07/2016 15:12:51] /i area ultimate
[30/07/2016 15:12:52] /i area ultimate
[30/07/2016 15:12:57] /i area ultimate
[30/07/2016 15:13:03] /i area ultimate
[30/07/2016 15:13:07] /i 2157
[30/07/2016 15:13:22] /goto Royal Locao
[30/07/2016 15:13:33] /r
[30/07/2016 15:13:52] /a
[30/07/2016 15:14:02] /i 2157
[30/07/2016 15:14:32] /i dice
[30/07/2016 15:14:47] /r
[30/07/2016 15:14:48] /r
[30/07/2016 15:14:53] /i 1643
[30/07/2016 15:15:34] /b evento clan tp ta no templo
[30/07/2016 15:15:35] /b evento clan tp ta no templo
[30/07/2016 15:15:35] /b evento clan tp ta no templo
[30/07/2016 15:15:44] /b evento clan tp ta no templo
[30/07/2016 15:15:45] /b evento clan tp ta no templo
[30/07/2016 15:15:54] /b evento clan tp ta no templo
[30/07/2016 15:15:55] /b evento clan tp ta no templo
[30/07/2016 15:16:08] /a 5
[30/07/2016 15:16:14] /ghost
[30/07/2016 15:16:27] /b evento clan tp ta no templo
[30/07/2016 15:16:28] /b evento clan tp ta no templo
[30/07/2016 15:16:56] /t Pally Cambur
[30/07/2016 15:17:41] /a 6
[30/07/2016 15:17:42] /a 6
[30/07/2016 15:17:57] /r
[30/07/2016 15:18:20] /r
[30/07/2016 15:18:21] /r
[30/07/2016 15:19:00] /r
[30/07/2016 15:19:24] /a 6
[30/07/2016 15:19:26] /a 6
[30/07/2016 15:19:26] /a 6
[30/07/2016 15:19:34] /r
[30/07/2016 15:19:48] /r
[30/07/2016 15:19:57] /r
[30/07/2016 15:20:37] /r
[30/07/2016 15:21:27] /a 5
[30/07/2016 15:21:29] /a 5
[30/07/2016 15:23:05] /r
[30/07/2016 15:23:27] /r
[30/07/2016 15:23:39] /r
[30/07/2016 15:24:13] /r
[30/07/2016 15:24:50] /t Heart Of Demon
[30/07/2016 15:25:03] /r
[30/07/2016 15:25:41] /r
[30/07/2016 15:26:16] /r
[30/07/2016 15:27:12] /i dice
[30/07/2016 15:27:21] /r
[30/07/2016 15:27:38] /r
[30/07/2016 15:27:53] /r
[30/07/2016 15:28:06] /r
[30/07/2016 15:28:23] /r
[30/07/2016 15:28:44] /r
[30/07/2016 15:28:52] /a
[30/07/2016 15:29:24] /r
[30/07/2016 15:30:10] /r
[30/07/2016 15:30:21] /r
[30/07/2016 15:30:48] /r
[30/07/2016 15:31:25] /r
[30/07/2016 15:31:36] /r
[30/07/2016 15:31:45] /r
[30/07/2016 15:32:09] /r
[30/07/2016 15:32:47] /r
[30/07/2016 15:33:02] /r
[30/07/2016 15:33:52] /r
[30/07/2016 15:33:58] /r
[30/07/2016 15:34:15] /r
[30/07/2016 15:35:03] /r
[30/07/2016 15:35:17] /r
[30/07/2016 15:35:27] /r
[30/07/2016 15:36:34] /ghost
[30/07/2016 15:36:34] /t
[30/07/2016 15:36:37] /r
[30/07/2016 15:36:45] /a 4
[30/07/2016 15:36:46] /a 4
[30/07/2016 15:36:48] /a 4
[30/07/2016 15:36:49] /a 4
[30/07/2016 15:36:51] /a 4
[30/07/2016 15:36:53] /ghost
[30/07/2016 15:36:57] /c Pally Cambur
[30/07/2016 15:37:44] /a
[30/07/2016 15:37:45] /a
[30/07/2016 15:37:45] /a
[30/07/2016 15:37:46] /a
[30/07/2016 15:37:46] /a
[30/07/2016 15:37:46] /a
[30/07/2016 15:37:47] /a
[30/07/2016 15:37:47] /a
[30/07/2016 15:37:48] /a
[30/07/2016 15:37:48] /a
[30/07/2016 15:37:49] /a
[30/07/2016 15:37:49] /a
[30/07/2016 15:37:50] /a
[30/07/2016 15:37:50] /a
[30/07/2016 15:37:51] /a
[30/07/2016 15:37:58] /a
[30/07/2016 15:38:06] /a -2
[30/07/2016 15:38:08] /a -2
[30/07/2016 15:38:10] /a -2
[30/07/2016 15:38:10] /a -2
[30/07/2016 15:38:11] /a -2
[30/07/2016 15:38:11] /a -2
[30/07/2016 15:38:12] /a -2
[30/07/2016 15:38:28] /r
[30/07/2016 15:38:34] /i 1111
[30/07/2016 15:39:40] /t
[30/07/2016 15:40:25] /ghost
[30/07/2016 15:40:43] /a
[30/07/2016 15:53:31] /i 1484
[30/07/2016 15:53:32] /i 1484
[30/07/2016 15:53:33] /i 1484
[30/07/2016 15:53:36] /r
[30/07/2016 15:53:38] /r
[30/07/2016 15:53:39] /r
[30/07/2016 15:53:40] /r
[30/07/2016 15:57:08] /i dice
[30/07/2016 15:57:15] /up
[30/07/2016 15:57:26] /giveitem Discovery,5792
[30/07/2016 15:57:33] /t
[30/07/2016 16:00:07] /r
[30/07/2016 16:06:14] /b 16:01 New record: 99 players are logged in.  Sera que chega a 100?
[30/07/2016 16:17:00] /goto Royal Locao
[30/07/2016 16:17:25] /a 5
[30/07/2016 16:25:02] /goto Royal Locao
[30/07/2016 16:25:15] /t
[30/07/2016 16:49:20] /goto Weverton sz
[30/07/2016 17:03:36] /goto Druid Of Trevas
[30/07/2016 17:04:06] /t
[30/07/2016 17:04:26] /n Johnny
[30/07/2016 17:04:29] /r
[30/07/2016 17:04:41] /goto Druid Of Trevas
[30/07/2016 17:04:44] /a
[30/07/2016 17:04:46] /n Druid Of Trevas
[30/07/2016 17:04:52] /n Johnny
[30/07/2016 17:05:51] /r
[30/07/2016 17:05:57] /t
[30/07/2016 18:47:56] /goto ADM Patricinha
[30/07/2016 18:51:18] /goto ADM Patricinha
[30/07/2016 18:52:33] /a
[30/07/2016 18:57:35] /goto ADM Patricinha
[30/07/2016 18:58:05] /t
[30/07/2016 19:02:03] /goto ADM Patricinha
[30/07/2016 19:02:08] /ghost
[30/07/2016 19:06:27] /i Lute
[30/07/2016 19:06:48] /i Drum
[30/07/2016 19:07:09] /i Lyre
[30/07/2016 19:07:21] /i Panpipes
[30/07/2016 19:07:35] /i Simple Fanfare
[30/07/2016 19:07:43] /i Wooden Flute
[30/07/2016 19:08:10] /i Royal Fanfare
[30/07/2016 19:08:50] /r
[30/07/2016 19:08:52] /r
[30/07/2016 19:10:38] /i Fireworks Rocket
[30/07/2016 19:10:43] /i Fireworks Rocket
[30/07/2016 19:10:45] /i Fireworks Rocket
[30/07/2016 19:10:46] /i Fireworks Rocket
[30/07/2016 19:10:48] /i Fireworks Rocket
[30/07/2016 19:10:57] /i Party Hat
[30/07/2016 19:12:03] /i Valentine's Cake
[30/07/2016 19:18:14] /t Weverton sz
[30/07/2016 19:19:18] /c adm shayt
[30/07/2016 19:23:14] /ghost
[30/07/2016 19:23:16] /t
[30/07/2016 19:23:44] /ghost
[30/07/2016 19:23:50] /ghost
[30/07/2016 19:33:58] /reload weapons
[30/07/2016 19:34:03] /reload globalevent
[30/07/2016 20:06:12] /goto Mineiro
[30/07/2016 20:10:59] /goto Mineiro
[30/07/2016 21:05:29] /t
[30/07/2016 21:14:22] /goto Mineiro
[30/07/2016 21:15:23] /up
[30/07/2016 21:15:24] /up
[30/07/2016 21:15:24] /up
[30/07/2016 21:15:28] /c mineiro
[30/07/2016 21:15:30] /ghost
[30/07/2016 21:15:59] /t Mineiro
[30/07/2016 21:16:01] /ghost
[30/07/2016 21:16:01] /t
[30/07/2016 21:16:05] /goto Mineiro
[30/07/2016 21:16:07] /goto Mineiro
[30/07/2016 21:16:09] /goto Mineiro
[30/07/2016 21:16:11] /goto Mineiro
[30/07/2016 21:16:13] /goto Mineiro
[30/07/2016 21:16:14] /goto Mineiro
[30/07/2016 21:16:15] /goto Mineiro
[30/07/2016 21:16:17] /goto Mineiro
[30/07/2016 21:16:17] /goto Mineiro
[30/07/2016 21:16:18] /goto Mineiro
[30/07/2016 21:16:19] /goto Mineiro
[30/07/2016 21:16:20] /goto Mineiro
[30/07/2016 21:16:21] /goto Mineiro
[30/07/2016 21:16:26] /ghost
[30/07/2016 21:16:36] /up
[30/07/2016 21:16:39] /down
[30/07/2016 21:16:41] /down
[30/07/2016 21:16:43] /down
[30/07/2016 21:16:44] /down
[30/07/2016 21:17:16] /goto mineiro
[30/07/2016 21:17:27] /ghost
[30/07/2016 21:17:52] /t
[30/07/2016 21:24:50] /up
[30/07/2016 21:24:50] /up
[30/07/2016 21:24:51] /up
[30/07/2016 21:24:53] /up
[30/07/2016 21:33:32] /m deer
[30/07/2016 21:33:37] /m deer
[30/07/2016 21:33:55] /ghost
[30/07/2016 21:34:02] /r
[30/07/2016 21:35:09] /ghost
[30/07/2016 21:40:12] /i 6512
[30/07/2016 21:40:18] /r
[30/07/2016 21:43:02] /goto Gogogogo
[30/07/2016 21:43:05] /a
[30/07/2016 21:44:52] /kick [Svip] Ho Papai Chegou
[30/07/2016 21:54:01] /up
[30/07/2016 21:54:20] /c Elektra
[30/07/2016 21:54:25] /i ultimate arrow
[30/07/2016 21:54:38] /goto Elektra
[30/07/2016 21:55:01] /ghost
[30/07/2016 21:55:12] /ghost
[30/07/2016 21:55:15] /t
[30/07/2016 21:58:56] /goto Royal Locao
[30/07/2016 21:58:59] /t
[30/07/2016 22:03:13] /reload config
[31/07/2016 08:44:00] /t
[31/07/2016 08:58:01] /r
[31/07/2016 14:05:43] /goto Russian Player
[31/07/2016 14:05:45] /t
[31/07/2016 14:08:04] /b duvidas help
[31/07/2016 14:08:05] /b duvidas help
[31/07/2016 14:09:19] /i 6536
[31/07/2016 14:54:08] /reload actions
[31/07/2016 15:02:04] /i Elvish Bow
[31/07/2016 15:02:17] /i Musician's Bow
[31/07/2016 15:02:59] /i exp 7x
[31/07/2016 15:04:19] /goto Elf Scout
[31/07/2016 15:04:22] /goto Elf Scout
[31/07/2016 15:04:35] /i Yol's Bow
[31/07/2016 15:06:28] /t
[31/07/2016 15:20:17] /b galera ot ja volta para ajustes de alguns bugs
[31/07/2016 15:20:17] /b galera ot ja volta para ajustes de alguns bugs
[31/07/2016 15:20:18] /b galera ot ja volta para ajustes de alguns bugs
[31/07/2016 15:20:22] /save
[31/07/2016 15:23:50] /i Magnata arco
[31/07/2016 15:24:22] /save
[31/07/2016 15:26:12] /ghost
[31/07/2016 15:27:36] /goto Royal Locao
[31/07/2016 15:28:24] /t
[31/07/2016 15:29:56] /ghost
[31/07/2016 15:33:28] /goto Royal Locao
[31/07/2016 15:33:31] /i exp 7x
[31/07/2016 15:33:59] /goto Fabin Pica Dura
[31/07/2016 15:34:05] /r
[31/07/2016 15:34:06] /r
[31/07/2016 15:34:08] /r
[31/07/2016 15:34:12] /i exp 7x
[31/07/2016 15:34:19] /t
[31/07/2016 15:59:53] /up
[31/07/2016 15:59:54] /up
[31/07/2016 15:59:55] /up
[31/07/2016 16:00:00] /c Royal Locao
[31/07/2016 16:00:01] /ghost
[31/07/2016 16:04:53] /t Royal Locao
[31/07/2016 16:04:55] /ghost
[31/07/2016 16:04:55] /t
[31/07/2016 16:07:54] /reload items
[31/07/2016 16:10:24] /r
[31/07/2016 16:50:31] /goto [Svip] Pyromaniac
[31/07/2016 16:51:05] /t Royal Locao
[31/07/2016 16:51:08] /t [Svip] Pyromaniac
[31/07/2016 16:51:11] /t Xuxa Vingadora
[31/07/2016 16:51:13] /t
[31/07/2016 16:53:49] /ghost
[31/07/2016 17:00:49] /i 11394
[31/07/2016 17:01:33] /i label
[31/07/2016 18:07:51] /ghost
[31/07/2016 18:09:32] /b galera deu erro no dedicado que deu rollbak no server
[31/07/2016 18:09:33] /b galera deu erro no dedicado que deu rollbak no server
[31/07/2016 18:09:35] /b galera deu erro no dedicado que deu rollbak no server
[31/07/2016 18:09:37] /b galera deu erro no dedicado que deu rollbak no server
[31/07/2016 18:10:24] /r
[31/07/2016 18:10:35] /goto morgaroth girl
[31/07/2016 18:10:37] /a
[31/07/2016 18:10:38] /a
[31/07/2016 18:10:39] /a
[31/07/2016 18:11:11] /a
[31/07/2016 18:15:45] /additem 6536,1
[31/07/2016 18:18:23] /a 5
[31/07/2016 18:18:26] /a 5
[31/07/2016 18:18:30] /a 5
[31/07/2016 18:18:30] /a 5
[31/07/2016 18:18:31] /a 5
[31/07/2016 18:18:31] /a 5
[31/07/2016 18:18:32] /a 5
[31/07/2016 18:18:32] /a 5
[31/07/2016 18:18:32] /a 5
[31/07/2016 18:18:33] /a 5
[31/07/2016 18:18:34] /a 5
[31/07/2016 18:18:35] /a 5
[31/07/2016 18:18:41] /a 5
[31/07/2016 18:19:03] /r
[31/07/2016 18:19:12] /t
[31/07/2016 18:53:08] /additem 6497,1
[31/07/2016 20:16:42] /goto Jo'ker
[31/07/2016 20:16:50] /ghost
[31/07/2016 20:17:23] /i Magnata arco
[31/07/2016 20:17:50] /ghost
[31/07/2016 20:17:52] /t
[31/07/2016 20:43:38] /goto Royal Locao
[31/07/2016 20:47:34] /t
[31/07/2016 21:02:33] /up
[31/07/2016 21:02:36] /unban Magezinhoow
[31/07/2016 21:10:58] /t
[31/07/2016 21:11:12] /goto ADM Shayt
[31/07/2016 21:26:26] /goto adm orion
[31/07/2016 21:26:29] /a
[31/07/2016 21:26:40] /ghost
[31/07/2016 21:26:58] /i area ultimate
[31/07/2016 21:27:03] /i supreme vip
[31/07/2016 21:27:08] /i 10390
[31/07/2016 21:27:13] /r
[31/07/2016 21:27:19] /r
[31/07/2016 21:27:19] /r
[31/07/2016 21:27:20] /r
[31/07/2016 21:27:27] /i 11238
[31/07/2016 21:28:46] /ghost
[31/07/2016 21:29:32] /ghost
[31/07/2016 21:29:37] /a
[31/07/2016 21:30:15] /a 5
[31/07/2016 21:30:16] /a 5
[31/07/2016 21:30:27] /i ultimate arrow
[31/07/2016 21:30:29] /c Spockspock
[31/07/2016 21:30:31] /c Spockspock
[31/07/2016 21:30:36] /a 5
[31/07/2016 21:30:36] /a 5
[31/07/2016 21:30:37] /a 5
[31/07/2016 21:30:38] /a 5
[31/07/2016 21:30:43] /c Spockspock
[31/07/2016 21:30:57] /t Spockspock
[31/07/2016 21:31:10] /a 5
[31/07/2016 21:31:12] /a 5
[31/07/2016 21:31:13] /a 5
[31/07/2016 21:31:14] /a 5
[31/07/2016 21:31:49] /a
[31/07/2016 21:31:50] /a
[31/07/2016 21:31:50] /a
[31/07/2016 21:31:51] /a
[31/07/2016 21:31:52] /a
[31/07/2016 21:31:53] /a
[31/07/2016 21:31:54] /a
[31/07/2016 21:31:56] /a 4
[31/07/2016 21:32:11] /newtype 12
[31/07/2016 21:32:12] /newtype 11
[31/07/2016 21:32:14] /newtype 13
[31/07/2016 21:32:15] /newtype 14
[31/07/2016 21:32:16] /newtype 15
[31/07/2016 21:32:18] /newtype 16
[31/07/2016 21:32:19] /newtype 24
[31/07/2016 21:32:22] /newtype 10
[31/07/2016 21:32:51] /newtype 9
[31/07/2016 21:32:53] /newtype 8
[31/07/2016 21:32:54] /newtype 7
[31/07/2016 21:32:55] /newtype 6
[31/07/2016 21:32:58] /newtype 19
[31/07/2016 21:32:59] /newtype 18
[31/07/2016 21:33:00] /newtype 17
[31/07/2016 21:33:02] /newtype 16
[31/07/2016 21:33:07] /newtype 21
[31/07/2016 21:33:09] /newtype 22
[31/07/2016 21:33:10] /newtype 23
[31/07/2016 21:33:12] /newtype 30
[31/07/2016 21:33:14] /newtype 40
[31/07/2016 21:33:16] /newtype 50
[31/07/2016 21:33:17] /newtype 60
[31/07/2016 21:33:19] /newtype 70
[31/07/2016 21:33:21] /newtype 80
[31/07/2016 21:33:22] /newtype 90
[31/07/2016 21:33:24] /newtype 300
[31/07/2016 21:33:34] /newtype 302
[31/07/2016 21:33:39] /a
[31/07/2016 21:33:40] /a
[31/07/2016 21:33:42] /a
[31/07/2016 21:33:43] /a 2
[31/07/2016 21:33:50] /a 2
[31/07/2016 21:34:43] /a 5
[31/07/2016 21:34:44] /a 5
[31/07/2016 21:34:45] /a 5
[31/07/2016 21:34:46] /a 5
[31/07/2016 21:34:47] /a 5
[31/07/2016 21:34:51] /a
[31/07/2016 21:36:53] /t
[31/07/2016 21:48:26] /ghost
[31/07/2016 22:14:18] /t
[31/07/2016 22:14:35] /i 2767
[01/08/2016 08:46:40] /r
[01/08/2016 08:46:44] /r
[01/08/2016 09:17:32] /t Jo'ker
[01/08/2016 09:17:56] /goto Jo'ker
[01/08/2016 11:23:29] /up
[01/08/2016 11:23:29] /up
[01/08/2016 11:23:30] /up
[01/08/2016 11:23:33] /ghost
[01/08/2016 11:23:50] /i Magnata aol
[01/08/2016 11:23:56] /i Magnata amuleto
[01/08/2016 11:24:36] /c Gunx
[01/08/2016 11:24:46] /addskill Gunx,level,200
[01/08/2016 11:24:53] /attr skull 4
[01/08/2016 11:24:59] /m gandalf branco
[01/08/2016 11:25:13] /r
[01/08/2016 11:25:15] /c Gunx
[01/08/2016 11:37:11] /i 10218
[01/08/2016 11:37:36] /attr skull 3
[01/08/2016 11:37:39] /attr skull 0
[01/08/2016 11:38:34] /r
[01/08/2016 11:53:57] /ghost
[01/08/2016 11:53:57] /t
[01/08/2016 11:54:10] /goto Spockspock
[01/08/2016 11:54:18] /goto Royal Locao
[01/08/2016 11:54:21] /t
[01/08/2016 12:06:59] /up
[01/08/2016 12:07:00] /up
[01/08/2016 12:07:00] /up
[01/08/2016 12:07:04] /c Cesinha
[01/08/2016 12:07:06] /ghost
[01/08/2016 12:07:46] /t Cesinha
[01/08/2016 12:07:47] /ghost
[01/08/2016 12:07:48] /t
[01/08/2016 12:35:45] /i 7890
[01/08/2016 13:12:49] /t
[01/08/2016 14:08:28] /goto Royal Locao
[01/08/2016 14:08:35] /ghost
[01/08/2016 14:10:49] /goto Fabin Pica Dura
[01/08/2016 14:10:57] /ghost
[01/08/2016 14:10:58] /t
[01/08/2016 15:05:19] /i 10021
[01/08/2016 15:05:24] /r
[01/08/2016 15:49:31] /t
[01/08/2016 15:49:51] /a
[01/08/2016 15:50:02] /t
[01/08/2016 16:01:04] /i Magnata amuleto
[01/08/2016 16:03:29] /reload all
[01/08/2016 16:04:20] /ghost
[01/08/2016 16:04:49] /ghost
[01/08/2016 16:11:56] /r
[01/08/2016 16:33:11] /t
[01/08/2016 16:33:21] /t Rhianzinhow
[01/08/2016 16:38:37] /ghost
[01/08/2016 16:39:46] /i 2157
[01/08/2016 16:42:09] /ghost
[01/08/2016 16:42:14] /ghost
[01/08/2016 16:42:42] /c Paladino
[01/08/2016 16:42:45] /c Paladino
[01/08/2016 16:45:41] /c Druida Rox
[01/08/2016 16:50:55] /c Spockspock
[01/08/2016 16:51:18] /i supreme legs
[01/08/2016 16:51:28] /i supreme helmet
[01/08/2016 16:51:34] /i supreme armor
[01/08/2016 16:51:46] /i supreme shield
[01/08/2016 17:12:12] /c Brutos'syes
[01/08/2016 17:12:24] /t Brutos'syes
[01/08/2016 17:14:32] /t
[01/08/2016 17:14:33] /up
[01/08/2016 17:14:34] /up
[01/08/2016 17:14:35] /up
[01/08/2016 17:15:06] /attr skull 4
[01/08/2016 17:15:12] /m gandalf branco
[01/08/2016 17:15:25] /r
[01/08/2016 17:15:26] /c Gunx
[01/08/2016 17:17:36] /n informante
[01/08/2016 17:17:51] /r
[01/08/2016 17:17:53] /t
[01/08/2016 17:17:59] /n informante
[01/08/2016 17:18:09] /ghost
[01/08/2016 17:21:41] /goto Paladino
[01/08/2016 17:21:55] /r
[01/08/2016 17:21:57] /t
[01/08/2016 17:28:54] /t Mazayaz
[01/08/2016 17:29:11] /c Mazayaz
[01/08/2016 17:29:37] /i donate staff
[01/08/2016 17:30:41] /ghost
[01/08/2016 17:31:02] /ghost
[01/08/2016 17:31:03] /t
[01/08/2016 17:35:22] /goto Brutos'syes
[01/08/2016 17:35:29] /i exp 7x
[01/08/2016 17:35:42] /t
[01/08/2016 17:52:21] /goto Paladino
[01/08/2016 17:52:26] /a
[01/08/2016 17:52:27] /a
[01/08/2016 17:52:29] /a
[01/08/2016 17:52:47] /t Paladino
[01/08/2016 17:52:49] /a
[01/08/2016 17:52:51] /a
[01/08/2016 17:52:53] /a
[01/08/2016 17:52:55] /a
[01/08/2016 17:52:58] /up
[01/08/2016 17:53:02] /up
[01/08/2016 17:53:07] /up
[01/08/2016 17:53:12] /r
[01/08/2016 17:53:13] /r
[01/08/2016 17:53:25] /goto Zik Doido
[01/08/2016 17:56:05] /goto zickpally
[01/08/2016 17:56:20] /t
[01/08/2016 18:16:40] /ghost
[01/08/2016 18:17:01] /ghost
[01/08/2016 18:18:14] /ghost
[01/08/2016 18:22:05] /ghost
[01/08/2016 18:27:02] /up
[01/08/2016 18:27:02] /up
[01/08/2016 18:27:03] /up
[01/08/2016 18:27:06] /c Rhianzinhow
[01/08/2016 18:27:11] /ghost
[01/08/2016 18:27:39] /r
[01/08/2016 18:27:40] /r
[01/08/2016 18:27:40] /r
[01/08/2016 18:27:41] /r
[01/08/2016 18:27:42] /r
[01/08/2016 18:27:42] /r
[01/08/2016 18:27:59] /i supreme shield
[01/08/2016 18:28:05] /i supreme legs
[01/08/2016 18:28:10] /i supreme helmet
[01/08/2016 18:28:16] /i supreme boots
[01/08/2016 18:28:22] /i ultimate arrow
[01/08/2016 18:29:20] /i supreme vip
[01/08/2016 18:29:31] /t Rhianzinhow
[01/08/2016 18:29:33] /ghost
[01/08/2016 18:29:34] /t
[01/08/2016 18:34:36] /i oil lamp
[01/08/2016 19:20:51] /goto Evolughetto
[01/08/2016 19:20:53] /ghost
[01/08/2016 19:21:20] /t Evolughetto
[01/08/2016 19:21:22] /ghost
[01/08/2016 19:21:22] /t
[01/08/2016 19:23:51] /ghost
[01/08/2016 19:25:04] /clean
[01/08/2016 19:25:12] /ghost
[01/08/2016 19:43:09] /up
[01/08/2016 19:43:11] /up
[01/08/2016 19:43:15] /a 5
[01/08/2016 19:43:15] /a 5
[01/08/2016 19:43:16] /a 5
[01/08/2016 19:43:17] /a 5
[01/08/2016 19:43:18] /a 5
[01/08/2016 19:43:19] /a 5
[01/08/2016 19:43:20] /up
[01/08/2016 19:43:22] /up
[01/08/2016 19:43:25] /up
[01/08/2016 19:43:34] /c Zaack
[01/08/2016 19:44:58] /t
[01/08/2016 19:47:31] /up
[01/08/2016 19:47:32] /up
[01/08/2016 19:47:33] /up
[01/08/2016 19:58:42] /t
[01/08/2016 19:58:53] /a
[01/08/2016 19:58:54] /a
[01/08/2016 19:58:56] /a
[01/08/2016 20:03:12] /clean
[01/08/2016 20:03:42] /up
[01/08/2016 20:35:53] /t
[01/08/2016 20:36:04] /goto Zik Doido
[01/08/2016 20:36:07] /r
[01/08/2016 20:36:12] /t
[01/08/2016 20:46:29] /c Palmito Cubano
[01/08/2016 20:46:53] /i Magnata arco
[01/08/2016 20:52:47] /c Ricardod
[01/08/2016 20:55:49] /c Old Eu Uso Sky
[01/08/2016 20:55:53] /ghost
[01/08/2016 20:56:04] /t Old Eu Uso Sky
[01/08/2016 20:56:55] /t Old Eu Uso Sky
[01/08/2016 20:56:57] /ghost
[01/08/2016 21:02:58] /t
[01/08/2016 21:24:42] /goto Palmito Cubano
[01/08/2016 21:24:47] /t
[01/08/2016 21:29:28] /goto Royal Locao
[01/08/2016 21:29:33] /t
[01/08/2016 21:32:49] /r
[01/08/2016 21:37:05] /a
[01/08/2016 21:37:07] /r
[01/08/2016 21:37:40] /ghost
[01/08/2016 21:42:47] /reload npc
[01/08/2016 21:43:09] /r
[01/08/2016 21:43:22] /ghost
[01/08/2016 21:43:46] /ghost
[01/08/2016 21:44:40] /ghost
[02/08/2016 09:22:32] /goto Blukkerzinn
[02/08/2016 09:22:52] /t
[02/08/2016 09:23:02] /r
[02/08/2016 09:23:05] /r
[02/08/2016 09:23:11] /r
[02/08/2016 09:23:14] /r
[02/08/2016 09:23:19] /r
[02/08/2016 09:23:22] /r
[02/08/2016 09:24:20] /r 100
[02/08/2016 09:25:32] /i 2128
[02/08/2016 09:25:37] /i 2486
[02/08/2016 09:25:41] /i 2488
[02/08/2016 09:25:47] /i 6531
[02/08/2016 09:25:51] /i 2653
[02/08/2016 09:25:57] /i 3983
[02/08/2016 09:27:47] /goto [Svip] Kamikaze
[02/08/2016 09:27:53] /r
[02/08/2016 09:27:54] /r
[02/08/2016 09:27:55] /r
[02/08/2016 09:42:22] /reload spells
[02/08/2016 09:43:36] /reload spells
[02/08/2016 09:50:39] /reload spells
[02/08/2016 12:37:49] /ghost
[02/08/2016 12:39:27] /ghost
[02/08/2016 12:44:36] /ghost
[29/08/2016 12:37:20] /ghost
[03/09/2016 15:02:31] /newtype 300
[03/09/2016 15:02:32] /newtype 301
[03/09/2016 15:02:33] /newtype 302
[03/09/2016 15:02:34] /newtype 303
[03/09/2016 15:02:35] /newtype 304
[03/09/2016 15:02:36] /newtype 305
[03/09/2016 15:02:36] /newtype 306
[03/09/2016 15:02:37] /newtype 307
[03/09/2016 15:02:39] /newtype 308
[03/09/2016 15:02:41] /newtype 309
[03/09/2016 15:02:43] /newtype 310
[03/09/2016 15:02:44] /newtype 311
[03/09/2016 15:02:45] /newtype 312
[03/09/2016 15:02:45] /newtype 313
[03/09/2016 15:02:46] /newtype 314
[03/09/2016 15:02:47] /newtype 315
[03/09/2016 15:02:48] /newtype 316
[03/09/2016 15:02:48] /newtype 317
[03/09/2016 15:02:49] /newtype 318
[03/09/2016 15:02:50] /newtype 319
[03/09/2016 15:02:53] /newtype 320
[03/09/2016 15:02:54] /newtype 321
[03/09/2016 15:02:54] /newtype 322
[03/09/2016 15:02:55] /newtype 323
[03/09/2016 15:02:56] /newtype 324
[03/09/2016 15:02:56] /newtype 325
[03/09/2016 15:02:57] /newtype 326
[03/09/2016 15:02:58] /newtype 327
[03/09/2016 15:02:59] /newtype 328
[03/09/2016 15:02:59] /newtype 329
[03/09/2016 15:03:03] /newtype 330
[03/09/2016 15:03:04] /newtype 331
[03/09/2016 15:03:05] /newtype 332
[03/09/2016 15:03:06] /newtype 333
[03/09/2016 15:03:06] /newtype 334
[03/09/2016 15:03:07] /newtype 335
[03/09/2016 15:03:08] /newtype 336
[03/09/2016 15:03:09] /newtype 337
[03/09/2016 15:03:10] /newtype 338
[03/09/2016 15:03:11] /newtype 339
[03/09/2016 15:03:13] /newtype 340
[03/09/2016 15:03:14] /newtype 341
[03/09/2016 15:03:15] /newtype 342
[03/09/2016 15:03:15] /newtype 343
[03/09/2016 15:03:16] /newtype 344
[03/09/2016 15:03:17] /newtype 345
[03/09/2016 15:03:18] /newtype 346
[03/09/2016 15:03:19] /newtype 347
[03/09/2016 15:03:20] /newtype 348
[03/09/2016 15:03:21] /newtype 349
[03/09/2016 15:03:23] /newtype 350
[03/09/2016 15:03:24] /newtype 351
[03/09/2016 15:03:24] /newtype 352
[03/09/2016 15:03:25] /newtype 353
[03/09/2016 15:03:26] /newtype 354
[03/09/2016 15:03:30] /newtype 1
[03/09/2016 15:03:32] /newtype 2
[03/09/2016 15:03:33] /newtype 3
[03/09/2016 15:03:34] /newtype 4
[03/09/2016 15:03:36] /newtype 40
[03/09/2016 15:03:38] /newtype 41
[03/09/2016 15:03:40] /newtype 42
[03/09/2016 15:03:41] /newtype 43
[03/09/2016 15:03:42] /newtype 44
[03/09/2016 15:03:42] /newtype 45
[03/09/2016 15:03:43] /newtype 46
[03/09/2016 15:03:44] /newtype 47
[03/09/2016 15:03:45] /newtype 48
[03/09/2016 15:03:46] /newtype 49
[03/09/2016 15:03:48] /newtype 50
[03/09/2016 15:03:49] /newtype 51
[03/09/2016 15:03:50] /newtype 52
[03/09/2016 15:03:51] /newtype 53
[03/09/2016 15:03:52] /newtype 54
[03/09/2016 15:03:53] /newtype 55
[03/09/2016 15:03:54] /newtype 56
[03/09/2016 15:03:54] /newtype 57
[03/09/2016 15:03:55] /newtype 58
[03/09/2016 15:03:56] /newtype 59
[03/09/2016 15:03:58] /newtype 60
[03/09/2016 15:03:59] /newtype 61
[03/09/2016 15:04:00] /newtype 62
[03/09/2016 15:04:01] /newtype 63
[03/09/2016 15:04:01] /newtype 64
[03/09/2016 15:04:02] /newtype 65
[03/09/2016 15:04:03] /newtype 66
[03/09/2016 15:04:05] /newtype 67
[03/09/2016 15:04:06] /newtype 68
[03/09/2016 15:04:06] /newtype 69
[03/09/2016 15:04:09] /newtype 70
[03/09/2016 15:04:09] /newtype 71
[03/09/2016 15:04:10] /newtype 72
[03/09/2016 15:04:11] /newtype 73
[03/09/2016 15:04:12] /newtype 74
[03/09/2016 15:04:13] /newtype 75
[03/09/2016 15:04:14] /newtype 76
[03/09/2016 15:04:15] /newtype 77
[03/09/2016 15:04:16] /newtype 78
[03/09/2016 15:04:17] /newtype 79
[03/09/2016 15:04:20] /newtype 80
[03/09/2016 15:04:21] /newtype 81
[03/09/2016 15:04:22] /newtype 82
[03/09/2016 15:04:23] /newtype 83
[03/09/2016 15:04:23] /newtype 84
[03/09/2016 15:04:25] /newtype 85
[03/09/2016 15:04:26] /newtype 86
[03/09/2016 15:04:28] /newtype 87
[03/09/2016 15:04:29] /newtype 88
[03/09/2016 15:04:31] /newtype 89
[03/09/2016 15:04:33] /newtype 90
[03/09/2016 15:04:34] /newtype 91
[03/09/2016 15:04:35] /newtype 92
[03/09/2016 15:04:36] /newtype 93
[03/09/2016 15:04:38] /newtype 93
[03/09/2016 15:04:39] /newtype 94
[03/09/2016 15:04:40] /newtype 95
[03/09/2016 15:04:41] /newtype 96
[03/09/2016 15:04:42] /newtype 97
[03/09/2016 15:04:44] /newtype 98
[03/09/2016 15:04:45] /newtype 99
[04/09/2016 13:43:53] /t
[04/09/2016 13:45:39] /t
[04/09/2016 13:49:42] /up
[04/09/2016 13:49:43] /up
[04/09/2016 13:49:43] /up
[04/09/2016 13:49:44] /up
[04/09/2016 13:50:16] /reload globalevent
[04/09/2016 13:52:40] /reload globalevent
[04/09/2016 13:54:01] /reload globalevent
[04/09/2016 13:54:33] /reload globalevent
[04/09/2016 13:54:40] /t
[04/09/2016 13:57:13] /reload globalevent
[04/09/2016 14:00:50] /t
[04/09/2016 14:03:03] /i 2157
[04/09/2016 14:11:23] /reload globalevent
[04/09/2016 14:12:26] /reload globalevent
[04/09/2016 14:16:04] /reload globalevent
[04/09/2016 14:17:40] /reload monster
[04/09/2016 14:17:51] /t
[04/09/2016 14:17:56] /m Acid Blob
[04/09/2016 14:57:13] /reload movements
[04/09/2016 14:59:22] /i ultimate healing rune
[04/09/2016 14:59:31] /a
[04/09/2016 14:59:37] /attr health 100
[04/09/2016 14:59:41] /attr health 100
[04/09/2016 14:59:42] /attr health 100
[04/09/2016 14:59:43] /attr health 100
[04/09/2016 14:59:43] /attr health 100
[04/09/2016 14:59:43] /attr health 100
[04/09/2016 14:59:44] /attr health 100
[04/09/2016 14:59:44] /attr health 100
[04/09/2016 15:00:58] /reload actions
[04/09/2016 16:03:49] /reload globalevent
