[20/07/2016 16:17:36] /god 2157
[20/07/2016 16:18:08] /ghost
[20/07/2016 16:18:12] /t
[20/07/2016 16:24:04] /god 2500
[20/07/2016 16:24:25] /god 7730
[20/07/2016 16:24:42] /god 2662
[20/07/2016 16:24:57] /god 11113
[20/07/2016 16:25:16] /god 9002
[20/07/2016 16:26:35] /god 12591
[20/07/2016 16:27:03] /god 4848
[20/07/2016 16:29:00] /god 8976
[20/07/2016 16:30:24] /god 10309
[20/07/2016 16:42:34] /a 6
[20/07/2016 16:42:48] /a 5
[20/07/2016 16:42:57] /a 5
[20/07/2016 16:43:02] /a 5
[20/07/2016 16:43:05] /a 5
[20/07/2016 16:43:09] /a 5
[20/07/2016 16:43:14] /a 5
[20/07/2016 16:43:22] /a 5
[20/07/2016 16:43:32] /a 4
[20/07/2016 16:43:45] /a 4
[20/07/2016 16:43:51] /a 5
[20/07/2016 16:44:00] /a 4
[20/07/2016 16:44:06] /a 5
[20/07/2016 16:44:10] /a 4
[20/07/2016 16:44:14] /a 3
[20/07/2016 16:44:19] /a 2
[20/07/2016 16:44:29] /a 4
[20/07/2016 16:44:36] /a 2
[20/07/2016 16:44:42] /a 1
[20/07/2016 16:44:46] /a 2
[20/07/2016 16:44:51] /a 3
[20/07/2016 16:44:55] /a 2
[20/07/2016 16:44:58] /a 2
[20/07/2016 16:45:02] /a 2
[20/07/2016 16:45:05] /a 2
[20/07/2016 16:45:09] /a 2
[20/07/2016 16:45:14] /a 2
[20/07/2016 16:45:19] /a 2
[20/07/2016 16:45:23] /a 2
[20/07/2016 16:45:33] /a 2
[20/07/2016 16:46:03] /a 3
[20/07/2016 16:46:07] /a 4
[20/07/2016 16:46:11] /a 4
[20/07/2016 16:46:15] /a 4
[20/07/2016 16:46:20] /a 3
[20/07/2016 16:46:24] /a 3
[20/07/2016 16:46:33] /a 3
[20/07/2016 16:46:36] /a 3
[20/07/2016 16:46:44] /a 4
[20/07/2016 16:46:52] /a 6
[20/07/2016 16:46:57] /a 5
[20/07/2016 16:47:00] /a 5
[20/07/2016 16:47:03] /a 5
[20/07/2016 16:47:06] /a 5
[20/07/2016 16:47:10] /a 5
[20/07/2016 16:47:17] /a 5
[20/07/2016 16:48:00] /a 4
[20/07/2016 16:48:05] /a 2
[20/07/2016 16:48:09] /a 2
[20/07/2016 16:48:14] /a 4
[20/07/2016 16:48:18] /a 4
[20/07/2016 16:48:21] /a 4
[20/07/2016 16:48:24] /a 4
[20/07/2016 16:48:30] /a 2
[20/07/2016 16:49:26] /a 4
[20/07/2016 16:49:35] /a 4
[20/07/2016 16:49:50] /a 2
[20/07/2016 16:49:59] /a 2
[20/07/2016 16:52:56] /goto crazy
[20/07/2016 16:55:27] /a 6
[20/07/2016 16:55:31] /a 4
[20/07/2016 16:55:35] /a 4
[20/07/2016 16:55:39] /a 4
[20/07/2016 16:55:42] /a 4
[20/07/2016 16:55:46] /a 4
[20/07/2016 16:55:51] /a 4
[20/07/2016 16:56:26] /a 5
[20/07/2016 16:56:51] /a 1
[20/07/2016 17:04:16] /a 2
[20/07/2016 17:05:29] /a 3
[20/07/2016 17:09:03] /a 2
[20/07/2016 17:09:08] /a 3
[20/07/2016 17:09:48] /a 3
[20/07/2016 17:10:05] /a 3
[20/07/2016 17:10:15] /a 4
[20/07/2016 17:10:18] /a 3
[20/07/2016 17:10:24] /a 4
[20/07/2016 17:10:27] /a 3
[20/07/2016 17:10:30] /a 3
[20/07/2016 17:10:40] /a 2
[20/07/2016 17:10:46] /a 2
[20/07/2016 17:10:49] /a 1
[20/07/2016 17:11:21] /goto Jo'ker
[20/07/2016 17:14:14] /goto Jo'ker
[20/07/2016 17:17:16] /a 2
[20/07/2016 17:28:56] /goto Jo'ker
[20/07/2016 17:42:56] /t
[20/07/2016 17:43:30] /a 2
[20/07/2016 17:43:41] /a 1
[20/07/2016 17:44:28] /a 6
[20/07/2016 17:44:50] /a 3
[20/07/2016 17:45:02] /a 3
[20/07/2016 17:45:17] /a 4
[20/07/2016 17:45:22] /a 2
[20/07/2016 17:45:34] /a 3
[20/07/2016 17:45:41] /a 4
[20/07/2016 17:45:52] /a 6
[20/07/2016 17:46:01] /a 4
[20/07/2016 17:46:08] /a 4
[20/07/2016 17:53:10] /t
[20/07/2016 17:53:22] /a 3
[20/07/2016 17:53:30] /a 2
[20/07/2016 17:53:48] /a 3
[20/07/2016 20:01:24] /ghost
[21/07/2016 12:12:55] /ghost
[21/07/2016 12:19:33] /ghost
[21/07/2016 12:25:24] /a 5
[21/07/2016 12:25:28] /a 3
[21/07/2016 12:25:37] /a 3
[21/07/2016 12:25:42] /a 6
[21/07/2016 12:25:52] /a 4
[21/07/2016 12:25:56] /a 3
[21/07/2016 12:25:59] /a 3
[21/07/2016 12:26:12] /a 4
[21/07/2016 12:27:20] /a 5
[21/07/2016 12:27:43] /a 5
[21/07/2016 12:27:46] /a 4
[21/07/2016 12:28:01] /a 5
[21/07/2016 12:28:09] /a 3
[21/07/2016 12:28:20] /a 4
[21/07/2016 12:28:24] /a 3
[21/07/2016 12:28:42] /a 6
[21/07/2016 12:29:37] /a 4
[21/07/2016 12:29:41] /a 3
[21/07/2016 12:29:45] /a 2
[21/07/2016 12:29:51] /a 5
[21/07/2016 12:29:56] /a 1
[21/07/2016 12:30:03] /a 2
[21/07/2016 12:37:50] /a 3
[21/07/2016 12:37:53] /a 3
[21/07/2016 12:37:57] /a 2
[21/07/2016 12:38:24] /god 6512
[21/07/2016 12:39:27] /a 4
[21/07/2016 12:39:45] /a 4
[21/07/2016 12:39:59] /a 4
[21/07/2016 12:40:10] /a 5
[21/07/2016 12:40:20] /a 4
[21/07/2016 12:40:35] /a 5
[21/07/2016 12:40:50] /a 5
[21/07/2016 12:41:00] /a 5
[21/07/2016 12:42:08] /a 6
[21/07/2016 12:42:14] /a 5
[21/07/2016 12:42:25] /a 6
[21/07/2016 12:42:34] /a 6
[21/07/2016 12:42:41] /a 5
[21/07/2016 12:42:46] /a 5
[21/07/2016 12:42:53] /a 5
[21/07/2016 12:43:03] /a 5
[21/07/2016 12:43:38] /a 5
[21/07/2016 12:43:48] /a 5
[21/07/2016 12:44:00] /a 5
[21/07/2016 12:44:08] /a 6
[21/07/2016 12:44:41] /a 4
[21/07/2016 12:44:45] /a 5
[21/07/2016 12:44:50] /a 6
[21/07/2016 12:44:54] /a 5
[21/07/2016 12:45:04] /a 5
[21/07/2016 12:45:11] /a 6
[21/07/2016 12:45:18] /a 4
[21/07/2016 12:45:25] /a 3
[21/07/2016 12:45:31] /a 5
[21/07/2016 12:45:41] /a 5
[21/07/2016 12:45:47] /a 6
[21/07/2016 12:45:52] /a 7
[21/07/2016 12:45:59] /a 8
[21/07/2016 12:46:04] /a 7
[21/07/2016 12:46:08] /a 5
[21/07/2016 12:46:17] /a 7
[21/07/2016 12:46:23] /a 6
[21/07/2016 12:46:29] /a 7
[21/07/2016 12:46:35] /a 7
[21/07/2016 12:46:40] /a 6
[21/07/2016 12:46:47] /a 7
[21/07/2016 12:46:50] /a 6
[21/07/2016 12:47:11] /god 9019
[21/07/2016 16:38:35] /ghost
[21/07/2016 16:58:26] /a 3
[21/07/2016 17:04:28] /a 2
[21/07/2016 17:15:16] /ghost
[21/07/2016 17:31:39] /a 4
[21/07/2016 19:11:29] /ghost
[21/07/2016 19:14:01] /a 7
[21/07/2016 19:16:35] /t
[21/07/2016 19:16:44] /ghost
[21/07/2016 19:16:56] /ghost
[21/07/2016 19:18:41] /ghost
[22/07/2016 09:39:06] /ghost
[22/07/2016 09:42:48] /ghost
[22/07/2016 10:11:13] /ghost
[22/07/2016 10:20:02] /a 3
[22/07/2016 10:20:29] /a 3
[22/07/2016 10:21:04] /god 2344
[22/07/2016 10:21:23] /god 2344
[22/07/2016 10:21:29] /god 2344
[22/07/2016 10:21:44] /god 2344
[22/07/2016 10:21:50] /god 2344
[22/07/2016 10:21:57] /god 2344
[22/07/2016 10:22:08] /t
[22/07/2016 11:07:33] /a 2
[22/07/2016 11:09:36] /t
[22/07/2016 11:47:53] /ghost
[22/07/2016 11:56:48] /ghost
[23/07/2016 19:29:24] /goto Fox Umbiguinho
[23/07/2016 19:30:24] /c kina lima
[23/07/2016 19:30:33] /t
[23/07/2016 19:34:02] /goto fox umbiguinho
[23/07/2016 19:34:11] /a 3
[23/07/2016 19:34:20] /c kina lima
[23/07/2016 19:34:39] /t
[23/07/2016 19:36:58] /goto Jo'ker
[23/07/2016 19:37:04] /t
[23/07/2016 19:37:24] /goto woonder
[23/07/2016 19:37:41] /t
[23/07/2016 19:41:16] /goto fox umbiguinho
[23/07/2016 19:41:32] /c kina lima
[23/07/2016 19:41:41] /t
[23/07/2016 19:51:31] /goto fox umbiguinho
[23/07/2016 19:51:37] /c kina lima
[23/07/2016 19:51:40] /t
[23/07/2016 20:01:00] /t
[23/07/2016 20:01:16] /m zoralurk
[23/07/2016 20:01:29] /m zoralurk
[23/07/2016 20:04:51] /b Pumpkin esta avisando que ira jogar um doll ultimate no templo pessoal
[23/07/2016 20:05:11] /b apreoveita q hj ele esta de bonzinho
[23/07/2016 20:05:22] /b aproveita kk
[23/07/2016 20:24:51] /goto Pally red
[23/07/2016 20:25:06] /r
[23/07/2016 20:25:15] /r
[23/07/2016 20:25:51] /r
[23/07/2016 20:43:44] /goto Nicovisky
[23/07/2016 20:48:27] /ghost
[23/07/2016 20:49:03] /ghost
[23/07/2016 20:51:04] /goto Druid Zikka
[23/07/2016 21:22:10] /a 2
[23/07/2016 21:22:15] /a 2
[23/07/2016 21:22:23] /a 2
[23/07/2016 21:22:30] /ghost
[23/07/2016 21:26:05] /c king booling
[23/07/2016 21:27:35] /r
[23/07/2016 21:28:12] /i 1056
[23/07/2016 21:28:21] /r
[23/07/2016 21:28:27] /r all
[23/07/2016 21:28:42] /i 1056
[23/07/2016 21:29:28] /ghost
[23/07/2016 21:29:33] /ghost
[23/07/2016 21:29:48] /a 2
[23/07/2016 21:30:15] /goto Pally red
[23/07/2016 21:30:50] /c king booling
[23/07/2016 21:32:44] /ghost
[24/07/2016 22:22:58] /ghost
[24/07/2016 22:27:48] /r
[24/07/2016 22:27:52] /r
[24/07/2016 22:27:58] /r all
[24/07/2016 22:28:06] /r a
[24/07/2016 22:28:10] /r
[24/07/2016 22:28:16] /r all
[24/07/2016 22:31:28] /c knight hell
[24/07/2016 22:32:21] /goto GM Ciroc
[24/07/2016 22:37:00] /a 40
[24/07/2016 22:37:14] /a 10
[25/07/2016 10:34:31] /a 2
[25/07/2016 10:34:41] /a 6
[25/07/2016 10:34:50] /a 2
[25/07/2016 10:48:10] /i 2344
[25/07/2016 10:53:03] /ghost
[25/07/2016 10:54:30] /ghost
[25/07/2016 11:02:35] /a 3
[25/07/2016 11:05:13] /a 2
[25/07/2016 11:05:34] /a 3
[25/07/2016 11:05:36] /a 3
[25/07/2016 11:14:05] /ghost
[25/07/2016 11:34:14] /goto Knight hell
[25/07/2016 11:34:19] /t
[25/07/2016 12:14:46] /ghost
[25/07/2016 18:14:33] /ghost
[25/07/2016 18:35:13] /owner Thor
[25/07/2016 19:29:40] /goto crisjz
[25/07/2016 19:29:46] /t
[25/07/2016 19:36:30] /ghost
[25/07/2016 19:45:57] /b quem me jogou em cima do telhado?
[25/07/2016 19:46:08] /t
[25/07/2016 19:49:52] /ghost
[25/07/2016 19:50:07] /goto crisjz
[25/07/2016 19:50:12] /t
[25/07/2016 19:55:39] /goto crisjz
[25/07/2016 19:55:52] /t
[25/07/2016 20:51:16] /goto crisjz
[25/07/2016 20:51:25] /t
[25/07/2016 21:02:31] /goto ADM Joga Sem Dedo
[26/07/2016 09:55:07] /i 7538
[26/07/2016 09:55:13] /r
[26/07/2016 12:22:07] /goto Discovery
[26/07/2016 12:22:33] /t
[28/07/2016 01:40:23] /i 2157
[28/07/2016 01:40:28] /i 2157
[28/07/2016 01:40:33] /i 2157
[28/07/2016 01:40:37] /i 2157
[28/07/2016 01:40:51] /i 10518
[28/07/2016 01:41:18] /i 2157
[28/07/2016 01:41:23] /i 2157
[28/07/2016 01:41:31] /i 2157
[28/07/2016 01:41:37] /i 2157
[28/07/2016 01:41:45] /i 2157
[28/07/2016 01:41:54] /i 2157
[28/07/2016 01:42:29] /t
[28/07/2016 01:46:45] /i 2344
[28/07/2016 01:46:50] /i 2344
[28/07/2016 01:46:55] /i 2344
[28/07/2016 01:47:10] /i 2344
[28/07/2016 01:47:13] /i 2344
[28/07/2016 01:47:18] /i 2344
[28/07/2016 01:47:34] /i 2344
[28/07/2016 01:47:38] /i 2344
[28/07/2016 01:47:41] /i 2344
[28/07/2016 01:47:54] /i 2344
[28/07/2016 01:47:58] /i 2344
[28/07/2016 01:48:02] /i 2344
[28/07/2016 01:48:13] /i 2344
[28/07/2016 01:48:17] /i 2344
[28/07/2016 01:48:23] /i 2344
[28/07/2016 01:48:26] /i 2344
[28/07/2016 01:48:30] /i 2344
[28/07/2016 01:48:37] /i 2344
[28/07/2016 03:01:55] /i 8976
[28/07/2016 03:02:10] /i 10309
[28/07/2016 03:02:45] /a 6
[28/07/2016 03:02:48] /a 5
[28/07/2016 03:02:57] /a 10
[28/07/2016 03:03:05] /a 4
[28/07/2016 03:03:10] /a 4
[28/07/2016 03:03:19] /a 10
[28/07/2016 03:03:22] /a 3
[28/07/2016 03:03:25] /a 10
[28/07/2016 03:03:30] /a 5
[28/07/2016 03:03:47] /a 3
[28/07/2016 03:03:50] /a 3
[28/07/2016 03:04:24] /a 5
[28/07/2016 03:04:33] /a 4
[28/07/2016 03:04:41] /a 2
[28/07/2016 03:04:49] /a 4
[28/07/2016 03:04:52] /a 4
[28/07/2016 03:04:56] /a 2
[28/07/2016 03:05:02] /a 3
[28/07/2016 03:05:06] /a 1
[28/07/2016 03:05:10] /a 2
[28/07/2016 03:05:18] /a 4
[28/07/2016 03:05:24] /a 1
[28/07/2016 03:05:28] /a 2
[28/07/2016 03:05:32] /a 1
[28/07/2016 03:05:35] /a 1
[28/07/2016 03:05:41] /a 1
[28/07/2016 03:05:47] /ghost
[28/07/2016 03:05:52] /a 4
[28/07/2016 03:05:57] /a 3
[28/07/2016 03:06:18] /ghost
[28/07/2016 03:06:34] /a 5
[28/07/2016 03:06:38] /a 4
[28/07/2016 03:06:44] /a 5
[28/07/2016 03:06:57] /a 3
[28/07/2016 03:07:07] /a 3
[28/07/2016 03:07:13] /a 3
[28/07/2016 03:07:24] /a 3
[28/07/2016 03:15:44] /mc GOD Kratos
[28/07/2016 03:16:01] /mc ADM Shayt
[28/07/2016 03:23:36] /i 2157
[28/07/2016 03:23:42] /i 2157
[28/07/2016 03:24:08] /i 2157
[28/07/2016 03:24:13] /i 2157
[28/07/2016 03:24:30] /i 2157
[28/07/2016 03:24:33] /i 2157
[28/07/2016 03:24:37] /i 2157
[28/07/2016 03:24:41] /i 2157
[28/07/2016 03:24:45] /i 2157
[28/07/2016 03:24:48] /i 2157
[28/07/2016 03:24:57] /i 2157
[28/07/2016 03:26:03] /i 2157
[28/07/2016 03:26:09] /i 2157
[28/07/2016 03:26:13] /i 2157
[28/07/2016 03:26:23] /i 2157
[28/07/2016 03:26:26] /i 2157
[28/07/2016 03:26:30] /i 2157
[28/07/2016 03:26:56] /i 2157
[28/07/2016 03:27:00] /i 2157
[28/07/2016 03:27:03] /i 2157
[28/07/2016 03:27:06] /i 2157
[28/07/2016 03:30:00] /goto GOD Kratos
[28/07/2016 03:33:04] /t
[28/07/2016 03:52:37] /goto Dani
[28/07/2016 03:53:10] /mc Dani
[28/07/2016 03:53:29] /mc ADM Joga Sem Dedo
[28/07/2016 03:53:45] /mc ADM Orion
[28/07/2016 03:54:23] /mc Jo'ker
[28/07/2016 03:56:26] /a 3
[28/07/2016 03:56:35] /a 3
[28/07/2016 03:56:40] /a 2
[28/07/2016 03:56:43] /a 1
[28/07/2016 04:37:28] /mc ADM Shayt
[28/07/2016 05:35:45] /goto GOD Kratos
[28/07/2016 05:51:37] /a 3
[28/07/2016 05:51:42] /a 1
[28/07/2016 05:51:46] /a 2
[28/07/2016 05:51:49] /t
[28/07/2016 05:52:34] /i 11249
[28/07/2016 05:54:50] /i 2424
[28/07/2016 06:11:58] /goto heart of ice
[28/07/2016 06:12:48] /goto heart of demon
[28/07/2016 06:13:08] /t
[28/07/2016 06:36:17] /i 2500
[28/07/2016 06:36:34] /i 7730
[28/07/2016 06:36:47] /i 11113
[28/07/2016 06:37:06] /i 2662
[28/07/2016 06:37:20] /i 9002
[28/07/2016 06:48:31] /m Baron Of The Room
[28/07/2016 06:52:36] /m Baron Of The Room
[28/07/2016 08:03:56] /n Lynda
[28/07/2016 08:11:46] /b Bom Dia Players <3
[28/07/2016 08:13:23] /goto Damiao
[28/07/2016 08:14:38] /mc GOD Kratos
[28/07/2016 18:23:35] /goto GOD Kratos
[28/07/2016 19:02:40] /m Baron Of The Room
[28/07/2016 19:17:35] /m Baron Of The Room
[28/07/2016 19:23:20] /m Baron Of The Room
[28/07/2016 21:45:01] /m zoralurk
[28/07/2016 21:46:48] /a 7
[28/07/2016 21:47:05] /a 4
[28/07/2016 21:47:16] /a 3
[28/07/2016 21:47:28] /a 7
[28/07/2016 21:47:54] /a 6
[28/07/2016 21:48:06] /a 6
[28/07/2016 21:48:16] /a 5
[28/07/2016 21:48:53] /a 8
[28/07/2016 21:49:39] /a 5
[28/07/2016 21:50:00] /a 3
[28/07/2016 21:50:13] /a 9
[28/07/2016 21:50:20] /a 7
[28/07/2016 21:51:38] /a 5
[28/07/2016 21:54:24] /t
[28/07/2016 23:42:36] /goto rett
[28/07/2016 23:49:07] /goto oblivium
[28/07/2016 23:51:19] /goto rett
[28/07/2016 23:53:21] /goto ho papai chegou
[29/07/2016 00:04:53] /i addon doll
[29/07/2016 00:05:03] /i addon doll
[29/07/2016 00:05:30] /goto ho papai chegou
[29/07/2016 00:18:30] /goto rett
[29/07/2016 00:23:20] /goto Assassin Owns
[29/07/2016 00:32:26] /goto gordaum
[29/07/2016 00:34:26] /goto gordaum
[29/07/2016 00:35:59] /goto gordaum
[29/07/2016 00:38:07] /goto gordaum
[29/07/2016 00:40:32] /goto gordaum
[29/07/2016 00:48:48] /goto gordaum
[29/07/2016 00:49:29] /a 3
[29/07/2016 00:53:27] /a 3
[29/07/2016 01:00:27] /i god staff
[29/07/2016 01:02:35] /a 1
[29/07/2016 01:02:45] /a 1
[29/07/2016 01:06:06] /goto gordaum
[29/07/2016 01:06:24] /a 4
[29/07/2016 01:06:46] /i 6512
[29/07/2016 01:11:33] /goto Jo'ker
[29/07/2016 01:13:16] /goto  [Svip] Assassin Owns
[29/07/2016 01:13:39] /t
[29/07/2016 01:20:17] /goto ho papai chegou
[29/07/2016 01:21:24] /t
[29/07/2016 02:14:16] /i 10518
[29/07/2016 02:15:30] /i 7730
[29/07/2016 02:16:40] /i 2500
[29/07/2016 02:17:33] /i 2662
[29/07/2016 02:17:52] /i 2662
[29/07/2016 02:18:05] /i 7730
[29/07/2016 02:18:18] /i 2500
[29/07/2016 02:22:40] /a 1
[29/07/2016 02:23:35] /t
[29/07/2016 02:24:16] /c rett
[29/07/2016 02:25:01] /i 11249
[29/07/2016 02:25:22] /i adm patricinha
[29/07/2016 02:25:32] /c adm patricinha
[29/07/2016 02:27:04] /goto ho papai chegou
[29/07/2016 02:27:30] /c rett
[29/07/2016 02:27:36] /t
[29/07/2016 02:39:03] /i 6512
[29/07/2016 02:40:45] /a 15
[29/07/2016 02:41:02] /a 1
[29/07/2016 02:41:05] /a 1
[29/07/2016 02:41:05] /a 1
[29/07/2016 02:41:12] /a 5
[29/07/2016 02:41:14] /a 5
[29/07/2016 02:41:15] /a 5
[29/07/2016 02:41:15] /a 5
[29/07/2016 02:41:16] /a 5
[29/07/2016 02:41:17] /a 5
[29/07/2016 02:41:17] /a 5
[29/07/2016 02:41:18] /a 5
[29/07/2016 02:41:18] /a 5
[29/07/2016 02:41:21] /a 5
[29/07/2016 02:41:22] /a 5
[29/07/2016 02:41:22] /a 5
[29/07/2016 02:41:22] /a 5
[29/07/2016 02:41:25] /a 5
[29/07/2016 02:41:26] /a 5
[29/07/2016 02:41:30] /a 5
[29/07/2016 02:41:30] /a 5
[29/07/2016 02:41:31] /a 5
[29/07/2016 02:41:31] /a 5
[29/07/2016 02:41:32] /a 5
[29/07/2016 02:41:32] /a 5
[29/07/2016 02:41:33] /a 5
[29/07/2016 02:41:34] /a 5
[29/07/2016 02:41:34] /a 5
[29/07/2016 02:41:35] /a 5
[29/07/2016 02:41:35] /a 5
[29/07/2016 02:41:35] /a 5
[29/07/2016 02:41:35] /a 5
[29/07/2016 02:41:36] /a 5
[29/07/2016 02:41:37] /a 5
[29/07/2016 02:41:37] /a 5
[29/07/2016 02:41:38] /a 5
[29/07/2016 02:41:38] /a 5
[29/07/2016 02:41:38] /a 5
[29/07/2016 02:41:39] /a 5
[29/07/2016 02:41:39] /a 5
[29/07/2016 02:41:41] /a 5
[29/07/2016 02:41:41] /a 5
[29/07/2016 02:41:41] /a 5
[29/07/2016 02:41:41] /a 5
[29/07/2016 02:41:42] /a 5
[29/07/2016 02:41:43] /a 5
[29/07/2016 02:41:43] /a 5
[29/07/2016 02:41:43] /a 5
[29/07/2016 02:41:43] /a 5
[29/07/2016 02:41:44] /a 5
[29/07/2016 02:41:45] /a 5
[29/07/2016 02:41:45] /a 5
[29/07/2016 02:41:45] /a 5
[29/07/2016 02:41:46] /a 5
[29/07/2016 02:41:48] /a 5
[29/07/2016 02:41:56] /a 5
[29/07/2016 02:42:40] /c grands knight
[29/07/2016 02:42:42] /t
[29/07/2016 02:43:54] /a 5
[29/07/2016 02:44:13] /t
[29/07/2016 02:44:28] /a 3
[29/07/2016 02:44:30] /a 3
[29/07/2016 02:44:33] /a 3
[29/07/2016 02:44:35] /a 3
[29/07/2016 02:45:00] /t
[29/07/2016 02:45:16] /a 1
[29/07/2016 02:45:27] /a 1
[29/07/2016 02:45:28] /a 1
[29/07/2016 02:45:29] /a 1
[29/07/2016 02:45:29] /a 1
[29/07/2016 02:45:31] /a 1
[29/07/2016 02:45:31] /a 1
[29/07/2016 02:45:31] /a 1
[29/07/2016 02:45:31] /a 1
[29/07/2016 02:45:31] /a 1
[29/07/2016 02:45:31] /a 1
[29/07/2016 02:45:31] /a 1
[29/07/2016 02:45:31] /a 1
[29/07/2016 02:45:31] /a 1
[29/07/2016 02:45:31] /a 1
[29/07/2016 02:45:31] /a 1
[29/07/2016 02:45:31] /a 1
[29/07/2016 02:45:31] /a 1
[29/07/2016 02:45:31] /a 1
[29/07/2016 02:45:32] /a 1
[29/07/2016 02:45:32] /a 1
[29/07/2016 02:45:32] /a 1
[29/07/2016 02:45:32] /a 1
[29/07/2016 02:45:32] /a 1
[29/07/2016 02:45:32] /a 1
[29/07/2016 02:45:32] /a 1
[29/07/2016 02:45:32] /a 1
[29/07/2016 02:45:32] /a 1
[29/07/2016 02:45:32] /a 1
[29/07/2016 02:45:32] /a 1
[29/07/2016 02:45:32] /a 1
[29/07/2016 02:45:32] /a 1
[29/07/2016 02:45:32] /a 1
[29/07/2016 02:45:32] /a 1
[29/07/2016 02:45:32] /a 1
[29/07/2016 02:45:32] /a 1
[29/07/2016 02:45:32] /a 1
[29/07/2016 02:45:32] /a 1
[29/07/2016 02:45:32] /a 1
[29/07/2016 02:45:32] /a 1
[29/07/2016 02:45:32] /a 1
[29/07/2016 02:45:32] /a 1
[29/07/2016 02:45:32] /a 1
[29/07/2016 02:45:33] /a 1
[29/07/2016 02:45:33] /a 1
[29/07/2016 02:45:33] /a 1
[29/07/2016 02:45:33] /a 1
[29/07/2016 02:45:33] /a 1
[29/07/2016 02:45:33] /a 1
[29/07/2016 02:45:33] /a 1
[29/07/2016 02:45:33] /a 1
[29/07/2016 02:45:33] /a 1
[29/07/2016 02:45:33] /a 1
[29/07/2016 02:45:33] /a 1
[29/07/2016 02:45:33] /a 1
[29/07/2016 02:45:33] /a 1
[29/07/2016 02:45:33] /a 1
[29/07/2016 02:45:33] /a 1
[29/07/2016 02:45:33] /a 1
[29/07/2016 02:45:33] /a 1
[29/07/2016 02:45:33] /a 1
[29/07/2016 02:45:33] /a 1
[29/07/2016 02:45:33] /a 1
[29/07/2016 02:45:33] /a 1
[29/07/2016 02:45:33] /a 1
[29/07/2016 02:45:33] /a 1
[29/07/2016 02:45:33] /a 1
[29/07/2016 02:45:33] /a 1
[29/07/2016 02:45:33] /a 1
[29/07/2016 02:45:33] /a 1
[29/07/2016 02:45:33] /a 1
[29/07/2016 02:45:33] /a 1
[29/07/2016 02:45:33] /a 1
[29/07/2016 02:45:33] /a 1
[29/07/2016 02:45:33] /a 1
[29/07/2016 02:45:34] /a 1
[29/07/2016 02:45:34] /a 1
[29/07/2016 02:45:34] /a 1
[29/07/2016 02:45:34] /a 1
[29/07/2016 02:45:34] /a 1
[29/07/2016 02:45:34] /a 1
[29/07/2016 02:45:34] /a 1
[29/07/2016 02:45:34] /a 1
[29/07/2016 02:45:34] /a 1
[29/07/2016 02:45:34] /a 1
[29/07/2016 02:45:34] /a 1
[29/07/2016 02:45:34] /a 1
[29/07/2016 02:45:35] /a 1
[29/07/2016 02:45:35] /a 1
[29/07/2016 02:45:36] /a 1
[29/07/2016 02:45:36] /a 1
[29/07/2016 02:45:36] /a 1
[29/07/2016 02:45:36] /a 1
[29/07/2016 02:45:36] /a 1
[29/07/2016 02:45:36] /a 1
[29/07/2016 02:45:36] /a 1
[29/07/2016 02:45:36] /a 1
[29/07/2016 02:45:36] /a 1
[29/07/2016 02:45:36] /a 1
[29/07/2016 02:45:36] /a 1
[29/07/2016 02:45:36] /a 1
[29/07/2016 02:45:36] /a 1
[29/07/2016 02:45:36] /a 1
[29/07/2016 02:45:36] /a 1
[29/07/2016 02:45:36] /a 1
[29/07/2016 02:45:36] /a 1
[29/07/2016 02:45:36] /a 1
[29/07/2016 02:45:36] /a 1
[29/07/2016 02:45:36] /a 1
[29/07/2016 02:45:40] /a 1
[29/07/2016 02:45:40] /a 1
[29/07/2016 02:45:40] /a 1
[29/07/2016 02:45:40] /a 1
[29/07/2016 02:45:40] /a 1
[29/07/2016 02:45:40] /a 1
[29/07/2016 02:45:41] /a 1
[29/07/2016 02:45:41] /a 1
[29/07/2016 02:45:41] /a 1
[29/07/2016 02:45:41] /a 1
[29/07/2016 02:45:41] /a 1
[29/07/2016 02:45:41] /a 1
[29/07/2016 02:45:41] /a 1
[29/07/2016 02:45:41] /a 1
[29/07/2016 02:45:41] /a 1
[29/07/2016 02:45:41] /a 1
[29/07/2016 02:45:41] /a 1
[29/07/2016 02:45:41] /a 1
[29/07/2016 02:45:41] /a 1
[29/07/2016 02:45:41] /a 1
[29/07/2016 02:45:41] /a 1
[29/07/2016 02:45:41] /a 1
[29/07/2016 02:45:41] /a 1
[29/07/2016 02:45:41] /a 1
[29/07/2016 02:45:41] /a 1
[29/07/2016 02:45:41] /a 1
[29/07/2016 02:45:41] /a 1
[29/07/2016 02:45:41] /a 1
[29/07/2016 02:45:41] /a 1
[29/07/2016 02:45:41] /a 1
[29/07/2016 02:45:41] /a 1
[29/07/2016 02:45:41] /a 1
[29/07/2016 02:45:41] /a 1
[29/07/2016 02:45:41] /a 1
[29/07/2016 02:45:42] /a 1
[29/07/2016 02:45:43] /a 1
[29/07/2016 02:45:43] /a 1
[29/07/2016 02:45:43] /a 1
[29/07/2016 02:45:43] /a 1
[29/07/2016 02:45:43] /a 1
[29/07/2016 02:45:43] /a 1
[29/07/2016 02:45:43] /a 1
[29/07/2016 02:45:43] /a 1
[29/07/2016 02:45:43] /a 1
[29/07/2016 02:45:43] /a 1
[29/07/2016 02:45:43] /a 1
[29/07/2016 02:45:43] /a 1
[29/07/2016 02:45:43] /a 1
[29/07/2016 02:45:43] /a 1
[29/07/2016 02:45:43] /a 1
[29/07/2016 02:45:43] /a 1
[29/07/2016 02:45:44] /a 1
[29/07/2016 02:45:44] /a 1
[29/07/2016 02:45:44] /a 1
[29/07/2016 02:45:44] /a 1
[29/07/2016 02:45:44] /a 1
[29/07/2016 02:45:44] /a 1
[29/07/2016 02:45:44] /a 1
[29/07/2016 02:45:44] /a 1
[29/07/2016 02:45:44] /a 1
[29/07/2016 02:45:45] /a 1
[29/07/2016 02:45:45] /a 1
[29/07/2016 02:45:45] /a 1
[29/07/2016 02:45:45] /a 1
[29/07/2016 02:45:46] /a 1
[29/07/2016 02:45:48] /a 1
[29/07/2016 02:45:48] /a 1
[29/07/2016 02:45:49] /a 1
[29/07/2016 02:45:50] /a 1
[29/07/2016 02:45:50] /a 1
[29/07/2016 02:45:51] /a 1
[29/07/2016 02:45:52] /a 1
[29/07/2016 02:45:52] /a 1
[29/07/2016 02:45:58] /a 1
[29/07/2016 02:45:58] /a 1
[29/07/2016 02:45:59] /a 1
[29/07/2016 02:45:59] /a 1
[29/07/2016 02:45:59] /a 1
[29/07/2016 02:46:00] /a 1
[29/07/2016 02:46:07] /a 1
[29/07/2016 02:46:07] /a 1
[29/07/2016 02:46:10] /a 1
[29/07/2016 02:46:10] /a 1
[29/07/2016 02:46:10] /a 1
[29/07/2016 02:46:12] /a 1
[29/07/2016 02:46:13] /a 1
[29/07/2016 02:46:13] /a 1
[29/07/2016 02:46:17] /a 1
[29/07/2016 02:46:17] /a 1
[29/07/2016 02:46:17] /a 1
[29/07/2016 02:46:17] /a 1
[29/07/2016 02:46:17] /a 1
[29/07/2016 02:46:17] /a 1
[29/07/2016 02:46:17] /a 1
[29/07/2016 02:46:17] /a 1
[29/07/2016 02:46:17] /a 1
[29/07/2016 02:46:17] /a 1
[29/07/2016 02:46:17] /a 1
[29/07/2016 02:46:17] /a 1
[29/07/2016 02:46:18] /a 1
[29/07/2016 02:46:18] /a 1
[29/07/2016 02:46:18] /a 1
[29/07/2016 02:46:18] /a 1
[29/07/2016 02:46:18] /a 1
[29/07/2016 02:46:18] /a 1
[29/07/2016 02:46:18] /a 1
[29/07/2016 02:46:18] /a 1
[29/07/2016 02:46:18] /a 1
[29/07/2016 02:46:18] /a 1
[29/07/2016 02:46:18] /a 1
[29/07/2016 02:46:18] /a 1
[29/07/2016 02:46:19] /a 1
[29/07/2016 02:46:19] /a 1
[29/07/2016 02:46:19] /a 1
[29/07/2016 02:46:19] /a 1
[29/07/2016 02:46:19] /a 1
[29/07/2016 02:46:19] /a 1
[29/07/2016 02:46:19] /a 1
[29/07/2016 02:46:20] /a 1
[29/07/2016 02:46:20] /a 1
[29/07/2016 02:46:40] /a 1
[29/07/2016 02:46:40] /a 1
[29/07/2016 02:46:40] /a 1
[29/07/2016 02:46:40] /a 1
[29/07/2016 02:46:40] /a 1
[29/07/2016 02:46:40] /a 1
[29/07/2016 02:46:40] /a 1
[29/07/2016 02:46:40] /a 1
[29/07/2016 02:46:40] /a 1
[29/07/2016 02:46:40] /a 1
[29/07/2016 02:46:40] /a 1
[29/07/2016 02:46:41] /a 1
[29/07/2016 02:46:41] /a 1
[29/07/2016 02:46:41] /a 1
[29/07/2016 02:46:41] /a 1
[29/07/2016 02:46:41] /a 1
[29/07/2016 02:46:41] /a 1
[29/07/2016 02:46:41] /a 1
[29/07/2016 02:46:41] /a 1
[29/07/2016 02:46:41] /a 1
[29/07/2016 02:46:41] /a 1
[29/07/2016 02:46:41] /a 1
[29/07/2016 02:46:41] /a 1
[29/07/2016 02:46:41] /a 1
[29/07/2016 02:46:41] /a 1
[29/07/2016 02:46:41] /a 1
[29/07/2016 02:47:09] /c grands knight
[29/07/2016 02:47:23] /t
[29/07/2016 03:46:19] /newtype 12 , [Svip] Rett
[29/07/2016 03:47:35] /newtype 12 , [Svip] Rett
[29/07/2016 03:47:55] /newtype 12 , Gordaum
[29/07/2016 03:49:44] /newtype 12 , [Svip] Rett
[29/07/2016 03:51:36] /ghost
[29/07/2016 03:52:26] /newtype 309 , ADM Shayt
[29/07/2016 03:52:40] /ghost
[29/07/2016 03:56:43] /i 5070
[29/07/2016 03:57:09] /r
[29/07/2016 03:57:28] /r all
[29/07/2016 03:57:46] /ghost
[29/07/2016 03:57:57] /r
[29/07/2016 03:58:10] /ghost
[29/07/2016 03:58:37] /a 1
[29/07/2016 03:58:47] /a
[29/07/2016 03:58:58] /a
[29/07/2016 03:59:44] /a
[29/07/2016 04:01:46] /newtype 12 , heart of ice
[29/07/2016 04:03:14] /newtype 12 , heart of demon
[29/07/2016 04:21:20] /goto cesinha
[29/07/2016 04:22:06] /a 4
[29/07/2016 04:22:33] /a 2
[29/07/2016 04:22:51] /t
[29/07/2016 04:23:56] /a 2
[29/07/2016 04:23:56] /a 2
[29/07/2016 04:23:57] /a 2
[29/07/2016 04:23:57] /a 2
[29/07/2016 04:23:58] /a 2
[29/07/2016 04:23:58] /a 2
[29/07/2016 04:23:58] /a 2
[29/07/2016 04:23:59] /a 2
[29/07/2016 04:23:59] /a 2
[29/07/2016 04:23:59] /a 2
[29/07/2016 04:23:59] /a 2
[29/07/2016 04:24:00] /a 2
[29/07/2016 04:24:00] /a 2
[29/07/2016 04:24:00] /a 2
[29/07/2016 04:24:01] /a 2
[29/07/2016 04:24:02] /a 2
[29/07/2016 04:24:02] /a 2
[29/07/2016 04:24:03] /a 2
[29/07/2016 04:24:03] /a 2
[29/07/2016 04:24:03] /a 2
[29/07/2016 04:24:04] /a 2
[29/07/2016 04:24:04] /a 2
[29/07/2016 04:24:04] /a 2
[29/07/2016 04:24:04] /a 2
[29/07/2016 04:24:05] /a 2
[29/07/2016 04:24:05] /a 2
[29/07/2016 04:24:06] /a 2
[29/07/2016 04:24:06] /a 2
[29/07/2016 04:24:07] /a 2
[29/07/2016 04:24:07] /a 2
[29/07/2016 04:24:10] /a 2
[29/07/2016 04:24:10] /a 2
[29/07/2016 04:24:11] /a 2
[29/07/2016 04:24:11] /a 2
[29/07/2016 04:24:11] /a 2
[29/07/2016 04:24:12] /a 2
[29/07/2016 04:24:12] /a 2
[29/07/2016 04:24:13] /a 2
[29/07/2016 04:24:13] /a 2
[29/07/2016 04:24:14] /a 2
[29/07/2016 04:24:14] /a 2
[29/07/2016 04:24:14] /a 2
[29/07/2016 04:24:15] /a 2
[29/07/2016 04:24:15] /a 2
[29/07/2016 04:24:15] /a 2
[29/07/2016 04:24:16] /a 2
[29/07/2016 04:24:16] /a 2
[29/07/2016 04:24:17] /a 2
[29/07/2016 04:24:17] /a 2
[29/07/2016 04:24:19] /a 2
[29/07/2016 04:24:20] /a 2
[29/07/2016 04:24:21] /a 2
[29/07/2016 04:24:24] /a 2
[29/07/2016 04:24:25] /a 2
[29/07/2016 04:24:26] /a 2
[29/07/2016 04:24:43] /c cesinha
[29/07/2016 04:25:09] /ghost
[29/07/2016 04:28:33] /t
[29/07/2016 04:28:45] /c cesinha
[29/07/2016 04:29:03] /i 6536
[29/07/2016 04:30:07] /ghost
[29/07/2016 04:41:26] /ghost
[29/07/2016 04:41:43] /ghost
[29/07/2016 04:44:01] /newtype 12 , Gladiador
[29/07/2016 04:45:59] /i 7385
[29/07/2016 04:46:39] /c heart of ice
[29/07/2016 04:47:14] /t
[29/07/2016 04:47:25] /c heart of ice
[29/07/2016 04:49:20] /b Indo dormir galerinha,beijos no coraçao 
[29/07/2016 04:49:53] /b Ate mais tarde,fuiiiiiiiiiiiiiiii s2
[29/07/2016 04:57:46] /t
[29/07/2016 04:58:30] /c rett
[29/07/2016 04:59:21] /goto [Svip] Rett
[29/07/2016 05:04:43] /goto cesinha
[29/07/2016 05:05:14] /goto [Svip] Rett
[29/07/2016 05:05:49] /goto [Svip] Rett
[29/07/2016 05:07:30] /goto Jo'ker
[29/07/2016 05:24:06] /goto cesinha
[29/07/2016 05:24:11] /t
[29/07/2016 05:24:25] /goto cesinha
[29/07/2016 05:24:36] /goto grands knight
[29/07/2016 05:24:45] /t
[29/07/2016 05:24:48] /t
[29/07/2016 05:37:46] /i 6536
[29/07/2016 05:49:21] /i 2157
[29/07/2016 05:49:37] /i 2157
[29/07/2016 05:49:51] /i addon doll
[29/07/2016 05:51:32] /i 2157
[29/07/2016 05:51:42] /i 2157
[29/07/2016 09:04:59] /newtype 12 , [Svip] Damiao
[29/07/2016 09:11:08] /newtype 12 , extremo paladin
[29/07/2016 09:54:20] /newtype 12 ,[svip] Ho Papai Chegou 
[29/07/2016 09:54:57] /newtype 12 , [svip] Ho Papai Chegou 
[29/07/2016 13:25:58] /goto  [Svip] Ho Papai Chegou
[29/07/2016 14:09:24] /goto Thor
[29/07/2016 17:46:11] /goto cesinha
[29/07/2016 17:47:42] /t
[29/07/2016 18:16:05] /newtype 12 ,[Svip] Rett
[29/07/2016 18:20:02] /newtype 12 ,[Svip] Rett
[29/07/2016 18:20:55] /newtype 12 ,[Svip] Rett
[29/07/2016 18:21:15] /newtype 12 ,Heart Of Demon
[29/07/2016 18:21:39] /newtype 12 ,Heart Of Ice
[29/07/2016 18:40:04] /c grands knight
[29/07/2016 18:43:54] /c grands knight
[29/07/2016 18:44:14] /t
[29/07/2016 18:57:41] /newtype 107 , Joao Bila
[29/07/2016 19:00:19] /newtype 12 ,Criminal
[29/07/2016 19:02:54] /newtype 229 ,Leder
[29/07/2016 19:05:50] /newtype 288 ,Romeu
[29/07/2016 19:08:48] /m giglantos
[29/07/2016 19:09:02] /m golden titan
[29/07/2016 19:50:01] /newtype 229 ,Oblivium
[29/07/2016 20:08:16] /newtype 12 ,Pally Nub
[29/07/2016 20:55:30] /newtype 231 ,Louco de Refri
[29/07/2016 20:57:13] /newtype 197 ,Gladiador
[29/07/2016 21:31:50] /mc oblivium
[29/07/2016 21:32:49] /mc Filho do Orion
[29/07/2016 22:33:02] /t
[29/07/2016 22:50:15] /goto cheetos
[29/07/2016 22:50:22] /ghost
[29/07/2016 22:52:51] /ghost
[29/07/2016 22:56:26] /i 2156
[29/07/2016 22:56:54] /i 2157
[29/07/2016 22:56:55] /i 2157
[29/07/2016 22:56:56] /i 2157
[29/07/2016 22:56:57] /i 2157
[29/07/2016 22:56:59] /i 2157
[29/07/2016 22:56:59] /i 2157
[29/07/2016 22:57:00] /i 2157
[29/07/2016 23:00:14] /t
[29/07/2016 23:04:38] /goto heart of ice
[29/07/2016 23:05:24] /c heart of demon
[29/07/2016 23:07:31] /t
[29/07/2016 23:16:33] /goto heart of ice
[29/07/2016 23:25:37] /goto heart of ice
[29/07/2016 23:25:50] /a 1
[29/07/2016 23:27:50] /goto  oblivium
[29/07/2016 23:28:07] /a 3
[29/07/2016 23:28:11] /a 2
[29/07/2016 23:30:40] /a 2
[29/07/2016 23:32:18] /c grands knight
[29/07/2016 23:32:33] /t
[29/07/2016 23:32:54] /c grands knights
[29/07/2016 23:33:13] /c Grands Knight
[29/07/2016 23:46:38] /m apocalypse
[30/07/2016 00:07:54] /i 6536
[30/07/2016 00:08:51] /i 6536
[30/07/2016 00:08:57] /i 6536
[30/07/2016 00:09:04] /i 6536
[30/07/2016 00:09:20] /i 6536
[30/07/2016 00:09:37] /a 3
[30/07/2016 00:10:04] /t
[30/07/2016 02:38:53] /goto wonder
[30/07/2016 02:39:53] /t
[30/07/2016 02:41:57] /i 11249
[30/07/2016 02:47:45] /c Grands Knight
[30/07/2016 02:48:26] /t
[30/07/2016 02:48:37] /i 11249
[30/07/2016 02:52:42] /c Grands Knight
[30/07/2016 13:34:30] /goto [Svip] Rett
[30/07/2016 13:43:38] /goto cesinha
[30/07/2016 13:43:51] /t
[30/07/2016 13:48:19] /goto Aki Eh Putao
[30/07/2016 13:50:33] /t
[30/07/2016 13:51:03] /goto Fabin Pica Dura
[30/07/2016 13:51:38] /t
[30/07/2016 16:42:06] /c pumpkin
[30/07/2016 17:44:36] /t
[30/07/2016 17:45:09] /t
[30/07/2016 17:48:53] /i 11249
[30/07/2016 18:31:17] /goto [Svip] Ho papai chegou
[30/07/2016 20:04:42] /goto Mineiro
[30/07/2016 20:05:19] /t
[30/07/2016 20:05:33] /c Mineiro
[30/07/2016 20:06:46] /i 4848
[30/07/2016 20:06:56] /goto Pumpkin
[30/07/2016 20:07:25] /ghost
[30/07/2016 20:07:56] /ghost
[30/07/2016 20:08:00] /t
[30/07/2016 23:16:14] /i 2157
[30/07/2016 23:17:26] /t
[30/07/2016 23:41:25] /i 2157
[30/07/2016 23:41:35] /i 2157
[30/07/2016 23:56:05] /a 1
[31/07/2016 00:07:59] /ghost
[31/07/2016 00:09:13] /b Boa Noite lindos Jogadores
[31/07/2016 00:09:40] /b Sem trapar fila senao eu vou tirar o evento pf
[31/07/2016 00:18:19] /t
[31/07/2016 00:18:25] /ghost
[31/07/2016 00:25:50] /goto wonder
[31/07/2016 00:29:48] /c loki
[31/07/2016 00:30:25] /t
[31/07/2016 01:18:11] /goto [Svip] Ho papai chegou
[31/07/2016 01:19:11] /c [Svip] Ho papai chegou
[31/07/2016 01:24:04] /t
[31/07/2016 01:24:16] /c yuri di mage
[31/07/2016 01:26:02] /goto loki
[31/07/2016 02:35:41] /a 2
[31/07/2016 02:39:37] /c loki
[31/07/2016 02:41:03] /a 4
[31/07/2016 02:42:17] /a 3
[31/07/2016 02:45:01] /i 2157
[31/07/2016 02:45:26] /i 2157
[31/07/2016 02:45:30] /i 2157
[31/07/2016 02:45:34] /i 2157
[31/07/2016 02:45:37] /i 2157
[31/07/2016 02:45:40] /i 2157
[31/07/2016 02:45:44] /i 2157
[31/07/2016 02:45:47] /i 2157
[31/07/2016 02:45:51] /i 2157
[31/07/2016 02:45:55] /i 2157
[31/07/2016 02:46:49] /i 2157
[31/07/2016 02:46:49] /i 2157
[31/07/2016 02:46:50] /i 2157
[31/07/2016 02:46:50] /i 2157
[31/07/2016 02:46:51] /i 2157
[31/07/2016 02:46:52] /i 2157
[31/07/2016 02:46:52] /i 2157
[31/07/2016 02:46:53] /i 2157
[31/07/2016 02:46:53] /i 2157
[31/07/2016 02:46:54] /i 2157
[31/07/2016 02:46:56] /i 2157
[31/07/2016 02:47:43] /i 2157
[31/07/2016 02:47:44] /i 2157
[31/07/2016 02:47:44] /i 2157
[31/07/2016 02:47:45] /i 2157
[31/07/2016 02:47:45] /i 2157
[31/07/2016 02:47:46] /i 2157
[31/07/2016 02:47:47] /i 2157
[31/07/2016 02:47:47] /i 2157
[31/07/2016 02:47:48] /i 2157
[31/07/2016 02:47:49] /i 2157
[31/07/2016 02:47:50] /i 2157
[31/07/2016 02:47:53] /i 2157
[31/07/2016 02:47:54] /i 2157
[31/07/2016 02:47:54] /i 2157
[31/07/2016 02:48:37] /i 2157
[31/07/2016 02:48:38] /i 2157
[31/07/2016 02:49:16] /i 2157
[31/07/2016 02:49:50] /i 11238
[31/07/2016 02:50:01] /i 2157
[31/07/2016 02:50:01] /i 2157
[31/07/2016 02:50:01] /i 2157
[31/07/2016 02:50:02] /i 2157
[31/07/2016 02:50:02] /i 2157
[31/07/2016 02:50:03] /i 2157
[31/07/2016 02:50:03] /i 2157
[31/07/2016 02:50:03] /i 2157
[31/07/2016 02:50:04] /i 2157
[31/07/2016 02:50:05] /i 2157
[31/07/2016 02:50:32] /i 2157
[31/07/2016 02:50:32] /i 2157
[31/07/2016 02:50:33] /i 2157
[31/07/2016 02:50:33] /i 2157
[31/07/2016 02:50:33] /i 2157
[31/07/2016 02:50:33] /i 2157
[31/07/2016 02:50:33] /i 2157
[31/07/2016 02:50:34] /i 2157
[31/07/2016 02:50:34] /i 2157
[31/07/2016 02:50:38] /i 2157
[31/07/2016 02:51:20] /t
[31/07/2016 02:58:33] /goto thor
[31/07/2016 02:58:42] /a 2
[31/07/2016 02:58:46] /a 3
[31/07/2016 02:59:00] /i 1880
[31/07/2016 02:59:09] /i 1880
[31/07/2016 02:59:35] /i 1880
[31/07/2016 02:59:36] /i 1880
[31/07/2016 02:59:36] /i 1880
[31/07/2016 02:59:37] /i 1880
[31/07/2016 02:59:37] /i 1880
[31/07/2016 02:59:39] /i 1880
[31/07/2016 02:59:39] /i 1880
[31/07/2016 02:59:40] /i 1880
[31/07/2016 02:59:40] /i 1880
[31/07/2016 02:59:41] /i 1880
[31/07/2016 02:59:42] /i 1880
[31/07/2016 03:01:59] /i 9693
[31/07/2016 03:02:06] /i 9693
[31/07/2016 03:02:24] /t
[31/07/2016 03:33:54] /mc ADM Shayt
[31/07/2016 03:35:39] /goto Russian Player
[31/07/2016 04:06:24] /mc Ho mamae chegou
[31/07/2016 04:21:13] /mc mexerando
[31/07/2016 05:13:09] /goto Russian Player
[31/07/2016 05:14:27] /i 11249
[31/07/2016 05:14:48] /a 1
[31/07/2016 05:14:53] /a 2
[31/07/2016 05:15:02] /a 3
[31/07/2016 05:15:17] /a 1
[31/07/2016 05:15:20] /a
[31/07/2016 05:15:30] /t
[31/07/2016 05:16:10] /i 11392
[31/07/2016 05:24:11] /goto wonder
[31/07/2016 05:24:25] /t
[31/07/2016 05:26:26] /goto Royal Locao
[31/07/2016 05:27:28] /goto Fabin Pica Dura
[31/07/2016 05:34:43] /t
[31/07/2016 09:14:03] /goto Loki
[31/07/2016 09:14:12] /t
[31/07/2016 09:16:44] /mc [Svip] Pyromaniac
[31/07/2016 10:26:13] /mc ADM Shayt
[31/07/2016 14:10:14] /goto Fabin Pica Dura
[31/07/2016 14:10:18] /t
[31/07/2016 16:41:39] /goto Fabin Pica Dura
[31/07/2016 16:41:47] /t
[31/07/2016 22:56:52] /i 11249
[31/07/2016 23:26:38] /goto heart of ice
[01/08/2016 00:23:24] /goto Fabin Pica Dura 
[01/08/2016 00:24:57] /goto Yuri Di Mage
[01/08/2016 00:25:36] /goto Royal Bloo
[01/08/2016 00:25:45] /t
[01/08/2016 00:30:50] /goto kina loka
[01/08/2016 00:34:31] /goto Royal Locao
[01/08/2016 00:35:02] /goto Will Cafajeste
[01/08/2016 01:38:59] /a 3
[01/08/2016 01:40:42] /c thor
[01/08/2016 01:43:19] /t
[01/08/2016 01:44:15] /c thor
[01/08/2016 01:59:59] /c thor
[01/08/2016 02:54:49] /goto fabin pica dura
[01/08/2016 03:12:21] /goto will cafajeste
[01/08/2016 04:04:21] /goto [Svip] Rett
[02/08/2016 01:12:19] /goto Fabin Pica Dura
[02/08/2016 01:12:50] /goto Zickpally
[02/08/2016 01:12:57] /goto cesinha
[02/08/2016 01:13:05] /t
[02/08/2016 01:13:12] /goto grands knight
[02/08/2016 01:13:16] /t
[02/08/2016 02:05:26] /goto Fabin Pica Dura
[02/08/2016 02:05:46] /c grands knight
[02/08/2016 06:43:00] /i 6536
[02/08/2016 06:43:11] /i 6536
[02/08/2016 06:43:21] /i 6536
[02/08/2016 06:49:45] /i 11249
[02/08/2016 06:54:43] /goto Death Rocks
[02/08/2016 06:55:18] /t
[02/08/2016 06:55:51] /goto [Svip] Solado Maluco
[02/08/2016 07:02:00] /goto Fabin Pica Dura
[02/08/2016 07:06:19] /goto Royal Locao
[02/08/2016 07:13:59] /t
[02/08/2016 11:05:00] /goto fabin pica dura
[02/08/2016 21:32:51] /a 3
[02/08/2016 21:55:28] /goto fabin pica dura
[02/08/2016 21:57:58] /t
[02/08/2016 22:55:27] /t
[02/08/2016 22:55:35] /c loki
[02/08/2016 22:56:06] /a 3
[02/08/2016 22:56:42] /t
[03/08/2016 05:39:27] /goto Fabin Pica Dura
[03/08/2016 05:40:44] /i 6536
[03/08/2016 05:40:59] /i 6536
[03/08/2016 05:42:00] /goto fabin pica dura
[03/08/2016 05:46:39] /c loki
[03/08/2016 05:47:04] /goto fabin pica dura
[03/08/2016 05:51:05] /goto Uwk Mito
[03/08/2016 05:51:19] /goto toque de ternura
[03/08/2016 05:51:38] /goto cesinha
[03/08/2016 05:51:55] /goto pumpkin
[03/08/2016 05:52:30] /goto Lord'paulistinha
[03/08/2016 05:52:46] /goto kina boladao
[03/08/2016 05:53:09] /goto kina bolado
[03/08/2016 05:53:27] /goto bilau do bolado
[03/08/2016 05:53:44] /goto bolado neww
[03/08/2016 05:54:07] /goto will cafajeste
[03/08/2016 05:54:25] /goto fabin pica dura
[03/08/2016 05:54:56] /t
[03/08/2016 05:58:24] /goto fabin pica dura
[03/08/2016 06:00:06] /t
[03/08/2016 06:02:55] /goto fabin pica dura
[03/08/2016 06:04:01] /t
[03/08/2016 06:04:57] /c loki
[03/08/2016 06:07:32] /m treiner
[03/08/2016 06:07:44] /m treiners
[03/08/2016 06:08:29] /m treiner
[03/08/2016 06:09:53] /r
[03/08/2016 07:36:32] /i 11249
[03/08/2016 08:03:43] /t
[03/08/2016 08:05:11] /i 6536
[03/08/2016 08:16:41] /c stylles
[03/08/2016 08:16:47] /t
[03/08/2016 08:43:30] /goto fabin pica dura
[03/08/2016 08:43:35] /t
[03/08/2016 08:44:16] /info thor
[03/08/2016 09:07:08] /a 3
[03/08/2016 09:12:07] /a 3
[03/08/2016 09:12:16] /a 3
[03/08/2016 09:12:35] /a 3
[03/08/2016 09:12:42] /a 3
[03/08/2016 09:12:51] /a 3
[03/08/2016 09:13:47] /a 3
[03/08/2016 09:13:50] /a 3
[03/08/2016 09:14:06] /a 3
[03/08/2016 09:14:11] /a 3
[03/08/2016 09:14:19] /a 3
[03/08/2016 09:14:21] /a 3
[03/08/2016 09:27:16] /t
[03/08/2016 11:34:01] /ghost
[03/08/2016 11:40:22] /ghost
[03/08/2016 19:43:27] /goto Smug'nagata
[03/08/2016 19:45:47] /a 3
[03/08/2016 19:45:48] /a 3
[03/08/2016 19:45:49] /a 3
[03/08/2016 19:45:49] /a 3
[03/08/2016 19:45:50] /a 3
[03/08/2016 19:45:50] /a 3
[03/08/2016 19:45:51] /a 3
[03/08/2016 19:45:51] /a 3
[03/08/2016 19:45:52] /a 3
[03/08/2016 19:45:55] /a 3
[03/08/2016 19:45:56] /a 3
[03/08/2016 19:45:58] /a 3
[03/08/2016 19:45:59] /a 3
[03/08/2016 19:46:00] /a 3
[03/08/2016 19:46:02] /a 3
[03/08/2016 19:46:04] /a 3
[03/08/2016 19:46:09] /a 3
[03/08/2016 19:46:09] /a 3
[03/08/2016 19:46:10] /a 3
[03/08/2016 19:46:11] /a 3
[03/08/2016 19:46:11] /a 3
[03/08/2016 19:46:14] /a 3
[03/08/2016 19:46:15] /a 3
[03/08/2016 19:46:16] /a 3
[03/08/2016 19:46:17] /a 3
[03/08/2016 19:46:17] /a 3
[03/08/2016 19:46:24] /up
[03/08/2016 19:47:00] /a 3
[03/08/2016 19:47:01] /a 3
[03/08/2016 19:47:02] /a 3
[03/08/2016 19:47:02] /a 3
[03/08/2016 19:47:04] /a 3
[03/08/2016 19:47:07] /a 3
[03/08/2016 19:52:10] /a 3
[03/08/2016 19:52:15] /a 3
[03/08/2016 19:52:19] /a 3
[03/08/2016 19:52:26] /a 3
[03/08/2016 19:52:33] /up
[03/08/2016 19:52:51] /a 3
[03/08/2016 19:52:56] /a 3
[03/08/2016 19:55:18] /a 3
[03/08/2016 20:25:58] /goto knight hell
[03/08/2016 20:27:53] /t
[03/08/2016 20:37:06] /goto knight hell
[03/08/2016 20:48:28] /b Galera Mais tarde havera Evento
[03/08/2016 20:48:56] /b Saindo aqui rapidinho,jaja volto,bjkssss
[03/08/2016 23:11:06] /goto fabin pica dura
[03/08/2016 23:45:13] /goto gan ja
[03/08/2016 23:48:10] /goto gan ja
[03/08/2016 23:49:40] /a 3
[03/08/2016 23:49:41] /a 3
[03/08/2016 23:50:23] /goto gan ja
[03/08/2016 23:53:22] /a 1
[03/08/2016 23:53:29] /a 1
[04/08/2016 00:00:31] /cliport
[04/08/2016 00:01:42] /a 3
[04/08/2016 00:02:35] /a 3
[04/08/2016 00:02:49] /a 3
[04/08/2016 00:03:27] /a 3
[04/08/2016 00:03:27] /a 3
[04/08/2016 00:03:28] /a 3
[04/08/2016 00:03:28] /a 3
[04/08/2016 00:03:29] /a 3
[04/08/2016 00:03:29] /a 3
[04/08/2016 00:03:30] /a 3
[04/08/2016 00:03:30] /a 3
[04/08/2016 00:03:31] /a 3
[04/08/2016 00:03:31] /a 3
[04/08/2016 00:12:02] /a 3
[04/08/2016 00:12:29] /a 3
[04/08/2016 00:13:07] /goto droguinha
[04/08/2016 00:14:29] /cliport
[04/08/2016 00:16:36] /i 12279
[04/08/2016 00:16:55] /goto droguinha
[04/08/2016 11:45:13] /i 8047
[04/08/2016 19:17:08] /goto Erika'sz
[04/08/2016 19:23:51] /a 3
[04/08/2016 19:24:56] /a 3
[04/08/2016 19:24:57] /a 3
[04/08/2016 19:31:16] /goto fabin pica dura
[04/08/2016 19:42:09] /goto fabin pica dura
[04/08/2016 19:42:33] /goto fabin pica dura
[04/08/2016 19:42:37] /goto fabin pica dura
[04/08/2016 19:48:04] /goto cesinha
[04/08/2016 19:48:45] /goto Supreme Master 
[04/08/2016 19:52:23] /goto fabin pica dura
[04/08/2016 23:03:27] /m zoralurk
[04/08/2016 23:04:42] /m infernatil
[04/08/2016 23:12:10] /m Bazir
[04/08/2016 23:13:31] /m Baron Of The Root
[04/08/2016 23:13:53] /m Barom Of The Root
[04/08/2016 23:14:11] /m Baron Of The Rot
[04/08/2016 23:14:24] /a 3
[04/08/2016 23:15:18] /m Gandalf Branco
[04/08/2016 23:16:27] /m Madareth
[04/08/2016 23:17:50] /m cave 5
[04/08/2016 23:21:49] /clean
[04/08/2016 23:22:24] /ghost
[05/08/2016 02:41:41] /ghost
[05/08/2016 02:45:43] /goto supreme master
[05/08/2016 02:46:08] /goto choranaobebe
[05/08/2016 02:46:14] /a 3
[05/08/2016 02:46:35] /goto flamehead
[05/08/2016 02:47:22] /goto electron
[05/08/2016 02:48:14] /goto hallowen
[05/08/2016 02:49:07] /goto Pally Smoke Buddy 
[05/08/2016 02:49:28] /goto dimas
[05/08/2016 02:50:12] /goto Bilau do bolado
[05/08/2016 02:50:45] /goto Cannabis Power
[05/08/2016 02:51:57] /goto chivas
[05/08/2016 02:53:55] /i 11249
[05/08/2016 02:57:57] /a 3
[05/08/2016 02:58:05] /a 3
[05/08/2016 02:58:30] /m treiner
[06/08/2016 05:19:30] /i 6536
[06/08/2016 05:19:53] /i 6536
[06/08/2016 05:23:04] /i 11249
[06/08/2016 05:26:47] /goto cesinha
[06/08/2016 05:27:04] /goto Blukkerzinn
[06/08/2016 05:27:50] /goto Knight Smoke
[06/08/2016 05:28:20] /goto Cannabis Power 
[06/08/2016 05:28:44] /goto Dark Paladin
[06/08/2016 05:29:03] /goto Qwerty
[06/08/2016 05:29:39] /goto Pally Smoke Buddy
[06/08/2016 05:30:06] /t
[06/08/2016 05:30:53] /t
[06/08/2016 06:49:27] /goto Ropeculitos 
[06/08/2016 06:50:03] /t
[06/08/2016 08:14:34] /goto Sub Zero
[06/08/2016 08:15:07] /t
[06/08/2016 08:19:28] /t
[06/08/2016 08:44:41] /goto Sub Zero
[06/08/2016 21:28:09] /goto Princeszinha
[06/08/2016 21:28:45] /goto Pally Smoke Buddy 
[06/08/2016 21:29:16] /goto Maskara Da Mort
[06/08/2016 21:29:33] /goto Maskara Da Mort
[06/08/2016 21:29:49] /goto cesinha
[06/08/2016 21:30:18] /t
[06/08/2016 21:40:02] /goto cheetos
[06/08/2016 22:08:15] /c thor
[06/08/2016 22:48:18] /i 4848
[06/08/2016 23:03:16] /goto Knd Druid
[06/08/2016 23:07:22] /goto knd druid
[06/08/2016 23:07:55] /goto knd druid
[06/08/2016 23:08:07] /t
[06/08/2016 23:08:21] /goto  [Svip] Ho Papai Chegou
[06/08/2016 23:12:15] /owner  [Svip] Ho Papai Chegou
[06/08/2016 23:12:29] /c  [Svip] Ho Papai Chegou
[06/08/2016 23:14:59] /goto zoro
[06/08/2016 23:15:16] /a 3
[06/08/2016 23:15:46] /t
[06/08/2016 23:23:04] /clean
[06/08/2016 23:31:10] /c cesinha
[06/08/2016 23:36:21] /a 3
[06/08/2016 23:41:36] /goto cesinha
[06/08/2016 23:44:33] /goto zoro
[06/08/2016 23:45:29] /goto cesinha
[06/08/2016 23:46:09] /t
[06/08/2016 23:47:14] /goto [Svip] Ho Papai Chegou
[06/08/2016 23:48:18] /attr set defense 1250
[06/08/2016 23:50:28] /r
[06/08/2016 23:51:45] /goto cesinha
[06/08/2016 23:52:45] /t
[06/08/2016 23:54:39] /a 3
[06/08/2016 23:54:52] /i 2157
[07/08/2016 00:23:00] /ghost
[07/08/2016 00:27:25] /goto ADM Patricinha
[07/08/2016 00:30:48] /c maskara da mort
[07/08/2016 00:31:21] /t
[07/08/2016 00:31:49] /ghost
[07/08/2016 00:32:06] /goto druid mascarado
[07/08/2016 00:32:28] /addskill Druid Mascarado ,Magic 10
[07/08/2016 00:32:50] /addskill Druid Mascarado ,Magic 10
[07/08/2016 00:32:55] /addskill Druid Mascarado ,Magic 10
[07/08/2016 00:32:59] /addskill Druid Mascarado ,Magic 10
[07/08/2016 00:33:03] /addskill Druid Mascarado ,Magic 10
[07/08/2016 00:33:06] /addskill Druid Mascarado ,Magic 10
[07/08/2016 00:33:10] /addskill Druid Mascarado ,Magic 10
[07/08/2016 00:33:13] /addskill Druid Mascarado ,Magic 10
[07/08/2016 00:33:52] /addskill Druid Mascarado , Magic 10
[07/08/2016 00:33:57] /addskill Druid Mascarado , Magic 10
[07/08/2016 00:34:01] /addskill Druid Mascarado , Magic 10
[07/08/2016 00:34:12] /addskill Druid Mascarado , Magic 10
[07/08/2016 00:34:36] /goto ADM Patricinha
[07/08/2016 00:35:24] /addskill Magic, Druid Mascarado
[07/08/2016 00:35:38] /addskill Magic, Druid Mascarado
[07/08/2016 00:36:17] /addskill Magic, Druid Mascarado
[07/08/2016 00:36:39] /addskill Druid Mascarado , Magic , 10
[07/08/2016 00:36:45] /addskill Druid Mascarado , Magic , 10
[07/08/2016 00:37:43] /addskill Druid Mascarado , Level , 100
[07/08/2016 00:37:48] /addskill Druid Mascarado , Level , 100
[07/08/2016 00:37:53] /addskill Druid Mascarado , Level , 100
[07/08/2016 00:38:17] /addskill Druid Mascarado , Level , 100
[07/08/2016 00:39:16] /addskill (Druid Mascarado),Magic  
[07/08/2016 00:41:05] /addskill Druid Mascarado,Magic
[07/08/2016 00:41:12] /addskill Druid Mascarado,Magic
[07/08/2016 00:41:27] /addskill Druid Mascarado,Magic
[07/08/2016 00:41:30] /addskill Druid Mascarado,Magic
[07/08/2016 00:41:34] /addskill Druid Mascarado,Magic
[07/08/2016 00:41:38] /addskill Druid Mascarado,Magic
[07/08/2016 00:41:42] /addskill Druid Mascarado,Magic
[07/08/2016 00:42:00] /addskill Druid Mascarado,Magic
[07/08/2016 00:42:05] /addskill Druid Mascarado,Magic
[07/08/2016 00:42:09] /addskill Druid Mascarado,Magic
[07/08/2016 00:42:38] /t
[07/08/2016 00:43:54] /i 10518
[07/08/2016 00:44:20] /i 2662
[07/08/2016 00:44:45] /i 2500
[07/08/2016 00:44:59] /i 7730
[07/08/2016 00:45:16] /i 9002
[07/08/2016 00:45:35] /i 11113
[07/08/2016 00:46:00] /i 2424
[07/08/2016 00:46:52] /goto ADM Patricinha
[07/08/2016 00:48:45] /goto Druid Mascarado
[07/08/2016 00:49:51] /t
[07/08/2016 00:51:05] /a 3
[07/08/2016 00:51:37] /owner Druid Mascarado
[07/08/2016 00:51:50] /i 10518
[07/08/2016 00:51:55] /t
[07/08/2016 00:52:24] /i 6536
[07/08/2016 00:53:10] /i 6536
[07/08/2016 00:53:12] /i 6536
[07/08/2016 00:53:13] /i 6536
[07/08/2016 00:53:14] /i 6536
[07/08/2016 00:53:14] /i 6536
[07/08/2016 00:53:15] /i 6536
[07/08/2016 00:53:16] /i 6536
[07/08/2016 00:53:20] /i 6536
[07/08/2016 00:53:21] /i 6536
[07/08/2016 00:53:21] /i 6536
[07/08/2016 00:53:22] /i 6536
[07/08/2016 00:53:23] /i 6536
[07/08/2016 00:53:23] /i 6536
[07/08/2016 00:53:24] /i 6536
[07/08/2016 00:54:27] /i 6536
[07/08/2016 00:54:28] /i 6536
[07/08/2016 00:54:29] /i 6536
[07/08/2016 00:54:29] /i 6536
[07/08/2016 00:55:23] /a 3
[07/08/2016 00:56:01] /c druid mascarado
[07/08/2016 01:00:39] /goto druid mascarado
[07/08/2016 01:03:10] /goto druid mascarado
[07/08/2016 01:03:29] /a 3
[07/08/2016 01:03:41] /c thor
[07/08/2016 01:04:11] /t
[07/08/2016 02:58:55] /i 4848
[07/08/2016 02:59:35] /goto druid mascarado
[07/08/2016 03:01:24] /goto druid mascarado
[07/08/2016 03:02:31] /goto druid mascarado
[07/08/2016 03:02:55] /t
[07/08/2016 03:13:40] /goto druid mascarado
[07/08/2016 03:14:29] /t
[07/08/2016 03:26:42] /i 11249
[07/08/2016 03:27:03] /cliport
[07/08/2016 03:29:25] /t
[07/08/2016 03:29:48] /cliport
[07/08/2016 03:47:00] /goto thor
[07/08/2016 03:48:17] /goto thor
[07/08/2016 04:16:13] /i 10518
[07/08/2016 04:16:25] /i 2665
[07/08/2016 04:16:53] /i 8882
[07/08/2016 04:17:03] /i 2648
[07/08/2016 04:17:11] /i 2523
[07/08/2016 04:17:22] /i 11113
[07/08/2016 04:18:24] /i 7385
[07/08/2016 04:18:31] /t
[07/08/2016 04:18:47] /i 7959
[07/08/2016 04:19:29] /i addon doll
[07/08/2016 04:19:46] /a 3
[07/08/2016 04:19:52] /t
[07/08/2016 04:26:31] /c kina imortal
[07/08/2016 04:26:47] /i 6536
[07/08/2016 04:29:27] /c kina imortal
[07/08/2016 04:57:42] /cliport
[07/08/2016 04:57:54] /a 3
[07/08/2016 04:58:00] /a 3
[07/08/2016 04:58:08] /a 3
[07/08/2016 04:58:18] /a 3
[07/08/2016 04:58:31] /a 3
[07/08/2016 04:58:39] /a 3
[07/08/2016 04:58:49] /a 3
[07/08/2016 04:59:01] /a 3
[07/08/2016 04:59:11] /a 3
[07/08/2016 04:59:19] /a 3
[07/08/2016 04:59:26] /a 3
[07/08/2016 04:59:33] /a 3
[07/08/2016 04:59:41] /a 3
[07/08/2016 04:59:43] /a 3
[07/08/2016 04:59:54] /c druid mascarado
[07/08/2016 05:18:08] /i 6536
[07/08/2016 05:18:21] /goto kina imortal
[07/08/2016 05:18:56] /a 3
[07/08/2016 05:19:01] /a 3
[07/08/2016 05:19:10] /a 3
[07/08/2016 05:19:16] /a 3
[07/08/2016 05:19:25] /a 3
[07/08/2016 05:19:31] /a 3
[07/08/2016 05:19:39] /a 3
[07/08/2016 05:19:47] /a 3
[07/08/2016 05:19:56] /a 3
[07/08/2016 05:20:05] /a 3
[07/08/2016 05:20:17] /a 3
[07/08/2016 05:20:25] /a 3
[07/08/2016 05:20:41] /a 3
[07/08/2016 05:26:33] /c kina imortal
[07/08/2016 05:27:18] /t
[07/08/2016 05:27:39] /a 3
[07/08/2016 05:27:40] /a 3
[07/08/2016 05:27:41] /a 3
[07/08/2016 05:27:46] /up
[07/08/2016 05:27:52] /a 3
[07/08/2016 05:27:54] /a 3
[07/08/2016 05:27:54] /a 3
[07/08/2016 05:27:55] /a 3
[07/08/2016 05:27:56] /a 3
[07/08/2016 05:27:56] /a 3
[07/08/2016 05:27:57] /a 3
[07/08/2016 05:27:58] /a 3
[07/08/2016 05:27:59] /a 3
[07/08/2016 05:27:59] /a 3
[07/08/2016 05:28:00] /a 3
[07/08/2016 05:28:04] /up
[07/08/2016 05:28:11] /a 3
[07/08/2016 05:28:12] /a 3
[07/08/2016 05:28:13] /a 3
[07/08/2016 05:28:13] /a 3
[07/08/2016 05:28:21] /up
[07/08/2016 05:29:21] /a 3
[07/08/2016 05:29:25] /up
[07/08/2016 05:29:33] /a 3
[07/08/2016 05:29:34] /a 3
[07/08/2016 05:29:34] /a 3
[07/08/2016 05:29:35] /a 3
[07/08/2016 05:29:35] /a 3
[07/08/2016 05:29:36] /a 3
[07/08/2016 05:29:37] /a 3
[07/08/2016 05:29:37] /a 3
[07/08/2016 05:29:38] /a 3
[07/08/2016 05:29:39] /a 3
[07/08/2016 05:29:45] /a 3
[07/08/2016 05:29:46] /a 3
[07/08/2016 05:29:52] /a 3
[07/08/2016 05:29:59] /a 3
[07/08/2016 05:30:02] /a 3
[07/08/2016 05:30:03] /a 3
[07/08/2016 05:30:04] /a 3
[07/08/2016 05:30:05] /a 3
[07/08/2016 05:30:05] /a 3
[07/08/2016 05:30:07] /a 3
[07/08/2016 05:30:08] /a 3
[07/08/2016 05:30:15] /up
[07/08/2016 05:30:24] /a 3
[07/08/2016 05:30:26] /a 3
[07/08/2016 05:30:27] /a 3
[07/08/2016 05:30:39] /up
[07/08/2016 05:30:42] /up
[07/08/2016 05:30:46] /a 3
[07/08/2016 05:31:10] /c kina imortal
[07/08/2016 05:31:23] /t
[07/08/2016 05:33:53] /c kina imortal
[07/08/2016 05:35:09] /goto kina imortal
[07/08/2016 05:37:41] /goto thor
[07/08/2016 05:38:57] /goto kina imortal
[07/08/2016 05:39:20] /t
[07/08/2016 05:40:15] /goto thor
[07/08/2016 05:40:25] /goto thor
[07/08/2016 05:40:47] /t
[07/08/2016 06:05:10] /addskill Kina Imortal , Sword ,10
[07/08/2016 06:05:15] /addskill Kina Imortal , Sword ,10
[07/08/2016 06:05:19] /addskill Kina Imortal , Sword ,10
[07/08/2016 06:05:23] /addskill Kina Imortal , Sword ,10
[07/08/2016 06:05:48] /cliport
[07/08/2016 06:12:25] /addskill Kina Imortal , Shield , 10
[07/08/2016 06:12:40] /addskill Kina Imortal , Shield , 10
[07/08/2016 06:12:50] /addskill Kina Imortal , Shield , 10
[07/08/2016 06:13:11] /goto thor
[07/08/2016 06:13:55] /goto kina imortal
[07/08/2016 06:14:28] /addskill Kina Imortal , Shield , 10
[07/08/2016 06:14:34] /addskill Kina Imortal , Shield , 10
[07/08/2016 06:15:50] /addskill Kina Imortal , Shield , 10
[07/08/2016 06:15:53] /addskill Kina Imortal , Shield , 10
[07/08/2016 06:15:58] /addskill Kina Imortal , Shield , 10
[07/08/2016 06:16:03] /addskill Kina Imortal , Shield , 10
[07/08/2016 06:16:07] /addskill Kina Imortal , Shield , 10
[07/08/2016 06:16:11] /addskill Kina Imortal , Shield , 10
[07/08/2016 06:16:14] /addskill Kina Imortal , Shield , 10
[07/08/2016 06:16:17] /addskill Kina Imortal , Shield , 10
[07/08/2016 06:16:22] /addskill Kina Imortal , Shield , 10
[07/08/2016 06:16:26] /addskill Kina Imortal , Shield , 10
[07/08/2016 06:16:29] /addskill Kina Imortal , Shield , 10
[07/08/2016 06:16:33] /addskill Kina Imortal , Shield , 10
[07/08/2016 06:16:41] /addskill Kina Imortal , Shield , 10
[07/08/2016 06:16:45] /addskill Kina Imortal , Shield , 10
[07/08/2016 06:16:48] /addskill Kina Imortal , Shield , 10
[07/08/2016 06:16:51] /addskill Kina Imortal , Shield , 10
[07/08/2016 06:16:54] /addskill Kina Imortal , Shield , 10
[07/08/2016 06:16:58] /addskill Kina Imortal , Shield , 10
[07/08/2016 06:17:01] /addskill Kina Imortal , Shield , 10
[07/08/2016 06:17:04] /addskill Kina Imortal , Shield , 10
[07/08/2016 06:17:07] /addskill Kina Imortal , Shield , 10
[07/08/2016 06:17:10] /addskill Kina Imortal , Shield , 10
[07/08/2016 06:19:28] /a 3
[07/08/2016 06:21:17] /t
[07/08/2016 06:22:26] /goto druid mascarado
[07/08/2016 06:23:59] /a 3
[07/08/2016 06:24:18] /a 3
[07/08/2016 06:24:26] /i 6497
[07/08/2016 06:29:07] /a 3
[07/08/2016 06:29:13] /cliport
[07/08/2016 06:29:22] /a 3
[07/08/2016 06:29:31] /a 3
[07/08/2016 06:29:43] /a 3
[07/08/2016 06:29:50] /a 3
[07/08/2016 06:30:00] /a 3
[07/08/2016 06:30:16] /a 3
[07/08/2016 06:30:23] /a 3
[07/08/2016 06:31:57] /c druid mascarado
[07/08/2016 06:32:27] /c kina imortal
[07/08/2016 06:56:57] /a 3
[07/08/2016 06:57:14] /cliport
[07/08/2016 06:58:00] /t
[07/08/2016 10:43:49] /a 3
[07/08/2016 10:46:24] /goto kina imortal
[07/08/2016 10:46:28] /t
[07/08/2016 10:49:54] /mc kina imortal
[07/08/2016 10:50:21] /mc chavozinho
[07/08/2016 10:51:06] /a 3
[07/08/2016 10:51:46] /i 6497
[07/08/2016 10:51:55] /i 6497
[07/08/2016 10:52:16] /t
[07/08/2016 11:11:12] /a 3
[07/08/2016 11:11:21] /a 3
[07/08/2016 11:32:08] /t
[07/08/2016 11:32:23] /goto cesinha
[07/08/2016 11:32:34] /a 3
[07/08/2016 11:47:47] /t
[07/08/2016 11:53:58] /t
