[04/07/2016 20:20:19] /reload globalevent
[04/07/2016 20:21:07] /reload globalevent
[04/07/2016 20:22:37] /reload globalevent
[04/07/2016 20:23:11] /reload globalevent
[04/07/2016 20:24:11] /reload globalevent
[04/07/2016 20:24:49] /t
[04/07/2016 20:24:55] /i 2424
[04/07/2016 20:25:03] /r 100
[04/07/2016 20:31:46] /reload creaturescripts
[04/07/2016 20:38:48] /reload globalevent
[04/07/2016 20:40:08] /ghost
[04/07/2016 20:43:09] /i 12279
[04/07/2016 20:43:13] /i 12279
[04/07/2016 20:43:15] /i 12279
[04/07/2016 20:44:02] /i 2424
[04/07/2016 20:46:35] /c Advox Fod
[04/07/2016 20:46:53] /i 12279
[04/07/2016 20:47:01] /r 100
[04/07/2016 20:47:31] /m dragon
[04/07/2016 20:47:34] /m dragon
[04/07/2016 20:47:44] /r
[04/07/2016 20:47:45] /r
[04/07/2016 20:47:49] /m dragon
[04/07/2016 20:47:52] /m dragon
[04/07/2016 20:47:59] /r
[04/07/2016 20:48:00] /r
[04/07/2016 20:48:02] /r
[04/07/2016 20:48:05] /r
[04/07/2016 20:48:55] /ghost
[04/07/2016 20:56:52] /t
[04/07/2016 20:59:52] /a
[04/07/2016 20:59:53] /a
[04/07/2016 21:00:01] /ghost
[04/07/2016 21:00:32] /c Amigu
[04/07/2016 21:00:39] /i donate slingshot
[04/07/2016 21:00:48] /t Amigu
[04/07/2016 21:01:08] /r 100
[04/07/2016 21:01:10] /r 100
[04/07/2016 21:01:10] /r 100
[04/07/2016 21:01:11] /r 100
[04/07/2016 21:01:11] /r 100
[04/07/2016 21:01:11] /r 100
[04/07/2016 21:01:12] /r 100
[04/07/2016 21:01:12] /r 100
[04/07/2016 21:01:12] /r 100
[04/07/2016 21:01:13] /r 100
[04/07/2016 21:01:13] /r 100
[04/07/2016 21:01:17] /a
[04/07/2016 21:04:16] /a
[04/07/2016 21:04:52] /m Chikhaton
[04/07/2016 21:04:54] /a
[04/07/2016 21:04:57] /a
[04/07/2016 21:04:58] /a
[04/07/2016 21:04:59] /a
[04/07/2016 21:05:00] /a
[04/07/2016 21:05:00] /a
[04/07/2016 21:05:01] /a
[04/07/2016 21:05:03] /a
[04/07/2016 21:05:06] /a
[04/07/2016 21:05:09] /a
[04/07/2016 21:05:22] /m Deadeye Devious
[04/07/2016 21:05:25] /r
[04/07/2016 21:13:26] /ghost
[04/07/2016 21:13:27] /t
[04/07/2016 21:15:13] /i Badge of Glory
[04/07/2016 21:15:36] /i Golden Newspaper
[04/07/2016 21:16:06] /i Golden Falcon
[04/07/2016 21:16:42] /i Heavy Medal
[04/07/2016 21:16:55] /i Lucky Clover Amulet
[04/07/2016 21:17:35] /i The Epic Wisdom
[04/07/2016 21:17:44] /i Tibiora's Box
[04/07/2016 22:26:35] /kick Mage Do Mal
[04/07/2016 22:26:38] /t
[04/07/2016 22:42:06] /t
[04/07/2016 22:46:31] /t
[04/07/2016 23:32:54] /ghost
[04/07/2016 23:33:33] /ghost
[04/07/2016 23:33:34] /t
[04/07/2016 23:36:55] /t
[04/07/2016 23:47:30] /ghost
[04/07/2016 23:47:34] /newtype 156
[04/07/2016 23:47:37] /newtype 152
[04/07/2016 23:48:08] /ghost
[04/07/2016 23:48:11] /t
[04/07/2016 23:52:09] /b Galera ot ja volta vou implementar novas coisas
[04/07/2016 23:52:10] /b Galera ot ja volta vou implementar novas coisas
[04/07/2016 23:52:10] /b Galera ot ja volta vou implementar novas coisas
[04/07/2016 23:52:14] /save
[04/07/2016 23:58:56] /i 1431
[04/07/2016 23:58:57] /i 1431
[04/07/2016 23:59:12] /t Blood Kina
[04/07/2016 23:59:16] /t Guto
[05/07/2016 00:00:54] /reload globalevent
[05/07/2016 00:03:36] /reload npc
[05/07/2016 00:07:41] /t
[05/07/2016 00:13:30] /a
[05/07/2016 00:14:34] /reload monster
[05/07/2016 00:14:46] /m supreme pirata
[05/07/2016 00:15:26] /ghost
[05/07/2016 00:16:20] /c ADM Maves
[05/07/2016 00:19:06] /ghost
[05/07/2016 00:19:08] /goto ADM Maves
[05/07/2016 00:19:12] /t
[05/07/2016 00:20:04] /b ot ja volta arrumei a area supreme
[05/07/2016 00:20:05] /b ot ja volta arrumei a area supreme
[05/07/2016 00:20:05] /b ot ja volta arrumei a area supreme
[05/07/2016 00:20:07] /save
[05/07/2016 00:22:24] /goto guto
[05/07/2016 00:22:29] /t
[05/07/2016 09:15:18] /goto Bloody Mary
[05/07/2016 09:15:30] /t
[05/07/2016 09:18:11] /reload npc
[05/07/2016 09:18:29] /i 8976
[05/07/2016 09:19:08] /reload monster
[05/07/2016 09:21:11] /i supreme arco
[05/07/2016 09:33:42] /ghost
[05/07/2016 09:35:32] /reload globalevent
[05/07/2016 09:39:09] /reload globalevent
[05/07/2016 09:49:27] /reload actions
[05/07/2016 09:50:00] /i 7440
[05/07/2016 09:51:48] /i 7424
[05/07/2016 09:52:59] /up
[05/07/2016 09:53:12] /c Mage Edited
[05/07/2016 09:53:18] /attr group 5
[05/07/2016 09:53:38] /ghost
[05/07/2016 09:53:43] /ghost
[05/07/2016 09:54:04] /attr group 1
[05/07/2016 09:55:22] /t
[05/07/2016 09:55:38] /up
[05/07/2016 09:55:42] /c Pilo
[05/07/2016 09:55:48] /attr group 5
[05/07/2016 09:56:53] /attr group 1
[05/07/2016 09:56:56] /r
[05/07/2016 09:57:06] /r
[05/07/2016 09:57:40] /t
[05/07/2016 09:58:01] /ghost
[05/07/2016 09:58:12] /i 7424
[05/07/2016 09:58:17] /goto Vagabundo Malandro
[05/07/2016 09:58:19] /ghost
[05/07/2016 09:58:30] /t
[05/07/2016 09:59:14] /ghost
[05/07/2016 09:59:30] /up
[05/07/2016 09:59:32] /r
[05/07/2016 09:59:36] /up
[05/07/2016 09:59:41] /ghost
[05/07/2016 09:59:41] /t
[05/07/2016 10:02:21] /t
[05/07/2016 10:06:52] /ghost
[05/07/2016 10:11:24] /reload movements
[05/07/2016 10:11:35] /i 25000
[05/07/2016 10:11:38] /i 2500
[05/07/2016 10:12:30] /b galera ot ja volta ajustes nos itens supreme
[05/07/2016 10:12:31] /b galera ot ja volta ajustes nos itens supreme
[05/07/2016 10:12:31] /b galera ot ja volta ajustes nos itens supreme
[05/07/2016 10:12:32] /b galera ot ja volta ajustes nos itens supreme
[05/07/2016 10:12:32] /b galera ot ja volta ajustes nos itens supreme
[05/07/2016 10:12:34] /b galera ot ja volta ajustes nos itens supreme
[05/07/2016 10:12:36] /save
[05/07/2016 10:28:21] /i 8976
[05/07/2016 10:28:24] /goto guto
[05/07/2016 10:28:35] /t
[05/07/2016 10:32:00] /reload movements
[05/07/2016 10:32:32] /ghost
[05/07/2016 10:32:34] /goto Bloody Mary
[05/07/2016 10:33:00] /t
[05/07/2016 10:34:29] /ghost
[05/07/2016 10:34:43] /ghost
[05/07/2016 10:34:58] /r
[05/07/2016 10:35:00] /r
[05/07/2016 10:35:00] /r
[05/07/2016 10:35:01] /r
[05/07/2016 10:35:02] /r
[05/07/2016 10:35:02] /r
[05/07/2016 10:35:03] /r
[05/07/2016 10:35:05] /r
[05/07/2016 10:35:06] /r
[05/07/2016 10:35:07] /r
[05/07/2016 10:35:10] /r
[05/07/2016 10:35:13] /r 100
[05/07/2016 10:35:15] /r 100
[05/07/2016 10:35:16] /r 100
[05/07/2016 10:35:17] /r 100
[05/07/2016 10:35:17] /r 100
[05/07/2016 10:35:19] /ghost
[05/07/2016 10:35:21] /t
[05/07/2016 10:43:57] /goto guto
[05/07/2016 10:44:07] /t
[05/07/2016 10:55:32] /goto Advox Fod
[05/07/2016 10:55:36] /t
[05/07/2016 10:57:44] /b galera desculpa deu erro na distro e o ot caiu
[05/07/2016 10:57:45] /b galera desculpa deu erro na distro e o ot caiu
[05/07/2016 10:57:45] /b galera desculpa deu erro na distro e o ot caiu
[05/07/2016 10:58:03] /r
[05/07/2016 10:58:04] /r
[05/07/2016 10:58:05] /r
[05/07/2016 10:58:06] /r
[05/07/2016 10:58:09] /r 100
[05/07/2016 10:58:09] /r 100
[05/07/2016 10:58:10] /r 100
[05/07/2016 10:58:11] /r 100
[05/07/2016 10:58:13] /r 100
[05/07/2016 10:58:13] /r 100
[05/07/2016 10:58:14] /r 100
[05/07/2016 10:58:16] /r 100
[05/07/2016 10:58:17] /r 100
[05/07/2016 10:58:18] /r 100
[05/07/2016 10:58:18] /r 100
[05/07/2016 10:58:19] /r 100
[05/07/2016 10:58:36] /t
[05/07/2016 10:59:11] /i 8976
[05/07/2016 10:59:14] /goto guto
[05/07/2016 10:59:21] /c guto
[05/07/2016 10:59:38] /b galera desculpa deu erro na distro e o ot caiu
[05/07/2016 10:59:39] /b galera desculpa deu erro na distro e o ot caiu
[05/07/2016 10:59:39] /b galera desculpa deu erro na distro e o ot caiu
[05/07/2016 11:00:09] /reload globalevent
[05/07/2016 11:00:11] /ghost
[05/07/2016 11:01:54] /i 10310
[05/07/2016 11:01:57] /up
[05/07/2016 11:01:58] /up
[05/07/2016 11:01:59] /up
[05/07/2016 11:02:03] /c dilma
[05/07/2016 11:02:17] /i donate slingshot
[05/07/2016 11:02:22] /t Dilma
[05/07/2016 11:03:10] /ghost
[05/07/2016 11:03:11] /t
[05/07/2016 11:03:55] /a
[05/07/2016 11:03:58] /n dark rodo
[05/07/2016 11:04:00] /a
[05/07/2016 11:04:01] /r
[05/07/2016 11:04:03] /r
[05/07/2016 11:04:06] /r
[05/07/2016 11:04:08] /r
[05/07/2016 11:04:09] /r
[05/07/2016 11:05:02] /i donate slingshot
[05/07/2016 11:05:07] /t
[05/07/2016 11:05:09] /ghost
[05/07/2016 11:05:24] /t
[05/07/2016 11:07:17] /i tone skin amulet
[05/07/2016 11:08:04] /ghost
[05/07/2016 11:08:05] /t
[05/07/2016 11:11:57] /reload weapons
[05/07/2016 11:12:45] /i 8858
[05/07/2016 11:16:23] /i /i 
[05/07/2016 11:16:27] /i 2546
[05/07/2016 11:17:04] /i 7838
[05/07/2016 11:17:56] /reload items
[05/07/2016 11:17:58] /t
[05/07/2016 11:18:15] /r 100
[05/07/2016 11:18:19] /r 100
[05/07/2016 11:18:26] /up
[05/07/2016 11:18:27] /up
[05/07/2016 11:18:28] /up
[05/07/2016 11:18:32] /r
[05/07/2016 11:18:35] /r
[05/07/2016 11:18:37] /r
[05/07/2016 11:18:39] /r 100
[05/07/2016 11:18:43] /r 100
[05/07/2016 11:18:45] /r 100
[05/07/2016 11:18:47] /r 100
[05/07/2016 11:18:48] /r 100
[05/07/2016 11:18:50] /r 100
[05/07/2016 11:18:52] /t
[05/07/2016 11:20:02] /t
[05/07/2016 11:32:56] /r
[05/07/2016 11:33:18] /goto {CM} Blackjack
[05/07/2016 11:37:30] /t
[05/07/2016 11:37:54] /a
[05/07/2016 11:40:19] /i dragon scale legs
[05/07/2016 11:41:48] /a
[05/07/2016 11:41:49] /r
[05/07/2016 11:41:59] /reload actions
[05/07/2016 11:42:31] /a
[05/07/2016 11:42:41] /a
[05/07/2016 11:43:36] /a
[05/07/2016 11:43:40] /a
[05/07/2016 11:43:50] /ghost
[05/07/2016 11:44:17] /a
[05/07/2016 11:44:22] /a 2
[05/07/2016 11:51:38] /down
[05/07/2016 11:52:01] /a 5
[05/07/2016 11:52:04] /down
[05/07/2016 11:53:46] /ghost
[05/07/2016 11:54:08] /i 9002
[05/07/2016 11:54:22] /i 2500
[05/07/2016 11:54:48] /i 8983
[05/07/2016 11:55:24] /ghost
[05/07/2016 11:56:08] /goto Mina Mage
[05/07/2016 11:57:11] /reload monster
[05/07/2016 11:57:30] /t
[05/07/2016 11:58:54] /i Spellbook of Dark Mysteries
[05/07/2016 12:02:08] /reload movements
[05/07/2016 12:03:09] /i 2523
[05/07/2016 12:05:04] /i 2573
[05/07/2016 12:05:10] /i 2537
[05/07/2016 12:06:45] /reload movements
[05/07/2016 12:07:25] /reload movements
[05/07/2016 12:32:22] /t
[05/07/2016 12:32:44] /ghost
[05/07/2016 12:34:17] /i 1387
[05/07/2016 12:34:29] /attr porition 76 191 7
[05/07/2016 12:34:42] /attr position 76,191,7
[05/07/2016 12:35:16] /attr position x76,y191,z7
[05/07/2016 12:35:25] /r
[05/07/2016 12:36:16] /i pepito de ouro
[05/07/2016 12:36:44] /r
[05/07/2016 12:36:48] /up
[05/07/2016 12:36:49] /up
[05/07/2016 12:36:49] /up
[05/07/2016 12:36:53] /i backpack
[05/07/2016 12:36:59] /i backpack
[05/07/2016 12:37:01] /i backpack
[05/07/2016 12:37:02] /i backpack
[05/07/2016 12:37:03] /i backpack
[05/07/2016 12:37:03] /i backpack
[05/07/2016 12:37:04] /i backpack
[05/07/2016 12:37:04] /i backpack
[05/07/2016 12:37:05] /i backpack
[05/07/2016 12:37:05] /i backpack
[05/07/2016 12:37:05] /i backpack
[05/07/2016 12:37:06] /i backpack
[05/07/2016 12:37:06] /i backpack
[05/07/2016 12:37:31] /i 2160
[05/07/2016 12:37:31] /i 2160
[05/07/2016 12:37:31] /i 2160
[05/07/2016 12:37:31] /i 2160
[05/07/2016 12:37:32] /i 2160
[05/07/2016 12:37:32] /i 2160
[05/07/2016 12:37:32] /i 2160
[05/07/2016 12:37:32] /i 2160
[05/07/2016 12:37:32] /i 2160
[05/07/2016 12:37:32] /i 2160
[05/07/2016 12:37:33] /i 2160
[05/07/2016 12:37:33] /i 2160
[05/07/2016 12:37:33] /i 2160
[05/07/2016 12:37:33] /i 2160
[05/07/2016 12:37:34] /i 2160
[05/07/2016 12:37:34] /i 2160
[05/07/2016 12:37:34] /i 2160
[05/07/2016 12:37:34] /i 2160
[05/07/2016 12:37:35] /i 2160
[05/07/2016 12:37:40] /i 2160
[05/07/2016 12:37:41] /i 2160
[05/07/2016 12:37:41] /i 2160
[05/07/2016 12:37:41] /i 2160
[05/07/2016 12:37:41] /i 2160
[05/07/2016 12:37:41] /i 2160
[05/07/2016 12:37:41] /i 2160
[05/07/2016 12:37:41] /i 2160
[05/07/2016 12:37:41] /i 2160
[05/07/2016 12:37:41] /i 2160
[05/07/2016 12:37:41] /i 2160
[05/07/2016 12:37:41] /i 2160
[05/07/2016 12:37:41] /i 2160
[05/07/2016 12:37:41] /i 2160
[05/07/2016 12:37:41] /i 2160
[05/07/2016 12:37:41] /i 2160
[05/07/2016 12:37:41] /i 2160
[05/07/2016 12:37:41] /i 2160
[05/07/2016 12:37:41] /i 2160
[05/07/2016 12:37:41] /i 2160
[05/07/2016 12:37:41] /i 2160
[05/07/2016 12:37:41] /i 2160
[05/07/2016 12:37:41] /i 2160
[05/07/2016 12:37:42] /i 2160
[05/07/2016 12:37:42] /i 2160
[05/07/2016 12:37:42] /i 2160
[05/07/2016 12:37:42] /i 2160
[05/07/2016 12:37:42] /i 2160
[05/07/2016 12:37:42] /i 2160
[05/07/2016 12:37:42] /i 2160
[05/07/2016 12:37:42] /i 2160
[05/07/2016 12:37:42] /i 2160
[05/07/2016 12:37:42] /i 2160
[05/07/2016 12:37:42] /i 2160
[05/07/2016 12:37:42] /i 2160
[05/07/2016 12:37:42] /i 2160
[05/07/2016 12:37:42] /i 2160
[05/07/2016 12:37:42] /i 2160
[05/07/2016 12:37:42] /i 2160
[05/07/2016 12:37:42] /i 2160
[05/07/2016 12:37:42] /i 2160
[05/07/2016 12:37:42] /i 2160
[05/07/2016 12:37:42] /i 2160
[05/07/2016 12:37:42] /i 2160
[05/07/2016 12:37:42] /i 2160
[05/07/2016 12:37:42] /i 2160
[05/07/2016 12:37:42] /i 2160
[05/07/2016 12:37:42] /i 2160
[05/07/2016 12:37:42] /i 2160
[05/07/2016 12:37:42] /i 2160
[05/07/2016 12:37:43] /i 2160
[05/07/2016 12:37:43] /i 2160
[05/07/2016 12:37:43] /i 2160
[05/07/2016 12:37:43] /i 2160
[05/07/2016 12:37:43] /i 2160
[05/07/2016 12:37:43] /i 2160
[05/07/2016 12:37:43] /i 2160
[05/07/2016 12:37:43] /i 2160
[05/07/2016 12:37:43] /i 2160
[05/07/2016 12:37:43] /i 2160
[05/07/2016 12:37:43] /i 2160
[05/07/2016 12:37:43] /i 2160
[05/07/2016 12:37:43] /i 2160
[05/07/2016 12:37:44] /i 2160
[05/07/2016 12:37:44] /i 2160
[05/07/2016 12:37:44] /i 2160
[05/07/2016 12:37:44] /i 2160
[05/07/2016 12:37:44] /i 2160
[05/07/2016 12:37:44] /i 2160
[05/07/2016 12:37:48] /t
[05/07/2016 12:38:58] /r
[05/07/2016 12:39:24] /i 11238
[05/07/2016 12:39:56] /i mana potion
[05/07/2016 12:43:30] /i 7730
[05/07/2016 12:43:53] /ghost
[05/07/2016 12:43:55] /up
[05/07/2016 12:43:55] /up
[05/07/2016 12:43:56] /up
[05/07/2016 12:44:02] /t
[05/07/2016 12:49:21] /goto Brunna
[05/07/2016 12:49:24] /goto Brunna
[05/07/2016 12:49:25] /goto Brunna
[05/07/2016 12:49:25] /goto Brunna
[05/07/2016 12:49:27] /ghost
[05/07/2016 12:49:29] /goto Brunna
[05/07/2016 12:49:30] /goto Brunna
[05/07/2016 12:49:38] /goto Brunna
[05/07/2016 12:49:39] /goto Brunna
[05/07/2016 12:49:39] /goto Brunna
[05/07/2016 12:49:40] /goto Brunna
[05/07/2016 12:49:41] /goto Brunna
[05/07/2016 12:49:42] /goto Brunna
[05/07/2016 12:49:42] /goto Brunna
[05/07/2016 12:49:43] /goto Brunna
[05/07/2016 12:49:44] /goto Brunna
[05/07/2016 12:49:45] /goto Brunna
[05/07/2016 12:49:46] /goto Brunna
[05/07/2016 12:49:48] /goto Brunna
[05/07/2016 12:49:49] /goto Brunna
[05/07/2016 12:49:50] /goto Brunna
[05/07/2016 12:49:51] /goto Brunna
[05/07/2016 12:49:53] /goto Brunna
[05/07/2016 12:49:56] /goto Brunna
[05/07/2016 12:49:57] /goto Brunna
[05/07/2016 12:49:59] /goto Brunna
[05/07/2016 12:50:00] /goto Brunna
[05/07/2016 12:50:04] /goto Brunna
[05/07/2016 12:51:51] /goto Brunna
[05/07/2016 12:54:29] /reload globalevent
[05/07/2016 12:54:38] /r
[05/07/2016 12:55:17] /up
[05/07/2016 12:55:19] /up
[05/07/2016 12:55:21] /up
[05/07/2016 12:57:46] /down
[05/07/2016 12:57:47] /down
[05/07/2016 12:57:48] /down
[05/07/2016 12:58:05] /a 2
[05/07/2016 13:13:12] /ghost
[05/07/2016 13:13:36] /t
[05/07/2016 13:14:14] /ghost
[05/07/2016 13:14:23] /ghost
[05/07/2016 13:17:10] /reload talkactions
[05/07/2016 13:18:09] /ghost
[05/07/2016 13:18:33] /r
[05/07/2016 13:19:52] /t
[05/07/2016 13:21:27] /t Sorcerer
[05/07/2016 13:21:29] /t
[05/07/2016 13:21:35] /r
[05/07/2016 13:22:05] /c King
[05/07/2016 13:22:15] /c King
[05/07/2016 13:22:16] /c King
[05/07/2016 13:22:17] /c King
[05/07/2016 13:22:17] /c King
[05/07/2016 13:22:18] /c King
[05/07/2016 13:22:31] /r
[05/07/2016 13:23:12] /r
[05/07/2016 13:23:13] /r
[05/07/2016 13:23:25] /r
[05/07/2016 13:23:26] /r
[05/07/2016 13:23:29] /r
[05/07/2016 13:23:29] /r
[05/07/2016 13:23:34] /i 1430
[05/07/2016 13:23:39] /i 1430
[05/07/2016 13:23:40] /i 1430
[05/07/2016 13:23:45] /t
[05/07/2016 13:24:50] /i amazon armor
[05/07/2016 13:24:59] /i amazon armor
[05/07/2016 13:25:55] /i supreme sword
[05/07/2016 13:26:12] /i emerald sword
[05/07/2016 13:26:27] /i 8305
[05/07/2016 13:26:32] /i 8305,16
[05/07/2016 13:26:48] /i 8305,16
[05/07/2016 13:26:48] /i 8305,16
[05/07/2016 13:26:53] /i 8305,16
[05/07/2016 13:26:58] /i 8305,16
[05/07/2016 13:27:00] /i 8305,16
[05/07/2016 13:27:02] /i 8305,16
[05/07/2016 13:27:04] /i 8305,16
[05/07/2016 13:27:05] /i 8305,16
[05/07/2016 13:27:07] /i 8305,16
[05/07/2016 13:27:08] /i 8305,16
[05/07/2016 13:27:09] /i 8305,16
[05/07/2016 13:27:11] /i 8305,16
[05/07/2016 13:27:12] /i 8305,16
[05/07/2016 13:27:14] /i 8305,16
[05/07/2016 13:27:18] /i 8305,16
[05/07/2016 13:27:22] /i 8305,16
[05/07/2016 13:27:24] /i 8305,16
[05/07/2016 13:27:26] /i 8305,16
[05/07/2016 13:27:28] /i 8305,16
[05/07/2016 13:27:30] /i 8305,16
[05/07/2016 13:27:32] /i 8305,16
[05/07/2016 13:27:34] /i 8305,16
[05/07/2016 13:27:44] /i 8305,16
[05/07/2016 13:27:46] /i 8305,16
[05/07/2016 13:27:48] /i 8305,16
[05/07/2016 13:27:51] /i 8305,16
[05/07/2016 13:28:00] /r
[05/07/2016 13:28:03] /i 8305,16
[05/07/2016 13:28:06] /i 8305,16
[05/07/2016 13:28:08] /i 8305,16
[05/07/2016 13:28:11] /i 8305,16
[05/07/2016 13:28:13] /i 8305,16
[05/07/2016 13:28:35] /a
[05/07/2016 13:28:37] /r
[05/07/2016 13:29:03] /t
[05/07/2016 13:29:20] /c Brunna
[05/07/2016 13:32:29] /a
[05/07/2016 13:32:32] /i dice
[05/07/2016 13:32:59] /i gold nuggets
[05/07/2016 13:33:17] /i baiak zik axe
[05/07/2016 13:33:56] /i 2157
[05/07/2016 13:34:09] /i 2157
[05/07/2016 13:34:39] /ghost
[05/07/2016 13:35:02] /t
[05/07/2016 13:35:12] /i 7440
[05/07/2016 13:35:20] /i 10310
[05/07/2016 13:35:28] /i 2644
[05/07/2016 13:35:35] /i 11113
[05/07/2016 13:35:50] /a 2
[05/07/2016 13:36:09] /i 10310
[05/07/2016 13:36:14] /i 7440
[05/07/2016 13:36:29] /i 2157
[05/07/2016 13:36:54] /i 11113
[05/07/2016 13:37:08] /i supreme shield
[05/07/2016 13:37:15] /i supreme livro
[05/07/2016 13:37:26] /i donate shield
[05/07/2016 13:37:33] /i donate spellbok
[05/07/2016 13:37:41] /i donate spelbook
[05/07/2016 13:37:43] /t
[05/07/2016 13:37:54] /a 2
[05/07/2016 13:37:58] /i 8983
[05/07/2016 13:38:15] /i 2157
[05/07/2016 13:38:37] /ghost
[05/07/2016 13:38:59] /b Evento Bp TP no templo
[05/07/2016 13:39:00] /b Evento Bp TP no templo
[05/07/2016 13:39:00] /b Evento Bp TP no templo
[05/07/2016 13:39:01] /b Evento Bp TP no templo
[05/07/2016 13:39:02] /b Evento Bp TP no templo
[05/07/2016 13:55:32] /a
[05/07/2016 13:55:37] /a
[05/07/2016 13:55:47] /t Italy
[05/07/2016 14:01:30] /b cabo galera
[05/07/2016 14:02:01] /r
[05/07/2016 14:02:10] /b amanhã tem mais
[05/07/2016 14:02:11] /b amanhã tem mais
[05/07/2016 14:02:12] /b amanhã tem mais
[05/07/2016 14:03:01] /ghost
[05/07/2016 14:03:03] /ghost
[05/07/2016 14:03:53] /ghost
[05/07/2016 14:03:56] /ghost
[05/07/2016 14:06:08] /ghost
[05/07/2016 14:07:10] /i 2662
[05/07/2016 14:07:32] /i 9002
[05/07/2016 14:13:42] /owner ADM Lee Sin
[05/07/2016 14:15:44] /t
[05/07/2016 14:17:45] /i 2662
[05/07/2016 14:17:54] /i 2500
[05/07/2016 14:18:09] /i 9002
[05/07/2016 14:20:45] /i 7729
[05/07/2016 14:47:20] /reload actions
[05/07/2016 14:48:38] /reload actions
[05/07/2016 15:08:42] /b galera ot ja volta arrumei alguns bugs
[05/07/2016 15:08:42] /b galera ot ja volta arrumei alguns bugs
[05/07/2016 15:08:43] /b galera ot ja volta arrumei alguns bugs
[05/07/2016 15:08:43] /b galera ot ja volta arrumei alguns bugs
[05/07/2016 15:08:45] /b galera ot ja volta arrumei alguns bugs
[05/07/2016 15:08:49] /save
[05/07/2016 15:11:10] /a
[05/07/2016 15:11:11] /a
[05/07/2016 15:11:19] /i 11905
[05/07/2016 15:11:22] /a
[05/07/2016 15:11:23] /r
[05/07/2016 15:11:27] /a
[05/07/2016 15:16:30] /t
[05/07/2016 15:20:38] /i 8882
[05/07/2016 15:22:16] /reload movements
[05/07/2016 15:22:58] /i 8881
[05/07/2016 15:23:35] /reload movements
[05/07/2016 15:23:43] /up
[05/07/2016 15:23:43] /up
[05/07/2016 15:23:44] /up
[05/07/2016 15:23:49] /c {CM} Blackjack
[05/07/2016 15:23:51] /ghost
[05/07/2016 15:23:56] /attr group 6
[05/07/2016 15:24:20] /r
[05/07/2016 15:25:09] /reload movements
[05/07/2016 15:26:34] /reload movements
[05/07/2016 15:27:07] /reload movements
[05/07/2016 15:27:19] /ghost
[05/07/2016 15:27:20] /t
[05/07/2016 15:28:50] /reload globalevents
[05/07/2016 15:30:43] /reload actions
[05/07/2016 15:32:15] /reload actions
[05/07/2016 15:33:22] /reload items
[05/07/2016 16:06:14] /i supreme bolt
[05/07/2016 16:06:17] /i supreme bot
[05/07/2016 16:16:03] /i 7635
[05/07/2016 16:17:25] /reload actions
[05/07/2016 16:40:12] /goto Orc Warlord
[05/07/2016 16:40:34] /i supreme staff
[05/07/2016 16:41:22] /reload monster
[05/07/2016 16:41:30] /a
[05/07/2016 16:41:43] /goto Orc Warlord
[05/07/2016 16:41:46] /goto Orc Warlord
[05/07/2016 16:41:51] /goto Orc Warlord
[05/07/2016 16:41:53] /goto Orc Warlord
[05/07/2016 16:41:54] /goto Orc Warlord
[05/07/2016 16:41:59] /goto Orc Warlord
[05/07/2016 16:42:01] /goto Orc Warlord
[05/07/2016 16:42:02] /goto Orc Warlord
[05/07/2016 16:42:06] /goto Orc Warlord
[05/07/2016 16:42:07] /goto Orc Warlord
[05/07/2016 16:42:09] /goto Orc Warlord
[05/07/2016 16:43:30] /t
[05/07/2016 16:43:59] /m Warlord Ruzad
[05/07/2016 16:44:04] /ghost
[05/07/2016 16:44:09] /r
[05/07/2016 16:44:09] /r
[05/07/2016 16:45:12] /reload npc
[05/07/2016 16:46:02] /ghost
[05/07/2016 16:49:37] /reload movements
[05/07/2016 16:50:06] /r
[05/07/2016 16:52:30] /goto Lord of the Elements
[05/07/2016 16:52:40] /goto Zulazza the Corruptor
[05/07/2016 16:52:49] /goto terofar
[05/07/2016 16:53:22] /up
[05/07/2016 16:53:27] /down
[05/07/2016 16:53:34] /t
[05/07/2016 16:54:24] /t
[05/07/2016 18:21:19] /closeserver
[05/07/2016 18:21:35] /i 8882
[05/07/2016 18:24:25] /reload items
[05/07/2016 18:45:17] /t
[05/07/2016 18:51:00] /reload movements
[05/07/2016 18:54:04] /save
[05/07/2016 18:57:33] /a
[05/07/2016 18:58:12] /a
[05/07/2016 18:58:36] /a
[05/07/2016 18:59:27] /ghost
[05/07/2016 19:03:04] /reload global event
[05/07/2016 19:10:32] /reload globalevent
[05/07/2016 19:11:51] /t
[05/07/2016 19:13:29] /reload globalevent
[05/07/2016 19:13:41] /r
[05/07/2016 19:18:34] /m dragon
[05/07/2016 19:19:29] /attr skull 4
[05/07/2016 19:19:34] /attr skull 4
[05/07/2016 19:19:37] /attr skull 0
[05/07/2016 19:19:47] /attr skull 6
[05/07/2016 19:19:55] /attr skull 5
[05/07/2016 19:20:01] /attr skull 0
[05/07/2016 19:20:13] /r
[05/07/2016 19:22:55] /reload globalevent
[05/07/2016 19:25:58] /reload globalevent
[05/07/2016 19:28:19] /m dragon
[05/07/2016 19:28:26] /attr health 9999999
[05/07/2016 19:29:01] /i 7385
[05/07/2016 19:29:23] /r
[05/07/2016 19:29:23] /r
[05/07/2016 19:29:32] /m dragon
[05/07/2016 19:29:40] /attr group 2
[05/07/2016 19:30:03] /r
[05/07/2016 19:30:05] /ghost
[05/07/2016 19:30:27] /t
[05/07/2016 20:30:18] /ghost
[05/07/2016 20:33:37] /r
[05/07/2016 20:33:38] /r
[05/07/2016 20:33:39] /r
[05/07/2016 20:33:40] /r
[05/07/2016 20:33:41] /r
[05/07/2016 20:33:42] /r
[05/07/2016 20:33:43] /r
[05/07/2016 20:33:44] /r
[05/07/2016 20:33:45] /r
[05/07/2016 20:33:46] /r
[05/07/2016 20:37:09] /ghost
[05/07/2016 20:53:06] /i gold nugget
[05/07/2016 20:55:53] /reload actions
[05/07/2016 20:56:54] /reload actions
[05/07/2016 20:57:30] /reload actions
[05/07/2016 21:00:19] /i 2152
[05/07/2016 21:10:25] /reload actions
[05/07/2016 21:51:10] /reload npc
[05/07/2016 21:53:19] /goto ferumbras
[05/07/2016 21:53:44] /t
[05/07/2016 21:53:53] /r
[05/07/2016 21:55:26] /c [Svip] Guto
[05/07/2016 21:56:18] /a
[05/07/2016 21:56:21] /a
[05/07/2016 23:18:33] /ghost
[05/07/2016 23:19:31] /c Sorcerer
[05/07/2016 23:21:06] /ghost
[05/07/2016 23:21:11] /t
[05/07/2016 23:27:21] /b ot ja volta arrumei uns bugs
[05/07/2016 23:27:22] /b ot ja volta arrumei uns bugs
[05/07/2016 23:27:22] /b ot ja volta arrumei uns bugs
[05/07/2016 23:27:23] /b ot ja volta arrumei uns bugs
[05/07/2016 23:27:25] /b ot ja volta arrumei uns bugs
[05/07/2016 23:27:25] /b ot ja volta arrumei uns bugs
[05/07/2016 23:27:29] /save
[05/07/2016 23:30:14] /i 2665
[05/07/2016 23:30:30] /b save
[05/07/2016 23:30:37] /i 2648
[05/07/2016 23:30:59] /ghost
[05/07/2016 23:31:43] /up
[05/07/2016 23:31:43] /up
[05/07/2016 23:31:44] /up
[05/07/2016 23:31:47] /t King
[05/07/2016 23:32:18] /c Kirito
[05/07/2016 23:32:33] /i supreme arco
[05/07/2016 23:32:39] /t Kirito
[05/07/2016 23:33:11] /c Mage The Bruxo
[05/07/2016 23:33:15] /attr group 5
[05/07/2016 23:35:30] /r
[05/07/2016 23:36:06] /ghost
[05/07/2016 23:36:07] /t
[05/07/2016 23:37:45] /owner Bloody Mary
[06/07/2016 09:29:08] /goto Hamamaa
[06/07/2016 09:29:17] /goto The Pharaoh
[06/07/2016 09:29:25] /goto Bloody Mary
[06/07/2016 09:29:37] /goto Lord Reus
[06/07/2016 09:29:46] /goto Aquino
[06/07/2016 09:29:48] /t
[06/07/2016 09:29:50] /ghost
[06/07/2016 09:53:48] /save
[06/07/2016 09:59:39] /ghost
[06/07/2016 10:00:34] /i 8300
[06/07/2016 10:01:05] /i 8303
[06/07/2016 10:01:45] /ghost
[06/07/2016 10:03:24] /m bugzin
[06/07/2016 10:03:29] /r
[06/07/2016 10:03:30] /r
[06/07/2016 10:04:15] /c Amiguin
[06/07/2016 10:05:33] /m xp bug
[06/07/2016 10:05:36] /m xp bug
[06/07/2016 10:07:53] /c Amiguin
[06/07/2016 10:09:39] /c Amiguin
[06/07/2016 10:10:18] /t Amiguin
[06/07/2016 10:10:19] /t
[06/07/2016 10:13:43] /ghost
[06/07/2016 10:14:50] /ghost
[06/07/2016 10:15:20] /up
[06/07/2016 10:15:20] /up
[06/07/2016 10:15:21] /up
[06/07/2016 10:15:24] /c [Svip] Vingador
[06/07/2016 10:15:25] /r
[06/07/2016 10:17:02] /t [Svip] Vingador
[06/07/2016 10:17:03] /t
[06/07/2016 10:17:24] /a 
[06/07/2016 10:19:01] /a 100
[06/07/2016 10:19:02] /a 100
[06/07/2016 10:19:03] /a 100
[06/07/2016 10:19:06] /a
[06/07/2016 10:19:07] /a
[06/07/2016 10:19:58] /t
[06/07/2016 10:20:00] /up
[06/07/2016 10:20:00] /up
[06/07/2016 10:20:01] /up
[06/07/2016 10:20:06] /c Malandramente
[06/07/2016 10:20:29] /i spear
[06/07/2016 10:21:37] /r 100
[06/07/2016 10:22:04] /t Malandramente
[06/07/2016 10:22:16] /ghost
[06/07/2016 10:22:21] /t
[06/07/2016 10:23:27] /a 10
[06/07/2016 10:23:27] /a 10
[06/07/2016 10:23:28] /a 10
[06/07/2016 10:23:29] /a 10
[06/07/2016 10:23:30] /a 10
[06/07/2016 10:23:31] /a 10
[06/07/2016 10:23:32] /a 10
[06/07/2016 10:23:32] /a 10
[06/07/2016 10:23:33] /a 10
[06/07/2016 10:23:33] /a 10
[06/07/2016 10:23:34] /a 10
[06/07/2016 10:23:35] /a 10
[06/07/2016 10:23:35] /a 10
[06/07/2016 10:23:36] /a 10
[06/07/2016 10:28:37] /reload actions
[06/07/2016 10:30:21] /t
[06/07/2016 10:30:55] /i 8473
[06/07/2016 10:31:02] /ghost
[06/07/2016 10:31:59] /ghost
[06/07/2016 10:32:37] /i 7636
[06/07/2016 10:32:55] /i 7635
[06/07/2016 10:33:20] /reload actions
[06/07/2016 10:39:46] /i 7439
[06/07/2016 10:43:17] /reload actions
[06/07/2016 10:43:57] /i 8773
[06/07/2016 10:44:00] /r
[06/07/2016 10:44:07] /i 8473
[06/07/2016 10:44:10] /t
[06/07/2016 10:44:15] /ghost
[06/07/2016 10:45:13] /ghost
[06/07/2016 11:19:27] /r
[06/07/2016 11:19:29] /r
[06/07/2016 11:19:58] /goto Nathasha
[06/07/2016 11:20:05] /t
[06/07/2016 11:20:18] /goto [Svip] Vingador
[06/07/2016 11:20:26] /t
[06/07/2016 11:20:36] /goto Jhon Makabro 
[06/07/2016 11:20:42] /goto Hamamaa
[06/07/2016 11:20:52] /t
[06/07/2016 11:37:56] /r
[06/07/2016 11:37:59] /r
[06/07/2016 11:38:01] /r
[06/07/2016 11:38:03] /r
[06/07/2016 11:38:11] /a
[06/07/2016 11:38:11] /r
[06/07/2016 11:38:18] /r
[06/07/2016 11:38:22] /r
[06/07/2016 11:38:27] /r 100
[06/07/2016 11:38:33] /r 100
[06/07/2016 11:38:36] /r 100
[06/07/2016 11:38:45] /ghost
[06/07/2016 11:38:49] /ghost
[06/07/2016 12:02:08] /ghost
[06/07/2016 12:02:12] /c {CM} ZIK
[06/07/2016 12:04:36] /t {CM} ZIK
[06/07/2016 12:04:47] /ghost
[06/07/2016 12:05:12] /r
[06/07/2016 12:11:24] /ghost
[06/07/2016 12:11:42] /mc
[06/07/2016 12:12:03] /ghost
[06/07/2016 12:12:05] /goto Ekzor
[06/07/2016 12:12:10] /t
[06/07/2016 12:13:08] /ghost
[06/07/2016 12:13:15] /ghost
[06/07/2016 12:13:18] /r
[06/07/2016 12:17:34] /ghost
[06/07/2016 12:17:47] /c {CM} ZIK
[06/07/2016 12:19:01] /r
[06/07/2016 12:19:37] /r
[06/07/2016 12:21:11] /ghost
[06/07/2016 12:22:42] /ghost
[06/07/2016 12:23:09] /ghost
[06/07/2016 12:23:10] /t
[06/07/2016 12:23:26] /up
[06/07/2016 12:23:26] /up
[06/07/2016 12:23:27] /up
[06/07/2016 12:23:29] /ghost
[06/07/2016 12:23:30] /c {CM} ZIK
[06/07/2016 12:29:44] /ghost
[06/07/2016 12:29:48] /t {CM} ZIK
[06/07/2016 12:29:48] /t
[06/07/2016 12:30:07] /a
[06/07/2016 12:30:21] /t
[06/07/2016 12:30:33] /i 126617
[06/07/2016 12:30:37] /i 12617
[06/07/2016 12:30:42] /i 2337
[06/07/2016 12:30:50] /i 2537
[06/07/2016 12:31:02] /i 11350
[06/07/2016 12:31:08] /i 11298
[06/07/2016 12:31:13] /i 2644
[06/07/2016 12:31:19] /i 10569
[06/07/2016 12:31:24] /i 12392
[06/07/2016 12:31:32] /i 11349
[06/07/2016 12:31:37] /i 2644
[06/07/2016 12:31:44] /i 8983
[06/07/2016 12:31:56] /i 11113
[06/07/2016 12:31:57] /i 11113
[06/07/2016 12:31:58] /i 11113
[06/07/2016 12:32:07] /i 8976
[06/07/2016 12:32:08] /i 8976
[06/07/2016 12:32:19] /i 10309
[06/07/2016 12:32:21] /i 10309
[06/07/2016 12:32:25] /i 7440
[06/07/2016 12:32:26] /i 7440
[06/07/2016 12:32:38] /a
[06/07/2016 12:34:15] /i 2157
[06/07/2016 12:34:31] /i 2157
[06/07/2016 12:34:31] /i 2157
[06/07/2016 12:34:56] /i 2157
[06/07/2016 12:34:56] /i 2157
[06/07/2016 12:35:26] /i 8882
[06/07/2016 12:35:46] /i 2665
[06/07/2016 12:35:58] /ghost
[06/07/2016 12:36:16] /ghost
[06/07/2016 12:36:19] /t
[06/07/2016 12:39:42] /t
[06/07/2016 12:46:00] /goto {CM} ZIK
[06/07/2016 12:47:01] /a
[06/07/2016 12:49:41] /t
[06/07/2016 12:53:29] /reload xml
[06/07/2016 12:53:40] /reload groups
[06/07/2016 12:56:55] /t
[06/07/2016 12:57:04] /ghost
[06/07/2016 12:57:16] /attr
[06/07/2016 12:57:21] /ghost
[06/07/2016 13:14:50] /reload groups
[06/07/2016 13:16:46] /ghost
[06/07/2016 13:18:54] /kick {CM} ZIK
[06/07/2016 13:19:34] /ghost
[06/07/2016 13:20:32] /reload actions
[06/07/2016 13:20:38] /ghost
[06/07/2016 13:20:40] /goto Soon Of Scrash
[06/07/2016 13:21:33] /ghost
[06/07/2016 13:21:43] /ghost
[06/07/2016 13:21:50] /ghost
[06/07/2016 13:22:30] /ghost
[06/07/2016 13:22:43] /ghost
[06/07/2016 13:23:43] /ghost
[06/07/2016 13:23:46] /attr name
[06/07/2016 13:23:52] /attr name Choraro
[06/07/2016 13:24:04] /ghost
[06/07/2016 13:26:41] /ghost
[06/07/2016 13:27:05] /ghost
[06/07/2016 13:40:25] /a
[06/07/2016 13:40:34] /t
[06/07/2016 13:42:02] /save
