[28/07/2016 18:01:03] /ghost
[28/07/2016 18:02:02] /clean
[28/07/2016 18:03:15] /i 2352
[28/07/2016 18:03:37] /i 7708
[28/07/2016 18:03:43] /t
[28/07/2016 18:11:08] /i 2157
[28/07/2016 18:40:34] /clean
[28/07/2016 18:53:22] /t
[28/07/2016 18:56:31] /clean
[28/07/2016 19:21:08] /ghost
[28/07/2016 19:25:01] /clean
[28/07/2016 19:25:17] /c ADM Shayt 
[28/07/2016 19:28:46] /t
[28/07/2016 19:28:52] /clean
[28/07/2016 19:50:28] /ghost
[28/07/2016 20:02:07] /clean
[28/07/2016 20:16:03] /clean
[28/07/2016 20:16:40] /ghost
[28/07/2016 20:16:43] /t
[28/07/2016 20:20:54] /b gente jaja fasso evento para vcs
[28/07/2016 20:21:16] /b gente jaja fasso evento para vcs
[28/07/2016 20:21:51] /b gente jaja fasso evento bp  para vcs
[28/07/2016 20:22:50] /clean
[28/07/2016 20:23:04] /b gente jaja fasso evento bp  para vcs
[28/07/2016 20:24:15] /b gente jaja fasso evento bp  para vcs
[28/07/2016 20:24:46] /b gente jaja fasso evento bp  para vcs
[28/07/2016 20:24:53] /ghost
[28/07/2016 20:25:30] /clean
[28/07/2016 20:25:32] /a 4
[28/07/2016 20:25:34] /a 4
[28/07/2016 20:25:35] /a 4
[28/07/2016 20:25:38] /a 4
[28/07/2016 20:26:18] /i supreme staff
[28/07/2016 20:26:39] /i supreme sword
[28/07/2016 20:27:02] /i supreme axe
[28/07/2016 20:28:02] /t
[28/07/2016 20:28:21] /i 8976
[28/07/2016 20:28:40] /a 5
[28/07/2016 20:28:41] /a 5
[28/07/2016 20:28:50] /i 8976
[28/07/2016 20:28:51] /i 8976
[28/07/2016 20:28:51] /i 8976
[28/07/2016 20:29:14] /i donate staff
[28/07/2016 20:29:33] /i donate sword
[28/07/2016 20:29:45] /i donate axe
[28/07/2016 20:30:03] /i donate armor
[28/07/2016 20:30:22] /a
[28/07/2016 20:30:28] /i dice
[28/07/2016 20:30:43] /ghost
[28/07/2016 20:30:50] /a
[28/07/2016 20:30:53] /clean
[28/07/2016 20:31:44] /b gente evento bp quem quiser e so vim
[28/07/2016 20:31:48] /b gente evento bp quem quiser e so vim
[28/07/2016 20:31:49] /b gente evento bp quem quiser e so vim
[28/07/2016 20:31:49] /b gente evento bp quem quiser e so vim
[28/07/2016 20:32:10] /b gente evento bp quem quiser e so vim
[28/07/2016 20:33:01] /b gente venha evento bp
[28/07/2016 20:33:03] /b gente venha evento bp
[28/07/2016 20:33:07] /b gente venha evento bp
[28/07/2016 20:33:42] /t
[28/07/2016 20:34:06] /a 6
[28/07/2016 20:34:07] /a 6
[28/07/2016 20:35:41] /t Hollister
[28/07/2016 20:49:22] /i dice
[28/07/2016 20:51:18] /t Heart Of Ice
[28/07/2016 21:00:46] /i dice
[28/07/2016 21:05:46] /t Fandagos
[28/07/2016 21:13:32] /b so tem 4 bp gente
[28/07/2016 21:16:57] /b acabo o evento gente
[28/07/2016 21:16:58] /b acabo o evento gente
[28/07/2016 21:16:59] /b acabo o evento gente
[28/07/2016 21:17:11] /b 22horas fasso mais um
[28/07/2016 21:17:13] /b 22horas fasso mais um
[28/07/2016 21:17:13] /b 22horas fasso mais um
[28/07/2016 21:17:16] /b 22horas fasso mais um
[28/07/2016 21:17:28] /clean
[28/07/2016 21:17:49] /b 22horas fasso outro gente
[28/07/2016 21:17:49] /b 22horas fasso outro gente
[28/07/2016 21:17:50] /b 22horas fasso outro gente
[28/07/2016 21:17:50] /b 22horas fasso outro gente
[28/07/2016 21:18:14] /b vo sair gente 22horas volto para fazer evento de voces
[28/07/2016 21:18:27] /b vo sair gente 22horas volto para fazer evento de voces
[28/07/2016 21:18:28] /b vo sair gente 22horas volto para fazer evento de voces
[28/07/2016 21:18:55] /b vo sair gente 22horas volto para fazer evento de voces bjs ate mais tarde fui
[29/07/2016 00:26:15] /ghost
[29/07/2016 00:26:18] /clean
[29/07/2016 00:26:51] /clean
[29/07/2016 00:27:03] /ghost
[29/07/2016 00:27:04] /t
[29/07/2016 00:27:28] /a 2
[29/07/2016 00:27:40] /ghost
[29/07/2016 00:27:42] /a 5
[29/07/2016 00:27:43] /a 5
[29/07/2016 00:27:44] /a 5
[29/07/2016 00:27:44] /a 5
[29/07/2016 00:27:45] /a 5
[29/07/2016 00:27:45] /a 5
[29/07/2016 00:27:48] /a 5
[29/07/2016 00:27:53] /a 5
[29/07/2016 00:27:57] /ghost
[29/07/2016 00:28:24] /a
[29/07/2016 00:28:36] /clean
[29/07/2016 00:29:06] /goto cheetos
[29/07/2016 00:32:45] /a
[29/07/2016 00:35:13] /clean
[29/07/2016 00:35:35] /t
[29/07/2016 00:36:42] /b gente vip suprema tem npc loot em dobro viu
[29/07/2016 00:36:42] /b gente vip suprema tem npc loot em dobro viu
[29/07/2016 00:36:51] /b gente vip suprema tem npc loot em dobro viu
[29/07/2016 00:37:51] /c Grazy Miil
[29/07/2016 00:38:04] /c Grazy Miil
[29/07/2016 00:38:59] /t
[29/07/2016 00:39:03] /clean
[29/07/2016 00:39:10] /a 2
[29/07/2016 00:39:44] /b gente area suprema tem npc loot em dobro e facil fazer loot 
[29/07/2016 00:39:49] /ghost
[29/07/2016 00:39:56] /goto cheetos
[29/07/2016 00:40:53] /c Gladiador
[29/07/2016 00:41:21] /clean
[29/07/2016 00:41:57] /c Louco De Refri
[29/07/2016 00:44:32] /clean
[29/07/2016 00:46:16] /t
[29/07/2016 00:46:23] /ghost
[29/07/2016 00:53:00] /clean
[29/07/2016 00:54:58] /goto gladiador
[29/07/2016 00:55:22] /c Cheetos
[29/07/2016 00:55:35] /c loco de refri
[29/07/2016 00:55:49] /c Louco De Refri
[29/07/2016 01:00:06] /a
[29/07/2016 01:00:07] /a
[29/07/2016 01:00:49] /ghost
[29/07/2016 01:01:10] /goto gladiador
[29/07/2016 01:01:29] /a 2
[29/07/2016 01:01:54] /a
[29/07/2016 01:03:15] /a 6
[29/07/2016 01:04:08] /a
[29/07/2016 01:04:12] /a
[29/07/2016 01:04:14] /a
[29/07/2016 01:04:16] /a
[29/07/2016 01:04:54] /a
[29/07/2016 01:05:31] /goto Gladiador
[29/07/2016 01:05:44] /r
[29/07/2016 01:05:45] /r
[29/07/2016 01:07:47] /a 3
[29/07/2016 01:07:49] /a 3
[29/07/2016 01:07:51] /a 3
[29/07/2016 01:08:20] /a 3
[29/07/2016 01:09:42] /a 5
[29/07/2016 01:09:43] /a 5
[29/07/2016 01:10:04] /a 5
[29/07/2016 01:10:05] /a 5
[29/07/2016 01:10:16] /c gladiador
[29/07/2016 01:10:35] /a 6
[29/07/2016 01:10:36] /a 6
[29/07/2016 01:10:43] /a 6
[29/07/2016 01:11:33] /a
[29/07/2016 01:11:36] /a
[29/07/2016 01:11:38] /a
[29/07/2016 01:12:55] /clean
[29/07/2016 01:14:54] /c gladiador
[29/07/2016 01:15:00] /clean
[29/07/2016 01:37:45] /clean
[29/07/2016 01:54:06] /goto Gladiador
[29/07/2016 01:54:12] /goto Gladiador
[29/07/2016 01:54:15] /goto Gladiador
[29/07/2016 01:55:28] /t
[29/07/2016 02:01:57] /a
[29/07/2016 02:11:34] /clean
[29/07/2016 02:13:26] /a 2
[29/07/2016 02:17:57] /goto kratos
[29/07/2016 02:21:07] /up
[29/07/2016 02:21:10] /up
[29/07/2016 02:21:11] /up
[29/07/2016 02:21:41] /up
[29/07/2016 02:21:42] /up
[29/07/2016 02:21:42] /up
[29/07/2016 02:22:03] /c ADM Shayt
[29/07/2016 02:22:26] /a
[29/07/2016 02:22:59] /a
[29/07/2016 02:23:02] /a
[29/07/2016 02:23:27] /a 2
[29/07/2016 02:23:40] /a 2
[29/07/2016 02:25:17] /i 11394
[29/07/2016 02:26:37] /a
[29/07/2016 02:26:38] /a
[29/07/2016 02:26:39] /a
[29/07/2016 02:26:40] /a
[29/07/2016 02:26:42] /a
[29/07/2016 02:26:42] /a
[29/07/2016 02:26:43] /a
[29/07/2016 02:26:44] /a
[29/07/2016 02:26:45] /a
[29/07/2016 02:26:45] /a
[29/07/2016 02:26:49] /up
[29/07/2016 02:26:54] /t
[29/07/2016 02:27:03] /clean
[29/07/2016 12:44:08] /clean
[29/07/2016 12:46:52] /clean
[29/07/2016 12:50:20] /goto Princeszinha 
[29/07/2016 12:51:02] /t
[29/07/2016 12:51:16] /clean
[29/07/2016 12:52:05] /c ADM Orion
[29/07/2016 12:53:31] /t
[29/07/2016 12:53:45] /clean
[29/07/2016 12:57:06] /i 8858
[29/07/2016 13:29:54] /clean
[29/07/2016 13:32:08] /clean
[29/07/2016 16:55:11] /clean
[29/07/2016 17:01:19] /clean
[29/07/2016 17:09:33] /clean
[29/07/2016 17:33:26] /clean
[29/07/2016 17:38:47] /up
[29/07/2016 17:38:49] /up
[29/07/2016 17:38:57] /up
[29/07/2016 17:39:10] /c ADM Joga Sem Dedo
[29/07/2016 17:41:00] /clean
[29/07/2016 17:41:09] /t
[29/07/2016 19:06:20] /clean
[29/07/2016 19:13:19] /clean
[29/07/2016 19:19:56] /clean
[29/07/2016 19:26:45] /clean
[29/07/2016 19:28:05] /goto magezinhoow
[29/07/2016 19:28:09] /goto magezinhoow
[29/07/2016 19:28:13] /goto magezinhoow
[29/07/2016 19:29:51] /i 2424
[29/07/2016 19:30:36] /i premium 30 dias
[29/07/2016 19:31:28] /clean
[29/07/2016 19:40:12] /clean
[29/07/2016 19:48:38] /clean
[29/07/2016 19:59:42] /clean
[29/07/2016 20:05:52] /goto [Svip] Assassin Owns
[29/07/2016 20:11:47] /clean
[29/07/2016 20:20:14] /clean
[29/07/2016 20:25:40] /clean
[29/07/2016 20:30:03] /goto Fabin Pica Dura 
[29/07/2016 20:30:07] /t
[29/07/2016 21:28:14] /clean
[29/07/2016 21:28:21] /r
[29/07/2016 21:30:05] /clean
[29/07/2016 21:30:30] /goto Eldedulce
[29/07/2016 21:30:47] /goto Eldedulce
[29/07/2016 21:30:56] /goto Eldedulce
[29/07/2016 21:31:30] /t
[29/07/2016 21:31:46] /c Eldedulce
[29/07/2016 21:32:02] /t
[29/07/2016 21:32:14] /a
[29/07/2016 21:32:19] /clean
[29/07/2016 21:37:50] /clean
[30/07/2016 00:18:37] /clean
[30/07/2016 00:20:23] /clean
[30/07/2016 00:22:27] /i supreme armor
[30/07/2016 00:22:31] /i supreme legs
[30/07/2016 00:22:33] /i supreme shield
[30/07/2016 00:22:35] /i supreme shield
[30/07/2016 00:22:40] /i supreme helmet
[30/07/2016 00:22:50] /i supreme boots
[30/07/2016 00:24:41] /clean
[30/07/2016 00:25:33] /goto Oblivium
[30/07/2016 00:25:43] /t
[30/07/2016 00:26:00] /i 11394
[30/07/2016 00:26:19] /c pallyzinha
[30/07/2016 01:07:48] /clean
[30/07/2016 01:08:13] /i 6391
[30/07/2016 01:08:14] /i 6391
[30/07/2016 02:13:47] /clean
[30/07/2016 02:15:39] /a
[30/07/2016 02:15:44] /r
[30/07/2016 02:15:45] /r
[30/07/2016 02:15:46] /r
[30/07/2016 02:15:48] /r
[30/07/2016 02:15:49] /r
[30/07/2016 02:15:50] /r
[30/07/2016 02:15:51] /r
[30/07/2016 02:15:52] /r
[30/07/2016 02:15:53] /r
[30/07/2016 02:15:54] /r
[30/07/2016 02:15:55] /r
[30/07/2016 02:15:57] /r
[30/07/2016 02:16:26] /i 11238
[30/07/2016 02:16:28] /i 11238
[30/07/2016 02:16:28] /i 11238
[30/07/2016 02:16:43] /t
[30/07/2016 03:07:49] /clean
[30/07/2016 18:37:27] /clean
[30/07/2016 18:39:23] /goto Magezinhoow
[30/07/2016 18:40:14] /ghost
[30/07/2016 18:44:06] /clean
[30/07/2016 18:45:18] /a
[30/07/2016 18:45:19] /a
[30/07/2016 18:45:55] /ghost
[30/07/2016 18:46:28] /a
[30/07/2016 18:46:29] /a
[30/07/2016 18:46:30] /a
[30/07/2016 18:48:49] /a
[30/07/2016 18:48:51] /a
[30/07/2016 18:49:28] /clean
[30/07/2016 18:51:41] /a
[30/07/2016 18:59:29] /t
[30/07/2016 19:01:32] /a 3
[30/07/2016 19:01:57] /i 6105
[30/07/2016 19:02:50] /ghost
[30/07/2016 19:12:39] /c Weverton sz
[30/07/2016 19:23:14] /ghost
[30/07/2016 19:23:16] /t
[30/07/2016 19:25:10] /up
[30/07/2016 19:25:12] /up
[30/07/2016 19:25:13] /up
[30/07/2016 19:26:40] /t
[30/07/2016 19:30:11] /clean
[30/07/2016 23:42:21] /clean
[30/07/2016 23:42:33] /ghost
[30/07/2016 23:42:35] /t
[30/07/2016 23:43:49] /b calma fala um de cada vez
[30/07/2016 23:43:49] /b calma fala um de cada vez
[30/07/2016 23:45:20] /clean
[30/07/2016 23:46:28] /i 2424
[30/07/2016 23:46:57] /r
[30/07/2016 23:48:16] /clean
[30/07/2016 23:50:12] /b n tem como eu responde todos kkkkkkkkk
[30/07/2016 23:50:49] /goto Criminal
[30/07/2016 23:52:03] /t
[30/07/2016 23:53:30] /b gente vo arruma o evento para vcs para de enxer
[30/07/2016 23:53:30] /b gente vo arruma o evento para vcs para de enxer
[30/07/2016 23:53:31] /b gente vo arruma o evento para vcs para de enxer
[30/07/2016 23:55:34] /clean
[30/07/2016 23:56:18] /t
[30/07/2016 23:56:22] /ghost
[30/07/2016 23:56:43] /a 2
[30/07/2016 23:57:34] /t Old Shadown
[30/07/2016 23:57:36] /a
[30/07/2016 23:57:44] /i 710
[30/07/2016 23:57:49] /a
[30/07/2016 23:57:51] /a
[30/07/2016 23:57:57] /i 406
[30/07/2016 23:58:14] /t
[30/07/2016 23:59:02] /i 3710
[30/07/2016 23:59:07] /a
[30/07/2016 23:59:27] /clean
[31/07/2016 00:00:10] /b gente vo fazer evento mais sem ultimate itens
[31/07/2016 00:00:11] /b gente vo fazer evento mais sem ultimate itens
[31/07/2016 00:00:11] /b gente vo fazer evento mais sem ultimate itens
[31/07/2016 00:00:12] /b gente vo fazer evento mais sem ultimate itens
[31/07/2016 00:00:12] /b gente vo fazer evento mais sem ultimate itens
[31/07/2016 00:00:39] /clean
[31/07/2016 00:01:03] /t
[31/07/2016 00:01:27] /i supreme robe
[31/07/2016 00:01:38] /i supreme short
[31/07/2016 00:01:44] /i supreme hat
[31/07/2016 00:01:51] /i supreme livro
[31/07/2016 00:02:23] /a 4
[31/07/2016 00:02:24] /a 4
[31/07/2016 00:02:24] /a 4
[31/07/2016 00:02:51] /ghost
[31/07/2016 00:02:57] /a
[31/07/2016 00:02:58] /a
[31/07/2016 00:03:05] /a
[31/07/2016 00:03:06] /r
[31/07/2016 00:03:24] /a
[31/07/2016 00:03:38] /i dice
[31/07/2016 00:04:29] /t
[31/07/2016 00:04:40] /i supreme vip
[31/07/2016 00:04:45] /a
[31/07/2016 00:04:45] /a
[31/07/2016 00:04:46] /a
[31/07/2016 00:04:47] /a
[31/07/2016 00:04:51] /a 5
[31/07/2016 00:04:52] /a 5
[31/07/2016 00:05:03] /b gente venha evento bp 
[31/07/2016 00:05:03] /b gente venha evento bp 
[31/07/2016 00:05:04] /b gente venha evento bp 
[31/07/2016 00:05:04] /b gente venha evento bp 
[31/07/2016 00:05:05] /b gente venha evento bp 
[31/07/2016 00:05:05] /b gente venha evento bp 
[31/07/2016 00:05:07] /b gente venha evento bp 
[31/07/2016 00:05:09] /b gente venha evento bp 
[31/07/2016 00:05:11] /b gente venha evento bp 
[31/07/2016 00:05:13] /a
[31/07/2016 00:05:15] /b gente venha evento bp 
[31/07/2016 00:05:16] /b gente venha evento bp 
[31/07/2016 00:05:17] /b gente venha evento bp 
[31/07/2016 00:05:17] /b gente venha evento bp 
[31/07/2016 00:05:26] /b gente venha evento bp 
[31/07/2016 00:05:27] /b gente venha evento bp 
[31/07/2016 00:05:28] /b gente venha evento bp 
[31/07/2016 00:05:29] /b gente venha evento bp 
[31/07/2016 00:05:29] /b gente venha evento bp 
[31/07/2016 00:05:30] /b gente venha evento bp 
[31/07/2016 00:05:33] /b gente venha evento bp 
[31/07/2016 00:05:40] /t
[31/07/2016 00:06:25] /a 5
[31/07/2016 00:06:25] /a 5
[31/07/2016 00:06:26] /a 5
[31/07/2016 00:06:26] /a 5
[31/07/2016 00:06:27] /a 5
[31/07/2016 00:07:14] /i supreme staff
[31/07/2016 00:07:37] /b gente menos ultimate e itens Magnata
[31/07/2016 00:07:38] /b gente menos ultimate e itens Magnata
[31/07/2016 00:07:39] /b gente menos ultimate e itens Magnata
[31/07/2016 00:07:39] /b gente menos ultimate e itens Magnata
[31/07/2016 00:07:39] /b gente menos ultimate e itens Magnata
[31/07/2016 00:07:40] /b gente menos ultimate e itens Magnata
[31/07/2016 00:07:40] /b gente menos ultimate e itens Magnata
[31/07/2016 00:07:40] /b gente menos ultimate e itens Magnata
[31/07/2016 00:08:50] /t Zaack
[31/07/2016 00:10:34] /i supreme staff
[31/07/2016 00:10:59] /i ultimate staff
[31/07/2016 00:12:12] /i supreme armor
[31/07/2016 00:13:58] /i supreme staff
[31/07/2016 00:14:31] /i supreme boots
[31/07/2016 00:15:13] /i supreme shield
[31/07/2016 00:15:31] /i supreme livro
[31/07/2016 00:16:27] /goto Criminal
[31/07/2016 00:16:56] /goto woonder
[31/07/2016 00:17:01] /goto wonder
[31/07/2016 00:17:46] /i 2157
[31/07/2016 00:19:52] /t Pallyzinhaaw
[31/07/2016 00:21:22] /i supreme robe
[31/07/2016 00:23:22] /t
[31/07/2016 00:23:37] /i 8981
[31/07/2016 00:23:58] /a 5
[31/07/2016 00:23:59] /a 5
[31/07/2016 00:24:06] /i dice
[31/07/2016 00:24:22] /i 8981
[31/07/2016 00:25:02] /i 8981
[31/07/2016 00:25:34] /i supreme bow
[31/07/2016 00:25:41] /i supreme arco
[31/07/2016 00:27:23] /i suprema staff
[31/07/2016 00:27:30] /i supreme staff
[31/07/2016 00:28:24] /i supreme boots
[31/07/2016 00:28:46] /clean
[31/07/2016 00:28:55] /t Royal Bloo
[31/07/2016 00:29:20] /b 00:30 acabo o evento
[31/07/2016 00:29:20] /b 00:30 acabo o evento
[31/07/2016 00:29:21] /b 00:30 acabo o evento
[31/07/2016 00:29:58] /i supreme boots
[31/07/2016 00:30:24] /i supreme ring
[31/07/2016 00:30:36] /i mage ring
[31/07/2016 00:31:14] /i supreme robe
[31/07/2016 00:31:26] /i supreme armor
[31/07/2016 00:33:23] /t Zaack
[31/07/2016 00:35:00] /a 5
[31/07/2016 00:35:10] /i 3710
[31/07/2016 00:35:12] /a 5
[31/07/2016 00:35:26] /i dice
[31/07/2016 00:36:51] /i vip supreme
[31/07/2016 00:37:00] /i supreme vip
[31/07/2016 00:39:14] /t Rhianzinhow
[31/07/2016 00:43:40] /b gente ja venho 
[31/07/2016 00:43:41] /b gente ja venho 
[31/07/2016 00:43:41] /b gente ja venho 
[31/07/2016 01:34:17] /clean
[31/07/2016 01:35:23] /goto Criminal
[31/07/2016 01:35:28] /a 8
[31/07/2016 01:35:29] /a 8
[31/07/2016 01:35:29] /a 8
[31/07/2016 01:35:30] /a 8
[31/07/2016 01:35:30] /a 8
[31/07/2016 01:35:31] /a 8
[31/07/2016 01:35:31] /a 8
[31/07/2016 01:35:32] /a 8
[31/07/2016 01:35:33] /a 8
[31/07/2016 01:35:33] /a 8
[31/07/2016 01:35:35] /a 8
[31/07/2016 01:35:35] /a 8
[31/07/2016 01:35:36] /a 8
[31/07/2016 01:35:37] /a 8
[31/07/2016 01:35:38] /a 8
[31/07/2016 01:35:39] /a 8
[31/07/2016 01:35:40] /a 8
[31/07/2016 01:35:41] /a 8
[31/07/2016 01:35:41] /a 8
[31/07/2016 01:35:42] /a 8
[31/07/2016 01:35:42] /a 8
[31/07/2016 01:35:43] /a 8
[31/07/2016 01:35:43] /a 8
[31/07/2016 01:35:44] /a 8
[31/07/2016 01:35:45] /a 8
[31/07/2016 01:35:45] /a 8
[31/07/2016 01:35:46] /a 8
[31/07/2016 01:35:47] /a 8
[31/07/2016 01:35:48] /a 8
[31/07/2016 01:35:48] /a 8
[31/07/2016 01:35:48] /a 8
[31/07/2016 01:35:49] /a 8
[31/07/2016 01:35:49] /a 8
[31/07/2016 01:35:51] /a 8
[31/07/2016 01:35:52] /a 8
[31/07/2016 01:35:58] /c Criminal
[31/07/2016 01:36:21] /clean
[31/07/2016 01:36:53] /t
[31/07/2016 01:39:12] /goto Yuri Di mage
[31/07/2016 01:39:21] /t
[31/07/2016 01:39:52] /i supreme arco
[31/07/2016 01:40:09] /i ultimate arrow
[31/07/2016 01:40:45] /clean
[31/07/2016 01:44:57] /a 2
[31/07/2016 01:45:18] /goto Brisadouw
[31/07/2016 01:45:25] /t
[31/07/2016 01:48:13] /ghost
[31/07/2016 02:00:48] /clean
[31/07/2016 02:00:54] /r
[31/07/2016 02:19:50] /clean
[31/07/2016 02:30:43] /a 6
[31/07/2016 02:30:46] /a 6
[31/07/2016 02:30:47] /a 6
[31/07/2016 02:30:48] /a 6
[31/07/2016 02:30:49] /a 6
[31/07/2016 02:31:16] /owner magezinhow
[31/07/2016 02:31:22] /owner magezinha
[31/07/2016 02:31:38] /owner magezinhoow
[31/07/2016 02:31:55] /owner weverton sz
[31/07/2016 02:32:17] /t
[31/07/2016 03:50:10] /clean
[31/07/2016 04:02:30] /goto wonder
[31/07/2016 04:04:13] /goto Russian Player 
[31/07/2016 04:04:57] /goto Russian Player 
[31/07/2016 04:22:16] /mc
[31/07/2016 11:50:28] /clean
[31/07/2016 11:53:02] /goto ADM Shayt
[31/07/2016 19:51:32] /clean
[01/08/2016 01:03:36] /clean
[01/08/2016 01:05:15] /t
[01/08/2016 12:55:26] /clean
[01/08/2016 19:50:48] /clean
[02/08/2016 12:31:04] /clean
[02/08/2016 12:33:32] /clean
[02/08/2016 16:30:33] /clean
[03/08/2016 15:12:17] /clean
[03/08/2016 17:35:04] /clean
[03/08/2016 20:21:53] /clean
[03/08/2016 20:24:04] /i critical
[03/08/2016 20:24:19] /i critical skill
[03/08/2016 20:24:23] /i critical skill
[03/08/2016 20:32:51] /i Refinamento Excelente
[03/08/2016 20:32:58] /i Refinamento Excelente
[03/08/2016 20:32:59] /i Refinamento Excelente
[03/08/2016 20:32:59] /i Refinamento Excelente
[03/08/2016 20:32:59] /i Refinamento Excelente
[03/08/2016 20:33:00] /i Refinamento Excelente
[03/08/2016 20:33:00] /i Refinamento Excelente
[03/08/2016 20:38:01] /goto Loth
[03/08/2016 20:38:29] /a
[03/08/2016 20:38:31] /a
[03/08/2016 20:38:33] /r
[03/08/2016 20:38:35] /a
[03/08/2016 20:39:05] /t
[03/08/2016 20:51:51] /clean
[03/08/2016 20:53:22] /clean
[03/08/2016 20:54:00] /ghost
[03/08/2016 20:54:01] /ghost
[03/08/2016 20:58:48] /clean
[03/08/2016 21:01:22] /ghost
[03/08/2016 21:04:10] /clean
[03/08/2016 21:05:59] /i 8858
[03/08/2016 21:10:44] /clean
[03/08/2016 21:18:44] /clean
[03/08/2016 21:22:08] /clean
[03/08/2016 21:22:26] /ghost
[04/08/2016 00:35:17] /clean
[04/08/2016 00:35:38] /ghost
[04/08/2016 00:36:52] /owner pallyzinha
[04/08/2016 00:37:40] /a 2
[04/08/2016 00:38:00] /a 50
[04/08/2016 00:38:05] /a 50
[04/08/2016 00:38:06] /a 50
[04/08/2016 00:38:09] /a 50
[04/08/2016 00:38:11] /a 50
[04/08/2016 00:38:15] /a 50
[04/08/2016 00:38:16] /a 50
[04/08/2016 00:38:19] /a 50
[04/08/2016 00:38:21] /t
[04/08/2016 00:39:27] /c Droguinha
[04/08/2016 00:39:56] /c Droguinha
[04/08/2016 00:40:20] /t
[04/08/2016 00:40:38] /a 2
[04/08/2016 00:40:44] /c Droguinha
[04/08/2016 00:41:46] /i donate staff
[04/08/2016 00:43:42] /b gente itens ultimate fica na quest dentro da vip suprema viu
[04/08/2016 00:43:53] /b gente itens ultimate fica na quest dentro da vip suprema viu
[04/08/2016 00:43:59] /i vip donate
[04/08/2016 00:44:11] /i donate staff
[04/08/2016 00:44:38] /b gente itens ultimate fica na quest dentro da vip suprema viu
[04/08/2016 00:46:05] /newtype 332
[04/08/2016 00:46:07] /newtype 331
[04/08/2016 00:46:10] /newtype 330
[04/08/2016 00:46:13] /newtype 334
[04/08/2016 00:46:16] /newtype 331
[04/08/2016 01:31:41] /clean
[04/08/2016 01:33:56] /ghost
[04/08/2016 01:35:42] /b para ter itens ultimate basta fazer a quest que é localizada na area ultimate e para ter assesso na vip ultimate basta fazer quest suprema ...
[04/08/2016 01:37:50] /b para ter itens ultimate basta fazer a quest que é localizada na area ultimate e para ter assesso na vip ultimate basta fazer quest suprema ...
[04/08/2016 01:37:53] /b para ter itens ultimate basta fazer a quest que é localizada na area ultimate e para ter assesso na vip ultimate basta fazer quest suprema ...
[04/08/2016 12:33:50] /clean
[04/08/2016 12:35:57] /ghost
[04/08/2016 13:06:11] /clean
[04/08/2016 13:13:34] /clean
[04/08/2016 13:22:37] /a 6
[04/08/2016 13:22:39] /a 6
[04/08/2016 13:23:04] /i donate axe
[04/08/2016 13:23:38] /i donate sword
[04/08/2016 13:23:51] /i donate staff
[04/08/2016 13:25:17] /i exp 7x
[04/08/2016 13:26:02] /i 2157
[04/08/2016 13:26:27] /i donate armor
[04/08/2016 13:26:54] /i baiakzik staff
[04/08/2016 13:27:01] /i baiakzik sword
[04/08/2016 13:29:12] /i suprema vip
[04/08/2016 13:29:35] /i donate shorts
[04/08/2016 13:29:36] /i donate shorts
[04/08/2016 13:29:50] /i exp 7x
[04/08/2016 13:29:58] /i exp 7x
[04/08/2016 13:29:58] /i exp 7x
[04/08/2016 13:30:17] /i donate caps
[04/08/2016 13:30:19] /i donate cap
[04/08/2016 13:30:23] /i donate hat
[04/08/2016 13:30:24] /i donate hat
[04/08/2016 13:30:33] /i 2157
[04/08/2016 13:30:42] /i doate legs
[04/08/2016 13:30:47] /i donate legs
[04/08/2016 13:30:50] /i donate armor
[04/08/2016 13:31:02] /i 2157
[04/08/2016 13:31:07] /i 2157
[04/08/2016 13:31:36] /a 5
[04/08/2016 13:31:36] /a 5
[04/08/2016 13:31:48] /i 8976
[04/08/2016 13:31:49] /i 8976
[04/08/2016 13:32:38] /i 8976
[04/08/2016 13:32:38] /i 8976
[04/08/2016 13:32:39] /i 8976
[04/08/2016 13:32:39] /i 8976
[04/08/2016 13:33:13] /t
[04/08/2016 13:44:02] /clean
[04/08/2016 14:08:02] /clean
[04/08/2016 16:47:00] /clean
[04/08/2016 18:15:01] /clean
[04/08/2016 19:16:36] /clean
[04/08/2016 20:40:08] /clean
[04/08/2016 20:41:28] /ghost
[04/08/2016 20:42:26] /ghost
[04/08/2016 20:46:20] /a 5
[04/08/2016 20:46:22] /a 5
[04/08/2016 20:51:27] /a
[04/08/2016 20:53:02] /clean
[05/08/2016 15:38:36] /clean
[05/08/2016 19:18:36] /clean
[06/08/2016 15:19:14] /clean
[06/08/2016 19:55:56] /clean
[06/08/2016 19:56:51] /goto adm fusino
[06/08/2016 22:48:54] /clean
[06/08/2016 23:55:58] /clean
[06/08/2016 23:56:02] /t
[06/08/2016 23:59:19] /c Itajai Team
[06/08/2016 23:59:30] /c Bot Kill
[06/08/2016 23:59:40] /t Bot Kill
[06/08/2016 23:59:45] /c Itajai Team
[06/08/2016 23:59:55] /t Itajai Team
[07/08/2016 00:00:07] /c Paulinaa 
[07/08/2016 00:00:21] /t Paulinaa 
[07/08/2016 00:02:45] /i 8976
[07/08/2016 00:02:47] /t
[07/08/2016 00:03:01] /c Gold Label
[07/08/2016 00:05:52] /a 2
[07/08/2016 00:07:00] /clean
[07/08/2016 00:08:11] /ghost
[07/08/2016 00:08:19] /clean
[07/08/2016 00:10:46] /b vamos la evento bp gente brinca um poco kkkkk
[07/08/2016 00:10:47] /b vamos la evento bp gente brinca um poco kkkkk
[07/08/2016 00:10:49] /b vamos la evento bp gente brinca um poco kkkkk
[07/08/2016 00:10:54] /b vamos la evento bp gente brinca um poco kkkkk
[07/08/2016 00:11:29] /b gente vao entrando no evento bp jaja vo ai fazer
[07/08/2016 00:11:31] /b gente vao entrando no evento bp jaja vo ai fazer
[07/08/2016 00:11:37] /goto Cesinha
[07/08/2016 00:12:17] /b gente evento bp gogogoog
[07/08/2016 00:12:18] /b gente evento bp gogogoog
[07/08/2016 00:12:19] /b gente evento bp gogogoog
[07/08/2016 00:12:21] /b gente evento bp gogogoog
[07/08/2016 00:12:35] /a 6
[07/08/2016 00:12:36] /a 6
[07/08/2016 00:12:38] /a 6
[07/08/2016 00:12:44] /a 4
[07/08/2016 00:12:48] /a 4
[07/08/2016 00:12:57] /i dice
[07/08/2016 00:15:03] /b evento bp gente gogogoogog
[07/08/2016 00:17:18] /b evento bp gente googogogog
[07/08/2016 00:17:26] /b evento bp gente googogogog
[07/08/2016 00:17:26] /b evento bp gente googogogog
[07/08/2016 00:17:58] /t Dark Paladin
[07/08/2016 00:32:32] /t Pally Smoke Buddy
[07/08/2016 00:39:52] /i dice
[07/08/2016 00:41:12] /b gente 2 bp aki tem coisas quem pegar acaabo
[07/08/2016 00:41:12] /b gente 2 bp aki tem coisas quem pegar acaabo
[07/08/2016 00:42:28] /t Itajai Team
[07/08/2016 00:45:12] /b acabooooooooo
[07/08/2016 00:45:14] /b acabooooooooo
[07/08/2016 00:45:14] /b acabooooooooo
[07/08/2016 00:45:15] /b acabooooooooo
[07/08/2016 00:45:28] /b acabooooooooo os iniciantees fica vo da itens para comesar
[07/08/2016 00:45:28] /b acabooooooooo os iniciantees fica vo da itens para comesar
[07/08/2016 00:45:29] /b acabooooooooo os iniciantees fica vo da itens para comesar
[07/08/2016 00:45:29] /b acabooooooooo os iniciantees fica vo da itens para comesar
[07/08/2016 00:45:30] /b acabooooooooo os iniciantees fica vo da itens para comesar
[07/08/2016 00:45:44] /t Ledonderajrjr
[07/08/2016 00:46:09] /t Cesinha
[07/08/2016 00:46:15] /t Dark Paladin
[07/08/2016 00:46:17] /a
[07/08/2016 00:46:23] /t Maskara Da Mort
[07/08/2016 00:46:28] /t [Svip] Ho Papai Chegou
[07/08/2016 00:47:36] /i 8844
[07/08/2016 00:47:42] /i 8858
[07/08/2016 00:47:56] /a
[07/08/2016 00:48:22] /i supreme axe
[07/08/2016 00:49:03] /i supreme staff
[07/08/2016 00:49:24] /i 8858
[07/08/2016 00:50:02] /i supreme sword
[07/08/2016 00:51:03] /i donate staff
[07/08/2016 00:51:27] /i 8858
[07/08/2016 00:51:36] /i 8858
[07/08/2016 00:51:49] /i suprema sword
[07/08/2016 00:51:53] /i supreme sword
[07/08/2016 00:51:58] /a
[07/08/2016 00:51:59] /a
[07/08/2016 00:52:00] /a
[07/08/2016 00:52:10] /t Gold Label
[07/08/2016 00:52:12] /a 4
[07/08/2016 00:52:19] /i 3710
[07/08/2016 00:52:21] /a 6
[07/08/2016 00:52:41] /r
[07/08/2016 00:52:45] /clean
[07/08/2016 00:53:20] /t Knd Druid
[07/08/2016 00:53:44] /i supreme staff
[07/08/2016 00:54:14] /i xp7
[07/08/2016 00:54:28] /t
[07/08/2016 00:54:41] /goto Cloutx
[07/08/2016 00:54:47] /i exp7
[07/08/2016 00:54:59] /i 656
[07/08/2016 00:55:09] /i 656
[07/08/2016 00:55:11] /i 6536
[07/08/2016 00:55:45] /clean
[07/08/2016 00:56:15] /i supreme staff
[07/08/2016 00:57:00] /i sureme staff
[07/08/2016 00:57:07] /i supreme staff
[07/08/2016 00:57:19] /t
[07/08/2016 00:57:23] /clean
[07/08/2016 00:58:08] /a 3
[07/08/2016 00:58:38] /m Zoralurk
[07/08/2016 00:59:12] /clean
[07/08/2016 00:59:25] /m infernatil
[07/08/2016 00:59:26] /m infernatil
[07/08/2016 00:59:26] /m infernatil
[07/08/2016 00:59:27] /m infernatil
[07/08/2016 00:59:34] /m infernatil
[07/08/2016 00:59:34] /m infernatil
[07/08/2016 00:59:35] /m infernatil
[07/08/2016 00:59:35] /m infernatil
[07/08/2016 00:59:47] /m infernatil
[07/08/2016 00:59:47] /m infernatil
[07/08/2016 00:59:57] /m supreme grim reaper
[07/08/2016 00:59:58] /m supreme grim reaper
[07/08/2016 00:59:59] /m supreme grim reaper
[07/08/2016 00:59:59] /m supreme grim reaper
[07/08/2016 01:00:00] /m supreme grim reaper
[07/08/2016 01:00:00] /m supreme grim reaper
[07/08/2016 01:00:17] /m supreme grim reaper
[07/08/2016 01:00:18] /m supreme grim reaper
[07/08/2016 01:00:19] /m supreme grim reaper
[07/08/2016 01:00:20] /m supreme grim reaper
[07/08/2016 01:00:21] /m supreme grim reaper
[07/08/2016 01:00:23] /m supreme grim reaper
[07/08/2016 01:00:24] /m supreme grim reaper
[07/08/2016 01:00:24] /m supreme grim reaper
[07/08/2016 01:00:25] /m supreme grim reaper
[07/08/2016 01:00:26] /m supreme grim reaper
[07/08/2016 01:00:26] /m supreme grim reaper
[07/08/2016 01:00:27] /m supreme grim reaper
[07/08/2016 01:00:28] /m supreme grim reaper
[07/08/2016 01:00:28] /m supreme grim reaper
[07/08/2016 01:00:29] /m supreme grim reaper
[07/08/2016 01:00:29] /m supreme grim reaper
[07/08/2016 01:00:29] /m supreme grim reaper
[07/08/2016 01:00:30] /m supreme grim reaper
[07/08/2016 01:00:46] /m supreme grim reaper
[07/08/2016 01:00:46] /m supreme grim reaper
[07/08/2016 01:00:46] /m supreme grim reaper
[07/08/2016 01:00:53] /m supreme grim reaper
[07/08/2016 01:00:53] /m supreme grim reaper
[07/08/2016 01:00:54] /m supreme grim reaper
[07/08/2016 01:00:54] /m supreme grim reaper
[07/08/2016 01:00:55] /m supreme grim reaper
[07/08/2016 01:00:55] /m supreme grim reaper
[07/08/2016 01:00:55] /m supreme grim reaper
[07/08/2016 01:00:56] /m supreme grim reaper
[07/08/2016 01:00:56] /m supreme grim reaper
[07/08/2016 01:01:13] /m supreme grim reaper
[07/08/2016 01:01:14] /m supreme grim reaper
[07/08/2016 01:01:14] /m supreme grim reaper
[07/08/2016 01:01:15] /m supreme grim reaper
[07/08/2016 01:01:15] /m supreme grim reaper
[07/08/2016 01:01:15] /m supreme grim reaper
[07/08/2016 01:01:25] /clean
[07/08/2016 01:01:44] /m supreme grim reaper
[07/08/2016 01:01:45] /m supreme grim reaper
[07/08/2016 01:01:45] /m supreme grim reaper
[07/08/2016 01:01:45] /m supreme grim reaper
[07/08/2016 01:01:46] /m supreme grim reaper
[07/08/2016 01:01:46] /m supreme grim reaper
[07/08/2016 01:02:21] /m Zoralurk
[07/08/2016 01:02:24] /m Zoralurk
[07/08/2016 01:02:24] /m Zoralurk
[07/08/2016 01:02:51] /m supreme grim reaper
[07/08/2016 01:02:51] /m supreme grim reaper
[07/08/2016 01:02:52] /m supreme grim reaper
[07/08/2016 01:02:52] /m supreme grim reaper
[07/08/2016 01:02:52] /m supreme grim reaper
[07/08/2016 01:02:53] /m supreme grim reaper
[07/08/2016 01:02:53] /m supreme grim reaper
[07/08/2016 01:02:54] /m supreme grim reaper
[07/08/2016 01:02:54] /m supreme grim reaper
[07/08/2016 01:02:54] /m supreme grim reaper
[07/08/2016 01:02:55] /m supreme grim reaper
[07/08/2016 01:02:58] /m supreme grim reaper
[07/08/2016 01:02:59] /m supreme grim reaper
[07/08/2016 01:02:59] /m supreme grim reaper
[07/08/2016 01:03:00] /m supreme grim reaper
[07/08/2016 01:03:04] /m supreme grim reaper
[07/08/2016 01:03:04] /m supreme grim reaper
[07/08/2016 01:03:05] /m supreme grim reaper
[07/08/2016 01:03:05] /m supreme grim reaper
[07/08/2016 01:03:07] /m supreme grim reaper
[07/08/2016 01:03:08] /m supreme grim reaper
[07/08/2016 01:03:08] /m supreme grim reaper
[07/08/2016 01:03:09] /m supreme grim reaper
[07/08/2016 01:03:09] /m supreme grim reaper
[07/08/2016 01:03:10] /m supreme grim reaper
[07/08/2016 01:03:13] /m supreme grim reaper
[07/08/2016 01:03:13] /m supreme grim reaper
[07/08/2016 01:03:14] /m supreme grim reaper
[07/08/2016 01:03:14] /m supreme grim reaper
[07/08/2016 01:03:42] /m supreme grim reaper
[07/08/2016 01:03:42] /m supreme grim reaper
[07/08/2016 01:03:43] /m supreme grim reaper
[07/08/2016 01:03:43] /m supreme grim reaper
[07/08/2016 01:03:56] /m supreme grim reaper
[07/08/2016 01:03:56] /m supreme grim reaper
[07/08/2016 01:03:57] /m supreme grim reaper
[07/08/2016 01:04:47] /m supreme grim reaper
[07/08/2016 01:04:47] /m supreme grim reaper
[07/08/2016 01:04:47] /m supreme grim reaper
[07/08/2016 01:04:48] /m supreme grim reaper
[07/08/2016 01:04:48] /m supreme grim reaper
[07/08/2016 01:04:59] /m supreme grim reaper
[07/08/2016 01:05:00] /m supreme grim reaper
[07/08/2016 01:05:00] /m supreme grim reaper
[07/08/2016 01:05:00] /m supreme grim reaper
[07/08/2016 01:05:01] /m supreme grim reaper
[07/08/2016 01:05:31] /m supreme grim reaper
[07/08/2016 01:05:37] /m supreme grim reaper
[07/08/2016 01:05:37] /m supreme grim reaper
[07/08/2016 01:06:25] /clean
[07/08/2016 01:08:41] /owner Dark Paladin
[07/08/2016 01:11:03] /a 2
[07/08/2016 01:11:27] /t
[07/08/2016 01:11:58] /c Chavozinha
[07/08/2016 01:12:13] /owner Chavozinha
[07/08/2016 01:13:28] /t
[07/08/2016 01:13:35] /clean
[07/08/2016 01:19:38] /goto Gold Label
[07/08/2016 01:19:46] /clean
[07/08/2016 01:20:08] /up
[07/08/2016 01:20:35] /owner Chavozinha
[07/08/2016 01:20:44] /c Chavozinha
[07/08/2016 01:20:52] /t
[07/08/2016 01:21:17] /r
[07/08/2016 01:22:46] /goto Thor
[07/08/2016 01:23:26] /t
[07/08/2016 01:25:51] /clean
[07/08/2016 01:26:26] /r
[07/08/2016 01:26:56] /r
[07/08/2016 01:27:04] /c treiner
[07/08/2016 01:28:03] /r
[07/08/2016 01:28:17] /b vcs n dorme nao povo
[07/08/2016 01:28:17] /b vcs n dorme nao povo
[07/08/2016 01:29:19] /clean
[07/08/2016 01:31:11] /goto Druid Mascarado
[07/08/2016 01:31:44] /t
[07/08/2016 01:32:40] /owner zoro
[07/08/2016 01:33:03] /owner luluu
[07/08/2016 01:34:08] /b gente n vo trocar itens
[07/08/2016 01:34:58] /t
[07/08/2016 01:37:08] /b gente site para doar [é 10 reais = 20 pontos 20 reais = 40 pontos e assim vai  Pagseguro: http://raiseit.tv/donations/donate/549dbfa1396a2e36c8b26524a4e5420e  
[07/08/2016 01:37:14] /b gente site para doar [é 10 reais = 20 pontos 20 reais = 40 pontos e assim vai  Pagseguro: http://raiseit.tv/donations/donate/549dbfa1396a2e36c8b26524a4e5420e  
[07/08/2016 01:37:27] /ghost
[07/08/2016 01:37:30] /t
[07/08/2016 01:37:48] /ghost
[07/08/2016 01:39:49] /i supreme staff
[07/08/2016 01:40:00] /goto Kid Benga
[07/08/2016 01:41:05] /i 2157
[07/08/2016 01:42:18] /i supreme livro
[07/08/2016 01:42:42] /t
[07/08/2016 01:43:01] /clean
[07/08/2016 01:52:39] /goto luluu
[07/08/2016 01:53:13] /a
[07/08/2016 01:53:49] /goto Maskara Da Mort
[07/08/2016 01:54:12] /goto thor
[07/08/2016 01:54:37] /goto Maskara Da Mort
[07/08/2016 01:55:17] /goto thor
[07/08/2016 01:58:15] /ghost
[07/08/2016 01:58:21] /a 4
[07/08/2016 01:58:23] /a 4
[07/08/2016 01:58:24] /a 4
[07/08/2016 01:58:27] /up
[07/08/2016 01:58:29] /up
[07/08/2016 01:58:32] /a
[07/08/2016 01:58:42] /c Maskara Da Mort
[07/08/2016 01:58:55] /t Maskara Da Mort
[07/08/2016 01:59:07] /clean
[07/08/2016 02:04:33] /ghost
[07/08/2016 02:05:47] /i supreme vip
[07/08/2016 02:05:48] /i supreme vip
[07/08/2016 02:06:24] /goto Blukkerzinn
[07/08/2016 02:06:34] /goto Tanker
[07/08/2016 02:12:35] /a
[07/08/2016 02:12:48] /a
[07/08/2016 02:15:31] /goto thor
[07/08/2016 02:15:39] /c Druid Mascarado
[07/08/2016 02:15:55] /t
[07/08/2016 02:16:24] /a 5
[07/08/2016 02:16:26] /a 5
[07/08/2016 02:16:27] /a 5
[07/08/2016 02:16:32] /c Hangouts
[07/08/2016 02:16:45] /i vip supreme
[07/08/2016 02:16:50] /i supreme vip
[07/08/2016 02:17:45] /t Hangouts
[07/08/2016 02:17:47] /t
[07/08/2016 02:22:51] /r
[07/08/2016 02:30:19] /clean
[07/08/2016 02:37:50] /b gnte vo sair boa noite para voces viciados e viciadas kkkkkk
[07/08/2016 02:37:55] /b gnte vo sair boa noite para voces viciados e viciadas kkkkkk
[07/08/2016 02:44:47] /clean
[07/08/2016 02:50:06] /ghost
[08/08/2016 00:29:19] /clean
[08/08/2016 00:31:41] /goto tanker
[08/08/2016 00:31:53] /t
[08/08/2016 00:46:47] /goto pallyzinha
[08/08/2016 00:47:05] /a 6
[08/08/2016 00:47:05] /a 6
[08/08/2016 00:47:06] /a 6
[08/08/2016 00:47:06] /a 6
[08/08/2016 00:47:07] /a 6
[08/08/2016 00:47:07] /a 6
[08/08/2016 00:50:11] /a
[08/08/2016 00:50:31] /a
[08/08/2016 00:50:46] /a
[08/08/2016 00:51:03] /a
[08/08/2016 00:52:31] /a
[08/08/2016 00:53:06] /a
[08/08/2016 00:53:23] /a
[08/08/2016 00:53:41] /t
[08/08/2016 01:50:07] /clean
[08/08/2016 01:50:27] /i supreme short
[08/08/2016 01:50:42] /i Magnata staff
[08/08/2016 01:50:53] /i 6433
[08/08/2016 01:51:20] /i 11394
[08/08/2016 01:51:25] /i 6433
[08/08/2016 01:52:01] /c magazinha
[08/08/2016 01:52:06] /c magazinhaa
[08/08/2016 01:52:23] /c magazinhaa
[08/08/2016 01:52:32] /c magezinhaa
[08/08/2016 01:55:28] /i 6536
[08/08/2016 01:55:50] /goto magezinhaa
[08/08/2016 02:39:51] /clean
[08/08/2016 19:13:57] /clean
[08/08/2016 19:14:52] /goto adm fusino
[08/08/2016 19:18:15] /clean
[08/08/2016 19:35:36] /clean
[08/08/2016 19:36:32] /t
[08/08/2016 19:36:37] /a 4
[08/08/2016 19:36:41] /r
[08/08/2016 19:38:00] /i 8858
[08/08/2016 19:38:10] /i suprema vip
[08/08/2016 19:38:14] /i supreme vip
[08/08/2016 19:39:01] /i suprema vip
[08/08/2016 19:39:05] /i supreme vip
[08/08/2016 19:39:38] /i suprema staff
[08/08/2016 19:39:45] /i supreme staff
[08/08/2016 19:41:00] /goto cara de rato
[08/08/2016 19:41:19] /clean
[08/08/2016 19:43:34] /clean
[08/08/2016 21:13:54] /clean
[09/08/2016 00:32:31] /clean
[09/08/2016 00:32:41] /ghost
[09/08/2016 00:32:42] /t
[09/08/2016 00:35:52] /a 3
[09/08/2016 00:35:55] /a
[09/08/2016 00:36:01] /r
[09/08/2016 00:36:02] /r
[09/08/2016 00:36:04] /r
[09/08/2016 00:36:06] /r
[09/08/2016 00:36:48] /goto Qwerty
[09/08/2016 00:37:23] /clean
[09/08/2016 00:37:39] /t
[09/08/2016 00:39:10] /i 8858
[09/08/2016 00:39:12] /c ganja
[09/08/2016 00:39:21] /i supreme vip
[09/08/2016 00:43:02] /clean
[09/08/2016 00:45:28] /r
[09/08/2016 00:48:37] /c treiner
[09/08/2016 00:52:56] /clean
[09/08/2016 00:54:52] /goto Choranaobebe
[09/08/2016 00:54:55] /goto Choranaobebe
[09/08/2016 00:54:57] /goto Choranaobebe
[09/08/2016 00:55:15] /owner Choranaobebe
[09/08/2016 00:55:26] /t
[09/08/2016 00:56:14] /r
[09/08/2016 00:57:33] /a
[09/08/2016 00:57:50] /t
[09/08/2016 00:58:11] /clean
[09/08/2016 00:58:17] /goto tripa
[09/08/2016 00:59:07] /i 8858
[09/08/2016 00:59:34] /i supreme sword
[09/08/2016 00:59:50] /i supreme vip
[09/08/2016 00:59:51] /i supreme vip
[09/08/2016 01:00:09] /clean
[09/08/2016 01:00:11] /t
[09/08/2016 01:02:39] /ghost
[09/08/2016 01:03:26] /goto tripida
[09/08/2016 01:03:41] /t
[09/08/2016 12:07:49] /clean
[09/08/2016 12:19:20] /goto [Svip] Cara De Rato
[09/08/2016 12:19:29] /t
[09/08/2016 12:22:08] /clean
[09/08/2016 12:56:03] /clean
[09/08/2016 13:25:04] /clean
[09/08/2016 13:52:04] /clean
[09/08/2016 14:02:37] /clean
[09/08/2016 14:09:31] /clean
[09/08/2016 14:12:46] /goto adm orion
[09/08/2016 18:15:32] /clean
[09/08/2016 18:16:10] /goto alerquina
[09/08/2016 18:16:25] /goto arlequina
[09/08/2016 18:32:47] /i Magnata sworrd
[09/08/2016 18:32:55] /i Magnata sword
[09/08/2016 18:51:47] /clean
[09/08/2016 18:55:25] /clean
[09/08/2016 19:16:40] /a 5
[09/08/2016 19:16:48] /t
[09/08/2016 19:23:28] /clean
[09/08/2016 20:52:20] /a
[10/08/2016 00:19:48] /clean
[10/08/2016 00:20:58] /t
[10/08/2016 02:15:58] /a 3
[10/08/2016 02:16:31] /c trainer
[10/08/2016 02:16:42] /c treiner
[10/08/2016 02:19:09] /s treiner
[10/08/2016 02:20:37] /c ladyzinha
[10/08/2016 02:21:50] /t
[10/08/2016 02:22:10] /mc
[10/08/2016 02:23:24] /a 3
[10/08/2016 02:49:51] /goto lock
[10/08/2016 02:49:58] /t
[10/08/2016 02:50:44] /goto bob ob Valentino 
[10/08/2016 02:51:02] /goto bob Valentino 
[10/08/2016 02:51:21] /goto grana
[10/08/2016 02:51:49] /goto Pally'off'war I
[10/08/2016 02:51:59] /goto zic memo
[10/08/2016 02:52:07] /t
[10/08/2016 03:00:57] /t
[10/08/2016 03:01:45] /t
[10/08/2016 19:17:45] /clean
[10/08/2016 19:30:01] /clean
[10/08/2016 19:56:10] /i refinador ecelente
[10/08/2016 19:56:25] /i refinador exelente
[10/08/2016 19:57:24] /i refinador excelente
[10/08/2016 20:00:33] /c Panda
[10/08/2016 20:00:40] /i supreme staff
[10/08/2016 20:01:47] /t
[10/08/2016 20:03:06] /i refinamento exelente
[10/08/2016 20:03:24] /i refinamento exelente
[10/08/2016 20:11:01] /i Refinamento Excelente
[10/08/2016 20:11:05] /i Refinamento Excelente
[10/08/2016 20:11:05] /i Refinamento Excelente
[10/08/2016 20:11:06] /i Refinamento Excelente
[10/08/2016 20:11:06] /i Refinamento Excelente
[10/08/2016 20:11:07] /i Refinamento Excelente
[10/08/2016 20:11:09] /i Refinamento Excelente
[10/08/2016 20:55:39] /clean
[10/08/2016 21:15:55] /clean
[11/08/2016 21:03:44] /clean
[12/08/2016 00:32:37] /clean
[12/08/2016 00:33:16] /a 4
[12/08/2016 00:33:17] /a 4
[12/08/2016 00:33:21] /i 11394
[12/08/2016 00:33:25] /t
[12/08/2016 00:33:39] /i supreme armor
[12/08/2016 00:33:45] /i supreme legs
[12/08/2016 00:33:49] /i supreme helmet
[12/08/2016 00:34:36] /i Magnata shield
[12/08/2016 00:34:36] /i Magnata shield
[12/08/2016 00:35:40] /t
[12/08/2016 01:27:15] /goto droguinha
[12/08/2016 01:29:11] /goto droguinha
[12/08/2016 01:29:31] /goto droguinha
[12/08/2016 01:40:57] /c kina love
[12/08/2016 01:41:08] /t
[12/08/2016 01:44:42] /clean
[12/08/2016 01:47:51] /goto  Blukkerzinn
[12/08/2016 01:47:57] /goto  Blukkerzinn
[12/08/2016 01:48:00] /goto  Blukkerzinn
[12/08/2016 01:48:34] /goto droguinha
[12/08/2016 01:48:47] /goto kina love
[12/08/2016 01:49:19] /t
