[04/07/2016 17:40:05] /ghost
[04/07/2016 17:40:07] /t
[04/07/2016 18:20:41] /a 4
[04/07/2016 18:20:45] /a 4
[04/07/2016 18:20:59] /i 12279
[04/07/2016 18:21:02] /a 4
[04/07/2016 19:29:54] /t
[04/07/2016 19:30:09] /goto adm zik
[04/07/2016 19:30:26] /a
[04/07/2016 19:30:31] /a
[04/07/2016 19:30:39] /t
[04/07/2016 19:30:53] /a 2
[04/07/2016 19:33:38] /addskill level, ADM Zed =+30000
[04/07/2016 19:33:45] /addskill level, ADM Zed = 30000
[04/07/2016 19:33:53] /addskill level, ADM Zed 30000
[04/07/2016 19:34:01] /addskill level, ADM Zed 3
[04/07/2016 19:34:21] /addskill level, ADM Zed
[04/07/2016 19:34:22] /addskill level, ADM Zed
[04/07/2016 19:34:23] /addskill level, ADM Zed
[04/07/2016 19:34:24] /addskill level, ADM Zed
[04/07/2016 19:34:32] /ghost
[04/07/2016 19:34:34] /addskill level, ADM Zed
[04/07/2016 19:34:39] /addskill level, ADM Zed 30000
[04/07/2016 19:34:43] /addskill level, ADM Zed
[04/07/2016 19:35:15] /addskill Level, ADM Zed 
[04/07/2016 19:35:16] /addskill Level, ADM Zed 
[04/07/2016 19:35:16] /addskill Level, ADM Zed 
[04/07/2016 19:35:17] /addskill Level, ADM Zed 
[04/07/2016 19:35:18] /addskill Level, ADM Zed 
[04/07/2016 19:35:25] /addskill Level, ADM Zed +9000
[04/07/2016 19:36:26] /addskill ADM Zed, level
[04/07/2016 19:36:32] /addskill ADM Zed, level 90000
[04/07/2016 19:36:43] /addskill ADM Zed, level1000
[04/07/2016 19:36:53] /addskill ADM Zed, level
[04/07/2016 19:36:53] /addskill ADM Zed, level
[04/07/2016 19:36:54] /addskill ADM Zed, level
[04/07/2016 19:36:54] /addskill ADM Zed, level
[04/07/2016 19:36:54] /addskill ADM Zed, level
[04/07/2016 19:36:54] /addskill ADM Zed, level
[04/07/2016 19:36:54] /addskill ADM Zed, level
[04/07/2016 19:36:54] /addskill ADM Zed, level
[04/07/2016 19:36:54] /addskill ADM Zed, level
[04/07/2016 19:36:54] /addskill ADM Zed, level
[04/07/2016 19:36:54] /addskill ADM Zed, level
[04/07/2016 19:36:54] /addskill ADM Zed, level
[04/07/2016 19:36:54] /addskill ADM Zed, level
[04/07/2016 19:36:54] /addskill ADM Zed, level
[04/07/2016 19:36:54] /addskill ADM Zed, level
[04/07/2016 19:36:54] /addskill ADM Zed, level
[04/07/2016 19:36:54] /addskill ADM Zed, level
[04/07/2016 19:36:54] /addskill ADM Zed, level
[04/07/2016 19:36:54] /addskill ADM Zed, level
[04/07/2016 19:36:54] /addskill ADM Zed, level
[04/07/2016 19:36:54] /addskill ADM Zed, level
[04/07/2016 19:36:54] /addskill ADM Zed, level
[04/07/2016 19:36:54] /addskill ADM Zed, level
[04/07/2016 19:36:54] /addskill ADM Zed, level
[04/07/2016 19:36:54] /addskill ADM Zed, level
[04/07/2016 19:36:54] /addskill ADM Zed, level
[04/07/2016 19:36:54] /addskill ADM Zed, level
[04/07/2016 19:36:54] /addskill ADM Zed, level
[04/07/2016 19:36:54] /addskill ADM Zed, level
[04/07/2016 19:36:54] /addskill ADM Zed, level
[04/07/2016 19:36:54] /addskill ADM Zed, level
[04/07/2016 19:36:55] /addskill ADM Zed, level
[04/07/2016 19:36:55] /addskill ADM Zed, level
[04/07/2016 19:36:55] /addskill ADM Zed, level
[04/07/2016 19:36:55] /addskill ADM Zed, level
[04/07/2016 19:36:55] /addskill ADM Zed, level
[04/07/2016 19:36:55] /addskill ADM Zed, level
[04/07/2016 19:36:55] /addskill ADM Zed, level
[04/07/2016 19:36:55] /addskill ADM Zed, level
[04/07/2016 19:36:55] /addskill ADM Zed, level
[04/07/2016 19:36:55] /addskill ADM Zed, level
[04/07/2016 19:36:55] /addskill ADM Zed, level
[04/07/2016 19:36:55] /addskill ADM Zed, level
[04/07/2016 19:36:55] /addskill ADM Zed, level
[04/07/2016 19:36:55] /addskill ADM Zed, level
[04/07/2016 19:36:55] /addskill ADM Zed, level
[04/07/2016 19:36:55] /addskill ADM Zed, level
[04/07/2016 19:36:55] /addskill ADM Zed, level
[04/07/2016 19:36:55] /addskill ADM Zed, level
[04/07/2016 19:36:55] /addskill ADM Zed, level
[04/07/2016 19:36:55] /addskill ADM Zed, level
[04/07/2016 19:36:55] /addskill ADM Zed, level
[04/07/2016 19:36:55] /addskill ADM Zed, level
[04/07/2016 19:36:55] /addskill ADM Zed, level
[04/07/2016 19:36:55] /addskill ADM Zed, level
[04/07/2016 19:36:55] /addskill ADM Zed, level
[04/07/2016 19:36:55] /addskill ADM Zed, level
[04/07/2016 19:36:55] /addskill ADM Zed, level
[04/07/2016 19:36:55] /addskill ADM Zed, level
[04/07/2016 19:36:55] /addskill ADM Zed, level
[04/07/2016 19:36:55] /addskill ADM Zed, level
[04/07/2016 19:36:55] /addskill ADM Zed, level
[04/07/2016 19:36:56] /addskill ADM Zed, level
[04/07/2016 19:36:56] /addskill ADM Zed, level
[04/07/2016 19:36:56] /addskill ADM Zed, level
[04/07/2016 19:36:56] /addskill ADM Zed, level
[04/07/2016 19:36:56] /addskill ADM Zed, level
[04/07/2016 19:36:56] /addskill ADM Zed, level
[04/07/2016 19:36:56] /addskill ADM Zed, level
[04/07/2016 19:36:56] /addskill ADM Zed, level
[04/07/2016 19:36:56] /addskill ADM Zed, level
[04/07/2016 19:36:56] /addskill ADM Zed, level
[04/07/2016 19:36:56] /addskill ADM Zed, level
[04/07/2016 19:36:56] /addskill ADM Zed, level
[04/07/2016 19:36:56] /addskill ADM Zed, level
[04/07/2016 19:36:56] /addskill ADM Zed, level
[04/07/2016 19:36:56] /addskill ADM Zed, level
[04/07/2016 19:36:56] /addskill ADM Zed, level
[04/07/2016 19:36:56] /addskill ADM Zed, level
[04/07/2016 19:36:56] /addskill ADM Zed, level
[04/07/2016 19:36:56] /addskill ADM Zed, level
[04/07/2016 19:36:56] /addskill ADM Zed, level
[04/07/2016 19:36:56] /addskill ADM Zed, level
[04/07/2016 19:36:56] /addskill ADM Zed, level
[04/07/2016 19:36:56] /addskill ADM Zed, level
[04/07/2016 19:36:56] /addskill ADM Zed, level
[04/07/2016 19:36:56] /addskill ADM Zed, level
[04/07/2016 19:36:56] /addskill ADM Zed, level
[04/07/2016 19:36:56] /addskill ADM Zed, level
[04/07/2016 19:36:56] /addskill ADM Zed, level
[04/07/2016 19:36:56] /addskill ADM Zed, level
[04/07/2016 19:36:56] /addskill ADM Zed, level
[04/07/2016 19:36:57] /addskill ADM Zed, level
[04/07/2016 19:36:57] /addskill ADM Zed, level
[04/07/2016 19:36:57] /addskill ADM Zed, level
[04/07/2016 19:36:57] /addskill ADM Zed, level
[04/07/2016 19:36:57] /addskill ADM Zed, level
[04/07/2016 19:36:57] /addskill ADM Zed, level
[04/07/2016 19:36:57] /addskill ADM Zed, level
[04/07/2016 19:36:57] /addskill ADM Zed, level
[04/07/2016 19:36:57] /addskill ADM Zed, level
[04/07/2016 19:36:57] /addskill ADM Zed, level
[04/07/2016 19:36:57] /addskill ADM Zed, level
[04/07/2016 19:36:57] /addskill ADM Zed, level
[04/07/2016 19:36:57] /addskill ADM Zed, level
[04/07/2016 19:36:57] /addskill ADM Zed, level
[04/07/2016 19:36:57] /addskill ADM Zed, level
[04/07/2016 19:36:57] /addskill ADM Zed, level
[04/07/2016 19:36:57] /addskill ADM Zed, level
[04/07/2016 19:36:57] /addskill ADM Zed, level
[04/07/2016 19:36:57] /addskill ADM Zed, level
[04/07/2016 19:36:57] /addskill ADM Zed, level
[04/07/2016 19:36:57] /addskill ADM Zed, level
[04/07/2016 19:36:57] /addskill ADM Zed, level
[04/07/2016 19:36:57] /addskill ADM Zed, level
[04/07/2016 19:36:57] /addskill ADM Zed, level
[04/07/2016 19:36:57] /addskill ADM Zed, level
[04/07/2016 19:36:57] /addskill ADM Zed, level
[04/07/2016 19:36:57] /addskill ADM Zed, level
[04/07/2016 19:36:57] /addskill ADM Zed, level
[04/07/2016 19:36:57] /addskill ADM Zed, level
[04/07/2016 19:36:57] /addskill ADM Zed, level
[04/07/2016 19:36:57] /addskill ADM Zed, level
[04/07/2016 19:36:58] /addskill ADM Zed, level
[04/07/2016 19:36:58] /addskill ADM Zed, level
[04/07/2016 19:36:58] /addskill ADM Zed, level
[04/07/2016 19:36:58] /addskill ADM Zed, level
[04/07/2016 19:36:58] /addskill ADM Zed, level
[04/07/2016 19:36:58] /addskill ADM Zed, level
[04/07/2016 19:36:58] /addskill ADM Zed, level
[04/07/2016 19:36:58] /addskill ADM Zed, level
[04/07/2016 19:36:58] /addskill ADM Zed, level
[04/07/2016 19:36:58] /addskill ADM Zed, level
[04/07/2016 19:36:58] /addskill ADM Zed, level
[04/07/2016 19:36:58] /addskill ADM Zed, level
[04/07/2016 19:36:58] /addskill ADM Zed, level
[04/07/2016 19:36:58] /addskill ADM Zed, level
[04/07/2016 19:36:58] /addskill ADM Zed, level
[04/07/2016 19:36:58] /addskill ADM Zed, level
[04/07/2016 19:36:58] /addskill ADM Zed, level
[04/07/2016 19:36:58] /addskill ADM Zed, level
[04/07/2016 19:36:58] /addskill ADM Zed, level
[04/07/2016 19:36:58] /addskill ADM Zed, level
[04/07/2016 19:36:58] /addskill ADM Zed, level
[04/07/2016 19:36:58] /addskill ADM Zed, level
[04/07/2016 19:36:58] /addskill ADM Zed, level
[04/07/2016 19:36:58] /addskill ADM Zed, level
[04/07/2016 19:36:58] /addskill ADM Zed, level
[04/07/2016 19:36:58] /addskill ADM Zed, level
[04/07/2016 19:36:58] /addskill ADM Zed, level
[04/07/2016 19:36:58] /addskill ADM Zed, level
[04/07/2016 19:36:58] /addskill ADM Zed, level
[04/07/2016 19:36:58] /addskill ADM Zed, level
[04/07/2016 19:36:58] /addskill ADM Zed, level
[04/07/2016 19:36:59] /addskill ADM Zed, level
[04/07/2016 19:36:59] /addskill ADM Zed, level
[04/07/2016 19:36:59] /addskill ADM Zed, level
[04/07/2016 19:36:59] /addskill ADM Zed, level
[04/07/2016 19:36:59] /addskill ADM Zed, level
[04/07/2016 19:36:59] /addskill ADM Zed, level
[04/07/2016 19:36:59] /addskill ADM Zed, level
[04/07/2016 19:36:59] /addskill ADM Zed, level
[04/07/2016 19:36:59] /addskill ADM Zed, level
[04/07/2016 19:36:59] /addskill ADM Zed, level
[04/07/2016 19:36:59] /addskill ADM Zed, level
[04/07/2016 19:36:59] /addskill ADM Zed, level
[04/07/2016 19:36:59] /addskill ADM Zed, level
[04/07/2016 19:36:59] /addskill ADM Zed, level
[04/07/2016 19:36:59] /addskill ADM Zed, level
[04/07/2016 19:36:59] /addskill ADM Zed, level
[04/07/2016 19:36:59] /addskill ADM Zed, level
[04/07/2016 19:36:59] /addskill ADM Zed, level
[04/07/2016 19:36:59] /addskill ADM Zed, level
[04/07/2016 19:36:59] /addskill ADM Zed, level
[04/07/2016 19:36:59] /addskill ADM Zed, level
[04/07/2016 19:36:59] /addskill ADM Zed, level
[04/07/2016 19:36:59] /addskill ADM Zed, level
[04/07/2016 19:36:59] /addskill ADM Zed, level
[04/07/2016 19:36:59] /addskill ADM Zed, level
[04/07/2016 19:36:59] /addskill ADM Zed, level
[04/07/2016 19:36:59] /addskill ADM Zed, level
[04/07/2016 19:36:59] /addskill ADM Zed, level
[04/07/2016 19:36:59] /addskill ADM Zed, level
[04/07/2016 19:36:59] /addskill ADM Zed, level
[04/07/2016 19:37:00] /addskill ADM Zed, level
[04/07/2016 19:37:00] /addskill ADM Zed, level
[04/07/2016 19:37:00] /addskill ADM Zed, level
[04/07/2016 19:37:00] /addskill ADM Zed, level
[04/07/2016 19:37:00] /addskill ADM Zed, level
[04/07/2016 19:37:00] /addskill ADM Zed, level
[04/07/2016 19:37:00] /addskill ADM Zed, level
[04/07/2016 19:37:00] /addskill ADM Zed, level
[04/07/2016 19:37:00] /addskill ADM Zed, level
[04/07/2016 19:37:00] /addskill ADM Zed, level
[04/07/2016 19:37:00] /addskill ADM Zed, level
[04/07/2016 19:37:00] /addskill ADM Zed, level
[04/07/2016 19:37:00] /addskill ADM Zed, level
[04/07/2016 19:37:00] /addskill ADM Zed, level
[04/07/2016 19:37:00] /addskill ADM Zed, level
[04/07/2016 19:37:00] /addskill ADM Zed, level
[04/07/2016 19:37:00] /addskill ADM Zed, level
[04/07/2016 19:37:00] /addskill ADM Zed, level
[04/07/2016 19:37:00] /addskill ADM Zed, level
[04/07/2016 19:37:00] /addskill ADM Zed, level
[04/07/2016 19:37:00] /addskill ADM Zed, level
[04/07/2016 19:37:00] /addskill ADM Zed, level
[04/07/2016 19:37:00] /addskill ADM Zed, level
[04/07/2016 19:37:00] /addskill ADM Zed, level
[04/07/2016 19:37:00] /addskill ADM Zed, level
[04/07/2016 19:37:00] /addskill ADM Zed, level
[04/07/2016 19:37:00] /addskill ADM Zed, level
[04/07/2016 19:37:00] /addskill ADM Zed, level
[04/07/2016 19:37:00] /addskill ADM Zed, level
[04/07/2016 19:37:01] /addskill ADM Zed, level
[04/07/2016 19:37:01] /addskill ADM Zed, level
[04/07/2016 19:37:01] /addskill ADM Zed, level
[04/07/2016 19:37:01] /addskill ADM Zed, level
[04/07/2016 19:37:01] /addskill ADM Zed, level
[04/07/2016 19:37:01] /addskill ADM Zed, level
[04/07/2016 19:37:01] /addskill ADM Zed, level
[04/07/2016 19:37:01] /addskill ADM Zed, level
[04/07/2016 19:37:01] /addskill ADM Zed, level
[04/07/2016 19:37:01] /addskill ADM Zed, level
[04/07/2016 19:37:01] /addskill ADM Zed, level
[04/07/2016 19:37:01] /addskill ADM Zed, level
[04/07/2016 19:37:01] /addskill ADM Zed, level
[04/07/2016 19:37:01] /addskill ADM Zed, level
[04/07/2016 19:37:01] /addskill ADM Zed, level
[04/07/2016 19:37:01] /addskill ADM Zed, level
[04/07/2016 19:37:01] /addskill ADM Zed, level
[04/07/2016 19:37:01] /addskill ADM Zed, level
[04/07/2016 19:37:01] /addskill ADM Zed, level
[04/07/2016 19:37:01] /addskill ADM Zed, level
[04/07/2016 19:37:01] /addskill ADM Zed, level
[04/07/2016 19:37:01] /addskill ADM Zed, level
[04/07/2016 19:37:01] /addskill ADM Zed, level
[04/07/2016 19:37:01] /addskill ADM Zed, level
[04/07/2016 19:37:01] /addskill ADM Zed, level
[04/07/2016 19:37:01] /addskill ADM Zed, level
[04/07/2016 19:37:01] /addskill ADM Zed, level
[04/07/2016 19:37:01] /addskill ADM Zed, level
[04/07/2016 19:37:01] /addskill ADM Zed, level
[04/07/2016 19:37:01] /addskill ADM Zed, level
[04/07/2016 19:37:01] /addskill ADM Zed, level
[04/07/2016 19:37:02] /addskill ADM Zed, level
[04/07/2016 19:37:02] /addskill ADM Zed, level
[04/07/2016 19:37:02] /addskill ADM Zed, level
[04/07/2016 19:37:02] /addskill ADM Zed, level
[04/07/2016 19:37:02] /addskill ADM Zed, level
[04/07/2016 19:37:02] /addskill ADM Zed, level
[04/07/2016 19:37:02] /addskill ADM Zed, level
[04/07/2016 19:37:02] /addskill ADM Zed, level
[04/07/2016 19:37:02] /addskill ADM Zed, level
[04/07/2016 19:37:02] /addskill ADM Zed, level
[04/07/2016 19:37:02] /addskill ADM Zed, level
[04/07/2016 19:37:02] /addskill ADM Zed, level
[04/07/2016 19:37:02] /addskill ADM Zed, level
[04/07/2016 19:37:02] /addskill ADM Zed, level
[04/07/2016 19:37:02] /addskill ADM Zed, level
[04/07/2016 19:37:02] /addskill ADM Zed, level
[04/07/2016 19:37:02] /addskill ADM Zed, level
[04/07/2016 19:37:02] /addskill ADM Zed, level
[04/07/2016 19:37:02] /addskill ADM Zed, level
[04/07/2016 19:37:02] /addskill ADM Zed, level
[04/07/2016 19:37:02] /addskill ADM Zed, level
[04/07/2016 19:37:02] /addskill ADM Zed, level
[04/07/2016 19:37:02] /addskill ADM Zed, level
[04/07/2016 19:37:02] /addskill ADM Zed, level
[04/07/2016 19:37:02] /addskill ADM Zed, level
[04/07/2016 19:37:02] /addskill ADM Zed, level
[04/07/2016 19:37:02] /addskill ADM Zed, level
[04/07/2016 19:37:02] /addskill ADM Zed, level
[04/07/2016 19:37:02] /addskill ADM Zed, level
[04/07/2016 19:37:02] /addskill ADM Zed, level
[04/07/2016 19:37:03] /addskill ADM Zed, level
[04/07/2016 19:37:03] /addskill ADM Zed, level
[04/07/2016 19:37:03] /addskill ADM Zed, level
[04/07/2016 19:37:03] /addskill ADM Zed, level
[04/07/2016 19:37:03] /addskill ADM Zed, level
[04/07/2016 19:37:03] /addskill ADM Zed, level
[04/07/2016 19:37:03] /addskill ADM Zed, level
[04/07/2016 19:37:03] /addskill ADM Zed, level
[04/07/2016 19:37:03] /addskill ADM Zed, level
[04/07/2016 19:37:03] /addskill ADM Zed, level
[04/07/2016 19:37:03] /addskill ADM Zed, level
[04/07/2016 19:37:03] /addskill ADM Zed, level
[04/07/2016 19:37:03] /addskill ADM Zed, level
[04/07/2016 19:37:03] /addskill ADM Zed, level
[04/07/2016 19:37:03] /addskill ADM Zed, level
[04/07/2016 19:37:03] /addskill ADM Zed, level
[04/07/2016 19:37:03] /addskill ADM Zed, level
[04/07/2016 19:37:03] /addskill ADM Zed, level
[04/07/2016 19:37:03] /addskill ADM Zed, level
[04/07/2016 19:37:03] /addskill ADM Zed, level
[04/07/2016 19:37:03] /addskill ADM Zed, level
[04/07/2016 19:37:03] /addskill ADM Zed, level
[04/07/2016 19:37:03] /addskill ADM Zed, level
[04/07/2016 19:37:03] /addskill ADM Zed, level
[04/07/2016 19:37:03] /addskill ADM Zed, level
[04/07/2016 19:37:03] /addskill ADM Zed, level
[04/07/2016 19:37:03] /addskill ADM Zed, level
[04/07/2016 19:37:03] /addskill ADM Zed, level
[04/07/2016 19:37:03] /addskill ADM Zed, level
[04/07/2016 19:37:03] /addskill ADM Zed, level
[04/07/2016 19:37:03] /addskill ADM Zed, level
[04/07/2016 19:37:04] /addskill ADM Zed, level
[04/07/2016 19:37:04] /addskill ADM Zed, level
[04/07/2016 19:37:04] /addskill ADM Zed, level
[04/07/2016 19:37:04] /addskill ADM Zed, level
[04/07/2016 19:37:04] /addskill ADM Zed, level
[04/07/2016 19:37:04] /addskill ADM Zed, level
[04/07/2016 19:37:04] /addskill ADM Zed, level
[04/07/2016 19:37:04] /addskill ADM Zed, level
[04/07/2016 19:37:04] /addskill ADM Zed, level
[04/07/2016 19:37:05] /addskill ADM Zed, level
[04/07/2016 19:37:05] /addskill ADM Zed, level
[04/07/2016 19:37:05] /addskill ADM Zed, level
[04/07/2016 19:37:05] /addskill ADM Zed, level
[04/07/2016 19:37:05] /addskill ADM Zed, level
[04/07/2016 19:37:05] /addskill ADM Zed, level
[04/07/2016 19:37:05] /addskill ADM Zed, level
[04/07/2016 19:37:05] /addskill ADM Zed, level
[04/07/2016 19:37:05] /addskill ADM Zed, level
[04/07/2016 19:37:05] /addskill ADM Zed, level
[04/07/2016 19:37:05] /addskill ADM Zed, level
[04/07/2016 19:37:05] /addskill ADM Zed, level
[04/07/2016 19:37:05] /addskill ADM Zed, level
[04/07/2016 19:37:05] /addskill ADM Zed, level
[04/07/2016 19:37:05] /addskill ADM Zed, level
[04/07/2016 19:37:06] /addskill ADM Zed, level
[04/07/2016 19:37:06] /addskill ADM Zed, level
[04/07/2016 19:37:06] /addskill ADM Zed, level
[04/07/2016 19:37:06] /addskill ADM Zed, level
[04/07/2016 19:37:06] /addskill ADM Zed, level
[04/07/2016 19:37:06] /addskill ADM Zed, level
[04/07/2016 19:37:06] /addskill ADM Zed, level
[04/07/2016 19:37:06] /addskill ADM Zed, level
[04/07/2016 19:37:06] /addskill ADM Zed, level
[04/07/2016 19:37:06] /addskill ADM Zed, level
[04/07/2016 19:37:06] /addskill ADM Zed, level
[04/07/2016 19:37:06] /addskill ADM Zed, level
[04/07/2016 19:37:06] /addskill ADM Zed, level
[04/07/2016 19:37:06] /addskill ADM Zed, level
[04/07/2016 19:37:06] /addskill ADM Zed, level
[04/07/2016 19:37:06] /addskill ADM Zed, level
[04/07/2016 19:37:06] /addskill ADM Zed, level
[04/07/2016 19:37:06] /addskill ADM Zed, level
[04/07/2016 19:37:06] /addskill ADM Zed, level
[04/07/2016 19:37:06] /addskill ADM Zed, level
[04/07/2016 19:37:06] /addskill ADM Zed, level
[04/07/2016 19:37:06] /addskill ADM Zed, level
[04/07/2016 19:37:06] /addskill ADM Zed, level
[04/07/2016 19:37:06] /addskill ADM Zed, level
[04/07/2016 19:37:06] /addskill ADM Zed, level
[04/07/2016 19:37:06] /addskill ADM Zed, level
[04/07/2016 19:37:06] /addskill ADM Zed, level
[04/07/2016 19:37:06] /addskill ADM Zed, level
[04/07/2016 19:37:06] /addskill ADM Zed, level
[04/07/2016 19:37:06] /addskill ADM Zed, level
[04/07/2016 19:37:07] /addskill ADM Zed, level
[04/07/2016 19:37:07] /addskill ADM Zed, level
[04/07/2016 19:37:07] /addskill ADM Zed, level
[04/07/2016 19:37:07] /addskill ADM Zed, level
[04/07/2016 19:37:07] /addskill ADM Zed, level
[04/07/2016 19:37:07] /addskill ADM Zed, level
[04/07/2016 19:37:07] /addskill ADM Zed, level
[04/07/2016 19:37:07] /addskill ADM Zed, level
[04/07/2016 19:37:07] /addskill ADM Zed, level
[04/07/2016 19:37:07] /addskill ADM Zed, level
[04/07/2016 19:37:07] /addskill ADM Zed, level
[04/07/2016 19:37:07] /addskill ADM Zed, level
[04/07/2016 19:37:07] /addskill ADM Zed, level
[04/07/2016 19:37:07] /addskill ADM Zed, level
[04/07/2016 19:37:07] /addskill ADM Zed, level
[04/07/2016 19:37:07] /addskill ADM Zed, level
[04/07/2016 19:37:07] /addskill ADM Zed, level
[04/07/2016 19:37:07] /addskill ADM Zed, level
[04/07/2016 19:37:07] /addskill ADM Zed, level
[04/07/2016 19:37:07] /addskill ADM Zed, level
[04/07/2016 19:37:07] /addskill ADM Zed, level
[04/07/2016 19:37:07] /addskill ADM Zed, level
[04/07/2016 19:37:07] /addskill ADM Zed, level
[04/07/2016 19:37:07] /addskill ADM Zed, level
[04/07/2016 19:37:07] /addskill ADM Zed, level
[04/07/2016 19:37:07] /addskill ADM Zed, level
[04/07/2016 19:37:07] /addskill ADM Zed, level
[04/07/2016 19:37:07] /addskill ADM Zed, level
[04/07/2016 19:37:07] /addskill ADM Zed, level
[04/07/2016 19:37:07] /addskill ADM Zed, level
[04/07/2016 19:37:08] /addskill ADM Zed, level
[04/07/2016 19:37:08] /addskill ADM Zed, level
[04/07/2016 19:37:08] /addskill ADM Zed, level
[04/07/2016 19:37:08] /addskill ADM Zed, level
[04/07/2016 19:37:08] /addskill ADM Zed, level
[04/07/2016 19:37:08] /addskill ADM Zed, level
[04/07/2016 19:37:08] /addskill ADM Zed, level
[04/07/2016 19:37:08] /addskill ADM Zed, level
[04/07/2016 19:37:08] /addskill ADM Zed, level
[04/07/2016 19:37:08] /addskill ADM Zed, level
[04/07/2016 19:37:08] /addskill ADM Zed, level
[04/07/2016 19:37:08] /addskill ADM Zed, level
[04/07/2016 19:37:08] /addskill ADM Zed, level
[04/07/2016 19:37:08] /addskill ADM Zed, level
[04/07/2016 19:37:08] /addskill ADM Zed, level
[04/07/2016 19:37:08] /addskill ADM Zed, level
[04/07/2016 19:37:08] /addskill ADM Zed, level
[04/07/2016 19:37:08] /addskill ADM Zed, level
[04/07/2016 19:37:08] /addskill ADM Zed, level
[04/07/2016 19:37:08] /addskill ADM Zed, level
[04/07/2016 19:37:08] /addskill ADM Zed, level
[04/07/2016 19:37:08] /addskill ADM Zed, level
[04/07/2016 19:37:08] /addskill ADM Zed, level
[04/07/2016 19:37:08] /addskill ADM Zed, level
[04/07/2016 19:37:08] /addskill ADM Zed, level
[04/07/2016 19:37:08] /addskill ADM Zed, level
[04/07/2016 19:37:08] /addskill ADM Zed, level
[04/07/2016 19:37:08] /addskill ADM Zed, level
[04/07/2016 19:37:08] /addskill ADM Zed, level
[04/07/2016 19:37:08] /addskill ADM Zed, level
[04/07/2016 19:37:08] /addskill ADM Zed, level
[04/07/2016 19:37:09] /addskill ADM Zed, level
[04/07/2016 19:37:09] /addskill ADM Zed, level
[04/07/2016 19:37:09] /addskill ADM Zed, level
[04/07/2016 19:37:09] /addskill ADM Zed, level
[04/07/2016 19:37:09] /addskill ADM Zed, level
[04/07/2016 19:37:09] /addskill ADM Zed, level
[04/07/2016 19:37:09] /addskill ADM Zed, level
[04/07/2016 19:37:09] /addskill ADM Zed, level
[04/07/2016 19:37:09] /addskill ADM Zed, level
[04/07/2016 19:37:09] /addskill ADM Zed, level
[04/07/2016 19:37:09] /addskill ADM Zed, level
[04/07/2016 19:37:09] /addskill ADM Zed, level
[04/07/2016 19:37:09] /addskill ADM Zed, level
[04/07/2016 19:37:09] /addskill ADM Zed, level
[04/07/2016 19:37:09] /addskill ADM Zed, level
[04/07/2016 19:37:09] /addskill ADM Zed, level
[04/07/2016 19:37:09] /addskill ADM Zed, level
[04/07/2016 19:37:09] /addskill ADM Zed, level
[04/07/2016 19:37:09] /addskill ADM Zed, level
[04/07/2016 19:37:09] /addskill ADM Zed, level
[04/07/2016 19:37:09] /addskill ADM Zed, level
[04/07/2016 19:37:09] /addskill ADM Zed, level
[04/07/2016 19:37:09] /addskill ADM Zed, level
[04/07/2016 19:37:09] /addskill ADM Zed, level
[04/07/2016 19:37:09] /addskill ADM Zed, level
[04/07/2016 19:37:09] /addskill ADM Zed, level
[04/07/2016 19:37:09] /addskill ADM Zed, level
[04/07/2016 19:37:09] /addskill ADM Zed, level
[04/07/2016 19:37:09] /addskill ADM Zed, level
[04/07/2016 19:37:09] /addskill ADM Zed, level
[04/07/2016 19:37:10] /addskill ADM Zed, level
[04/07/2016 19:37:10] /addskill ADM Zed, level
[04/07/2016 19:37:10] /addskill ADM Zed, level
[04/07/2016 19:37:10] /addskill ADM Zed, level
[04/07/2016 19:37:10] /addskill ADM Zed, level
[04/07/2016 19:37:10] /addskill ADM Zed, level
[04/07/2016 19:37:10] /addskill ADM Zed, level
[04/07/2016 19:37:10] /addskill ADM Zed, level
[04/07/2016 19:37:10] /addskill ADM Zed, level
[04/07/2016 19:37:10] /addskill ADM Zed, level
[04/07/2016 19:37:10] /addskill ADM Zed, level
[04/07/2016 19:37:10] /addskill ADM Zed, level
[04/07/2016 19:37:10] /addskill ADM Zed, level
[04/07/2016 19:37:10] /addskill ADM Zed, level
[04/07/2016 19:37:10] /addskill ADM Zed, level
[04/07/2016 19:37:10] /addskill ADM Zed, level
[04/07/2016 19:37:10] /addskill ADM Zed, level
[04/07/2016 19:37:10] /addskill ADM Zed, level
[04/07/2016 19:37:10] /addskill ADM Zed, level
[04/07/2016 19:37:10] /addskill ADM Zed, level
[04/07/2016 19:37:10] /addskill ADM Zed, level
[04/07/2016 19:37:10] /addskill ADM Zed, level
[04/07/2016 19:37:10] /addskill ADM Zed, level
[04/07/2016 19:37:10] /addskill ADM Zed, level
[04/07/2016 19:37:10] /addskill ADM Zed, level
[04/07/2016 19:37:10] /addskill ADM Zed, level
[04/07/2016 19:37:10] /addskill ADM Zed, level
[04/07/2016 19:37:10] /addskill ADM Zed, level
[04/07/2016 19:37:10] /addskill ADM Zed, level
[04/07/2016 19:37:10] /addskill ADM Zed, level
[04/07/2016 19:37:10] /addskill ADM Zed, level
[04/07/2016 19:37:11] /addskill ADM Zed, level
[04/07/2016 19:37:11] /addskill ADM Zed, level
[04/07/2016 19:37:11] /addskill ADM Zed, level
[04/07/2016 19:37:11] /addskill ADM Zed, level
[04/07/2016 19:37:11] /addskill ADM Zed, level
[04/07/2016 19:37:11] /addskill ADM Zed, level
[04/07/2016 19:37:11] /addskill ADM Zed, level
[04/07/2016 19:37:11] /addskill ADM Zed, level
[04/07/2016 19:37:11] /addskill ADM Zed, level
[04/07/2016 19:37:11] /addskill ADM Zed, level
[04/07/2016 19:37:11] /addskill ADM Zed, level
[04/07/2016 19:37:11] /addskill ADM Zed, level
[04/07/2016 19:37:11] /addskill ADM Zed, level
[04/07/2016 19:37:11] /addskill ADM Zed, level
[04/07/2016 19:37:11] /addskill ADM Zed, level
[04/07/2016 19:37:11] /addskill ADM Zed, level
[04/07/2016 19:37:11] /addskill ADM Zed, level
[04/07/2016 19:37:11] /addskill ADM Zed, level
[04/07/2016 19:37:11] /addskill ADM Zed, level
[04/07/2016 19:37:11] /addskill ADM Zed, level
[04/07/2016 19:37:11] /addskill ADM Zed, level
[04/07/2016 19:37:11] /addskill ADM Zed, level
[04/07/2016 19:37:11] /addskill ADM Zed, level
[04/07/2016 19:37:11] /addskill ADM Zed, level
[04/07/2016 19:37:11] /addskill ADM Zed, level
[04/07/2016 19:37:11] /addskill ADM Zed, level
[04/07/2016 19:37:11] /addskill ADM Zed, level
[04/07/2016 19:37:11] /addskill ADM Zed, level
[04/07/2016 19:37:11] /addskill ADM Zed, level
[04/07/2016 19:37:12] /addskill ADM Zed, level
[04/07/2016 19:37:12] /addskill ADM Zed, level
[04/07/2016 19:37:12] /addskill ADM Zed, level
[04/07/2016 19:37:12] /addskill ADM Zed, level
[04/07/2016 19:37:12] /addskill ADM Zed, level
[04/07/2016 19:37:12] /addskill ADM Zed, level
[04/07/2016 19:37:12] /addskill ADM Zed, level
[04/07/2016 19:37:12] /addskill ADM Zed, level
[04/07/2016 19:37:12] /addskill ADM Zed, level
[04/07/2016 19:37:12] /addskill ADM Zed, level
[04/07/2016 19:37:12] /addskill ADM Zed, level
[04/07/2016 19:37:12] /addskill ADM Zed, level
[04/07/2016 19:37:12] /addskill ADM Zed, level
[04/07/2016 19:37:12] /addskill ADM Zed, level
[04/07/2016 19:37:12] /addskill ADM Zed, level
[04/07/2016 19:37:12] /addskill ADM Zed, level
[04/07/2016 19:37:12] /addskill ADM Zed, level
[04/07/2016 19:37:12] /addskill ADM Zed, level
[04/07/2016 19:37:12] /addskill ADM Zed, level
[04/07/2016 19:37:12] /addskill ADM Zed, level
[04/07/2016 19:37:12] /addskill ADM Zed, level
[04/07/2016 19:37:12] /addskill ADM Zed, level
[04/07/2016 19:37:12] /addskill ADM Zed, level
[04/07/2016 19:37:12] /addskill ADM Zed, level
[04/07/2016 19:37:12] /addskill ADM Zed, level
[04/07/2016 19:37:12] /addskill ADM Zed, level
[04/07/2016 19:37:12] /addskill ADM Zed, level
[04/07/2016 19:37:12] /addskill ADM Zed, level
[04/07/2016 19:37:12] /addskill ADM Zed, level
[04/07/2016 19:37:12] /addskill ADM Zed, level
[04/07/2016 19:37:13] /addskill ADM Zed, level
[04/07/2016 19:37:13] /addskill ADM Zed, level
[04/07/2016 19:37:13] /addskill ADM Zed, level
[04/07/2016 19:37:13] /addskill ADM Zed, level
[04/07/2016 19:37:13] /addskill ADM Zed, level
[04/07/2016 19:37:13] /addskill ADM Zed, level
[04/07/2016 19:37:13] /addskill ADM Zed, level
[04/07/2016 19:37:13] /addskill ADM Zed, level
[04/07/2016 19:37:13] /addskill ADM Zed, level
[04/07/2016 19:37:13] /addskill ADM Zed, level
[04/07/2016 19:37:13] /addskill ADM Zed, level
[04/07/2016 19:37:13] /addskill ADM Zed, level
[04/07/2016 19:37:13] /addskill ADM Zed, level
[04/07/2016 19:37:13] /addskill ADM Zed, level
[04/07/2016 19:37:13] /addskill ADM Zed, level
[04/07/2016 19:37:13] /addskill ADM Zed, level
[04/07/2016 19:37:13] /addskill ADM Zed, level
[04/07/2016 19:37:13] /addskill ADM Zed, level
[04/07/2016 19:37:13] /addskill ADM Zed, level
[04/07/2016 19:37:13] /addskill ADM Zed, level
[04/07/2016 19:37:13] /addskill ADM Zed, level
[04/07/2016 19:37:13] /addskill ADM Zed, level
[04/07/2016 19:37:13] /addskill ADM Zed, level
[04/07/2016 19:37:13] /addskill ADM Zed, level
[04/07/2016 19:37:13] /addskill ADM Zed, level
[04/07/2016 19:37:13] /addskill ADM Zed, level
[04/07/2016 19:37:13] /addskill ADM Zed, level
[04/07/2016 19:37:13] /addskill ADM Zed, level
[04/07/2016 19:37:13] /addskill ADM Zed, level
[04/07/2016 19:37:13] /addskill ADM Zed, level
[04/07/2016 19:37:13] /addskill ADM Zed, level
[04/07/2016 19:37:14] /addskill ADM Zed, level
[04/07/2016 19:37:14] /addskill ADM Zed, level
[04/07/2016 19:37:14] /addskill ADM Zed, level
[04/07/2016 19:37:14] /addskill ADM Zed, level
[04/07/2016 19:37:14] /addskill ADM Zed, level
[04/07/2016 19:37:14] /addskill ADM Zed, level
[04/07/2016 19:37:14] /addskill ADM Zed, level
[04/07/2016 19:37:14] /addskill ADM Zed, level
[04/07/2016 19:37:14] /addskill ADM Zed, level
[04/07/2016 19:37:14] /addskill ADM Zed, level
[04/07/2016 19:37:14] /addskill ADM Zed, level
[04/07/2016 19:37:14] /addskill ADM Zed, level
[04/07/2016 19:37:14] /addskill ADM Zed, level
[04/07/2016 19:37:14] /addskill ADM Zed, level
[04/07/2016 19:37:14] /addskill ADM Zed, level
[04/07/2016 19:37:14] /addskill ADM Zed, level
[04/07/2016 19:37:14] /addskill ADM Zed, level
[04/07/2016 19:37:14] /addskill ADM Zed, level
[04/07/2016 19:37:14] /addskill ADM Zed, level
[04/07/2016 19:37:14] /addskill ADM Zed, level
[04/07/2016 19:37:14] /addskill ADM Zed, level
[04/07/2016 19:37:14] /addskill ADM Zed, level
[04/07/2016 19:37:14] /addskill ADM Zed, level
[04/07/2016 19:37:14] /addskill ADM Zed, level
[04/07/2016 19:37:14] /addskill ADM Zed, level
[04/07/2016 19:37:14] /addskill ADM Zed, level
[04/07/2016 19:37:14] /addskill ADM Zed, level
[04/07/2016 19:37:14] /addskill ADM Zed, level
[04/07/2016 19:37:14] /addskill ADM Zed, level
[04/07/2016 19:37:14] /addskill ADM Zed, level
[04/07/2016 19:37:14] /addskill ADM Zed, level
[04/07/2016 19:37:15] /addskill ADM Zed, level
[04/07/2016 19:37:15] /addskill ADM Zed, level
[04/07/2016 19:37:16] /addskill ADM Zed, level
[04/07/2016 19:37:16] /addskill ADM Zed, level
[04/07/2016 19:37:16] /addskill ADM Zed, level
[04/07/2016 19:37:16] /addskill ADM Zed, level
[04/07/2016 19:37:16] /addskill ADM Zed, level
[04/07/2016 19:37:16] /addskill ADM Zed, level
[04/07/2016 19:37:16] /addskill ADM Zed, level
[04/07/2016 19:37:16] /addskill ADM Zed, level
[04/07/2016 19:37:16] /addskill ADM Zed, level
[04/07/2016 19:37:16] /addskill ADM Zed, level
[04/07/2016 19:37:16] /addskill ADM Zed, level
[04/07/2016 19:37:16] /addskill ADM Zed, level
[04/07/2016 19:37:16] /addskill ADM Zed, level
[04/07/2016 19:37:16] /addskill ADM Zed, level
[04/07/2016 19:37:16] /addskill ADM Zed, level
[04/07/2016 19:37:16] /addskill ADM Zed, level
[04/07/2016 19:37:16] /addskill ADM Zed, level
[04/07/2016 19:37:16] /addskill ADM Zed, level
[04/07/2016 19:37:16] /addskill ADM Zed, level
[04/07/2016 19:37:16] /addskill ADM Zed, level
[04/07/2016 19:37:16] /addskill ADM Zed, level
[04/07/2016 19:37:16] /addskill ADM Zed, level
[04/07/2016 19:37:16] /addskill ADM Zed, level
[04/07/2016 19:37:16] /addskill ADM Zed, level
[04/07/2016 19:37:16] /addskill ADM Zed, level
[04/07/2016 19:37:16] /addskill ADM Zed, level
[04/07/2016 19:37:16] /addskill ADM Zed, level
[04/07/2016 19:37:16] /addskill ADM Zed, level
[04/07/2016 19:37:16] /addskill ADM Zed, level
[04/07/2016 19:37:16] /addskill ADM Zed, level
[04/07/2016 19:37:17] /addskill ADM Zed, level
[04/07/2016 19:37:17] /addskill ADM Zed, level
[04/07/2016 19:37:17] /addskill ADM Zed, level
[04/07/2016 19:37:17] /addskill ADM Zed, level
[04/07/2016 19:37:17] /addskill ADM Zed, level
[04/07/2016 19:37:17] /addskill ADM Zed, level
[04/07/2016 19:37:17] /addskill ADM Zed, level
[04/07/2016 19:37:17] /addskill ADM Zed, level
[04/07/2016 19:37:17] /addskill ADM Zed, level
[04/07/2016 19:37:17] /addskill ADM Zed, level
[04/07/2016 19:37:17] /addskill ADM Zed, level
[04/07/2016 19:37:17] /addskill ADM Zed, level
[04/07/2016 19:37:17] /addskill ADM Zed, level
[04/07/2016 19:37:17] /addskill ADM Zed, level
[04/07/2016 19:37:17] /addskill ADM Zed, level
[04/07/2016 19:37:17] /addskill ADM Zed, level
[04/07/2016 19:37:17] /addskill ADM Zed, level
[04/07/2016 19:37:17] /addskill ADM Zed, level
[04/07/2016 19:37:17] /addskill ADM Zed, level
[04/07/2016 19:37:17] /addskill ADM Zed, level
[04/07/2016 19:37:17] /addskill ADM Zed, level
[04/07/2016 19:37:17] /addskill ADM Zed, level
[04/07/2016 19:37:17] /addskill ADM Zed, level
[04/07/2016 19:37:17] /addskill ADM Zed, level
[04/07/2016 19:37:17] /addskill ADM Zed, level
[04/07/2016 19:37:17] /addskill ADM Zed, level
[04/07/2016 19:37:17] /addskill ADM Zed, level
[04/07/2016 19:37:17] /addskill ADM Zed, level
[04/07/2016 19:37:17] /addskill ADM Zed, level
[04/07/2016 19:37:17] /addskill ADM Zed, level
[04/07/2016 19:37:18] /addskill ADM Zed, level
[04/07/2016 19:37:18] /addskill ADM Zed, level
[04/07/2016 19:37:18] /addskill ADM Zed, level
[04/07/2016 19:37:18] /addskill ADM Zed, level
[04/07/2016 19:37:18] /addskill ADM Zed, level
[04/07/2016 19:37:18] /addskill ADM Zed, level
[04/07/2016 19:37:18] /addskill ADM Zed, level
[04/07/2016 19:37:18] /addskill ADM Zed, level
[04/07/2016 19:37:18] /addskill ADM Zed, level
[04/07/2016 19:37:18] /addskill ADM Zed, level
[04/07/2016 19:37:18] /addskill ADM Zed, level
[04/07/2016 19:37:18] /addskill ADM Zed, level
[04/07/2016 19:37:18] /addskill ADM Zed, level
[04/07/2016 19:37:18] /addskill ADM Zed, level
[04/07/2016 19:37:18] /addskill ADM Zed, level
[04/07/2016 19:37:18] /addskill ADM Zed, level
[04/07/2016 19:37:18] /addskill ADM Zed, level
[04/07/2016 19:37:18] /addskill ADM Zed, level
[04/07/2016 19:37:18] /addskill ADM Zed, level
[04/07/2016 19:37:18] /addskill ADM Zed, level
[04/07/2016 19:37:18] /addskill ADM Zed, level
[04/07/2016 19:37:18] /addskill ADM Zed, level
[04/07/2016 19:37:18] /addskill ADM Zed, level
[04/07/2016 19:37:18] /addskill ADM Zed, level
[04/07/2016 19:37:18] /addskill ADM Zed, level
[04/07/2016 19:37:18] /addskill ADM Zed, level
[04/07/2016 19:37:18] /addskill ADM Zed, level
[04/07/2016 19:37:18] /addskill ADM Zed, level
[04/07/2016 19:37:18] /addskill ADM Zed, level
[04/07/2016 19:37:18] /addskill ADM Zed, level
[04/07/2016 19:37:18] /addskill ADM Zed, level
[04/07/2016 19:37:19] /addskill ADM Zed, level
[04/07/2016 19:37:19] /addskill ADM Zed, level
[04/07/2016 19:37:19] /addskill ADM Zed, level
[04/07/2016 19:37:19] /addskill ADM Zed, level
[04/07/2016 19:37:19] /addskill ADM Zed, level
[04/07/2016 19:37:19] /addskill ADM Zed, level
[04/07/2016 19:37:19] /addskill ADM Zed, level
[04/07/2016 19:37:19] /addskill ADM Zed, level
[04/07/2016 19:37:19] /addskill ADM Zed, level
[04/07/2016 19:37:19] /addskill ADM Zed, level
[04/07/2016 19:37:19] /addskill ADM Zed, level
[04/07/2016 19:37:19] /addskill ADM Zed, level
[04/07/2016 19:37:19] /addskill ADM Zed, level
[04/07/2016 19:37:19] /addskill ADM Zed, level
[04/07/2016 19:37:19] /addskill ADM Zed, level
[04/07/2016 19:37:21] /addskill ADM Zed, level
[04/07/2016 19:37:21] /addskill ADM Zed, level
[04/07/2016 19:37:21] /addskill ADM Zed, level
[04/07/2016 19:37:21] /addskill ADM Zed, level
[04/07/2016 19:37:21] /addskill ADM Zed, level
[04/07/2016 19:37:21] /addskill ADM Zed, level
[04/07/2016 19:37:21] /addskill ADM Zed, level
[04/07/2016 19:37:21] /addskill ADM Zed, level
[04/07/2016 19:37:21] /addskill ADM Zed, level
[04/07/2016 19:37:21] /addskill ADM Zed, level
[04/07/2016 19:37:21] /addskill ADM Zed, level
[04/07/2016 19:37:21] /addskill ADM Zed, level
[04/07/2016 19:37:21] /addskill ADM Zed, level
[04/07/2016 19:37:21] /addskill ADM Zed, level
[04/07/2016 19:37:22] /addskill ADM Zed, level
[04/07/2016 19:37:22] /addskill ADM Zed, level
[04/07/2016 19:37:22] /addskill ADM Zed, level
[04/07/2016 19:37:22] /addskill ADM Zed, level
[04/07/2016 19:37:22] /addskill ADM Zed, level
[04/07/2016 19:37:22] /addskill ADM Zed, level
[04/07/2016 19:37:22] /addskill ADM Zed, level
[04/07/2016 19:37:22] /addskill ADM Zed, level
[04/07/2016 19:37:22] /addskill ADM Zed, level
[04/07/2016 19:37:22] /addskill ADM Zed, level
[04/07/2016 19:37:22] /addskill ADM Zed, level
[04/07/2016 19:37:22] /addskill ADM Zed, level
[04/07/2016 19:37:22] /addskill ADM Zed, level
[04/07/2016 19:37:22] /addskill ADM Zed, level
[04/07/2016 19:37:22] /addskill ADM Zed, level
[04/07/2016 19:37:22] /addskill ADM Zed, level
[04/07/2016 19:37:22] /addskill ADM Zed, level
[04/07/2016 19:37:22] /addskill ADM Zed, level
[04/07/2016 19:37:22] /addskill ADM Zed, level
[04/07/2016 19:37:22] /addskill ADM Zed, level
[04/07/2016 19:37:22] /addskill ADM Zed, level
[04/07/2016 19:37:22] /addskill ADM Zed, level
[04/07/2016 19:37:22] /addskill ADM Zed, level
[04/07/2016 19:37:22] /addskill ADM Zed, level
[04/07/2016 19:37:22] /addskill ADM Zed, level
[04/07/2016 19:37:22] /addskill ADM Zed, level
[04/07/2016 19:37:22] /addskill ADM Zed, level
[04/07/2016 19:37:22] /addskill ADM Zed, level
[04/07/2016 19:37:22] /addskill ADM Zed, level
[04/07/2016 19:37:22] /addskill ADM Zed, level
[04/07/2016 19:37:23] /addskill ADM Zed, level
[04/07/2016 19:37:23] /addskill ADM Zed, level
[04/07/2016 19:37:23] /addskill ADM Zed, level
[04/07/2016 19:37:23] /addskill ADM Zed, level
[04/07/2016 19:37:23] /addskill ADM Zed, level
[04/07/2016 19:37:23] /addskill ADM Zed, level
[04/07/2016 19:37:23] /addskill ADM Zed, level
[04/07/2016 19:37:23] /addskill ADM Zed, level
[04/07/2016 19:37:23] /addskill ADM Zed, level
[04/07/2016 19:37:23] /addskill ADM Zed, level
[04/07/2016 19:37:23] /addskill ADM Zed, level
[04/07/2016 19:37:23] /addskill ADM Zed, level
[04/07/2016 19:37:23] /addskill ADM Zed, level
[04/07/2016 19:37:23] /addskill ADM Zed, level
[04/07/2016 19:37:23] /addskill ADM Zed, level
[04/07/2016 19:37:23] /addskill ADM Zed, level
[04/07/2016 19:37:23] /addskill ADM Zed, level
[04/07/2016 19:37:23] /addskill ADM Zed, level
[04/07/2016 19:37:23] /addskill ADM Zed, level
[04/07/2016 19:37:23] /addskill ADM Zed, level
[04/07/2016 19:37:23] /addskill ADM Zed, level
[04/07/2016 19:37:23] /addskill ADM Zed, level
[04/07/2016 19:37:23] /addskill ADM Zed, level
[04/07/2016 19:37:23] /addskill ADM Zed, level
[04/07/2016 19:37:23] /addskill ADM Zed, level
[04/07/2016 19:37:23] /addskill ADM Zed, level
[04/07/2016 19:37:23] /addskill ADM Zed, level
[04/07/2016 19:37:23] /addskill ADM Zed, level
[04/07/2016 19:37:23] /addskill ADM Zed, level
[04/07/2016 19:37:24] /addskill ADM Zed, level
[04/07/2016 19:37:24] /addskill ADM Zed, level
[04/07/2016 19:37:24] /addskill ADM Zed, level
[04/07/2016 19:37:24] /addskill ADM Zed, level
[04/07/2016 19:37:24] /addskill ADM Zed, level
[04/07/2016 19:37:24] /addskill ADM Zed, level
[04/07/2016 19:37:24] /addskill ADM Zed, level
[04/07/2016 19:37:24] /addskill ADM Zed, level
[04/07/2016 19:37:24] /addskill ADM Zed, level
[04/07/2016 19:37:24] /addskill ADM Zed, level
[04/07/2016 19:37:24] /addskill ADM Zed, level
[04/07/2016 19:37:24] /addskill ADM Zed, level
[04/07/2016 19:37:24] /addskill ADM Zed, level
[04/07/2016 19:37:24] /addskill ADM Zed, level
[04/07/2016 19:37:24] /addskill ADM Zed, level
[04/07/2016 19:37:24] /addskill ADM Zed, level
[04/07/2016 19:37:24] /addskill ADM Zed, level
[04/07/2016 19:37:24] /addskill ADM Zed, level
[04/07/2016 19:37:24] /addskill ADM Zed, level
[04/07/2016 19:37:24] /addskill ADM Zed, level
[04/07/2016 19:37:24] /addskill ADM Zed, level
[04/07/2016 19:37:24] /addskill ADM Zed, level
[04/07/2016 19:37:24] /addskill ADM Zed, level
[04/07/2016 19:37:24] /addskill ADM Zed, level
[04/07/2016 19:37:24] /addskill ADM Zed, level
[04/07/2016 19:37:24] /addskill ADM Zed, level
[04/07/2016 19:37:24] /addskill ADM Zed, level
[04/07/2016 19:37:24] /addskill ADM Zed, level
[04/07/2016 19:37:24] /addskill ADM Zed, level
[04/07/2016 19:37:24] /addskill ADM Zed, level
[04/07/2016 19:37:24] /addskill ADM Zed, level
[04/07/2016 19:37:24] /addskill ADM Zed, level
[04/07/2016 19:37:25] /addskill ADM Zed, level
[04/07/2016 19:37:25] /addskill ADM Zed, level
[04/07/2016 19:37:25] /addskill ADM Zed, level
[04/07/2016 19:37:25] /addskill ADM Zed, level
[04/07/2016 19:37:25] /addskill ADM Zed, level
[04/07/2016 19:37:25] /addskill ADM Zed, level
[04/07/2016 19:37:25] /addskill ADM Zed, level
[04/07/2016 19:37:25] /addskill ADM Zed, level
[04/07/2016 19:37:25] /addskill ADM Zed, level
[04/07/2016 19:37:25] /addskill ADM Zed, level
[04/07/2016 19:37:25] /addskill ADM Zed, level
[04/07/2016 19:37:25] /addskill ADM Zed, level
[04/07/2016 19:37:25] /addskill ADM Zed, level
[04/07/2016 19:37:25] /addskill ADM Zed, level
[04/07/2016 19:37:25] /addskill ADM Zed, level
[04/07/2016 19:37:25] /addskill ADM Zed, level
[04/07/2016 19:37:25] /addskill ADM Zed, level
[04/07/2016 19:37:25] /addskill ADM Zed, level
[04/07/2016 19:37:25] /addskill ADM Zed, level
[04/07/2016 19:37:25] /addskill ADM Zed, level
[04/07/2016 19:37:25] /addskill ADM Zed, level
[04/07/2016 19:37:25] /addskill ADM Zed, level
[04/07/2016 19:37:25] /addskill ADM Zed, level
[04/07/2016 19:37:25] /addskill ADM Zed, level
[04/07/2016 19:37:25] /addskill ADM Zed, level
[04/07/2016 19:37:25] /addskill ADM Zed, level
[04/07/2016 19:37:25] /addskill ADM Zed, level
[04/07/2016 19:37:25] /addskill ADM Zed, level
[04/07/2016 19:37:25] /addskill ADM Zed, level
[04/07/2016 19:37:25] /addskill ADM Zed, level
[04/07/2016 19:37:26] /addskill ADM Zed, level
[04/07/2016 19:37:26] /addskill ADM Zed, level
[04/07/2016 19:37:26] /addskill ADM Zed, level
[04/07/2016 19:37:26] /addskill ADM Zed, level
[04/07/2016 19:37:26] /addskill ADM Zed, level
[04/07/2016 19:37:26] /addskill ADM Zed, level
[04/07/2016 19:37:26] /addskill ADM Zed, level
[04/07/2016 19:37:26] /addskill ADM Zed, level
[04/07/2016 19:37:26] /addskill ADM Zed, level
[04/07/2016 19:37:26] /addskill ADM Zed, level
[04/07/2016 19:37:26] /addskill ADM Zed, level
[04/07/2016 19:37:26] /addskill ADM Zed, level
[04/07/2016 19:37:26] /addskill ADM Zed, level
[04/07/2016 19:37:26] /addskill ADM Zed, level
[04/07/2016 19:37:26] /addskill ADM Zed, level
[04/07/2016 19:37:26] /addskill ADM Zed, level
[04/07/2016 19:37:26] /addskill ADM Zed, level
[04/07/2016 19:37:26] /addskill ADM Zed, level
[04/07/2016 19:37:26] /addskill ADM Zed, level
[04/07/2016 19:37:26] /addskill ADM Zed, level
[04/07/2016 19:37:26] /addskill ADM Zed, level
[04/07/2016 19:37:26] /addskill ADM Zed, level
[04/07/2016 19:37:26] /addskill ADM Zed, level
[04/07/2016 19:37:26] /addskill ADM Zed, level
[04/07/2016 19:37:26] /addskill ADM Zed, level
[04/07/2016 19:37:26] /addskill ADM Zed, level
[04/07/2016 19:37:26] /addskill ADM Zed, level
[04/07/2016 19:37:26] /addskill ADM Zed, level
[04/07/2016 19:37:26] /addskill ADM Zed, level
[04/07/2016 19:37:26] /addskill ADM Zed, level
[04/07/2016 19:37:27] /addskill ADM Zed, level
[04/07/2016 19:37:27] /addskill ADM Zed, level
[04/07/2016 19:37:27] /addskill ADM Zed, level
[04/07/2016 19:37:27] /addskill ADM Zed, level
[04/07/2016 19:37:27] /addskill ADM Zed, level
[04/07/2016 19:37:27] /addskill ADM Zed, level
[04/07/2016 19:37:27] /addskill ADM Zed, level
[04/07/2016 19:37:27] /addskill ADM Zed, level
[04/07/2016 19:37:27] /addskill ADM Zed, level
[04/07/2016 19:37:27] /addskill ADM Zed, level
[04/07/2016 19:37:27] /addskill ADM Zed, level
[04/07/2016 19:37:27] /addskill ADM Zed, level
[04/07/2016 19:37:27] /addskill ADM Zed, level
[04/07/2016 19:37:27] /addskill ADM Zed, level
[04/07/2016 19:37:27] /addskill ADM Zed, level
[04/07/2016 19:37:27] /addskill ADM Zed, level
[04/07/2016 19:37:27] /addskill ADM Zed, level
[04/07/2016 19:37:27] /addskill ADM Zed, level
[04/07/2016 19:37:27] /addskill ADM Zed, level
[04/07/2016 19:37:27] /addskill ADM Zed, level
[04/07/2016 19:37:27] /addskill ADM Zed, level
[04/07/2016 19:37:27] /addskill ADM Zed, level
[04/07/2016 19:37:27] /addskill ADM Zed, level
[04/07/2016 19:37:27] /addskill ADM Zed, level
[04/07/2016 19:37:27] /addskill ADM Zed, level
[04/07/2016 19:37:27] /addskill ADM Zed, level
[04/07/2016 19:37:27] /addskill ADM Zed, level
[04/07/2016 19:37:27] /addskill ADM Zed, level
[04/07/2016 19:37:27] /addskill ADM Zed, level
[04/07/2016 19:37:27] /addskill ADM Zed, level
[04/07/2016 19:37:28] /addskill ADM Zed, level
[04/07/2016 19:37:28] /addskill ADM Zed, level
[04/07/2016 19:37:28] /addskill ADM Zed, level
[04/07/2016 19:37:28] /addskill ADM Zed, level
[04/07/2016 19:37:28] /addskill ADM Zed, level
[04/07/2016 19:37:28] /addskill ADM Zed, level
[04/07/2016 19:37:28] /addskill ADM Zed, level
[04/07/2016 19:37:28] /addskill ADM Zed, level
[04/07/2016 19:37:28] /addskill ADM Zed, level
[04/07/2016 19:37:28] /addskill ADM Zed, level
[04/07/2016 19:37:28] /addskill ADM Zed, level
[04/07/2016 19:37:28] /addskill ADM Zed, level
[04/07/2016 19:37:28] /addskill ADM Zed, level
[04/07/2016 19:37:28] /addskill ADM Zed, level
[04/07/2016 19:37:28] /addskill ADM Zed, level
[04/07/2016 19:37:28] /addskill ADM Zed, level
[04/07/2016 19:37:28] /addskill ADM Zed, level
[04/07/2016 19:37:28] /addskill ADM Zed, level
[04/07/2016 19:37:28] /addskill ADM Zed, level
[04/07/2016 19:37:28] /addskill ADM Zed, level
[04/07/2016 19:37:28] /addskill ADM Zed, level
[04/07/2016 19:37:28] /addskill ADM Zed, level
[04/07/2016 19:37:28] /addskill ADM Zed, level
[04/07/2016 19:37:28] /addskill ADM Zed, level
[04/07/2016 19:37:28] /addskill ADM Zed, level
[04/07/2016 19:37:28] /addskill ADM Zed, level
[04/07/2016 19:37:28] /addskill ADM Zed, level
[04/07/2016 19:37:28] /addskill ADM Zed, level
[04/07/2016 19:37:28] /addskill ADM Zed, level
[04/07/2016 19:37:28] /addskill ADM Zed, level
[04/07/2016 19:37:29] /addskill ADM Zed, level
[04/07/2016 19:37:29] /addskill ADM Zed, level
[04/07/2016 19:37:29] /addskill ADM Zed, level
[04/07/2016 19:37:29] /addskill ADM Zed, level
[04/07/2016 19:37:29] /addskill ADM Zed, level
[04/07/2016 19:37:29] /addskill ADM Zed, level
[04/07/2016 19:37:29] /addskill ADM Zed, level
[04/07/2016 19:37:29] /addskill ADM Zed, level
[04/07/2016 19:37:29] /addskill ADM Zed, level
[04/07/2016 19:37:29] /addskill ADM Zed, level
[04/07/2016 19:37:29] /addskill ADM Zed, level
[04/07/2016 19:37:29] /addskill ADM Zed, level
[04/07/2016 19:37:29] /addskill ADM Zed, level
[04/07/2016 19:37:29] /addskill ADM Zed, level
[04/07/2016 19:37:29] /addskill ADM Zed, level
[04/07/2016 19:37:29] /addskill ADM Zed, level
[04/07/2016 19:37:29] /addskill ADM Zed, level
[04/07/2016 19:37:29] /addskill ADM Zed, level
[04/07/2016 19:37:29] /addskill ADM Zed, level
[04/07/2016 19:37:29] /addskill ADM Zed, level
[04/07/2016 19:37:29] /addskill ADM Zed, level
[04/07/2016 19:37:29] /addskill ADM Zed, level
[04/07/2016 19:37:29] /addskill ADM Zed, level
[04/07/2016 19:37:29] /addskill ADM Zed, level
[04/07/2016 19:37:29] /addskill ADM Zed, level
[04/07/2016 19:37:29] /addskill ADM Zed, level
[04/07/2016 19:37:29] /addskill ADM Zed, level
[04/07/2016 19:37:29] /addskill ADM Zed, level
[04/07/2016 19:37:29] /addskill ADM Zed, level
[04/07/2016 19:37:29] /addskill ADM Zed, level
[04/07/2016 19:37:29] /addskill ADM Zed, level
[04/07/2016 19:37:30] /addskill ADM Zed, level
[04/07/2016 19:37:30] /addskill ADM Zed, level
[04/07/2016 19:37:30] /addskill ADM Zed, level
[04/07/2016 19:37:30] /addskill ADM Zed, level
[04/07/2016 19:37:30] /addskill ADM Zed, level
[04/07/2016 19:37:30] /addskill ADM Zed, level
[04/07/2016 19:37:30] /addskill ADM Zed, level
[04/07/2016 19:37:30] /addskill ADM Zed, level
[04/07/2016 19:37:30] /addskill ADM Zed, level
[04/07/2016 19:37:30] /addskill ADM Zed, level
[04/07/2016 19:37:30] /addskill ADM Zed, level
[04/07/2016 19:37:30] /addskill ADM Zed, level
[04/07/2016 19:37:30] /addskill ADM Zed, level
[04/07/2016 19:37:30] /addskill ADM Zed, level
[04/07/2016 19:37:30] /addskill ADM Zed, level
[04/07/2016 19:37:30] /addskill ADM Zed, level
[04/07/2016 19:37:30] /addskill ADM Zed, level
[04/07/2016 19:37:30] /addskill ADM Zed, level
[04/07/2016 19:37:30] /addskill ADM Zed, level
[04/07/2016 19:37:30] /addskill ADM Zed, level
[04/07/2016 19:37:30] /addskill ADM Zed, level
[04/07/2016 19:37:30] /addskill ADM Zed, level
[04/07/2016 19:37:30] /addskill ADM Zed, level
[04/07/2016 19:37:30] /addskill ADM Zed, level
[04/07/2016 19:37:30] /addskill ADM Zed, level
[04/07/2016 19:37:30] /addskill ADM Zed, level
[04/07/2016 19:37:30] /addskill ADM Zed, level
[04/07/2016 19:37:30] /addskill ADM Zed, level
[04/07/2016 19:37:30] /addskill ADM Zed, level
[04/07/2016 19:37:30] /addskill ADM Zed, level
[04/07/2016 19:37:31] /addskill ADM Zed, level
[04/07/2016 19:37:31] /addskill ADM Zed, level
[04/07/2016 19:37:31] /addskill ADM Zed, level
[04/07/2016 19:37:31] /addskill ADM Zed, level
[04/07/2016 19:37:31] /addskill ADM Zed, level
[04/07/2016 19:37:31] /addskill ADM Zed, level
[04/07/2016 19:37:31] /addskill ADM Zed, level
[04/07/2016 19:37:31] /addskill ADM Zed, level
[04/07/2016 19:37:31] /addskill ADM Zed, level
[04/07/2016 19:37:31] /addskill ADM Zed, level
[04/07/2016 19:37:31] /addskill ADM Zed, level
[04/07/2016 19:37:31] /addskill ADM Zed, level
[04/07/2016 19:37:31] /addskill ADM Zed, level
[04/07/2016 19:37:31] /addskill ADM Zed, level
[04/07/2016 19:37:31] /addskill ADM Zed, level
[04/07/2016 19:37:31] /addskill ADM Zed, level
[04/07/2016 19:37:31] /addskill ADM Zed, level
[04/07/2016 19:37:31] /addskill ADM Zed, level
[04/07/2016 19:37:31] /addskill ADM Zed, level
[04/07/2016 19:37:31] /addskill ADM Zed, level
[04/07/2016 19:37:31] /addskill ADM Zed, level
[04/07/2016 19:37:31] /addskill ADM Zed, level
[04/07/2016 19:37:31] /addskill ADM Zed, level
[04/07/2016 19:37:31] /addskill ADM Zed, level
[04/07/2016 19:37:31] /addskill ADM Zed, level
[04/07/2016 19:37:31] /addskill ADM Zed, level
[04/07/2016 19:37:31] /addskill ADM Zed, level
[04/07/2016 19:37:31] /addskill ADM Zed, level
[04/07/2016 19:37:31] /addskill ADM Zed, level
[04/07/2016 19:37:31] /addskill ADM Zed, level
[04/07/2016 19:37:31] /addskill ADM Zed, level
[04/07/2016 19:37:32] /addskill ADM Zed, level
[04/07/2016 19:37:32] /addskill ADM Zed, level
[04/07/2016 19:37:32] /addskill ADM Zed, level
[04/07/2016 19:37:32] /addskill ADM Zed, level
[04/07/2016 19:37:32] /addskill ADM Zed, level
[04/07/2016 19:37:32] /addskill ADM Zed, level
[04/07/2016 19:37:32] /addskill ADM Zed, level
[04/07/2016 19:37:32] /addskill ADM Zed, level
[04/07/2016 19:37:32] /addskill ADM Zed, level
[04/07/2016 19:37:32] /addskill ADM Zed, level
[04/07/2016 19:37:32] /addskill ADM Zed, level
[04/07/2016 19:37:32] /addskill ADM Zed, level
[04/07/2016 19:37:32] /addskill ADM Zed, level
[04/07/2016 19:37:32] /addskill ADM Zed, level
[04/07/2016 19:37:32] /addskill ADM Zed, level
[04/07/2016 19:37:32] /addskill ADM Zed, level
[04/07/2016 19:37:32] /addskill ADM Zed, level
[04/07/2016 19:37:32] /addskill ADM Zed, level
[04/07/2016 19:37:32] /addskill ADM Zed, level
[04/07/2016 19:37:32] /addskill ADM Zed, level
[04/07/2016 19:37:32] /addskill ADM Zed, level
[04/07/2016 19:37:32] /addskill ADM Zed, level
[04/07/2016 19:37:32] /addskill ADM Zed, level
[04/07/2016 19:37:32] /addskill ADM Zed, level
[04/07/2016 19:37:32] /addskill ADM Zed, level
[04/07/2016 19:37:32] /addskill ADM Zed, level
[04/07/2016 19:37:32] /addskill ADM Zed, level
[04/07/2016 19:37:32] /addskill ADM Zed, level
[04/07/2016 19:37:32] /addskill ADM Zed, level
[04/07/2016 19:37:33] /addskill ADM Zed, level
[04/07/2016 19:37:33] /addskill ADM Zed, level
[04/07/2016 19:37:33] /addskill ADM Zed, level
[04/07/2016 19:37:33] /addskill ADM Zed, level
[04/07/2016 19:37:33] /addskill ADM Zed, level
[04/07/2016 19:37:33] /addskill ADM Zed, level
[04/07/2016 19:37:33] /addskill ADM Zed, level
[04/07/2016 19:37:33] /addskill ADM Zed, level
[04/07/2016 19:37:33] /addskill ADM Zed, level
[04/07/2016 19:37:33] /addskill ADM Zed, level
[04/07/2016 19:37:33] /addskill ADM Zed, level
[04/07/2016 19:37:33] /addskill ADM Zed, level
[04/07/2016 19:37:33] /addskill ADM Zed, level
[04/07/2016 19:37:33] /addskill ADM Zed, level
[04/07/2016 19:37:33] /addskill ADM Zed, level
[04/07/2016 19:37:33] /addskill ADM Zed, level
[04/07/2016 19:37:33] /addskill ADM Zed, level
[04/07/2016 19:37:33] /addskill ADM Zed, level
[04/07/2016 19:37:33] /addskill ADM Zed, level
[04/07/2016 19:37:33] /addskill ADM Zed, level
[04/07/2016 19:37:33] /addskill ADM Zed, level
[04/07/2016 19:37:33] /addskill ADM Zed, level
[04/07/2016 19:37:33] /addskill ADM Zed, level
[04/07/2016 19:37:33] /addskill ADM Zed, level
[04/07/2016 19:37:33] /addskill ADM Zed, level
[04/07/2016 19:37:33] /addskill ADM Zed, level
[04/07/2016 19:37:33] /addskill ADM Zed, level
[04/07/2016 19:37:33] /addskill ADM Zed, level
[04/07/2016 19:37:33] /addskill ADM Zed, level
[04/07/2016 19:37:33] /addskill ADM Zed, level
[04/07/2016 19:37:33] /addskill ADM Zed, level
[04/07/2016 19:37:34] /addskill ADM Zed, level
[04/07/2016 19:37:34] /addskill ADM Zed, level
[04/07/2016 19:37:34] /addskill ADM Zed, level
[04/07/2016 19:37:34] /addskill ADM Zed, level
[04/07/2016 19:37:34] /addskill ADM Zed, level
[04/07/2016 19:37:34] /addskill ADM Zed, level
[04/07/2016 19:37:34] /addskill ADM Zed, level
[04/07/2016 19:37:34] /addskill ADM Zed, level
[04/07/2016 19:37:34] /addskill ADM Zed, level
[04/07/2016 19:37:34] /addskill ADM Zed, level
[04/07/2016 19:37:34] /addskill ADM Zed, level
[04/07/2016 19:37:34] /addskill ADM Zed, level
[04/07/2016 19:37:34] /addskill ADM Zed, level
[04/07/2016 19:37:34] /addskill ADM Zed, level
[04/07/2016 19:37:34] /addskill ADM Zed, level
[04/07/2016 19:37:34] /addskill ADM Zed, level
[04/07/2016 19:37:34] /addskill ADM Zed, level
[04/07/2016 19:37:34] /addskill ADM Zed, level
[04/07/2016 19:37:34] /addskill ADM Zed, level
[04/07/2016 19:37:34] /addskill ADM Zed, level
[04/07/2016 19:37:34] /addskill ADM Zed, level
[04/07/2016 19:37:34] /addskill ADM Zed, level
[04/07/2016 19:37:34] /addskill ADM Zed, level
[04/07/2016 19:37:34] /addskill ADM Zed, level
[04/07/2016 19:37:34] /addskill ADM Zed, level
[04/07/2016 19:37:34] /addskill ADM Zed, level
[04/07/2016 19:37:34] /addskill ADM Zed, level
[04/07/2016 19:37:34] /addskill ADM Zed, level
[04/07/2016 19:37:34] /addskill ADM Zed, level
[04/07/2016 19:37:34] /addskill ADM Zed, level
[04/07/2016 19:37:35] /addskill ADM Zed, level
[04/07/2016 19:37:35] /addskill ADM Zed, level
[04/07/2016 19:37:35] /addskill ADM Zed, level
[04/07/2016 19:37:35] /addskill ADM Zed, level
[04/07/2016 19:37:35] /addskill ADM Zed, level
[04/07/2016 19:37:35] /addskill ADM Zed, level
[04/07/2016 19:37:35] /addskill ADM Zed, level
[04/07/2016 19:37:35] /addskill ADM Zed, level
[04/07/2016 19:37:35] /addskill ADM Zed, level
[04/07/2016 19:37:35] /addskill ADM Zed, level
[04/07/2016 19:37:35] /addskill ADM Zed, level
[04/07/2016 19:37:35] /addskill ADM Zed, level
[04/07/2016 19:37:35] /addskill ADM Zed, level
[04/07/2016 19:37:35] /addskill ADM Zed, level
[04/07/2016 19:37:35] /addskill ADM Zed, level
[04/07/2016 19:37:35] /addskill ADM Zed, level
[04/07/2016 19:37:35] /addskill ADM Zed, level
[04/07/2016 19:37:35] /addskill ADM Zed, level
[04/07/2016 19:37:35] /addskill ADM Zed, level
[04/07/2016 19:37:35] /addskill ADM Zed, level
[04/07/2016 19:37:35] /addskill ADM Zed, level
[04/07/2016 19:37:35] /addskill ADM Zed, level
[04/07/2016 19:37:35] /addskill ADM Zed, level
[04/07/2016 19:37:35] /addskill ADM Zed, level
[04/07/2016 19:37:35] /addskill ADM Zed, level
[04/07/2016 19:37:35] /addskill ADM Zed, level
[04/07/2016 19:37:35] /addskill ADM Zed, level
[04/07/2016 19:37:35] /addskill ADM Zed, level
[04/07/2016 19:37:35] /addskill ADM Zed, level
[04/07/2016 19:37:35] /addskill ADM Zed, level
[04/07/2016 19:37:35] /addskill ADM Zed, level
[04/07/2016 19:37:36] /addskill ADM Zed, level
[04/07/2016 19:37:36] /addskill ADM Zed, level
[04/07/2016 19:37:36] /addskill ADM Zed, level
[04/07/2016 19:37:36] /addskill ADM Zed, level
[04/07/2016 19:37:36] /addskill ADM Zed, level
[04/07/2016 19:37:36] /addskill ADM Zed, level
[04/07/2016 19:37:36] /addskill ADM Zed, level
[04/07/2016 19:37:36] /addskill ADM Zed, level
[04/07/2016 19:37:36] /addskill ADM Zed, level
[04/07/2016 19:37:36] /addskill ADM Zed, level
[04/07/2016 19:37:36] /addskill ADM Zed, level
[04/07/2016 19:37:36] /addskill ADM Zed, level
[04/07/2016 19:37:36] /addskill ADM Zed, level
[04/07/2016 19:37:36] /addskill ADM Zed, level
[04/07/2016 19:37:36] /addskill ADM Zed, level
[04/07/2016 19:37:36] /addskill ADM Zed, level
[04/07/2016 19:37:36] /addskill ADM Zed, level
[04/07/2016 19:37:36] /addskill ADM Zed, level
[04/07/2016 19:37:36] /addskill ADM Zed, level
[04/07/2016 19:37:36] /addskill ADM Zed, level
[04/07/2016 19:37:36] /addskill ADM Zed, level
[04/07/2016 19:37:36] /addskill ADM Zed, level
[04/07/2016 19:37:36] /addskill ADM Zed, level
[04/07/2016 19:37:36] /addskill ADM Zed, level
[04/07/2016 19:37:36] /addskill ADM Zed, level
[04/07/2016 19:37:36] /addskill ADM Zed, level
[04/07/2016 19:37:36] /addskill ADM Zed, level
[04/07/2016 19:37:36] /addskill ADM Zed, level
[04/07/2016 19:37:36] /addskill ADM Zed, level
[04/07/2016 19:37:36] /addskill ADM Zed, level
[04/07/2016 19:37:37] /addskill ADM Zed, level
[04/07/2016 19:37:37] /addskill ADM Zed, level
[04/07/2016 19:37:37] /addskill ADM Zed, level
[04/07/2016 19:37:37] /addskill ADM Zed, level
[04/07/2016 19:37:37] /addskill ADM Zed, level
[04/07/2016 19:37:37] /addskill ADM Zed, level
[04/07/2016 19:37:37] /addskill ADM Zed, level
[04/07/2016 19:37:37] /addskill ADM Zed, level
[04/07/2016 19:37:37] /addskill ADM Zed, level
[04/07/2016 19:37:37] /addskill ADM Zed, level
[04/07/2016 19:37:37] /addskill ADM Zed, level
[04/07/2016 19:37:37] /addskill ADM Zed, level
[04/07/2016 19:37:37] /addskill ADM Zed, level
[04/07/2016 19:37:37] /addskill ADM Zed, level
[04/07/2016 19:37:37] /addskill ADM Zed, level
[04/07/2016 19:37:37] /addskill ADM Zed, level
[04/07/2016 19:37:37] /addskill ADM Zed, level
[04/07/2016 19:37:37] /addskill ADM Zed, level
[04/07/2016 19:37:37] /addskill ADM Zed, level
[04/07/2016 19:37:37] /addskill ADM Zed, level
[04/07/2016 19:37:37] /addskill ADM Zed, level
[04/07/2016 19:37:37] /addskill ADM Zed, level
[04/07/2016 19:37:37] /addskill ADM Zed, level
[04/07/2016 19:37:37] /addskill ADM Zed, level
[04/07/2016 19:37:37] /addskill ADM Zed, level
[04/07/2016 19:37:37] /addskill ADM Zed, level
[04/07/2016 19:37:37] /addskill ADM Zed, level
[04/07/2016 19:37:37] /addskill ADM Zed, level
[04/07/2016 19:37:37] /addskill ADM Zed, level
[04/07/2016 19:37:37] /addskill ADM Zed, level
[04/07/2016 19:37:37] /addskill ADM Zed, level
[04/07/2016 19:37:38] /addskill ADM Zed, level
[04/07/2016 19:37:38] /addskill ADM Zed, level
[04/07/2016 19:37:38] /addskill ADM Zed, level
[04/07/2016 19:37:38] /addskill ADM Zed, level
[04/07/2016 19:37:38] /addskill ADM Zed, level
[04/07/2016 19:37:38] /addskill ADM Zed, level
[04/07/2016 19:37:38] /addskill ADM Zed, level
[04/07/2016 19:37:38] /addskill ADM Zed, level
[04/07/2016 19:37:38] /addskill ADM Zed, level
[04/07/2016 19:37:38] /addskill ADM Zed, level
[04/07/2016 19:37:38] /addskill ADM Zed, level
[04/07/2016 19:37:38] /addskill ADM Zed, level
[04/07/2016 19:37:38] /addskill ADM Zed, level
[04/07/2016 19:37:38] /addskill ADM Zed, level
[04/07/2016 19:37:38] /addskill ADM Zed, level
[04/07/2016 19:37:38] /addskill ADM Zed, level
[04/07/2016 19:37:38] /addskill ADM Zed, level
[04/07/2016 19:37:38] /addskill ADM Zed, level
[04/07/2016 19:37:38] /addskill ADM Zed, level
[04/07/2016 19:37:38] /addskill ADM Zed, level
[04/07/2016 19:37:38] /addskill ADM Zed, level
[04/07/2016 19:37:38] /addskill ADM Zed, level
[04/07/2016 19:37:38] /addskill ADM Zed, level
[04/07/2016 19:37:38] /addskill ADM Zed, level
[04/07/2016 19:37:38] /addskill ADM Zed, level
[04/07/2016 19:37:38] /addskill ADM Zed, level
[04/07/2016 19:37:38] /addskill ADM Zed, level
[04/07/2016 19:37:38] /addskill ADM Zed, level
[04/07/2016 19:37:38] /addskill ADM Zed, level
[04/07/2016 19:37:39] /addskill ADM Zed, level
[04/07/2016 19:37:39] /addskill ADM Zed, level
[04/07/2016 19:37:39] /addskill ADM Zed, level
[04/07/2016 19:37:39] /addskill ADM Zed, level
[04/07/2016 19:37:39] /addskill ADM Zed, level
[04/07/2016 19:37:39] /addskill ADM Zed, level
[04/07/2016 19:37:39] /addskill ADM Zed, level
[04/07/2016 19:37:39] /addskill ADM Zed, level
[04/07/2016 19:37:39] /addskill ADM Zed, level
[04/07/2016 19:37:39] /addskill ADM Zed, level
[04/07/2016 19:37:39] /addskill ADM Zed, level
[04/07/2016 19:37:39] /addskill ADM Zed, level
[04/07/2016 19:37:39] /addskill ADM Zed, level
[04/07/2016 19:37:39] /addskill ADM Zed, level
[04/07/2016 19:37:39] /addskill ADM Zed, level
[04/07/2016 19:37:39] /addskill ADM Zed, level
[04/07/2016 19:37:39] /addskill ADM Zed, level
[04/07/2016 19:37:39] /addskill ADM Zed, level
[04/07/2016 19:37:39] /addskill ADM Zed, level
[04/07/2016 19:37:39] /addskill ADM Zed, level
[04/07/2016 19:37:39] /addskill ADM Zed, level
[04/07/2016 19:37:39] /addskill ADM Zed, level
[04/07/2016 19:37:39] /addskill ADM Zed, level
[04/07/2016 19:37:39] /addskill ADM Zed, level
[04/07/2016 19:37:39] /addskill ADM Zed, level
[04/07/2016 19:37:39] /addskill ADM Zed, level
[04/07/2016 19:37:39] /addskill ADM Zed, level
[04/07/2016 19:38:07] /i 12279
[04/07/2016 19:38:34] /t
[04/07/2016 19:39:02] /a 5
[04/07/2016 19:39:21] /a 5
[04/07/2016 19:40:47] /goto adm zik
[04/07/2016 19:40:52] /t
[04/07/2016 19:41:11] /t
[04/07/2016 19:41:41] /a 5
[04/07/2016 19:41:44] /a 5
