[18/07/2016 15:13:19] /ghost
[18/07/2016 15:13:32] /b Duvidas no Help!
[18/07/2016 15:28:19] /r
[18/07/2016 15:55:47] /goto guiigao
[18/07/2016 15:57:41] /b Duvidas no help, e n temos vagas! 
[18/07/2016 16:04:14] /t
[18/07/2016 16:17:21] /t
[18/07/2016 16:17:31] /t
[18/07/2016 16:19:11] /goto woonder
[18/07/2016 16:32:43] /goto mileninha
[18/07/2016 16:41:05] /a 2
[18/07/2016 16:51:48] /goto mileninha
[18/07/2016 16:55:15] /b Duvidas no Help!
[18/07/2016 17:29:04] /info mileninha
[18/07/2016 17:47:17] /b Duvidas no Help!
[18/07/2016 17:53:52] /a 2
[18/07/2016 17:54:43] /a 3
[18/07/2016 17:54:44] /t
[18/07/2016 18:01:00] /mc
[18/07/2016 18:05:42] /r
[18/07/2016 18:05:43] /r
[18/07/2016 18:07:26] /goto viitinho
[18/07/2016 18:07:35] /goto vitinho
[18/07/2016 18:07:39] /t
[18/07/2016 18:07:42] /c vitinho
[18/07/2016 18:08:44] /a 2
[18/07/2016 18:08:59] /a 2
[18/07/2016 18:09:22] /r
[18/07/2016 18:10:33] /t
[18/07/2016 18:11:49] /mc
[18/07/2016 18:40:32] /goto oreon
[18/07/2016 18:40:43] /goto pumpkin
[18/07/2016 18:53:17] /goto mileninha
[18/07/2016 18:53:28] /goto pumpkin
[18/07/2016 18:53:39] /kick weverton sz
[18/07/2016 18:53:53] /t weverton sz
[19/07/2016 09:56:21] /ghost
[19/07/2016 10:18:57] /goto saco de pancada
[19/07/2016 10:20:12] /a 3
[19/07/2016 10:20:26] /goto adm~
[19/07/2016 10:20:30] /goto adm sup~
[19/07/2016 10:21:55] /a 1
[19/07/2016 10:22:38] /a 2
[19/07/2016 10:22:42] /a 1
[19/07/2016 10:28:23] /send ADM Orion , 92, 117, 17
[19/07/2016 10:28:36] /send ADM Orion , 92, 117, 17
[19/07/2016 10:28:43] /send ADM Orion, 92, 117, 17
[19/07/2016 10:29:05] /send ADM Orion, 92, 117, 17
[19/07/2016 10:29:32] /send ADM Orion, 92,117,17
[19/07/2016 10:29:52] /send ADM Suporte, 92, 117, 17
[19/07/2016 10:30:26] /send ADM Suporte , 92, 117, 17
[19/07/2016 10:30:33] /send ADM Suporte ,92, 117, 17
[19/07/2016 10:33:26] /newtype 76
[19/07/2016 10:33:29] /newtype 75
[19/07/2016 10:33:34] /newtype 74
[19/07/2016 10:33:36] /newtype 75
[19/07/2016 11:12:27] /r all
[19/07/2016 11:12:28] /r all
[19/07/2016 11:12:29] /r all
[19/07/2016 11:30:47] /goto king of sexo
[19/07/2016 11:30:53] /kick king~
[19/07/2016 11:32:10] /closeserver
[19/07/2016 12:44:05] /closeserver
[19/07/2016 12:46:19] /ghost
[19/07/2016 12:58:20] /god 2157
[19/07/2016 13:10:36] /goto musu
[19/07/2016 13:10:50] /goto juninhow
[19/07/2016 13:11:00] /t
[19/07/2016 13:12:59] /b Duvidas no Help!
[19/07/2016 13:18:18] /goto zora~
[19/07/2016 13:27:04] /a 1
[19/07/2016 13:27:13] /a 2
[19/07/2016 13:28:01] /goto super mad
[19/07/2016 13:28:09] /goto supreme mad
[19/07/2016 13:32:48] /b Duvidas no Help!
[19/07/2016 13:33:18] /goto caps lock
[19/07/2016 13:33:24] /goto caps lock
[19/07/2016 13:33:31] /goto caps lock
[19/07/2016 13:46:20] /goto musu
[19/07/2016 13:47:56] /b Duvidas no Help!
[19/07/2016 13:51:28] /goto vitinho
[19/07/2016 14:00:30] /god 2157
[19/07/2016 14:02:13] /mc
[19/07/2016 14:07:57] /c adm princesa
[19/07/2016 14:38:08] /mc
[19/07/2016 14:40:11] /b Duvidas somente no Help!
[19/07/2016 14:50:26] /t
[19/07/2016 14:51:48] /goto mileninha
[19/07/2016 14:52:17] /goto mileninha
[19/07/2016 14:54:05] /goto adm princesa
[19/07/2016 14:54:41] /r
[19/07/2016 14:58:41] /mc
[19/07/2016 15:02:52] /mc
[19/07/2016 15:08:19] /a 2
[19/07/2016 15:08:29] /a 2
[19/07/2016 15:08:32] /a 2
[19/07/2016 15:18:33] /t
[19/07/2016 16:34:54] /goto woonder
[19/07/2016 16:35:12] /goto woonder kina
[19/07/2016 16:35:28] /goto wonder kina
[19/07/2016 16:35:58] /t
[19/07/2016 16:53:40] /goto adm princesa
[19/07/2016 16:59:33] /b Duvidas no Help!
[19/07/2016 17:18:27] /t
[19/07/2016 17:23:37] /goto mileninha
[19/07/2016 17:33:43] /goto female
[19/07/2016 17:35:47] /t
[19/07/2016 17:42:20] /goto musu
[19/07/2016 17:42:55] /t
[19/07/2016 18:36:04] /b Duvidas no Help!
[19/07/2016 19:08:39] /goto adm princesa
[19/07/2016 19:08:42] /goto adm princesa
[19/07/2016 19:08:44] /goto adm princesa
[19/07/2016 19:08:45] /goto adm princesa
[19/07/2016 19:14:22] /mc
[19/07/2016 19:15:02] /t
[19/07/2016 19:15:32] /goto adm suporte
[19/07/2016 19:27:08] /goto caps~
[19/07/2016 19:58:43] /goto fox~
[19/07/2016 19:58:48] /goto fox~
[19/07/2016 20:04:31] /b Antes de vcs começarem a falar oq n sabem... a ultimate quest foi reformulada!
[19/07/2016 20:04:47] /b Tanto a de acess qnto a das armas...
[19/07/2016 20:05:12] /b Ta mais facil devido a diminuiçao do fast! 
[19/07/2016 20:06:50] /goto nicovisky
[19/07/2016 20:07:34] /t
[19/07/2016 20:11:56] /t
[19/07/2016 20:12:57] /b N vou puxar ninguem... n insista!
[19/07/2016 20:20:30] /a 5
[19/07/2016 20:20:34] /a 5
[19/07/2016 20:20:35] /a 5
[19/07/2016 20:20:36] /a 5
[19/07/2016 20:20:36] /a 5
[19/07/2016 20:20:58] /a 5
[19/07/2016 20:21:02] /up
[19/07/2016 20:21:17] /a 2
[19/07/2016 20:21:18] /a 2
[19/07/2016 20:21:20] /a 2
[19/07/2016 20:22:08] /t
[19/07/2016 20:24:43] /a 2
[19/07/2016 20:24:45] /a 2
[19/07/2016 20:24:46] /a 2
[19/07/2016 20:24:49] /up
[19/07/2016 20:25:02] /t
[19/07/2016 20:26:55] /a 2
[19/07/2016 20:26:56] /a 2
[19/07/2016 20:26:57] /a 2
[19/07/2016 20:27:01] /a 2
[19/07/2016 20:27:05] /a 2
[19/07/2016 20:27:11] /a 2
[19/07/2016 20:27:16] /a 2
[19/07/2016 20:27:18] /a 2
[19/07/2016 20:28:57] /t
[19/07/2016 20:30:05] /mc
[19/07/2016 20:41:50] /goto kinazinha
[19/07/2016 20:42:44] /t
[19/07/2016 20:43:26] /goto kinazinha
[19/07/2016 20:45:29] /goto kinazinha
[19/07/2016 20:45:50] /t
[19/07/2016 20:48:39] /goto kinazinha
[19/07/2016 20:48:47] /kick kinazinha
[19/07/2016 20:48:57] /t
[19/07/2016 20:50:22] /goto guiigao
[19/07/2016 20:50:33] /goto pumpkin
[19/07/2016 20:51:31] /goto guiigao
[19/07/2016 20:51:41] /c pumpkin
[19/07/2016 20:51:43] /t
[19/07/2016 20:52:39] /b Duvidas Help!
[19/07/2016 21:03:02] /goto kinazinha
[19/07/2016 21:03:15] /t
[19/07/2016 21:05:06] /b Lembrando q as quest foram reformuladas e estao mais faceis agora...
[19/07/2016 21:35:48] /goto fox~
[19/07/2016 21:42:20] /goto fox~
[19/07/2016 21:50:25] /goto guigao
[19/07/2016 21:50:34] /goto guiigao
[19/07/2016 21:57:20] /goto pumpikin
[19/07/2016 21:57:25] /goto pumpkin
[19/07/2016 21:58:01] /t
[20/07/2016 08:59:48] /goto woonder
[20/07/2016 09:03:35] /goto pupkin
[20/07/2016 09:03:41] /goto pumpkin
[20/07/2016 09:06:54] /goto woonder
[20/07/2016 09:22:12] /b Duvidas no Help!
[20/07/2016 10:01:58] /info [svip] world azok
[20/07/2016 10:08:32] /info vtnc
[20/07/2016 10:56:41] /ghost
[20/07/2016 11:08:35] /goto hide~
[20/07/2016 11:08:42] /ghost
[20/07/2016 11:10:23] /t jo'ker
[20/07/2016 11:10:51] /goto jo'ker
[20/07/2016 11:10:56] /t jo'ker
[20/07/2016 11:11:13] /t
[20/07/2016 11:15:30] /b Duvidas no Help!
[20/07/2016 11:24:40] /ghost
[20/07/2016 11:27:14] /ghost
[20/07/2016 14:23:54] /goto weverton sz
[20/07/2016 14:24:03] /goto weverton sz
[20/07/2016 14:29:45] /goto musu
[20/07/2016 14:33:44] /b Duvidas Help!
[20/07/2016 14:33:46] /mc
[20/07/2016 14:36:10] /goto druida~
[20/07/2016 14:36:14] /r
[20/07/2016 14:36:21] /t
[20/07/2016 14:40:34] /goto druida~
[20/07/2016 14:49:54] /a 20
[20/07/2016 14:50:30] /up
[20/07/2016 14:50:36] /t
[20/07/2016 15:07:39] /goto grimm
[20/07/2016 15:07:52] /a 2
[20/07/2016 15:08:04] /t
[20/07/2016 15:10:17] /a 2
[20/07/2016 15:10:25] /t
[20/07/2016 15:17:59] /goto grimm
[20/07/2016 15:19:06] /t
[20/07/2016 15:34:28] /goto juninhow
[20/07/2016 15:34:47] /t
[20/07/2016 15:41:00] /t
[20/07/2016 15:41:20] /a 20
[20/07/2016 15:42:33] /a 20
[20/07/2016 15:42:37] /a 20
[20/07/2016 15:42:39] /a 20
[20/07/2016 15:42:40] /a 20
[20/07/2016 15:42:40] /a 20
[20/07/2016 15:42:45] /a 20
[20/07/2016 15:42:48] /a 2
[20/07/2016 15:42:51] /a 20
[20/07/2016 15:42:55] /a 10
[20/07/2016 15:43:32] /a 2
[20/07/2016 15:43:39] /a 2
[20/07/2016 15:44:00] /m zoralurk
[20/07/2016 15:44:17] /t
[20/07/2016 15:50:07] /goto vidaloka
[20/07/2016 15:52:17] /a 2
[20/07/2016 15:53:04] /god golden nuggets
[20/07/2016 15:53:13] /god supreme staff
[20/07/2016 15:53:16] /god supreme staff
[20/07/2016 15:53:18] /god supreme staff
[20/07/2016 15:53:24] /god supreme arco
[20/07/2016 15:53:25] /god supreme arco
[20/07/2016 15:53:26] /god supreme arco
[20/07/2016 15:53:30] /god supreme axe
[20/07/2016 15:53:31] /god supreme axe
[20/07/2016 15:53:32] /god supreme axe
[20/07/2016 15:54:48] /god 9019
[20/07/2016 15:54:56] /god 9019
[20/07/2016 15:54:58] /god 9019
[20/07/2016 15:55:30] /god 6512
[20/07/2016 15:55:32] /god 6512
[20/07/2016 15:55:33] /god 6512
[20/07/2016 15:56:15] /god 2157
[20/07/2016 15:56:16] /god 2157
[20/07/2016 15:56:17] /god 2157
[20/07/2016 15:56:18] /god 2157
[20/07/2016 15:56:42] /god 2157
[20/07/2016 15:56:43] /god 2157
[20/07/2016 15:56:43] /god 2157
[20/07/2016 15:56:44] /god 2157
[20/07/2016 15:56:49] /god surprise bag
[20/07/2016 15:57:17] /god present bag
[20/07/2016 15:57:18] /god present bag
[20/07/2016 15:57:19] /god present bag
[20/07/2016 15:57:51] /god donate armor
[20/07/2016 15:57:59] /god donate hat
[20/07/2016 15:58:22] /god donate shield
[20/07/2016 15:58:34] /god donate boots
[20/07/2016 15:58:38] /god donate shoes
[20/07/2016 15:58:45] /god donate shorts
[20/07/2016 15:59:05] /god donate staff
[20/07/2016 15:59:18] /god donate axe
[20/07/2016 15:59:41] /god donate slingshot
[20/07/2016 16:00:34] /god donate sword
[20/07/2016 16:01:05] /god donate helm
[20/07/2016 16:01:08] /god donate helmet
[20/07/2016 16:02:01] /god 5x
[20/07/2016 16:02:04] /t
[20/07/2016 16:02:23] /a 2
[20/07/2016 16:03:08] /t
[20/07/2016 16:03:38] /a 2
[20/07/2016 16:03:47] /god 8981
[20/07/2016 16:04:33] /god dice
[20/07/2016 16:04:40] /ghost
[20/07/2016 16:04:54] /b GALERA EVENTO BP!
[20/07/2016 16:05:17] /b Entrem no tp de eventos para ter acesso
[20/07/2016 16:06:05] /bc Evento BP!
[20/07/2016 16:06:30] /mc
[20/07/2016 16:11:50] /t pally red
[20/07/2016 16:15:45] /god dice
[20/07/2016 16:30:31] /b acabou!
[20/07/2016 16:30:48] /ghost
[20/07/2016 16:31:05] /god 2157
[20/07/2016 16:31:36] /goto sea~
[20/07/2016 16:32:08] /a 2
[20/07/2016 16:33:22] /a 2
[20/07/2016 16:35:01] /goto
[20/07/2016 16:35:04] /goto juzk
[20/07/2016 16:35:46] /t vidaloka
[20/07/2016 16:36:29] /god donate slingshot
[20/07/2016 17:38:30] /t
[20/07/2016 17:39:08] /goto mileninha
[20/07/2016 17:46:36] /ghost
[20/07/2016 17:50:45] /goto juninhow
[20/07/2016 17:51:09] /a 2
[20/07/2016 17:51:13] /a 2
[20/07/2016 17:51:16] /a 2
[20/07/2016 17:51:19] /a 2
[20/07/2016 17:51:20] /a 2
[20/07/2016 17:51:22] /a 2
[20/07/2016 17:51:53] /ghost
[20/07/2016 17:51:57] /goto pally~
[20/07/2016 17:52:01] /goto pally red
[20/07/2016 17:58:08] /up
[20/07/2016 17:58:09] /up
[20/07/2016 17:58:11] /up
[20/07/2016 17:59:37] /mc
[20/07/2016 18:07:57] /c sea soul
[21/07/2016 11:33:54] /t guga
[21/07/2016 11:33:55] /t
[21/07/2016 11:59:11] /b Duvidas no Help!
[21/07/2016 12:08:05] /ghost
[21/07/2016 12:08:13] /a 2
[21/07/2016 12:08:16] /up
[21/07/2016 12:08:46] /up
[21/07/2016 12:08:50] /a 20
[21/07/2016 12:08:51] /a 20
[21/07/2016 12:08:55] /a 20
[21/07/2016 12:09:12] /a 10
[21/07/2016 12:09:15] /a 5
[21/07/2016 12:09:18] /a 5
[21/07/2016 12:09:24] /a 3
[21/07/2016 12:09:39] /c zika virus
[21/07/2016 12:10:18] /c scream shadow
[21/07/2016 12:10:58] /t
[21/07/2016 12:12:51] /ghost
[21/07/2016 12:47:28] /goto grimm
[21/07/2016 12:47:35] /ghost
[21/07/2016 12:50:53] /goto woonder
[21/07/2016 12:51:39] /ghost
[21/07/2016 12:55:52] /goto bobs kina
[21/07/2016 12:56:02] /goto wonder kina
[21/07/2016 12:56:05] /t
[21/07/2016 13:03:22] /goto woonder
[21/07/2016 13:03:46] /up
[21/07/2016 13:03:58] /a 2
[21/07/2016 13:04:04] /a 2
[21/07/2016 13:04:09] /a 2
[21/07/2016 13:04:18] /a 2
[21/07/2016 13:04:23] /a 2
[21/07/2016 13:04:31] /a 2
[21/07/2016 13:04:35] /down
[21/07/2016 13:04:43] /down
[21/07/2016 13:04:47] /a 2
[21/07/2016 13:05:16] /a 2
[21/07/2016 13:05:23] /a 2
[21/07/2016 13:05:33] /a 2
[21/07/2016 13:56:00] /goto grimm
[21/07/2016 14:08:05] /goto jo'ker
[21/07/2016 14:11:40] /goto pally red
[21/07/2016 14:14:59] /t
[21/07/2016 14:32:37] /goto grimm
[21/07/2016 14:32:41] /goto wonder
[21/07/2016 14:32:45] /t
[21/07/2016 14:38:16] /r
[21/07/2016 14:46:26] /reload lib
[21/07/2016 16:40:29] /goto woonder
[21/07/2016 16:47:26] /ghost
[21/07/2016 16:48:26] /ghost
[21/07/2016 16:50:58] /goto GM black~
[21/07/2016 16:51:12] /t
[21/07/2016 16:52:11] /goto gm black label
[21/07/2016 16:53:43] /goto gm black~
[21/07/2016 16:54:08] /r
[21/07/2016 17:01:03] /a 2
[21/07/2016 17:01:45] /a 2
[21/07/2016 17:01:51] /a 2
[21/07/2016 17:09:39] /t
[21/07/2016 17:09:44] /a 2
[21/07/2016 17:09:48] /t
[21/07/2016 17:10:10] /r
[21/07/2016 17:10:18] /t juninhow
[21/07/2016 17:10:26] /t nico~
[21/07/2016 17:10:50] /a 2
[21/07/2016 17:11:09] /t elite carioka
[21/07/2016 17:11:16] /t kaique
[21/07/2016 17:11:23] /t pato~
[21/07/2016 17:11:30] /t mickeey~
[21/07/2016 17:11:39] /t adm shayt
[21/07/2016 17:18:30] /goto bug
[21/07/2016 17:28:26] /ghost
[21/07/2016 17:28:34] /newtype 22
[21/07/2016 17:28:37] /newtype 23
[21/07/2016 17:28:39] /newtype 24
[21/07/2016 17:28:40] /newtype 25
[21/07/2016 17:28:41] /newtype 26
[21/07/2016 17:28:45] /newtype 27
[21/07/2016 17:28:47] /newtype 28
[21/07/2016 17:28:49] /newtype 29
[21/07/2016 17:28:51] /newtype 20
[21/07/2016 17:29:17] /ghost
[21/07/2016 17:29:56] /c juninhow
[21/07/2016 17:30:52] /a 2
[21/07/2016 17:30:53] /a 2
[21/07/2016 17:31:22] /t
[21/07/2016 17:31:28] /goto gm black~
[21/07/2016 17:35:09] /t
[21/07/2016 19:05:03] /send ADM Shayt demon
[21/07/2016 19:05:08] /send ADM Shayt, demon
[21/07/2016 19:05:13] /send ADM Shayt ,demon
[22/07/2016 09:32:14] /ghost
[22/07/2016 09:55:16] /ghost
[22/07/2016 10:00:39] /ghost
[22/07/2016 10:16:19] /attr group 1
[22/07/2016 10:16:33] /t
[22/07/2016 10:16:43] /attr group 7
[22/07/2016 11:07:47] /s saco de pancada
[22/07/2016 11:07:49] /s saco de pancada
[22/07/2016 11:07:50] /s saco de pancada
[22/07/2016 11:07:55] /m saco de pancada
[22/07/2016 11:08:00] /t
[22/07/2016 11:08:02] /up
[22/07/2016 11:08:03] /up
[22/07/2016 11:08:04] /up
[22/07/2016 11:08:09] /c adm shayt
[22/07/2016 11:08:14] /s saco de pancda
[22/07/2016 11:08:16] /s saco de pancada
[22/07/2016 11:08:30] /m saco de pancada
[22/07/2016 11:08:46] /c saco de pancada
[22/07/2016 11:08:50] /t
[22/07/2016 11:53:14] /ghost
[22/07/2016 11:56:24] /ghost
[22/07/2016 12:51:48] /kick rodox
[22/07/2016 13:04:26] /r all
[22/07/2016 13:48:39] /a 2
[22/07/2016 14:33:12] /ghost
[22/07/2016 14:33:52] /ghost
[22/07/2016 14:39:16] /goto nico~
[22/07/2016 14:47:03] /mc
[22/07/2016 14:50:00] /info nicovisky
[22/07/2016 14:53:45] /god addon doll
[22/07/2016 14:54:10] /goto juninhow
[22/07/2016 14:55:33] /goto nico~
[22/07/2016 14:56:30] /mc
[22/07/2016 15:54:04] /ghost
[22/07/2016 15:56:17] /ghost
[22/07/2016 15:57:31] /t
[22/07/2016 15:57:39] /a 1
[22/07/2016 15:57:53] /a 1
[22/07/2016 15:59:52] /b Quem ainda n pegou arma supreme?
[22/07/2016 16:00:54] /god exp 7X
[22/07/2016 16:01:05] /a 2
[22/07/2016 16:01:08] /ghost
[22/07/2016 16:02:02] /ghost
[22/07/2016 16:02:05] /a 1
[22/07/2016 16:02:38] /ghost
[22/07/2016 16:02:41] /goto joker
[22/07/2016 16:02:44] /goto jo'ker
[22/07/2016 16:02:49] /t
[22/07/2016 16:02:52] /ghost
[22/07/2016 16:02:55] /a 1
[22/07/2016 16:03:42] /b QUEM AINDA N PEGOU ARMA SUPREME SO VIR TEMPLO!
[22/07/2016 16:04:47] /b ALGUEM AINDA N PEGOU ARMA?
[22/07/2016 16:10:58] /b quem ainda n pegou a supreme arma vem templo
[22/07/2016 16:14:02] /a 1
[22/07/2016 16:14:13] /cliport
[22/07/2016 16:16:00] /a 2
[22/07/2016 16:18:43] /a 2
[22/07/2016 16:19:34] /ghost
[22/07/2016 16:20:38] /a 2
[22/07/2016 16:20:43] /ghost
[22/07/2016 16:50:31] /a 2
[22/07/2016 16:50:42] /b quem n ganhou item vem templo
[22/07/2016 16:50:52] /god supreme staff
[22/07/2016 16:51:22] /god supreme vip
[22/07/2016 16:52:02] /god backpack
[22/07/2016 16:52:13] /god supreme staff
[22/07/2016 16:52:16] /god supreme vip
[22/07/2016 16:54:32] /b quem n tem arma vem templo
[22/07/2016 16:55:08] /god backpack
[22/07/2016 16:55:12] /god supreme staff
[22/07/2016 16:55:15] /god supreme vip
[22/07/2016 17:00:07] /god backpack
[22/07/2016 17:00:54] /god supreme bow
[22/07/2016 17:00:59] /god supreme arco
[22/07/2016 17:01:02] /god supreme vip
[22/07/2016 17:03:49] /god backpack
[22/07/2016 17:03:55] /god supreme axe
[22/07/2016 17:03:57] /god supreme vip
[22/07/2016 17:05:55] /b QUEM AINDA N PEGOU ARMA?
[22/07/2016 17:08:28] /god backpack
[22/07/2016 17:08:35] /god supreme staff
[22/07/2016 17:08:38] /god supreme vip
[22/07/2016 17:10:58] /mc
[22/07/2016 17:13:26] /ghost
[22/07/2016 17:24:50] /a 2
[22/07/2016 18:09:14] /cliport
[22/07/2016 18:10:36] /ghost
[23/07/2016 12:21:38] /ghost
[23/07/2016 12:37:49] /ghost
[23/07/2016 13:06:53] /goto pally red
[23/07/2016 13:06:56] /t
[24/07/2016 12:37:17] /ghost
[24/07/2016 12:39:39] /i 8300
[24/07/2016 12:51:19] /i volcanic rod
[24/07/2016 12:51:51] /i golden wand
[24/07/2016 12:53:06] /i cristal wand
[24/07/2016 12:54:42] /i dread claver
[24/07/2016 12:58:45] /up
[24/07/2016 12:59:24] /goto king
[24/07/2016 12:59:27] /goto king~
[24/07/2016 12:59:29] /t
[24/07/2016 13:00:02] /goto gm~
[24/07/2016 20:22:06] /ghost
[24/07/2016 20:24:30] /t
[24/07/2016 20:31:22] /goto knight hell
[24/07/2016 20:31:30] /t
[24/07/2016 20:31:54] /t knight hell
[24/07/2016 20:35:19] /r
[24/07/2016 20:42:15] /goto negan
[24/07/2016 20:44:05] /goto gm~
[24/07/2016 20:46:07] /i nightmare shield
[24/07/2016 20:51:32] /i linch staff
[24/07/2016 21:05:17] /ghost
[24/07/2016 21:05:39] /goto woonder
[24/07/2016 21:06:27] /t
[24/07/2016 21:09:19] /a 40
[24/07/2016 21:09:24] /a 2
[24/07/2016 21:09:26] /a 2
[24/07/2016 21:09:29] /a 5
[24/07/2016 21:09:36] /c syuuzaemon
[24/07/2016 21:09:42] /ghost
[24/07/2016 21:10:21] /t syuuzaemon
[24/07/2016 21:10:23] /t
[24/07/2016 21:19:08] /mc
[24/07/2016 21:22:33] /attr group 3
[24/07/2016 21:22:35] /attr group 3
[24/07/2016 21:37:03] /ghost
[24/07/2016 21:37:08] /goto god~
[24/07/2016 21:39:09] /ghost
[24/07/2016 21:40:32] /t
[24/07/2016 21:55:53] /ghost
[24/07/2016 21:55:56] /goto god~
[25/07/2016 09:59:31] /goto gm~
[25/07/2016 10:00:28] /ghost
[25/07/2016 10:03:41] /goto gm~
[25/07/2016 10:17:08] /m cave 6
[25/07/2016 10:21:33] /goto breeze
[25/07/2016 10:21:42] /i god staff
[25/07/2016 10:21:53] /goto gm~
[25/07/2016 10:22:00] /i demon dust
[25/07/2016 10:22:41] /r
[25/07/2016 10:27:02] /goto breeze
[25/07/2016 10:27:16] /c knight hell
[25/07/2016 10:27:30] /m cave 1
[25/07/2016 10:27:56] /goto knight~
[25/07/2016 10:51:42] /ghost
[25/07/2016 10:54:01] /r all
[25/07/2016 10:55:47] /ghost
[25/07/2016 10:56:52] /t mickeey
[25/07/2016 10:56:54] /t mickeey~
[25/07/2016 10:56:56] /t
[25/07/2016 10:57:08] /ghost
[25/07/2016 11:04:36] /a 2
[25/07/2016 11:04:43] /t
[25/07/2016 11:06:59] /a 
[25/07/2016 11:08:15] /goto adm~
[25/07/2016 11:08:17] /goto adm shayt
[25/07/2016 12:10:30] /ghost
[25/07/2016 12:16:25] /r
[25/07/2016 12:16:27] /r
[25/07/2016 12:16:29] /r
[25/07/2016 12:16:31] /r
[25/07/2016 12:16:32] /r
[25/07/2016 12:16:57] /t
[25/07/2016 18:13:49] /ghost
[25/07/2016 18:16:38] /cliport
[25/07/2016 18:17:00] /a 20
[25/07/2016 18:17:01] /a 20
[25/07/2016 18:17:02] /a 20
[25/07/2016 18:17:03] /a 20
[25/07/2016 18:17:04] /a 20
[25/07/2016 18:17:05] /a 20
[25/07/2016 18:17:06] /a 20
[25/07/2016 18:17:07] /a 20
[25/07/2016 18:17:07] /a 20
[25/07/2016 18:17:09] /a 20
[25/07/2016 18:17:12] /a 10
[25/07/2016 18:21:50] /mc
[25/07/2016 18:25:40] /i label
[25/07/2016 18:27:09] /mc
[25/07/2016 18:31:19] /ghost
[25/07/2016 18:33:34] /giveitem ADM Orion,2157,10
[25/07/2016 18:34:44] /r
[25/07/2016 18:35:41] /ghost
[25/07/2016 18:35:44] /mc
[25/07/2016 18:38:37] /goto crisjz
[25/07/2016 18:38:43] /t
[25/07/2016 18:40:27] /b Duvidas help!
[25/07/2016 18:44:10] /c crisjz
[25/07/2016 18:45:37] /t crisjz
[25/07/2016 18:48:14] /goto riona
[25/07/2016 18:48:16] /goto riona
[25/07/2016 18:48:26] /t
[25/07/2016 18:50:51] /goto crisjz
[25/07/2016 18:50:53] /t
[25/07/2016 18:51:00] /goto kratos
[25/07/2016 18:57:42] /mc
[25/07/2016 18:58:32] /b Galera lembrando q agora temos armas Donate pra vender por grana rl.. mais info !doar
[25/07/2016 18:58:48] /goto god~
[25/07/2016 18:59:32] /ghost
[25/07/2016 19:02:00] /t
[25/07/2016 19:02:11] /ghost
[25/07/2016 19:03:14] /mc
[25/07/2016 19:04:24] /goto god~
[25/07/2016 19:10:14] /mc
[25/07/2016 19:14:14] /mc
[25/07/2016 19:21:21] /goto thor
[25/07/2016 19:25:18] /goto thor
[25/07/2016 19:25:25] /t
[25/07/2016 19:30:10] /mc
[25/07/2016 19:32:56] /ghost
[25/07/2016 19:36:45] /ghost
[25/07/2016 19:39:43] /t
[25/07/2016 19:42:41] /goto discovery
[25/07/2016 19:42:44] /goto discovery
[25/07/2016 19:48:32] /ghost
[25/07/2016 19:48:56] /ghost
[25/07/2016 20:04:30] /mc
[25/07/2016 20:05:34] /i 2157
[25/07/2016 20:11:54] /t
[25/07/2016 20:44:55] /goto crisjz
[25/07/2016 20:45:07] /goto crisjz
[25/07/2016 20:45:10] /goto crisjz
[25/07/2016 20:46:42] /r
[25/07/2016 21:16:06] /b Duvidas help!
[25/07/2016 21:20:24] /kick god~
[25/07/2016 21:27:49] /r all
[25/07/2016 21:29:00] /goto thor
[25/07/2016 21:29:31] /goto adm joga sem dedo
[25/07/2016 21:29:39] /goto crisjz
[25/07/2016 21:33:06] /i backpack
[25/07/2016 21:33:14] /goto jo'ker
[25/07/2016 21:39:12] /goto crisjz
[25/07/2016 21:39:18] /t
[25/07/2016 21:40:38] /ghost
[25/07/2016 21:43:20] /ghost
[25/07/2016 21:43:25] /goto crisjz
[25/07/2016 21:43:32] /t
[25/07/2016 21:47:24] /goto crisjz
[25/07/2016 21:48:12] /goto crisjz
[25/07/2016 21:49:51] /goto crisjz
[25/07/2016 21:50:22] /goto crisjz
[25/07/2016 21:51:19] /goto crisjz
[25/07/2016 21:52:06] /c jo'ker
[25/07/2016 21:52:52] /goto crisjz
[25/07/2016 21:54:13] /t
[25/07/2016 21:54:59] /goto crisjz
[25/07/2016 21:57:20] /goto crisjz
[25/07/2016 21:58:31] /goto crisjz
[25/07/2016 22:00:58] /t
[25/07/2016 22:01:14] /ghost
[25/07/2016 22:07:19] /ghost
[25/07/2016 22:07:22] /goto crisjz
[25/07/2016 22:07:24] /t
[25/07/2016 22:12:42] /mc
[25/07/2016 22:14:40] /goto discovery
[25/07/2016 22:14:48] /t
[25/07/2016 22:16:25] /c jo'ker
[25/07/2016 23:04:04] /mc
[25/07/2016 23:13:42] /mc
[26/07/2016 11:39:54] /goto juninhow
[26/07/2016 11:39:57] /goto juninhow
[26/07/2016 11:40:03] /goto juninhow
[26/07/2016 11:41:02] /a 2
[26/07/2016 11:41:04] /a 2
[26/07/2016 11:41:06] /a 2
[26/07/2016 11:41:11] /a 2
[26/07/2016 11:41:13] /a 2
[26/07/2016 11:41:15] /a 2
[26/07/2016 11:41:16] /a 2
[26/07/2016 11:41:17] /a 2
[26/07/2016 11:41:17] /a 2
[26/07/2016 11:41:18] /a 2
[26/07/2016 11:41:19] /a 2
[26/07/2016 11:43:01] /t
[26/07/2016 11:44:46] /m infernatil
[26/07/2016 11:44:48] /m infernatil
[26/07/2016 11:45:56] /goto guuh
[26/07/2016 11:46:18] /a 10
[26/07/2016 11:46:19] /a 10
[26/07/2016 11:46:19] /a 10
[26/07/2016 11:46:20] /a 10
[26/07/2016 11:46:21] /a 10
[26/07/2016 11:46:22] /a 10
[26/07/2016 11:46:24] /a 10
[26/07/2016 11:47:35] /m infernatil
[26/07/2016 11:47:37] /m infernatil
[26/07/2016 11:47:38] /m infernatil
[26/07/2016 11:47:40] /m infernatil
[26/07/2016 11:47:43] /m infernatil
[26/07/2016 11:47:45] /m infernatil
[26/07/2016 11:47:51] /m infernatil
[26/07/2016 11:47:52] /t
[26/07/2016 11:52:10] /ghost
[26/07/2016 11:53:11] /b NAO DOU ITENS N INSISTA!
[26/07/2016 11:58:01] /ghost
[26/07/2016 11:58:42] /ghost
[26/07/2016 12:01:49] /ghost
[26/07/2016 12:02:53] /b Lembrando vcs que o sv é dedicado... e que tbm contamos com itens donate... para saber mais digite !doar
[26/07/2016 12:03:34] /b Estamos com double points tbm... se quiserem conferir os itens so entrar no tp que tem no templo
[26/07/2016 12:19:31] /a 20
[26/07/2016 12:19:33] /a 20
[26/07/2016 12:19:34] /a 20
[26/07/2016 12:19:35] /a 20
[26/07/2016 12:19:40] /m infernatil
[26/07/2016 12:19:42] /m infernatil]
[26/07/2016 12:19:43] /m infernatil]
[26/07/2016 12:19:45] /m infernatil]
[26/07/2016 12:19:46] /m infernatil
[26/07/2016 12:19:48] /m infernatil
[26/07/2016 12:19:49] /m infernatil
[26/07/2016 12:19:50] /m infernatil
[26/07/2016 12:19:52] /m infernatil
[26/07/2016 12:19:53] /m infernatil
[26/07/2016 12:19:59] /a 20
[26/07/2016 12:20:07] /m infernatil
[26/07/2016 12:20:08] /m infernatil
[26/07/2016 12:20:13] /m infernatil
[26/07/2016 12:20:14] /m infernatil
[26/07/2016 12:20:15] /m infernatil
[26/07/2016 12:20:16] /m infernatil
[26/07/2016 12:20:17] /m infernatil
[26/07/2016 12:20:18] /m infernatil
[26/07/2016 12:20:19] /m infernatil
[26/07/2016 12:20:26] /goto juninhow
[26/07/2016 12:21:02] /a 20
[26/07/2016 12:21:06] /up
[26/07/2016 12:21:10] /m bazir
[26/07/2016 12:21:11] /m bazir
[26/07/2016 12:21:12] /m bazir
[26/07/2016 12:21:12] /m bazir
[26/07/2016 12:21:13] /m bazir
[26/07/2016 12:21:14] /m bazir
[26/07/2016 12:21:15] /m bazir
[26/07/2016 12:21:16] /m bazir
[26/07/2016 12:21:17] /m bazir
[26/07/2016 12:21:17] /m bazir
[26/07/2016 12:21:18] /m bazir
[26/07/2016 12:21:24] /a 2
[26/07/2016 12:21:30] /m bazir
[26/07/2016 12:21:31] /m bazir
[26/07/2016 12:21:31] /m bazir
[26/07/2016 12:21:32] /m bazir
[26/07/2016 12:21:33] /m bazir
[26/07/2016 12:21:33] /m bazir
[26/07/2016 12:21:40] /m bazir
[26/07/2016 12:21:41] /m bazir
[26/07/2016 12:21:45] /a 10
[26/07/2016 12:21:47] /m bazir
[26/07/2016 12:21:48] /m bazir
[26/07/2016 12:21:48] /m bazir
[26/07/2016 12:21:49] /m bazir
[26/07/2016 12:21:50] /m bazir
[26/07/2016 12:21:50] /m bazir
[26/07/2016 12:21:56] /a 10
[26/07/2016 12:21:59] /m bazir
[26/07/2016 12:22:00] /m bazir
[26/07/2016 12:22:01] /m bazir
[26/07/2016 12:22:01] /m bazir
[26/07/2016 12:22:02] /m bazir
[26/07/2016 12:22:02] /m bazir
[26/07/2016 12:22:03] /m bazir
[26/07/2016 12:22:03] /m bazir
[26/07/2016 12:22:04] /m bazir
[26/07/2016 12:22:05] /m bazir
[26/07/2016 12:22:08] /a 10
[26/07/2016 12:22:10] /a 10
[26/07/2016 12:22:12] /m bazir
[26/07/2016 12:22:13] /m bazir
[26/07/2016 12:22:14] /m bazir
[26/07/2016 12:22:14] /m bazir
[26/07/2016 12:22:15] /m bazir
[26/07/2016 12:22:16] /m bazir
[26/07/2016 12:22:21] /a 10
[26/07/2016 12:22:23] /m bazir
[26/07/2016 12:22:24] /m bazir
[26/07/2016 12:22:24] /m bazir
[26/07/2016 12:22:25] /m bazir
[26/07/2016 12:22:26] /m bazir
[26/07/2016 12:22:31] /a 10
[26/07/2016 12:22:33] /a 10
[26/07/2016 12:22:35] /m bazir
[26/07/2016 12:22:35] /m bazir
[26/07/2016 12:22:36] /m bazir
[26/07/2016 12:22:37] /m bazir
[26/07/2016 12:22:37] /m bazir
[26/07/2016 12:22:38] /m bazir
[26/07/2016 12:22:39] /m bazir
[26/07/2016 12:22:40] /m bazir
[26/07/2016 12:22:41] /m bazir
[26/07/2016 12:22:43] /a 2
[26/07/2016 12:22:47] /m bazir
[26/07/2016 12:22:47] /m bazir
[26/07/2016 12:22:48] /m bazir
[26/07/2016 12:22:49] /t
[26/07/2016 12:23:33] /a 20
[26/07/2016 12:23:34] /a 20
[26/07/2016 12:23:40] /a 10
[26/07/2016 12:23:42] /a 10
[26/07/2016 12:23:43] /a 10
[26/07/2016 12:23:43] /a 10
[26/07/2016 12:23:44] /a 10
[26/07/2016 12:23:44] /a 10
[26/07/2016 12:23:45] /a 10
[26/07/2016 12:23:46] /a 10
[26/07/2016 12:23:46] /a 10
[26/07/2016 12:23:47] /a 10
[26/07/2016 12:23:47] /a 10
[26/07/2016 12:23:48] /a 10
[26/07/2016 12:23:51] /a 10
[26/07/2016 12:23:54] /a 10
[26/07/2016 12:24:34] /t
[26/07/2016 12:25:14] /b duvidas no help!
[26/07/2016 12:27:03] /goto juninhow
[26/07/2016 12:28:17] /a 2
[26/07/2016 12:28:19] /a 2
[26/07/2016 12:28:21] /a 2
[26/07/2016 12:29:32] /t
[26/07/2016 12:30:26] /goto juninhow
[26/07/2016 12:34:17] /a 20
[26/07/2016 12:34:54] /m infernatil
[26/07/2016 12:34:55] /m infernatil
[26/07/2016 12:34:56] /m infernatil
[26/07/2016 12:34:56] /m infernatil
[26/07/2016 12:34:57] /m infernatil
[26/07/2016 12:34:57] /m infernatil
[26/07/2016 12:34:59] /m infernatil
[26/07/2016 12:34:59] /m infernatil
[26/07/2016 12:35:03] /a 2
[26/07/2016 12:35:04] /m infernatil
[26/07/2016 12:35:05] /m infernatil
[26/07/2016 12:35:06] /m infernatil
[26/07/2016 12:35:06] /m infernatil
[26/07/2016 12:35:07] /m infernatil
[26/07/2016 12:35:07] /m infernatil
[26/07/2016 12:35:09] /t
[27/07/2016 21:13:35] /ghost
[28/07/2016 10:39:55] /goto thor
[28/07/2016 11:12:31] /goto dani
[28/07/2016 11:13:25] /goto dani
[28/07/2016 11:13:28] /mc
[28/07/2016 11:15:32] /goto dani
[28/07/2016 11:16:07] /t
[28/07/2016 11:16:45] /goto dani
[28/07/2016 11:17:11] /t
[28/07/2016 11:23:13] /goto dani
[28/07/2016 11:24:57] /goto dani
[28/07/2016 11:25:09] /goto dani
[28/07/2016 11:25:52] /a 1
[28/07/2016 11:25:57] /a 1
[28/07/2016 11:26:10] /a 2
[28/07/2016 11:26:24] /t
[28/07/2016 11:28:49] /goto dani
[28/07/2016 11:29:40] /mc dani
[28/07/2016 11:31:05] /storage
[28/07/2016 11:31:16] /goto dani
[28/07/2016 11:32:42] /t
[28/07/2016 11:37:41] /goto dani
[28/07/2016 11:44:11] /goto dani
[28/07/2016 11:44:16] /goto dani
[28/07/2016 11:44:37] /goto dani
[28/07/2016 11:44:43] /goto dani
[28/07/2016 11:44:45] /goto dani
[28/07/2016 11:44:50] /goto dani
[28/07/2016 11:44:52] /goto dani
[28/07/2016 11:45:02] /goto dani
[28/07/2016 11:45:08] /goto dani
[28/07/2016 11:45:13] /goto dani
[28/07/2016 11:45:18] /goto dani
[28/07/2016 11:45:20] /goto dani
[28/07/2016 11:45:29] /goto dani
[28/07/2016 11:45:34] /goto dani
[28/07/2016 11:45:42] /goto dani
[28/07/2016 11:45:58] /goto dani
[28/07/2016 11:46:27] /goto dani
[28/07/2016 11:47:25] /goto dani
[28/07/2016 11:49:45] /a 2
[28/07/2016 12:19:29] /goto dani
[28/07/2016 12:19:33] /goto thor
[28/07/2016 12:19:37] /t
[28/07/2016 12:30:24] /goto fiorella~
[28/07/2016 12:30:55] /goto dani
[28/07/2016 12:31:23] /t
[28/07/2016 12:31:47] /mc
[28/07/2016 12:33:20] /goto artemis
[28/07/2016 12:35:07] /goto fiorella~
[28/07/2016 12:36:12] /t
[28/07/2016 12:37:32] /goto kina
[28/07/2016 12:37:46] /goto assassin~
[28/07/2016 12:37:48] /mc
[28/07/2016 12:38:08] /up
[28/07/2016 12:38:21] /a 2
[28/07/2016 12:38:31] /goto assassin owns
[28/07/2016 12:51:54] /goto assassin owns
[28/07/2016 12:52:05] /t
[28/07/2016 13:00:19] /goto thor
[28/07/2016 13:00:37] /goto damiao
[28/07/2016 13:00:48] /mc
[28/07/2016 13:01:01] /up
[28/07/2016 13:07:55] /goto assassin~
[28/07/2016 13:08:17] /t
[28/07/2016 13:08:24] /a 2
[28/07/2016 13:09:03] /goto dani
[28/07/2016 13:10:20] /goto dani
[28/07/2016 13:10:24] /goto Dani
[28/07/2016 13:11:07] /goto [svip] dani
[28/07/2016 13:11:57] /goto assassin owns
[28/07/2016 13:12:11] /goto [svip] dani
[28/07/2016 13:13:24] /b Lembrando que quem quiser doar é so usar o comando !doar... 
[28/07/2016 13:13:42] /b Para ver os itens Magnata e so entrar no tp localizado no templo
[28/07/2016 13:21:28] /goto [svip] dani
[28/07/2016 13:22:42] /goto assassin~
[28/07/2016 13:27:54] /goto cave1
[28/07/2016 13:27:56] /goto cave 1
[28/07/2016 13:28:34] /i god staff
[28/07/2016 13:29:05] /goto cave 2
[28/07/2016 13:29:31] /goto cave 3
[28/07/2016 13:29:40] /goto cave 4
[28/07/2016 13:29:47] /goto cave 5
[28/07/2016 13:29:58] /goto cave 6
[28/07/2016 13:30:28] /t
[28/07/2016 13:33:56] /goto assassin~
[28/07/2016 13:34:49] /goto assassin~
[28/07/2016 13:35:43] /goto assassin~
[28/07/2016 13:36:04] /goto assassin~
[28/07/2016 13:36:08] /goto assassin~
[28/07/2016 13:36:31] /goto assassin~
[28/07/2016 13:37:20] /goto assassin~
[28/07/2016 13:37:49] /t
[28/07/2016 13:39:13] /goto assassin~
[28/07/2016 13:39:19] /t
[28/07/2016 13:41:25] /goto [svip] dani
[28/07/2016 13:55:08] /mc
[28/07/2016 13:55:29] /goto [svip] dani
[28/07/2016 14:01:12] /mc
[28/07/2016 14:02:15] /a 10
[28/07/2016 14:02:20] /a 5
[28/07/2016 14:02:28] /c lolo
[28/07/2016 14:02:34] /a 2
[28/07/2016 14:02:36] /a 2
[28/07/2016 14:02:40] /c madu
[28/07/2016 14:02:43] /a 2
[28/07/2016 14:02:44] /a 2
[28/07/2016 14:03:17] /c guga
[28/07/2016 14:03:21] /a 2
[28/07/2016 14:03:21] /a 2
[28/07/2016 14:03:30] /c gagolino
[28/07/2016 14:03:38] /a 2
[28/07/2016 14:03:39] /a 2
[28/07/2016 14:03:45] /c lilo
[28/07/2016 14:03:49] /t
[28/07/2016 14:09:48] /goto [svip] dani
[28/07/2016 14:11:07] /goto [svip] dani
[28/07/2016 14:11:17] /mc
[28/07/2016 14:11:47] /goto [svip] dani
[28/07/2016 14:12:12] /goto [svip] dani
[28/07/2016 14:12:38] /goto [svip] dani
[28/07/2016 14:37:20] /goto [svip] dani
[28/07/2016 14:37:37] /t
[28/07/2016 15:32:39] /ghost
[28/07/2016 15:37:10] /ghost
[28/07/2016 15:52:31] /goto heart~
[28/07/2016 15:52:37] /goto heart of ice
[28/07/2016 15:53:04] /t
[28/07/2016 16:01:12] /goto assassin
[28/07/2016 16:01:14] /goto assassin~
[28/07/2016 16:01:24] /t
[28/07/2016 16:03:05] /ghost
[28/07/2016 16:03:17] /ghost
[28/07/2016 16:06:16] /goto adm joga~
[28/07/2016 16:07:47] /t
[28/07/2016 16:18:06] /goto jo'ker
[28/07/2016 16:18:59] /goto assassin~
[28/07/2016 16:32:41] /goto cave 6
[28/07/2016 16:41:56] /t
[28/07/2016 16:45:03] /goto [svip] dani
[28/07/2016 16:45:08] /t
[28/07/2016 16:46:24] /b Duvidas no Help!
[28/07/2016 16:49:51] /i supreme boots
[28/07/2016 17:04:35] /goto god~
[28/07/2016 17:08:11] /b GALERA VAMOS ESTAR TROCANDO DE HOST AGORA... DENTRO DE 30 MINUTOS NO MAXIMO SERVER ESTARA DE VOLTA, N IREMOS RESETAR APENAS TROCAR DE HOST!
[28/07/2016 17:09:04] /b VOU SALVAR.. VAI TRAVAR UM POUCO!
[28/07/2016 17:09:08] /save
[28/07/2016 17:32:19] /b Duvidas no Help!
[28/07/2016 17:32:22] /ghost
[28/07/2016 17:33:06] /b n vai cair mais, agora 24hrs on no dedicado
[28/07/2016 17:34:18] /goto heart of demon
[28/07/2016 17:34:31] /t
[28/07/2016 17:36:50] /ghost
[28/07/2016 17:48:21] /goto kina
[28/07/2016 17:51:09] /ghost
[28/07/2016 17:55:12] /ghost
[28/07/2016 17:55:14] /goto thor
[28/07/2016 17:55:19] /goto kina
[28/07/2016 17:56:37] /ghost
[28/07/2016 17:56:51] /ghost
[28/07/2016 18:00:51] /goto god~
[28/07/2016 18:04:25] /goto adm princesinha
[28/07/2016 18:15:39] /goto god~
[28/07/2016 18:15:49] /goto oblivium
[28/07/2016 18:15:54] /t
[28/07/2016 18:19:48] /b Duvidas no Help!
[28/07/2016 18:21:08] /mc
[28/07/2016 18:22:27] /t
[28/07/2016 18:49:56] /goto adm patricinha
[28/07/2016 18:52:34] /t
[28/07/2016 18:52:45] /a 20
[28/07/2016 18:52:47] /a 20
[28/07/2016 18:52:50] /a 20
[28/07/2016 18:52:56] /a 25
[28/07/2016 18:53:00] /a 5
[28/07/2016 19:15:43] /goto thor
[28/07/2016 19:16:01] /goto [svip] dani
[28/07/2016 19:21:10] /goto adm patricinha
[28/07/2016 19:21:13] /ghost
[28/07/2016 19:46:12] /ghost
[28/07/2016 19:46:13] /t
[28/07/2016 19:50:43] /goto god~
[28/07/2016 19:50:45] /t
[28/07/2016 19:52:01] /i 2157
[28/07/2016 20:32:22] /a 2
[28/07/2016 20:34:07] /ghost
[28/07/2016 20:34:42] /ghost
[28/07/2016 20:34:45] /t
[28/07/2016 20:36:41] /b Tp para o evento esta no templo
[28/07/2016 20:37:08] /a 2
[28/07/2016 20:37:09] /a 2
[28/07/2016 20:37:10] /a 2
[28/07/2016 20:37:41] /a 4
[28/07/2016 20:37:50] /a 1
[28/07/2016 20:38:45] /a 2
[28/07/2016 20:38:48] /ghost
[28/07/2016 20:42:41] /t hunter~
[28/07/2016 20:47:18] /ghost
[28/07/2016 20:47:22] /goto temos vagas
[28/07/2016 20:48:01] /a 5
[28/07/2016 20:53:29] /ghost
[28/07/2016 21:11:23] /mc
[28/07/2016 21:12:50] /t sir dragon
[28/07/2016 21:13:00] /t heart of ice
[28/07/2016 21:13:58] /t heart of demon
[28/07/2016 21:15:01] /t hollister
[28/07/2016 21:17:04] /t lero
[28/07/2016 21:17:09] /t spir pally
[28/07/2016 21:17:13] /t lazanha
[28/07/2016 21:17:15] /t lazanhaa
[28/07/2016 21:17:20] /t zuza vingadora
[28/07/2016 21:17:27] /t
[28/07/2016 21:17:32] /r
[28/07/2016 21:17:36] /r
[28/07/2016 21:19:03] /ghost
[28/07/2016 21:20:37] /goto god~
[28/07/2016 21:21:39] /b Galera sv é dedicado em... e quem quiser doar para ter os itens Magnata é so digitar o comando !doar...
[28/07/2016 22:22:21] /goto oblivium
[28/07/2016 22:22:37] /t
[28/07/2016 22:40:48] /a 2
[28/07/2016 22:40:55] /goto oblivium
[28/07/2016 22:42:35] /goto oblivium
[28/07/2016 22:51:53] /mc
[28/07/2016 22:55:40] /clean
[29/07/2016 08:15:28] /goto oblivium
[29/07/2016 08:15:33] /a 2
[29/07/2016 08:16:17] /owner Deusa
[29/07/2016 08:16:29] /t oblivium
[29/07/2016 08:31:42] /goto kiiko
[29/07/2016 08:45:51] /r
[29/07/2016 08:46:16] /i 5593
[29/07/2016 08:46:21] /r
[29/07/2016 08:46:36] /r
[29/07/2016 08:46:57] /i 5595
[29/07/2016 09:12:22] /up
[29/07/2016 09:12:23] /up
[29/07/2016 09:12:24] /up
[29/07/2016 09:12:31] /t
[29/07/2016 09:12:34] /up
[29/07/2016 09:12:34] /up
[29/07/2016 09:12:35] /up
[29/07/2016 09:13:52] /t
[29/07/2016 09:30:25] /goto cave1
[29/07/2016 09:30:27] /goto cave 1
[29/07/2016 10:36:38] /a 20
[29/07/2016 10:36:41] /a 20
[29/07/2016 10:36:43] /a 20
[29/07/2016 10:36:45] /up
[29/07/2016 10:36:56] /a 10
[29/07/2016 10:37:09] /a 5
[29/07/2016 10:37:51] /t
[29/07/2016 12:40:15] /a 2
[29/07/2016 12:42:01] /a 2
[29/07/2016 12:49:24] /goto oi tiu
[29/07/2016 12:49:26] /t
[29/07/2016 12:50:51] /goto adm patricinha
[29/07/2016 12:51:34] /t
[29/07/2016 12:53:05] /mc
[29/07/2016 12:53:29] /t
[29/07/2016 12:59:20] /goto pally nub
[29/07/2016 13:00:06] /t
[29/07/2016 13:01:59] /goto god~
[29/07/2016 13:05:13] /goto oi tiu
[29/07/2016 13:05:16] /t
[29/07/2016 13:12:07] /goto discovery
[29/07/2016 13:13:31] /goto oi tiu
[29/07/2016 13:16:03] /ghost
[29/07/2016 13:17:35] /ghost
[29/07/2016 13:17:41] /goto riona
[29/07/2016 13:17:47] /goto riona
[29/07/2016 13:17:52] /r
[29/07/2016 13:17:55] /goto riona
[29/07/2016 13:18:07] /goto riona
[29/07/2016 13:18:12] /r
[29/07/2016 13:18:14] /goto riona
[29/07/2016 13:18:26] /a 2
[29/07/2016 13:18:29] /r
[29/07/2016 13:18:31] /goto riona
[29/07/2016 13:18:39] /goto adm joga sem dedo
[29/07/2016 13:19:16] /t
[29/07/2016 13:21:35] /goto oblivium
[29/07/2016 13:21:43] /t
[29/07/2016 13:23:56] /goto ho papai chegou
[29/07/2016 13:24:12] /goto ho papai chegou
[29/07/2016 13:24:31] /goto [Svip] Ho Papai Chegou 
[29/07/2016 14:49:48] /goto [Svip] Ho Papai Chegou
[29/07/2016 14:49:53] /clean
[29/07/2016 15:17:35] /goto thor
[29/07/2016 15:17:58] /t
[29/07/2016 15:21:28] /goto grands~
[29/07/2016 15:21:36] /t
[29/07/2016 15:23:06] /goto [Svip] Ho Papai Chegou
[29/07/2016 15:23:16] /t
[29/07/2016 15:58:57] /goto Adventurers' Guild
[29/07/2016 16:00:04] /goto jorge
[29/07/2016 16:02:44] /ghost
[29/07/2016 16:16:02] /ghost
[29/07/2016 16:38:56] /clean
[29/07/2016 16:39:06] /kick gladiador
[29/07/2016 16:41:49] /a 5
[29/07/2016 16:47:04] /goto cave 1
[29/07/2016 16:47:29] /c alx hawk~
[29/07/2016 16:50:57] /goto [svip] dani
[29/07/2016 16:52:01] /t
[29/07/2016 16:52:17] /t
[29/07/2016 16:53:06] /town baiak~
[29/07/2016 16:53:09] /town 
[29/07/2016 16:53:17] /goto adm joga sem dedo
[29/07/2016 16:57:54] /goto adm patricinha
[29/07/2016 16:58:49] /t
[29/07/2016 16:59:16] /goto fandangos
[29/07/2016 16:59:37] /goto adm joga sem dedo
[29/07/2016 17:02:23] /t
[29/07/2016 17:05:56] /goto cave 1
[29/07/2016 17:06:28] /b N dou itens e n puxo... e nenhum adm ou membro da staff esta autorizado a isso...!
[29/07/2016 17:06:51] /c alx~
[29/07/2016 17:08:13] /mc
[29/07/2016 17:11:34] /t
[29/07/2016 17:14:53] /goto adm patricinha
[29/07/2016 17:24:07] /goto thor
[29/07/2016 17:28:06] /t
[29/07/2016 17:32:00] /t
[29/07/2016 17:32:41] /goto gladiador
[29/07/2016 17:32:58] /a 2
[29/07/2016 17:33:03] /a 2
[29/07/2016 17:33:07] /a 2
[29/07/2016 17:33:13] /a 2
[29/07/2016 17:33:18] /a 2
[29/07/2016 17:33:23] /a 2
[29/07/2016 17:33:30] /t
[29/07/2016 17:41:56] /up
[29/07/2016 17:41:58] /up
[29/07/2016 17:42:14] /up
[29/07/2016 17:42:29] /r
[29/07/2016 17:45:11] /i 10518
[29/07/2016 17:46:24] /i 7730
[29/07/2016 17:47:14] /goto [svip] ho papai chegou
[29/07/2016 17:48:31] /up
[29/07/2016 17:48:36] /up
[29/07/2016 17:48:54] /i 2500
[29/07/2016 17:49:18] /i 2662
[29/07/2016 17:54:33] /b Galera lembrando que temos os itens Magnata que sao comprado com points, pra mais informaçao digite !doar...
[29/07/2016 17:54:46] /t
[29/07/2016 20:16:34] /b Duvidas Help!
[29/07/2016 20:22:45] /t
[29/07/2016 20:34:53] /t
[29/07/2016 20:38:24] /c darth
[29/07/2016 20:53:46] /up
[29/07/2016 20:54:29] /a 2
[29/07/2016 20:55:11] /a 2
[29/07/2016 20:55:13] /a 2
[29/07/2016 20:55:15] /a 2
[29/07/2016 20:55:21] /a 2
[29/07/2016 20:55:24] /a 2
[29/07/2016 20:56:20] /t
[29/07/2016 20:58:54] /a 5
[29/07/2016 21:21:25] /goto fabin pica dura
[29/07/2016 21:22:36] /mc
[29/07/2016 21:23:06] /goto fabin pica dura
[29/07/2016 21:27:03] /goto fabin~
[29/07/2016 21:27:36] /goto cheetos
[29/07/2016 21:29:16] /t
[29/07/2016 21:38:40] /goto fabin~
[30/07/2016 09:34:38] /goto fabin~
[30/07/2016 09:34:43] /t
[30/07/2016 10:10:29] /b Duvidas no Help!
[30/07/2016 10:20:15] /goto oblivium
[30/07/2016 10:28:09] /goto heros~
[30/07/2016 10:30:00] /ghost
[30/07/2016 10:32:58] /ghost
[30/07/2016 10:37:30] /goto royal locao
[30/07/2016 10:38:01] /kick royal locao
[30/07/2016 10:38:08] /t
[30/07/2016 10:38:43] /goto bann
[30/07/2016 10:43:40] /mc
[30/07/2016 10:45:32] /goto stalker
[30/07/2016 10:46:44] /goto stalker
[30/07/2016 10:48:09] /t
[30/07/2016 10:53:14] /ghost
[30/07/2016 10:53:22] /ghost
[30/07/2016 10:55:20] /goto royal locao
[30/07/2016 10:56:23] /t
[30/07/2016 11:29:22] /b Duvidas no Help!
[30/07/2016 11:46:09] /t
[30/07/2016 13:36:24] /goto adm shayt
[30/07/2016 13:38:49] /c [svip] rett
[30/07/2016 13:38:59] /a 2
[30/07/2016 13:39:15] /a 2
[30/07/2016 13:39:33] /t
[31/07/2016 10:14:15] /b Duvidas Help!
[31/07/2016 10:16:34] /goto pumpkin
[31/07/2016 10:16:49] /t
[31/07/2016 10:17:35] /goto yuri~
[31/07/2016 10:17:47] /goto heart of ice
[31/07/2016 10:17:55] /goto loki
[31/07/2016 10:18:38] /t
[31/07/2016 10:19:37] /goto fabin~
[31/07/2016 10:19:52] /goto royal locao
[31/07/2016 10:20:11] /t
[31/07/2016 11:32:09] /mc
[31/07/2016 15:39:40] /goto wonder
[31/07/2016 15:39:47] /t
[31/07/2016 15:40:51] /goto fabin pica seca
[31/07/2016 15:40:54] /goto fabin pica dura
[31/07/2016 15:43:36] /goto pallyzinha
[31/07/2016 15:43:59] /t pallyzinha
[31/07/2016 15:44:02] /t
[31/07/2016 15:45:07] /goto cave 6
[31/07/2016 15:45:39] /t
[31/07/2016 15:45:41] /up
[31/07/2016 15:45:42] /up
[31/07/2016 15:45:43] /up
[31/07/2016 15:45:50] /c royal locao
[31/07/2016 15:45:58] /ghost
[31/07/2016 15:48:23] /m treiner
[31/07/2016 15:49:58] /t royal locao
[31/07/2016 15:50:01] /r
[31/07/2016 15:50:09] /t
[31/07/2016 15:50:15] /ghost
[31/07/2016 16:03:43] /goto pallyzinha
[31/07/2016 16:05:24] /t
[31/07/2016 16:26:08] /r
[31/07/2016 16:31:36] /goto fabin~
[31/07/2016 16:31:55] /t
[31/07/2016 16:36:48] /goto fabin
[31/07/2016 16:36:50] /goto fabin~
[31/07/2016 16:37:06] /goto fabin~
[31/07/2016 16:38:45] /t
[31/07/2016 16:39:04] /goto fabin~
[31/07/2016 16:40:23] /t
[31/07/2016 16:40:39] /goto fabin~
[31/07/2016 16:41:19] /t
[31/07/2016 17:00:43] /goto adm~
[31/07/2016 17:00:47] /goto adm joga~
[31/07/2016 17:00:52] /ghost
[31/07/2016 17:08:00] /ghost
[31/07/2016 17:08:01] /t
[31/07/2016 17:41:43] /goto old eu~
[31/07/2016 19:09:29] /goto tulipa
[31/07/2016 19:10:13] /t
[31/07/2016 19:19:25] /goto tulipa
[31/07/2016 19:25:30] /goto fabin~
[31/07/2016 19:27:01] /t
[31/07/2016 19:34:54] /goto jo'ker
[31/07/2016 19:41:28] /t
[31/07/2016 20:33:01] /goto hight aldwin
[31/07/2016 20:33:12] /goto hight~
[31/07/2016 20:33:19] /goto High Aldwin
[31/07/2016 20:33:21] /t High Aldwin
[31/07/2016 20:33:22] /t
[31/07/2016 20:43:57] /goto mage~
[31/07/2016 20:44:07] /t
[31/07/2016 20:44:57] /t magezinhow
[31/07/2016 20:45:05] /t magezinhow
[31/07/2016 20:45:09] /goto mage~
[31/07/2016 20:45:22] /t Magezinhoow
[31/07/2016 20:45:24] /t
[31/07/2016 20:52:22] /goto Magezinhoow
[31/07/2016 21:04:43] /unban Magezinhoow
[31/07/2016 21:06:24] /ghost
[31/07/2016 21:06:50] /up
[31/07/2016 21:06:51] /up
[31/07/2016 21:06:51] /up
[31/07/2016 21:07:00] /c pallyzinhaaw
[31/07/2016 21:07:05] /c Magezinhoow
[31/07/2016 21:07:34] /kick pallyzinhaaw
[31/07/2016 21:07:51] /t
[31/07/2016 21:08:01] /up
[31/07/2016 21:08:02] /up
[31/07/2016 21:08:03] /up
[31/07/2016 21:09:10] /c Magezinhoow
[31/07/2016 21:10:02] /i label
[31/07/2016 21:10:37] /t Magezinhoow
[31/07/2016 21:10:42] /t pallyzinhaaw
[31/07/2016 21:10:51] /ghost
[31/07/2016 21:11:31] /t
[31/07/2016 21:15:53] /goto Magezinhoow
[31/07/2016 21:15:57] /t
[31/07/2016 21:19:31] /i 3710
[31/07/2016 21:19:40] /a 2
[31/07/2016 21:20:01] /b Galera estou preparando evento bp viu... so um segundo
[31/07/2016 21:20:05] /i 2157
[31/07/2016 21:20:07] /i 2157
[31/07/2016 21:20:07] /i 2157
[31/07/2016 21:20:19] /i 2157
[31/07/2016 21:20:20] /i 2157
[31/07/2016 21:22:02] /i present bag
[31/07/2016 21:22:03] /i present bag
[31/07/2016 21:22:03] /i present bag
[31/07/2016 21:22:25] /i supreme boots
[31/07/2016 21:22:29] /i supreme armor
[31/07/2016 21:22:33] /i supreme hat
[31/07/2016 21:22:35] /i supreme helmet
[31/07/2016 21:22:38] /i supreme legs
[31/07/2016 21:22:41] /i supreme shots
[31/07/2016 21:22:43] /i supreme short
[31/07/2016 21:23:34] /i promote vip
[31/07/2016 21:23:38] /t
[31/07/2016 21:23:46] /i 8976
[31/07/2016 21:23:47] /i 8976
[31/07/2016 21:23:48] /i 8976
[31/07/2016 21:23:58] /i 6536
[31/07/2016 21:23:59] /i 6536
[31/07/2016 21:24:07] /i 8991
[31/07/2016 21:24:16] /i 8991
[31/07/2016 21:24:26] /i 8981
[31/07/2016 21:24:30] /i 8981
[31/07/2016 21:25:19] /i 2346
[31/07/2016 21:25:20] /i 2346
[31/07/2016 21:25:43] /a 2
[31/07/2016 21:25:49] /a 2
[31/07/2016 21:26:16] /i 2157
[31/07/2016 21:26:16] /i 2157
[31/07/2016 21:26:18] /i 2157
[31/07/2016 21:27:16] /i 2157
[31/07/2016 21:27:16] /i 2157
[31/07/2016 21:27:18] /i 2157
[31/07/2016 21:27:59] /i dice
[31/07/2016 21:28:15] /a 2
[31/07/2016 21:28:22] /r
[31/07/2016 21:29:07] /b EVENTO BP! PORTAL NO TEMPLO
[31/07/2016 21:29:09] /b EVENTO BP! PORTAL NO TEMPLO
[31/07/2016 21:29:10] /b EVENTO BP! PORTAL NO TEMPLO
[31/07/2016 21:29:28] /a 10
[31/07/2016 21:29:33] /ghost
[31/07/2016 21:29:39] /b EVENTO BP! PORTAL NO TEMPLO
[31/07/2016 21:34:24] /t oblivium
[31/07/2016 21:37:08] /t [svip] scarface
[31/07/2016 21:39:29] /t oblivium
[31/07/2016 21:44:19] /t japa
[31/07/2016 21:46:43] /t heart of demon
[31/07/2016 21:48:23] /t oblivium
[31/07/2016 21:56:58] /t heart of demon
[31/07/2016 22:00:53] /i dice
[31/07/2016 22:05:42] /t paladino
[31/07/2016 22:06:49] /t paladin bosta
[31/07/2016 22:07:45] /i 2157
[31/07/2016 22:08:25] /i 2157
[31/07/2016 22:09:54] /b Acabou evento
[31/07/2016 22:10:06] /t cesinha
[31/07/2016 22:10:08] /t jerry
[31/07/2016 22:10:14] /t russian player
[31/07/2016 22:10:24] /t [svip] scarface
[31/07/2016 22:10:28] /t trakinas
[31/07/2016 22:10:31] /t old~
[31/07/2016 22:10:36] /t scotfish~
[31/07/2016 22:10:43] /t demetriuus
[31/07/2016 22:10:46] /t salt
[31/07/2016 22:10:55] /r
[31/07/2016 22:10:58] /ghost
[31/07/2016 22:14:55] /goto fabin~
[31/07/2016 22:15:16] /t
[31/07/2016 22:16:04] /goto fabin~
[31/07/2016 22:16:08] /t
[31/07/2016 22:28:57] /a 20
[31/07/2016 22:29:00] /up
[31/07/2016 22:29:05] /a 2
[31/07/2016 22:29:06] /a 2
[31/07/2016 22:29:08] /up
[31/07/2016 22:29:10] /up
[31/07/2016 22:29:11] /a 2
[31/07/2016 22:29:13] /a 2
[31/07/2016 22:29:14] /a 2
[31/07/2016 22:29:15] /a 2
[31/07/2016 22:29:16] /a 2
[31/07/2016 22:29:18] /a 2
[31/07/2016 22:29:19] /a 2
[31/07/2016 22:29:20] /a 2
[31/07/2016 22:29:24] /a 2
[31/07/2016 22:29:26] /up
[31/07/2016 22:29:32] /t
[01/08/2016 08:52:25] /goto cave 4
[01/08/2016 08:52:50] /c jo'ker
[01/08/2016 08:52:53] /t
[01/08/2016 09:57:34] /goto cave 4
[01/08/2016 09:57:54] /c jo'ker
[01/08/2016 10:07:45] /goto xuxa vingadora
[01/08/2016 10:08:29] /goto pumpkin
[01/08/2016 10:08:41] /goto grands~
[01/08/2016 10:08:44] /t
[01/08/2016 11:39:54] /goto adm joga sem dedo
[01/08/2016 11:39:59] /r
[01/08/2016 11:40:10] /r
[01/08/2016 11:40:12] /r
[01/08/2016 11:40:14] /t
[01/08/2016 15:00:48] /goto gladiador
[01/08/2016 15:01:10] /t
[01/08/2016 15:01:16] /c gladiador
[01/08/2016 15:01:25] /kick gladiador
[01/08/2016 15:14:46] /goto Zickpally
[01/08/2016 15:14:58] /t
[01/08/2016 15:15:03] /goto Zickpally
[01/08/2016 15:15:20] /t
[01/08/2016 15:32:33] /goto Zickpally
[01/08/2016 15:33:13] /t
[01/08/2016 15:53:35] /goto Zickpally
[01/08/2016 15:53:51] /t
[01/08/2016 15:58:14] /goto choranaobebe
[01/08/2016 16:03:07] /up
[01/08/2016 16:03:08] /up
[01/08/2016 16:03:09] /up
[01/08/2016 16:08:32] /t
[01/08/2016 17:03:13] /goto zickpally
[01/08/2016 17:03:44] /t
[01/08/2016 17:52:40] /goto zik doido
[01/08/2016 17:52:57] /t
[01/08/2016 17:53:14] /goto zik doido
[01/08/2016 17:53:18] /t
[01/08/2016 17:53:33] /goto zickpally
[01/08/2016 17:54:05] /t
[01/08/2016 19:09:19] /goto zickpally
[01/08/2016 19:09:26] /t
[01/08/2016 19:11:50] /t
[01/08/2016 19:16:42] /goto fabin picadura
[01/08/2016 19:16:47] /goto fabin pica dura
[01/08/2016 19:16:59] /t
[01/08/2016 19:19:16] /ghost
[01/08/2016 19:21:31] /ghost
[01/08/2016 19:24:41] /ghost
[01/08/2016 19:26:20] /ghost
[01/08/2016 19:40:02] /info pallyzinhaaw
[02/08/2016 10:12:07] /goto xuxa vingadora
[02/08/2016 10:12:16] /info xuxa vingadora
[02/08/2016 10:12:36] /goto vuk vuk
[02/08/2016 10:12:42] /t
[02/08/2016 10:15:23] /goto cesinha
[02/08/2016 10:15:39] /goto cesinha
[02/08/2016 10:16:07] /goto cesinha
[02/08/2016 10:16:35] /goto cesinha
[02/08/2016 10:17:05] /t
[02/08/2016 10:42:00] /goto loki
[02/08/2016 10:42:06] /goto vuk vuk
[02/08/2016 10:48:44] /goto vuk vuk
[02/08/2016 10:49:05] /goto cesinha
[02/08/2016 10:49:20] /t
[02/08/2016 13:51:49] /mc
[02/08/2016 14:07:28] /r
[02/08/2016 14:18:01] /goto cesinha
[02/08/2016 14:23:28] /goto lord'pau~
[02/08/2016 14:23:31] /t
[02/08/2016 15:13:22] /goto cave 1
[02/08/2016 15:13:27] /a 60
[02/08/2016 15:25:41] /goto lord'paulistinha
[02/08/2016 15:26:46] /ghost
[02/08/2016 15:27:26] /t
[02/08/2016 15:27:30] /ghost
[02/08/2016 15:27:45] /goto cave 3
[02/08/2016 15:28:00] /t
[02/08/2016 15:28:33] /t
[02/08/2016 17:16:08] /goto cesinha
[02/08/2016 17:16:13] /goto cave3
[02/08/2016 17:16:14] /goto cave 4
[02/08/2016 17:16:17] /goto cave 3
[02/08/2016 17:16:26] /goto cave 5
[02/08/2016 17:16:30] /t
[02/08/2016 17:26:59] /goto diona
[02/08/2016 17:27:02] /goto riona
[02/08/2016 17:29:24] /down
[02/08/2016 17:30:03] /up
[02/08/2016 17:30:04] /up
[02/08/2016 19:25:08] /goto cesinha
[02/08/2016 19:26:22] /goto fabin pica dura
[02/08/2016 21:36:55] /goto fabin~
[02/08/2016 21:37:01] /goto royal locao
[02/08/2016 21:39:08] /goto pallyzinha
[02/08/2016 21:39:22] /goto cave 1
[02/08/2016 21:40:12] /t
[02/08/2016 21:43:50] /t
[02/08/2016 21:52:58] /goto kenshi
[02/08/2016 21:53:10] /kick kenshi
[02/08/2016 21:53:36] /t
[02/08/2016 21:58:44] /goto fabin pica dura
[02/08/2016 21:58:59] /t
[02/08/2016 22:04:21] /goto fabin pica dura
[02/08/2016 22:04:53] /goto lord'paulistinha
[02/08/2016 22:07:43] /a 50
[02/08/2016 22:07:45] /a 50
[02/08/2016 22:07:47] /a 50
[02/08/2016 22:07:47] /a 50
[02/08/2016 22:07:50] /a 20
[02/08/2016 22:08:09] /i 9019
[02/08/2016 22:08:12] /t
[02/08/2016 22:09:40] /r
[02/08/2016 22:11:30] /goto royal~
[02/08/2016 22:19:08] /goto royal locao
[03/08/2016 08:45:11] /goto adm~
[03/08/2016 08:46:59] /up
[03/08/2016 08:47:14] /up
[03/08/2016 08:47:16] /up
[03/08/2016 08:47:17] /up
[03/08/2016 08:47:18] /up
[03/08/2016 08:47:19] /up
[03/08/2016 08:47:24] /down
[03/08/2016 08:48:03] /goto fabin~
[03/08/2016 08:48:51] /info fabin pica dura
[03/08/2016 08:49:27] /t
[03/08/2016 08:50:43] /goto fabin~
[03/08/2016 08:50:54] /t
[03/08/2016 09:03:48] /goto fabin~
[03/08/2016 09:03:54] /t
[03/08/2016 09:15:21] /i 6536
[03/08/2016 09:28:28] /goto fabin~
[03/08/2016 09:28:43] /t
[03/08/2016 09:52:47] /goto adm fusino
[03/08/2016 09:52:52] /ghost
[03/08/2016 10:09:30] /ghost
[03/08/2016 10:10:01] /t
[03/08/2016 10:19:02] /goto tick zika
[03/08/2016 10:19:16] /ghost
[03/08/2016 10:25:46] /save
[03/08/2016 10:25:52] /ghost
[03/08/2016 11:19:25] /goto japazinho
[03/08/2016 11:19:41] /goto tick zika
[03/08/2016 11:19:48] /t
[03/08/2016 11:21:20] /ghost
[03/08/2016 11:27:48] /ghost
[03/08/2016 11:32:56] /ghost
[03/08/2016 11:40:21] /ghost
[03/08/2016 11:49:22] /ghost
[03/08/2016 11:50:58] /ghost
[03/08/2016 11:51:17] /t
[03/08/2016 13:03:30] /goto vuk vuk
[03/08/2016 13:04:03] /t
[03/08/2016 13:07:44] /goto cesinha
[03/08/2016 13:08:29] /goto cesinha
[03/08/2016 13:08:31] /goto cesinha
[03/08/2016 13:08:34] /goto cesinha
[03/08/2016 13:09:06] /a 10
[03/08/2016 13:09:32] /a 2
[03/08/2016 13:09:47] /goto heart of ice
[03/08/2016 13:11:01] /t
[03/08/2016 13:12:17] /goto hearth of ice
[03/08/2016 13:12:22] /goto heart of ice
[03/08/2016 13:12:32] /goto cesinha
[03/08/2016 13:13:30] /a 2
[03/08/2016 13:15:40] /t
[03/08/2016 14:01:50] /goto cave 3
[03/08/2016 14:01:55] /goto cave 4
[03/08/2016 14:01:57] /goto cave 5
[03/08/2016 14:01:59] /goto cave 6
[03/08/2016 14:02:00] /goto cave 1
[03/08/2016 14:02:02] /goto cave 2
[03/08/2016 14:18:16] /mc
[03/08/2016 14:50:30] /goto cesinha
[03/08/2016 16:24:06] /goto adm~
[03/08/2016 16:24:11] /goto adm fusino
[03/08/2016 16:24:14] /t
[03/08/2016 16:33:06] /mc
[03/08/2016 16:34:25] /t
[03/08/2016 17:16:28] /goto cave 1
[03/08/2016 17:16:31] /goto cave 2
[03/08/2016 17:16:34] /goto cave 4
[03/08/2016 17:16:45] /goto cave 5
[03/08/2016 17:16:48] /goto cave 6
[03/08/2016 17:17:14] /goto cave 4
[03/08/2016 17:17:38] /c jo'ker
[03/08/2016 17:18:43] /goto daniesz
[03/08/2016 17:18:48] /goto cesinha
[03/08/2016 17:18:53] /ghost
[03/08/2016 17:27:56] /ghost
[03/08/2016 17:34:15] /ghost
[03/08/2016 17:35:03] /ghost
[03/08/2016 17:37:43] /mc
[03/08/2016 18:03:30] /up
[03/08/2016 18:03:31] /up
[03/08/2016 18:03:32] /up
[03/08/2016 18:03:35] /c cesinha
[03/08/2016 18:03:37] /ghost
[03/08/2016 18:06:34] /t cesinha
[03/08/2016 18:06:49] /ghost
[03/08/2016 18:06:50] /t
[03/08/2016 18:21:32] /goto death~
[03/08/2016 18:21:38] /kick death~
[03/08/2016 18:21:50] /t
[03/08/2016 19:48:01] /goto fusino
[03/08/2016 19:48:10] /goto adm fusino
[03/08/2016 19:48:16] /t
[04/08/2016 10:18:50] /i 1277
[04/08/2016 10:18:57] /a 1
[04/08/2016 10:18:59] /a 1
[04/08/2016 10:19:05] /t
[04/08/2016 10:19:19] /goto wallace vip
[04/08/2016 10:20:03] /t wallace vip
[04/08/2016 10:21:29] /r
[04/08/2016 10:23:22] /mc
[04/08/2016 10:26:13] /goto tick zick
[04/08/2016 10:26:14] /goto tick zica
[04/08/2016 10:26:16] /goto tick zicka
[04/08/2016 10:26:20] /goto tick zika
[04/08/2016 10:32:30] /goto wallace vip
[04/08/2016 10:39:02] /up
[04/08/2016 10:39:06] /c wallace vip
[04/08/2016 10:39:08] /ghost
[04/08/2016 10:41:23] /t wallace vip
[04/08/2016 10:41:26] /ghost
[04/08/2016 10:44:31] /t
[04/08/2016 11:33:49] /s Boss da promotion
[04/08/2016 11:33:57] /r
[04/08/2016 11:34:00] /s rat
[04/08/2016 11:34:13] /s boss da promotion
[04/08/2016 11:34:21] /r
[04/08/2016 11:34:30] /s infernatil
[04/08/2016 11:35:02] /s boss da promotion
[04/08/2016 11:35:15] /r
[04/08/2016 11:36:54] /r
[04/08/2016 15:30:35] /goto supreme master
[04/08/2016 15:31:03] /mc
[04/08/2016 15:34:49] /goto sub zero
[04/08/2016 15:34:55] /t
[04/08/2016 16:46:56] /goto adm patricinha
[04/08/2016 16:47:19] /b Duvidas no help!
[04/08/2016 16:48:33] /ghost
[04/08/2016 16:49:30] /ghost
[04/08/2016 16:51:40] /info mohai
[04/08/2016 16:54:24] /mc
[04/08/2016 16:54:48] /mc
[04/08/2016 16:55:17] /mc
[04/08/2016 16:56:36] /mc
[04/08/2016 17:03:49] /kick supreme master
[04/08/2016 17:04:54] /goto choranaobebe
[04/08/2016 17:05:00] /t
[04/08/2016 21:26:39] /goto cave 1
[04/08/2016 21:26:47] /a 2
[04/08/2016 21:28:44] /mc
[04/08/2016 21:29:06] /kick supreme master
[04/08/2016 21:51:06] /ghost
[04/08/2016 21:51:49] /kick tsg hold power
[04/08/2016 21:56:05] /ghost
[04/08/2016 21:56:49] /ghost
[04/08/2016 21:57:11] /goto tsg hold powere
[04/08/2016 21:57:13] /goto tsg hold power
[04/08/2016 22:00:36] /i small enchanted ruby
[04/08/2016 22:00:46] /i Small Enchanted Ruby 
[04/08/2016 22:01:13] /goto infernalist
[04/08/2016 22:01:28] /goto tsg hold power
[04/08/2016 22:02:54] /ghost
[04/08/2016 22:03:04] /t
[04/08/2016 22:05:47] /ghost
[04/08/2016 22:08:00] /ghost
[04/08/2016 22:22:49] /a 1
[04/08/2016 22:22:52] /r
[04/08/2016 22:23:16] /goto update seller
[04/08/2016 22:24:41] /goto blukkerzinn
[05/08/2016 09:17:04] /r
[05/08/2016 09:17:19] /goto choranaobebe
[05/08/2016 09:44:31] /i 8976
[05/08/2016 10:05:00] /a 10
[05/08/2016 10:05:06] /a 2
[05/08/2016 10:05:43] /r all
[05/08/2016 10:05:52] /r all
[05/08/2016 10:05:54] /r all
[05/08/2016 10:05:56] /r all
[05/08/2016 10:05:58] /r all
[05/08/2016 10:06:01] /r all
[05/08/2016 10:06:02] /r all
[05/08/2016 10:06:04] /r all
[05/08/2016 10:06:09] /r all
[05/08/2016 10:06:12] /r all
[05/08/2016 10:06:14] /r all
[05/08/2016 10:06:16] /r all
[05/08/2016 10:06:17] /r all
[05/08/2016 10:06:20] /r all
[05/08/2016 10:06:21] /r all
[05/08/2016 10:06:23] /r all
[05/08/2016 10:06:26] /r all
[05/08/2016 10:06:29] /r all
[05/08/2016 10:06:31] /r all
[05/08/2016 10:06:33] /r all
[05/08/2016 10:06:35] /r all
[05/08/2016 10:06:37] /r all
[05/08/2016 10:06:39] /r all
[05/08/2016 10:06:42] /r all
[05/08/2016 10:06:44] /r all
[05/08/2016 10:06:47] /r all
[05/08/2016 10:06:48] /r all
[05/08/2016 10:06:51] /r all
[05/08/2016 10:06:53] /r all
[05/08/2016 10:06:54] /r all
[05/08/2016 10:06:57] /r all
[05/08/2016 10:07:01] /r all
[05/08/2016 10:07:29] /r all
[05/08/2016 11:03:15] /goto supreme master
[05/08/2016 11:03:17] /t
[05/08/2016 12:02:30] /attr skull 4
[05/08/2016 12:02:36] /attr skull 4
[05/08/2016 12:03:02] /goto pump~
[05/08/2016 12:05:52] /goto pump~
[05/08/2016 12:08:11] /t gunx
[05/08/2016 12:59:58] /t
[05/08/2016 13:00:00] /up
[05/08/2016 13:00:01] /up
[05/08/2016 13:00:02] /up
[05/08/2016 13:00:07] /c black asakft
[05/08/2016 13:00:39] /i supreme axe
[05/08/2016 13:00:50] /t black asakft
[05/08/2016 13:00:51] /t
[05/08/2016 13:01:12] /a 60
[05/08/2016 13:01:15] /a 20
[05/08/2016 13:01:18] /a 60
[05/08/2016 13:01:19] /a 60
[05/08/2016 13:01:22] /a 20
[05/08/2016 13:01:24] /a 20
[05/08/2016 13:01:29] /a 20
[05/08/2016 13:02:34] /a 20
[05/08/2016 13:02:35] /a 20
[05/08/2016 13:02:37] /a 20
[05/08/2016 13:02:40] /a 10
[05/08/2016 13:02:50] /a 20
[05/08/2016 13:02:53] /a 1-
[05/08/2016 13:02:55] /a 10
[05/08/2016 13:02:59] /t
[05/08/2016 14:47:31] /goto ericka'sz
[05/08/2016 14:47:46] /goto Erika'sz 
[05/08/2016 14:48:14] /t
[05/08/2016 15:22:58] /mc
[05/08/2016 15:39:13] /goto adm patricinha
[05/08/2016 15:50:49] /goto pallyzinha
[05/08/2016 16:17:17] /goto kudo
[05/08/2016 16:17:30] /t
[06/08/2016 10:14:23] /goto thor
[06/08/2016 10:14:32] /t
[06/08/2016 10:15:13] /goto adm fusino
[06/08/2016 10:15:21] /goto adm fusino
[06/08/2016 15:25:25] /goto adm patricinha
[07/08/2016 13:52:16] /goto kina imortal
[07/08/2016 13:52:20] /goto thor
[08/08/2016 09:26:38] /goto pallyzinha
[08/08/2016 09:27:22] /goto pally smoke~
[08/08/2016 09:27:36] /goto tick zika
[08/08/2016 09:27:40] /goto tick zika
[08/08/2016 09:27:54] /goto frango
[08/08/2016 09:28:15] /goto lord~
[08/08/2016 09:28:21] /goto malefick
[08/08/2016 09:28:24] /goto malefick~
[08/08/2016 09:28:50] /goto fkn~
[08/08/2016 09:28:58] /goto kiriito
[08/08/2016 09:29:04] /goto red's
[08/08/2016 09:29:07] /t
[08/08/2016 09:55:32] /goto red's
[08/08/2016 11:11:43] /goto alerquina
[08/08/2016 11:11:51] /goto arlequina
[08/08/2016 11:18:13] /a 2
[08/08/2016 11:18:24] /ghost
[08/08/2016 11:23:49] /ghost
[08/08/2016 17:25:02] /goto lucyan~
[08/08/2016 18:08:11] /goto oque foi isso
[08/08/2016 18:10:31] /goto oque foi isso
[08/08/2016 18:11:02] /t
[08/08/2016 18:13:14] /goto fkn players
[08/08/2016 18:14:16] /t
[08/08/2016 18:14:29] /i supreme hat
[08/08/2016 18:15:18] /i supreme helmet
[08/08/2016 18:42:30] /t
[08/08/2016 18:53:39] /goto exterminador
[08/08/2016 18:54:01] /t
[08/08/2016 20:35:12] /goto pally rush
[08/08/2016 20:35:24] /i supreme wand
[08/08/2016 20:35:30] /i supreme staff
[08/08/2016 20:36:00] /ghost
[08/08/2016 20:36:15] /c Pa Ll Yy Ru Sh
[08/08/2016 20:37:01] /c Dr Ui Di Zi Nn
[08/08/2016 20:39:01] /ghost
[08/08/2016 20:40:12] /c vem com monstro
[08/08/2016 20:40:22] /c vem com monstro
[08/08/2016 21:14:27] /s boss da promotion
[08/08/2016 21:14:38] /r
[09/08/2016 10:20:36] /goto [svip] vem com o mostro
[09/08/2016 10:20:50] /goto [svip] vem com mostro
[09/08/2016 10:21:09] /goto [Svip] Vem Com Monstro
[09/08/2016 13:43:53] /goto blood queen
[09/08/2016 13:44:13] /t
[09/08/2016 13:45:25] /ghost
[09/08/2016 13:51:14] /goto qwerty
[09/08/2016 13:52:09] /ghost
[09/08/2016 14:11:47] /c [Svip] Vem Com Monstro
[09/08/2016 14:12:27] /t [Svip] Vem Com Monstro
[09/08/2016 14:12:39] /t
[09/08/2016 14:16:14] /goto [Svip] Vem Com Monstro
[09/08/2016 14:21:14] /ghost
[09/08/2016 14:29:15] /a 2
[09/08/2016 14:36:57] /c [Svip] Vem Com Monstro
[09/08/2016 14:37:06] /mc
[09/08/2016 14:39:19] /mc
[09/08/2016 14:39:40] /a 2
[09/08/2016 14:40:43] /r
[09/08/2016 14:42:50] /a 2
[09/08/2016 14:42:51] /a 2
[09/08/2016 14:44:09] /t
[09/08/2016 14:44:14] /ghost
[09/08/2016 15:13:29] /goto adm patricinha
[09/08/2016 15:13:42] /goto [Svip] Vem Com Monstro
[09/08/2016 15:13:52] /t
[09/08/2016 15:35:57] /goto cesinha
[09/08/2016 15:36:21] /t
[09/08/2016 15:38:25] /goto cesinha
[09/08/2016 15:55:11] /goto cesinha
[09/08/2016 15:56:29] /goto pallyzinha
[09/08/2016 15:56:32] /t
[09/08/2016 16:01:38] /reload all
[09/08/2016 16:24:33] /t
[09/08/2016 17:34:47] /mc
[09/08/2016 18:17:56] /goto adm patricinha
[10/08/2016 09:30:26] /goto high aldwin
[10/08/2016 09:30:33] /goto cesinha
[10/08/2016 09:30:51] /goto qwerty
[10/08/2016 09:30:54] /t
[10/08/2016 11:35:56] /reload
[10/08/2016 11:36:01] /reload all
[10/08/2016 16:35:49] /clean
[10/08/2016 16:47:11] /clean
[10/08/2016 16:53:21] /t
[10/08/2016 19:25:20] /ghost
[10/08/2016 19:27:32] /mc
[10/08/2016 19:29:22] /ghost
[10/08/2016 19:29:54] /info
[10/08/2016 19:42:00] /goto [Svip] Tulipa
[10/08/2016 19:42:38] /owner [Svip] Tulipa
[10/08/2016 19:42:46] /r
[10/08/2016 19:43:25] /t
[10/08/2016 20:19:22] /goto adm patricinha
[10/08/2016 21:27:02] /goto adm fusino
[10/08/2016 21:31:57] /t
[11/08/2016 08:59:35] /r all
[11/08/2016 10:00:04] /kick pumpkin
[11/08/2016 10:02:23] /mc
[11/08/2016 12:49:11] /ghost
[11/08/2016 12:51:06] /ghost
[11/08/2016 12:56:44] /goto alerquina
[11/08/2016 12:56:50] /goto arlequina
[11/08/2016 13:34:54] /a 2
[11/08/2016 13:35:16] /t
[11/08/2016 13:58:12] /ghost
[11/08/2016 13:58:15] /goto leona
[11/08/2016 13:58:51] /a 2
[11/08/2016 13:59:21] /kick acoountloko
[11/08/2016 13:59:25] /t
[11/08/2016 13:59:27] /ghost
[11/08/2016 14:09:29] /ghost
[11/08/2016 14:09:32] /goto leona
[11/08/2016 14:12:29] /t
[11/08/2016 14:12:32] /ghost
[11/08/2016 14:24:53] /ghost
[11/08/2016 14:24:57] /goto leona
[11/08/2016 14:25:19] /t
[11/08/2016 14:25:22] /ghost
[11/08/2016 16:18:17] /goto gandalf branco
[11/08/2016 16:18:35] /t
[11/08/2016 17:51:03] /goto arlequina
[11/08/2016 17:52:30] /t
[11/08/2016 18:16:29] /mc
[11/08/2016 18:28:41] /ghost
[11/08/2016 18:29:00] /r
[11/08/2016 18:33:48] /s boss da promote
[11/08/2016 18:33:50] /s boss da promote
[11/08/2016 18:33:56] /s boss da promotion
[11/08/2016 18:43:35] /t
[11/08/2016 18:43:40] /up
[11/08/2016 18:43:41] /up
[11/08/2016 18:43:42] /up
[11/08/2016 18:43:49] /m apocalypse
[11/08/2016 18:44:00] /down
[11/08/2016 18:44:01] /down
[11/08/2016 18:44:02] /down
[11/08/2016 18:52:54] /m zoralurk
[11/08/2016 18:52:56] /m zoralurk
[11/08/2016 18:53:33] /m zoralurk
[11/08/2016 18:53:37] /m zoralurk
[11/08/2016 18:53:50] /m zoralurk
[11/08/2016 18:53:51] /m zoralurk
[11/08/2016 18:53:52] /m zoralurk
[11/08/2016 18:54:02] /a 2
[11/08/2016 18:54:04] /m zoralurk
[11/08/2016 18:54:05] /m zoralurk
[11/08/2016 18:54:05] /m zoralurk
[11/08/2016 18:54:06] /m zoralurk
[11/08/2016 18:54:11] /a 2
[11/08/2016 18:54:14] /a 2
[11/08/2016 18:54:18] /m zoralurk
[11/08/2016 18:54:18] /m zoralurk
[11/08/2016 18:54:19] /m zoralurk
[11/08/2016 18:54:20] /m zoralurk
[11/08/2016 18:54:36] /a 2
[11/08/2016 18:54:38] /a 2
[11/08/2016 18:54:39] /a 2
[11/08/2016 18:54:45] /m zoralurk
[11/08/2016 18:54:46] /m zoralurk
[11/08/2016 18:54:47] /m zoralurk
[11/08/2016 18:54:47] /m zoralurk
[11/08/2016 18:54:48] /m zoralurk
[11/08/2016 18:54:48] /m zoralurk
[11/08/2016 18:54:56] /a 2
[11/08/2016 18:54:58] /a 2
[11/08/2016 18:55:00] /a 2
[11/08/2016 18:55:10] /r
[11/08/2016 18:55:13] /r
[11/08/2016 18:55:15] /r
[11/08/2016 18:55:17] /r
[11/08/2016 18:55:19] /r
[11/08/2016 18:55:20] /r
[11/08/2016 18:55:22] /r
[11/08/2016 18:55:25] /r
[11/08/2016 18:55:27] /r
[11/08/2016 18:55:28] /r
[11/08/2016 18:55:30] /r
[11/08/2016 18:55:32] /r
[11/08/2016 18:55:34] /r
[11/08/2016 18:55:43] /m zoralurk
[11/08/2016 18:56:51] /m zoralurk
[11/08/2016 18:56:52] /m zoralurk
[11/08/2016 18:56:54] /m zoralurk
[11/08/2016 18:56:56] /m zoralurk
[11/08/2016 18:56:57] /m zoralurk
[11/08/2016 18:56:58] /m zoralurk
[11/08/2016 18:56:59] /m zoralurk
[11/08/2016 18:57:01] /m zoralurk
[11/08/2016 18:57:01] /m zoralurk
[11/08/2016 18:57:02] /m zoralurk
[11/08/2016 18:57:03] /m zoralurk
[11/08/2016 18:57:40] /r
[11/08/2016 18:57:42] /r
[11/08/2016 18:57:43] /r
[11/08/2016 18:57:45] /r
[11/08/2016 18:57:46] /r
[11/08/2016 18:57:47] /r
[11/08/2016 18:57:50] /r
[11/08/2016 18:57:51] /r
[11/08/2016 18:57:52] /r
[11/08/2016 18:59:23] /r
[11/08/2016 18:59:25] /r
[11/08/2016 18:59:28] /r
[11/08/2016 19:00:22] /m rat,10
[11/08/2016 19:00:27] /m rat ,10
[11/08/2016 19:00:37] /a 1
[11/08/2016 19:01:48] /clean
[11/08/2016 19:02:51] /ghost
[11/08/2016 20:08:37] /goto High Aldwin 
[11/08/2016 20:08:39] /t
[12/08/2016 10:07:12] /goto kina love
[12/08/2016 10:07:51] /goto droguinha
[12/08/2016 10:07:54] /t
[12/08/2016 10:08:10] /t
[12/08/2016 10:10:02] /kick arlequina
[12/08/2016 10:10:42] /b Server ja volta galera
[12/08/2016 10:10:46] /shutdown
[12/08/2016 10:12:54] /goto qwerty
[12/08/2016 10:13:00] /t
[12/08/2016 10:18:25] /i donate helmet
[12/08/2016 10:51:44] /goto high aldwin
[12/08/2016 10:51:47] /goto high aldwin
[12/08/2016 11:23:47] /goto loki
[12/08/2016 11:25:00] /t
[12/08/2016 16:34:51] /mc
[12/08/2016 16:40:01] /info kina love
[12/08/2016 16:40:13] /goto kina love
[12/08/2016 16:40:49] /a 2
[12/08/2016 16:44:33] /r
[12/08/2016 16:51:10] /mc
[12/08/2016 16:58:43] /mc
[12/08/2016 16:59:40] /goto kina love
[12/08/2016 17:02:27] /r
[12/08/2016 17:20:28] /i critical skill
[12/08/2016 17:20:31] /i critical
[12/08/2016 17:20:44] /i refinamento excelente
[12/08/2016 17:21:55] /i Magnata sword
[12/08/2016 17:22:32] /i Magnata staff
[12/08/2016 17:22:42] /i refinamento excelente
[12/08/2016 17:23:23] /i Magnata shield
[12/08/2016 17:23:50] /i 8858
[12/08/2016 17:23:57] /i critical
[12/08/2016 17:24:08] /i critical stone
[12/08/2016 17:27:27] /i refinamento bon
[12/08/2016 17:27:30] /i refinamento bom
[12/08/2016 17:30:47] /i refinamento excelente
[12/08/2016 17:34:27] /ghost
[12/08/2016 17:38:37] /ghost
[12/08/2016 17:39:02] /a 2
[12/08/2016 17:40:05] /i 2157
[12/08/2016 17:40:23] /i supreme helmet
[12/08/2016 17:40:27] /i supreme armor
[12/08/2016 17:40:33] /i supreme shield
[12/08/2016 17:40:37] /i supreme hat
[12/08/2016 17:40:39] /i supreme legs
[12/08/2016 17:40:45] /i supreme shorts
[12/08/2016 17:40:46] /i supreme short
[12/08/2016 17:40:51] /i supreme boots
[12/08/2016 17:40:52] /i supreme boots
[12/08/2016 17:41:09] /i supreme vip
[12/08/2016 17:41:10] /i supreme vip
[12/08/2016 17:41:10] /i supreme vip
[12/08/2016 17:41:15] /i 2157
[12/08/2016 17:41:16] /i 2157
[12/08/2016 17:41:16] /i 2157
[12/08/2016 17:41:17] /i 2157
[12/08/2016 17:41:56] /i 2157
[12/08/2016 17:41:57] /i 2157
[12/08/2016 17:41:58] /i 2157
[12/08/2016 17:41:59] /i 2157
[12/08/2016 17:42:20] /i present bag
[12/08/2016 17:42:20] /i present bag
[12/08/2016 17:42:21] /i present bag
[12/08/2016 17:43:29] /i supreme shield
[12/08/2016 17:43:33] /i supreme armor
[12/08/2016 17:43:36] /i supreme hat
[12/08/2016 17:43:38] /i supreme helmet
[12/08/2016 17:43:41] /i supreme legs
[12/08/2016 17:43:45] /i supreme shorts
[12/08/2016 17:43:47] /i supreme short
[12/08/2016 17:43:51] /i supreme cap
[12/08/2016 17:44:03] /i supreme vip
[12/08/2016 17:44:04] /i supreme vip
[12/08/2016 17:44:05] /i supreme vip
[12/08/2016 17:44:35] /i 2157
[12/08/2016 17:44:36] /i 2157
[12/08/2016 17:44:36] /i 2157
[12/08/2016 17:45:02] /i present bag
[12/08/2016 17:45:03] /i present bag
[12/08/2016 17:45:04] /i present bag
[12/08/2016 17:45:25] /i 2157
[12/08/2016 17:45:25] /i 2157
[12/08/2016 17:45:26] /i 2157
[12/08/2016 17:45:29] /i present bag
[12/08/2016 17:45:29] /i present bag
[12/08/2016 17:45:30] /i present bag
[12/08/2016 17:45:53] /i supreme shield
[12/08/2016 17:46:01] /i present bag
[12/08/2016 17:46:03] /i present bag
[12/08/2016 17:46:18] /i 2157
[12/08/2016 17:46:19] /i 2157
[12/08/2016 17:46:20] /i 2157
[12/08/2016 17:46:49] /i exp 7x
[12/08/2016 17:46:51] /i exp 7x
[12/08/2016 17:46:52] /i exp 7x
[12/08/2016 17:47:19] /i dice
[12/08/2016 17:47:37] /t
[12/08/2016 17:47:49] /goto arlequina
[12/08/2016 17:47:54] /a 10
[12/08/2016 17:47:59] /t
[12/08/2016 17:48:24] /b EVENTO TP NO TEMPLO GOGO...
[12/08/2016 17:48:40] /b EVENTO DICE O TP TA NO TEMPLO SO ENTRAR GOGOGO
[12/08/2016 17:48:53] /a 2
[12/08/2016 17:48:58] /ghost
[12/08/2016 17:52:59] /b evento galera
[12/08/2016 17:57:49] /i dice
[12/08/2016 17:59:29] /i dice
[12/08/2016 18:13:16] /t blukkerzinn
[12/08/2016 18:16:25] /t super pala
[12/08/2016 18:17:47] /t elder~
[12/08/2016 18:18:56] /t meco mal~
[12/08/2016 18:19:50] /b acabou evento
[12/08/2016 18:20:07] /b acabou evento
[12/08/2016 18:20:16] /ghost
[12/08/2016 18:20:21] /t bigate~
[12/08/2016 18:20:25] /t elder~
[12/08/2016 18:20:29] /t qwerty
[12/08/2016 18:20:32] /t ze~
[12/08/2016 18:20:38] /t piguello
[12/08/2016 18:20:44] /r
[12/08/2016 18:22:04] /ghost
[12/08/2016 18:22:08] /a 50
[12/08/2016 18:22:13] /up
[12/08/2016 18:22:14] /up
[12/08/2016 18:22:16] /up
[12/08/2016 18:22:22] /up
[12/08/2016 18:22:24] /a 20
[12/08/2016 18:22:29] /up
[12/08/2016 18:22:30] /up
[12/08/2016 18:22:32] /up
[12/08/2016 18:22:37] /a 2
[12/08/2016 18:22:46] /i 6512
[12/08/2016 18:22:47] /t
[12/08/2016 18:22:50] /ghost
[12/08/2016 18:23:24] /b GALERA MAIS UM EVENTO....
[12/08/2016 18:23:38] /b ESCONDI UM ITEM NA CIDADE.... PROCUREM JAJA MAIS DICAS...
[12/08/2016 18:24:27] /b ACABOU EVENTO.. QWERTY JA GANHOU OMG
[12/08/2016 18:25:03] /a 2
[12/08/2016 18:25:47] /b Evento batle field no templo o acess...
[12/08/2016 18:31:23] /t
[12/08/2016 18:31:31] /b MAIS?
[12/08/2016 18:31:53] /clean
[12/08/2016 18:32:11] /b BF ABERTO DE NOVO...
[12/08/2016 18:35:35] /a 4
[12/08/2016 18:35:48] /a 4
[12/08/2016 18:36:25] /a 5
[12/08/2016 18:37:21] /t
[12/08/2016 18:37:29] /ghost
[12/08/2016 18:39:14] /ghost
[12/08/2016 18:40:05] /kick male of sky
[12/08/2016 18:40:29] /b BF faltam 2..
[12/08/2016 18:41:18] /goto rapha
[12/08/2016 18:41:22] /goto rapha lord
[12/08/2016 18:41:28] /t rapha lord
[12/08/2016 18:41:44] /t
[12/08/2016 18:42:46] /t gunx
[12/08/2016 18:43:28] /t
[12/08/2016 18:46:55] /t druidzix
[12/08/2016 18:47:50] /i 5065
[12/08/2016 18:48:05] /r
[12/08/2016 18:48:17] /i 1277
[12/08/2016 20:29:35] /ghost
[12/08/2016 20:34:27] /mc
[12/08/2016 20:40:41] /ghost
[12/08/2016 20:43:37] /t
[12/08/2016 20:45:09] /a 2
[12/08/2016 20:46:37] /t
[13/08/2016 09:47:59] /goto blukker~
[13/08/2016 09:48:15] /t
[13/08/2016 11:44:53] /mc
[13/08/2016 11:47:31] /mc
[13/08/2016 11:47:54] /goto gaby'sz
[13/08/2016 11:47:58] /t
[13/08/2016 11:48:30] /a 2
[13/08/2016 11:49:16] /ghost
[13/08/2016 11:51:06] /ghost
[13/08/2016 11:51:13] /goto high aldwin
[13/08/2016 11:53:26] /t
[13/08/2016 11:53:28] /ghost
[13/08/2016 11:54:03] /ghost
[13/08/2016 11:55:12] /goto sara love
[13/08/2016 11:59:42] /goto blukkerzinn
[13/08/2016 12:03:28] /clean
[13/08/2016 14:55:17] /goto zoralurk
[13/08/2016 14:55:19] /t
[13/08/2016 14:56:53] /goto jo'ker
[13/08/2016 14:57:35] /c brutos'syes
[13/08/2016 14:58:53] /t
[13/08/2016 15:01:58] /info lobo
[14/08/2016 12:49:34] /goto high aldwin
[14/08/2016 12:49:39] /t
[14/08/2016 14:34:34] /mc
[14/08/2016 14:35:33] /goto Princeszinha
[14/08/2016 14:38:10] /r all
[14/08/2016 14:38:32] /r all
[14/08/2016 14:38:34] /r all
[14/08/2016 14:38:35] /r
[14/08/2016 14:38:58] /r all
[14/08/2016 14:39:17] /ghost
[14/08/2016 14:45:25] /r all
[14/08/2016 14:45:28] /r
[14/08/2016 14:46:32] /s boss da promotion
[14/08/2016 14:49:14] /i panda doll
[14/08/2016 14:49:26] /i panda tedy
[14/08/2016 14:50:02] /i Panda Teddy
[14/08/2016 14:51:27] /ghost
[14/08/2016 14:52:21] /ghost
[14/08/2016 14:53:29] /ghost
[14/08/2016 14:54:34] /c robbit
[14/08/2016 14:56:32] /c robbit
[14/08/2016 14:59:32] /goto robbit
[14/08/2016 14:59:46] /t
[14/08/2016 15:24:33] /ghost
[14/08/2016 15:30:08] /ghost
[14/08/2016 15:31:04] /goto dark paladin
[14/08/2016 15:31:46] /t dark paladin
[14/08/2016 15:31:48] /t
[14/08/2016 15:32:56] /goto gaby'sz
[14/08/2016 15:34:13] /t
[14/08/2016 15:35:05] /a 2
[14/08/2016 15:37:07] /t
[14/08/2016 15:41:11] /goto duken nuke
[14/08/2016 15:41:17] /t duken nuke
[14/08/2016 15:41:20] /t
[14/08/2016 16:39:03] /clean
[14/08/2016 16:39:41] /r all
[14/08/2016 16:39:43] /r all
[14/08/2016 16:39:45] /r
[14/08/2016 16:39:46] /r
[14/08/2016 16:39:46] /r
[14/08/2016 16:43:01] /clean
[14/08/2016 16:43:19] /r
[14/08/2016 16:43:22] /r
[14/08/2016 16:43:23] /r
[14/08/2016 16:43:25] /r
[14/08/2016 16:43:27] /r
[14/08/2016 16:43:35] /r
[14/08/2016 16:46:04] /i donate helmet
[14/08/2016 16:57:47] /ghost
[14/08/2016 16:59:52] /ghost
[15/08/2016 10:26:25] /mc
[15/08/2016 12:02:49] /ghost
[15/08/2016 12:03:07] /ghost
[15/08/2016 12:51:05] /goto cesinha
[15/08/2016 12:51:09] /t
[15/08/2016 15:13:06] /goto qwerty
[15/08/2016 15:13:09] /goto qwerty
[15/08/2016 15:13:22] /goto qwerty
[15/08/2016 22:11:44] /goto knd~
[15/08/2016 22:31:21] /ghost
[15/08/2016 22:37:50] /t pro x
[15/08/2016 22:41:38] /t pro x
[15/08/2016 22:41:53] /ghost
[15/08/2016 22:41:57] /goto druidzix
[15/08/2016 22:43:16] /t
[15/08/2016 22:55:13] /mc
[16/08/2016 16:46:20] /mc
[16/08/2016 16:55:14] /b Duvidas no Help!
[16/08/2016 17:01:09] /ghost
[16/08/2016 17:02:09] /c necrothx
[16/08/2016 17:03:52] /ghost
[16/08/2016 17:43:19] /goto qwerty
[16/08/2016 17:43:26] /t
[16/08/2016 18:11:19] /i donate hat
[16/08/2016 18:11:40] /i supreme hat
[16/08/2016 19:14:02] /info no soi god
[16/08/2016 19:55:30] /mc
[16/08/2016 19:56:00] /goto tenchi
[16/08/2016 20:31:14] /t
[17/08/2016 14:43:47] /ghost
[17/08/2016 14:44:42] /ghost
[17/08/2016 14:56:45] /mc
[17/08/2016 14:56:59] /ghost
[17/08/2016 14:57:48] /ghost
[17/08/2016 14:58:08] /ghost
[17/08/2016 14:58:34] /ghost
[17/08/2016 14:59:00] /info dark priest
[17/08/2016 14:59:21] /mc
[17/08/2016 15:00:20] /goto qwerty
[17/08/2016 15:01:39] /goto qwerty
[17/08/2016 15:01:51] /goto qwerty
[17/08/2016 15:01:55] /ghost
[17/08/2016 15:04:34] /ghost
[17/08/2016 15:05:41] /goto dark priest
[17/08/2016 15:06:22] /t
[17/08/2016 15:06:37] /info qwerty
[17/08/2016 15:06:48] /info [Svip] Bob Valentino
[17/08/2016 18:20:37] /up
[17/08/2016 18:20:37] /up
[17/08/2016 18:20:38] /up
[17/08/2016 18:20:45] /c palhacinhu
[17/08/2016 18:20:59] /i 12387
[17/08/2016 18:21:16] /t palhacinhu
[17/08/2016 18:21:18] /t
[17/08/2016 18:22:32] /kick [Svip] Malvado
[17/08/2016 18:23:20] /a 2
[17/08/2016 18:23:24] /a 2
[17/08/2016 18:23:46] /a 1
[17/08/2016 18:23:50] /t
[17/08/2016 18:24:09] /c [Svip] Malvado
[17/08/2016 18:25:12] /c [Svip] Malvado
[17/08/2016 19:11:20] /up
[17/08/2016 19:11:24] /a 2
[17/08/2016 19:11:49] /ghost
[17/08/2016 19:13:07] /ghost
[17/08/2016 19:14:01] /t
[17/08/2016 19:31:20] /mc
