[12/07/2016 18:13:06] /i god staff
[12/07/2016 18:13:33] /cliport
[12/07/2016 18:16:54] /i Stuffed Toad
[12/07/2016 18:17:16] /i The Head of a Jester Doll	
[12/07/2016 18:20:14] /i Whinona
[12/07/2016 18:20:23] /i Wooden Doll	
[12/07/2016 18:22:12] /i Vampire Doll
[12/07/2016 18:22:25] /i Toy Spider
[12/07/2016 18:26:14] /i Anniversary Backpack
[12/07/2016 18:29:04] /i Present Bag
[12/07/2016 18:31:49] /down
[12/07/2016 18:32:40] /a 2
[12/07/2016 18:33:15] /a 2
[12/07/2016 18:33:27] /down
[12/07/2016 18:37:11] /a 3
[12/07/2016 19:37:22] /t ADM ~~Zik~~
[12/07/2016 19:37:32] /t ADM ~~Zik~~
[12/07/2016 19:38:27] /t ADM ~~Zik~~
[12/07/2016 19:42:18] /t ADM ~~Zik~~
[12/07/2016 19:47:02] /t ADM ~~Zik~~
[13/07/2016 18:54:58] /up
[13/07/2016 18:56:04] /down
[13/07/2016 18:56:08] /down
[13/07/2016 18:56:12] /down
[13/07/2016 20:27:07] /ghost
[13/07/2016 20:35:07] /ghost
[18/07/2016 13:04:38] /goto Juninho
[18/07/2016 13:04:41] /ghost
[18/07/2016 13:09:26] /a
[18/07/2016 13:10:55] /a
[18/07/2016 13:10:56] /a
[18/07/2016 13:10:58] /a
[18/07/2016 13:12:38] /t
