[14/07/2016 21:01:08] /ghost
[14/07/2016 21:01:35] /t
[14/07/2016 21:04:49] /i 2500
[14/07/2016 21:05:18] /i 7730
[14/07/2016 21:05:41] /i 9002
[14/07/2016 21:07:08] /i 11113
[14/07/2016 21:07:26] /i 2662
[14/07/2016 21:07:45] /i 2424
[14/07/2016 21:10:26] /ghost
[14/07/2016 21:20:29] /cliport
[14/07/2016 21:32:20] /a 1
[14/07/2016 21:54:22] /i 8976
[14/07/2016 21:54:44] /i 10309
[14/07/2016 21:57:22] /a 3
[14/07/2016 21:57:28] /a 3
[14/07/2016 21:57:36] /a 3
[14/07/2016 21:57:42] /a 3
[14/07/2016 21:57:49] /a 3
[14/07/2016 21:58:10] /a 3
[14/07/2016 21:58:32] /a 3
[14/07/2016 21:58:39] /a 3
[14/07/2016 21:58:51] /a 3
[14/07/2016 21:59:03] /a 3
[14/07/2016 21:59:10] /a 3
[14/07/2016 21:59:17] /a 3
[14/07/2016 21:59:26] /a 6
[14/07/2016 21:59:57] /i 4848
[14/07/2016 22:00:19] /a 3
[14/07/2016 22:00:29] /a 3
[14/07/2016 22:01:18] /a 3
[14/07/2016 22:01:25] /a 3
[14/07/2016 22:01:34] /a 3
[14/07/2016 22:01:41] /a 3
[14/07/2016 22:01:49] /a 2
[14/07/2016 22:01:55] /a 3
[14/07/2016 22:02:02] /a 3
[14/07/2016 22:02:08] /a 3
[14/07/2016 22:02:15] /a 3
[14/07/2016 22:02:23] /a 3
[14/07/2016 22:02:30] /a 3
[14/07/2016 22:02:39] /a 3
[14/07/2016 22:02:45] /a 3
[14/07/2016 22:02:56] /a 3
[14/07/2016 22:03:12] /a 3
[14/07/2016 22:03:21] /a 3
[14/07/2016 22:03:27] /a 3
[14/07/2016 22:03:34] /a 3
[14/07/2016 22:03:42] /a 5
[14/07/2016 22:03:47] /a 3
[14/07/2016 22:03:52] /a 3
[14/07/2016 22:03:57] /a 2
[14/07/2016 22:04:01] /a 3
[14/07/2016 22:04:08] /a 6
[14/07/2016 22:04:32] /i 9019
