[29/07/2016 15:35:07] /ghost
[29/07/2016 15:35:09] /t
[29/07/2016 15:47:34] /t
[29/07/2016 16:06:18] /cliport
[29/07/2016 16:06:19] /t
[29/07/2016 16:06:56] /t
[29/07/2016 16:17:02] /t
[29/07/2016 16:17:08] /t
[29/07/2016 16:27:19] /cliport
[29/07/2016 16:35:58] /a 2
[29/07/2016 16:36:36] /t
[29/07/2016 16:44:13] /a 2
[29/07/2016 16:45:22] /t
[29/07/2016 16:45:35] /a
[29/07/2016 16:47:44] /t
[29/07/2016 16:52:41] /a 2
[29/07/2016 16:52:44] /t
[29/07/2016 17:07:14] /a 2
[29/07/2016 17:07:16] /t
[29/07/2016 17:27:09] /t
