[07/08/2016 15:23:21] /ghost
[07/08/2016 15:25:39] /ghost
[07/08/2016 18:07:04] /ghost
[07/08/2016 18:17:04] /r
[07/08/2016 18:31:07] /ghost
[07/08/2016 20:21:38] /goto ADM Fusino
[08/08/2016 11:22:37] /ghost
[08/08/2016 11:35:28] /ghost
[09/08/2016 19:42:26] /a 3
[09/08/2016 19:42:42] /t
[11/08/2016 17:28:20] /i god staff
[12/08/2016 17:39:00] /goto ADM Orion
[12/08/2016 17:39:22] /ghost
[12/08/2016 17:40:43] /i 2500
[12/08/2016 17:41:29] /i 9002
[12/08/2016 17:41:47] /i 2157
[12/08/2016 17:42:31] /i 7730
[12/08/2016 17:43:40] /i 6536
[12/08/2016 17:43:55] /i 11113
[12/08/2016 17:44:33] /i /i 2500
[12/08/2016 17:44:40] /i 2500
[12/08/2016 17:44:57] /i 2157
[12/08/2016 17:45:27] /i 6497
[12/08/2016 17:46:12] /i 6536
[12/08/2016 17:46:23] /i 2157
[12/08/2016 17:46:43] /i 9002
[12/08/2016 17:46:59] /i 11113
[12/08/2016 17:47:30] /i 6497
[12/08/2016 17:47:51] /i 8882
[12/08/2016 17:48:30] /i supreme shield
[12/08/2016 17:48:52] /i supreme shield
[12/08/2016 17:49:09] /i 6536
[12/08/2016 17:49:24] /i 2157
[12/08/2016 18:00:40] /t
[12/08/2016 18:01:46] /a 3
[12/08/2016 18:01:47] /a 3
[12/08/2016 18:01:56] /a 1
[12/08/2016 18:02:46] /a 3
[12/08/2016 18:07:32] /a 3
[12/08/2016 18:10:01] /a 1
[12/08/2016 18:10:30] /a 1
[12/08/2016 18:10:39] /a 3
[12/08/2016 18:10:43] /a 3
[12/08/2016 18:16:03] /a 3
[12/08/2016 18:16:40] /a 2
[12/08/2016 18:16:53] /r
[12/08/2016 18:17:11] /a 3
[12/08/2016 18:17:25] /a 3
[12/08/2016 18:17:49] /a 3
[12/08/2016 18:18:18] /a 3
[12/08/2016 18:18:23] /a 3
[12/08/2016 18:19:40] /c 18:18 Pally Zikadosfoda 
[12/08/2016 18:20:58] /goto ADM Orion
[12/08/2016 18:21:17] /ghost
[13/08/2016 10:08:23] /ghost
[13/08/2016 10:08:32] /ghost
[13/08/2016 19:29:18] /goto High Aldwin
[13/08/2016 19:29:31] /t
[13/08/2016 19:30:04] /goto Pally Zikadosfoda
[13/08/2016 19:33:22] /goto Blukkerzinn
[13/08/2016 19:35:48] /goto qwerty
[14/08/2016 08:22:07] /i 2157
[14/08/2016 08:25:12] /b Bom Dia Lindos e Lindas... Nao se esqueçam hj é dia dos Pais,abraçam,beijem,mostrem aos papais como eles sao amados <3
[14/08/2016 08:25:54] /goto Sara Love
