[05/08/2011 21:39:51] /ghost
[05/08/2011 21:40:15] /reload config
[05/08/2011 21:41:08] /save
[05/08/2011 21:42:25] /i vip stone
[05/08/2011 21:44:11] /a 2
[05/08/2011 21:44:34] /t
[05/08/2011 22:10:19] /i backpack
[05/08/2011 22:10:36] /i 2160
[05/08/2011 22:10:38] /i 2160
[05/08/2011 22:10:39] /i 2160
[05/08/2011 22:10:39] /i 2160
[05/08/2011 22:10:40] /i 2160
[05/08/2011 22:10:41] /i 2160
[05/08/2011 22:10:42] /i 2160
[05/08/2011 22:10:42] /i 2160
[05/08/2011 22:10:43] /i 2160
[05/08/2011 22:10:43] /i 2160
[05/08/2011 22:10:44] /i 2160
[05/08/2011 22:10:45] /i 2160
[05/08/2011 22:10:45] /i 2160
[05/08/2011 22:10:46] /i 2160
[05/08/2011 22:10:47] /i 2160
[05/08/2011 22:11:00] /i 2160
[05/08/2011 22:11:01] /i 2160
[05/08/2011 22:11:01] /i 2160
[05/08/2011 22:11:03] /i 2160
[05/08/2011 22:11:33] /i 2160
[05/08/2011 23:25:47] /kick Zariguin
[05/08/2011 23:50:45] /a 5
[05/08/2011 23:50:47] /a 15
[05/08/2011 23:50:49] /a 25
[05/08/2011 23:51:21] /a 25
[05/08/2011 23:51:23] /a 25
[05/08/2011 23:51:25] /a 15
[06/08/2011 00:04:03] /goto bob marley
[06/08/2011 00:04:56] /t Capitao Brazil
[06/08/2011 00:05:00] /c Capitao Brazil
[06/08/2011 00:05:04] /c Furia
[06/08/2011 00:05:09] /r
[06/08/2011 00:05:15] /r
[06/08/2011 00:05:24] /c zariguin
[06/08/2011 00:13:57] /t
[06/08/2011 00:14:05] /i backpack
[06/08/2011 00:24:00] /a 2
[06/08/2011 00:25:03] /m exp bug
[06/08/2011 00:25:09] /m exp bug
[06/08/2011 00:27:00] /t
[06/08/2011 00:27:08] /a 2
[06/08/2011 00:28:46] /goto capitao brazil
[06/08/2011 00:29:02] /a 2
[06/08/2011 00:31:37] /a 5
[06/08/2011 00:31:41] /a 5
[06/08/2011 00:31:45] /m dipthrah
[06/08/2011 00:31:47] /m dipthrah
[06/08/2011 00:31:50] /m bug
[06/08/2011 00:31:55] /t
[06/08/2011 00:32:01] /m bug
[06/08/2011 00:32:09] /m dipthrah
[06/08/2011 00:34:27] /r
[06/08/2011 00:34:29] /r
[06/08/2011 00:34:31] /r
[06/08/2011 00:34:32] /r
[06/08/2011 00:34:35] /r
[06/08/2011 00:35:37] /a 2
[06/08/2011 00:35:42] /a 2
[06/08/2011 00:35:42] /a 2
[06/08/2011 00:35:44] /a 2
[06/08/2011 00:36:17] /t
[06/08/2011 00:49:46] /i vip sword
[06/08/2011 00:50:13] /a 1
[06/08/2011 00:50:29] /mc
[06/08/2011 00:52:46] /a 2
[06/08/2011 00:53:03] /i master vip sword
[06/08/2011 00:54:08] /a 2
[06/08/2011 00:54:10] /a 1
[06/08/2011 00:54:11] /a 2
[06/08/2011 00:54:26] /a 5
[06/08/2011 00:54:28] /a 5
[06/08/2011 00:54:44] /a 2
[06/08/2011 00:54:49] /a 2
[06/08/2011 00:54:49] /a 2
[06/08/2011 00:55:11] /a 2
[06/08/2011 00:55:12] /a 2
[06/08/2011 00:55:13] /a 2
[06/08/2011 00:55:18] /a 2
[06/08/2011 00:55:20] /a 5
[06/08/2011 00:56:04] /a 2
[06/08/2011 00:56:06] /a 2
[06/08/2011 00:57:49] /a 24
[06/08/2011 00:57:52] /a 24
[06/08/2011 00:58:55] /a 25
[06/08/2011 00:58:58] /a 25
[06/08/2011 00:58:59] /a 25
[06/08/2011 00:58:59] /a 25
[06/08/2011 00:59:00] /a 25
[06/08/2011 00:59:01] /a 25
[06/08/2011 00:59:03] /a 25
[06/08/2011 00:59:04] /a 25
[06/08/2011 00:59:07] /a 5
[06/08/2011 00:59:13] /a 5
[06/08/2011 01:02:52] /goto capitao brazil
[06/08/2011 01:03:28] /goto capitao brazil
[06/08/2011 01:03:33] /ghost
[06/08/2011 01:04:20] /c Zariguin
[06/08/2011 01:05:04] /ghost
[06/08/2011 01:05:35] /t
[06/08/2011 01:05:42] /t
[06/08/2011 01:09:24] /i master vip rod
[06/08/2011 01:09:27] /i master vip wand
[06/08/2011 01:09:29] /i master vip staff
[06/08/2011 01:09:35] /goto zariguin
[06/08/2011 01:09:41] /goto zariguin
[06/08/2011 01:10:05] /goto bob marley
[06/08/2011 01:11:06] /goto zariguin
[06/08/2011 01:12:10] /t
