[21/07/2016 15:14:38] /r
[21/07/2016 15:14:40] /r
[21/07/2016 15:14:43] /r
[21/07/2016 15:14:45] /ghost
[21/07/2016 15:14:46] /t
[21/07/2016 15:18:44] /goto weverton~
[21/07/2016 15:20:44] /m dragon
[21/07/2016 15:20:52] /a
[21/07/2016 15:21:09] /m dragon
[21/07/2016 15:21:34] /attr action 9997
[21/07/2016 15:21:42] /attr action 1020
[21/07/2016 15:21:49] /attr action 10318
[21/07/2016 15:21:56] /attr action 10318
[21/07/2016 15:21:57] /attr action 10318
[21/07/2016 15:21:58] /attr action 10318
[21/07/2016 15:22:03] /attr action 10318
[21/07/2016 15:22:08] /attr action 1020
[21/07/2016 15:22:13] /r
[21/07/2016 15:22:25] /ghost
[21/07/2016 15:22:50] /r
[21/07/2016 15:22:51] /r
[21/07/2016 15:22:52] /r
[21/07/2016 15:22:52] /r
[21/07/2016 15:22:52] /r
[21/07/2016 15:22:52] /r
[21/07/2016 15:22:53] /r
[21/07/2016 15:22:54] /r
[21/07/2016 15:22:54] /r
[21/07/2016 15:22:54] /r
[21/07/2016 15:22:54] /r
[21/07/2016 15:22:54] /r
[21/07/2016 15:22:55] /r
[21/07/2016 15:22:55] /r
[21/07/2016 15:22:56] /r
[21/07/2016 15:22:56] /r
[21/07/2016 15:22:56] /r
[21/07/2016 15:22:56] /r
[21/07/2016 15:22:56] /r
[21/07/2016 15:22:57] /r
[21/07/2016 15:22:57] /r
[21/07/2016 15:22:57] /r
[21/07/2016 15:22:57] /r
[21/07/2016 15:22:57] /r
[21/07/2016 15:22:58] /r
[21/07/2016 15:22:58] /r
[21/07/2016 15:22:58] /r
[21/07/2016 15:22:58] /r
[21/07/2016 15:22:59] /r
[21/07/2016 15:23:01] /r
[21/07/2016 15:23:01] /r
[21/07/2016 15:23:01] /r
[21/07/2016 15:23:01] /r
[21/07/2016 15:23:02] /r
[21/07/2016 15:23:02] /r
[21/07/2016 15:23:07] /r
[21/07/2016 15:23:07] /r
[21/07/2016 15:23:08] /r
[21/07/2016 15:23:08] /r
[21/07/2016 15:23:08] /r
[21/07/2016 15:23:08] /r
[21/07/2016 15:23:09] /r
[21/07/2016 15:23:09] /r
[21/07/2016 15:23:09] /r
[21/07/2016 15:23:09] /r
[21/07/2016 15:23:09] /r
[21/07/2016 15:23:10] /r
[21/07/2016 15:23:10] /r
[21/07/2016 15:23:10] /r
[21/07/2016 15:23:10] /r
[21/07/2016 15:23:10] /r
[21/07/2016 15:23:11] /r
[21/07/2016 15:23:12] /r
[21/07/2016 15:23:12] /r
[21/07/2016 15:23:12] /r
[21/07/2016 15:23:14] /r
[21/07/2016 15:23:14] /r
[21/07/2016 15:23:14] /r
[21/07/2016 15:23:14] /r
[21/07/2016 15:23:15] /r
[21/07/2016 15:23:16] /r
[21/07/2016 15:23:16] /r
[21/07/2016 15:23:16] /r
[21/07/2016 15:23:16] /r
[21/07/2016 15:23:17] /r
[21/07/2016 15:23:17] /r
[21/07/2016 15:23:18] /r
[21/07/2016 15:23:18] /r
[21/07/2016 15:23:18] /r
[21/07/2016 15:23:18] /r
[21/07/2016 15:23:19] /r
[21/07/2016 15:23:19] /r
[21/07/2016 15:23:19] /r
[21/07/2016 15:23:19] /r
[21/07/2016 15:23:19] /r
[21/07/2016 15:23:20] /r
[21/07/2016 15:23:20] /r
[21/07/2016 15:23:20] /r
[21/07/2016 15:23:21] /r
[21/07/2016 15:23:21] /r
[21/07/2016 15:23:21] /r
[21/07/2016 15:23:21] /r
[21/07/2016 15:24:21] /a
[21/07/2016 15:24:32] /god 9195
[21/07/2016 15:24:35] /a
[21/07/2016 15:24:37] /god 9195
[21/07/2016 15:25:29] /god 12035
[21/07/2016 15:25:30] /god 12035
[21/07/2016 15:25:31] /god 12035
[21/07/2016 15:25:36] /r
[21/07/2016 15:25:37] /r
[21/07/2016 15:25:38] /r
[21/07/2016 15:25:57] /god 12035
[21/07/2016 15:25:58] /r
[21/07/2016 15:26:10] /c Strong
[21/07/2016 15:26:33] /god ultimate axe
[21/07/2016 15:26:47] /a
[21/07/2016 15:26:59] /a
[21/07/2016 15:27:06] /god ice
[21/07/2016 15:27:20] /a
[21/07/2016 15:27:21] /god ice
[21/07/2016 15:27:22] /a
[21/07/2016 15:27:22] /god ice
[21/07/2016 15:27:22] /a
[21/07/2016 15:27:22] /god ice
[21/07/2016 15:27:22] /a
[21/07/2016 15:27:23] /god ice
[21/07/2016 15:27:23] /a
[21/07/2016 15:27:23] /god ice
[21/07/2016 15:27:23] /a
[21/07/2016 15:27:23] /god ice
[21/07/2016 15:27:23] /a
[21/07/2016 15:27:23] /god ice
[21/07/2016 15:27:24] /a
[21/07/2016 15:27:24] /god ice
[21/07/2016 15:27:24] /a
[21/07/2016 15:27:24] /god ice
[21/07/2016 15:27:24] /a
[21/07/2016 15:27:24] /god ice
[21/07/2016 15:27:24] /a
[21/07/2016 15:27:24] /god ice
[21/07/2016 15:27:25] /a
[21/07/2016 15:27:25] /god ice
[21/07/2016 15:27:25] /a
[21/07/2016 15:27:25] /god ice
[21/07/2016 15:27:25] /a
[21/07/2016 15:27:25] /god ice
[21/07/2016 15:27:25] /a
[21/07/2016 15:27:26] /god ice
[21/07/2016 15:27:28] /a
[21/07/2016 15:27:28] /god ice
[21/07/2016 15:27:29] /god ice
[21/07/2016 15:27:29] /a
[21/07/2016 15:27:29] /god ice
[21/07/2016 15:27:29] /a
[21/07/2016 15:27:29] /god ice
[21/07/2016 15:27:29] /a
[21/07/2016 15:27:29] /god ice
[21/07/2016 15:27:30] /a
[21/07/2016 15:27:30] /god ice
[21/07/2016 15:27:30] /a
[21/07/2016 15:27:30] /god ice
[21/07/2016 15:27:30] /a
[21/07/2016 15:27:30] /god ice
[21/07/2016 15:27:30] /a
[21/07/2016 15:27:30] /god ice
[21/07/2016 15:27:31] /a
[21/07/2016 15:27:31] /god ice
[21/07/2016 15:27:31] /a
[21/07/2016 15:27:31] /god ice
[21/07/2016 15:27:31] /a
[21/07/2016 15:27:31] /god ice
[21/07/2016 15:27:31] /a
[21/07/2016 15:27:32] /god ice
[21/07/2016 15:27:32] /a
[21/07/2016 15:27:32] /god ice
[21/07/2016 15:27:32] /a
[21/07/2016 15:27:32] /god ice
[21/07/2016 15:27:32] /a
[21/07/2016 15:27:33] /god ice
[21/07/2016 15:27:33] /a
[21/07/2016 15:27:34] /a
[21/07/2016 15:27:35] /a
[21/07/2016 15:27:35] /god ice
[21/07/2016 15:27:36] /god ice
[21/07/2016 15:27:37] /a
[21/07/2016 15:27:37] /god ice
[21/07/2016 15:27:40] /god ice
[21/07/2016 15:27:40] /a
[21/07/2016 15:27:46] /god 1050
[21/07/2016 15:27:47] /a
[21/07/2016 15:27:49] /a
[21/07/2016 15:27:55] /god 1049
[21/07/2016 15:27:58] /god 1049
[21/07/2016 15:27:59] /god 1049
[21/07/2016 15:28:04] /a
[21/07/2016 15:28:06] /r
[21/07/2016 15:28:07] /r
[21/07/2016 15:28:09] /a
[21/07/2016 15:28:10] /a
[21/07/2016 15:28:12] /god 1050
[21/07/2016 15:28:14] /god ice
[21/07/2016 15:28:14] /a
[21/07/2016 15:28:15] /a
[21/07/2016 15:28:16] /god ice
[21/07/2016 15:28:17] /a
[21/07/2016 15:28:17] /god ice
[21/07/2016 15:28:18] /god ice
[21/07/2016 15:28:18] /a
[21/07/2016 15:28:18] /god ice
[21/07/2016 15:28:19] /a
[21/07/2016 15:28:19] /god ice
[21/07/2016 15:28:19] /a
[21/07/2016 15:28:19] /god ice
[21/07/2016 15:28:19] /a
[21/07/2016 15:28:19] /god ice
[21/07/2016 15:28:22] /a
[21/07/2016 15:28:22] /god ice
[21/07/2016 15:28:23] /god ice
[21/07/2016 15:28:23] /god ice
[21/07/2016 15:28:31] /god 1049
[21/07/2016 15:28:32] /god 1049
[21/07/2016 15:28:35] /god 1049
[21/07/2016 15:28:43] /a
[21/07/2016 15:28:47] /god 1050
[21/07/2016 15:28:49] /god 1049
[21/07/2016 15:28:51] /god 1049
[21/07/2016 15:28:52] /a
[21/07/2016 15:28:53] /god ice
[21/07/2016 15:28:56] /r
[21/07/2016 15:28:57] /r
[21/07/2016 15:28:59] /a
[21/07/2016 15:29:00] /god ice
[21/07/2016 15:29:01] /a
[21/07/2016 15:29:01] /god ice
[21/07/2016 15:29:02] /a
[21/07/2016 15:29:02] /a
[21/07/2016 15:29:02] /god ice
[21/07/2016 15:29:02] /a
[21/07/2016 15:29:03] /god ice
[21/07/2016 15:29:03] /a
[21/07/2016 15:29:03] /god ice
[21/07/2016 15:29:03] /a
[21/07/2016 15:29:03] /god ice
[21/07/2016 15:29:03] /a
[21/07/2016 15:29:03] /god ice
[21/07/2016 15:29:04] /a
[21/07/2016 15:29:04] /god ice
[21/07/2016 15:29:04] /a
[21/07/2016 15:29:04] /god ice
[21/07/2016 15:29:11] /god 1049
[21/07/2016 15:29:13] /god 1049
[21/07/2016 15:29:13] /god 1049
[21/07/2016 15:29:15] /god 1049
[21/07/2016 15:29:15] /god 1049
[21/07/2016 15:29:19] /god 1050
[21/07/2016 15:29:20] /god 1050
[21/07/2016 15:29:26] /a
[21/07/2016 15:29:27] /god ice
[21/07/2016 15:29:27] /god ice
[21/07/2016 15:29:27] /god ice
[21/07/2016 15:29:27] /god ice
[21/07/2016 15:29:27] /god ice
[21/07/2016 15:29:28] /god ice
[21/07/2016 15:29:28] /god ice
[21/07/2016 15:29:28] /god ice
[21/07/2016 15:29:28] /god ice
[21/07/2016 15:29:28] /god ice
[21/07/2016 15:29:28] /god ice
[21/07/2016 15:29:29] /god ice
[21/07/2016 15:29:29] /god ice
[21/07/2016 15:29:29] /god ice
[21/07/2016 15:29:29] /god ice
[21/07/2016 15:29:40] /god 1050
[21/07/2016 15:29:43] /a
[21/07/2016 15:29:45] /r
[21/07/2016 15:29:47] /god 1050
[21/07/2016 15:29:52] /r
[21/07/2016 15:29:59] /god 1049
[21/07/2016 15:30:00] /a
[21/07/2016 15:30:01] /god 1049
[21/07/2016 15:30:09] /god 1049
[21/07/2016 15:30:11] /god 1049
[21/07/2016 15:30:12] /god 1049
[21/07/2016 15:30:33] /t Nicovisky
[21/07/2016 15:30:34] /god 1049
[21/07/2016 15:30:35] /a
[21/07/2016 15:30:35] /god 1049
[21/07/2016 15:30:35] /a
[21/07/2016 15:30:36] /god 1049
[21/07/2016 15:30:36] /a
[21/07/2016 15:30:36] /god 1049
[21/07/2016 15:30:36] /a
[21/07/2016 15:30:36] /god 1049
[21/07/2016 15:30:36] /a
[21/07/2016 15:30:36] /god 1049
[21/07/2016 15:30:38] /a
[21/07/2016 15:30:38] /god 1049
[21/07/2016 15:30:38] /a
[21/07/2016 15:30:38] /god 1049
[21/07/2016 15:30:38] /a
[21/07/2016 15:30:39] /god 1049
[21/07/2016 15:30:39] /a
[21/07/2016 15:30:41] /r
[21/07/2016 15:30:41] /a
[21/07/2016 15:30:43] /r
[21/07/2016 15:30:43] /a
[21/07/2016 15:30:44] /r
[21/07/2016 15:30:44] /a
[21/07/2016 15:30:49] /god 1050
[21/07/2016 15:30:49] /a
[21/07/2016 15:30:49] /god 1050
[21/07/2016 15:30:50] /a
[21/07/2016 15:30:50] /god 1050
[21/07/2016 15:30:50] /a
[21/07/2016 15:30:50] /god 1050
[21/07/2016 15:30:50] /a
[21/07/2016 15:30:50] /god 1050
[21/07/2016 15:30:50] /a
[21/07/2016 15:30:50] /god 1050
[21/07/2016 15:30:51] /a
[21/07/2016 15:30:51] /god 1050
[21/07/2016 15:30:51] /a
[21/07/2016 15:30:51] /god 1050
[21/07/2016 15:30:51] /a
[21/07/2016 15:30:51] /god 1050
[21/07/2016 15:30:51] /a
[21/07/2016 15:30:51] /god 1050
[21/07/2016 15:30:52] /a
[21/07/2016 15:30:52] /god 1050
[21/07/2016 15:30:52] /a
[21/07/2016 15:30:52] /god 1050
[21/07/2016 15:30:52] /a
[21/07/2016 15:30:52] /god 1050
[21/07/2016 15:30:52] /a
[21/07/2016 15:30:53] /god 1050
[21/07/2016 15:30:53] /a
[21/07/2016 15:30:53] /god 1050
[21/07/2016 15:30:53] /a
[21/07/2016 15:30:53] /god 1050
[21/07/2016 15:30:53] /god 1050
[21/07/2016 15:30:53] /a
[21/07/2016 15:30:54] /god 1050
[21/07/2016 15:30:54] /a
[21/07/2016 15:30:54] /god 1050
[21/07/2016 15:30:54] /a
[21/07/2016 15:30:54] /god 1050
[21/07/2016 15:30:54] /a
[21/07/2016 15:30:54] /god 1050
[21/07/2016 15:30:55] /a
[21/07/2016 15:30:55] /god 1050
[21/07/2016 15:31:05] /a
[21/07/2016 15:31:05] /god 1050
[21/07/2016 15:31:06] /a
[21/07/2016 15:31:06] /god 1050
[21/07/2016 15:31:06] /a
[21/07/2016 15:31:07] /god 1050
[21/07/2016 15:31:07] /a
[21/07/2016 15:31:07] /god 1050
[21/07/2016 15:31:12] /a
[21/07/2016 15:31:12] /god 1049
[21/07/2016 15:31:13] /a
[21/07/2016 15:31:13] /god 1049
[21/07/2016 15:31:13] /a
[21/07/2016 15:31:14] /a
[21/07/2016 15:31:14] /a
[21/07/2016 15:31:14] /a
[21/07/2016 15:31:15] /god 1049
[21/07/2016 15:31:15] /a
[21/07/2016 15:31:15] /a
[21/07/2016 15:31:16] /a
[21/07/2016 15:31:16] /god 1049
[21/07/2016 15:31:16] /a
[21/07/2016 15:31:16] /god 1049
[21/07/2016 15:31:17] /a
[21/07/2016 15:31:17] /god 1049
[21/07/2016 15:31:17] /a
[21/07/2016 15:31:17] /god 1049
[21/07/2016 15:31:17] /a
[21/07/2016 15:31:17] /god 1049
[21/07/2016 15:31:17] /a
[21/07/2016 15:31:17] /god 1049
[21/07/2016 15:31:18] /a
[21/07/2016 15:31:18] /god 1049
[21/07/2016 15:31:18] /a
[21/07/2016 15:31:18] /god 1049
[21/07/2016 15:31:18] /a
[21/07/2016 15:31:18] /god 1049
[21/07/2016 15:31:18] /a
[21/07/2016 15:31:18] /god 1049
[21/07/2016 15:31:19] /a
[21/07/2016 15:31:19] /god 1049
[21/07/2016 15:31:19] /a
[21/07/2016 15:31:19] /god 1049
[21/07/2016 15:31:19] /a
[21/07/2016 15:31:19] /god 1049
[21/07/2016 15:31:19] /a
[21/07/2016 15:31:19] /god 1049
[21/07/2016 15:31:20] /a
[21/07/2016 15:31:20] /god 1049
[21/07/2016 15:31:20] /a
[21/07/2016 15:31:20] /god 1049
[21/07/2016 15:31:20] /a
[21/07/2016 15:31:20] /god 1049
[21/07/2016 15:31:20] /a
[21/07/2016 15:31:20] /god 1049
[21/07/2016 15:31:21] /a
[21/07/2016 15:31:21] /god 1049
[21/07/2016 15:31:21] /a
[21/07/2016 15:31:21] /god 1049
[21/07/2016 15:31:21] /a
[21/07/2016 15:31:21] /god 1049
[21/07/2016 15:31:21] /a
[21/07/2016 15:31:21] /god 1049
[21/07/2016 15:31:22] /a
[21/07/2016 15:31:22] /god 1049
[21/07/2016 15:31:22] /a
[21/07/2016 15:31:22] /god 1049
[21/07/2016 15:31:23] /a
[21/07/2016 15:31:23] /god 1049
[21/07/2016 15:31:23] /a
[21/07/2016 15:31:24] /a
[21/07/2016 15:31:24] /god 1049
[21/07/2016 15:31:24] /a
[21/07/2016 15:31:27] /r
[21/07/2016 15:31:28] /a
[21/07/2016 15:31:29] /a
[21/07/2016 15:31:29] /a
[21/07/2016 15:31:29] /a
[21/07/2016 15:31:29] /a
[21/07/2016 15:31:29] /a
[21/07/2016 15:31:29] /a
[21/07/2016 15:31:29] /a
[21/07/2016 15:31:29] /a
[21/07/2016 15:31:29] /a
[21/07/2016 15:31:29] /a
[21/07/2016 15:31:29] /a
[21/07/2016 15:31:29] /a
[21/07/2016 15:31:29] /a
[21/07/2016 15:31:29] /a
[21/07/2016 15:31:30] /a
[21/07/2016 15:31:30] /a
[21/07/2016 15:31:30] /a
[21/07/2016 15:31:30] /a
[21/07/2016 15:31:30] /a
[21/07/2016 15:31:30] /a
[21/07/2016 15:31:30] /a
[21/07/2016 15:31:31] /a
[21/07/2016 15:31:32] /a
[21/07/2016 15:31:32] /a
[21/07/2016 15:31:32] /a
[21/07/2016 15:31:32] /a
[21/07/2016 15:31:35] /god 1049
[21/07/2016 15:31:39] /god 1050
[21/07/2016 15:31:42] /a
[21/07/2016 15:31:43] /a
[21/07/2016 15:31:43] /god 1050
[21/07/2016 15:31:45] /a
[21/07/2016 15:31:45] /god 1050
[21/07/2016 15:31:46] /a
[21/07/2016 15:31:46] /god 1050
[21/07/2016 15:31:47] /a
[21/07/2016 15:31:47] /god 1050
[21/07/2016 15:31:48] /a
[21/07/2016 15:31:49] /r
[21/07/2016 15:31:50] /a
[21/07/2016 15:31:51] /r
[21/07/2016 15:31:55] /a
[21/07/2016 15:31:56] /a
[21/07/2016 15:31:56] /god 1049
[21/07/2016 15:31:57] /a
[21/07/2016 15:31:57] /god 1049
[21/07/2016 15:31:57] /a
[21/07/2016 15:31:57] /god 1049
[21/07/2016 15:31:57] /a
[21/07/2016 15:31:57] /god 1049
[21/07/2016 15:31:57] /a
[21/07/2016 15:31:58] /god 1049
[21/07/2016 15:31:58] /a
[21/07/2016 15:31:58] /god 1049
[21/07/2016 15:31:58] /a
[21/07/2016 15:31:58] /god 1049
[21/07/2016 15:31:58] /a
[21/07/2016 15:31:58] /god 1049
[21/07/2016 15:31:59] /a
[21/07/2016 15:31:59] /god 1049
[21/07/2016 15:31:59] /a
[21/07/2016 15:31:59] /god 1049
[21/07/2016 15:31:59] /a
[21/07/2016 15:31:59] /god 1049
[21/07/2016 15:31:59] /a
[21/07/2016 15:32:00] /god 1049
[21/07/2016 15:32:00] /a
[21/07/2016 15:32:00] /god 1049
[21/07/2016 15:32:00] /a
[21/07/2016 15:32:00] /god 1049
[21/07/2016 15:32:00] /a
[21/07/2016 15:32:00] /god 1049
[21/07/2016 15:32:01] /a
[21/07/2016 15:32:01] /god 1049
[21/07/2016 15:32:01] /a
[21/07/2016 15:32:01] /god 1049
[21/07/2016 15:32:01] /a
[21/07/2016 15:32:01] /god 1049
[21/07/2016 15:32:01] /a
[21/07/2016 15:32:02] /god 1049
[21/07/2016 15:32:02] /a
[21/07/2016 15:32:02] /god 1049
[21/07/2016 15:32:02] /a
[21/07/2016 15:32:02] /god 1049
[21/07/2016 15:32:03] /a
[21/07/2016 15:32:05] /r
[21/07/2016 15:32:12] /god ice
[21/07/2016 15:32:14] /god ice
[21/07/2016 15:32:16] /r
[21/07/2016 15:32:17] /r
[21/07/2016 15:32:18] /r
[21/07/2016 15:32:19] /r
[21/07/2016 15:32:21] /r
[21/07/2016 15:32:23] /r
[21/07/2016 15:32:24] /r
[21/07/2016 15:32:27] /god ice
[21/07/2016 15:32:28] /god ice
[21/07/2016 15:32:28] /god ice
[21/07/2016 15:32:29] /god ice
[21/07/2016 15:32:35] /a
[21/07/2016 15:32:35] /god ice
[21/07/2016 15:32:35] /a
[21/07/2016 15:32:35] /god ice
[21/07/2016 15:32:35] /a
[21/07/2016 15:32:36] /god ice
[21/07/2016 15:32:36] /a
[21/07/2016 15:32:36] /god ice
[21/07/2016 15:32:36] /a
[21/07/2016 15:32:36] /god ice
[21/07/2016 15:32:36] /a
[21/07/2016 15:32:36] /god ice
[21/07/2016 15:32:36] /a
[21/07/2016 15:32:37] /god ice
[21/07/2016 15:32:37] /a
[21/07/2016 15:32:37] /god ice
[21/07/2016 15:32:37] /a
[21/07/2016 15:32:37] /god ice
[21/07/2016 15:32:38] /a
[21/07/2016 15:32:38] /god ice
[21/07/2016 15:32:38] /a
[21/07/2016 15:32:38] /god ice
[21/07/2016 15:32:38] /a
[21/07/2016 15:32:38] /god ice
[21/07/2016 15:32:38] /a
[21/07/2016 15:32:39] /god ice
[21/07/2016 15:32:39] /a
[21/07/2016 15:32:39] /god ice
[21/07/2016 15:32:39] /a
[21/07/2016 15:32:39] /god ice
[21/07/2016 15:32:39] /a
[21/07/2016 15:32:39] /god ice
[21/07/2016 15:32:39] /a
[21/07/2016 15:32:39] /god ice
[21/07/2016 15:32:39] /a
[21/07/2016 15:32:40] /god ice
[21/07/2016 15:32:40] /a
[21/07/2016 15:32:40] /god ice
[21/07/2016 15:32:40] /a
[21/07/2016 15:32:40] /god ice
[21/07/2016 15:32:40] /a
[21/07/2016 15:32:40] /god ice
[21/07/2016 15:32:40] /a
[21/07/2016 15:32:41] /god ice
[21/07/2016 15:32:41] /a
[21/07/2016 15:32:41] /god ice
[21/07/2016 15:32:41] /a
[21/07/2016 15:32:41] /god ice
[21/07/2016 15:32:41] /a
[21/07/2016 15:32:41] /god ice
[21/07/2016 15:32:41] /a
[21/07/2016 15:32:42] /god ice
[21/07/2016 15:32:42] /a
[21/07/2016 15:32:42] /god ice
[21/07/2016 15:32:43] /a
[21/07/2016 15:32:43] /god ice
[21/07/2016 15:32:43] /a
[21/07/2016 15:32:43] /god ice
[21/07/2016 15:32:43] /a
[21/07/2016 15:32:43] /god ice
[21/07/2016 15:32:44] /a
[21/07/2016 15:32:44] /god ice
[21/07/2016 15:32:44] /a
[21/07/2016 15:32:44] /god ice
[21/07/2016 15:32:44] /a
[21/07/2016 15:32:44] /god ice
[21/07/2016 15:32:44] /a
[21/07/2016 15:32:44] /god ice
[21/07/2016 15:32:45] /a
[21/07/2016 15:32:46] /god ice
[21/07/2016 15:32:46] /a
[21/07/2016 15:32:46] /god ice
[21/07/2016 15:32:46] /a
[21/07/2016 15:32:46] /god ice
[21/07/2016 15:32:46] /a
[21/07/2016 15:32:46] /god ice
[21/07/2016 15:32:46] /a
[21/07/2016 15:32:46] /god ice
[21/07/2016 15:32:46] /a
[21/07/2016 15:32:46] /god ice
[21/07/2016 15:32:46] /a
[21/07/2016 15:32:46] /god ice
[21/07/2016 15:32:47] /a
[21/07/2016 15:32:47] /god ice
[21/07/2016 15:32:47] /a
[21/07/2016 15:32:47] /god ice
[21/07/2016 15:32:47] /a
[21/07/2016 15:32:47] /god ice
[21/07/2016 15:32:47] /a
[21/07/2016 15:32:47] /god ice
[21/07/2016 15:32:48] /a
[21/07/2016 15:32:48] /god ice
[21/07/2016 15:32:48] /a
[21/07/2016 15:32:48] /god ice
[21/07/2016 15:32:48] /a
[21/07/2016 15:32:48] /god ice
[21/07/2016 15:32:48] /a
[21/07/2016 15:32:48] /god ice
[21/07/2016 15:32:49] /a
[21/07/2016 15:32:49] /god ice
[21/07/2016 15:32:50] /a
[21/07/2016 15:32:50] /god ice
[21/07/2016 15:32:50] /a
[21/07/2016 15:32:50] /god ice
[21/07/2016 15:32:50] /a
[21/07/2016 15:32:50] /god ice
[21/07/2016 15:32:52] /a
[21/07/2016 15:32:52] /god ice
[21/07/2016 15:32:52] /a
[21/07/2016 15:32:52] /god ice
[21/07/2016 15:32:52] /a
[21/07/2016 15:32:52] /god ice
[21/07/2016 15:32:52] /a
[21/07/2016 15:32:52] /god ice
[21/07/2016 15:32:53] /a
[21/07/2016 15:32:53] /god ice
[21/07/2016 15:32:53] /a
[21/07/2016 15:32:53] /god ice
[21/07/2016 15:32:54] /a
[21/07/2016 15:32:54] /god ice
[21/07/2016 15:32:54] /a
[21/07/2016 15:32:54] /god ice
[21/07/2016 15:32:54] /a
[21/07/2016 15:32:54] /god ice
[21/07/2016 15:32:54] /a
[21/07/2016 15:32:54] /god ice
[21/07/2016 15:32:54] /a
[21/07/2016 15:32:54] /god ice
[21/07/2016 15:32:54] /a
[21/07/2016 15:32:55] /god ice
[21/07/2016 15:32:55] /a
[21/07/2016 15:32:55] /god ice
[21/07/2016 15:32:55] /a
[21/07/2016 15:32:55] /god ice
[21/07/2016 15:32:55] /a
[21/07/2016 15:32:55] /god ice
[21/07/2016 15:32:55] /a
[21/07/2016 15:32:56] /god ice
[21/07/2016 15:32:56] /a
[21/07/2016 15:32:56] /god ice
[21/07/2016 15:32:56] /a
[21/07/2016 15:32:56] /god ice
[21/07/2016 15:32:56] /a
[21/07/2016 15:32:56] /god ice
[21/07/2016 15:32:57] /a
[21/07/2016 15:32:58] /god ice
[21/07/2016 15:32:58] /a
[21/07/2016 15:32:58] /god ice
[21/07/2016 15:32:58] /a
[21/07/2016 15:32:58] /god ice
[21/07/2016 15:32:58] /a
[21/07/2016 15:32:58] /god ice
[21/07/2016 15:32:58] /a
[21/07/2016 15:32:58] /god ice
[21/07/2016 15:32:59] /a
[21/07/2016 15:32:59] /god ice
[21/07/2016 15:32:59] /a
[21/07/2016 15:32:59] /god ice
[21/07/2016 15:32:59] /a
[21/07/2016 15:32:59] /god ice
[21/07/2016 15:32:59] /a
[21/07/2016 15:33:00] /god ice
[21/07/2016 15:33:00] /a
[21/07/2016 15:33:00] /god ice
[21/07/2016 15:33:00] /a
[21/07/2016 15:33:00] /god ice
[21/07/2016 15:33:00] /a
[21/07/2016 15:33:00] /god ice
[21/07/2016 15:33:01] /a
[21/07/2016 15:33:01] /god ice
[21/07/2016 15:33:01] /a
[21/07/2016 15:33:01] /god ice
[21/07/2016 15:33:01] /a
[21/07/2016 15:33:01] /god ice
[21/07/2016 15:33:01] /a
[21/07/2016 15:33:02] /god ice
[21/07/2016 15:33:02] /a
[21/07/2016 15:33:02] /god ice
[21/07/2016 15:33:02] /a
[21/07/2016 15:33:02] /god ice
[21/07/2016 15:33:02] /a
[21/07/2016 15:33:02] /god ice
[21/07/2016 15:33:03] /a
[21/07/2016 15:33:03] /god ice
[21/07/2016 15:33:03] /a
[21/07/2016 15:33:03] /god ice
[21/07/2016 15:33:03] /a
[21/07/2016 15:33:03] /god ice
[21/07/2016 15:33:03] /a
[21/07/2016 15:33:04] /a
[21/07/2016 15:33:04] /god ice
[21/07/2016 15:33:05] /a
[21/07/2016 15:33:05] /god ice
[21/07/2016 15:33:06] /a
[21/07/2016 15:33:06] /god ice
[21/07/2016 15:33:06] /a
[21/07/2016 15:33:07] /a
[21/07/2016 15:33:07] /god ice
[21/07/2016 15:33:08] /a
[21/07/2016 15:33:08] /god ice
[21/07/2016 15:33:09] /a
[21/07/2016 15:33:09] /god ice
[21/07/2016 15:33:10] /a
[21/07/2016 15:33:10] /god ice
[21/07/2016 15:33:10] /a
[21/07/2016 15:33:10] /god ice
[21/07/2016 15:33:10] /a
[21/07/2016 15:33:12] /a
[21/07/2016 15:33:12] /god ice
[21/07/2016 15:33:12] /a
[21/07/2016 15:33:12] /god ice
[21/07/2016 15:33:13] /a
[21/07/2016 15:33:13] /god ice
[21/07/2016 15:33:13] /a
[21/07/2016 15:33:13] /god ice
[21/07/2016 15:33:13] /a
[21/07/2016 15:33:13] /god ice
[21/07/2016 15:33:13] /a
[21/07/2016 15:33:13] /god ice
[21/07/2016 15:33:13] /a
[21/07/2016 15:33:14] /god ice
[21/07/2016 15:33:14] /a
[21/07/2016 15:33:14] /god ice
[21/07/2016 15:33:14] /a
[21/07/2016 15:33:14] /god ice
[21/07/2016 15:33:14] /a
[21/07/2016 15:33:14] /god ice
[21/07/2016 15:33:15] /a
[21/07/2016 15:33:15] /god ice
[21/07/2016 15:33:15] /a
[21/07/2016 15:33:15] /god ice
[21/07/2016 15:33:15] /a
[21/07/2016 15:33:15] /god ice
[21/07/2016 15:33:15] /a
[21/07/2016 15:33:16] /god ice
[21/07/2016 15:33:16] /a
[21/07/2016 15:33:16] /god ice
[21/07/2016 15:33:16] /a
[21/07/2016 15:33:16] /god ice
[21/07/2016 15:33:16] /a
[21/07/2016 15:33:16] /god ice
[21/07/2016 15:33:16] /a
[21/07/2016 15:33:17] /god ice
[21/07/2016 15:33:17] /a
[21/07/2016 15:33:17] /god ice
[21/07/2016 15:33:17] /a
[21/07/2016 15:33:17] /god ice
[21/07/2016 15:33:17] /a
[21/07/2016 15:33:17] /god ice
[21/07/2016 15:33:18] /a
[21/07/2016 15:33:18] /god ice
[21/07/2016 15:33:18] /a
[21/07/2016 15:33:18] /god ice
[21/07/2016 15:33:18] /a
[21/07/2016 15:33:19] /god ice
[21/07/2016 15:33:19] /a
[21/07/2016 15:33:19] /god ice
[21/07/2016 15:33:20] /a
[21/07/2016 15:33:21] /god ice
[21/07/2016 15:33:21] /a
[21/07/2016 15:33:21] /god ice
[21/07/2016 15:33:21] /a
[21/07/2016 15:33:21] /god ice
[21/07/2016 15:33:21] /a
[21/07/2016 15:33:21] /god ice
[21/07/2016 15:33:21] /a
[21/07/2016 15:33:22] /god ice
[21/07/2016 15:33:22] /a
[21/07/2016 15:33:22] /god ice
[21/07/2016 15:33:22] /a
[21/07/2016 15:33:22] /god ice
[21/07/2016 15:33:22] /a
[21/07/2016 15:33:23] /god ice
[21/07/2016 15:33:23] /a
[21/07/2016 15:33:23] /god ice
[21/07/2016 15:33:23] /a
[21/07/2016 15:33:23] /god ice
[21/07/2016 15:33:23] /a
[21/07/2016 15:33:23] /god ice
[21/07/2016 15:33:23] /a
[21/07/2016 15:33:24] /god ice
[21/07/2016 15:33:24] /a
[21/07/2016 15:33:24] /god ice
[21/07/2016 15:33:24] /a
[21/07/2016 15:33:24] /god ice
[21/07/2016 15:33:24] /a
[21/07/2016 15:33:24] /god ice
[21/07/2016 15:33:25] /a
[21/07/2016 15:33:25] /god ice
[21/07/2016 15:33:25] /a
[21/07/2016 15:33:25] /god ice
[21/07/2016 15:33:25] /a
[21/07/2016 15:33:26] /god ice
[21/07/2016 15:33:26] /a
[21/07/2016 15:33:26] /god ice
[21/07/2016 15:33:26] /a
[21/07/2016 15:33:26] /god ice
[21/07/2016 15:33:26] /a
[21/07/2016 15:33:26] /god ice
[21/07/2016 15:33:26] /a
[21/07/2016 15:33:27] /god ice
[21/07/2016 15:33:27] /a
[21/07/2016 15:33:27] /god ice
[21/07/2016 15:33:28] /a
[21/07/2016 15:33:28] /god ice
[21/07/2016 15:33:28] /a
[21/07/2016 15:33:28] /god ice
[21/07/2016 15:33:28] /a
[21/07/2016 15:33:28] /god ice
[21/07/2016 15:33:28] /a
[21/07/2016 15:33:29] /god ice
[21/07/2016 15:33:29] /a
[21/07/2016 15:33:29] /god ice
[21/07/2016 15:33:29] /a
[21/07/2016 15:33:29] /god ice
[21/07/2016 15:33:29] /a
[21/07/2016 15:33:30] /god ice
[21/07/2016 15:33:30] /a
[21/07/2016 15:33:30] /god ice
[21/07/2016 15:33:30] /a
[21/07/2016 15:33:30] /god ice
[21/07/2016 15:33:30] /a
[21/07/2016 15:33:30] /god ice
[21/07/2016 15:33:30] /a
[21/07/2016 15:33:31] /god ice
[21/07/2016 15:33:31] /a
[21/07/2016 15:33:31] /god ice
[21/07/2016 15:33:31] /a
[21/07/2016 15:33:31] /god ice
[21/07/2016 15:33:31] /a
[21/07/2016 15:33:32] /god ice
[21/07/2016 15:33:32] /a
[21/07/2016 15:33:32] /god ice
[21/07/2016 15:33:32] /a
[21/07/2016 15:33:32] /god ice
[21/07/2016 15:33:32] /a
[21/07/2016 15:33:33] /god ice
[21/07/2016 15:33:33] /a
[21/07/2016 15:33:33] /god ice
[21/07/2016 15:33:33] /a
[21/07/2016 15:33:33] /god ice
[21/07/2016 15:33:33] /a
[21/07/2016 15:33:33] /god ice
[21/07/2016 15:33:34] /a
[21/07/2016 15:33:34] /god ice
[21/07/2016 15:33:35] /god ice
[21/07/2016 15:33:35] /a
[21/07/2016 15:33:35] /god ice
[21/07/2016 15:33:35] /a
[21/07/2016 15:33:35] /god ice
[21/07/2016 15:33:36] /a
[21/07/2016 15:33:36] /god ice
[21/07/2016 15:33:36] /a
[21/07/2016 15:33:36] /god ice
[21/07/2016 15:33:36] /a
[21/07/2016 15:33:36] /god ice
[21/07/2016 15:33:36] /a
[21/07/2016 15:33:37] /a
[21/07/2016 15:33:38] /a
[21/07/2016 15:33:38] /god ice
[21/07/2016 15:33:40] /a
[21/07/2016 15:33:41] /god ice
[21/07/2016 15:33:41] /a
[21/07/2016 15:33:41] /god ice
[21/07/2016 15:33:41] /a
[21/07/2016 15:33:41] /god ice
[21/07/2016 15:33:41] /a
[21/07/2016 15:33:41] /god ice
[21/07/2016 15:33:42] /a
[21/07/2016 15:33:42] /god ice
[21/07/2016 15:33:42] /a
[21/07/2016 15:33:42] /god ice
[21/07/2016 15:33:42] /a
[21/07/2016 15:33:42] /god ice
[21/07/2016 15:33:42] /a
[21/07/2016 15:33:42] /god ice
[21/07/2016 15:33:43] /a
[21/07/2016 15:33:43] /god ice
[21/07/2016 15:33:43] /a
[21/07/2016 15:33:43] /god ice
[21/07/2016 15:33:43] /a
[21/07/2016 15:33:43] /god ice
[21/07/2016 15:33:43] /a
[21/07/2016 15:33:43] /god ice
[21/07/2016 15:33:44] /a
[21/07/2016 15:33:44] /god ice
[21/07/2016 15:33:44] /a
[21/07/2016 15:33:44] /god ice
[21/07/2016 15:33:44] /a
[21/07/2016 15:33:44] /god ice
[21/07/2016 15:33:44] /a
[21/07/2016 15:33:44] /god ice
[21/07/2016 15:33:45] /a
[21/07/2016 15:33:45] /god ice
[21/07/2016 15:33:49] /a
[21/07/2016 15:33:49] /god ice
[21/07/2016 15:33:49] /a
[21/07/2016 15:33:49] /god ice
[21/07/2016 15:33:49] /a
[21/07/2016 15:33:49] /god ice
[21/07/2016 15:33:49] /a
[21/07/2016 15:33:50] /god ice
[21/07/2016 15:33:50] /a
[21/07/2016 15:33:50] /god ice
[21/07/2016 15:33:50] /a
[21/07/2016 15:33:50] /god ice
[21/07/2016 15:33:50] /a
[21/07/2016 15:33:50] /god ice
[21/07/2016 15:33:50] /a
[21/07/2016 15:33:50] /god ice
[21/07/2016 15:33:51] /a
[21/07/2016 15:33:51] /god ice
[21/07/2016 15:33:51] /a
[21/07/2016 15:33:51] /god ice
[21/07/2016 15:33:51] /a
[21/07/2016 15:33:51] /god ice
[21/07/2016 15:33:51] /a
[21/07/2016 15:33:52] /god ice
[21/07/2016 15:33:52] /a
[21/07/2016 15:33:52] /god ice
[21/07/2016 15:33:52] /a
[21/07/2016 15:33:52] /god ice
[21/07/2016 15:33:52] /a
[21/07/2016 15:33:52] /god ice
[21/07/2016 15:33:53] /a
[21/07/2016 15:33:53] /god ice
[21/07/2016 15:33:53] /a
[21/07/2016 15:33:53] /god ice
[21/07/2016 15:33:53] /a
[21/07/2016 15:33:53] /god ice
[21/07/2016 15:33:53] /a
[21/07/2016 15:33:54] /god ice
[21/07/2016 15:33:54] /a
[21/07/2016 15:33:54] /god ice
[21/07/2016 15:33:54] /a
[21/07/2016 15:33:54] /god ice
[21/07/2016 15:33:56] /a
[21/07/2016 15:33:56] /god ice
[21/07/2016 15:33:56] /a
[21/07/2016 15:33:57] /god ice
[21/07/2016 15:33:58] /a
[21/07/2016 15:33:58] /god ice
[21/07/2016 15:33:58] /a
[21/07/2016 15:33:58] /god ice
[21/07/2016 15:34:00] /a
[21/07/2016 15:34:00] /god ice
[21/07/2016 15:34:00] /a
[21/07/2016 15:34:00] /god ice
[21/07/2016 15:34:00] /a
[21/07/2016 15:34:00] /god ice
[21/07/2016 15:34:00] /a
[21/07/2016 15:34:01] /god ice
[21/07/2016 15:34:01] /a
[21/07/2016 15:34:01] /god ice
[21/07/2016 15:34:01] /a
[21/07/2016 15:34:01] /god ice
[21/07/2016 15:34:03] /a
[21/07/2016 15:34:03] /god ice
[21/07/2016 15:34:03] /a
[21/07/2016 15:34:03] /god ice
[21/07/2016 15:34:03] /a
[21/07/2016 15:34:03] /god ice
[21/07/2016 15:34:03] /a
[21/07/2016 15:34:06] /a
[21/07/2016 15:34:06] /a
[21/07/2016 15:34:26] /down
[21/07/2016 15:34:52] /a
[21/07/2016 15:34:53] /a
[21/07/2016 15:34:53] /a
[21/07/2016 15:34:53] /a
[21/07/2016 15:34:53] /a
[21/07/2016 15:34:54] /a
[21/07/2016 15:34:54] /a
[21/07/2016 15:34:56] /r
[21/07/2016 15:34:59] /r
[21/07/2016 15:34:59] /r
[21/07/2016 15:35:00] /a
[21/07/2016 15:35:01] /god ice
[21/07/2016 15:35:02] /a
[21/07/2016 15:35:02] /god ice
[21/07/2016 15:35:02] /a
[21/07/2016 15:35:02] /god ice
[21/07/2016 15:35:02] /a
[21/07/2016 15:35:02] /god ice
[21/07/2016 15:35:03] /a
[21/07/2016 15:35:03] /god ice
[21/07/2016 15:35:03] /a
[21/07/2016 15:35:03] /god ice
[21/07/2016 15:35:03] /a
[21/07/2016 15:35:03] /god ice
[21/07/2016 15:35:03] /a
[21/07/2016 15:35:04] /god ice
[21/07/2016 15:35:04] /a
[21/07/2016 15:35:04] /god ice
[21/07/2016 15:35:04] /a
[21/07/2016 15:35:04] /god ice
[21/07/2016 15:35:04] /a
[21/07/2016 15:35:04] /god ice
[21/07/2016 15:35:06] /up
[21/07/2016 15:35:08] /a
[21/07/2016 15:35:10] /down
[21/07/2016 15:35:19] /a
[21/07/2016 15:35:19] /god ice
[21/07/2016 15:35:20] /a
[21/07/2016 15:35:20] /god ice
[21/07/2016 15:35:20] /a
[21/07/2016 15:35:20] /god ice
[21/07/2016 15:35:21] /a
[21/07/2016 15:35:21] /god ice
[21/07/2016 15:35:21] /a
[21/07/2016 15:35:21] /god ice
[21/07/2016 15:35:21] /a
[21/07/2016 15:35:21] /god ice
[21/07/2016 15:35:22] /a
[21/07/2016 15:35:22] /god ice
[21/07/2016 15:35:22] /a
[21/07/2016 15:35:22] /god ice
[21/07/2016 15:35:22] /a
[21/07/2016 15:35:22] /god ice
[21/07/2016 15:35:22] /a
[21/07/2016 15:35:23] /god ice
[21/07/2016 15:35:23] /a
[21/07/2016 15:35:23] /god ice
[21/07/2016 15:35:23] /a
[21/07/2016 15:35:23] /god ice
[21/07/2016 15:35:23] /a
[21/07/2016 15:35:24] /god ice
[21/07/2016 15:35:24] /a
[21/07/2016 15:35:24] /god ice
[21/07/2016 15:35:24] /a
[21/07/2016 15:35:25] /god ice
[21/07/2016 15:35:26] /r
[21/07/2016 15:35:28] /r
[21/07/2016 15:35:29] /r
[21/07/2016 15:35:30] /r
[21/07/2016 15:35:36] /r
[21/07/2016 15:35:41] /a
[21/07/2016 15:35:41] /god ice
[21/07/2016 15:35:41] /a
[21/07/2016 15:35:41] /god ice
[21/07/2016 15:35:42] /a
[21/07/2016 15:35:42] /god ice
[21/07/2016 15:35:42] /a
[21/07/2016 15:35:42] /god ice
[21/07/2016 15:35:43] /a
[21/07/2016 15:35:43] /god ice
[21/07/2016 15:35:44] /a
[21/07/2016 15:35:44] /god ice
[21/07/2016 15:35:44] /a
[21/07/2016 15:35:44] /god ice
[21/07/2016 15:35:45] /a
[21/07/2016 15:35:45] /god ice
[21/07/2016 15:35:53] /god 1386
[21/07/2016 15:36:28] /god stone
[21/07/2016 15:36:30] /down
[21/07/2016 15:36:33] /up
[21/07/2016 15:36:35] /t
[21/07/2016 15:37:08] /r
[21/07/2016 15:37:28] /god 409
[21/07/2016 15:37:36] /a
[21/07/2016 15:37:36] /god ice
[21/07/2016 15:37:37] /a
[21/07/2016 15:37:37] /god ice
[21/07/2016 15:37:37] /a
[21/07/2016 15:37:37] /god ice
[21/07/2016 15:37:37] /a
[21/07/2016 15:37:37] /god ice
[21/07/2016 15:37:37] /a
[21/07/2016 15:37:38] /god ice
[21/07/2016 15:37:38] /a
[21/07/2016 15:37:38] /god ice
[21/07/2016 15:37:39] /a
[21/07/2016 15:37:39] /god ice
[21/07/2016 15:37:40] /a
[21/07/2016 15:37:40] /god ice
[21/07/2016 15:37:40] /a
[21/07/2016 15:37:40] /god ice
[21/07/2016 15:37:41] /a
[21/07/2016 15:37:41] /god ice
[21/07/2016 15:37:41] /a
[21/07/2016 15:37:41] /god ice
[21/07/2016 15:37:41] /god ice
[21/07/2016 15:37:42] /a
[21/07/2016 15:37:42] /god ice
[21/07/2016 15:37:44] /a
[21/07/2016 15:37:44] /god ice
[21/07/2016 15:37:45] /a
[21/07/2016 15:37:45] /god ice
[21/07/2016 15:37:46] /a
[21/07/2016 15:37:46] /god ice
[21/07/2016 15:37:47] /a
[21/07/2016 15:37:47] /god ice
[21/07/2016 15:37:48] /a
[21/07/2016 15:37:48] /god ice
[21/07/2016 15:37:48] /a
[21/07/2016 15:37:48] /god ice
[21/07/2016 15:37:49] /a
[21/07/2016 15:37:49] /god ice
[21/07/2016 15:37:51] /r
[21/07/2016 15:38:01] /god 1050
[21/07/2016 15:38:03] /god 1050
[21/07/2016 15:38:04] /a
[21/07/2016 15:38:04] /a
[21/07/2016 15:38:06] /a
[21/07/2016 15:38:11] /god 1050
[21/07/2016 15:38:11] /a
[21/07/2016 15:38:12] /god 1050
[21/07/2016 15:38:12] /a
[21/07/2016 15:38:12] /god 1050
[21/07/2016 15:38:12] /a
[21/07/2016 15:38:12] /god 1050
[21/07/2016 15:38:12] /a
[21/07/2016 15:38:12] /god 1050
[21/07/2016 15:38:12] /a
[21/07/2016 15:38:13] /god 1050
[21/07/2016 15:38:13] /a
[21/07/2016 15:38:13] /god 1050
[21/07/2016 15:38:13] /a
[21/07/2016 15:38:13] /god 1050
[21/07/2016 15:38:13] /a
[21/07/2016 15:38:13] /god 1050
[21/07/2016 15:38:14] /a
[21/07/2016 15:38:14] /god 1050
[21/07/2016 15:38:14] /a
[21/07/2016 15:38:15] /god 1050
[21/07/2016 15:38:15] /a
[21/07/2016 15:38:16] /god 1050
[21/07/2016 15:38:21] /a
[21/07/2016 15:38:22] /a
[21/07/2016 15:38:22] /god 1049
[21/07/2016 15:38:23] /a
[21/07/2016 15:38:24] /god 1049
[21/07/2016 15:38:24] /a
[21/07/2016 15:38:24] /god 1049
[21/07/2016 15:38:24] /a
[21/07/2016 15:38:24] /god 1049
[21/07/2016 15:38:25] /a
[21/07/2016 15:38:25] /god 1049
[21/07/2016 15:38:26] /a
[21/07/2016 15:38:30] /god 1050
[21/07/2016 15:38:31] /a
[21/07/2016 15:38:31] /god 1050
[21/07/2016 15:38:32] /a
[21/07/2016 15:38:32] /god 1050
[21/07/2016 15:38:32] /a
[21/07/2016 15:38:32] /god 1050
[21/07/2016 15:38:32] /a
[21/07/2016 15:38:32] /god 1050
[21/07/2016 15:38:33] /a
[21/07/2016 15:38:33] /god 1050
[21/07/2016 15:38:33] /a
[21/07/2016 15:38:33] /god 1050
[21/07/2016 15:38:33] /a
[21/07/2016 15:38:33] /god 1050
[21/07/2016 15:38:33] /a
[21/07/2016 15:38:34] /god 1050
[21/07/2016 15:38:34] /a
[21/07/2016 15:38:34] /god 1050
[21/07/2016 15:38:34] /a
[21/07/2016 15:38:34] /god 1050
[21/07/2016 15:38:34] /a
[21/07/2016 15:38:34] /god 1050
[21/07/2016 15:38:34] /a
[21/07/2016 15:38:35] /god 1050
[21/07/2016 15:38:35] /a
[21/07/2016 15:38:36] /god 1050
[21/07/2016 15:38:38] /r
[21/07/2016 15:38:39] /a
[21/07/2016 15:38:39] /god 1050
[21/07/2016 15:38:40] /a
[21/07/2016 15:38:40] /god 1050
[21/07/2016 15:38:40] /a
[21/07/2016 15:38:42] /r
[21/07/2016 15:38:42] /r
[21/07/2016 15:38:44] /r
[21/07/2016 15:38:48] /r
[21/07/2016 15:38:49] /r
[21/07/2016 15:39:00] /god 1050
[21/07/2016 15:39:02] /god 1050
[21/07/2016 15:39:07] /god 1049
[21/07/2016 15:39:08] /god 1049
[21/07/2016 15:39:09] /r
[21/07/2016 15:39:13] /r
[21/07/2016 15:39:15] /r
[21/07/2016 15:39:24] /god stone
[21/07/2016 15:39:27] /up
[21/07/2016 15:39:39] /r
[21/07/2016 15:39:41] /r
[21/07/2016 15:39:44] /r
[21/07/2016 15:39:45] /r
[21/07/2016 15:39:47] /r
[21/07/2016 15:39:48] /r
[21/07/2016 15:39:49] /r
[21/07/2016 15:39:52] /r
[21/07/2016 15:39:53] /r
[21/07/2016 15:39:53] /r
[21/07/2016 15:39:53] /r
[21/07/2016 15:39:53] /r
[21/07/2016 15:39:54] /r
[21/07/2016 15:39:54] /r
[21/07/2016 15:39:54] /r
[21/07/2016 15:39:54] /r
[21/07/2016 15:39:55] /r
[21/07/2016 15:39:55] /r
[21/07/2016 15:39:56] /r
[21/07/2016 15:39:56] /r
[21/07/2016 15:39:57] /r
[21/07/2016 15:39:57] /r
[21/07/2016 15:39:57] /r
[21/07/2016 15:39:57] /r
[21/07/2016 15:39:57] /r
[21/07/2016 15:39:58] /r
[21/07/2016 15:39:58] /r
[21/07/2016 15:39:58] /r
[21/07/2016 15:39:58] /r
[21/07/2016 15:39:59] /r
[21/07/2016 15:40:00] /r
[21/07/2016 15:40:00] /r
[21/07/2016 15:40:07] /god 1050
[21/07/2016 15:40:08] /god 1050
[21/07/2016 15:40:09] /god 1050
[21/07/2016 15:40:09] /god 1050
[21/07/2016 15:40:10] /god 1050
[21/07/2016 15:40:11] /god 1050
[21/07/2016 15:40:11] /god 1050
[21/07/2016 15:40:12] /god 1050
[21/07/2016 15:40:14] /r
[21/07/2016 15:40:15] /r
[21/07/2016 15:40:15] /r
[21/07/2016 15:40:15] /r
[21/07/2016 15:40:16] /r
[21/07/2016 15:40:16] /r
[21/07/2016 15:40:16] /r
[21/07/2016 15:40:16] /r
[21/07/2016 15:40:16] /r
[21/07/2016 15:40:17] /r
[21/07/2016 15:40:17] /r
[21/07/2016 15:40:17] /r
[21/07/2016 15:40:17] /r
[21/07/2016 15:40:17] /r
[21/07/2016 15:40:17] /r
[21/07/2016 15:40:18] /r
[21/07/2016 15:40:18] /r
[21/07/2016 15:40:18] /r
[21/07/2016 15:40:19] /r
[21/07/2016 15:40:19] /r
[21/07/2016 15:40:19] /r
[21/07/2016 15:40:19] /r
[21/07/2016 15:40:23] /r
[21/07/2016 15:40:23] /r
[21/07/2016 15:40:24] /r
[21/07/2016 15:40:24] /r
[21/07/2016 15:40:24] /r
[21/07/2016 15:40:24] /r
[21/07/2016 15:40:24] /r
[21/07/2016 15:40:24] /r
[21/07/2016 15:40:25] /r
[21/07/2016 15:40:25] /r
[21/07/2016 15:40:25] /r
[21/07/2016 15:40:25] /r
[21/07/2016 15:40:26] /r
[21/07/2016 15:40:26] /r
[21/07/2016 15:40:26] /r
[21/07/2016 15:40:26] /a
[21/07/2016 15:40:39] /god 4666
[21/07/2016 15:40:41] /god 4666
[21/07/2016 15:40:43] /a
[21/07/2016 15:40:46] /r
[21/07/2016 15:40:48] /r
[21/07/2016 15:40:49] /r
[21/07/2016 15:40:51] /r
[21/07/2016 15:40:53] /a
[21/07/2016 15:40:55] /r
[21/07/2016 15:40:56] /a
[21/07/2016 15:40:58] /r
[21/07/2016 15:40:58] /r
[21/07/2016 15:41:00] /r
[21/07/2016 15:41:00] /r
[21/07/2016 15:41:01] /r
[21/07/2016 15:41:01] /r
[21/07/2016 15:41:01] /r
[21/07/2016 15:41:03] /r
[21/07/2016 15:41:04] /r
[21/07/2016 15:41:04] /r
[21/07/2016 15:41:05] /r
[21/07/2016 15:41:06] /r
[21/07/2016 15:41:08] /r
[21/07/2016 15:41:10] /r
[21/07/2016 15:41:11] /r
[21/07/2016 15:41:12] /r
[21/07/2016 15:41:12] /r
[21/07/2016 15:41:12] /r
[21/07/2016 15:41:12] /r
[21/07/2016 15:41:12] /r
[21/07/2016 15:41:12] /r
[21/07/2016 15:41:12] /r
[21/07/2016 15:41:12] /r
[21/07/2016 15:41:12] /r
[21/07/2016 15:41:12] /r
[21/07/2016 15:41:13] /r
[21/07/2016 15:41:13] /r
[21/07/2016 15:41:13] /r
[21/07/2016 15:41:13] /r
[21/07/2016 15:41:13] /r
[21/07/2016 15:41:17] /a
[21/07/2016 15:41:17] /a
[21/07/2016 15:41:29] /god 9192
[21/07/2016 15:41:54] /god 2698
[21/07/2016 15:41:55] /god 2698
[21/07/2016 15:41:56] /god 2698
[21/07/2016 15:42:07] /god 2698
[21/07/2016 15:42:08] /god 2698
[21/07/2016 15:42:10] /god 2698
[21/07/2016 15:42:12] /god 2698
[21/07/2016 15:42:18] /god 2698
[21/07/2016 15:42:19] /god 2698
[21/07/2016 15:42:22] /god 2698
[21/07/2016 15:42:25] /god 2698
[21/07/2016 15:42:55] /god 1049
[21/07/2016 15:42:56] /god 1049
[21/07/2016 15:42:57] /god 1049
[21/07/2016 15:43:01] /god 1050
[21/07/2016 15:43:02] /god 1050
[21/07/2016 15:43:04] /god 1050
[21/07/2016 15:43:06] /r
[21/07/2016 15:43:08] /t kaique
[21/07/2016 15:43:10] /r
[21/07/2016 15:43:11] /r
[21/07/2016 15:43:12] /r
[21/07/2016 15:43:12] /r
[21/07/2016 15:43:12] /r
[21/07/2016 15:43:12] /r
[21/07/2016 15:43:15] /god 1050
[21/07/2016 15:43:16] /r
[21/07/2016 15:43:18] /r
[21/07/2016 15:43:18] /r
[21/07/2016 15:43:18] /r
[21/07/2016 15:43:19] /r
[21/07/2016 15:43:19] /r
[21/07/2016 15:43:19] /r
[21/07/2016 15:43:20] /r
[21/07/2016 15:43:20] /r
[21/07/2016 15:43:20] /r
[21/07/2016 15:43:20] /r
[21/07/2016 15:43:20] /r
[21/07/2016 15:43:20] /r
[21/07/2016 15:43:20] /r
[21/07/2016 15:43:20] /r
[21/07/2016 15:43:20] /r
[21/07/2016 15:43:20] /r
[21/07/2016 15:43:21] /r
[21/07/2016 15:43:22] /r
[21/07/2016 15:43:22] /r
[21/07/2016 15:43:22] /r
[21/07/2016 15:43:22] /r
[21/07/2016 15:43:22] /r
[21/07/2016 15:43:22] /r
[21/07/2016 15:43:24] /up
[21/07/2016 15:43:26] /r
[21/07/2016 15:43:26] /r
[21/07/2016 15:43:26] /r
[21/07/2016 15:43:26] /r
[21/07/2016 15:43:26] /r
[21/07/2016 15:43:36] /god 1049
[21/07/2016 15:43:37] /god 1049
[21/07/2016 15:43:41] /god 1050
[21/07/2016 15:43:42] /god 1050
[21/07/2016 15:43:55] /r
[21/07/2016 15:43:55] /god 4550
[21/07/2016 15:43:56] /god 4550
[21/07/2016 15:43:57] /god 4550
[21/07/2016 15:43:58] /god 4550
[21/07/2016 15:43:59] /r
[21/07/2016 15:44:01] /r
[21/07/2016 15:44:04] /r
[21/07/2016 15:44:05] /r
[21/07/2016 15:44:06] /r
[21/07/2016 15:44:18] /god 4526
[21/07/2016 15:44:19] /god 4526
[21/07/2016 15:44:21] /a
[21/07/2016 15:44:21] /god 4526
[21/07/2016 15:44:22] /a
[21/07/2016 15:44:23] /god 4526
[21/07/2016 15:44:24] /a
[21/07/2016 15:44:24] /god 4526
[21/07/2016 15:44:25] /a
[21/07/2016 15:44:26] /god 4526
[21/07/2016 15:44:29] /god 4526
[21/07/2016 15:44:30] /god 4526
[21/07/2016 15:44:30] /god 4526
[21/07/2016 15:44:30] /god 4526
[21/07/2016 15:44:32] /god 4526
[21/07/2016 15:44:32] /god 4526
[21/07/2016 15:44:33] /god 4526
[21/07/2016 15:44:33] /god 4526
[21/07/2016 15:44:33] /god 4526
[21/07/2016 15:44:34] /god 4526
[21/07/2016 15:44:35] /god 4526
[21/07/2016 15:44:35] /god 4526
[21/07/2016 15:44:36] /god 4526
[21/07/2016 15:44:36] /god 4526
[21/07/2016 15:44:36] /god 4526
[21/07/2016 15:44:36] /god 4526
[21/07/2016 15:44:36] /god 4526
[21/07/2016 15:44:37] /god 4526
[21/07/2016 15:44:37] /god 4526
[21/07/2016 15:44:37] /god 4526
[21/07/2016 15:44:37] /god 4526
[21/07/2016 15:44:38] /god 4526
[21/07/2016 15:44:38] /god 4526
[21/07/2016 15:44:38] /god 4526
[21/07/2016 15:44:38] /god 4526
[21/07/2016 15:44:38] /god 4526
[21/07/2016 15:44:39] /god 4526
[21/07/2016 15:44:39] /god 4526
[21/07/2016 15:44:40] /god 4526
[21/07/2016 15:44:41] /god 4526
[21/07/2016 15:44:41] /god 4526
[21/07/2016 15:44:41] /god 4526
[21/07/2016 15:44:41] /god 4526
[21/07/2016 15:44:42] /god 4526
[21/07/2016 15:44:42] /god 4526
[21/07/2016 15:44:42] /god 4526
[21/07/2016 15:44:42] /god 4526
[21/07/2016 15:44:43] /god 4526
[21/07/2016 15:44:43] /god 4526
[21/07/2016 15:44:43] /god 4526
[21/07/2016 15:44:44] /god 4526
[21/07/2016 15:44:44] /god 4526
[21/07/2016 15:44:44] /god 4526
[21/07/2016 15:44:45] /god 4526
[21/07/2016 15:44:45] /god 4526
[21/07/2016 15:44:45] /god 4526
[21/07/2016 15:44:45] /god 4526
[21/07/2016 15:44:45] /god 4526
[21/07/2016 15:44:46] /god 4526
[21/07/2016 15:44:46] /god 4526
[21/07/2016 15:44:47] /god 4526
[21/07/2016 15:45:11] /a
[21/07/2016 15:45:11] /god 4526
[21/07/2016 15:45:12] /a
[21/07/2016 15:45:13] /god 4526
[21/07/2016 15:45:14] /a
[21/07/2016 15:45:14] /god 4526
[21/07/2016 15:45:15] /a
[21/07/2016 15:45:15] /god 4526
[21/07/2016 15:45:16] /a
[21/07/2016 15:45:17] /god 4526
[21/07/2016 15:45:18] /a
[21/07/2016 15:45:18] /god 4526
[21/07/2016 15:45:21] /a
[21/07/2016 15:45:21] /god 4526
[21/07/2016 15:45:23] /god 4526
[21/07/2016 15:45:24] /a
[21/07/2016 15:45:24] /god 4526
[21/07/2016 15:45:25] /god 4526
[21/07/2016 15:45:26] /a
[21/07/2016 15:45:27] /god 4526
[21/07/2016 15:45:27] /god 4526
[21/07/2016 15:45:28] /god 4526
[21/07/2016 15:45:35] /a
[21/07/2016 15:45:35] /god 4526
[21/07/2016 15:45:37] /r
[21/07/2016 15:45:38] /god 4526
[21/07/2016 15:45:39] /god 4526
[21/07/2016 15:45:50] /god 2698
[21/07/2016 15:45:52] /god 4526
[21/07/2016 15:45:53] /god 4526
[21/07/2016 15:45:54] /god 4526
[21/07/2016 15:45:54] /god 4526
[21/07/2016 15:45:55] /god 4526
[21/07/2016 15:45:59] /a
[21/07/2016 15:45:59] /god 4526
[21/07/2016 15:45:59] /a
[21/07/2016 15:45:59] /god 4526
[21/07/2016 15:45:59] /a
[21/07/2016 15:45:59] /god 4526
[21/07/2016 15:45:59] /a
[21/07/2016 15:45:59] /a
[21/07/2016 15:45:59] /a
[21/07/2016 15:45:59] /god 4526
[21/07/2016 15:45:59] /god 4526
[21/07/2016 15:45:59] /a
[21/07/2016 15:46:00] /a
[21/07/2016 15:46:00] /god 4526
[21/07/2016 15:46:00] /a
[21/07/2016 15:46:00] /god 4526
[21/07/2016 15:46:00] /a
[21/07/2016 15:46:00] /god 4526
[21/07/2016 15:46:00] /a
[21/07/2016 15:46:00] /god 4526
[21/07/2016 15:46:00] /a
[21/07/2016 15:46:00] /god 4526
[21/07/2016 15:46:03] /god 4526
[21/07/2016 15:46:04] /god 4526
[21/07/2016 15:46:04] /a
[21/07/2016 15:46:05] /god 4526
[21/07/2016 15:46:05] /a
[21/07/2016 15:46:06] /god 4526
[21/07/2016 15:46:07] /god 4526
[21/07/2016 15:46:08] /a
[21/07/2016 15:46:08] /god 4526
[21/07/2016 15:46:08] /a
[21/07/2016 15:46:09] /god 4526
[21/07/2016 15:46:09] /a
[21/07/2016 15:46:09] /god 4526
[21/07/2016 15:46:09] /a
[21/07/2016 15:46:09] /god 4526
[21/07/2016 15:46:09] /a
[21/07/2016 15:46:09] /god 4526
[21/07/2016 15:46:10] /a
[21/07/2016 15:46:10] /god 4526
[21/07/2016 15:46:10] /a
[21/07/2016 15:46:10] /god 4526
[21/07/2016 15:46:10] /a
[21/07/2016 15:46:10] /god 4526
[21/07/2016 15:46:10] /a
[21/07/2016 15:46:10] /god 4526
[21/07/2016 15:46:10] /a
[21/07/2016 15:46:12] /god 4526
[21/07/2016 15:46:13] /god 4526
[21/07/2016 15:46:14] /a
[21/07/2016 15:46:14] /god 4526
[21/07/2016 15:46:14] /a
[21/07/2016 15:46:14] /god 4526
[21/07/2016 15:46:14] /a
[21/07/2016 15:46:15] /god 4526
[21/07/2016 15:46:15] /a
[21/07/2016 15:46:15] /god 4526
[21/07/2016 15:46:15] /a
[21/07/2016 15:46:15] /god 4526
[21/07/2016 15:46:15] /a
[21/07/2016 15:46:15] /god 4526
[21/07/2016 15:46:15] /a
[21/07/2016 15:46:16] /god 4526
[21/07/2016 15:46:16] /a
[21/07/2016 15:46:16] /god 4526
[21/07/2016 15:46:16] /a
[21/07/2016 15:46:16] /god 4526
[21/07/2016 15:46:16] /a
[21/07/2016 15:46:20] /god 4526
[21/07/2016 15:46:20] /god 4526
[21/07/2016 15:46:20] /god 4526
[21/07/2016 15:46:22] /god 4526
[21/07/2016 15:46:22] /god 4526
[21/07/2016 15:46:22] /god 4526
[21/07/2016 15:46:22] /god 4526
[21/07/2016 15:46:22] /god 4526
[21/07/2016 15:46:23] /god 4526
[21/07/2016 15:46:23] /god 4526
[21/07/2016 15:46:23] /god 4526
[21/07/2016 15:46:23] /god 4526
[21/07/2016 15:46:23] /god 4526
[21/07/2016 15:46:24] /god 4526
[21/07/2016 15:46:24] /god 4526
[21/07/2016 15:46:24] /god 4526
[21/07/2016 15:46:27] /god 4526
[21/07/2016 15:46:27] /god 4526
[21/07/2016 15:46:27] /god 4526
[21/07/2016 15:46:28] /god 4526
[21/07/2016 15:46:28] /god 4526
[21/07/2016 15:46:28] /god 4526
[21/07/2016 15:46:28] /god 4526
[21/07/2016 15:46:28] /god 4526
[21/07/2016 15:46:29] /god 4526
[21/07/2016 15:46:29] /god 4526
[21/07/2016 15:46:29] /god 4526
[21/07/2016 15:46:30] /god 4526
[21/07/2016 15:46:30] /god 4526
[21/07/2016 15:46:30] /god 4526
[21/07/2016 15:46:30] /god 4526
[21/07/2016 15:46:31] /god 4526
[21/07/2016 15:46:31] /god 4526
[21/07/2016 15:46:31] /god 4526
[21/07/2016 15:46:31] /god 4526
[21/07/2016 15:46:32] /god 4526
[21/07/2016 15:46:32] /god 4526
[21/07/2016 15:46:33] /god 4526
[21/07/2016 15:46:33] /god 4526
[21/07/2016 15:46:33] /god 4526
[21/07/2016 15:47:15] /god 5771
[21/07/2016 15:47:17] /r
[21/07/2016 15:47:20] /god 5771
[21/07/2016 15:47:21] /god 5771
[21/07/2016 15:47:22] /god 5771
[21/07/2016 15:47:24] /god 5771
[21/07/2016 15:47:24] /god 5771
[21/07/2016 15:47:25] /god 5771
[21/07/2016 15:47:26] /god 5771
[21/07/2016 15:47:26] /god 5771
[21/07/2016 15:47:27] /god 5771
[21/07/2016 15:47:28] /god 5771
[21/07/2016 15:47:28] /god 5771
[21/07/2016 15:47:34] /god 5772
[21/07/2016 15:47:38] /god 5773
[21/07/2016 15:47:39] /god 5773
[21/07/2016 15:47:40] /god 5773
[21/07/2016 15:47:42] /god 5773
[21/07/2016 15:47:42] /god 5773
[21/07/2016 15:47:43] /god 5773
[21/07/2016 15:48:03] /god stone
[21/07/2016 15:48:04] /god stone
[21/07/2016 15:48:07] /god stone
[21/07/2016 15:48:08] /god stone
[21/07/2016 15:48:09] /god stone
[21/07/2016 15:48:17] /god stone
[21/07/2016 15:48:18] /god stone
[21/07/2016 15:48:19] /god stone
[21/07/2016 15:48:31] /god 4526
[21/07/2016 15:48:32] /god 4526
[21/07/2016 15:48:32] /god 4526
[21/07/2016 15:48:32] /god 4526
[21/07/2016 15:48:32] /god 4526
[21/07/2016 15:48:33] /god 4526
[21/07/2016 15:48:33] /god 4526
[21/07/2016 15:48:33] /god 4526
[21/07/2016 15:48:33] /god 4526
[21/07/2016 15:48:34] /god 4526
[21/07/2016 15:48:42] /god 5772
[21/07/2016 15:48:45] /r
[21/07/2016 15:48:48] /god 5771
[21/07/2016 15:48:50] /r
[21/07/2016 15:48:52] /god 5770
[21/07/2016 15:48:54] /r
[21/07/2016 15:48:55] /god 4526
[21/07/2016 15:48:59] /god ice
[21/07/2016 15:49:04] /god 5774
[21/07/2016 15:49:05] /god 5774
[21/07/2016 15:49:06] /god 5774
[21/07/2016 15:49:07] /god 5774
[21/07/2016 15:49:09] /god 4526
[21/07/2016 15:49:09] /god 4526
[21/07/2016 15:49:10] /a
[21/07/2016 15:49:10] /god 4526
[21/07/2016 15:49:11] /god 4526
[21/07/2016 15:49:12] /god 4526
[21/07/2016 15:49:12] /god 4526
[21/07/2016 15:49:12] /god 4526
[21/07/2016 15:49:12] /god 4526
[21/07/2016 15:49:12] /god 4526
[21/07/2016 15:49:13] /god 4526
[21/07/2016 15:49:13] /god 4526
[21/07/2016 15:49:13] /god 4526
[21/07/2016 15:49:13] /god 4526
[21/07/2016 15:49:14] /god 4526
[21/07/2016 15:49:15] /god 4526
[21/07/2016 15:49:15] /god 4526
[21/07/2016 15:49:16] /god 4526
[21/07/2016 15:49:16] /god 4526
[21/07/2016 15:49:17] /god 4526
[21/07/2016 15:49:18] /r
[21/07/2016 15:49:19] /god 4526
[21/07/2016 15:49:19] /god 4526
[21/07/2016 15:49:20] /god 4526
[21/07/2016 15:49:20] /god 4526
[21/07/2016 15:49:21] /god 4526
[21/07/2016 15:49:21] /god 4526
[21/07/2016 15:49:24] /m castle
[21/07/2016 15:49:26] /r
[21/07/2016 15:49:27] /god 4526
[21/07/2016 15:49:28] /god 4526
[21/07/2016 15:49:30] /r
[21/07/2016 15:49:30] /r
[21/07/2016 15:49:32] /r
[21/07/2016 15:49:35] /a
[21/07/2016 15:49:35] /a
[21/07/2016 15:49:36] /a
[21/07/2016 15:49:37] /a
[21/07/2016 15:49:39] /a
[21/07/2016 15:49:40] /a
[21/07/2016 15:49:42] /a 5
[21/07/2016 15:49:44] /a 5
[21/07/2016 15:49:44] /a 5
[21/07/2016 15:49:46] /a 5
[21/07/2016 15:49:46] /a 5
[21/07/2016 15:49:48] /a 5
[21/07/2016 15:49:50] /a
[21/07/2016 15:49:50] /a
[21/07/2016 15:49:51] /a
[21/07/2016 15:49:51] /a
[21/07/2016 15:49:52] /a
[21/07/2016 15:49:52] /a
[21/07/2016 15:49:53] /a 
[21/07/2016 15:49:54] /a 
[21/07/2016 15:49:54] /a 
[21/07/2016 15:49:54] /a 
[21/07/2016 15:49:55] /a 
[21/07/2016 15:49:55] /a 
[21/07/2016 15:49:56] /a 
[21/07/2016 15:49:56] /a 
[21/07/2016 15:49:57] /a 
[21/07/2016 15:49:57] /a 
[21/07/2016 15:49:58] /a 
[21/07/2016 15:49:58] /a 
[21/07/2016 15:49:59] /a 
[21/07/2016 15:49:59] /a 
[21/07/2016 15:50:00] /a 
[21/07/2016 15:50:12] /t
[21/07/2016 15:50:28] /god 9146
[21/07/2016 15:50:43] /god 1229
[21/07/2016 15:50:44] /god 1229
[21/07/2016 15:50:45] /god 1229
[21/07/2016 15:50:46] /god 1229
[21/07/2016 15:50:47] /god 1229
[21/07/2016 15:50:48] /god 1229
[21/07/2016 15:50:49] /god 1229
[21/07/2016 15:50:52] /a
[21/07/2016 15:50:53] /a
[21/07/2016 15:50:54] /r
[21/07/2016 15:50:55] /r
[21/07/2016 15:50:57] /r
[21/07/2016 15:50:58] /r
[21/07/2016 15:50:58] /r
[21/07/2016 15:50:59] /r
[21/07/2016 15:51:00] /r
[21/07/2016 15:51:10] /god 1049
[21/07/2016 15:51:12] /a
[21/07/2016 15:51:14] /god 1050
[21/07/2016 15:51:16] /a
[21/07/2016 15:51:17] /god 1050
[21/07/2016 15:51:19] /a
[21/07/2016 15:51:23] /god 1049
[21/07/2016 15:51:27] /god 1049
[21/07/2016 15:51:28] /god 1049
[21/07/2016 15:51:31] /a
[21/07/2016 15:51:31] /god 4526
[21/07/2016 15:51:33] /a
[21/07/2016 15:51:33] /god 4526
[21/07/2016 15:51:34] /a
[21/07/2016 15:51:34] /god 4526
[21/07/2016 15:51:35] /a
[21/07/2016 15:51:36] /god 4526
[21/07/2016 15:51:36] /god 4526
[21/07/2016 15:51:36] /god 4526
[21/07/2016 15:51:36] /god 4526
[21/07/2016 15:51:37] /god 4526
[21/07/2016 15:51:38] /a
[21/07/2016 15:51:38] /god 4526
[21/07/2016 15:51:39] /a
[21/07/2016 15:51:39] /god 4526
[21/07/2016 15:51:40] /god 4526
[21/07/2016 15:51:40] /god 4526
[21/07/2016 15:51:40] /god 4526
[21/07/2016 15:51:41] /god 4526
[21/07/2016 15:51:41] /god 4526
[21/07/2016 15:51:41] /god 4526
[21/07/2016 15:51:42] /god 4526
[21/07/2016 15:51:42] /god 4526
[21/07/2016 15:51:43] /god 4526
[21/07/2016 15:51:43] /god 4526
[21/07/2016 15:51:44] /god 4526
[21/07/2016 15:51:44] /god 4526
[21/07/2016 15:51:44] /god 4526
[21/07/2016 15:51:45] /god 4526
[21/07/2016 15:51:45] /god 4526
[21/07/2016 15:51:45] /god 4526
[21/07/2016 15:51:45] /god 4526
[21/07/2016 15:51:46] /god 4526
[21/07/2016 15:51:46] /god 4526
[21/07/2016 15:51:47] /god 4526
[21/07/2016 15:51:48] /god 4526
[21/07/2016 15:51:48] /god 4526
[21/07/2016 15:51:48] /god 4526
[21/07/2016 15:51:48] /god 4526
[21/07/2016 15:51:50] /a
[21/07/2016 15:51:50] /god 4526
[21/07/2016 15:51:58] /god 1050
[21/07/2016 15:51:58] /god 1050
[21/07/2016 15:51:59] /god 1050
[21/07/2016 15:51:59] /god 1050
[21/07/2016 15:52:00] /god 1050
[21/07/2016 15:52:01] /god 1050
[21/07/2016 15:52:03] /god 1049
[21/07/2016 15:52:05] /god 1049
[21/07/2016 15:52:11] /r
[21/07/2016 15:52:12] /r
[21/07/2016 15:52:13] /r
[21/07/2016 15:52:13] /r
[21/07/2016 15:52:14] /r
[21/07/2016 15:52:15] /r
[21/07/2016 15:52:16] /r
[21/07/2016 15:52:17] /r
[21/07/2016 15:52:20] /r
[21/07/2016 15:52:26] /god 9399
[21/07/2016 15:52:32] /god 9407
[21/07/2016 15:53:09] /attr action 4538
[21/07/2016 15:53:10] /attr action 4538
[21/07/2016 15:53:14] /attr action 4538
[21/07/2016 15:53:15] /attr action 4538
[21/07/2016 15:53:19] /attr action 4538
[21/07/2016 15:53:30] /a
[21/07/2016 15:53:30] /a
[21/07/2016 15:53:41] /god 1229
[21/07/2016 15:53:50] /god 1050
[21/07/2016 15:53:51] /god 1050
[21/07/2016 15:53:53] /god 1050
[21/07/2016 15:53:53] /god 1050
[21/07/2016 15:53:59] /a
[21/07/2016 15:54:07] /a
[21/07/2016 15:54:09] /god 1810
[21/07/2016 15:54:20] /a
[21/07/2016 15:54:32] /attr action 4538
[21/07/2016 15:54:40] /a
[21/07/2016 15:54:41] /a
[21/07/2016 15:54:47] /t
[21/07/2016 15:54:51] /a
[21/07/2016 15:54:51] /a
[21/07/2016 15:54:52] /a
[21/07/2016 15:54:53] /a
[21/07/2016 15:54:59] /god 1387
[21/07/2016 15:55:12] /attr position 73 627 7
[21/07/2016 15:55:28] /a
[21/07/2016 15:55:35] /a
[21/07/2016 15:55:36] /a
[21/07/2016 15:55:41] /god stone
[21/07/2016 15:55:59] /a
[21/07/2016 15:55:59] /a
[21/07/2016 15:55:59] /a
[21/07/2016 15:56:01] /a
[21/07/2016 15:56:01] /a
[21/07/2016 15:56:02] /a
[21/07/2016 15:56:03] /a
[21/07/2016 15:56:08] /a
[21/07/2016 15:56:08] /a
[21/07/2016 15:56:09] /a
[21/07/2016 15:56:10] /a
[21/07/2016 15:56:11] /a
[21/07/2016 15:56:11] /a
[21/07/2016 15:56:21] /t
[21/07/2016 15:56:27] /r
[21/07/2016 15:56:28] /r
[21/07/2016 15:56:28] /r
[21/07/2016 15:56:29] /r
[21/07/2016 15:56:30] /r
[21/07/2016 15:56:31] /r
[21/07/2016 15:56:33] /r
[21/07/2016 15:56:34] /r
[21/07/2016 15:56:35] /t
[21/07/2016 15:56:40] /r
[21/07/2016 15:56:41] /r
[21/07/2016 15:56:50] /god ice
[21/07/2016 15:56:51] /god ice
[21/07/2016 15:56:51] /god ice
[21/07/2016 15:56:52] /god ice
[21/07/2016 15:56:52] /god ice
[21/07/2016 15:56:53] /god ice
[21/07/2016 15:56:54] /god ice
[21/07/2016 15:56:54] /god ice
[21/07/2016 15:56:55] /god ice
[21/07/2016 15:56:56] /a
[21/07/2016 15:57:01] /god 1049
[21/07/2016 15:57:33] /bc green Novoo Castlee esta prontoo venham ver como ficoou ....
[21/07/2016 15:57:34] /bc green Novoo Castlee esta prontoo venham ver como ficoou ....
[21/07/2016 15:57:34] /bc green Novoo Castlee esta prontoo venham ver como ficoou ....
[21/07/2016 15:57:34] /bc green Novoo Castlee esta prontoo venham ver como ficoou ....
[21/07/2016 15:57:35] /bc green Novoo Castlee esta prontoo venham ver como ficoou ....
[21/07/2016 15:57:35] /bc green Novoo Castlee esta prontoo venham ver como ficoou ....
[21/07/2016 15:57:36] /bc green Novoo Castlee esta prontoo venham ver como ficoou ....
[21/07/2016 15:57:36] /bc green Novoo Castlee esta prontoo venham ver como ficoou ....
[21/07/2016 15:57:37] /bc green Novoo Castlee esta prontoo venham ver como ficoou ....
[21/07/2016 15:57:37] /bc green Novoo Castlee esta prontoo venham ver como ficoou ....
[21/07/2016 15:57:38] /bc green Novoo Castlee esta prontoo venham ver como ficoou ....
[21/07/2016 15:57:38] /bc green Novoo Castlee esta prontoo venham ver como ficoou ....
[21/07/2016 15:57:39] /t
[21/07/2016 15:58:30] /goto gm ci~
[21/07/2016 15:58:48] /bc green Novoo Castlee esta prontoo venham ver como ficoou ....
[21/07/2016 15:58:48] /bc green Novoo Castlee esta prontoo venham ver como ficoou ....
[21/07/2016 15:58:49] /bc green Novoo Castlee esta prontoo venham ver como ficoou ....
[21/07/2016 15:58:49] /bc green Novoo Castlee esta prontoo venham ver como ficoou ....
[21/07/2016 15:58:50] /bc green Novoo Castlee esta prontoo venham ver como ficoou ....
[21/07/2016 15:58:50] /bc green Novoo Castlee esta prontoo venham ver como ficoou ....
[21/07/2016 15:58:51] /bc green Novoo Castlee esta prontoo venham ver como ficoou ....
[21/07/2016 15:58:51] /bc green Novoo Castlee esta prontoo venham ver como ficoou ....
[21/07/2016 15:58:52] /bc green Novoo Castlee esta prontoo venham ver como ficoou ....
[21/07/2016 15:59:25] /god sudden death attack
[21/07/2016 16:00:27] /b EVENTO CTF ABERTOOOOOOOOOOOOOOOOOOOOOOOOo
[21/07/2016 16:00:28] /b EVENTO CTF ABERTOOOOOOOOOOOOOOOOOOOOOOOOo
[21/07/2016 16:00:28] /b EVENTO CTF ABERTOOOOOOOOOOOOOOOOOOOOOOOOo
[21/07/2016 16:00:31] /t
[21/07/2016 16:00:35] /t
[21/07/2016 16:00:44] /goto nico~
[21/07/2016 16:00:46] /t
[21/07/2016 16:00:52] /goto GM Ciroc
[21/07/2016 16:00:56] /c nico~
[21/07/2016 16:50:12] /newtype 300
[21/07/2016 16:50:42] /a 3
[21/07/2016 16:50:47] /a 
[21/07/2016 16:50:47] /a 
[21/07/2016 16:50:48] /a 
[21/07/2016 16:50:48] /a 
[21/07/2016 16:50:48] /a 
[21/07/2016 16:50:48] /a 
[21/07/2016 16:50:48] /a 
[21/07/2016 16:50:48] /a 
[21/07/2016 16:50:48] /a 
[21/07/2016 16:50:48] /a 
[21/07/2016 16:50:48] /a 
[21/07/2016 16:50:48] /a 
[21/07/2016 16:50:48] /a 
[21/07/2016 16:50:48] /a 
[21/07/2016 16:50:48] /a 
[21/07/2016 16:50:48] /a 
[21/07/2016 16:50:48] /a 
[21/07/2016 16:50:48] /a 
[21/07/2016 16:50:49] /a 
[21/07/2016 16:50:49] /a 
[21/07/2016 16:50:49] /a 
[21/07/2016 16:50:49] /a 
[21/07/2016 16:50:49] /a 
[21/07/2016 16:50:49] /a 
[21/07/2016 16:50:49] /a 
[21/07/2016 16:50:49] /a 
[21/07/2016 16:50:49] /a 
[21/07/2016 16:50:49] /a 
[21/07/2016 16:50:49] /a 
[21/07/2016 16:50:49] /a 
[21/07/2016 16:50:49] /a 
[21/07/2016 16:50:49] /a 
[21/07/2016 16:50:49] /a 
[21/07/2016 16:50:49] /a 
[21/07/2016 16:50:49] /a 
[21/07/2016 16:50:50] /a 
[21/07/2016 16:50:50] /a 
[21/07/2016 16:50:50] /a 
[21/07/2016 16:50:50] /a 
[21/07/2016 16:50:50] /a 
[21/07/2016 16:50:50] /a 
[21/07/2016 16:50:50] /a 
[21/07/2016 16:50:50] /a 
[21/07/2016 16:50:50] /a 
[21/07/2016 16:50:50] /a 
[21/07/2016 16:50:50] /a 
[21/07/2016 16:50:50] /a 
[21/07/2016 16:50:50] /a 
[21/07/2016 16:50:50] /a 
[21/07/2016 16:50:50] /a 
[21/07/2016 16:50:50] /a 
[21/07/2016 16:50:50] /a 
[21/07/2016 16:50:50] /a 
[21/07/2016 16:50:51] /a 
[21/07/2016 16:50:51] /a 
[21/07/2016 16:50:51] /a 
[21/07/2016 16:50:51] /a 
[21/07/2016 16:50:51] /a 
[21/07/2016 16:50:51] /a 
[21/07/2016 16:50:51] /a 
[21/07/2016 16:50:51] /a 
[21/07/2016 16:50:51] /a 
[21/07/2016 16:50:51] /a 
[21/07/2016 16:50:51] /a 
[21/07/2016 16:50:51] /a 
[21/07/2016 16:50:51] /a 
[21/07/2016 16:50:51] /a 
[21/07/2016 16:50:51] /a 
[21/07/2016 16:50:51] /a 
[21/07/2016 16:50:51] /a 
[21/07/2016 16:50:51] /a 
[21/07/2016 16:50:51] /a 
[21/07/2016 16:50:52] /a 
[21/07/2016 16:50:52] /a 
[21/07/2016 16:50:52] /a 
[21/07/2016 16:50:52] /a 
[21/07/2016 16:50:52] /a 
[21/07/2016 16:50:52] /a 
[21/07/2016 16:50:52] /a 
[21/07/2016 16:50:52] /a 
[21/07/2016 16:50:52] /a 
[21/07/2016 16:50:52] /a 
[21/07/2016 16:50:52] /a 
[21/07/2016 16:50:52] /a 
[21/07/2016 16:50:52] /a 
[21/07/2016 16:50:52] /a 
[21/07/2016 16:50:52] /a 
[21/07/2016 16:50:52] /a 
[21/07/2016 16:50:52] /a 
[21/07/2016 16:50:53] /a 
[21/07/2016 16:50:53] /a 
[21/07/2016 16:50:53] /a 
[21/07/2016 16:50:53] /a 
[21/07/2016 16:50:53] /a 
[21/07/2016 16:50:53] /a 
[21/07/2016 16:50:53] /a 
[21/07/2016 16:50:53] /a 
[21/07/2016 16:50:53] /a 
[21/07/2016 16:50:53] /a 
[21/07/2016 16:50:53] /a 
[21/07/2016 16:50:54] /a 
[21/07/2016 16:50:54] /a 
[21/07/2016 16:50:54] /a 
[21/07/2016 16:50:54] /a 
[21/07/2016 16:50:54] /a 
[21/07/2016 16:50:54] /a 
[21/07/2016 16:50:54] /a 
[21/07/2016 16:50:54] /a 
[21/07/2016 16:50:54] /a 
[21/07/2016 16:50:54] /a 
[21/07/2016 16:50:54] /a 
[21/07/2016 16:50:54] /a 
[21/07/2016 16:50:54] /a 
[21/07/2016 16:50:54] /a 
[21/07/2016 16:50:54] /a 
[21/07/2016 16:50:55] /a 
[21/07/2016 16:50:55] /a 
[21/07/2016 16:50:55] /a 
[21/07/2016 16:50:55] /a 
[21/07/2016 16:50:55] /a 
[21/07/2016 16:50:55] /a 
[21/07/2016 16:50:55] /a 
[21/07/2016 16:50:55] /a 
[21/07/2016 16:50:55] /a 
[21/07/2016 16:50:55] /a 
[21/07/2016 16:50:55] /a 
[21/07/2016 16:50:55] /a 
[21/07/2016 16:50:55] /a 
[21/07/2016 16:50:55] /a 
[21/07/2016 16:50:55] /a 
[21/07/2016 16:50:55] /a 
[21/07/2016 16:50:55] /a 
[21/07/2016 16:50:56] /a 
[21/07/2016 16:50:56] /a 
[21/07/2016 16:50:56] /a 
[21/07/2016 16:50:56] /a 
[21/07/2016 16:50:56] /a 
[21/07/2016 16:50:56] /a 
[21/07/2016 16:50:56] /a 
[21/07/2016 16:50:56] /a 
[21/07/2016 16:50:56] /a 
[21/07/2016 16:50:56] /a 
[21/07/2016 16:50:56] /a 
[21/07/2016 16:50:56] /a 
[21/07/2016 16:50:56] /a 
[21/07/2016 16:50:56] /a 
[21/07/2016 16:50:56] /a 
[21/07/2016 16:50:56] /a 
[21/07/2016 16:50:56] /a 
[21/07/2016 16:50:56] /a 
[21/07/2016 16:50:57] /a 
[21/07/2016 16:50:57] /a 
[21/07/2016 16:50:57] /a 
[21/07/2016 16:50:57] /a 
[21/07/2016 16:50:57] /a 
[21/07/2016 16:50:57] /a 
[21/07/2016 16:50:57] /a 
[21/07/2016 16:50:57] /a 
[21/07/2016 16:50:57] /a 
[21/07/2016 16:50:57] /a 
[21/07/2016 16:50:57] /a 
[21/07/2016 16:50:57] /a 
[21/07/2016 16:50:57] /a 
[21/07/2016 16:50:57] /a 
[21/07/2016 16:50:57] /a 
[21/07/2016 16:50:57] /a 
[21/07/2016 16:50:58] /a 
[21/07/2016 16:50:58] /a 
[21/07/2016 16:50:58] /a 
[21/07/2016 16:50:58] /a 
[21/07/2016 16:50:59] /a 
[21/07/2016 16:50:59] /a 
[21/07/2016 16:50:59] /a 
[21/07/2016 16:50:59] /a 
[21/07/2016 16:51:00] /a 
[21/07/2016 16:51:00] /a 
[21/07/2016 16:51:00] /a 
[21/07/2016 16:51:00] /a 
[21/07/2016 16:51:00] /a 
[21/07/2016 16:51:01] /a 
[21/07/2016 16:51:01] /a 
[21/07/2016 16:51:01] /a 
[21/07/2016 16:51:01] /a 
[21/07/2016 16:51:02] /a 
[21/07/2016 16:51:02] /a 
[21/07/2016 16:51:02] /a 
[21/07/2016 16:51:02] /a 
[21/07/2016 16:51:02] /a 
[21/07/2016 16:51:02] /a 
[21/07/2016 16:51:02] /a 
[21/07/2016 16:51:02] /a 
[21/07/2016 16:51:02] /a 
[21/07/2016 16:51:02] /a 
[21/07/2016 16:51:03] /a 
[21/07/2016 16:51:03] /a 
[21/07/2016 16:51:03] /a 
[21/07/2016 16:51:03] /a 
[21/07/2016 16:51:03] /a 
[21/07/2016 16:51:03] /a 
[21/07/2016 16:51:03] /a 
[21/07/2016 16:51:03] /a 
[21/07/2016 16:51:03] /a 
[21/07/2016 16:51:03] /a 
[21/07/2016 16:51:04] /a 
[21/07/2016 16:51:04] /a 
[21/07/2016 16:51:04] /a 
[21/07/2016 16:51:04] /a 
[21/07/2016 16:51:04] /a 
[21/07/2016 16:51:04] /a 
[21/07/2016 16:51:04] /a 
[21/07/2016 16:51:05] /a 
[21/07/2016 16:51:05] /a 
[21/07/2016 16:51:05] /a 
[21/07/2016 16:51:05] /a 
[21/07/2016 16:51:05] /a 
[21/07/2016 16:51:05] /a 
[21/07/2016 16:51:05] /a 
[21/07/2016 16:51:05] /a 
[21/07/2016 16:51:05] /a 
[21/07/2016 16:51:05] /a 
[21/07/2016 16:51:05] /a 
[21/07/2016 16:51:05] /a 
[21/07/2016 16:51:05] /a 
[21/07/2016 16:51:05] /a 
[21/07/2016 16:51:05] /a 
[21/07/2016 16:51:06] /a 
[21/07/2016 16:51:06] /a 
[21/07/2016 16:51:06] /a 
[21/07/2016 16:51:06] /a 
[21/07/2016 16:51:06] /a 
[21/07/2016 16:51:06] /a 
[21/07/2016 16:51:06] /a 
[21/07/2016 16:51:06] /a 
[21/07/2016 16:51:06] /a 
[21/07/2016 16:51:06] /a 
[21/07/2016 16:51:06] /a 
[21/07/2016 16:51:06] /a 
[21/07/2016 16:51:06] /a 
[21/07/2016 16:51:06] /a 
[21/07/2016 16:51:06] /a 
[21/07/2016 16:51:06] /a 
[21/07/2016 16:51:07] /a 
[21/07/2016 16:51:07] /a 
[21/07/2016 16:51:07] /a 
[21/07/2016 16:51:07] /a 
[21/07/2016 16:51:07] /a 
[21/07/2016 16:51:07] /a 
[21/07/2016 16:51:07] /a 
[21/07/2016 16:51:07] /a 
[21/07/2016 16:51:07] /a 
[21/07/2016 16:51:07] /a 
[21/07/2016 16:51:07] /a 
[21/07/2016 16:51:07] /a 
[21/07/2016 16:51:07] /a 
[21/07/2016 16:51:07] /a 
[21/07/2016 16:51:07] /a 
[21/07/2016 16:51:07] /a 
[21/07/2016 16:51:08] /a 
[21/07/2016 16:51:08] /a 
[21/07/2016 16:51:08] /a 
[21/07/2016 16:51:08] /a 
[21/07/2016 16:51:08] /a 
[21/07/2016 16:51:08] /a 
[21/07/2016 16:51:08] /a 
[21/07/2016 16:51:08] /a 
[21/07/2016 16:51:08] /a 
[21/07/2016 16:51:08] /a 
[21/07/2016 16:51:08] /a 
[21/07/2016 16:51:08] /a 
[21/07/2016 16:51:08] /a 
[21/07/2016 16:51:08] /a 
[21/07/2016 16:51:08] /a 
[21/07/2016 16:51:08] /a 
[21/07/2016 16:51:08] /a 
[21/07/2016 16:51:09] /a 
[21/07/2016 16:51:09] /a 
[21/07/2016 16:51:09] /a 
[21/07/2016 16:51:09] /a 
[21/07/2016 16:51:09] /a 
[21/07/2016 16:51:09] /a 
[21/07/2016 16:51:09] /a 
[21/07/2016 16:51:09] /a 
[21/07/2016 16:51:09] /a 
[21/07/2016 16:51:10] /a 
[21/07/2016 16:51:10] /a 
[21/07/2016 16:51:10] /a 
[21/07/2016 16:51:10] /a 
[21/07/2016 16:51:10] /a 
[21/07/2016 16:51:10] /a 
[21/07/2016 16:51:10] /a 
[21/07/2016 16:51:11] /a 
[21/07/2016 16:51:11] /a 
[21/07/2016 16:51:11] /a 
[21/07/2016 16:51:11] /a 
[21/07/2016 16:51:11] /a 
[21/07/2016 16:51:11] /a 
[21/07/2016 16:51:11] /a 
[21/07/2016 16:51:12] /a 
[21/07/2016 16:51:12] /a 
[21/07/2016 16:51:12] /a 
[21/07/2016 16:51:13] /a 
[21/07/2016 16:51:13] /a 
[21/07/2016 16:51:13] /a 
[21/07/2016 16:51:13] /a 
[21/07/2016 16:51:13] /a 
[21/07/2016 16:51:13] /a 
[21/07/2016 16:51:13] /a 
[21/07/2016 16:51:13] /a 
[21/07/2016 16:51:13] /a 
[21/07/2016 16:51:14] /a 
[21/07/2016 16:51:14] /a 
[21/07/2016 16:51:14] /a 
[21/07/2016 16:51:14] /a 
[21/07/2016 16:51:14] /a 
[21/07/2016 16:51:14] /a 
[21/07/2016 16:51:15] /a 
[21/07/2016 16:51:15] /a 
[21/07/2016 16:51:15] /a 
[21/07/2016 16:51:15] /a 
[21/07/2016 16:51:16] /a 
[21/07/2016 16:51:16] /a 
[21/07/2016 16:51:16] /a 
[21/07/2016 16:51:16] /a 
[21/07/2016 16:51:16] /a 
[21/07/2016 16:51:43] /c Nicovisky
[21/07/2016 16:51:49] /t
[21/07/2016 16:53:52] /god 1387
[21/07/2016 16:54:21] /god 1387
[21/07/2016 16:54:29] /attr position 483 475 7
[21/07/2016 16:54:43] /b teleport ta no templo gogo evento war
[21/07/2016 16:54:44] /b teleport ta no templo gogo evento war
[21/07/2016 16:54:44] /b teleport ta no templo gogo evento war
[21/07/2016 16:54:44] /b teleport ta no templo gogo evento war
[21/07/2016 16:54:45] /b teleport ta no templo gogo evento war
[21/07/2016 16:54:45] /b teleport ta no templo gogo evento war
[21/07/2016 16:54:46] /b teleport ta no templo gogo evento war
[21/07/2016 16:54:46] /b teleport ta no templo gogo evento war
[21/07/2016 16:54:50] /attr position 483 475 7
[21/07/2016 16:55:19] /attr position 483 275 7
[21/07/2016 16:55:24] /a
[21/07/2016 16:55:24] /a
[21/07/2016 16:56:34] /b venham evento tp templo
[21/07/2016 16:56:35] /b venham evento tp templo
[21/07/2016 16:56:35] /b venham evento tp templo
[21/07/2016 16:56:36] /b venham evento tp templo
[21/07/2016 16:56:36] /b venham evento tp templo
[21/07/2016 16:56:37] /b venham evento tp templo
[21/07/2016 16:56:38] /b venham evento tp templo
[21/07/2016 16:57:57] /a
[21/07/2016 16:57:59] /r
[21/07/2016 16:58:00] /a
[21/07/2016 16:58:00] /a
[21/07/2016 16:58:04] /a 5
[21/07/2016 16:58:06] /r
[21/07/2016 16:58:10] /a
[21/07/2016 16:58:10] /a
[21/07/2016 16:58:22] /a
[21/07/2016 16:58:23] /a
[21/07/2016 16:58:23] /a
[21/07/2016 16:58:48] /c Wonder kina
[21/07/2016 17:00:30] /goto Woonder
[21/07/2016 17:01:09] /a 
[21/07/2016 17:01:13] /a
[21/07/2016 17:01:38] /c pu~
[21/07/2016 17:02:11] /up
[21/07/2016 17:02:34] /c pu~
[21/07/2016 17:03:03] /a
[21/07/2016 17:23:31] /t
[21/07/2016 17:24:57] /a
[21/07/2016 17:24:58] /a
[21/07/2016 17:25:50] /m bazir
[21/07/2016 17:25:58] /m lavanos
[21/07/2016 17:26:11] /m zoulack
[21/07/2016 17:26:12] /t
[21/07/2016 17:26:30] /a 2
[21/07/2016 17:26:38] /a 23
[21/07/2016 17:26:40] /a 23
[21/07/2016 17:26:42] /a 2
[21/07/2016 17:26:55] /t
[21/07/2016 17:26:59] /a 5
[21/07/2016 17:27:00] /a 5
[21/07/2016 17:27:00] /a 5
[21/07/2016 17:27:03] /a
[21/07/2016 17:27:07] /m Morgaroth Girl
[21/07/2016 17:27:31] /r
[21/07/2016 17:27:32] /t
[21/07/2016 17:27:38] /clean
[21/07/2016 17:28:51] /b evento castle venham todos castle 
[21/07/2016 17:28:52] /b evento castle venham todos castle 
[21/07/2016 17:28:53] /b evento castle venham todos castle 
[21/07/2016 17:28:53] /b evento castle venham todos castle 
[21/07/2016 17:29:08] /c ADM Orion
[21/07/2016 17:29:40] /a
[21/07/2016 17:29:40] /a
[21/07/2016 17:29:41] /a
[21/07/2016 17:29:42] /a
[21/07/2016 17:29:43] /a
[21/07/2016 17:29:43] /a
[21/07/2016 17:29:44] /a
[21/07/2016 17:29:48] /god stonme
[21/07/2016 17:29:50] /god stone
[21/07/2016 17:29:51] /god stone
[21/07/2016 17:29:55] /god stone
[21/07/2016 17:29:57] /a 2
[21/07/2016 17:29:58] /a
[21/07/2016 17:30:00] /a
[21/07/2016 17:30:02] /a 2
[21/07/2016 17:30:06] /god stone
[21/07/2016 17:30:07] /god stone
[21/07/2016 17:30:08] /a 5
[21/07/2016 17:30:14] /b venham castle eventooooooooooooo
[21/07/2016 17:30:15] /b venham castle eventooooooooooooo
[21/07/2016 17:30:15] /b venham castle eventooooooooooooo
[21/07/2016 17:30:16] /b venham castle eventooooooooooooo
[21/07/2016 17:30:16] /b venham castle eventooooooooooooo
[21/07/2016 17:30:17] /b venham castle eventooooooooooooo
[21/07/2016 17:30:17] /b venham castle eventooooooooooooo
[21/07/2016 17:30:52] /c nico~
[21/07/2016 17:31:40] /a
[21/07/2016 17:31:40] /a
[21/07/2016 17:31:41] /a
[21/07/2016 17:31:41] /a
[21/07/2016 17:31:42] /a
[21/07/2016 17:31:52] /a
[21/07/2016 17:32:00] /a
[21/07/2016 17:32:13] /ghost
[21/07/2016 17:32:23] /a
[21/07/2016 17:32:23] /a
[21/07/2016 17:32:24] /a
[21/07/2016 17:32:25] /a
[21/07/2016 17:32:25] /a
[21/07/2016 17:32:27] /a
[21/07/2016 17:32:29] /r
[21/07/2016 17:32:32] /r
[21/07/2016 17:32:33] /r
[21/07/2016 17:32:34] /r
[21/07/2016 17:32:36] /r
[21/07/2016 17:32:50] /a
[21/07/2016 17:32:50] /a
[21/07/2016 17:33:16] /r 100
[21/07/2016 17:33:21] /god 2157
[21/07/2016 17:33:40] /a
[21/07/2016 17:33:48] /a
[21/07/2016 17:33:52] /god ice
[21/07/2016 17:34:07] /a
[21/07/2016 17:34:08] /a
[21/07/2016 17:34:20] /a
[21/07/2016 17:34:21] /a
[21/07/2016 17:35:01] /goto ADM Orion
[21/07/2016 17:35:03] /t
[21/07/2016 17:35:16] /c tiio~
[21/07/2016 17:35:33] /god 4848
[21/07/2016 17:39:29] /god 2665
[21/07/2016 17:39:36] /god 8882
[21/07/2016 17:39:42] /god 2648
[21/07/2016 17:39:49] /god 11113
[21/07/2016 17:39:56] /god supreme arco
[21/07/2016 17:40:12] /god 2352
[21/07/2016 17:40:20] /god backpack
[21/07/2016 17:40:55] /t
[21/07/2016 17:41:06] /god paladin ring
[22/07/2016 12:08:22] /t
[22/07/2016 12:09:08] /ghost
[22/07/2016 12:10:57] /m bazir
[22/07/2016 12:11:14] /m zourlack
[22/07/2016 12:11:30] /goto Jo'ker
[22/07/2016 12:15:52] /attr skull 5
[22/07/2016 12:16:12] /attr skull 0
[22/07/2016 12:16:25] /attr health 999999999999999999999999
[22/07/2016 12:17:00] /attr skull 5
[22/07/2016 12:18:09] /attr group 0
[22/07/2016 12:18:51] /attr group 0
[22/07/2016 12:18:57] /attr group 6
[22/07/2016 12:19:14] /attr group 7
[22/07/2016 12:19:47] /m bazir
[22/07/2016 12:21:15] /m warlock
[22/07/2016 12:30:07] /ghost
[22/07/2016 13:20:01] /ghost
[22/07/2016 13:21:08] /attr health 999999999999999999
[22/07/2016 13:21:14] /attr health 999999999999999999
[22/07/2016 13:21:31] /attr health 999999999999999999
[22/07/2016 13:21:40] /attr health 999999999999999999
[22/07/2016 13:21:46] /attr health 999999999999999999
