[19/07/2016 19:22:07] /up
[19/07/2016 19:22:08] /up
[19/07/2016 19:22:09] /up
[19/07/2016 19:22:15] /c mileninha
[19/07/2016 19:22:43] /god supreme armor
[19/07/2016 19:22:47] /god supreme legs
[19/07/2016 19:22:53] /god supreme helmet
[19/07/2016 19:23:05] /god supreme sword
[19/07/2016 19:23:13] /god supreme axe
[19/07/2016 19:23:18] /god supreme shield
[19/07/2016 19:23:39] /ghost
[19/07/2016 19:24:02] /c kinazinha
[19/07/2016 19:24:50] /t Kinazinha
[19/07/2016 19:25:14] /t mileninha
[19/07/2016 19:25:16] /ghost
[19/07/2016 19:25:17] /t
[19/07/2016 19:45:24] /addskill Guga,magic level,1
[19/07/2016 19:54:18] /ghost
[19/07/2016 19:54:20] /ghost
[19/07/2016 19:55:20] /ghost
[19/07/2016 19:55:27] /ghost
[19/07/2016 20:01:07] /ghost
[19/07/2016 20:01:28] /ghost
[19/07/2016 20:08:23] /goto adm orion
[19/07/2016 20:08:31] /up
[19/07/2016 20:08:31] /up
[19/07/2016 20:08:32] /up
[19/07/2016 20:08:35] /c adm orion
[19/07/2016 20:08:47] /n saco de pancada
[19/07/2016 20:10:31] /r
[19/07/2016 20:10:45] /up
[19/07/2016 20:10:48] /down
[19/07/2016 20:11:20] /ghost
[19/07/2016 20:11:44] /ghost
[19/07/2016 20:11:45] /t
[19/07/2016 20:12:02] /goto Musu
[19/07/2016 20:12:07] /t
[19/07/2016 20:12:58] /t
[19/07/2016 20:12:59] /up
[19/07/2016 20:13:00] /up
[19/07/2016 20:13:01] /up
[19/07/2016 20:13:04] /c adm orion
[19/07/2016 20:13:09] /m boss da promotion
[19/07/2016 20:14:07] /r
[19/07/2016 20:14:35] /t ADM Orion
[19/07/2016 20:14:36] /t
[19/07/2016 20:15:02] /goto Fox Umbiguinho
[19/07/2016 20:15:10] /t
[20/07/2016 08:09:02] /t
[20/07/2016 08:09:11] /up
[20/07/2016 08:09:13] /save
[20/07/2016 08:10:56] /t
[20/07/2016 08:11:39] /b galera desculpe por ter caindo. Tive que reniciar para arrumar o novo evento ctf 
[20/07/2016 08:11:40] /b galera desculpe por ter caindo. Tive que reniciar para arrumar o novo evento ctf 
[20/07/2016 09:02:20] /god 7708
[20/07/2016 09:03:51] /attr action 0
[20/07/2016 09:39:02] /reload spells
[20/07/2016 09:39:36] /reload globalevent
[20/07/2016 09:41:34] /ghost
[20/07/2016 09:42:06] /reload lib
[20/07/2016 09:42:28] /goto Woonder
[20/07/2016 09:42:30] /t
[20/07/2016 09:42:50] /goto Pumpkin
[20/07/2016 09:42:55] /t
[20/07/2016 09:46:06] /reload globalevent
[20/07/2016 09:47:13] /reload globalevent
[20/07/2016 09:47:32] /reload globalevent
[20/07/2016 09:47:56] /reload globalevent
[20/07/2016 09:50:56] /reload globalevent
[20/07/2016 09:52:26] /ghost
[20/07/2016 10:43:36] /b galera ot ja volta
[20/07/2016 10:43:36] /b galera ot ja volta
[20/07/2016 10:43:38] /save
[20/07/2016 10:45:25] /attr action 0
[20/07/2016 10:48:12] /ghost
[20/07/2016 10:49:46] /up
[20/07/2016 10:49:46] /up
[20/07/2016 10:49:48] /up
[20/07/2016 10:50:14] /c 
[20/07/2016 10:50:16] /c ADM Orion
[20/07/2016 10:51:14] /c ADM Orion
[20/07/2016 10:52:07] /c ADM Orion
[20/07/2016 11:03:11] /god card exp 5x
[20/07/2016 11:08:54] /reload globalevent
[20/07/2016 11:09:11] /t
[20/07/2016 11:09:36] /r
[20/07/2016 11:11:34] /t
[20/07/2016 11:12:47] /t
[20/07/2016 11:17:36] /save
[20/07/2016 11:19:50] /ghost
[20/07/2016 11:20:20] /ghost
[20/07/2016 11:22:28] /reload globalevent
[20/07/2016 11:22:32] /ghost
[20/07/2016 11:23:20] /ghost
[20/07/2016 11:26:09] /t
[20/07/2016 11:26:16] /goto adm orion
[20/07/2016 11:26:25] /goto Jo'ker
[20/07/2016 11:26:32] /up
[20/07/2016 11:26:40] /r
[20/07/2016 11:26:53] /goto ADM Orion
[20/07/2016 11:27:16] /ghost
[20/07/2016 11:32:32] /save
[20/07/2016 13:50:26] /ghost
[20/07/2016 13:51:21] /t
[20/07/2016 13:52:51] /god 7440
[20/07/2016 13:56:59] /reload action
[20/07/2016 14:00:53] /ghost
[20/07/2016 14:00:55] /ghost
[20/07/2016 14:02:10] /god 8981
[20/07/2016 14:02:11] /god 8981
[20/07/2016 14:02:49] /god 8981
[20/07/2016 14:06:33] /reload actions
[20/07/2016 14:09:28] /goto Juninhow
[20/07/2016 14:09:46] /t Juninhow
[20/07/2016 14:09:47] /t
[20/07/2016 14:11:06] /god 6435
[20/07/2016 14:11:08] /r
[20/07/2016 14:11:09] /r
[20/07/2016 14:11:19] /god 5586
[20/07/2016 14:11:44] /god 6435
[20/07/2016 14:11:47] /r
[20/07/2016 14:11:53] /god 6534
[20/07/2016 14:12:15] /god 6536
[20/07/2016 14:12:54] /god 8014
[20/07/2016 14:12:56] /r
[20/07/2016 14:13:02] /ghost
[20/07/2016 14:13:19] /c Jo'ker
[20/07/2016 14:13:50] /reload action
[20/07/2016 14:14:37] /god 1485
[20/07/2016 14:14:57] /god 8047
[20/07/2016 14:15:04] /god 1945
[20/07/2016 14:15:15] /attr action 6536
[20/07/2016 14:28:31] /up
[20/07/2016 14:28:32] /up
[20/07/2016 14:28:33] /up
[20/07/2016 14:28:40] /god 2157
[20/07/2016 14:28:40] /god 2157
[20/07/2016 14:28:47] /c Zika Virus
[20/07/2016 14:29:02] /god 2157
[20/07/2016 14:29:38] /t Zika Virus
[20/07/2016 14:30:09] /t
[20/07/2016 14:55:23] /info Wonder Kina
[20/07/2016 14:57:07] /god 2305
[20/07/2016 14:57:15] /up
[20/07/2016 14:57:16] /up
[20/07/2016 14:57:18] /up
[20/07/2016 14:57:22] /c Weverton sz
[20/07/2016 14:57:38] /t Weverton sz
[20/07/2016 14:57:39] /t
[20/07/2016 15:06:55] /c adm orion
[20/07/2016 15:08:21] /reload actions
[20/07/2016 15:09:17] /up
[20/07/2016 15:09:18] /up
[20/07/2016 15:09:19] /up
[20/07/2016 15:09:22] /ghost
[20/07/2016 15:09:41] /c milennha
[20/07/2016 15:09:59] /ghost
[20/07/2016 15:10:00] /t
[20/07/2016 15:52:09] /god 8046
[20/07/2016 15:52:15] /god 8045
[20/07/2016 15:52:19] /god 8045
[20/07/2016 15:52:23] /god 8047
[20/07/2016 15:52:27] /r
[20/07/2016 15:52:28] /r
[20/07/2016 15:52:36] /god 1485
[20/07/2016 15:52:48] /god 6536
[20/07/2016 15:53:01] /god 8047
[20/07/2016 15:53:06] /a
[20/07/2016 15:53:11] /god 8047
[20/07/2016 15:54:48] /god area ultimate
[20/07/2016 15:56:12] /ghost
[20/07/2016 16:00:13] /ghost
[20/07/2016 16:14:20] /up
[20/07/2016 16:14:21] /up
[20/07/2016 16:14:21] /up
[20/07/2016 16:14:24] /c Shayt
[20/07/2016 16:14:25] /ghost
[20/07/2016 16:14:32] /attr gorup 7
[20/07/2016 16:14:48] /attr group 7
[20/07/2016 16:15:05] /ghost
[20/07/2016 16:18:09] /t
[20/07/2016 16:18:51] /a 5
[20/07/2016 16:18:54] /a
[20/07/2016 16:18:55] /a
[20/07/2016 16:19:00] /ghost
[20/07/2016 16:20:19] /a
[20/07/2016 16:20:20] /a
[20/07/2016 16:20:21] /a
[20/07/2016 16:20:22] /a
[20/07/2016 16:20:23] /a
[20/07/2016 16:20:23] /a
[20/07/2016 16:21:01] /a 5
[20/07/2016 16:21:02] /a 5
[20/07/2016 16:21:03] /a 5
[20/07/2016 16:21:08] /a 5
[20/07/2016 16:21:09] /a 5
[20/07/2016 16:21:10] /a 5
[20/07/2016 16:21:11] /a 5
[20/07/2016 16:21:29] /a 5
[20/07/2016 16:21:30] /a 5
[20/07/2016 16:21:31] /a 5
[20/07/2016 16:22:04] /t
[20/07/2016 16:22:09] /c Weverton sz
[20/07/2016 16:22:15] /attr gorup 7
[20/07/2016 16:22:17] /attr group 7
[20/07/2016 16:22:32] /a 5
[20/07/2016 16:22:33] /a 5
[20/07/2016 16:22:33] /a 5
[20/07/2016 16:22:35] /a 5
[20/07/2016 16:22:38] /a 4
[20/07/2016 16:22:40] /a
[20/07/2016 16:22:40] /a
[20/07/2016 16:22:41] /a
[20/07/2016 16:24:03] /ghost
[20/07/2016 16:25:12] /a
[20/07/2016 16:25:12] /a
[20/07/2016 16:25:13] /a
[20/07/2016 16:25:13] /a
[20/07/2016 16:25:13] /a
[20/07/2016 16:25:14] /a
[20/07/2016 16:25:14] /a
[20/07/2016 16:25:15] /a
[20/07/2016 16:25:16] /a
[20/07/2016 16:25:16] /a
[20/07/2016 16:25:17] /a
[20/07/2016 16:25:18] /a
[20/07/2016 16:25:18] /a
[20/07/2016 16:25:19] /a
[20/07/2016 16:25:19] /a
[20/07/2016 16:25:20] /a 5
[20/07/2016 16:25:21] /a 5
[20/07/2016 16:25:21] /a 5
[20/07/2016 16:25:22] /a 5
[20/07/2016 16:25:22] /a 5
[20/07/2016 16:25:23] /a 5
[20/07/2016 16:25:23] /a 5
[20/07/2016 16:25:24] /a 5
[20/07/2016 16:25:24] /a 5
[20/07/2016 16:25:25] /a 5
[20/07/2016 16:25:35] /a
[20/07/2016 16:26:10] /a
[20/07/2016 16:26:14] /a
[20/07/2016 16:27:44] /goto Keod
[20/07/2016 16:27:56] /t
[20/07/2016 16:28:53] /reload movements
[20/07/2016 16:29:21] /a 5
[20/07/2016 16:29:22] /a 5
[20/07/2016 16:29:34] /goto Grimm
[20/07/2016 16:30:11] /goto Weverton sz
[20/07/2016 16:32:57] /r
[20/07/2016 16:43:52] /up
[20/07/2016 16:43:53] /up
[20/07/2016 16:43:53] /up
[20/07/2016 16:43:57] /c guga
[20/07/2016 16:44:01] /god supreme vip
[20/07/2016 16:44:12] /t guga
[20/07/2016 16:44:14] /t
[20/07/2016 17:14:04] /t guga
[20/07/2016 17:27:58] /t
[20/07/2016 17:30:26] /goto Mileninha
[20/07/2016 17:30:31] /ghost
[20/07/2016 17:33:11] /ghost
[20/07/2016 17:33:12] /t
[20/07/2016 17:33:52] /goto Juzk
[20/07/2016 17:34:02] /t
[20/07/2016 17:34:28] /goto mileninha
[20/07/2016 17:34:43] /ghost
[20/07/2016 17:35:49] /n saco de pancada
[20/07/2016 17:36:11] /r
[20/07/2016 17:39:07] /attr gorpu 1
[20/07/2016 17:39:11] /attr group 1
[20/07/2016 17:40:27] /t Weverton sz
[20/07/2016 17:55:00] /c Zaion
[20/07/2016 17:55:41] /c Zaion
[20/07/2016 17:55:44] /t Female
[20/07/2016 17:55:55] /t Pally red
[20/07/2016 17:56:36] /c Pally red
[20/07/2016 17:56:51] /t Pally red
[20/07/2016 17:57:23] /a
[20/07/2016 17:57:24] /a
[20/07/2016 17:57:28] /c Pally red
[20/07/2016 17:57:34] /c female
[20/07/2016 17:57:59] /ghost
[20/07/2016 17:58:11] /goto ADM Shayt
[20/07/2016 17:58:32] /ghost
[20/07/2016 17:58:36] /ghost
[20/07/2016 17:58:44] /up
[20/07/2016 17:58:45] /up
[20/07/2016 17:58:45] /up
[20/07/2016 17:58:47] /ghost
[20/07/2016 17:58:49] /c Pally red
[20/07/2016 17:59:10] /attr set health 1000
[20/07/2016 17:59:15] /attr health 1000
[20/07/2016 17:59:51] /attr health,10000
[20/07/2016 18:00:07] /attr health 100000000000000000000
[20/07/2016 18:00:14] /info Pally red
[20/07/2016 18:00:57] /t Pally red
[20/07/2016 18:05:25] /c Pally red
[20/07/2016 18:05:47] /m boss da promotion
[20/07/2016 18:07:12] /r
[20/07/2016 18:08:51] /m boss da promotion
[20/07/2016 18:09:26] /r
[20/07/2016 18:09:30] /t Pally red
[20/07/2016 18:09:35] /c Weverton sz
[20/07/2016 18:09:59] /god supreme livro
[20/07/2016 18:10:05] /god supreme boots
[20/07/2016 18:10:21] /t Weverton sz
[20/07/2016 18:10:23] /clean
[20/07/2016 18:10:25] /ghost
[20/07/2016 18:10:26] /t
[20/07/2016 18:10:40] /goto ADM Shayt
[20/07/2016 18:12:16] /reload weapons
[20/07/2016 18:15:36] /ghost
[20/07/2016 18:15:43] /newtype 75
[20/07/2016 18:15:45] /newtype 76
[20/07/2016 18:15:47] /newtype 77
[20/07/2016 18:15:49] /newtype 127
[20/07/2016 18:15:51] /newtype 128
[20/07/2016 18:15:52] /newtype 129
[20/07/2016 18:15:54] /newtype 127
[20/07/2016 18:15:55] /newtype 130
[20/07/2016 18:16:18] /newtype 134
[20/07/2016 18:16:19] /newtype 135
[20/07/2016 18:16:20] /newtype 136
[20/07/2016 18:16:21] /newtype 137
[20/07/2016 18:16:22] /newtype 138
[20/07/2016 18:16:24] /newtype 139
[20/07/2016 18:16:26] /newtype 140
[20/07/2016 18:16:28] /newtype 141
[20/07/2016 18:16:28] /newtype 142
[20/07/2016 18:16:29] /newtype 143
[20/07/2016 18:16:31] /newtype 144
[20/07/2016 18:16:32] /newtype 145
[20/07/2016 18:16:33] /newtype 146
[20/07/2016 18:16:34] /newtype 147
[20/07/2016 18:16:34] /newtype 148
[20/07/2016 18:16:36] /newtype 149
[20/07/2016 18:16:37] /newtype 150
[20/07/2016 18:16:38] /newtype 151
[20/07/2016 18:16:39] /newtype 152
[20/07/2016 18:16:40] /newtype 153
[20/07/2016 18:16:41] /newtype 154
[20/07/2016 18:16:42] /newtype 155
[20/07/2016 18:16:43] /newtype 156
[20/07/2016 18:16:44] /newtype 157
[20/07/2016 18:16:46] /newtype 158
[20/07/2016 18:16:47] /newtype 159
[20/07/2016 18:16:50] /newtype 160
[20/07/2016 18:16:51] /newtype 161
[20/07/2016 18:16:52] /newtype 162
[20/07/2016 18:16:53] /newtype 163
[20/07/2016 18:16:54] /newtype 164
[20/07/2016 18:16:55] /newtype 166
[20/07/2016 18:16:57] /newtype 170
[20/07/2016 18:16:59] /newtype 175
[20/07/2016 18:17:01] /newtype 180
[20/07/2016 18:17:02] /newtype 190
[20/07/2016 18:17:06] /newtype 200
[20/07/2016 18:17:07] /newtype 201
[20/07/2016 18:17:09] /newtype 202
[20/07/2016 18:17:10] /newtype 203
[20/07/2016 18:17:11] /newtype 204
[20/07/2016 18:17:12] /newtype 205
[20/07/2016 18:17:13] /newtype 206
[20/07/2016 18:17:14] /newtype 207
[20/07/2016 18:17:15] /newtype 208
[20/07/2016 18:17:16] /newtype 209
[20/07/2016 18:17:19] /newtype 210
[20/07/2016 18:17:20] /newtype 211
[20/07/2016 18:17:21] /newtype 212
[20/07/2016 18:17:22] /newtype 213
[20/07/2016 18:17:23] /newtype 214
[20/07/2016 18:17:24] /newtype 215
[20/07/2016 18:17:25] /newtype 216
[20/07/2016 18:17:26] /newtype 217
[20/07/2016 18:17:27] /newtype 218
[20/07/2016 18:17:28] /newtype 219
[20/07/2016 18:17:29] /newtype 220
[20/07/2016 18:17:31] /newtype 221
[20/07/2016 18:17:32] /newtype 222
[20/07/2016 18:17:33] /newtype 223
[20/07/2016 18:17:34] /newtype 224
[20/07/2016 18:17:36] /newtype 225
[20/07/2016 18:17:37] /newtype 226
[20/07/2016 18:17:38] /newtype 227
[20/07/2016 18:17:39] /newtype 228
[20/07/2016 18:17:40] /newtype 229
[20/07/2016 18:17:42] /newtype 230
[20/07/2016 18:17:44] /newtype 231
[20/07/2016 18:17:45] /newtype 232
[20/07/2016 18:17:46] /newtype 233
[20/07/2016 18:17:47] /newtype 234
[20/07/2016 18:17:48] /newtype 235
[20/07/2016 18:17:50] /newtype 236
[20/07/2016 18:17:51] /newtype 237
[20/07/2016 18:17:52] /newtype 238
[20/07/2016 18:17:53] /newtype 239
[20/07/2016 18:17:57] /newtype 240
[20/07/2016 18:17:58] /newtype 241
[20/07/2016 18:17:59] /newtype 242
[20/07/2016 18:18:00] /newtype 243
[20/07/2016 18:18:01] /newtype 244
[20/07/2016 18:18:02] /newtype 245
[20/07/2016 18:18:03] /newtype 246
[20/07/2016 18:18:04] /newtype 247
[20/07/2016 18:18:06] /newtype 248
[20/07/2016 18:18:07] /newtype 249
[20/07/2016 18:18:09] /newtype 250
[20/07/2016 18:18:10] /newtype 251
[20/07/2016 18:18:11] /newtype 252
[20/07/2016 18:18:12] /newtype 253
[20/07/2016 18:18:14] /newtype 254
[20/07/2016 18:18:15] /newtype 255
[20/07/2016 18:18:16] /newtype 256
[20/07/2016 18:18:17] /newtype 257
[20/07/2016 18:18:19] /newtype 258
[20/07/2016 18:18:20] /newtype 259
[20/07/2016 18:18:21] /newtype 260
[20/07/2016 18:18:22] /newtype 261
[20/07/2016 18:18:23] /newtype 262
[20/07/2016 18:18:24] /newtype 263
[20/07/2016 18:18:25] /newtype 264
[20/07/2016 18:18:27] /newtype 265
[20/07/2016 18:18:28] /newtype 266
[20/07/2016 18:18:30] /newtype 267
[20/07/2016 18:18:31] /newtype 268
[20/07/2016 18:18:33] /newtype 269
[20/07/2016 18:18:35] /newtype 270
[20/07/2016 18:18:36] /newtype 271
[20/07/2016 18:18:37] /newtype 272
[20/07/2016 18:18:38] /newtype 273
[20/07/2016 18:18:40] /newtype 274
[20/07/2016 18:18:41] /newtype 275
[20/07/2016 18:18:42] /newtype 276
[20/07/2016 18:18:43] /newtype 277
[20/07/2016 18:18:44] /newtype 278
[20/07/2016 18:18:46] /newtype 279
[20/07/2016 18:18:47] /newtype 280
[20/07/2016 18:18:49] /newtype 281
[20/07/2016 18:18:50] /newtype 282
[20/07/2016 18:18:51] /newtype 283
[20/07/2016 18:18:52] /newtype 284
[20/07/2016 18:18:53] /newtype 285
[20/07/2016 18:18:55] /newtype 286
[20/07/2016 18:18:56] /newtype 287
[20/07/2016 18:18:57] /newtype 288
[20/07/2016 18:18:58] /newtype 289
[20/07/2016 18:19:00] /newtype 290
[20/07/2016 18:19:01] /newtype 291
[20/07/2016 18:19:02] /newtype 292
[20/07/2016 18:19:04] /newtype 293
[20/07/2016 18:19:05] /newtype 294
[20/07/2016 18:19:06] /newtype 295
[20/07/2016 18:19:07] /newtype 296
[20/07/2016 18:19:09] /newtype 297
[20/07/2016 18:19:10] /newtype 298
[20/07/2016 18:19:11] /newtype 299
[20/07/2016 18:19:14] /newtype 30
[20/07/2016 18:19:15] /newtype 300
[20/07/2016 18:19:16] /newtype 301
[20/07/2016 18:19:17] /newtype 302
[20/07/2016 18:19:19] /newtype 303
[20/07/2016 18:19:20] /newtype 304
[20/07/2016 18:19:21] /newtype 305
[20/07/2016 18:19:22] /newtype 306
[20/07/2016 18:19:23] /newtype 307
[20/07/2016 18:19:24] /newtype 308
[20/07/2016 18:19:26] /newtype 309
[20/07/2016 18:19:28] /newtype 310
[20/07/2016 18:19:29] /newtype 311
[20/07/2016 18:19:30] /newtype 312
[20/07/2016 18:19:31] /newtype 313
[20/07/2016 18:19:32] /newtype 314
[20/07/2016 18:19:34] /newtype 315
[20/07/2016 18:19:35] /newtype 316
[20/07/2016 18:19:36] /newtype 317
[20/07/2016 18:19:37] /newtype 318
[20/07/2016 18:19:38] /newtype 319
[20/07/2016 18:19:41] /newtype 320
[20/07/2016 18:19:44] /newtype 321
[20/07/2016 18:19:45] /newtype 322
[20/07/2016 18:19:46] /newtype 323
[20/07/2016 18:19:47] /newtype 324
[20/07/2016 18:19:48] /newtype 325
[20/07/2016 18:19:49] /newtype 326
[20/07/2016 18:19:50] /newtype 327
[20/07/2016 18:19:51] /newtype 328
[20/07/2016 18:19:53] /newtype 329
[20/07/2016 18:19:55] /newtype 330
[20/07/2016 18:19:58] /newtype 331
[20/07/2016 18:20:01] /newtype 332
[20/07/2016 18:21:01] /goto Juzk
[20/07/2016 18:22:13] /c Juzk
[20/07/2016 18:23:09] /t
[20/07/2016 18:23:16] /ghost
[20/07/2016 18:23:36] /ghost
[20/07/2016 18:23:43] /ghost
[20/07/2016 18:23:48] /ghost
[20/07/2016 18:25:14] /newtype 329
[20/07/2016 18:25:16] /newtype 330
[20/07/2016 18:25:18] /newtype 331
[20/07/2016 18:25:25] /newtype 332
[20/07/2016 18:27:25] /goto ADM Princesa
[20/07/2016 18:27:31] /ghost
[20/07/2016 18:28:27] /goto Weverton sz
[20/07/2016 18:29:00] /ghost
[20/07/2016 18:29:25] /god 6536
[20/07/2016 18:29:41] /ghost
[20/07/2016 18:29:42] /t
[20/07/2016 18:32:35] /newtype 322
[20/07/2016 18:32:37] /ghost
[20/07/2016 18:33:01] /newtype 321
[20/07/2016 18:33:26] /goto ADM Princesa
[20/07/2016 18:33:35] /newtype 320
[20/07/2016 18:33:38] /newtype 331
[20/07/2016 18:33:39] /newtype 332
[20/07/2016 18:36:00] /ghost
[20/07/2016 18:36:46] /c ADM Princesa
[20/07/2016 18:37:13] /ghost
[20/07/2016 18:38:07] /ghost
[20/07/2016 18:39:18] /reload actions
[20/07/2016 18:40:22] /goto ADM Princesa
[20/07/2016 18:40:26] /ghost
[20/07/2016 18:42:12] /ghost
[20/07/2016 18:42:13] /t
[20/07/2016 18:50:18] /ghost
[20/07/2016 18:50:57] /ghost
[20/07/2016 19:59:07] /closeserver
[20/07/2016 19:59:29] /ghost
[20/07/2016 20:02:14] /reload globalevent
[20/07/2016 20:02:24] /c ADM Shayt
[20/07/2016 20:07:03] /god 1486
[20/07/2016 20:07:05] /r
[20/07/2016 20:07:07] /god 1485
[20/07/2016 20:07:09] /r
[20/07/2016 20:07:13] /god god staff
[20/07/2016 20:09:07] /r
[20/07/2016 20:12:04] /newtype 331
[20/07/2016 20:12:16] /newtype 330
[20/07/2016 20:12:17] /newtype 332
[20/07/2016 20:12:23] /newtype 334
[20/07/2016 20:12:26] /newtype 333
[20/07/2016 20:12:27] /newtype 332
[20/07/2016 20:12:39] /newtype ADM Shayt,331
[20/07/2016 20:12:44] /newtype ADM Shayt 331
[20/07/2016 20:13:02] /newtype 331,ADM Shayt
[20/07/2016 20:14:38] /newtype 127
[20/07/2016 20:14:43] /newtype 126
[20/07/2016 20:14:44] /newtype 127
[20/07/2016 20:25:52] /ghost
[20/07/2016 20:27:27] /c adm princesa
[20/07/2016 20:27:34] /closeserver
[20/07/2016 20:32:23] /t
[20/07/2016 20:32:39] /closeserver
[20/07/2016 20:32:46] /goto adm princesa
[20/07/2016 20:35:57] /reload globalevent
[20/07/2016 20:38:20] /goto ADM Princesa
[20/07/2016 20:39:39] /newtype 133,ADM Princesa
[20/07/2016 20:40:12] /goto ADM Princesa
[20/07/2016 20:44:57] /goto ADM Princesa
[20/07/2016 20:45:58] /attr storage
[20/07/2016 20:46:02] /attr storage 35400
[20/07/2016 20:47:15] /r
[20/07/2016 20:48:01] /goto ADM Princesa
[20/07/2016 20:48:02] /goto ADM Princesa
[20/07/2016 20:48:03] /goto ADM Princesa
[20/07/2016 20:48:04] /t
[20/07/2016 20:48:08] /goto ADM Princesa
[20/07/2016 20:48:19] /goto  ADM Princesa
[20/07/2016 20:48:23] /goto ADM Princesa
[20/07/2016 20:48:30] /goto  ADM Princesa
[20/07/2016 20:49:42] /r
[20/07/2016 20:51:03] /god 2121
[20/07/2016 20:51:18] /attr desciption  ADM Princesa
[20/07/2016 20:51:24] /attr desciption, ADM Princesa
[20/07/2016 20:51:32] /attr set desciption, ADM Princesa
[20/07/2016 20:51:40] /attr name
[20/07/2016 20:53:57] /attr set name
[20/07/2016 20:54:02] /attr set name GM Ciroc
[20/07/2016 20:54:15] /attr set name ADM Princesa
[20/07/2016 20:54:22] /attr set name Princesa
[20/07/2016 20:54:55] /god 2121
[20/07/2016 20:55:03] /attr set name ciroc
[20/07/2016 20:55:11] /attr set name Ciroc
[20/07/2016 20:55:43] /god 21122
[20/07/2016 20:55:47] /god 2122
[20/07/2016 20:57:58] /m demon
[20/07/2016 20:58:04] /r
[20/07/2016 20:59:21] /god 2668
[20/07/2016 20:59:58] /god 2676
[20/07/2016 21:02:22] /r
[20/07/2016 21:02:24] /r
[20/07/2016 21:02:36] /r
[20/07/2016 21:03:42] /up
[20/07/2016 21:05:13] /goto ADM Princesa
[20/07/2016 21:06:00] /n saco de pancada
[20/07/2016 21:06:59] /god 2472
[20/07/2016 21:07:13] /r
[20/07/2016 21:13:42] /r 100
[20/07/2016 21:14:30] /n dark rodo
[20/07/2016 21:14:33] /r
[20/07/2016 21:28:06] /reload actions
[20/07/2016 21:28:39] /reload actions
[20/07/2016 21:31:37] /reload actions
[20/07/2016 21:32:02] /reload actions
[20/07/2016 21:34:06] /reload actions
[20/07/2016 21:34:12] /save
[20/07/2016 21:36:32] /closeserver
[20/07/2016 21:36:45] /openserver
[20/07/2016 21:39:11] /reload globalevent
[20/07/2016 21:40:25] /c Pato Donald 
[20/07/2016 21:43:13] /goto Pally red
[20/07/2016 21:43:24] /a
[20/07/2016 21:45:11] /info Pally red
[20/07/2016 21:45:35] /r
[20/07/2016 21:48:44] /t
[20/07/2016 21:49:39] /save
[21/07/2016 09:49:06] /ghost
[21/07/2016 09:49:34] /god 12385
[21/07/2016 09:50:23] /r
[21/07/2016 09:51:47] /reload spells
[21/07/2016 09:52:01] /a
[21/07/2016 09:52:04] /ghost
[21/07/2016 09:52:06] /a
[21/07/2016 09:52:07] /a
[21/07/2016 09:52:07] /a
[21/07/2016 09:52:07] /a
[21/07/2016 09:52:09] /a
[21/07/2016 09:52:09] /a
[21/07/2016 09:52:10] /a
[21/07/2016 09:52:10] /a
[21/07/2016 09:52:10] /a
[21/07/2016 09:52:19] /t
[21/07/2016 09:52:27] /r
[21/07/2016 09:52:29] /r
[21/07/2016 09:52:31] /r
[21/07/2016 09:52:40] /t
[21/07/2016 09:52:42] /r
[21/07/2016 09:53:27] /ghost
[21/07/2016 10:08:40] /ghost
[21/07/2016 10:08:41] /c Juninhow
[21/07/2016 10:08:42] /c Juninhow
[21/07/2016 10:09:56] /attr action 14578
[21/07/2016 10:10:14] /t
[21/07/2016 10:10:23] /attr action 14578
[21/07/2016 10:10:27] /t
[21/07/2016 10:10:34] /attr action 14578
[21/07/2016 10:10:37] /attr action 0
[21/07/2016 10:10:42] /t
[21/07/2016 10:11:23] /t
[21/07/2016 10:12:16] /reload globalevent
[21/07/2016 10:14:49] /ghost
[21/07/2016 10:38:55] /god 6571
[21/07/2016 10:39:02] /r
[21/07/2016 10:39:10] /god present bag
[21/07/2016 10:45:54] /b galeta ot ja volta
[21/07/2016 10:45:56] /b galeta ot ja volta
[21/07/2016 10:46:02] /b galera ot ja volta
[21/07/2016 10:46:03] /b galera ot ja volta
[21/07/2016 10:46:05] /save
[21/07/2016 10:48:24] /god 11060
[21/07/2016 10:51:07] /reload globalevent
[21/07/2016 10:51:56] /reload globalevent
[21/07/2016 10:52:30] /reload globalevent
[21/07/2016 10:53:16] /ghost
[21/07/2016 10:54:14] /ghost
[21/07/2016 11:00:14] /reload actions
[21/07/2016 11:00:46] /reload actions
[21/07/2016 11:00:49] /ghost
[21/07/2016 11:01:32] /reload actions
[21/07/2016 11:01:51] /reload actions
[21/07/2016 11:02:35] /reload actions
[21/07/2016 11:02:55] /reload actions
[21/07/2016 11:03:35] /reload actions
[21/07/2016 11:04:52] /ghost
[21/07/2016 11:09:19] /ghost
[21/07/2016 11:11:55] /t
[21/07/2016 11:12:44] /ghost
[21/07/2016 11:14:54] /r
[21/07/2016 11:15:27] /t Jo'ker
[21/07/2016 11:15:35] /god 5771
[21/07/2016 11:16:17] /attr action 13079
[21/07/2016 11:16:19] /attr action 13079
[21/07/2016 11:16:21] /attr action 13079
[21/07/2016 11:16:22] /attr action 13079
[21/07/2016 11:16:23] /attr action 13079
[21/07/2016 11:16:24] /attr action 13079
[21/07/2016 11:16:26] /attr action 13079
[21/07/2016 11:16:26] /attr action 13079
[21/07/2016 11:16:30] /attr action 13079
[21/07/2016 11:27:14] /up
[21/07/2016 11:27:14] /up
[21/07/2016 11:27:15] /up
[21/07/2016 11:27:17] /c guga
[21/07/2016 11:27:19] /c adm orion
[21/07/2016 11:32:09] /c Gunx
[21/07/2016 11:32:31] /addskill Gunx,level,100
[21/07/2016 11:32:55] /c Gunx
[21/07/2016 11:33:47] /reload config
[21/07/2016 11:52:59] /ghost
[21/07/2016 11:53:06] /reload actions
[21/07/2016 11:53:14] /ghost
[21/07/2016 11:53:15] /t
[21/07/2016 11:56:54] /reload spells
[21/07/2016 11:59:30] /attr action 13079
[21/07/2016 11:59:31] /attr action 13079
[21/07/2016 11:59:32] /attr action 13079
[21/07/2016 11:59:33] /attr action 13079
[21/07/2016 11:59:34] /attr action 13079
[21/07/2016 11:59:35] /attr action 13079
[21/07/2016 11:59:36] /attr action 13079
[21/07/2016 11:59:37] /attr action 13079
[21/07/2016 11:59:39] /attr action 13079
[21/07/2016 11:59:40] /attr action 13079
[21/07/2016 11:59:41] /attr action 13079
[21/07/2016 11:59:43] /attr action 13079
[21/07/2016 11:59:45] /attr action 13079
[21/07/2016 12:03:58] /reload spells
[21/07/2016 12:04:52] /reload spells
[21/07/2016 12:06:06] /reload spells
[21/07/2016 12:09:18] /ghost
[21/07/2016 12:09:32] /m treiner
[21/07/2016 12:10:43] /r
[21/07/2016 12:11:13] /reload spells
[21/07/2016 12:11:16] /m treiner
[21/07/2016 12:11:34] /r
[21/07/2016 12:11:55] /goto Teste
[21/07/2016 12:11:57] /t
[21/07/2016 12:12:05] /goto Bobs Kina
[21/07/2016 12:12:07] /goto Bobs Kina
[21/07/2016 12:12:15] /goto Bobs Kina
[21/07/2016 12:12:16] /goto Bobs Kina
[21/07/2016 12:12:17] /goto Bobs Kina
[21/07/2016 12:12:28] /m treiner
[21/07/2016 12:14:42] /reload spells
[21/07/2016 12:15:42] /reload spells
[21/07/2016 12:16:36] /r
[21/07/2016 12:16:44] /ghost
[21/07/2016 12:16:44] /t
[21/07/2016 12:17:17] /reload spells
[21/07/2016 14:48:24] /reload all
[21/07/2016 14:54:16] /reload action
[21/07/2016 14:54:52] /b galera vo abrir o novo evento batlefield para testar
[21/07/2016 14:55:13] /b tp do evento ta no templo
[21/07/2016 14:55:14] /b tp do evento ta no templo
[21/07/2016 14:55:20] /b tp do evento ta no templo
[21/07/2016 14:55:24] /r
[21/07/2016 14:56:03] /b falta 1 player
[21/07/2016 14:56:16] /t
[21/07/2016 14:56:19] /b ueheuheueheu
[21/07/2016 14:56:51] /b falei q ia abrir pra testar
[21/07/2016 15:13:10] /up
[21/07/2016 15:13:11] /up
[21/07/2016 15:13:12] /up
[21/07/2016 15:13:14] /c Kina Lotter
[21/07/2016 15:13:18] /ghost
[21/07/2016 15:13:26] /attr gorup 7
[21/07/2016 15:13:34] /attr group 7
[21/07/2016 15:14:24] /r
[21/07/2016 15:14:31] /ghost
[21/07/2016 15:14:32] /t
[21/07/2016 15:44:34] /goto GM Black Label
[21/07/2016 15:45:19] /t
[21/07/2016 16:28:35] /goto Bobs Kina
[21/07/2016 16:28:37] /t
[21/07/2016 16:33:18] /up
[21/07/2016 16:33:19] /up
[21/07/2016 16:33:19] /up
[21/07/2016 16:33:26] /god 9195
[21/07/2016 16:33:28] /r
[21/07/2016 16:33:39] /god 926
[21/07/2016 16:35:09] /t
[21/07/2016 16:35:40] /ghost
[21/07/2016 16:36:31] /ghost
[21/07/2016 16:39:07] /t
[21/07/2016 16:55:21] /r
[21/07/2016 17:06:01] /goto ADM Shayt
[21/07/2016 17:06:05] /t
[21/07/2016 17:06:33] /ghost
[21/07/2016 17:09:05] /ghost
[21/07/2016 18:36:52] /god 11060
[21/07/2016 18:37:09] /god 12385
[21/07/2016 18:38:25] /info GM Ciroc
[21/07/2016 18:38:31] /info GM Ciroc
[21/07/2016 18:38:37] /info GM Ciroc
[21/07/2016 18:38:41] /info GM Ciroc
[21/07/2016 18:38:45] /info GM Ciroc
[21/07/2016 19:08:08] /b galera vo iniciar o evento bf
[21/07/2016 19:08:10] /b galera vo iniciar o evento bf
[21/07/2016 19:08:11] /b galera vo iniciar o evento bf
[21/07/2016 19:08:16] /b galera vo iniciar o evento bf
[21/07/2016 19:09:00] /ghost
[21/07/2016 19:09:37] /b evento bf clan falta so 4 player
[21/07/2016 19:10:09] /a
[21/07/2016 19:12:54] /ghost
[21/07/2016 19:13:53] /t
[21/07/2016 19:14:13] /b falta 4 player pro evento galera
[21/07/2016 19:14:14] /b falta 4 player pro evento galera
[21/07/2016 19:14:49] /b 3 player
[21/07/2016 19:15:01] /goto Test-k
[21/07/2016 19:15:03] /t
[21/07/2016 19:15:22] /goto [Svip] Oozikabruta
[21/07/2016 19:15:34] /t
[21/07/2016 19:16:07] /goto [Svip] Oozikabruta
[21/07/2016 19:16:10] /ghost
[21/07/2016 19:16:12] /m treiner
[21/07/2016 19:17:02] /r
[21/07/2016 19:17:18] /r
[21/07/2016 19:17:20] /ghost
[21/07/2016 19:17:30] /b pra ganhar o evento tem q pegar a bandeira
[21/07/2016 19:17:48] /ghost
[21/07/2016 19:18:41] /a 2
[21/07/2016 19:19:11] /c Jo'ker
[21/07/2016 19:19:35] /ghost
[21/07/2016 19:19:37] /t
[21/07/2016 19:19:43] /b galera ja sei oq é
[21/07/2016 19:19:50] /save
[21/07/2016 19:43:21] /god 4848
[21/07/2016 19:43:51] /b pera ae clan a ultimate staff ta bugada
[21/07/2016 19:43:54] /up
[21/07/2016 19:43:56] /up
[21/07/2016 19:43:56] /up
[21/07/2016 19:43:59] /ghost
[21/07/2016 19:47:53] /reload weapons
[21/07/2016 19:47:59] /m treiner
[21/07/2016 19:48:07] /save
[21/07/2016 20:24:56] /ghost
[21/07/2016 20:24:57] /t
[21/07/2016 20:25:23] /god 11060
[21/07/2016 20:25:26] /ghost
[21/07/2016 20:27:18] /a 5
[21/07/2016 20:27:28] /c Strong
[21/07/2016 20:27:49] /a 5
[21/07/2016 20:27:51] /t
[21/07/2016 20:32:25] /b ultima vez galera
[21/07/2016 20:32:28] /save
[21/07/2016 20:38:17] /reload weapons
[21/07/2016 20:38:23] /b pera
[21/07/2016 20:38:24] /save
[21/07/2016 20:41:51] /ghost
[21/07/2016 20:45:25] /m treiner
[21/07/2016 20:46:12] /up
[21/07/2016 20:46:13] /up
[21/07/2016 20:46:13] /up
[21/07/2016 20:46:14] /up
[21/07/2016 20:46:16] /down
[21/07/2016 20:46:55] /c
[21/07/2016 20:46:58] /c Pally red
[21/07/2016 20:47:14] /god exp 7
[21/07/2016 20:47:20] /god 6436
[21/07/2016 20:47:24] /r
[21/07/2016 20:47:27] /t
[21/07/2016 20:47:32] /goto Pally red
[21/07/2016 20:47:35] /god exp 7X
[21/07/2016 20:47:42] /god card exp 5x
[21/07/2016 20:48:22] /god exp 7X
[21/07/2016 20:48:28] /t Pally red
[21/07/2016 20:48:41] /c Psy Bila
[21/07/2016 20:49:09] /ghost
[21/07/2016 20:49:10] /t
[21/07/2016 20:55:26] /r
[21/07/2016 20:56:31] /ghost
[21/07/2016 20:57:02] /attr action 13079
[21/07/2016 20:57:48] /ghost
[21/07/2016 21:02:51] /god 6105
[21/07/2016 21:03:00] /god exp 7X
[21/07/2016 21:03:01] /god exp 7X
[21/07/2016 21:03:05] /c Mestre druida
[21/07/2016 21:03:24] /t Mestre druida
[21/07/2016 21:03:31] /c adm princesa
[21/07/2016 21:03:36] /ghost
[21/07/2016 21:03:47] /god 6105
[21/07/2016 21:06:41] /attr action 13079
[21/07/2016 21:08:50] /attr action 0
[21/07/2016 21:12:24] /m treiner
[21/07/2016 21:12:39] /r
[21/07/2016 21:13:31] /r
[21/07/2016 21:13:52] /r
[21/07/2016 21:17:04] /ghost
[21/07/2016 21:25:04] /save
[21/07/2016 22:01:36] /ghost
[21/07/2016 22:01:40] /ghost
[21/07/2016 22:02:37] /cliport
[21/07/2016 22:03:45] /god 11060
[21/07/2016 22:04:11] /ghost
[22/07/2016 09:24:44] /t
[22/07/2016 09:27:51] /reload globalevent
[22/07/2016 09:29:21] /reload globalevent
[22/07/2016 09:32:06] /ghost
[22/07/2016 09:32:16] /reload globalevent
[22/07/2016 09:34:39] /god 11060
[22/07/2016 09:34:45] /god 11094
[22/07/2016 09:42:23] /ghost
[22/07/2016 09:45:14] /ghost
[22/07/2016 09:49:23] /reload globalevent
[22/07/2016 09:51:19] /reload globalevent
[22/07/2016 09:52:13] /reload globalevent
[22/07/2016 09:53:26] /reload globalevent
[22/07/2016 09:53:50] /ghost
[22/07/2016 09:55:57] /t
[22/07/2016 09:58:49] /goto event zombie
[22/07/2016 09:58:56] /goto event zombie
[22/07/2016 09:58:57] /goto event zombie
[22/07/2016 09:58:57] /goto event zombie
[22/07/2016 09:58:59] /goto event zombie
[22/07/2016 09:59:01] /r
[22/07/2016 09:59:02] /goto event zombie
[22/07/2016 09:59:03] /goto event zombie
[22/07/2016 09:59:04] /goto event zombie
[22/07/2016 09:59:07] /a
[22/07/2016 09:59:08] /r
[22/07/2016 09:59:09] /r
[22/07/2016 09:59:11] /r
[22/07/2016 09:59:13] /r
[22/07/2016 09:59:13] /r
[22/07/2016 09:59:15] /r
[22/07/2016 09:59:16] /r
[22/07/2016 09:59:18] /r
[22/07/2016 09:59:19] /r
[22/07/2016 09:59:20] /r
[22/07/2016 09:59:22] /r
[22/07/2016 09:59:22] /r
[22/07/2016 09:59:24] /r
[22/07/2016 09:59:25] /r
[22/07/2016 09:59:27] /goto event zombie
[22/07/2016 09:59:28] /goto event zombie
[22/07/2016 09:59:30] /t
[22/07/2016 10:00:04] /t
[22/07/2016 10:00:07] /r
[22/07/2016 10:00:14] /t Mestre druida
[22/07/2016 10:00:24] /t jo'ker
[22/07/2016 10:00:26] /ghost
[22/07/2016 10:04:44] /r
[22/07/2016 10:04:49] /r
[22/07/2016 10:06:54] /reload globalevent
[22/07/2016 10:08:06] /reload globalevent
[22/07/2016 10:10:20] /ghost
[22/07/2016 10:12:33] /goto event zombie
[22/07/2016 10:12:35] /goto event zombie
[22/07/2016 10:12:35] /goto event zombie
[22/07/2016 10:12:37] /r
[22/07/2016 10:12:38] /r
[22/07/2016 10:12:39] /r
[22/07/2016 10:12:44] /r
[22/07/2016 10:12:46] /r
[22/07/2016 10:12:49] /r
[22/07/2016 10:12:51] /r
[22/07/2016 10:12:53] /r
[22/07/2016 10:12:54] /r
[22/07/2016 10:12:56] /goto event zombie
[22/07/2016 10:13:56] /t
[22/07/2016 10:13:59] /r
[22/07/2016 10:14:06] /goto Gunx
[22/07/2016 10:15:11] /c ADM Orion
[22/07/2016 10:15:37] /t ADM Orion
[22/07/2016 10:15:47] /c ADM Orion
[22/07/2016 10:17:52] /reload globalevent
[22/07/2016 10:18:38] /god 11060
[22/07/2016 10:19:43] /ghost
[22/07/2016 10:32:29] /god 2700
[22/07/2016 10:32:31] /r
[22/07/2016 10:32:49] /god 1387
[22/07/2016 10:32:50] /r
[22/07/2016 10:52:18] /ghost
[22/07/2016 10:52:42] /b ot ja volta
[22/07/2016 10:52:42] /b ot ja volta
[22/07/2016 10:52:44] /save
[22/07/2016 10:55:43] /reload globalevent
[22/07/2016 10:56:08] /ghost
[22/07/2016 10:57:24] /reload globalevent
[22/07/2016 10:58:05] /reload globalevent
[22/07/2016 10:58:56] /reload creaturescripts
[22/07/2016 11:02:03] /ghost
[22/07/2016 11:02:05] /ghost
[22/07/2016 11:02:24] /ghost
[22/07/2016 11:02:49] /reload movements
[22/07/2016 11:03:08] /zombie 2
[22/07/2016 11:03:16] /ghost
[22/07/2016 11:03:26] /goto Strong
[22/07/2016 11:03:54] /goto Strong
[22/07/2016 11:03:56] /goto Strong
[22/07/2016 11:03:56] /goto Strong
[22/07/2016 11:04:31] /goto zombie event
[22/07/2016 11:04:36] /m zombie event
[22/07/2016 11:04:43] /m zombie event
[22/07/2016 11:04:49] /m zombie event
[22/07/2016 11:04:53] /goto zombie event
[22/07/2016 11:04:58] /reload monster
[22/07/2016 11:07:12] /zombie off
[22/07/2016 11:09:24] /m zombie event
[22/07/2016 11:10:20] /reload monster
[22/07/2016 11:10:51] /m Zombie Event
[22/07/2016 11:11:28] /reload monster
[22/07/2016 11:11:33] /m Zombie Event
[22/07/2016 11:11:45] /r
[22/07/2016 11:11:51] /zombie off
[22/07/2016 11:11:53] /zombie 
[22/07/2016 11:11:55] /zombie 2
[22/07/2016 11:12:00] /zombie off 2
[22/07/2016 11:12:04] /zombie fechar
[22/07/2016 11:13:52] /reload globalevent
[22/07/2016 11:14:20] /reload monster
[22/07/2016 11:14:24] /m zombie event
[22/07/2016 11:14:27] /r
[22/07/2016 11:14:31] /goto zombievent
[22/07/2016 11:14:34] /goto zombie event
[22/07/2016 11:14:45] /goto zombie event
[22/07/2016 11:14:46] /goto zombie event
[22/07/2016 11:14:46] /goto zombie event
[22/07/2016 11:14:52] /r
[22/07/2016 11:14:54] /r
[22/07/2016 11:14:55] /r
[22/07/2016 11:14:57] /goto zombie event
[22/07/2016 11:14:59] /r
[22/07/2016 11:15:00] /r
[22/07/2016 11:15:06] /r
[22/07/2016 11:15:14] /c Juninhow
[22/07/2016 11:15:24] /r
[22/07/2016 11:15:26] /goto Juninhow
[22/07/2016 11:15:41] /addskill Juninhow,level,100
[22/07/2016 11:15:56] /zombie
[22/07/2016 11:15:58] /zombie 10
[22/07/2016 11:16:02] /zombie restart
[22/07/2016 11:18:54] /ghost
[22/07/2016 11:40:21] /ghost
[22/07/2016 11:43:05] /god 11060
[22/07/2016 11:43:13] /god 11094
[22/07/2016 11:55:13] /ghost
[22/07/2016 11:57:27] /ghost
[22/07/2016 11:58:59] /ghost
[22/07/2016 12:06:00] /goto Galo Cego
[22/07/2016 12:19:35] /reload spells
[22/07/2016 12:19:53] /r
[22/07/2016 12:19:54] /r
[22/07/2016 12:20:04] /ghost
[22/07/2016 12:21:22] /reload spells
[22/07/2016 12:23:09] /ghost
[22/07/2016 12:25:43] /r
[22/07/2016 12:34:12] /save
[22/07/2016 13:55:05] /goto Test-k
[22/07/2016 13:55:11] /t
[22/07/2016 13:57:13] /ghost
[22/07/2016 14:00:03] /ghost
[22/07/2016 14:01:18] /t
[22/07/2016 14:01:21] /ghost
[22/07/2016 14:02:19] /ghost
[22/07/2016 14:30:44] /up
[22/07/2016 14:30:45] /up
[22/07/2016 14:30:46] /up
[22/07/2016 14:30:51] /c novato
[22/07/2016 14:30:53] /ghost
[22/07/2016 14:33:19] /c novato
[22/07/2016 14:33:55] /c novato
[22/07/2016 14:38:16] /c novato
[22/07/2016 14:42:28] /c novato
[22/07/2016 14:45:52] /goto Pumpkin
[22/07/2016 14:46:27] /goto novato
[22/07/2016 14:48:17] /goto ADM Orion
[22/07/2016 14:48:46] /goto novato
[22/07/2016 14:52:40] /t
[22/07/2016 14:52:51] /goto novato
[22/07/2016 14:57:50] /god tp rosa
[22/07/2016 14:58:11] /r
[22/07/2016 14:58:13] /god tp preto
[22/07/2016 14:58:26] /r
[22/07/2016 15:01:42] /attr 6001
[22/07/2016 15:01:53] /attr action 6001
[22/07/2016 15:04:02] /reload globalevent
[22/07/2016 15:06:21] /goto Novato
[22/07/2016 15:06:34] /t
[22/07/2016 15:11:32] /attr action 14578
[22/07/2016 15:11:43] /goto Woonder
[22/07/2016 15:11:45] /t
[22/07/2016 15:12:31] /c Wonder Kina
[22/07/2016 15:13:13] /god ultimate sword
[22/07/2016 15:15:20] /t
[22/07/2016 15:15:21] /up
[22/07/2016 15:15:22] /up
[22/07/2016 15:15:22] /up
[22/07/2016 15:17:14] /save
[22/07/2016 15:26:49] /ghost
[22/07/2016 15:31:41] /ghost
[22/07/2016 15:32:12] /reload globalevent
[22/07/2016 15:32:38] /god supreme vip
[22/07/2016 15:32:52] /additem 8976,1
[22/07/2016 15:33:20] /ghost
[22/07/2016 15:41:53] /reload talkactions
[22/07/2016 15:42:16] /ghost
[22/07/2016 15:42:30] /god 1485
[22/07/2016 15:42:31] /god 1485
[22/07/2016 15:42:32] /god 1485
[22/07/2016 15:42:33] /god 1485
[22/07/2016 15:42:34] /god 1485
[22/07/2016 15:42:36] /a
[22/07/2016 15:42:37] /a
[22/07/2016 15:42:40] /god 1485
[22/07/2016 15:42:41] /god 1485
[22/07/2016 15:42:43] /god 1485
[22/07/2016 15:42:46] /a
[22/07/2016 15:43:04] /god supreme staff
[22/07/2016 15:43:16] /god supreme staff
[22/07/2016 15:43:44] /god supreme arco
[22/07/2016 15:43:51] /god supreme arco
[22/07/2016 15:44:23] /god supreme axe
[22/07/2016 15:44:44] /god supreme arco
[22/07/2016 15:46:14] /r
[22/07/2016 15:46:16] /a
[22/07/2016 15:46:20] /r
[22/07/2016 15:46:22] /a
[22/07/2016 15:46:32] /god supreme staff
[22/07/2016 15:47:14] /god supreme vip
[22/07/2016 15:47:14] /god supreme vip
[22/07/2016 15:47:15] /god supreme vip
[22/07/2016 15:47:15] /god supreme vip
[22/07/2016 15:47:22] /god supreme arco
[22/07/2016 15:47:40] /god supreme sword
[22/07/2016 15:48:36] /god supreme sword
[22/07/2016 15:48:56] /god supreme arco
[22/07/2016 15:49:16] /god supreme staff
[22/07/2016 15:49:22] /god supreme vip
[22/07/2016 15:49:47] /god supreme arco
[22/07/2016 15:49:54] /god supreme vip
[22/07/2016 15:50:41] /r
[22/07/2016 15:50:42] /r
[22/07/2016 15:50:43] /r
[22/07/2016 15:50:44] /r
[22/07/2016 15:50:44] /r
[22/07/2016 15:50:45] /r
[22/07/2016 15:50:46] /r
[22/07/2016 15:51:26] /up
[22/07/2016 15:51:27] /up
[22/07/2016 15:51:27] /up
[22/07/2016 15:51:28] /up
[22/07/2016 15:51:30] /c Orion
[22/07/2016 15:52:45] /attr group 7
[22/07/2016 15:53:57] /ghost
[22/07/2016 15:54:04] /c Sfliter
[22/07/2016 15:54:08] /ghost
[22/07/2016 15:54:46] /god supreme axe
[22/07/2016 15:54:51] /god supreme vip
[22/07/2016 15:55:08] /t Sfliter
[22/07/2016 15:55:24] /ghost
[22/07/2016 15:55:32] /c Wonder
[22/07/2016 15:55:33] /ghost
[22/07/2016 15:55:40] /god supreme arco
[22/07/2016 15:55:45] /god supreme vip
[22/07/2016 15:55:53] /t Wonder
[22/07/2016 15:57:10] /clean
[22/07/2016 16:03:56] /t
[22/07/2016 16:04:55] /t
[22/07/2016 16:04:57] /t
[22/07/2016 16:04:58] /t
[22/07/2016 16:05:17] /t
[22/07/2016 16:05:19] /ghost
[22/07/2016 16:09:17] /god 11094
[22/07/2016 16:09:26] /god 11060
[22/07/2016 16:48:05] /god 11060
[22/07/2016 16:48:09] /god 11094
[22/07/2016 16:48:30] /attr unique
[22/07/2016 16:48:36] /attr unique 54613
[22/07/2016 17:01:19] /reload talkactions
[22/07/2016 17:04:47] /reload talkactions
[22/07/2016 17:05:04] /addskill GM Ciroc,level,500
[22/07/2016 17:07:49] /reload talkactions
[22/07/2016 17:26:23] /up
[22/07/2016 17:26:23] /up
[22/07/2016 17:26:24] /up
[22/07/2016 17:26:26] /c novato
[22/07/2016 17:26:36] /attr group 4
[22/07/2016 17:26:47] /ghost
[22/07/2016 17:31:13] /c [Svip] Novato
[22/07/2016 17:31:31] /attr group 0
[22/07/2016 17:32:09] /s gandalf branco
[22/07/2016 17:32:21] /s tdbem
[22/07/2016 17:32:24] /s treiner
[22/07/2016 17:33:18] /r
[22/07/2016 17:33:19] /r
[22/07/2016 17:34:11] /t [Svip] Novato
[22/07/2016 17:34:13] /ghost
[22/07/2016 17:34:14] /t
[22/07/2016 17:35:22] /up
[22/07/2016 17:35:23] /up
[22/07/2016 17:35:23] /up
[22/07/2016 17:35:25] /c Nicovisky
[22/07/2016 17:35:26] /ghost
[22/07/2016 17:35:32] /god supreme staff
[22/07/2016 17:35:50] /t Nicovisky
[22/07/2016 17:35:51] /ghost
[22/07/2016 17:37:33] /c Shaiwhalck Nico
[22/07/2016 17:37:59] /god supreme arco
[22/07/2016 17:38:06] /t Shaiwhalck Nico
[22/07/2016 17:38:53] /c Shaiwhalck Nico
[22/07/2016 17:39:00] /god supreme vip
[22/07/2016 17:39:05] /t Shaiwhalck Nico
[22/07/2016 17:47:05] /c [Svip] Novato
[22/07/2016 17:47:08] /ghost
[22/07/2016 17:47:11] /attr group 7
[22/07/2016 17:47:28] /c [Svip] Novato
[23/07/2016 12:07:17] /god 11060
[23/07/2016 12:07:22] /god 11094
[23/07/2016 12:07:32] /attr unique 54613
[23/07/2016 12:13:00] /god 2157
[23/07/2016 12:13:18] /god exp 7X
[23/07/2016 12:33:31] /additem exp 7X,1
[23/07/2016 12:33:44] /god 6435
[23/07/2016 12:33:47] /r
[23/07/2016 12:33:57] /god 6536
[23/07/2016 12:34:01] /additem
[23/07/2016 12:34:14] /additem 6536,1
[23/07/2016 12:35:21] /ghost
[23/07/2016 12:40:00] /up
[23/07/2016 12:40:00] /up
[23/07/2016 12:40:01] /up
[23/07/2016 12:40:03] /c Shaiwhalck Nico
[23/07/2016 12:40:10] /t Shaiwhalck Nico
[23/07/2016 12:40:13] /t
[23/07/2016 12:40:45] /ghost
[23/07/2016 12:41:14] /god 12387
[23/07/2016 12:41:45] /ghost
[23/07/2016 17:01:45] /god 11192
[23/07/2016 17:13:30] /up
[23/07/2016 17:13:32] /up
[23/07/2016 17:13:32] /up
[23/07/2016 17:13:34] /c Novato
[23/07/2016 17:13:35] /ghost
[23/07/2016 17:13:44] /attr group 7
[23/07/2016 17:14:43] /r
[23/07/2016 17:17:56] /ghost
[23/07/2016 17:18:09] /t
[23/07/2016 17:18:30] /up
[23/07/2016 17:18:31] /up
[23/07/2016 17:18:31] /up
[23/07/2016 17:18:34] /c Zkm On
[23/07/2016 17:19:00] /god supreme vip
[23/07/2016 17:19:12] /god 2157
[23/07/2016 17:19:22] /t Zkm On
[23/07/2016 17:20:13] /t
[23/07/2016 17:28:17] /t
[23/07/2016 17:31:13] /goto [GOD] Novato
[23/07/2016 17:32:16] /r
[23/07/2016 17:34:12] /reload talkactions
[23/07/2016 17:42:15] /goto Pally red
[23/07/2016 17:42:27] /t
[23/07/2016 17:43:50] /ghost
[23/07/2016 17:43:51] /a 2
[23/07/2016 17:43:52] /a 2
[23/07/2016 17:43:58] /i dice
[23/07/2016 17:46:02] /a 2
[23/07/2016 17:46:05] /a 2
[23/07/2016 17:50:35] /t
[23/07/2016 17:50:38] /r
[23/07/2016 17:50:45] /a 5
[23/07/2016 17:50:46] /a 5
[23/07/2016 17:50:48] /a 5
[23/07/2016 17:50:49] /a 5
[23/07/2016 17:51:06] /a
[23/07/2016 17:51:09] /a
[23/07/2016 17:51:10] /a
[23/07/2016 17:51:15] /ghost
[23/07/2016 17:51:18] /t
[23/07/2016 18:27:34] /save
[23/07/2016 18:27:55] /reload movements
[23/07/2016 18:29:05] /reload movements
[23/07/2016 18:29:34] /i mage ring
[23/07/2016 18:33:53] /reload movements
[23/07/2016 18:35:05] /reload movements
[23/07/2016 19:11:38] /goto Testo
[23/07/2016 19:12:14] /ghost
[23/07/2016 19:12:25] /ghost
[23/07/2016 20:13:52] /i 12391
[23/07/2016 20:14:26] /i 12380
[23/07/2016 20:14:47] /i 12382
[23/07/2016 20:15:18] /i 12362
[23/07/2016 20:16:06] /i 12284
[23/07/2016 20:18:29] /i 11390
[23/07/2016 20:19:29] /i 11387
[23/07/2016 20:19:41] /i 11392
[23/07/2016 20:19:48] /i 11394
[23/07/2016 20:21:00] /goto ghastly dragon
[23/07/2016 20:21:14] /t
[23/07/2016 20:22:58] /i 11249
[23/07/2016 20:27:19] /i 10313
[23/07/2016 20:28:05] /i 10301
[23/07/2016 20:29:51] /i refinamento exelente
[23/07/2016 20:29:58] /i refinamento exelent
[23/07/2016 20:30:20] /a
[23/07/2016 20:30:33] /a
[23/07/2016 20:32:56] /i 7708
[23/07/2016 20:33:51] /a
[23/07/2016 20:33:58] /i 12035
[23/07/2016 20:33:58] /i 12035
[23/07/2016 20:33:59] /i 12035
[23/07/2016 20:34:04] /i 120377
[23/07/2016 20:34:14] /i 12037
[23/07/2016 20:34:41] /ghost
[23/07/2016 20:35:32] /r
[23/07/2016 20:35:46] /i 12035
[23/07/2016 20:35:50] /t
[23/07/2016 20:35:56] /ghost
[23/07/2016 20:37:16] /up
[23/07/2016 20:37:17] /up
[23/07/2016 20:37:17] /up
[23/07/2016 20:37:22] /n dodge seller
[23/07/2016 20:38:59] /r
[23/07/2016 20:39:01] /r
[23/07/2016 20:39:02] /t
[23/07/2016 20:39:08] /ghost
[23/07/2016 20:39:45] /ghost
[23/07/2016 20:44:55] /ghost
[23/07/2016 20:46:27] /ghost
[23/07/2016 20:47:32] /ghost
[23/07/2016 20:48:28] /ghost
[23/07/2016 20:48:36] /up
[23/07/2016 20:49:02] /t
[23/07/2016 20:50:35] /goto Pally red
[23/07/2016 20:50:45] /goto Pally red
[23/07/2016 20:51:19] /t
[23/07/2016 21:25:07] /up
[23/07/2016 21:25:29] /t
[23/07/2016 21:31:36] /ghost
[23/07/2016 21:31:59] /ghost
[23/07/2016 21:42:20] /ghost
[23/07/2016 21:42:43] /ghost
[23/07/2016 22:22:40] /reload talkactions
[23/07/2016 22:27:42] /reload talkactions
[24/07/2016 12:03:35] /i 1746
[24/07/2016 12:04:57] /attr action 60001
[24/07/2016 12:05:49] /reload actions
[24/07/2016 12:06:10] /reload actions
[24/07/2016 12:06:24] /reload actions
[24/07/2016 12:06:36] /attr action 60001
[24/07/2016 12:06:48] /attr unique 60001
[24/07/2016 12:06:56] /r
[24/07/2016 12:15:49] /i 11094
[24/07/2016 12:16:03] /i 1604
[24/07/2016 12:16:06] /r
[24/07/2016 12:16:09] /i 1746
[24/07/2016 12:16:19] /attr action 60001
[24/07/2016 12:16:27] /r
[24/07/2016 12:16:29] /r
[24/07/2016 12:19:59] /openserver
[24/07/2016 12:35:13] /ghost
[24/07/2016 12:35:51] /i 12035
[24/07/2016 12:35:52] /i 12035
[24/07/2016 12:35:52] /i 12035
[24/07/2016 12:35:55] /i 12037
[24/07/2016 12:37:35] /i 1746
[24/07/2016 12:37:43] /attr action 60001
[24/07/2016 12:38:21] /r
[24/07/2016 12:38:24] /a 50
[24/07/2016 12:38:26] /a
[24/07/2016 12:38:26] /a
[24/07/2016 12:38:27] /a
[24/07/2016 12:38:27] /a
[24/07/2016 12:38:27] /a
[24/07/2016 12:38:28] /a
[24/07/2016 12:38:28] /a
[24/07/2016 12:38:30] /a 5
[24/07/2016 12:38:31] /a 5
[24/07/2016 12:38:35] /c adm orion
[24/07/2016 12:52:06] /i ultimate arrow
[24/07/2016 12:53:04] /t
[24/07/2016 12:53:38] /i supreme staff
[24/07/2016 12:53:46] /i 2157
[24/07/2016 12:53:50] /i 2157
[24/07/2016 12:53:52] /i 2157
[24/07/2016 12:53:55] /i 2157
[24/07/2016 12:53:58] /i 2157
[24/07/2016 12:54:06] /i supreme vip
[24/07/2016 12:54:18] /goto adm orion
[24/07/2016 12:54:37] /t
[24/07/2016 12:55:06] /c ADM Orion
[24/07/2016 12:59:20] /t
[24/07/2016 12:59:24] /a 50
[24/07/2016 12:59:25] /a 5
[24/07/2016 12:59:27] /a 5
[24/07/2016 12:59:46] /attr action 60001
[24/07/2016 13:12:08] /save
[24/07/2016 16:16:35] /i 1746
[24/07/2016 16:16:43] /attr action 60001
[24/07/2016 16:16:52] /r
[24/07/2016 16:16:57] /r
[24/07/2016 16:18:31] /i 7528
[24/07/2016 16:18:39] /r
[24/07/2016 16:40:13] /reload talkactions
[24/07/2016 16:40:44] /i 2578
[24/07/2016 16:40:54] /i 7528
[24/07/2016 16:40:56] /i 7529
[24/07/2016 16:42:03] /reload creaturescripts
[24/07/2016 16:42:06] /reload talkactions
[24/07/2016 16:43:12] /reload talkactions
[24/07/2016 16:43:44] /reload talkactions
[24/07/2016 16:43:55] /clean
[24/07/2016 17:34:24] /a 50
[24/07/2016 17:34:26] /a 10
[24/07/2016 17:34:26] /a 10
[24/07/2016 18:11:10] /i 11390
[24/07/2016 18:19:58] /i viper star
[24/07/2016 18:20:17] /i 2399
[24/07/2016 18:20:21] /r
[24/07/2016 18:20:24] /r 100
[24/07/2016 18:36:42] /t
[24/07/2016 18:37:08] /t
[24/07/2016 18:37:13] /a 50
[24/07/2016 18:37:15] /a 10
[24/07/2016 18:37:16] /a 10
[24/07/2016 18:47:33] /save
[24/07/2016 18:52:21] /a 50
[24/07/2016 18:52:24] /a 10
[24/07/2016 18:52:25] /a 10
[24/07/2016 19:00:12] /i 8997
[24/07/2016 19:00:14] /r
[24/07/2016 19:00:15] /r
[24/07/2016 19:00:22] /i 8977
[24/07/2016 19:00:36] /r
[24/07/2016 19:01:11] /i 9815
[24/07/2016 19:04:13] /i 2347
[24/07/2016 19:05:35] /i necromancer shield
[24/07/2016 19:05:44] /i nightmare shield
[24/07/2016 19:09:20] /i supreme livro
[24/07/2016 19:10:32] /i supreme shield
[24/07/2016 19:23:16] /t
[24/07/2016 19:28:51] /t
[24/07/2016 19:28:54] /a 50
[24/07/2016 19:28:56] /a 10
[24/07/2016 19:30:32] /t
[24/07/2016 19:36:01] /t
[24/07/2016 19:36:21] /a 50
[24/07/2016 19:36:23] /a 
[24/07/2016 19:36:24] /a 
[24/07/2016 19:36:24] /a 
[24/07/2016 19:36:30] /i 11249
[24/07/2016 19:36:54] /t
[24/07/2016 19:37:10] /i 12471
[24/07/2016 19:37:13] /r
[24/07/2016 19:39:59] /reload actions
[24/07/2016 19:40:19] /reload actions
[24/07/2016 19:44:35] /t
[24/07/2016 19:45:36] /reload actions
[24/07/2016 19:47:02] /reload movements
[24/07/2016 19:47:18] /i cave exclusiva 2h
[24/07/2016 19:50:49] /a 40
[24/07/2016 19:54:10] /reload actions
[24/07/2016 19:55:18] /reload actions
[24/07/2016 19:55:42] /reload actions
[24/07/2016 20:00:26] /reload actions
[24/07/2016 20:01:00] /i 11392
[24/07/2016 20:01:04] /t
[24/07/2016 20:02:57] /a 40
[24/07/2016 20:03:00] /a
[24/07/2016 20:03:14] /reload actions
[24/07/2016 20:03:24] /i 11394
[24/07/2016 20:04:28] /t
[24/07/2016 20:04:31] /openserver
[24/07/2016 20:10:07] /reload globalevents
[24/07/2016 20:11:45] /i 11060
[24/07/2016 20:11:50] /i 11094
[24/07/2016 20:12:19] /i supreme vip
[24/07/2016 20:12:44] /a 40
[24/07/2016 20:12:46] /a 10
[24/07/2016 20:20:20] /reload actions
[24/07/2016 20:20:33] /attr action 60001
[24/07/2016 20:21:10] /i 12391
[24/07/2016 20:21:35] /c ADM Orion
[24/07/2016 20:22:39] /i 11387
[24/07/2016 20:22:51] /r
[24/07/2016 20:24:29] /t
[24/07/2016 20:26:32] /t
[24/07/2016 20:30:47] /c adm orion
[24/07/2016 20:31:43] /m treiner
[24/07/2016 20:32:04] /r
[24/07/2016 20:34:24] /a 40
[24/07/2016 20:34:26] /a 10
[24/07/2016 20:34:31] /c adm orion
[24/07/2016 20:35:10] /attr action 60002
[24/07/2016 20:35:41] /c Woonder
[24/07/2016 20:58:54] /m treiner
[24/07/2016 21:00:53] /r
[24/07/2016 21:06:06] /a
[24/07/2016 21:13:33] /attr group 4
[24/07/2016 21:13:37] /attr group 5
[24/07/2016 21:13:42] /attr group 5
[24/07/2016 21:19:38] /attr group 6
[24/07/2016 21:19:41] /ghost
[24/07/2016 21:19:53] /attr gorpu 5
[24/07/2016 21:20:01] /attr group 5
[24/07/2016 21:20:04] /ghost
[24/07/2016 21:20:46] /attr group 6
[24/07/2016 21:20:55] /attr group 5
[24/07/2016 21:22:11] /attr group 7
[24/07/2016 21:23:10] /attr group 5
[24/07/2016 21:23:13] /attr group 6
[24/07/2016 21:26:55] /ghost
[24/07/2016 21:29:51] /ghost
[24/07/2016 21:31:57] /reload talkactions
[24/07/2016 21:35:08] /c god kratos
[24/07/2016 21:35:10] /c god kratos
[24/07/2016 21:35:27] /t
[24/07/2016 21:36:56] /ghost
[24/07/2016 21:37:00] /ghost
[24/07/2016 21:39:24] /a 4
[24/07/2016 21:39:52] /c Knight Hell
[24/07/2016 21:40:00] /t
[24/07/2016 21:41:33] /reload talkactions
[24/07/2016 21:41:55] /r
[24/07/2016 21:42:26] /t
[24/07/2016 21:43:28] /ghost
[24/07/2016 21:43:58] /ghost
[24/07/2016 21:44:08] /ghost
[24/07/2016 21:45:23] /a 30
[24/07/2016 21:45:24] /a 5
[24/07/2016 21:45:32] /c ADM Shayt
[24/07/2016 21:45:34] /ghost
[24/07/2016 22:14:59] /ghost
[24/07/2016 22:15:00] /t
[24/07/2016 22:19:14] /ghost
[24/07/2016 22:21:09] /ghost
[24/07/2016 22:21:56] /ghost
[24/07/2016 22:31:36] /a 30
[24/07/2016 22:31:41] /a 10
[24/07/2016 22:31:42] /a 10
[24/07/2016 22:31:45] /c novato
[24/07/2016 22:32:13] /m treiner
[24/07/2016 22:33:38] /r
[24/07/2016 22:34:02] /r
[24/07/2016 22:34:49] /t
[24/07/2016 22:34:58] /goto novato
[24/07/2016 22:36:20] /ghost
[24/07/2016 22:36:38] /goto ADM Shayt
[24/07/2016 22:36:44] /ghost
[24/07/2016 22:37:00] /a 40
[24/07/2016 22:37:13] /a 10
[24/07/2016 22:41:25] /save
[24/07/2016 23:21:54] /r
[24/07/2016 23:22:00] /r
[24/07/2016 23:22:00] /r
[24/07/2016 23:22:05] /i master backpack
[24/07/2016 23:29:12] /reload globalevent
[24/07/2016 23:31:55] /reload globalevent
[24/07/2016 23:32:54] /reload globalevent
[24/07/2016 23:44:08] /i 7890
[24/07/2016 23:46:21] /i 10219
[24/07/2016 23:46:25] /r
[24/07/2016 23:53:28] /i Magnata amuleto
[24/07/2016 23:56:48] /i Magnata amuleto
[25/07/2016 00:01:05] /i Magnata amuleto
[25/07/2016 00:06:19] /save
[25/07/2016 09:55:03] /i 11060
[25/07/2016 09:55:07] /i 11094
[25/07/2016 09:55:47] /m Breeze
[25/07/2016 09:55:48] /m Breeze
[25/07/2016 09:55:53] /r
[25/07/2016 09:56:39] /m Gladiator
[25/07/2016 09:56:43] /r
[25/07/2016 09:56:45] /r
[25/07/2016 09:57:53] /up
[25/07/2016 09:57:54] /up
[25/07/2016 09:57:55] /up
[25/07/2016 09:57:55] /up
[25/07/2016 10:03:37] /t
[25/07/2016 10:15:23] /reload monsters
[25/07/2016 10:16:30] /reload monsters
[25/07/2016 10:16:42] /m cave 1
[25/07/2016 10:16:50] /m cave 2
[25/07/2016 10:16:56] /m cave 3
[25/07/2016 10:16:58] /m cave 4
[25/07/2016 10:17:03] /m cave 5
[25/07/2016 10:17:05] /m cave 6
[25/07/2016 10:17:23] /r
[25/07/2016 10:18:02] /r
[25/07/2016 10:19:08] /reload monsters
[25/07/2016 10:19:18] /m cave 2
[25/07/2016 10:19:26] /r
[25/07/2016 10:20:46] /r
[25/07/2016 10:20:47] /r
[25/07/2016 10:20:48] /r
[25/07/2016 10:20:49] /r
[25/07/2016 10:20:49] /r
[25/07/2016 10:21:06] /i 6080
[25/07/2016 10:21:14] /r
[25/07/2016 10:22:24] /i 6080
[25/07/2016 10:22:35] /reload monster
[25/07/2016 10:22:41] /r
[25/07/2016 10:22:50] /m cave 1
[25/07/2016 10:22:55] /r
[25/07/2016 10:25:01] /reload monster
[25/07/2016 10:25:07] /m cave 1
[25/07/2016 10:27:17] /reload monster
[25/07/2016 10:27:20] /m cave 1
[25/07/2016 10:27:28] /r
[25/07/2016 10:27:30] /t
[25/07/2016 10:27:42] /c Knight Hell 
[25/07/2016 10:27:48] /m cave 1
[25/07/2016 10:27:57] /r
[25/07/2016 10:27:59] /r 10
[25/07/2016 10:28:00] /r 10
[25/07/2016 10:28:00] /r 10
[25/07/2016 10:29:43] /reload monster
[25/07/2016 10:29:46] /m cave 2[
[25/07/2016 10:29:49] /m cave 2
[25/07/2016 10:29:58] /r
[25/07/2016 10:30:04] /m cave 2
[25/07/2016 10:30:11] /r
[25/07/2016 10:30:14] /m cave 3
[25/07/2016 10:30:20] /r
[25/07/2016 10:30:24] /m cave 4
[25/07/2016 10:30:56] /reload monster
[25/07/2016 10:30:59] /m cave 4
[25/07/2016 10:31:03] /r
[25/07/2016 10:31:05] /m cave 5
[25/07/2016 10:31:11] /r
[25/07/2016 10:31:13] /m cave 6
[25/07/2016 10:31:20] /r
[25/07/2016 10:32:43] /reload actions
[25/07/2016 10:33:05] /ghost
[25/07/2016 11:47:40] /ghost
[25/07/2016 11:56:59] /save
[25/07/2016 11:59:22] /up
[25/07/2016 11:59:23] /up
[25/07/2016 11:59:23] /up
[25/07/2016 11:59:24] /up
[25/07/2016 12:02:28] /t
[25/07/2016 12:02:31] /ghost
[25/07/2016 12:03:14] /t
[25/07/2016 12:04:16] /reload monster
[25/07/2016 12:06:40] /t
[25/07/2016 12:06:45] /ghost
[25/07/2016 12:09:04] /closeserver
[25/07/2016 12:10:19] /up
[25/07/2016 12:10:20] /up
[25/07/2016 12:10:20] /up
[25/07/2016 12:10:21] /up
[25/07/2016 12:10:25] /c adm orion
[25/07/2016 12:20:47] /save
[25/07/2016 16:02:45] /reload globalevent
[25/07/2016 16:03:19] /reload globalevent
[25/07/2016 16:06:01] /reload globalevent
[25/07/2016 16:09:36] /reload globalevent
[25/07/2016 16:09:55] /reload globalevent
[25/07/2016 16:10:14] /reload globalevent
[25/07/2016 16:11:12] /reload globalevent
[25/07/2016 16:12:00] /reload globalevent
[25/07/2016 16:14:12] /reload globalevent
[25/07/2016 16:14:48] /reload globalevent
[25/07/2016 16:18:29] /reload globalevent
[25/07/2016 16:19:23] /reload globalevent
[25/07/2016 16:19:31] /reload globalevent
[25/07/2016 16:33:39] /reload globalevent
[25/07/2016 16:36:38] /t
[25/07/2016 18:01:50] /ghost
[25/07/2016 18:02:34] /r
[25/07/2016 18:02:52] /i master backpack
[25/07/2016 18:03:48] /i god staff
[25/07/2016 18:04:06] /t
[25/07/2016 18:07:12] /reload talkactions
[25/07/2016 18:08:18] /ghost
[25/07/2016 18:09:37] /up
[25/07/2016 18:09:39] /up
[25/07/2016 18:09:40] /up
[25/07/2016 18:09:43] /c orion
[25/07/2016 18:10:18] /c Shayt
[25/07/2016 18:13:07] /i master backpack
[25/07/2016 18:13:54] /i god staff
[25/07/2016 18:17:18] /i super up
[25/07/2016 18:17:21] /i superup
[25/07/2016 18:17:54] /i 9779
[25/07/2016 18:17:54] /i 9779
[25/07/2016 18:17:55] /i 9779
[25/07/2016 18:19:49] /i 11394
[25/07/2016 18:29:27] /up
[25/07/2016 18:29:30] /c adm orion
[25/07/2016 18:29:32] /ghost
[25/07/2016 18:29:37] /attr group 3
[25/07/2016 18:30:38] /attr group 7
[25/07/2016 18:30:48] /attr group 6
[25/07/2016 18:31:52] /giveitem
[25/07/2016 18:32:03] /giveitem GM Ciroc,2157
[25/07/2016 18:32:15] /giveitem GM Ciroc,2157,10
[25/07/2016 18:33:30] /attr group 7
[25/07/2016 18:34:43] /reload talkactions
[25/07/2016 18:35:17] /ghost
[25/07/2016 18:38:56] /t
[25/07/2016 18:50:16] /up
[25/07/2016 18:50:18] /up
[25/07/2016 18:50:19] /up
[25/07/2016 18:50:23] /c kratos
[25/07/2016 18:50:25] /ghost
[25/07/2016 18:50:45] /attr group 6
[25/07/2016 18:52:12] /c kratos
[25/07/2016 18:52:15] /r
[25/07/2016 18:52:20] /r
[25/07/2016 18:53:32] /ghost
[25/07/2016 18:57:53] /ghost
[25/07/2016 18:58:59] /ghost
[25/07/2016 19:00:50] /t
[25/07/2016 19:01:07] /ghost
[25/07/2016 19:03:53] /ghost
[25/07/2016 19:03:55] /t
[25/07/2016 19:04:01] /goto magezinha
[25/07/2016 19:04:03] /ghost
[25/07/2016 19:04:29] /ghost
[04/09/2016 17:25:41] /newtype 10
[04/09/2016 17:25:45] /newtype 11
[04/09/2016 17:25:46] /newtype 12
[04/09/2016 17:25:50] /newtype 13
[04/09/2016 17:25:51] /newtype 14
[04/09/2016 17:25:52] /newtype 15
[04/09/2016 17:25:53] /newtype 16
[04/09/2016 17:25:54] /newtype 17
[04/09/2016 17:25:54] /newtype 18
[04/09/2016 17:25:55] /newtype 19
[04/09/2016 17:25:56] /newtype 20
[04/09/2016 17:25:57] /newtype 21
[04/09/2016 17:25:58] /newtype 22
[04/09/2016 17:25:59] /newtype 23
[04/09/2016 17:26:00] /newtype 24
[04/09/2016 17:26:01] /newtype 25
[04/09/2016 17:26:02] /newtype 30
[04/09/2016 17:26:03] /newtype 40
[04/09/2016 17:26:04] /newtype 41
[04/09/2016 17:26:05] /newtype 42
[04/09/2016 17:26:06] /newtype 43
[04/09/2016 17:26:06] /newtype 44
[04/09/2016 17:26:07] /newtype 45
[04/09/2016 17:26:08] /newtype 46
[04/09/2016 17:26:09] /newtype 47
[04/09/2016 17:26:10] /newtype 48
[04/09/2016 17:26:10] /newtype 49
[04/09/2016 17:26:12] /newtype 50
[04/09/2016 17:26:13] /newtype 51
[04/09/2016 17:26:14] /newtype 60
[04/09/2016 17:26:15] /newtype 61
[04/09/2016 17:26:16] /newtype 62
[04/09/2016 17:26:17] /newtype 70
[04/09/2016 17:26:18] /newtype 100
[04/09/2016 17:26:20] /newtype 110
[04/09/2016 17:26:22] /newtype 110
[04/09/2016 17:28:17] /save
[04/09/2016 17:35:19] /cliport
[04/09/2016 19:02:32] /openserver
[04/09/2016 19:02:54] /cliport
[04/09/2016 19:04:37] /i Magnata staff
[05/09/2016 09:33:16] /cliport
[05/09/2016 10:52:01] /reload globalevent
[05/09/2016 10:53:03] /reload globalevent
[05/09/2016 10:54:28] /reload globalevent
[05/09/2016 10:56:59] /reload globalevent
[05/09/2016 11:00:39] /reload globalevent
[05/09/2016 11:04:28] /reload globalevent
[05/09/2016 11:05:46] /a 2
[05/09/2016 11:05:48] /cliport
[05/09/2016 11:09:11] /reload globalevent
[05/09/2016 11:10:49] /reload globalevent
[05/09/2016 11:12:57] /reload globalevent
[05/09/2016 11:19:30] /reload globalevent
[05/09/2016 11:20:22] /reload globalevent
[05/09/2016 15:40:34] /cliport
[05/09/2016 16:26:56] /cliport
[05/09/2016 16:35:32] /a
[05/09/2016 16:35:42] /t
[05/09/2016 16:35:47] /i 1643
[05/09/2016 16:35:50] /i 1643
[05/09/2016 16:36:43] /ghost
[05/09/2016 17:59:47] /cliport
[05/09/2016 18:05:33] /addskill Go No Bot,level,400
[05/09/2016 18:05:49] /m ghost
[05/09/2016 18:05:53] /m infernalist
[05/09/2016 18:06:39] /m treiner
[05/09/2016 18:06:40] /c infernalist
[05/09/2016 18:06:54] /i doante staff
[05/09/2016 18:06:58] /i donate staff
[05/09/2016 18:07:13] /i supreme staff
[05/09/2016 18:07:26] /i ultimate staff
[05/09/2016 18:07:37] /i Magnata staff
[05/09/2016 18:08:46] /i god staff
[05/09/2016 18:09:52] /r
[05/09/2016 18:10:54] /t
[05/09/2016 18:11:04] /c Go No Bot
[05/09/2016 18:11:20] /c Go No Bot
[05/09/2016 18:11:34] /c Go No Bot
[05/09/2016 18:11:53] /c Go No Bot
[05/09/2016 18:12:17] /t Go No Bot
[05/09/2016 18:17:24] /c Go No Bot
[05/09/2016 18:17:34] /c Go No Bot
[05/09/2016 18:18:35] /save
[05/09/2016 20:23:08] /cliport
[05/09/2016 20:23:14] /newtype 114
[05/09/2016 20:23:15] /newtype 115
[05/09/2016 20:23:16] /newtype 116
[05/09/2016 20:23:17] /newtype 117
[05/09/2016 20:23:17] /newtype 118
[05/09/2016 20:23:18] /newtype 119
[05/09/2016 20:23:19] /newtype 120
[05/09/2016 20:23:20] /newtype 121
[05/09/2016 20:23:20] /newtype 122
[05/09/2016 20:23:21] /newtype 123
[05/09/2016 20:23:22] /newtype 124
[05/09/2016 20:23:22] /newtype 125
[05/09/2016 20:23:23] /newtype 126
[05/09/2016 20:23:24] /newtype 127
[05/09/2016 20:23:25] /newtype 128
[05/09/2016 20:23:29] /newtype 130
[05/09/2016 20:23:30] /newtype 139
[05/09/2016 20:23:33] /newtype 131
[05/09/2016 20:23:33] /newtype 132
[05/09/2016 20:23:34] /newtype 133
[05/09/2016 20:23:35] /newtype 134
[05/09/2016 20:23:36] /newtype 135
[05/09/2016 20:23:36] /newtype 136
[05/09/2016 20:23:37] /newtype 137
[05/09/2016 20:23:38] /newtype 138
[05/09/2016 20:23:38] /newtype 139
[05/09/2016 20:23:39] /newtype 140
[05/09/2016 20:23:40] /newtype 141
[05/09/2016 20:23:41] /newtype 145
[05/09/2016 20:23:42] /newtype 146
[05/09/2016 20:23:43] /newtype 150
[05/09/2016 20:23:44] /newtype 160
[05/09/2016 20:23:46] /newtype 159
[05/09/2016 20:23:48] /newtype 158
[05/09/2016 20:23:49] /newtype 160
[05/09/2016 20:23:50] /newtype 161
[05/09/2016 20:23:51] /newtype 162
[05/09/2016 20:23:52] /newtype 163
[05/09/2016 20:23:53] /newtype 165
[05/09/2016 20:23:54] /newtype 164
[05/09/2016 20:23:54] /newtype 169
[05/09/2016 20:23:56] /newtype 170
[05/09/2016 20:23:57] /newtype 180
[05/09/2016 20:23:58] /newtype 190
[05/09/2016 20:24:00] /newtype 200
[05/09/2016 20:24:01] /newtype 201
[05/09/2016 20:24:02] /newtype 202
[05/09/2016 20:24:02] /newtype 203
[05/09/2016 20:24:03] /newtype 204
[05/09/2016 20:24:04] /newtype 205
[05/09/2016 20:24:05] /newtype 206
[05/09/2016 20:24:05] /newtype 207
[05/09/2016 20:24:07] /newtype 208
[05/09/2016 20:24:08] /newtype 209
[05/09/2016 20:24:10] /newtype 210
[05/09/2016 20:24:11] /newtype 211
[05/09/2016 20:24:12] /newtype 212
[05/09/2016 20:24:12] /newtype 213
[05/09/2016 20:24:13] /newtype 214
[05/09/2016 20:24:14] /newtype 215
[05/09/2016 20:24:15] /newtype 216
[05/09/2016 20:24:15] /newtype 217
[05/09/2016 20:24:16] /newtype 218
[05/09/2016 20:24:17] /newtype 219
[05/09/2016 20:24:19] /newtype 220
[05/09/2016 20:24:19] /newtype 221
[05/09/2016 20:24:21] /newtype 222
[05/09/2016 20:24:22] /newtype 223
[05/09/2016 20:24:23] /newtype 224
[05/09/2016 20:24:24] /newtype 225
[05/09/2016 20:24:25] /newtype 226
[05/09/2016 20:24:25] /newtype 227
[05/09/2016 20:24:26] /newtype 228
[05/09/2016 20:24:27] /newtype 229
[05/09/2016 20:24:29] /newtype 230
[05/09/2016 20:24:30] /newtype 231
[05/09/2016 20:24:31] /newtype 232
[05/09/2016 20:24:32] /newtype 233
[05/09/2016 20:24:32] /newtype 234
[05/09/2016 20:24:33] /newtype 235
[05/09/2016 20:24:34] /newtype 236
[05/09/2016 20:24:34] /newtype 237
[05/09/2016 20:24:37] /newtype 238
[05/09/2016 20:24:37] /newtype 239
[05/09/2016 20:24:39] /newtype 240
[05/09/2016 20:24:42] /newtype 241
[05/09/2016 20:24:43] /newtype 242
[05/09/2016 20:24:44] /newtype 243
[05/09/2016 20:24:44] /newtype 244
[05/09/2016 20:24:45] /newtype 245
[05/09/2016 20:24:46] /newtype 246
[05/09/2016 20:24:47] /newtype 247
[05/09/2016 20:24:48] /newtype 248
[05/09/2016 20:24:48] /newtype 249
[05/09/2016 20:24:50] /newtype 250
[05/09/2016 20:24:51] /newtype 251
[05/09/2016 20:24:52] /newtype 252
[05/09/2016 20:24:53] /newtype 253
[05/09/2016 20:24:54] /newtype 254
[05/09/2016 20:24:54] /newtype 255
[05/09/2016 20:24:55] /newtype 256
[05/09/2016 20:24:56] /newtype 257
[05/09/2016 20:24:57] /newtype 258
[05/09/2016 20:24:58] /newtype 259
[05/09/2016 20:24:59] /newtype 260
[05/09/2016 20:25:00] /newtype 261
[05/09/2016 20:25:01] /newtype 262
[05/09/2016 20:25:02] /newtype 263
[05/09/2016 20:25:02] /newtype 264
[05/09/2016 20:25:03] /newtype 265
[05/09/2016 20:25:04] /newtype 266
[05/09/2016 20:25:05] /newtype 267
[05/09/2016 20:25:09] /newtype 268
[05/09/2016 20:25:10] /newtype 269
[05/09/2016 20:25:11] /newtype 270
[05/09/2016 20:25:12] /newtype 271
[05/09/2016 20:25:13] /newtype 272
[05/09/2016 20:25:14] /newtype 273
[05/09/2016 20:25:15] /newtype 274
[05/09/2016 20:25:15] /newtype 275
[05/09/2016 20:25:17] /newtype 2756
[05/09/2016 20:25:18] /newtype 276
[05/09/2016 20:25:19] /newtype 277
[05/09/2016 20:25:20] /newtype 278
[05/09/2016 20:25:21] /newtype 279
[05/09/2016 20:25:22] /newtype 280
[05/09/2016 20:25:23] /newtype 281
[05/09/2016 20:25:24] /newtype 282
[05/09/2016 20:25:24] /newtype 283
[05/09/2016 20:25:25] /newtype 284
[05/09/2016 20:25:26] /newtype 285
[05/09/2016 20:25:29] /newtype 286
[05/09/2016 20:25:30] /newtype 287
[05/09/2016 20:25:30] /newtype 288
[05/09/2016 20:25:31] /newtype 289
[05/09/2016 20:25:33] /newtype 290
[05/09/2016 20:25:34] /newtype 291
[05/09/2016 20:25:35] /newtype 292
[05/09/2016 20:25:35] /newtype 293
[05/09/2016 20:25:37] /newtype 294
[05/09/2016 20:25:38] /newtype 295
[05/09/2016 20:25:39] /newtype 296
[05/09/2016 20:25:40] /newtype 297
[05/09/2016 20:25:41] /newtype 298
[05/09/2016 20:25:42] /newtype 299
[05/09/2016 20:25:46] /newtype 290
[05/09/2016 20:25:47] /newtype 291
[05/09/2016 20:25:48] /newtype 299
[05/09/2016 20:25:50] /newtype 300
[05/09/2016 20:25:50] /newtype 301
[05/09/2016 20:25:51] /newtype 302
[05/09/2016 20:25:52] /newtype 303
[05/09/2016 20:25:53] /newtype 304
[05/09/2016 20:25:54] /newtype 305
[05/09/2016 20:25:54] /newtype 306
[05/09/2016 20:25:55] /newtype 307
[05/09/2016 20:25:56] /newtype 308
[05/09/2016 20:25:57] /newtype 309
[05/09/2016 20:25:59] /newtype 310
[05/09/2016 20:26:00] /newtype 311
[05/09/2016 20:26:01] /newtype 312
[05/09/2016 20:26:02] /newtype 313
[05/09/2016 20:26:02] /newtype 314
[05/09/2016 20:26:03] /newtype 315
[05/09/2016 20:26:04] /newtype 316
[05/09/2016 20:26:05] /newtype 317
[05/09/2016 20:26:05] /newtype 318
[05/09/2016 20:26:11] /newtype 319
[05/09/2016 20:26:19] /newtype 320
[05/09/2016 20:26:20] /newtype 321
[05/09/2016 20:26:22] /newtype 322
[05/09/2016 20:26:22] /newtype 323
[05/09/2016 20:26:23] /newtype 324
[05/09/2016 20:26:24] /newtype 325
[05/09/2016 20:26:25] /newtype 32
[05/09/2016 20:26:26] /newtype 326
[05/09/2016 20:26:28] /newtype 327
[05/09/2016 20:26:29] /newtype 328
[05/09/2016 20:26:30] /newtype 329
[05/09/2016 20:26:31] /newtype 330
[05/09/2016 20:26:32] /newtype 331
[05/09/2016 20:26:33] /newtype 332
[05/09/2016 20:26:33] /newtype 333
[05/09/2016 20:26:34] /newtype 334
[05/09/2016 20:26:35] /newtype 335
[05/09/2016 20:26:36] /newtype 336
[05/09/2016 20:26:36] /newtype 337
[05/09/2016 20:26:37] /newtype 338
[05/09/2016 20:26:38] /newtype 339
[05/09/2016 20:26:39] /newtype 330
[05/09/2016 20:26:40] /newtype 331
[05/09/2016 20:26:42] /newtype 340
[05/09/2016 20:26:42] /newtype 341
[05/09/2016 20:26:43] /newtype 342
[05/09/2016 20:26:45] /newtype 343
[05/09/2016 20:26:46] /newtype 344
[05/09/2016 20:26:46] /newtype 345
[05/09/2016 20:26:47] /newtype 346
[05/09/2016 20:26:48] /newtype 347
[05/09/2016 20:26:48] /newtype 348
[05/09/2016 20:26:49] /newtype 349
[05/09/2016 20:26:51] /newtype 350
[05/09/2016 20:26:52] /newtype 351
[05/09/2016 20:26:53] /newtype 352
[05/09/2016 20:26:55] /newtype 352
[05/09/2016 20:26:56] /newtype 353
[05/09/2016 20:26:57] /newtype 360
[05/09/2016 20:26:58] /newtype 370
[05/09/2016 20:26:59] /newtype 380
[05/09/2016 20:27:00] /newtype 390
[05/09/2016 20:27:02] /newtype 400
[06/09/2016 12:56:44] /cliport
[06/09/2016 12:58:18] /t
[06/09/2016 13:17:26] /cliport
[06/09/2016 15:13:27] /reload globalevent
[06/09/2016 15:13:59] /reload globalevent
[06/09/2016 15:14:29] /reload globalevent
[06/09/2016 15:20:23] /reload movements
[06/09/2016 15:20:42] /attr action 13079
[06/09/2016 15:21:38] /reload movements
[06/09/2016 15:22:01] /reload movements
[06/09/2016 15:23:10] /reload movements
[06/09/2016 15:23:26] /reload movements
[06/09/2016 15:24:45] /reload movements
[06/09/2016 15:26:18] /attr action 13079
[06/09/2016 15:26:20] /attr action 13079
[06/09/2016 15:26:21] /attr action 13079
[06/09/2016 15:26:22] /attr action 13079
[06/09/2016 15:26:23] /attr action 13079
[06/09/2016 15:26:24] /attr action 13079
[06/09/2016 15:26:24] /attr action 13079
[06/09/2016 15:26:25] /attr action 13079
[06/09/2016 15:26:26] /attr action 13079
[06/09/2016 15:27:57] /r
[06/09/2016 15:28:06] /cliport
[06/09/2016 15:28:10] /cliport
[07/09/2016 11:38:13] /cliport
[07/09/2016 11:39:14] /openserver
[07/09/2016 11:42:33] /openserver
[07/09/2016 11:43:41] /attr group 7
[07/09/2016 11:56:00] /t
[09/09/2016 19:38:30] /ghost
[09/09/2016 19:42:45] /goto Luis Felipe
[09/09/2016 19:56:00] /goto Druidzinhoo
[09/09/2016 19:56:08] /goto voce
[09/09/2016 19:56:10] /t
[10/09/2016 14:32:54] /attr group 7
[10/09/2016 14:33:22] /r
[10/09/2016 14:33:23] /r
[10/09/2016 14:35:23] /c Milena Love
[10/09/2016 14:36:03] /c Milena Love
[10/09/2016 14:37:38] /r
[10/09/2016 14:37:39] /t
[20/01/2019 14:25:38] /i donate spellbook
[20/01/2019 14:28:44] /a 20
[20/01/2019 14:28:44] /a 20
[20/01/2019 14:28:46] /a 20
[20/01/2019 14:28:47] /a 20
[20/01/2019 14:28:49] /a 20
[20/01/2019 14:28:52] /a 20
[20/01/2019 14:30:07] /i 2157
[20/01/2019 14:30:10] /i 2157
[20/01/2019 14:31:07] /a 20
[20/01/2019 14:31:07] /a 20
[20/01/2019 14:31:07] /a 20
[20/01/2019 14:31:07] /a 20
[20/01/2019 14:31:08] /a 20
[20/01/2019 14:31:08] /a 20
[20/01/2019 14:31:10] /a 20
[20/01/2019 14:31:10] /a 20
[20/01/2019 14:31:11] /a 20
[20/01/2019 14:31:11] /a 20
[20/01/2019 14:31:11] /a 20
[20/01/2019 14:31:12] /a 20
[20/01/2019 14:31:12] /a 20
[20/01/2019 14:31:13] /a 20
[20/01/2019 14:31:13] /a 20
[20/01/2019 14:31:14] /a 20
[20/01/2019 14:31:14] /a 20
[20/01/2019 14:31:15] /a 20
[20/01/2019 14:31:16] /a 20
[20/01/2019 14:31:17] /a 20
[20/01/2019 14:31:17] /a 20
[20/01/2019 14:31:18] /a 20
[20/01/2019 14:31:19] /a 20
[20/01/2019 14:31:19] /a 20
[20/01/2019 14:31:20] /a 20
[20/01/2019 14:31:22] /a 20
[20/01/2019 14:31:22] /a 20
[20/01/2019 14:31:22] /a 20
[20/01/2019 14:31:22] /a 20
[20/01/2019 14:31:23] /a 20
[20/01/2019 14:31:24] /a 20
[20/01/2019 14:31:24] /a 20
[20/01/2019 14:31:25] /a 20
[20/01/2019 14:31:25] /a 20
[20/01/2019 14:31:28] /a 20
[20/01/2019 14:31:28] /a 20
[20/01/2019 14:31:29] /a 20
[20/01/2019 14:31:38] /a 20
[20/01/2019 14:31:57] /cliport
[20/01/2019 14:32:01] /cliport
[20/01/2019 14:32:48] /a 20
[20/01/2019 14:32:49] /a 20
[20/01/2019 14:32:50] /a 20
[20/01/2019 14:32:51] /a 20
[20/01/2019 14:32:52] /a 20
[20/01/2019 14:32:54] /a 20
[20/01/2019 14:32:56] /a 20
[20/01/2019 14:32:57] /a 20
[20/01/2019 14:32:58] /a 20
[20/01/2019 14:32:58] /a 20
[20/01/2019 14:32:59] /a 20
[20/01/2019 14:32:59] /a 20
[20/01/2019 14:33:01] /a 20
[20/01/2019 14:33:24] /a 20
[20/01/2019 14:33:27] /a 2
[20/01/2019 14:33:28] /a 2
[20/01/2019 14:33:30] /a 2
[20/01/2019 14:33:32] /a 2
[20/01/2019 14:33:33] /a 2
[20/01/2019 14:33:33] /a 2
[20/01/2019 14:33:34] /a 2
[20/01/2019 14:33:35] /a 2
[20/01/2019 14:33:36] /a 2
[20/01/2019 14:33:40] /up
[20/01/2019 14:34:00] /attr set attack 99999
[20/01/2019 14:34:49] /a 2
[20/01/2019 14:34:49] /a 2
[20/01/2019 14:34:50] /a 2
[20/01/2019 14:34:50] /a 2
[20/01/2019 14:34:52] /a 2
[20/01/2019 14:34:52] /a 2
[20/01/2019 14:34:53] /a 2
[20/01/2019 14:34:55] /up
[20/01/2019 14:35:10] /i area ultimate
[20/01/2019 14:37:30] /a 23
[20/01/2019 14:37:35] /a 23
[20/01/2019 14:37:37] /a 2
[20/01/2019 14:47:37] /c vegeta
[20/01/2019 14:48:21] /c vegeta
[20/01/2019 14:48:44] /addskill Vegeta, level
[20/01/2019 14:48:47] /addskill Vegeta, level
[20/01/2019 14:48:48] /addskill Vegeta, level
[20/01/2019 14:48:48] /addskill Vegeta, level
[20/01/2019 14:48:50] /addskill Vegeta, level
[20/01/2019 14:48:50] /addskill Vegeta, level
[20/01/2019 14:48:51] /addskill Vegeta, level
[20/01/2019 14:48:51] /addskill Vegeta, level
[20/01/2019 14:48:52] /addskill Vegeta, level
[20/01/2019 14:48:53] /addskill Vegeta, level
[20/01/2019 14:48:53] /addskill Vegeta, level
[20/01/2019 14:48:54] /addskill Vegeta, level
[20/01/2019 14:48:56] /addskill Vegeta, level
[20/01/2019 14:49:58] /t
[20/01/2019 14:50:02] /c vegeta
[20/01/2019 14:51:03] /c vegeta
[20/01/2019 14:52:53] /goto vegeta
[20/01/2019 14:55:05] /goto vegeta
