[13/04/2014 16:17:55] /a
[13/04/2014 16:17:56] /a
[13/04/2014 16:18:17] /a
[13/04/2014 16:18:18] /a
[13/04/2014 16:18:28] /a
[13/04/2014 16:18:31] /a
[13/04/2014 16:18:31] /a
[13/04/2014 16:19:29] /a
[13/04/2014 16:19:33] /a
[13/04/2014 16:21:16] /b eae quem te vepeso fala ae??
[13/04/2014 16:21:17] /b eae quem te vepeso fala ae??
[13/04/2014 16:21:17] /b eae quem te vepeso fala ae??
[13/04/2014 16:21:33] /b eae quem te vepeso fala ae??
[13/04/2014 16:22:12] /b quem tiver preso e so chamar help*
[13/04/2014 16:22:15] /b quem tiver preso e so chamar help*
[13/04/2014 16:22:18] /b quem tiver preso e so chamar help*
[13/04/2014 16:22:56] /a 4
[13/04/2014 16:22:57] /a 4
[13/04/2014 16:23:07] /a
[13/04/2014 16:23:30] /a 6
[13/04/2014 16:23:54] /a 1
[13/04/2014 16:24:01] /down
[13/04/2014 16:24:05] /t
[13/04/2014 16:24:11] /a
[13/04/2014 16:24:14] /a
[13/04/2014 16:24:17] /up
[13/04/2014 16:24:18] /up
[13/04/2014 16:24:19] /up
[13/04/2014 16:25:01] /b quem tiver preso e so chamar help*
[13/04/2014 16:25:02] /b quem tiver preso e so chamar help*
[13/04/2014 16:25:02] /b quem tiver preso e so chamar help*
[13/04/2014 16:25:03] /b quem tiver preso e so chamar help*
[13/04/2014 16:25:55] /a
[13/04/2014 16:25:59] /down
[13/04/2014 16:26:13] /down
[13/04/2014 16:26:22] /t
[13/04/2014 16:26:28] /a
[13/04/2014 16:26:29] /a
[13/04/2014 16:26:47] /t
[13/04/2014 16:26:54] /clean
[13/04/2014 16:26:55] /clean
[13/04/2014 16:27:06] /clean
[13/04/2014 16:29:12] /clean
[13/04/2014 16:30:34] /t
[13/04/2014 16:31:22] /b quem tiver preso e so chamar help*
[13/04/2014 16:31:22] /b quem tiver preso e so chamar help*
[13/04/2014 16:31:23] /b quem tiver preso e so chamar help*
[13/04/2014 16:31:35] /goto boneco
[13/04/2014 16:31:37] /goto boneco
[13/04/2014 16:32:20] /goto sub zero
[13/04/2014 16:32:21] /goto sub zero
[13/04/2014 16:32:21] /goto sub zero
[13/04/2014 16:32:21] /goto sub zero
[13/04/2014 16:32:31] /t
[13/04/2014 16:34:00] /clean
[13/04/2014 16:34:01] /clean
[13/04/2014 16:34:01] /clean
[13/04/2014 16:34:02] /clean
[13/04/2014 16:34:02] /clean
[13/04/2014 16:34:48] /b GM Deus do caos ta ae??
[13/04/2014 16:34:50] /b GM Deus do caos ta ae??
[13/04/2014 16:48:37] /ghost
[13/04/2014 16:52:20] /clean
[13/04/2014 16:52:21] /clean
[13/04/2014 16:52:22] /clean
[13/04/2014 16:56:13] /ghost
[13/04/2014 17:06:09] /goto Account Manager
[13/04/2014 17:06:11] /goto Account Manager
[13/04/2014 17:06:16] /goto Account Manager
[13/04/2014 17:06:18] /goto Account Manager
[13/04/2014 17:06:24] /up
[13/04/2014 17:06:25] /up
[13/04/2014 17:06:26] /up
[13/04/2014 17:06:29] /a
[13/04/2014 17:06:29] /a
[13/04/2014 17:06:34] /goto Account Manager
[13/04/2014 17:06:44] /goto Soul Kill 
[13/04/2014 17:07:53] /a 2
[13/04/2014 17:07:54] /a 2
[13/04/2014 17:07:54] /a 2
[13/04/2014 17:07:55] /a 2
[13/04/2014 17:08:09] /a 2
[13/04/2014 17:08:12] /a 2
[13/04/2014 17:08:13] /a 2
[13/04/2014 17:08:13] /a 2
[13/04/2014 17:08:13] /a 2
[13/04/2014 17:08:19] /a 5
[13/04/2014 17:08:57] /goto Boneco
[13/04/2014 17:08:58] /goto Boneco
[13/04/2014 17:08:59] /goto Boneco
[13/04/2014 17:09:03] /goto Boneco
[13/04/2014 17:09:08] /goto Boneco
[13/04/2014 17:09:09] /goto Boneco
[13/04/2014 17:10:02] /t
[13/04/2014 17:11:14] /ghost
[13/04/2014 17:11:42] /ghost
[13/04/2014 17:14:27] /ghost
[13/04/2014 17:15:11] /clean
[13/04/2014 17:15:21] /clean
[13/04/2014 17:15:42] /clean
[13/04/2014 17:15:44] /ghost
[13/04/2014 17:24:10] /ghost
[13/04/2014 17:24:34] /save
[13/04/2014 17:24:44] /clean
[13/04/2014 17:24:45] /clean
[13/04/2014 17:24:45] /clean
[13/04/2014 17:24:58] /b eae viado
[13/04/2014 17:25:00] /b eae viados
[13/04/2014 17:25:01] /b eae viados
[13/04/2014 17:25:03] /b eae viados
[13/04/2014 19:40:27] /clean
[13/04/2014 19:40:31] /clean
[13/04/2014 19:41:41] /a
[13/04/2014 19:41:43] /a
[13/04/2014 19:41:48] /a
[13/04/2014 19:41:57] /ghost
[13/04/2014 19:43:04] /clean
[13/04/2014 19:43:06] /clean
[13/04/2014 19:55:02] /c Boneco
[13/04/2014 19:55:14] /t
[13/04/2014 19:55:41] /goto GM Deus do Caos
[13/04/2014 19:55:43] /goto GM Deus do Caos
[13/04/2014 20:02:59] /t
[13/04/2014 20:03:50] /clean
[13/04/2014 20:03:52] /clean
[13/04/2014 20:04:29] /c Boneco
[13/04/2014 20:04:30] /t
[13/04/2014 20:04:38] /a 4
[13/04/2014 20:05:12] /a 3
[13/04/2014 20:05:24] /clean
[13/04/2014 20:05:25] /clean
[13/04/2014 20:05:28] /clean
[13/04/2014 20:05:29] /clean
[13/04/2014 20:09:48] /clean
[13/04/2014 20:12:16] /c Account Manager
[13/04/2014 20:12:30] /c Account Manager
[13/04/2014 20:12:32] /c Account Manager
[13/04/2014 20:21:29] /c Boneco
[13/04/2014 20:21:36] /c Boneco
[13/04/2014 20:25:20] /goto GM Deus do Caos
[13/04/2014 20:26:17] /goto GM Deus do Caos
[13/04/2014 20:28:39] /clean
[13/04/2014 20:29:53] /clean
[13/04/2014 20:29:54] /clean
[13/04/2014 20:30:52] /goto GM Deus do Caos
[13/04/2014 20:30:53] /goto GM Deus do Caos
[13/04/2014 20:31:05] /a 2
[13/04/2014 20:33:49] /ghost
[13/04/2014 20:35:26] /a 3
[13/04/2014 20:35:38] /ghost
[13/04/2014 20:35:59] /a 3
[13/04/2014 20:36:30] /a
[13/04/2014 20:36:43] /a 2
[13/04/2014 20:37:54] /clean
[13/04/2014 20:38:10] /goto GM Deus do Caos
[13/04/2014 20:39:16] /goto GM Deus do Caos
[13/04/2014 20:39:25] /goto GM Deus do Caos
[13/04/2014 20:39:33] /ghost
[13/04/2014 20:39:36] /ghost
[13/04/2014 20:40:32] /b vem evento de bp ae???????
[13/04/2014 20:40:33] /b vem evento de bp ae???????
[13/04/2014 20:40:33] /b vem evento de bp ae???????
[13/04/2014 20:40:34] /b vem evento de bp ae???????
[13/04/2014 20:40:35] /b vem evento de bp ae???????
[13/04/2014 20:40:35] /b vem evento de bp ae???????
[13/04/2014 20:40:35] /b vem evento de bp ae???????
[13/04/2014 20:41:06] /b vem evento de bp ae???????
[13/04/2014 20:41:13] /b vem evento de bp ae???????
[13/04/2014 20:41:14] /b vem evento de bp ae???????
[13/04/2014 20:41:15] /b vem evento de bp ae???????
[13/04/2014 20:41:15] /b vem evento de bp ae???????
[13/04/2014 20:41:28] /b vem evento de bp ae???????
[13/04/2014 20:41:28] /b vem evento de bp ae???????
[13/04/2014 20:41:30] /b vem evento de bp ae???????
[13/04/2014 20:41:31] /b vem evento de bp ae???????
[13/04/2014 20:41:34] /b vem evento de bp ae???????
[13/04/2014 20:41:53] /a 5
[13/04/2014 20:41:58] /a 10
[13/04/2014 20:49:10] /a 2
[13/04/2014 20:49:17] /a 10
[13/04/2014 20:49:25] /a 6
[14/04/2014 00:42:23] /goto [Mvip] Narguile
[14/04/2014 00:42:39] /t
[14/04/2014 00:42:54] /b eae suave
[14/04/2014 00:42:55] /b eae suave
[14/04/2014 00:42:55] /b eae suave
[14/04/2014 00:42:56] /b eae suave
[14/04/2014 00:42:56] /b eae suave
[14/04/2014 00:42:56] /b eae suave
[14/04/2014 00:42:57] /b eae suave
[14/04/2014 00:43:20] /b todos bem
[14/04/2014 00:43:21] /b todos bem
[14/04/2014 00:43:21] /b todos bem
[14/04/2014 00:44:15] /goto [Mvip] Druid onzin
[14/04/2014 00:44:23] /goto [Mvip] Druid onzin
[14/04/2014 00:44:26] /goto [Mvip] Druid onzin
[14/04/2014 00:45:19] /c Boneco
[14/04/2014 00:45:22] /c Boneco
[14/04/2014 00:45:26] /a 3
[14/04/2014 00:45:34] /t Boneco
[14/04/2014 00:45:37] /t 
[14/04/2014 12:47:09] /goto Sub Zero
[14/04/2014 12:47:11] /goto Sub Zero
[14/04/2014 12:47:14] /goto Sub Zero
[14/04/2014 12:47:15] /goto Sub Zero
[14/04/2014 12:47:15] /goto Sub Zero
[14/04/2014 12:47:20] /goto Sub Zero
[14/04/2014 12:47:30] /t
[14/04/2014 12:48:48] /ghost
[14/04/2014 12:49:48] /ghost
[14/04/2014 12:56:39] /clean
[14/04/2014 12:56:40] /clean
[14/04/2014 12:56:40] /clean
[14/04/2014 13:02:05] /clean
[14/04/2014 13:02:05] /clean
[14/04/2014 13:02:14] /b eae viados
[14/04/2014 13:02:14] /b eae viados
[14/04/2014 13:02:15] /b eae viados
[14/04/2014 13:02:15] /b eae viados
[14/04/2014 13:02:15] /b eae viados
[14/04/2014 14:14:03] /b eae viados
[14/04/2014 14:14:04] /b eae viados
[14/04/2014 14:14:04] /b eae viados
[14/04/2014 14:14:04] /b eae viados
[14/04/2014 14:14:05] /b eae viados
[14/04/2014 14:14:05] /b eae viados
[14/04/2014 14:14:05] /b eae viados
[14/04/2014 14:15:10] /ghost
[14/04/2014 14:15:15] /ghost
[14/04/2014 14:49:52] /clean
[14/04/2014 14:49:53] /clean
[14/04/2014 14:51:07] /goto [Mvip] Rafinha
[14/04/2014 14:51:10] /t
[14/04/2014 14:53:58] /goto GM Deus do Caos
[14/04/2014 14:55:26] /b esse ip 177.9.65.78
[14/04/2014 14:55:26] /b esse ip 177.9.65.78
[14/04/2014 14:55:27] /b esse ip 177.9.65.78
[14/04/2014 14:55:27] /b esse ip 177.9.65.78
[14/04/2014 14:55:27] /b esse ip 177.9.65.78
[14/04/2014 14:55:28] /b esse ip 177.9.65.78
[14/04/2014 14:55:28] /b esse ip 177.9.65.78
[14/04/2014 14:56:13] /b esse ip 177.9.65.78
[14/04/2014 14:56:13] /b esse ip 177.9.65.78
[14/04/2014 14:56:13] /b esse ip 177.9.65.78
[14/04/2014 14:56:14] /b esse ip 177.9.65.78
[14/04/2014 14:56:14] /b esse ip 177.9.65.78
[14/04/2014 14:56:14] /b esse ip 177.9.65.78
[14/04/2014 14:56:15] /b esse ip 177.9.65.78
[14/04/2014 14:56:19] /b esse ip 177.9.65.78
[14/04/2014 14:56:19] /b esse ip 177.9.65.78
[14/04/2014 14:56:20] /b esse ip 177.9.65.78
[14/04/2014 14:56:20] /b esse ip 177.9.65.78
[14/04/2014 14:56:20] /b esse ip 177.9.65.78
[14/04/2014 15:00:00] /ghost
[14/04/2014 15:02:53] /c Dark
[14/04/2014 15:03:17] /clean
[14/04/2014 15:03:18] /clean
[14/04/2014 15:03:35] /c Dark
[14/04/2014 15:03:37] /c Dark
[14/04/2014 15:03:38] /c Dark
[14/04/2014 15:03:39] /c Dark
[14/04/2014 15:03:41] /c Dark
[14/04/2014 15:03:53] /ghost
[14/04/2014 15:04:25] /clean
[14/04/2014 15:04:26] /clean
[14/04/2014 15:04:26] /clean
[14/04/2014 15:04:27] /clean
[14/04/2014 15:04:27] /clean
[15/04/2014 15:40:17] /clean
[15/04/2014 15:40:18] /clean
[15/04/2014 15:40:28] /clean
[15/04/2014 15:41:10] /goto [Mvip] Rafinha
[15/04/2014 15:41:12] /t
[15/04/2014 15:42:54] /clean
[15/04/2014 15:43:08] /ghost
[15/04/2014 15:43:26] /ghost
[15/04/2014 15:44:19] /ghost
[15/04/2014 15:45:01] /ghost
[15/04/2014 15:45:07] /goto Boneco
[15/04/2014 15:45:11] /goto Boneco
[15/04/2014 15:45:14] /goto Boneco
[15/04/2014 15:45:20] /goto Boneco
[15/04/2014 15:45:38] /a 3
[15/04/2014 15:45:41] /a 2
[15/04/2014 15:45:42] /a 2
[15/04/2014 15:45:42] /a 2
[15/04/2014 15:45:43] /a 3
[15/04/2014 15:45:44] /a 3
[15/04/2014 15:45:45] /a 2
[15/04/2014 15:45:45] /a 2
[15/04/2014 15:45:46] /a 3
[15/04/2014 15:45:46] /a 3
[15/04/2014 15:45:56] /a 3
[15/04/2014 15:45:57] /a 3
[15/04/2014 15:45:59] /a 3
[15/04/2014 15:46:01] /a 3
[15/04/2014 15:46:03] /a 34
[15/04/2014 15:46:05] /a 34
[15/04/2014 15:46:40] /ghost
[15/04/2014 15:46:42] /goto
[15/04/2014 15:46:47] /t
[15/04/2014 15:48:17] /goto Boneco
[15/04/2014 15:48:38] /c [Mvip] Rafinha
[15/04/2014 15:50:46] /clean
[15/04/2014 17:02:11] /clean
[15/04/2014 17:02:57] /up
[15/04/2014 17:02:58] /up
[15/04/2014 17:03:08] /up
[15/04/2014 17:04:42] /t
[15/04/2014 17:05:36] /clean
[15/04/2014 17:10:17] /up
[15/04/2014 17:10:18] /up
[15/04/2014 17:12:32] /clean
[15/04/2014 17:12:38] /clean
[15/04/2014 17:12:40] /clean
[15/04/2014 17:12:41] /clean
[15/04/2014 17:12:42] /clean
[15/04/2014 17:13:22] /up
[15/04/2014 17:14:25] /down
[15/04/2014 17:14:26] /down
[15/04/2014 17:14:26] /down
[15/04/2014 17:14:53] /clean
[15/04/2014 17:15:39] /ghost
[15/04/2014 17:16:58] /clean
[15/04/2014 17:21:37] /up
[15/04/2014 17:21:41] /up
[15/04/2014 17:22:10] /c [ADM]Rogerio
[15/04/2014 17:24:43] /goto Homem Bomba
[15/04/2014 17:25:50] /a 3
[15/04/2014 17:26:04] /ghost
[15/04/2014 17:26:27] /c [ADM]Rogerio
[15/04/2014 17:26:35] /goto [ADM]Rogerio
[15/04/2014 17:27:00] /ghost
[15/04/2014 17:28:53] /goto [ADM]Rogerio
[15/04/2014 17:29:36] /c [ADM]Rogerio
[15/04/2014 17:29:41] /c GM Deus do Caos
[15/04/2014 17:30:11] /goto GM Deus do Caos
[15/04/2014 17:30:12] /goto GM Deus do Caos
[15/04/2014 17:30:13] /goto GM Deus do Caos
[15/04/2014 17:31:02] /clean
[15/04/2014 17:31:05] /clean
[15/04/2014 17:31:07] /clean
[15/04/2014 17:31:07] /clean
[15/04/2014 17:32:35] /t
[15/04/2014 17:34:03] /ghost
[15/04/2014 17:34:11] /ghost
[15/04/2014 17:38:04] /clean
[15/04/2014 17:38:05] /clean
[15/04/2014 17:38:07] /clean
[15/04/2014 22:05:21] /clean
[15/04/2014 22:05:25] /clean
[15/04/2014 22:05:48] /clean
[15/04/2014 22:05:49] /clean
[15/04/2014 22:05:49] /clean
[15/04/2014 22:06:29] /ghost
[15/04/2014 22:07:15] /ghost
[15/04/2014 22:07:57] /a
[15/04/2014 22:07:59] /a
[15/04/2014 22:08:01] /a
[15/04/2014 22:08:07] /a 4
[15/04/2014 22:08:11] /a
[15/04/2014 22:08:17] /a 2
[15/04/2014 22:08:19] /t
[15/04/2014 22:08:32] /b vou sair aki viados
[15/04/2014 22:08:32] /b vou sair aki viados
[15/04/2014 22:08:33] /b vou sair aki viados
[15/04/2014 22:08:33] /b vou sair aki viados
[15/04/2014 22:08:34] /b vou sair aki viados
[15/04/2014 22:08:34] /b vou sair aki viados
[15/04/2014 22:08:34] /b vou sair aki viados
[15/04/2014 23:17:07] /clean
[15/04/2014 23:17:08] /clean
[16/04/2014 15:20:40] /clean
[16/04/2014 15:20:42] /clean
[16/04/2014 15:20:42] /clean
[16/04/2014 15:20:43] /clean
[16/04/2014 15:20:44] /clean
[16/04/2014 15:44:39] /clean
[16/04/2014 15:44:40] /clean
[16/04/2014 15:44:41] /clean
[16/04/2014 15:44:49] /ghost
[16/04/2014 15:44:52] /clean
[16/04/2014 15:44:53] /clean
[16/04/2014 15:44:58] /clean
[17/04/2014 01:46:23] /clean
[17/04/2014 01:46:24] /clean
[17/04/2014 01:46:26] /ghost
[17/04/2014 01:53:12] /clean
[17/04/2014 01:53:37] /goto Druid onzin 
[17/04/2014 01:53:57] /goto [Mvip] Druid onzin
[17/04/2014 01:54:05] /a 4
[17/04/2014 01:54:06] /a 4
[17/04/2014 01:54:10] /a 4
[17/04/2014 09:39:00] /clean
[17/04/2014 09:39:02] /clean
[17/04/2014 11:09:29] /c Caipira
[17/04/2014 11:45:09] /clean
[17/04/2014 11:45:10] /clean
[17/04/2014 11:45:30] /ghost
[17/04/2014 11:46:08] /clean
[17/04/2014 11:46:50] /ghost
[17/04/2014 11:47:26] /goto Dravenn
[17/04/2014 11:48:10] /ghost
[17/04/2014 11:48:57] /goto Magezzin
[17/04/2014 11:49:20] /c Magezzin
[17/04/2014 11:51:08] /goto Dravenn
[17/04/2014 11:51:36] /b bazilr
[17/04/2014 11:58:37] /clean
[17/04/2014 11:58:39] /clean
[17/04/2014 11:58:41] /clean
[17/04/2014 11:58:42] /clean
[17/04/2014 11:58:42] /clean
[17/04/2014 11:58:43] /clean
[17/04/2014 11:58:44] /clean
[17/04/2014 11:59:05] /goto Magezzin
[17/04/2014 11:59:18] /t
[17/04/2014 15:00:54] /goto Dravenn
[17/04/2014 15:01:12] /ghost
[17/04/2014 15:01:37] /t
[17/04/2014 15:02:15] /c Dravenn
[17/04/2014 15:03:38] /t
[17/04/2014 15:04:30] /i BaiakRs Shield
[17/04/2014 15:04:54] /i BaiakRs boots
[17/04/2014 15:05:28] /a 2
[17/04/2014 15:05:37] /t
[17/04/2014 15:05:41] /ghost
[17/04/2014 15:05:54] /i 9971
[17/04/2014 15:05:55] /i 9971
[17/04/2014 15:05:56] /i 9971
[17/04/2014 15:06:10] /i backpack
[17/04/2014 15:06:11] /i backpack
[17/04/2014 15:06:12] /i backpack
[17/04/2014 15:06:12] /i backpack
[17/04/2014 15:06:14] /i 9971
[17/04/2014 15:06:14] /i 9971
[17/04/2014 15:06:15] /i 9971
[17/04/2014 15:06:15] /i 9971
[17/04/2014 15:06:15] /i 9971
[17/04/2014 15:06:16] /i 9971
[17/04/2014 15:06:16] /i 9971
[17/04/2014 15:06:27] /i 9971
[17/04/2014 15:06:27] /i 9971
[17/04/2014 15:06:27] /i 9971
[17/04/2014 15:06:27] /i 9971
[17/04/2014 15:06:28] /i 9971
[17/04/2014 15:06:28] /i 9971
[17/04/2014 15:06:28] /i 9971
[17/04/2014 15:06:28] /i 9971
[17/04/2014 15:06:28] /i 9971
[17/04/2014 15:06:28] /i 9971
[17/04/2014 15:06:28] /i 9971
[17/04/2014 15:06:28] /i 9971
[17/04/2014 15:06:28] /i 9971
[17/04/2014 15:06:28] /i 9971
[17/04/2014 15:06:28] /i 9971
[17/04/2014 15:06:28] /i 9971
[17/04/2014 15:06:28] /i 9971
[17/04/2014 15:06:28] /i 9971
[17/04/2014 15:06:28] /i 9971
[17/04/2014 15:06:28] /i 9971
[17/04/2014 15:06:28] /i 9971
[17/04/2014 15:06:28] /i 9971
[17/04/2014 15:06:52] /i 9971
[17/04/2014 15:06:52] /i 9971
[17/04/2014 15:06:52] /i 9971
[17/04/2014 15:06:52] /i 9971
[17/04/2014 15:06:52] /i 9971
[17/04/2014 15:06:52] /i 9971
[17/04/2014 15:06:52] /i 9971
[17/04/2014 15:06:52] /i 9971
[17/04/2014 15:06:52] /i 9971
[17/04/2014 15:06:52] /i 9971
[17/04/2014 15:06:52] /i 9971
[17/04/2014 15:06:53] /i 9971
[17/04/2014 15:06:53] /i 9971
[17/04/2014 15:06:53] /i 9971
[17/04/2014 15:06:53] /i 9971
[17/04/2014 15:06:53] /i 9971
[17/04/2014 15:06:53] /i 9971
[17/04/2014 15:06:53] /i 9971
[17/04/2014 15:06:53] /i 9971
[17/04/2014 15:06:53] /i 9971
[17/04/2014 15:06:53] /i 9971
[17/04/2014 15:06:53] /i 9971
[17/04/2014 15:06:53] /i 9971
[17/04/2014 15:06:53] /i 9971
[17/04/2014 15:06:53] /i 9971
[17/04/2014 15:06:53] /i 9971
[17/04/2014 15:06:53] /i 9971
[17/04/2014 15:06:54] /i 9971
[17/04/2014 15:07:38] /i 9971
[17/04/2014 15:07:38] /i 9971
[17/04/2014 15:07:38] /i 9971
[17/04/2014 15:07:39] /i 9971
[17/04/2014 15:07:39] /i 9971
[17/04/2014 15:07:39] /i 9971
[17/04/2014 15:07:39] /i 9971
[17/04/2014 15:07:39] /i 9971
[17/04/2014 15:07:39] /i 9971
[17/04/2014 15:07:39] /i 9971
[17/04/2014 15:07:39] /i 9971
[17/04/2014 15:07:39] /i 9971
[17/04/2014 15:07:39] /i 9971
[17/04/2014 15:07:39] /i 9971
[17/04/2014 15:07:39] /i 9971
[17/04/2014 15:07:39] /i 9971
[17/04/2014 15:07:39] /i 9971
[17/04/2014 15:07:39] /i 9971
[17/04/2014 15:07:39] /i 9971
[17/04/2014 15:07:39] /i 9971
[17/04/2014 15:07:39] /i 9971
[17/04/2014 15:07:39] /i 9971
[17/04/2014 15:07:40] /i 9971
[17/04/2014 15:07:41] /i 9971
[17/04/2014 15:07:41] /i 9971
[17/04/2014 15:07:42] /i 9971
[17/04/2014 15:07:42] /i 9971
[17/04/2014 15:07:43] /i 9971
[17/04/2014 15:07:43] /i 9971
[17/04/2014 15:07:44] /i 9971
[17/04/2014 15:07:50] /i 9971
[17/04/2014 15:08:06] /i 9971
[17/04/2014 15:08:07] /i 9971
[17/04/2014 15:08:07] /i 9971
[17/04/2014 15:08:07] /i 9971
[17/04/2014 15:08:38] /clean
[17/04/2014 15:08:39] /clean
[17/04/2014 15:12:12] /i 5773
[17/04/2014 15:12:13] /i 5773
[17/04/2014 15:12:14] /i 5773
[17/04/2014 15:12:20] /save
[17/04/2014 15:12:36] /clean
