[24/07/2016 21:27:35] /ghost
[24/07/2016 21:35:08] /a 2
[24/07/2016 21:35:31] /t
[24/07/2016 21:37:28] /goto gm ciroc
[24/07/2016 21:39:22] /a 2
[24/07/2016 21:39:51] /a 2
[24/07/2016 21:40:38] /t
[24/07/2016 21:42:15] /c gm ciroc
[24/07/2016 21:42:28] /t
[24/07/2016 21:46:02] /a 2
[24/07/2016 21:54:52] /goto gm ciroc
[24/07/2016 22:08:57] /t
[24/07/2016 22:09:08] /goto gm ciroc
[24/07/2016 22:15:49] /goto gm ciroc
[24/07/2016 22:15:51] /t
[24/07/2016 22:35:11] /goto gm ciroc
[24/07/2016 22:36:30] /goto gm ciroc
[24/07/2016 22:36:38] /t
[24/07/2016 22:37:43] /goto gm ciroc
[25/07/2016 18:53:37] /t
[25/07/2016 18:53:43] /ghost
[25/07/2016 18:57:52] /up
[25/07/2016 18:59:01] /bc green Galera lembrando q agora temos armas Donate pra vender por grana rl.. mais info !doar
[25/07/2016 19:07:01] /bc Green Duvidas Help
[25/07/2016 19:13:27] /bc green Duvidas Help (aperte ctrl + T)
[25/07/2016 19:13:30] /bc green Duvidas Help (aperte ctrl + T)
[25/07/2016 19:13:32] /bc green Duvidas Help (aperte ctrl + T)
[25/07/2016 19:13:35] /bc green Duvidas Help (aperte ctrl + T)
[25/07/2016 19:32:13] /bc green Duvidas Help (aperte ctrl + T)
[25/07/2016 19:39:39] /ghost
[25/07/2016 19:44:29] /ghost
[25/07/2016 19:44:36] /ghost
[25/07/2016 19:45:30] /a 2
[25/07/2016 19:45:47] /ghost
[25/07/2016 19:45:50] /bc green Duvidas Help (aperte ctrl + T)
[25/07/2016 19:46:32] /bc green Duvidas Help (aperte ctrl + T)
[25/07/2016 19:50:35] /t
[25/07/2016 19:54:35] /bc green Quem ae quer pvp fala no help
[25/07/2016 20:00:58] /goto Discovery
[25/07/2016 20:04:29] /t
[25/07/2016 20:06:59] /goto Discovery
[25/07/2016 20:07:03] /t
[27/07/2016 21:50:21] /bc green Go anunciar galera n querem pvp n?
[27/07/2016 21:50:23] /bc green Go anunciar galera n querem pvp n?
[27/07/2016 21:50:24] /bc green Go anunciar galera n querem pvp n?
[27/07/2016 21:50:25] /bc green Go anunciar galera n querem pvp n?
[27/07/2016 21:50:26] /bc green Go anunciar galera n querem pvp n?
[27/07/2016 21:50:27] /bc green Go anunciar galera n querem pvp n?
[27/07/2016 22:48:11] /a 4
[28/07/2016 00:30:34] /goto hunter
[28/07/2016 00:32:03] /t
[28/07/2016 00:34:23] /goto gordaum
[28/07/2016 00:35:41] /t
[28/07/2016 01:00:52] /ghost
[28/07/2016 03:09:28] /bc green O lag parou? falem no help
[28/07/2016 03:09:31] /bc green O lag parou? falem no help
[28/07/2016 03:09:32] /bc green O lag parou? falem no help
[28/07/2016 03:09:32] /bc green O lag parou? falem no help
[28/07/2016 03:11:07] /a
[28/07/2016 03:27:56] /newtype 5
[28/07/2016 03:27:59] /newtype 5
[28/07/2016 03:28:01] /newtype 5
[28/07/2016 03:29:30] /up
[28/07/2016 03:29:32] /up
[28/07/2016 03:29:34] /up
[28/07/2016 03:36:46] /t
[28/07/2016 15:08:19] /goto jo'ker
[28/07/2016 15:09:09] /goto thor
[28/07/2016 15:10:58] /goto jo'ker
[28/07/2016 15:11:25] /goto jo'ker
[28/07/2016 15:11:40] /t
[28/07/2016 15:11:49] /goto jo'ker
[28/07/2016 15:12:42] /t
[28/07/2016 15:18:00] /bc green N quero forçar ninguem a por points mas q a area super up compensa pra up e fazer loot compensa Cada bixo da 20kk de loot
[28/07/2016 15:18:01] /bc green N quero forçar ninguem a por points mas q a area super up compensa pra up e fazer loot compensa Cada bixo da 20kk de loot
[28/07/2016 15:18:02] /bc green N quero forçar ninguem a por points mas q a area super up compensa pra up e fazer loot compensa Cada bixo da 20kk de loot
[28/07/2016 15:18:03] /bc green N quero forçar ninguem a por points mas q a area super up compensa pra up e fazer loot compensa Cada bixo da 20kk de loot
[28/07/2016 15:18:03] /bc green N quero forçar ninguem a por points mas q a area super up compensa pra up e fazer loot compensa Cada bixo da 20kk de loot
[28/07/2016 15:19:11] /c [Svip] Dani
[28/07/2016 15:39:54] /goto jo'ker
[28/07/2016 15:40:15] /t
[28/07/2016 15:40:25] /goto jo'ker
[28/07/2016 15:40:54] /t
[28/07/2016 16:11:16] /goto adm joga sem dedo
[28/07/2016 16:22:02] /goto jo'ker
[28/07/2016 16:47:09] /a
[28/07/2016 16:54:18] /goto thor
[28/07/2016 16:55:23] /t
[28/07/2016 16:55:28] /goto assassin owns
[28/07/2016 16:55:39] /t
[28/07/2016 17:08:43] /b GALERA VAMOS ESTAR TROCANDO DE HOST AGORA... DENTRO DE 30 MINUTOS NO MAXIMO SERVER ESTARA DE VOLTA, N IREMOS RESETAR APENAS TROCAR DE HOST!
[28/07/2016 17:08:44] /b GALERA VAMOS ESTAR TROCANDO DE HOST AGORA... DENTRO DE 30 MINUTOS NO MAXIMO SERVER ESTARA DE VOLTA, N IREMOS RESETAR APENAS TROCAR DE HOST!
[28/07/2016 17:08:45] /b GALERA VAMOS ESTAR TROCANDO DE HOST AGORA... DENTRO DE 30 MINUTOS NO MAXIMO SERVER ESTARA DE VOLTA, N IREMOS RESETAR APENAS TROCAR DE HOST!
[28/07/2016 17:08:46] /b GALERA VAMOS ESTAR TROCANDO DE HOST AGORA... DENTRO DE 30 MINUTOS NO MAXIMO SERVER ESTARA DE VOLTA, N IREMOS RESETAR APENAS TROCAR DE HOST!
[28/07/2016 17:08:47] /b GALERA VAMOS ESTAR TROCANDO DE HOST AGORA... DENTRO DE 30 MINUTOS NO MAXIMO SERVER ESTARA DE VOLTA, N IREMOS RESETAR APENAS TROCAR DE HOST!
[28/07/2016 17:08:47] /b GALERA VAMOS ESTAR TROCANDO DE HOST AGORA... DENTRO DE 30 MINUTOS NO MAXIMO SERVER ESTARA DE VOLTA, N IREMOS RESETAR APENAS TROCAR DE HOST!
[28/07/2016 17:08:48] /b GALERA VAMOS ESTAR TROCANDO DE HOST AGORA... DENTRO DE 30 MINUTOS NO MAXIMO SERVER ESTARA DE VOLTA, N IREMOS RESETAR APENAS TROCAR DE HOST!
[28/07/2016 17:08:49] /b GALERA VAMOS ESTAR TROCANDO DE HOST AGORA... DENTRO DE 30 MINUTOS NO MAXIMO SERVER ESTARA DE VOLTA, N IREMOS RESETAR APENAS TROCAR DE HOST!
[28/07/2016 18:07:06] /a
[28/07/2016 20:58:55] /a 5
[28/07/2016 20:58:56] /a 5
[28/07/2016 20:59:53] /t
[28/07/2016 21:37:57] /goto thor
[28/07/2016 21:38:03] /t
[29/07/2016 00:07:53] /a 50
[29/07/2016 00:07:55] /a 50
[29/07/2016 00:07:56] /a 50
[29/07/2016 00:07:58] /a 50
[29/07/2016 00:08:02] /a 25
[29/07/2016 01:23:54] /owner oblivium
[29/07/2016 01:30:47] /goto Discovery
[29/07/2016 01:37:04] /t
[29/07/2016 01:53:49] /up
[29/07/2016 01:53:51] /up
[29/07/2016 01:53:52] /up
[29/07/2016 01:53:54] /up
[29/07/2016 01:53:58] /a 5
[29/07/2016 12:13:18] /kick oblivium
[29/07/2016 12:16:35] /owner oblivium
[29/07/2016 12:24:23] /t
[29/07/2016 12:44:06] /t
[29/07/2016 17:19:27] /t
[29/07/2016 18:33:47] /a
[29/07/2016 18:34:21] /c Fabin Pica Dura
[29/07/2016 18:35:00] /t
