[06/08/2011 04:47:20] /i 2160
[06/08/2011 04:47:51] /i vip stone
[06/08/2011 04:48:11] /a
[06/08/2011 04:48:22] /addskill Hioheosi,level,9999999
[06/08/2011 04:48:59] /a
[06/08/2011 04:49:00] /a
[06/08/2011 04:49:07] /a 10
[06/08/2011 04:49:08] /a 10
[06/08/2011 04:49:09] /a 10
[06/08/2011 04:49:09] /a 10
[06/08/2011 04:49:18] /a 4
[06/08/2011 04:49:22] /a 20
[06/08/2011 04:49:23] /a 20
[06/08/2011 04:49:24] /a 20
[06/08/2011 04:49:25] /a 20
[06/08/2011 04:49:25] /a 20
[06/08/2011 04:49:26] /a 20
[06/08/2011 04:49:28] /a 20
[06/08/2011 04:49:29] /a 20
[06/08/2011 04:49:31] /a 20
[06/08/2011 04:50:30] /down
[06/08/2011 04:51:08] /up
[06/08/2011 04:51:12] /up
