[19/10/2011 15:26:58] /b SO COM 3?
[19/10/2011 15:26:59] /b SO COM 3?
[19/10/2011 15:26:59] /b SO COM 3?
[19/10/2011 15:34:36] /b RENAN BUBLIT'Z AKI KRL
[19/10/2011 15:34:37] /b RENAN BUBLIT'Z AKI KRL
[19/10/2011 16:20:01] /b 16:19 Voce agora é Baiak Vip. System Vip By {GOD} Bryan.
[19/10/2011 16:21:43] /b espera eu
[19/10/2011 16:22:35] /b ja forão
[19/10/2011 16:24:31] /b to no infernatil já
[19/10/2011 16:24:32] /b to no infernatil já
[19/10/2011 16:24:32] /b to no infernatil já
[19/10/2011 16:24:39] /b kde vcs?
[19/10/2011 16:38:30] /b agr go quest das armars? vip3?
[19/10/2011 16:38:31] /b agr go quest das armars? vip3?
[19/10/2011 16:38:31] /b agr go quest das armars? vip3?
[19/10/2011 16:38:32] /b agr go quest das armars? vip3?
[19/10/2011 17:07:00] /b vsf vcs porra fly vsf vc corre porra
[19/10/2011 17:07:01] /b vsf vcs porra fly vsf vc corre porra
[19/10/2011 17:07:01] /b vsf vcs porra fly vsf vc corre porra
[19/10/2011 17:07:01] /b vsf vcs porra fly vsf vc corre porra
[19/10/2011 17:07:02] /b vsf vcs porra fly vsf vc corre porra
[19/10/2011 17:07:04] /b vsf vcs porra fly vsf vc corre porra
[19/10/2011 17:07:05] /b vsf vcs porra fly vsf vc corre porra
[19/10/2011 17:07:56] /b vendo master vip set por baiakzik sword
[19/10/2011 17:07:56] /b vendo master vip set por baiakzik sword
[19/10/2011 17:07:57] /b vendo master vip set por baiakzik sword
[19/10/2011 17:08:10] /b torco aster vip set pro baiakzik sword mas uma master vip sword
[19/10/2011 17:08:11] /b torco aster vip set pro baiakzik sword mas uma master vip sword
[19/10/2011 17:08:11] /b torco aster vip set pro baiakzik sword mas uma master vip sword
[19/10/2011 17:08:12] /b torco aster vip set pro baiakzik sword mas uma master vip sword
[19/10/2011 17:28:26] /b qm ta de cm? qm e tu dionantan
[19/10/2011 17:28:27] /b qm ta de cm? qm e tu dionantan
[19/10/2011 17:28:27] /b qm ta de cm? qm e tu dionantan
[19/10/2011 17:28:45] /b s
[19/10/2011 17:29:47] /b q isso?
[19/10/2011 17:33:49] /b hshsh e mesmo a manha é da /closeserver dps dá /openserver
[19/10/2011 17:33:49] /b hshsh e mesmo a manha é da /closeserver dps dá /openserver
