[19/10/2011 14:14:40] /t
[19/10/2011 14:14:46] /ghost
[19/10/2011 14:16:10] /b runas <<<
[19/10/2011 14:17:36] /a 4
[19/10/2011 14:17:39] /a 4
[19/10/2011 14:19:33] /ghost
[19/10/2011 14:20:41] /r
[19/10/2011 14:20:48] /ghost
[19/10/2011 17:28:00] /b duvidas help pvt ignored
[19/10/2011 17:28:40] /b claro fi se axa q é quem o paap?
[19/10/2011 17:29:31] /b 7:28 Foox Nighty [1428]: Lek 17:28 Foox Nighty [1428]: se ta 17:28 Foox Nighty [1428]: fudido 17:28 Foox Nighty [1428]: espera 17:28 Foox Nighty [1428]: seu 17:28 Foox Nighty [1428]: god 17:28 Foox Nighty [1428]: entra 17:28 Foox Nighty [1428]: vo flaa
[19/10/2011 17:30:10] /goto account manager
[19/10/2011 17:30:16] /goto account manager
[19/10/2011 17:30:23] /goto account manager
[19/10/2011 17:30:35] /goto account manager
[19/10/2011 17:30:48] /goto account manager
[19/10/2011 17:31:07] /b lol quem ta nukando o sv?
[19/10/2011 17:31:38] /b eu sei bando de lixo
[19/10/2011 17:32:29] /b pvt ignored help fla por la
[19/10/2011 17:37:30] /b vo castle otro ot ja volto
