[06/08/2011 03:39:49] /addskill Mast,level,99999999
[06/08/2011 03:39:53] /addskill Mast,level,99999999
[06/08/2011 03:40:19] /a 2
[06/08/2011 03:40:26] /a
[06/08/2011 03:40:55] /a
[06/08/2011 03:40:58] /a
[06/08/2011 03:41:04] /a 50
[06/08/2011 03:41:06] /a 50
[06/08/2011 03:41:09] /a 10
[06/08/2011 03:41:10] /a 10
[06/08/2011 03:41:11] /a 10
[06/08/2011 03:41:14] /a 10
[06/08/2011 03:41:14] /a 10
[06/08/2011 03:41:15] /a 10
[06/08/2011 03:41:25] /a 4
[06/08/2011 03:41:29] /a 50
[06/08/2011 03:41:30] /a 50
[06/08/2011 03:41:31] /a 50
[06/08/2011 03:41:32] /a 50
[06/08/2011 03:41:35] /a 10
[06/08/2011 03:41:35] /a 10
[06/08/2011 03:41:37] /a 10
[06/08/2011 03:41:40] /a 5
[06/08/2011 03:42:24] /a 20
[06/08/2011 03:42:25] /a 20
[06/08/2011 03:42:27] /a 20
[06/08/2011 03:42:35] /a 4
[06/08/2011 03:42:43] /up
[06/08/2011 03:42:45] /r
[06/08/2011 03:42:52] /a 20
[06/08/2011 03:42:53] /a 20
[06/08/2011 03:42:54] /a 20
[06/08/2011 03:48:50] /save
