[03/07/2016 17:43:34] /a 2
[03/07/2016 17:43:40] /a 5
[03/07/2016 17:43:42] /a 10
[03/07/2016 17:44:00] /t
[03/07/2016 17:44:04] /a 2
[03/07/2016 17:44:13] /c ADM Zik
[03/07/2016 17:44:15] /a 10
[03/07/2016 17:44:17] /a 5
[03/07/2016 17:44:23] /c ADM Zik
[03/07/2016 17:45:58] /goto newblade
[03/07/2016 17:46:09] /goto ADM Zik
[03/07/2016 17:50:26] /i Icy Barbarian Axe
[03/07/2016 17:50:37] /i Icy Knight Axe	
[03/07/2016 17:50:44] /i Earth Knight Axe
[03/07/2016 17:51:19] /i Energy Headchopper
[03/07/2016 17:51:50] /i master vip axe
[03/07/2016 17:52:38] /attr set attack 600
[03/07/2016 17:53:04] /t
[03/07/2016 17:54:55] /i critical pedra
[03/07/2016 17:56:57] /r
[03/07/2016 17:56:58] /t
[03/07/2016 17:57:47] /a 3
[03/07/2016 17:58:48] /a 10
[03/07/2016 17:58:51] /a 10
[03/07/2016 17:59:32] /t
[03/07/2016 18:01:26] /newtype 56
[03/07/2016 18:01:32] /goto ADM Zik
[03/07/2016 18:01:35] /newtype 66
[03/07/2016 18:01:47] /newtype 77
[03/07/2016 18:01:50] /newtype 76
[03/07/2016 18:02:20] /newtype 78
[03/07/2016 18:02:29] /newtype 75
[03/07/2016 18:02:47] /newtype 74
[03/07/2016 18:02:51] /newtype 73
[03/07/2016 18:02:52] /newtype 72
[03/07/2016 18:02:53] /newtype 71
[03/07/2016 18:02:55] /newtype 79
[03/07/2016 18:02:58] /newtype 80
[03/07/2016 18:02:59] /newtype 81
[03/07/2016 18:03:03] /newtype 82
[03/07/2016 18:03:04] /newtype 83
[03/07/2016 18:03:05] /newtype 84
[03/07/2016 18:03:07] /newtype 85
[03/07/2016 18:03:09] /newtype 86
[03/07/2016 18:03:10] /newtype 87
[03/07/2016 18:03:12] /newtype 88
[03/07/2016 18:03:13] /newtype 89
[03/07/2016 18:03:21] /newtype 90
[03/07/2016 18:03:22] /newtype 91
[03/07/2016 18:03:23] /newtype 92
[03/07/2016 18:03:26] /newtype 93
[03/07/2016 18:03:27] /newtype 94
[03/07/2016 18:03:30] /newtype 95
[03/07/2016 18:03:31] /newtype 96
[03/07/2016 18:03:33] /newtype 97
[03/07/2016 18:03:34] /newtype 98
[03/07/2016 18:03:35] /newtype 99
[03/07/2016 18:03:38] /newtype 100
[03/07/2016 18:03:39] /newtype 101
[03/07/2016 18:03:40] /newtype 102
[03/07/2016 18:03:44] /newtype 103
[03/07/2016 18:03:45] /newtype 104
[03/07/2016 18:03:46] /newtype 105
[03/07/2016 18:03:49] /newtype 106
[03/07/2016 18:03:51] /newtype 107
[03/07/2016 18:03:53] /newtype 108
[03/07/2016 18:03:54] /newtype 109
[03/07/2016 18:03:57] /newtype 100
[03/07/2016 18:04:00] /newtype 110
[03/07/2016 18:04:01] /newtype 112
[03/07/2016 18:04:03] /newtype 111
[03/07/2016 18:04:05] /newtype 112
[03/07/2016 18:04:09] /newtype 113
[03/07/2016 18:04:11] /newtype 114
[03/07/2016 18:04:12] /newtype 115
[03/07/2016 18:04:13] /newtype 116
[03/07/2016 18:04:14] /newtype 117
[03/07/2016 18:04:16] /newtype 118
[03/07/2016 18:04:17] /newtype 119
[03/07/2016 18:04:21] /newtype 120
[03/07/2016 18:04:22] /newtype 121
[03/07/2016 18:04:23] /newtype 122
[03/07/2016 18:04:25] /newtype 123
[03/07/2016 18:04:27] /newtype 122
[03/07/2016 18:04:31] /newtype 124
[03/07/2016 18:04:32] /newtype 125
[03/07/2016 18:04:33] /newtype 126
[03/07/2016 18:04:35] /newtype 127
[03/07/2016 18:04:37] /newtype 129
[03/07/2016 18:04:42] /newtype 30
[03/07/2016 18:04:45] /newtype 31
[03/07/2016 18:04:47] /newtype 32
[03/07/2016 18:04:49] /newtype 33
[03/07/2016 18:04:51] /newtype 34
[03/07/2016 18:04:52] /newtype 35
[03/07/2016 18:04:53] /newtype 36
[03/07/2016 18:04:54] /newtype 37
[03/07/2016 18:04:56] /newtype 38
[03/07/2016 18:04:58] /newtype 39
[03/07/2016 18:05:00] /newtype 40
[03/07/2016 18:05:01] /newtype 41
[03/07/2016 18:05:05] /newtype 42
[03/07/2016 18:05:06] /newtype 43
[03/07/2016 18:05:09] /newtype 44
[03/07/2016 18:05:34] /newtype 45
[03/07/2016 18:05:37] /newtype 46
[03/07/2016 18:05:38] /newtype 47
[03/07/2016 18:05:39] /newtype 48
[03/07/2016 18:05:42] /newtype 20
[03/07/2016 18:05:44] /newtype 10
[03/07/2016 18:05:46] /newtype 1
[03/07/2016 18:05:49] /newtype 2
[03/07/2016 18:05:50] /newtype 3
[03/07/2016 18:05:52] /newtype 4
[03/07/2016 18:05:53] /newtype 5
[03/07/2016 18:05:54] /newtype 6
[03/07/2016 18:05:55] /newtype 7
[03/07/2016 18:05:58] /newtype 8
[03/07/2016 18:05:59] /newtype 9
[03/07/2016 18:06:01] /newtype 0
[03/07/2016 18:06:04] /newtype 12
[03/07/2016 18:06:05] /newtype 13
[03/07/2016 18:06:08] /newtype 14
[03/07/2016 18:06:09] /newtype 15
[03/07/2016 18:06:10] /newtype 16
[03/07/2016 18:06:12] /newtype 17
[03/07/2016 18:06:14] /newtype 18
[03/07/2016 18:06:22] /newtype 19
[03/07/2016 18:06:26] /newtype 20
[03/07/2016 18:06:27] /newtype 21
[03/07/2016 18:06:32] /newtype 44
[03/07/2016 18:06:37] /ghost
[03/07/2016 18:07:38] /i donate staff
