[12/04/2014 20:24:12] /ghost
[12/04/2014 20:24:59] /ghost
[12/04/2014 20:26:28] /b eae viados
[12/04/2014 20:26:44] /b eae viados
[12/04/2014 20:26:45] /b eae viados
[12/04/2014 20:26:47] /b eae viados
[12/04/2014 20:26:47] /b eae viados
[12/04/2014 20:26:52] /b maus ae
[12/04/2014 20:27:57] /ghost
[12/04/2014 20:29:49] /goto [Mvip] [GM]Deus do Caos
[12/04/2014 20:30:24] /a 2
[12/04/2014 20:30:36] /goto [Mvip] [GM]Deus do Caos
[12/04/2014 20:30:39] /goto [Mvip] [GM]Deus do Caos
[12/04/2014 20:30:41] /goto [Mvip] [GM]Deus do Caos
[12/04/2014 20:30:43] /goto [Mvip] [GM]Deus do Caos
[12/04/2014 20:30:45] /goto [Mvip] [GM]Deus do Caos
[12/04/2014 20:30:46] /goto [Mvip] [GM]Deus do Caos
[12/04/2014 20:30:47] /goto [Mvip] [GM]Deus do Caos
[12/04/2014 20:30:49] /goto [Mvip] [GM]Deus do Caos
[12/04/2014 20:30:54] /goto [Mvip] [GM]Deus do Caos
[12/04/2014 20:30:54] /goto [Mvip] [GM]Deus do Caos
[12/04/2014 20:30:55] /goto [Mvip] [GM]Deus do Caos
[12/04/2014 20:31:01] /goto [Mvip] [GM]Deus do Caos
[12/04/2014 20:31:49] /goto [Mvip] [GM]Deus do Caos
[12/04/2014 20:36:18] /up
[12/04/2014 20:36:19] /up
[12/04/2014 20:36:28] /c [Mvip] [GM]Deus do Caos
[12/04/2014 20:38:45] /down
[12/04/2014 20:38:46] /down
[12/04/2014 20:38:51] /goto [Mvip] [GM]Deus do Caos
[12/04/2014 20:41:50] /a 2
[12/04/2014 20:41:59] /c [mvip] rafinha
[12/04/2014 20:42:43] /t
[12/04/2014 20:42:50] /t [mvip] rafinha
[12/04/2014 20:43:13] /goto [Mvip] [GM]Deus do Caos
[12/04/2014 20:43:51] /goto [Mvip] [GM]Deus do Caos
[12/04/2014 20:44:11] /goto [Mvip] [GM]Deus do Caos
[12/04/2014 20:44:27] /goto [Mvip] [GM]Deus do Caos
[12/04/2014 20:44:29] /goto [Mvip] [GM]Deus do Caos
[12/04/2014 20:44:30] /goto [Mvip] [GM]Deus do Caos
[12/04/2014 20:44:31] /goto [Mvip] [GM]Deus do Caos
[12/04/2014 20:44:33] /goto [Mvip] [GM]Deus do Caos
[12/04/2014 20:44:36] /goto [Mvip] [GM]Deus do Caos
[12/04/2014 20:44:37] /goto [Mvip] [GM]Deus do Caos
[12/04/2014 20:44:38] /goto [Mvip] [GM]Deus do Caos
[12/04/2014 20:44:39] /goto [Mvip] [GM]Deus do Caos
[12/04/2014 20:44:40] /goto [Mvip] [GM]Deus do Caos
[12/04/2014 20:44:41] /goto [Mvip] [GM]Deus do Caos
[12/04/2014 20:44:42] /goto [Mvip] [GM]Deus do Caos
[12/04/2014 20:44:43] /goto [Mvip] [GM]Deus do Caos
[12/04/2014 20:44:44] /goto [Mvip] [GM]Deus do Caos
[12/04/2014 20:44:45] /goto [Mvip] [GM]Deus do Caos
[12/04/2014 20:44:46] /goto [Mvip] [GM]Deus do Caos
[12/04/2014 20:44:47] /goto [Mvip] [GM]Deus do Caos
[12/04/2014 20:44:47] /goto [Mvip] [GM]Deus do Caos
[12/04/2014 20:44:48] /goto [Mvip] [GM]Deus do Caos
[12/04/2014 20:44:48] /goto [Mvip] [GM]Deus do Caos
[12/04/2014 20:44:49] /goto [Mvip] [GM]Deus do Caos
[12/04/2014 20:44:51] /goto [Mvip] [GM]Deus do Caos
[12/04/2014 20:44:52] /goto [Mvip] [GM]Deus do Caos
[12/04/2014 20:44:54] /goto [Mvip] [GM]Deus do Caos
[12/04/2014 20:44:55] /goto [Mvip] [GM]Deus do Caos
[12/04/2014 20:44:56] /goto [Mvip] [GM]Deus do Caos
[12/04/2014 20:44:57] /goto [Mvip] [GM]Deus do Caos
[12/04/2014 20:44:59] /goto [Mvip] [GM]Deus do Caos
[12/04/2014 20:45:00] /goto [Mvip] [GM]Deus do Caos
[12/04/2014 20:45:01] /goto [Mvip] [GM]Deus do Caos
[12/04/2014 20:45:02] /goto [Mvip] [GM]Deus do Caos
[12/04/2014 20:45:05] /goto [Mvip] [GM]Deus do Caos
[12/04/2014 20:45:07] /goto [Mvip] [GM]Deus do Caos
[12/04/2014 20:45:10] /goto [Mvip] [GM]Deus do Caos
[12/04/2014 20:45:13] /goto [Mvip] [GM]Deus do Caos
[12/04/2014 20:45:26] /goto [Mvip] [GM]Deus do Caos
[12/04/2014 20:45:28] /goto [Mvip] [GM]Deus do Caos
[12/04/2014 20:45:30] /goto [Mvip] [GM]Deus do Caos
[12/04/2014 20:45:31] /goto [Mvip] [GM]Deus do Caos
[12/04/2014 20:45:43] /goto [Mvip] [GM]Deus do Caos
[12/04/2014 20:45:58] /goto [Mvip] [GM]Deus do Caos
[12/04/2014 20:47:11] /up
[12/04/2014 20:47:12] /up
[12/04/2014 20:47:16] /c [Mvip] [GM]Deus do Caos
[12/04/2014 20:47:18] /ghost
[12/04/2014 20:48:03] /ghost
[12/04/2014 20:48:31] /i 2160
[12/04/2014 20:48:34] /i 2160
[12/04/2014 20:48:43] /r
[12/04/2014 20:48:49] /i backpack
[12/04/2014 20:55:21] /ghost
[12/04/2014 20:55:31] /newtype 302
[12/04/2014 20:56:47] /newtype 263
[12/04/2014 20:56:48] /newtype 262
[12/04/2014 20:56:50] /newtype 264
[12/04/2014 20:56:52] /newtype 267
[12/04/2014 20:56:55] /newtype 265
[12/04/2014 20:56:57] /newtype 266
[12/04/2014 20:58:38] /ghost
[12/04/2014 21:01:33] /r 100
[12/04/2014 21:07:23] /up
[12/04/2014 21:07:24] /up
[12/04/2014 21:07:30] /m bugzin
[12/04/2014 21:07:31] /m bugzin
[12/04/2014 21:07:48] /r 100
[12/04/2014 21:07:49] /r 100
[12/04/2014 21:07:51] /r 100
[12/04/2014 21:07:51] /r 100
[12/04/2014 21:07:56] /up
[12/04/2014 21:07:59] /up
[12/04/2014 21:08:00] /up
[12/04/2014 21:08:03] /a
[12/04/2014 21:09:59] /ghost
[12/04/2014 21:10:28] /newtype 302
[12/04/2014 21:11:38] /down
[12/04/2014 21:11:41] /down
[12/04/2014 21:11:48] /ghost
[12/04/2014 21:11:55] /down
[12/04/2014 21:12:04] /a 20
[12/04/2014 21:12:05] /a 20
[12/04/2014 21:12:06] /a 20
[12/04/2014 21:12:15] /a 4
[12/04/2014 21:12:27] /up
[12/04/2014 21:12:31] /a 50
[12/04/2014 21:12:34] /a 2
[12/04/2014 21:12:36] /a 2
[12/04/2014 21:12:37] /a 2
[12/04/2014 21:12:39] /a 2
[12/04/2014 21:14:13] /t
[12/04/2014 21:14:22] /goto [Mvip] [GM]Deus do Caos
[12/04/2014 21:14:37] /b quem tem barras vem aki no templo e medar
[12/04/2014 21:14:40] /b quem tem barras vem aki no templo e meda
[12/04/2014 21:15:20] /b quem tem barras vem aki no templo e meda
[12/04/2014 21:15:24] /b quem tem barras vem aki no templo e meda
[12/04/2014 21:16:02] /a 2
[12/04/2014 21:16:18] /goto [Mvip] [GM]Deus do Caos
[12/04/2014 21:16:24] /a
[12/04/2014 21:16:47] /b quem tem barras vem aki no templo e meda
[12/04/2014 21:17:07] /t
[12/04/2014 21:17:29] /up
[12/04/2014 21:17:30] /up
[12/04/2014 21:17:30] /up
[12/04/2014 21:17:34] /c [Mvip] Carlao
[12/04/2014 21:18:02] /c [Mvip] [GM]Deus do Caos
[12/04/2014 21:18:41] /ghost
[12/04/2014 21:20:13] /t
[12/04/2014 21:20:29] /t [Mvip] Carlao
[12/04/2014 21:21:02] /ghost
[12/04/2014 21:22:49] /goto [Mvip] [GM]Deus do Caos
[12/04/2014 21:23:03] /c [mvip] rafinha
[12/04/2014 21:23:57] /r 100
[12/04/2014 21:24:07] /ghost
[12/04/2014 21:26:41] /c [mvip] rafinha
[12/04/2014 21:28:04] /goto [Mvip] Rafinha
[12/04/2014 21:29:01] /t
[12/04/2014 21:37:24] /goto [Mvip] [GM]Deus do Caos
[12/04/2014 21:37:38] /a
[12/04/2014 21:37:51] /a
[12/04/2014 21:37:54] /a
[12/04/2014 21:37:55] /a
[12/04/2014 21:38:00] /a
[12/04/2014 21:38:05] /a
[12/04/2014 21:38:13] /a
[12/04/2014 21:38:51] /c [Mvip] [GM]Deus do Caos
[12/04/2014 21:39:22] /b Abominavel
[12/04/2014 21:39:29] /m Abominavel
[12/04/2014 21:39:30] /m Abominavel
[12/04/2014 21:39:31] /m Abominavel
[12/04/2014 21:39:34] /b Abominavel
[12/04/2014 21:39:37] /m Abominavel
[12/04/2014 21:39:37] /m Abominavel
[12/04/2014 21:39:54] /c [Mvip] Rafinha
[12/04/2014 21:44:53] /t
[12/04/2014 21:47:05] /clean
[12/04/2014 21:47:27] /save
[12/04/2014 21:47:43] /r 10
[12/04/2014 21:48:11] /goto [Mvip] [GM]Deus do Caos
[12/04/2014 21:48:48] /t
[12/04/2014 22:02:37] /ghost
[12/04/2014 22:03:43] /c [Mvip] Rafinha
[12/04/2014 22:08:04] /i 2160
[12/04/2014 22:08:14] /i addon doll
[12/04/2014 22:08:28] /i addon doll
[12/04/2014 22:08:53] /r
[12/04/2014 22:09:01] /i backpack
[12/04/2014 22:20:44] /b fllw gente amanham ou senao depois entro bom jogo a todos
[12/04/2014 23:39:15] /a 
[12/04/2014 23:39:22] /a
[12/04/2014 23:50:13] /up
[12/04/2014 23:50:14] /up
[12/04/2014 23:50:23] /c Xoxo aika
[12/04/2014 23:51:40] /c louco
[12/04/2014 23:53:10] /up
[12/04/2014 23:53:15] /c Xoxo aika
[12/04/2014 23:53:39] /c louco
[13/04/2014 00:34:49] /t
[13/04/2014 00:35:11] /i
[13/04/2014 00:35:14] /up
[13/04/2014 00:35:15] /up
[13/04/2014 00:35:25] /c xoxo aik
[13/04/2014 00:35:29] /c xoxo aick
[13/04/2014 00:35:38] /c Xoxo aika
[13/04/2014 00:35:39] /c Xoxo aika
[13/04/2014 00:35:41] /c Xoxo aika
[13/04/2014 00:35:42] /c Xoxo aika
[13/04/2014 00:35:45] /up
[13/04/2014 00:39:14] /t Louco
[13/04/2014 00:39:16] /t
[13/04/2014 00:41:05] /a
[13/04/2014 00:41:19] /a
[13/04/2014 00:41:20] /a
[13/04/2014 00:41:28] /up
[13/04/2014 00:41:34] /a
[13/04/2014 00:41:37] /up
[13/04/2014 00:41:40] /a
[13/04/2014 00:41:46] /a
[13/04/2014 00:41:48] /a
[13/04/2014 00:41:48] /a
[13/04/2014 00:41:49] /a
[13/04/2014 00:41:49] /a
[13/04/2014 00:41:51] /a
[13/04/2014 00:41:52] /a
[13/04/2014 00:42:01] /a 10
[13/04/2014 00:42:05] /down
[13/04/2014 03:53:59] /i 7383
[13/04/2014 03:54:20] /r
[13/04/2014 03:55:06] /c Mage Of Hells
[13/04/2014 04:27:56] /t
[13/04/2014 04:30:36] /a 10
[13/04/2014 04:30:39] /a 10
[13/04/2014 04:30:43] /a 10
[13/04/2014 04:30:47] /a 10
[13/04/2014 04:30:47] /a 10
[13/04/2014 04:30:51] /a 10
[13/04/2014 04:30:54] /a 10
[13/04/2014 04:30:54] /a 10
[13/04/2014 04:31:00] /a 10
[13/04/2014 04:31:06] /a 10
[13/04/2014 04:31:09] /a 10
[13/04/2014 04:31:10] /a 10
[13/04/2014 04:31:12] /a 10
[13/04/2014 04:31:16] /a 10
[13/04/2014 04:31:16] /a 10
[13/04/2014 04:31:16] /a 10
[13/04/2014 04:31:20] /a 10
[13/04/2014 04:31:35] /a 10
[13/04/2014 04:31:42] /a 10
[13/04/2014 04:31:44] /a 10
[13/04/2014 04:31:49] /a 10
[13/04/2014 04:31:52] /a 10
[13/04/2014 04:31:52] /a 10
[13/04/2014 04:31:52] /a 10
[13/04/2014 04:31:52] /a 10
[13/04/2014 04:31:54] /a 10
[13/04/2014 04:31:57] /a 10
[13/04/2014 04:31:59] /a 10
[13/04/2014 04:31:59] /a 10
[13/04/2014 04:33:13] /a 10
[13/04/2014 04:33:15] /a 10
[13/04/2014 04:33:16] /a 10
[13/04/2014 04:33:40] /i backpack
[13/04/2014 04:34:10] /a 5
[13/04/2014 04:34:22] /a 5
[13/04/2014 04:34:23] /a 5
[13/04/2014 04:34:25] /a 5
[13/04/2014 04:34:25] /a 5
[13/04/2014 04:46:44] /a 2
[13/04/2014 04:46:54] /a 2
[13/04/2014 04:46:55] /a 2
[13/04/2014 04:47:11] /i 1431
[13/04/2014 04:48:45] /goto boneco
[13/04/2014 04:51:50] /a
[13/04/2014 04:52:12] /r
[13/04/2014 04:52:14] /r
[13/04/2014 04:52:25] /c [mvip] rafinha
[13/04/2014 04:52:35] /ghost
[13/04/2014 04:52:36] /t
[13/04/2014 04:53:39] /t [mvip] rafinha
[13/04/2014 04:54:47] /t [mvip] rafinha
[13/04/2014 14:52:51] /c [Mvip] [GM]Deus do Caos
[13/04/2014 14:53:49] /t [Mvip] [GM]Deus do Caos
[13/04/2014 14:53:50] /t
[13/04/2014 14:55:20] /c [Mvip] [GM]Deus do Caos
[13/04/2014 14:56:14] /c [Mvip] [GM]Deus do Caos
[13/04/2014 15:01:02] /r
[13/04/2014 15:01:04] /t
[13/04/2014 15:04:50] /ghost
[13/04/2014 15:06:07] /c Fire Elemental
[13/04/2014 15:06:09] /c Fire Elemental
[13/04/2014 15:06:10] /c Fire Elemental
[13/04/2014 15:06:50] /ghost
[13/04/2014 15:08:34] /a
[13/04/2014 15:17:58] /goto [Mvip] [GM]Deus do Caos
[13/04/2014 15:19:41] /goto [Mvip] [GM]Deus do Caos
[13/04/2014 15:20:26] /ghost
[13/04/2014 15:21:42] /b dou 1 addon doll por player vem depot .
[13/04/2014 15:21:45] /b dou 1 addon doll por player vem depot .
[13/04/2014 15:21:49] /b dou 1 addon doll por player vem depot .
[13/04/2014 15:22:02] /b dou 1 addon doll por player vem depot .
[13/04/2014 15:22:18] /b dou 1 addon doll por player vem depot .
[13/04/2014 15:22:54] /b dou 1 addon doll por player vem depot .
[13/04/2014 15:23:18] /b dou 1 addon doll por player vem depot .
[13/04/2014 15:23:28] /b dou 1 addon doll por player vem depot .
[13/04/2014 15:23:33] /b dou 1 addon doll por player vem depot .
[13/04/2014 15:24:06] /b dou 1 addon doll por player vem depot .
[13/04/2014 15:24:24] /b dou 1 addon doll por player vem depot .
[13/04/2014 15:27:26] /t
[13/04/2014 15:29:36] /goto sub zero
[13/04/2014 15:29:40] /a 2
[13/04/2014 15:29:56] /i ice
[13/04/2014 15:30:19] /a
[13/04/2014 15:30:29] /i dado
[13/04/2014 15:30:32] /i dado ice
[13/04/2014 15:32:35] /i dice
[13/04/2014 15:32:57] /a
[13/04/2014 15:32:58] /a
[13/04/2014 15:32:59] /a
[13/04/2014 15:33:00] /a
[13/04/2014 15:33:00] /a
[13/04/2014 15:33:01] /a
[13/04/2014 15:33:02] /a
[13/04/2014 15:33:05] /a 2
[13/04/2014 15:37:43] /t [Mvip] Rafinha
[13/04/2014 15:48:02] /owner Vendedor De Itens
[13/04/2014 15:48:08] /owner Vendedor De Itens
[13/04/2014 15:48:19] /owner paas
[13/04/2014 15:48:48] /owner Ganja'maker
[13/04/2014 15:49:02] /ghost
[13/04/2014 15:55:08] /clean
[13/04/2014 15:59:03] /a 2
[13/04/2014 16:00:16] /a
[13/04/2014 16:03:46] /a 
[13/04/2014 16:53:46] /ghost
[13/04/2014 16:54:32] /newtype 302
[13/04/2014 16:54:54] /newtype 302
[13/04/2014 16:55:09] /newtype 302
[13/04/2014 16:55:32] /newtype 302 GM Deus do Caos
[13/04/2014 16:55:37] /newtype 302 GM Deus do Caos
[13/04/2014 16:55:43] /newtype 302
[13/04/2014 17:28:22] /a
[13/04/2014 17:29:43] /a
[13/04/2014 17:29:46] /a
[13/04/2014 17:31:40] /i 2160
[13/04/2014 17:32:02] /i 2160
[13/04/2014 17:32:14] /i 2160
[13/04/2014 17:32:59] /i 2160
[13/04/2014 17:33:00] /i 2160
[13/04/2014 17:33:00] /i 2160
[13/04/2014 17:33:01] /i 2160
[13/04/2014 17:34:31] /a
[13/04/2014 17:34:36] /i ice
[13/04/2014 17:34:37] /i ice
[13/04/2014 17:34:40] /i ice
[13/04/2014 17:34:42] /i ice
[13/04/2014 17:34:44] /i ice
[13/04/2014 17:34:47] /i ice
[13/04/2014 17:34:48] /i ice
[13/04/2014 17:34:49] /i ice
[13/04/2014 17:34:50] /i ice
[13/04/2014 17:34:51] /i ice
[13/04/2014 17:34:52] /i ice
[13/04/2014 17:34:52] /i ice
[13/04/2014 17:34:54] /i ice
[13/04/2014 17:34:55] /i ice
[13/04/2014 17:34:56] /i ice
[13/04/2014 17:34:57] /i ice
[13/04/2014 17:34:58] /i ice
[13/04/2014 17:34:59] /i ice
[13/04/2014 17:34:59] /i ice
[13/04/2014 17:35:00] /i ice
[13/04/2014 17:35:02] /i ice
[13/04/2014 17:35:03] /i ice
[13/04/2014 17:35:04] /i ice
[13/04/2014 17:35:05] /i ice
[13/04/2014 17:35:07] /i ice
[13/04/2014 17:35:08] /i ice
[13/04/2014 17:35:09] /i ice
[13/04/2014 17:35:10] /i ice
[13/04/2014 17:35:11] /i ice
[13/04/2014 17:35:23] /i 8040
[13/04/2014 17:35:27] /r
[13/04/2014 17:35:50] /a
[13/04/2014 17:35:54] /a
[13/04/2014 17:37:06] /b galera jaja evento bp daki 5 minutos
[13/04/2014 17:37:39] /i addon dol
[13/04/2014 17:37:52] /i addon doll
[13/04/2014 17:38:27] /newtype
[13/04/2014 17:38:31] /newtype 21
[13/04/2014 17:38:34] /newtype 23
[13/04/2014 17:38:35] /newtype 24
[13/04/2014 17:38:36] /newtype 26
[13/04/2014 17:38:38] /newtype 27
[13/04/2014 17:38:39] /newtype 28
[13/04/2014 17:38:41] /newtype 28
[13/04/2014 17:38:42] /newtype 29
[13/04/2014 17:38:44] /newtype 30
[13/04/2014 17:38:51] /newtype 27
[13/04/2014 17:39:27] /newtype 26
[13/04/2014 17:41:53] /a
[13/04/2014 17:42:10] /ghost
[13/04/2014 17:42:16] /ghost
[13/04/2014 17:43:03] /newtype 262, gm deus do caos
[13/04/2014 17:43:04] /newtype 262, gm deus do cao4
[13/04/2014 17:43:10] /newtype 263, gm deus do caos
[13/04/2014 17:43:16] /newtype 266, gm deus do caos
[13/04/2014 17:43:40] /newtype 266, gm deus do caos
[13/04/2014 17:43:55] /newtype 266, gm deus do caos
[13/04/2014 17:49:59] /newtype 302, Soul Kill
[13/04/2014 17:50:26] /newtype 28 Soul Kill
[13/04/2014 17:50:34] /newtype 28, Soul Kill
[13/04/2014 17:50:42] /newtype 27, Soul Kill
[13/04/2014 17:51:54] /newtype 27
[13/04/2014 17:55:56] /ghost
[13/04/2014 18:00:16] /t
[13/04/2014 18:06:24] /a
[13/04/2014 18:06:37] /a
[13/04/2014 18:06:40] /a 2
[13/04/2014 18:06:43] /a 2
[13/04/2014 18:06:49] /c GM Deus do Caos
[13/04/2014 18:06:52] /ghost
[13/04/2014 18:07:31] /c GM Deus do Caos
[13/04/2014 18:08:02] /ghost
[13/04/2014 18:09:30] /a
[13/04/2014 18:09:32] /a
[13/04/2014 18:11:50] /a 2
[13/04/2014 18:11:55] /a 2
[13/04/2014 18:11:58] /a 2
[13/04/2014 18:12:02] /c GM Deus do Caos
[13/04/2014 18:13:37] /goto GM Deus do Caos
[13/04/2014 18:14:42] /b adm ta ae
[13/04/2014 18:17:33] /ghost
[13/04/2014 20:54:08] /t [Mvip] Bobzika
[13/04/2014 21:03:28] /b quem nao sabe onde e evento me fala help puxo
[13/04/2014 21:03:29] /b quem nao sabe onde e evento me fala help puxo
[13/04/2014 21:03:32] /b quem nao sabe onde e evento me fala help puxo
[13/04/2014 21:03:33] /b quem nao sabe onde e evento me fala help puxo
[13/04/2014 21:03:36] /b quem nao sabe onde e evento me fala help puxo
[13/04/2014 21:03:38] /b quem nao sabe onde e evento me fala help puxo
[13/04/2014 21:03:39] /b quem nao sabe onde e evento me fala help puxo
[13/04/2014 21:03:41] /b quem nao sabe onde e evento me fala help puxo
[13/04/2014 21:04:00] /b quem nao sabe onde e evento me fala help puxo
[13/04/2014 21:04:04] /b quem nao sabe onde e evento me fala help puxo
[13/04/2014 21:04:04] /b quem nao sabe onde e evento me fala help puxo
[13/04/2014 21:04:05] /b quem nao sabe onde e evento me fala help puxo
[13/04/2014 21:04:05] /b quem nao sabe onde e evento me fala help puxo
[13/04/2014 21:04:06] /b quem nao sabe onde e evento me fala help puxo
[13/04/2014 21:04:11] /b quem nao sabe onde e evento me fala help puxo
[13/04/2014 21:04:13] /b quem nao sabe onde e evento me fala help puxo
[13/04/2014 21:04:15] /b quem nao sabe onde e evento me fala help puxo
[13/04/2014 21:04:17] /b quem nao sabe onde e evento me fala help puxo
[13/04/2014 21:04:28] /b quem nao sabe onde e evento me fala help puxo
[13/04/2014 21:05:00] /b quem nao sabe onde e evento me fala help puxo
[13/04/2014 21:05:05] /b quem nao sabe onde e evento me fala help puxo
[13/04/2014 21:05:15] /b quem nao sabe onde e evento me fala help puxo
[13/04/2014 21:05:19] /b quem nao sabe onde e evento me fala help puxo
[13/04/2014 21:05:20] /b quem nao sabe onde e evento me fala help puxo
[13/04/2014 21:05:23] /b quem nao sabe onde e evento me fala help puxo
[13/04/2014 21:05:25] /b quem nao sabe onde e evento me fala help puxo
[13/04/2014 21:05:26] /b quem nao sabe onde e evento me fala help puxo
[13/04/2014 21:05:27] /b quem nao sabe onde e evento me fala help puxo
[13/04/2014 21:05:29] /b quem nao sabe onde e evento me fala help puxo
[13/04/2014 21:05:32] /b quem nao sabe onde e evento me fala help puxo
[13/04/2014 21:05:38] /b quem nao sabe onde e evento me fala help puxo
[13/04/2014 21:05:41] /b quem nao sabe onde e evento me fala help puxo
[13/04/2014 21:05:44] /b quem nao sabe onde e evento me fala help puxo
[13/04/2014 21:05:46] /b quem nao sabe onde e evento me fala help puxo
[13/04/2014 22:29:38] /a 2
[13/04/2014 22:29:47] /a 3
[13/04/2014 22:30:18] /c [Mvip] Rafinha
[13/04/2014 22:30:21] /t
[13/04/2014 22:32:07] /c Vice Eterno
[13/04/2014 22:33:53] /ghost
[13/04/2014 22:34:34] /goto Vice Eterno
[13/04/2014 22:34:41] /goto Vice Eterno
[13/04/2014 22:35:02] /t [mvip] rafinha
[13/04/2014 22:35:38] /goto Vice Eterno
[13/04/2014 22:35:39] /goto Vice Eterno
[13/04/2014 22:35:41] /goto Vice Eterno
[13/04/2014 22:35:42] /goto Vice Eterno
[13/04/2014 22:35:45] /goto Vice Eterno
[13/04/2014 22:36:20] /goto Vice Eterno
[13/04/2014 22:42:36] /goto Vice Eterno
[13/04/2014 22:43:08] /clean
[13/04/2014 22:44:31] /goto Vice Eterno
[13/04/2014 22:44:48] /c [Mvip] Rafinha
[13/04/2014 22:45:16] /c [Mvip] Rafinha
[13/04/2014 22:45:19] /a
[13/04/2014 22:45:20] /a
[13/04/2014 22:45:23] /a 2
[13/04/2014 22:45:25] /c [Mvip] Rafinha
[13/04/2014 22:45:29] /goto Vice Eterno
[13/04/2014 22:47:00] /a 3
[13/04/2014 22:49:05] /goto Vice Eterno
[13/04/2014 22:49:08] /goto Vice Eterno
[13/04/2014 22:49:10] /goto Vice Eterno
[13/04/2014 22:50:56] /goto Vice Eterno
[13/04/2014 22:51:06] /c [Mvip] Rafinha
[13/04/2014 22:51:37] /t
[13/04/2014 22:53:03] /goto Vice Eterno
[13/04/2014 22:53:31] /goto Vice Eterno
[13/04/2014 22:53:42] /t boneco
[13/04/2014 22:53:48] /c [Mvip] Rafinha
[13/04/2014 22:54:14] /goto Vice Eterno
[13/04/2014 22:54:47] /t boneco
[13/04/2014 22:54:49] /goto Vice Eterno
[13/04/2014 22:54:53] /goto Vice Eterno
[13/04/2014 22:55:16] /goto Vice Eterno
[13/04/2014 22:55:45] /c [Mvip] Rafinha
[13/04/2014 22:56:24] /goto Vice Eterno
[13/04/2014 22:56:28] /goto Vice Eterno
[13/04/2014 22:56:30] /goto Vice Eterno
[13/04/2014 22:57:31] /goto Vice Eterno
[13/04/2014 22:57:33] /goto Vice Eterno
[13/04/2014 22:57:33] /goto Vice Eterno
[13/04/2014 22:57:34] /goto Vice Eterno
[13/04/2014 22:57:36] /t
[13/04/2014 23:03:15] /goto Negoo
[13/04/2014 23:15:17] /goto negoo
[13/04/2014 23:15:56] /a 2
[13/04/2014 23:16:11] /c [Mvip] Rafinha
[13/04/2014 23:25:29] /t [Mvip] Rafinha
[13/04/2014 23:28:41] /c 23:27 Negoo [25449: .so eu e vc vem
[13/04/2014 23:28:47] /c [Mvip] Rafinha
[13/04/2014 23:31:00] /clean
[13/04/2014 23:37:22] /goto 23:34 Negoo [23244: mlk 23:34 Negoo [23244: vc é um cotoco 23:34 Negoo [23244: lixo 23:34 Negoo [23244: namoral
[13/04/2014 23:37:30] /goto [Mvip] Rafinha
[13/04/2014 23:37:37] /goto [Mvip] Rafinha
[14/04/2014 12:34:55] /clean
[14/04/2014 13:09:56] /b eae gente
[14/04/2014 13:10:40] /b gente duvidas help comigo
[14/04/2014 13:10:40] /b gente duvidas help comigo
[14/04/2014 13:10:41] /b gente duvidas help comigo
[14/04/2014 13:10:41] /b gente duvidas help comigo
[14/04/2014 13:10:42] /b gente duvidas help comigo
[14/04/2014 13:11:12] /b eae fazendo oq de bom ?
[14/04/2014 13:14:00] /clean
[14/04/2014 13:14:31] /b gente vo ta afk aki jaja volto
[14/04/2014 13:14:48] /b pdc galera
[14/04/2014 13:15:21] /ghost
[14/04/2014 13:15:23] /ghost
[14/04/2014 13:28:35] /goto Flappybird
[14/04/2014 13:28:52] /c Deathslicer
[14/04/2014 13:28:54] /c Deathslicer
[14/04/2014 13:28:55] /c Deathslicer
[14/04/2014 13:28:57] /c Deathslicer
[14/04/2014 13:28:59] /c Deathslicer
[14/04/2014 13:28:59] /c Deathslicer
[14/04/2014 13:29:00] /c Deathslicer
[14/04/2014 13:29:00] /c Deathslicer
[14/04/2014 13:29:07] /a 2
[14/04/2014 13:29:09] /c Deathslicer
[14/04/2014 13:29:20] /c Flappybird
[14/04/2014 13:29:35] /ghost
[14/04/2014 13:30:05] /t
[14/04/2014 13:30:13] /ghost
[14/04/2014 13:35:18] /c motr
[14/04/2014 13:35:23] /c mort
[14/04/2014 13:38:38] /c louco
[14/04/2014 13:38:45] /c louco
[14/04/2014 13:38:59] /c boneco
[14/04/2014 13:46:09] /t [mvip] rafinha
[14/04/2014 13:46:26] /ghost
[14/04/2014 13:47:03] /a
[14/04/2014 13:47:06] /a
[14/04/2014 13:47:08] /a
[14/04/2014 13:47:12] /a
[14/04/2014 13:47:14] /a
[14/04/2014 14:00:40] /c [mvip] rafinha
[14/04/2014 14:08:56] /c [mvip] rafinha
[14/04/2014 14:11:07] /t
[14/04/2014 14:11:28] /clean
[14/04/2014 14:12:47] /b fllw seus chupa bola
[14/04/2014 14:12:49] /b fllw seus chupa bola
[14/04/2014 14:12:50] /b fllw seus chupa bola
[15/04/2014 09:48:52] /clean
[15/04/2014 09:49:47] /goto ´[mvip] rafinha
[15/04/2014 09:49:51] /goto [mvip] rafinha
[15/04/2014 09:51:05] /c [mvip] rafinha
[15/04/2014 09:55:14] /c [mvip] rafinha
[15/04/2014 09:56:24] /c [mvip] rafinha
[15/04/2014 10:01:55] /c [mvip] rafinha
[15/04/2014 10:06:33] /t
[15/04/2014 10:07:00] /ghost
[15/04/2014 10:07:23] /goto [Mvip] Como Tu
[15/04/2014 10:07:24] /goto [Mvip] Como Tu
[15/04/2014 10:07:28] /goto [Mvip] Como Tu
[15/04/2014 10:07:34] /goto boneco
[15/04/2014 10:07:38] /t
[15/04/2014 10:07:49] /t [mvip] rafinha
[15/04/2014 10:07:58] /c boneco
[15/04/2014 10:08:09] /c boneco
[15/04/2014 10:08:11] /c boneco
[15/04/2014 10:08:21] /c boneco
[15/04/2014 10:08:26] /c boneco
[15/04/2014 10:08:49] /c boneco
[15/04/2014 10:09:51] /c boneco
[15/04/2014 10:10:10] /ghost
[15/04/2014 10:10:52] /c Mage Of Hells
[15/04/2014 10:11:24] /c Mage Of Hells
[15/04/2014 12:28:46] /ghost
[15/04/2014 12:28:58] /goto boneco
[15/04/2014 12:29:11] /a
[15/04/2014 12:32:27] /ghost
[15/04/2014 12:39:37] /goto boneco
[15/04/2014 22:11:36] /ghost
[15/04/2014 22:11:40] /goto boneco
[15/04/2014 22:13:09] /goto boneco
[15/04/2014 22:13:10] /goto boneco
[15/04/2014 22:13:26] /clean
[15/04/2014 22:14:07] /goto Flappybird
[15/04/2014 22:14:27] /goto [Mvip] Master Delivery Max
[15/04/2014 22:16:42] /goto [Mvip] Master Delivery Max
[15/04/2014 22:16:46] /goto [Mvip] Master Delivery Max
[15/04/2014 22:17:07] /c [Mvip] Master Delivery Max
[15/04/2014 22:17:36] /t
[15/04/2014 22:23:28] /goto [Mvip] Totozinha sz
[15/04/2014 22:45:04] /goto beneco
[15/04/2014 22:53:55] /c Demon And Darkness
[15/04/2014 22:56:57] /goto boneco
[15/04/2014 23:02:27] /goto boneco
[15/04/2014 23:02:35] /goto boneco
[15/04/2014 23:02:38] /goto boneco
[15/04/2014 23:02:39] /goto boneco
[15/04/2014 23:02:40] /goto boneco
[15/04/2014 23:02:49] /goto boneco
[15/04/2014 23:13:40] /goto jessica sz
[15/04/2014 23:14:00] /goto [mvip] jessica sz
[15/04/2014 23:14:41] /ghost
[16/04/2014 17:50:42] /ghost
[16/04/2014 17:50:46] /goto boneco
[16/04/2014 17:50:49] /t
[16/04/2014 17:50:56] /clean
[17/04/2014 13:41:37] /ghost
[17/04/2014 13:41:40] /goto boneco
[17/04/2014 13:41:49] /goto [mvip] jessica sz
[17/04/2014 13:41:51] /t
[17/04/2014 13:56:17] /clean
[17/04/2014 14:00:40] /t
[17/04/2014 14:00:42] /clean
[17/04/2014 14:03:09] /a 20
[17/04/2014 14:03:11] /a 20
[17/04/2014 14:03:11] /a 20
[17/04/2014 14:03:18] /a 4
[17/04/2014 14:03:29] /up
[17/04/2014 14:03:35] /c Ssasjai
[17/04/2014 14:03:38] /t
[17/04/2014 14:10:16] /b adm ta ae ?
[17/04/2014 14:11:41] /ghost
[17/04/2014 14:11:46] /b adm ta ae
[17/04/2014 14:12:05] /b go evento
[17/04/2014 14:12:10] /b go evento war
[17/04/2014 14:12:10] /b go evento war
[17/04/2014 14:12:23] /b venham castle
[17/04/2014 14:12:39] /a 5
[17/04/2014 14:12:47] /b venham castle
[17/04/2014 14:12:55] /b venham castle
[17/04/2014 14:13:03] /b venham castle
[17/04/2014 14:13:05] /a
[17/04/2014 14:13:18] /a
[17/04/2014 14:13:33] /a 2
[17/04/2014 14:13:40] /c [Mvip] Adolf hitler
[17/04/2014 14:13:45] /c [Mvip] Filho do Doidao
[17/04/2014 14:13:53] /c doidao
[17/04/2014 14:14:20] /b adm ta ae
[17/04/2014 14:14:33] /a 2
[17/04/2014 14:14:42] /b eento cancelado
[17/04/2014 14:14:50] /b eento cancelado descupem mais tarde eu fasso
[17/04/2014 14:14:55] /b nao da pra entrar
[17/04/2014 14:15:30] /b mal ae galera
[17/04/2014 14:15:32] /t
[17/04/2014 14:15:47] /goto [Mvip] Diabolik Angel
[17/04/2014 14:15:51] /goto [Mvip] Diabolik Angel
[17/04/2014 14:15:58] /goto [Mvip] Diabolik Angel
[17/04/2014 14:15:59] /goto [Mvip] Diabolik Angel
[17/04/2014 14:17:53] /ghost
[17/04/2014 14:18:07] /a 2
[17/04/2014 14:18:07] /a 2
[17/04/2014 14:18:07] /a 2
[17/04/2014 14:18:09] /a 2
[17/04/2014 14:18:11] /a 2
[17/04/2014 14:18:11] /a 2
[17/04/2014 14:18:12] /a 2
[17/04/2014 14:18:12] /a 2
[17/04/2014 14:18:12] /a 2
[17/04/2014 14:18:12] /a 2
[17/04/2014 14:18:12] /a 2
[17/04/2014 14:18:13] /a 2
[17/04/2014 14:18:13] /a 2
[17/04/2014 14:18:13] /a 2
[17/04/2014 14:18:13] /a 2
[17/04/2014 14:18:14] /a 2
[17/04/2014 14:18:14] /a 2
[17/04/2014 14:18:14] /a 2
[17/04/2014 14:18:14] /a 2
[17/04/2014 14:18:14] /a 2
[17/04/2014 14:18:14] /a 2
[17/04/2014 14:18:15] /a 2
[17/04/2014 14:18:15] /a 2
[17/04/2014 14:18:15] /a 2
[17/04/2014 14:18:15] /a 2
[17/04/2014 14:18:16] /a 2
[17/04/2014 14:18:16] /a 2
[17/04/2014 14:18:16] /a 2
[17/04/2014 14:18:16] /a 2
[17/04/2014 14:18:16] /a 2
[17/04/2014 14:18:17] /a 2
[17/04/2014 14:18:17] /a 2
[17/04/2014 14:18:17] /a 2
[17/04/2014 14:18:17] /a 2
[17/04/2014 14:18:18] /a 2
[17/04/2014 14:18:18] /a 2
[17/04/2014 14:18:19] /a 2
[17/04/2014 14:18:20] /a 2
[17/04/2014 14:18:20] /a 2
[17/04/2014 14:18:20] /a 2
[17/04/2014 14:18:21] /a 2
[17/04/2014 14:18:22] /a 2
[17/04/2014 14:18:22] /a 2
[17/04/2014 14:18:25] /a 2
[17/04/2014 14:18:25] /a 2
[17/04/2014 14:18:25] /a 2
[17/04/2014 14:18:26] /a 2
[17/04/2014 14:18:27] /a 2
[17/04/2014 14:18:27] /a 2
[17/04/2014 14:18:28] /a 2
[17/04/2014 14:18:28] /a 2
[17/04/2014 14:18:28] /a 2
[17/04/2014 14:18:28] /a 2
[17/04/2014 14:18:29] /a 2
[17/04/2014 14:18:29] /a 2
[17/04/2014 14:18:29] /a 2
[17/04/2014 14:18:29] /a 2
[17/04/2014 14:18:29] /a 2
[17/04/2014 14:18:30] /a 2
[17/04/2014 14:18:30] /a 2
[17/04/2014 14:18:30] /a 2
[17/04/2014 14:18:31] /a 2
[17/04/2014 14:18:31] /a 2
[17/04/2014 14:18:31] /a 2
[17/04/2014 14:18:31] /a 2
[17/04/2014 14:18:31] /a 2
[17/04/2014 14:18:32] /a 2
[17/04/2014 14:18:32] /a 2
[17/04/2014 14:18:32] /a 2
[17/04/2014 14:18:33] /a 2
[17/04/2014 14:18:33] /a 2
[17/04/2014 14:18:33] /a 2
[17/04/2014 14:18:33] /a 2
[17/04/2014 14:18:33] /a 2
[17/04/2014 14:18:34] /a 2
[17/04/2014 14:18:35] /a 2
[17/04/2014 14:18:35] /a 2
[17/04/2014 14:18:35] /a 2
[17/04/2014 14:18:35] /a 2
[17/04/2014 14:18:36] /a 2
[17/04/2014 14:18:37] /a 2
[17/04/2014 14:18:37] /a 2
[17/04/2014 14:18:37] /a 2
[17/04/2014 14:18:38] /a 2
[17/04/2014 14:18:39] /a 2
[17/04/2014 14:18:40] /a 2
[17/04/2014 14:18:41] /a 2
[17/04/2014 14:18:42] /a 2
[17/04/2014 14:18:42] /a 2
[17/04/2014 14:18:42] /a 2
[17/04/2014 14:18:43] /a 2
[17/04/2014 14:18:43] /a 2
[17/04/2014 14:18:43] /a 2
[17/04/2014 14:18:44] /a 2
[17/04/2014 14:18:44] /a 2
[17/04/2014 14:18:47] /a 2
[17/04/2014 14:18:47] /a 2
[17/04/2014 14:18:47] /a 2
[17/04/2014 14:18:48] /a 2
[17/04/2014 14:18:48] /a 2
[17/04/2014 14:18:48] /a 2
[17/04/2014 14:18:49] /a 2
[17/04/2014 14:18:49] /a 2
[17/04/2014 14:18:49] /a 2
[17/04/2014 14:18:49] /a 2
[17/04/2014 14:18:49] /a 2
[17/04/2014 14:18:50] /a 2
[17/04/2014 14:18:50] /a 2
[17/04/2014 14:18:50] /a 2
[17/04/2014 14:18:50] /a 2
[17/04/2014 14:18:51] /a 2
[17/04/2014 14:18:51] /a 2
[17/04/2014 14:18:51] /a 2
[17/04/2014 14:18:51] /a 2
[17/04/2014 14:18:52] /a 2
[17/04/2014 14:18:52] /a 2
[17/04/2014 14:18:52] /a 2
[17/04/2014 14:18:52] /a 2
[17/04/2014 14:18:52] /a 2
[17/04/2014 14:18:53] /a 2
[17/04/2014 14:18:53] /a 2
[17/04/2014 14:18:53] /a 2
[17/04/2014 14:18:53] /a 2
[17/04/2014 14:18:54] /a 2
[17/04/2014 14:18:54] /a 2
[17/04/2014 14:18:54] /a 2
[17/04/2014 14:18:57] /a 2
[17/04/2014 14:18:57] /a 2
[17/04/2014 14:18:57] /a 2
[17/04/2014 14:18:57] /a 2
[17/04/2014 14:18:57] /a 2
[17/04/2014 14:19:02] /a 2
[17/04/2014 14:19:03] /a 2
[17/04/2014 14:19:04] /a 2
[17/04/2014 14:19:05] /a 2
[17/04/2014 14:19:05] /a 2
[17/04/2014 14:19:05] /a 2
[17/04/2014 14:19:07] /a 2
[17/04/2014 14:19:08] /a 2
[17/04/2014 14:19:08] /a 2
[17/04/2014 14:19:08] /a 2
[17/04/2014 14:19:09] /a 2
[17/04/2014 14:19:09] /a 2
[17/04/2014 14:19:09] /a 2
[17/04/2014 14:19:09] /a 2
[17/04/2014 14:19:10] /a 2
[17/04/2014 14:19:10] /a 2
[17/04/2014 14:19:10] /a 2
[17/04/2014 14:19:10] /a 2
[17/04/2014 14:19:11] /a 2
[17/04/2014 14:19:11] /a 2
[17/04/2014 14:19:11] /a 2
[17/04/2014 14:19:12] /a 2
[17/04/2014 14:19:18] /a 10
[17/04/2014 14:19:20] /a 100
[17/04/2014 14:19:23] /a 100
[17/04/2014 14:19:27] /a 500
[17/04/2014 14:19:28] /a 2
[17/04/2014 14:19:29] /a 2
[17/04/2014 14:19:29] /a 2
[17/04/2014 14:19:29] /a 2
[17/04/2014 14:19:30] /a 2
[17/04/2014 14:19:31] /a 2
[17/04/2014 14:19:31] /a 2
[17/04/2014 14:19:31] /a 2
[17/04/2014 14:19:31] /a 2
[17/04/2014 14:19:32] /a 2
[17/04/2014 14:19:32] /a 2
[17/04/2014 14:19:32] /a 2
[17/04/2014 14:19:33] /a 2
[17/04/2014 14:19:33] /a 2
[17/04/2014 14:19:34] /a 2
[17/04/2014 14:19:35] /a 2
[17/04/2014 14:19:37] /a 2
[17/04/2014 14:19:37] /a 2
[17/04/2014 14:19:38] /a 2
[17/04/2014 14:19:39] /a 2
[17/04/2014 14:19:39] /a 2
[17/04/2014 14:19:39] /a 2
[17/04/2014 14:19:39] /a 2
[17/04/2014 14:19:40] /a 2
[17/04/2014 14:19:40] /a 2
[17/04/2014 14:19:40] /a 2
[17/04/2014 14:19:40] /a 2
[17/04/2014 14:19:40] /a 2
[17/04/2014 14:19:41] /a 2
[17/04/2014 14:19:41] /a 2
[17/04/2014 14:19:41] /a 2
[17/04/2014 14:19:41] /a 2
[17/04/2014 14:19:41] /a 2
[17/04/2014 14:19:42] /a 2
[17/04/2014 14:19:42] /a 2
[17/04/2014 14:19:42] /a 2
[17/04/2014 14:19:42] /a 2
[17/04/2014 14:19:43] /a 2
[17/04/2014 14:19:43] /a 2
[17/04/2014 14:19:43] /a 2
[17/04/2014 14:19:44] /a 2
[17/04/2014 14:19:44] /a 2
[17/04/2014 14:19:44] /a 2
[17/04/2014 14:19:45] /a 2
[17/04/2014 14:19:45] /a 2
[17/04/2014 14:19:45] /a 2
[17/04/2014 14:19:46] /a 2
[17/04/2014 14:19:46] /a 2
[17/04/2014 14:19:47] /a 2
[17/04/2014 14:19:47] /a 2
[17/04/2014 14:19:47] /a 2
[17/04/2014 14:19:47] /a 2
[17/04/2014 14:19:48] /a 2
[17/04/2014 14:19:48] /a 2
[17/04/2014 14:19:48] /a 2
[17/04/2014 14:19:48] /a 2
[17/04/2014 14:19:49] /a 2
[17/04/2014 14:19:50] /a 2
[17/04/2014 14:19:51] /a 2
[17/04/2014 14:19:52] /a 2
[17/04/2014 14:19:54] /a 2
[17/04/2014 14:19:55] /a 2
[17/04/2014 14:19:55] /a 2
[17/04/2014 14:19:55] /a 2
[17/04/2014 14:19:55] /a 2
[17/04/2014 14:19:56] /a 2
[17/04/2014 14:19:56] /a 2
[17/04/2014 14:19:56] /a 2
[17/04/2014 14:19:56] /a 2
[17/04/2014 14:19:57] /a 2
[17/04/2014 14:19:57] /a 2
[17/04/2014 14:19:57] /a 2
[17/04/2014 14:19:57] /a 2
[17/04/2014 14:19:58] /a 2
[17/04/2014 14:19:59] /a 2
[17/04/2014 14:19:59] /a 2
[17/04/2014 14:20:02] /a 2
[17/04/2014 14:20:02] /a 2
[17/04/2014 14:20:02] /a 2
[17/04/2014 14:20:03] /a 2
[17/04/2014 14:20:03] /a 2
[17/04/2014 14:20:04] /a 2
[17/04/2014 14:20:04] /a 2
[17/04/2014 14:20:04] /a 2
[17/04/2014 14:20:04] /a 2
[17/04/2014 14:20:05] /a 2
[17/04/2014 14:20:05] /a 2
[17/04/2014 14:20:05] /a 2
[17/04/2014 14:20:05] /a 2
[17/04/2014 14:20:06] /a 2
[17/04/2014 14:20:06] /a 2
[17/04/2014 14:20:06] /a 2
[17/04/2014 14:20:06] /a 2
[17/04/2014 14:20:07] /a 2
[17/04/2014 14:20:07] /a 2
[17/04/2014 14:20:07] /a 2
[17/04/2014 14:20:07] /a 2
[17/04/2014 14:20:07] /a 2
[17/04/2014 14:20:08] /a 2
[17/04/2014 14:20:08] /a 2
[17/04/2014 14:20:08] /a 2
[17/04/2014 14:20:09] /a 2
[17/04/2014 14:20:18] /a 2
[17/04/2014 14:20:19] /a 2
[17/04/2014 14:20:20] /a 2
[17/04/2014 14:20:20] /a 2
[17/04/2014 14:20:20] /a 2
[17/04/2014 14:20:21] /a 2
[17/04/2014 14:20:21] /a 2
[17/04/2014 14:20:21] /a 2
[17/04/2014 14:20:22] /a 2
[17/04/2014 14:20:22] /a 2
[17/04/2014 14:20:22] /a 2
[17/04/2014 14:20:22] /a 2
[17/04/2014 14:20:22] /a 2
[17/04/2014 14:20:23] /a 2
[17/04/2014 14:20:23] /a 2
[17/04/2014 14:20:23] /a 2
[17/04/2014 14:20:23] /a 2
[17/04/2014 14:20:23] /a 2
[17/04/2014 14:20:25] /a 2
[17/04/2014 14:20:25] /a 2
[17/04/2014 14:20:25] /a 2
[17/04/2014 14:20:26] /a 2
[17/04/2014 14:20:27] /a 2
[17/04/2014 14:20:27] /a 2
[17/04/2014 14:20:28] /a 2
[17/04/2014 14:20:28] /a 2
[17/04/2014 14:20:28] /a 2
[17/04/2014 14:20:28] /a 2
[17/04/2014 14:20:29] /a 2
[17/04/2014 14:20:29] /a 2
[17/04/2014 14:20:29] /a 2
[17/04/2014 14:20:29] /a 2
[17/04/2014 14:20:29] /a 2
[17/04/2014 14:20:29] /a 2
[17/04/2014 14:20:29] /a 2
[17/04/2014 14:20:29] /a 2
[17/04/2014 14:20:29] /a 2
[17/04/2014 14:20:30] /a 2
[17/04/2014 14:20:30] /a 2
[17/04/2014 14:20:30] /a 2
[17/04/2014 14:20:30] /a 2
[17/04/2014 14:20:30] /a 2
[17/04/2014 14:20:31] /a 2
[17/04/2014 14:20:31] /a 2
[17/04/2014 14:20:31] /a 2
[17/04/2014 14:20:31] /a 2
[17/04/2014 14:20:32] /a 2
[17/04/2014 14:20:33] /a 2
[17/04/2014 14:20:33] /a 2
[17/04/2014 14:20:33] /a 2
[17/04/2014 14:20:33] /a 2
[17/04/2014 14:20:33] /a 2
[17/04/2014 14:20:33] /a 2
[17/04/2014 14:20:33] /a 2
[17/04/2014 14:20:33] /a 2
[17/04/2014 14:20:33] /a 2
[17/04/2014 14:20:33] /a 2
[17/04/2014 14:20:34] /a 2
[17/04/2014 14:20:34] /a 2
[17/04/2014 14:20:34] /a 2
[17/04/2014 14:20:35] /a 2
[17/04/2014 14:20:36] /a 2
[17/04/2014 14:20:36] /a 2
[17/04/2014 14:20:36] /a 2
[17/04/2014 14:20:36] /a 2
[17/04/2014 14:20:36] /a 2
[17/04/2014 14:20:36] /a 2
[17/04/2014 14:20:36] /a 2
[17/04/2014 14:20:36] /a 2
[17/04/2014 14:20:36] /a 2
[17/04/2014 14:20:36] /a 2
[17/04/2014 14:20:37] /a 2
[17/04/2014 14:20:37] /a 2
[17/04/2014 14:20:37] /a 2
[17/04/2014 14:20:37] /a 2
[17/04/2014 14:20:37] /a 2
[17/04/2014 14:20:37] /a 2
[17/04/2014 14:20:37] /a 2
[17/04/2014 14:20:37] /a 2
[17/04/2014 14:20:40] /a 2
[17/04/2014 14:20:44] /c [Mvip] Diabolik Angel
[17/04/2014 14:20:49] /t [Mvip] Diabolik Angel
[17/04/2014 14:21:34] /a 2
[17/04/2014 14:22:07] /c Ssasjai
[17/04/2014 14:23:40] /a 3
[17/04/2014 14:23:42] /a 3 4
[17/04/2014 14:23:46] /a 5
[17/04/2014 14:24:24] /a 2
[17/04/2014 14:24:25] /a 2
[17/04/2014 14:24:25] /a 2
[17/04/2014 14:24:25] /a 2
[17/04/2014 14:24:26] /a 2
[17/04/2014 14:24:26] /a 2
[17/04/2014 14:24:36] /c Ssasjai
[17/04/2014 14:25:30] /a 2
[17/04/2014 14:25:30] /a 2
[17/04/2014 14:25:31] /a 2
[17/04/2014 14:25:31] /a 2
[17/04/2014 14:25:32] /a 2
[17/04/2014 14:25:32] /a 2
[17/04/2014 14:25:37] /a 2
[17/04/2014 14:25:37] /a 2
[17/04/2014 14:25:37] /a 2
[17/04/2014 14:25:38] /a 2
[17/04/2014 14:25:38] /a 2
[17/04/2014 14:25:38] /a 2
[17/04/2014 14:25:40] /a 2
[17/04/2014 14:25:41] /a 2
[17/04/2014 14:25:41] /a 2
[17/04/2014 14:25:41] /a 2
[17/04/2014 14:25:42] /a 2
[17/04/2014 14:25:42] /a 2
[17/04/2014 14:25:43] /a 2
[17/04/2014 14:25:43] /a 2
[17/04/2014 14:25:45] /a 2
[17/04/2014 14:25:48] /c Ssasjai
[17/04/2014 14:28:39] /ghost
[17/04/2014 14:30:15] /ghost
[17/04/2014 14:32:01] /goto Dravenn
[17/04/2014 14:32:38] /t
[17/04/2014 14:32:47] /ghost
[17/04/2014 14:38:22] /up
[17/04/2014 14:38:23] /up
[17/04/2014 14:38:30] /c Fefe
[17/04/2014 14:39:14] /t fefe
[17/04/2014 14:39:16] /t
[17/04/2014 14:42:20] /a 2
[17/04/2014 14:42:43] /b Agr sim galera pode vim evento war castle
[17/04/2014 14:42:44] /b Agr sim galera pode vim evento war castle
[17/04/2014 14:42:45] /b Agr sim galera pode vim evento war castle
[17/04/2014 14:42:45] /b Agr sim galera pode vim evento war castle
[17/04/2014 14:42:51] /b Agr sim galera pode vim evento war castle
[17/04/2014 14:42:54] /a
[17/04/2014 14:42:56] /b Agr sim galera pode vim evento war castle
[17/04/2014 14:42:57] /b Agr sim galera pode vim evento war castle
[17/04/2014 14:42:57] /b Agr sim galera pode vim evento war castle
[17/04/2014 14:43:08] /b Agr sim galera pode vim evento war castle
[17/04/2014 14:43:09] /b Agr sim galera pode vim evento war castle
[17/04/2014 14:43:14] /b Agr sim galera pode vim evento war castle
[17/04/2014 14:43:27] /b Agr sim galera pode vim evento war castle
[17/04/2014 14:43:28] /b Agr sim galera pode vim evento war castle
[17/04/2014 14:43:29] /b Agr sim galera pode vim evento war castle
[17/04/2014 14:43:30] /b Agr sim galera pode vim evento war castle
[17/04/2014 14:43:31] /b Agr sim galera pode vim evento war castle
[17/04/2014 14:44:02] /b Agr sim galera pode vim evento war castle
[17/04/2014 14:44:04] /b Agr sim galera pode vim evento war castle
[17/04/2014 14:44:05] /b Agr sim galera pode vim evento war castle
[17/04/2014 14:44:05] /b Agr sim galera pode vim evento war castle
[17/04/2014 14:44:06] /b Agr sim galera pode vim evento war castle
[17/04/2014 14:44:10] /b Agr sim galera pode vim evento war castle
[17/04/2014 14:44:54] /b agr podem vim geral evento war castle quem ganha cada pessoas ganha 20 barras
[17/04/2014 14:45:03] /b agr podem vim geral evento war castle quem ganha cada pessoas ganha 20 barras
[17/04/2014 14:45:04] /b agr podem vim geral evento war castle quem ganha cada pessoas ganha 20 barras
[17/04/2014 14:45:07] /a
[17/04/2014 14:45:10] /a 2
[17/04/2014 14:45:14] /b agr podem vim geral evento war castle quem ganha cada pessoas ganha 20 barras
[17/04/2014 14:45:30] /t Menina Paz
[17/04/2014 14:45:38] /c Louco
[17/04/2014 14:45:42] /a
[17/04/2014 14:45:48] /c Menina Paz
[17/04/2014 14:46:02] /r
[17/04/2014 14:46:21] /a 2
[17/04/2014 14:46:22] /a 2
[17/04/2014 14:46:40] /r
[17/04/2014 14:46:55] /i castle flag
[17/04/2014 14:47:01] /b a equipe
[17/04/2014 14:47:09] /b a equipe que ganha fika no castle
[17/04/2014 14:47:11] /a
[17/04/2014 14:47:16] /i castle flag
[17/04/2014 14:47:23] /a
[17/04/2014 14:47:29] /a 2
[17/04/2014 14:47:52] /b quem nao ganho nao vo puxar nao adianta pedir
[17/04/2014 14:48:29] /down
[17/04/2014 14:48:33] /a 3
[17/04/2014 14:48:41] /c Louco
[17/04/2014 14:48:54] /i gold ingolts
[17/04/2014 14:49:02] /t
[17/04/2014 14:49:19] /goto Louco
[17/04/2014 14:49:29] /i 9971
[17/04/2014 14:49:49] /t loucp
[17/04/2014 14:49:54] /t louco
[17/04/2014 14:50:00] /c Doidao
[17/04/2014 14:50:22] /t Doidao
[17/04/2014 14:50:31] /c Putinhaa Monstra
[17/04/2014 14:50:41] /c Putinhaa Monstra
[17/04/2014 14:50:53] /t Putinhaa Monstra
[17/04/2014 14:51:01] /t
[17/04/2014 14:51:41] /r 100
[17/04/2014 14:52:03] /ghost
[17/04/2014 14:52:05] /i 9971
[17/04/2014 14:52:14] /i backpack
[17/04/2014 14:52:17] /i backpack
[17/04/2014 14:52:22] /a 2
[17/04/2014 14:52:24] /i 9971
[17/04/2014 14:52:24] /i 9971
[17/04/2014 14:52:24] /i 9971
[17/04/2014 14:52:25] /i 9971
[17/04/2014 14:52:25] /i 9971
[17/04/2014 14:52:25] /i 9971
[17/04/2014 14:52:25] /i 9971
[17/04/2014 14:52:25] /i 9971
[17/04/2014 14:52:25] /i 9971
[17/04/2014 14:52:25] /i 9971
[17/04/2014 14:52:26] /i 9971
[17/04/2014 14:52:26] /i 9971
[17/04/2014 14:52:26] /i 9971
[17/04/2014 14:52:26] /i 9971
[17/04/2014 14:52:26] /i 9971
[17/04/2014 14:52:27] /i 9971
[17/04/2014 14:52:27] /i 9971
[17/04/2014 14:52:27] /i 9971
[17/04/2014 14:52:27] /i 9971
[17/04/2014 14:52:28] /i 9971
[17/04/2014 14:52:28] /i 9971
[17/04/2014 14:52:28] /i 9971
[17/04/2014 14:52:28] /i 9971
[17/04/2014 14:52:28] /i 9971
[17/04/2014 14:52:30] /i 9971
[17/04/2014 14:52:30] /i 9971
[17/04/2014 14:52:30] /i 9971
[17/04/2014 14:52:30] /i 9971
[17/04/2014 14:52:30] /i 9971
[17/04/2014 14:52:31] /i 9971
[17/04/2014 14:52:31] /i 9971
[17/04/2014 14:52:31] /i 9971
[17/04/2014 14:52:32] /i 9971
[17/04/2014 14:52:33] /i 9971
[17/04/2014 14:52:33] /i 9971
[17/04/2014 14:52:34] /i 9971
[17/04/2014 14:52:34] /i 9971
[17/04/2014 14:52:35] /i 9971
[17/04/2014 14:52:36] /i 9971
[17/04/2014 14:52:37] /i 9971
[17/04/2014 14:52:37] /i 9971
[17/04/2014 14:52:37] /i 9971
[17/04/2014 14:52:37] /i 9971
[17/04/2014 14:52:37] /i 9971
[17/04/2014 14:52:37] /i 9971
[17/04/2014 14:52:38] /i 9971
[17/04/2014 14:52:38] /i 9971
[17/04/2014 14:52:38] /i 9971
[17/04/2014 14:52:38] /i 9971
[17/04/2014 14:52:39] /i 9971
[17/04/2014 14:52:39] /i 9971
[17/04/2014 14:52:40] /i 9971
[17/04/2014 14:52:40] /i 9971
[17/04/2014 14:52:41] /i 9971
[17/04/2014 14:52:41] /i 9971
[17/04/2014 14:52:42] /i 9971
[17/04/2014 14:52:43] /i 9971
[17/04/2014 14:52:52] /i backpack
[17/04/2014 14:53:00] /i backpack
[17/04/2014 14:53:07] /i backpack
[17/04/2014 14:53:10] /i backpack
[17/04/2014 14:53:17] /i backpack
[17/04/2014 14:53:28] /i 9971
[17/04/2014 14:53:29] /i 9971
[17/04/2014 14:53:29] /i 9971
[17/04/2014 14:53:29] /i 9971
[17/04/2014 14:53:29] /i 9971
[17/04/2014 14:53:29] /i 9971
[17/04/2014 14:53:29] /i 9971
[17/04/2014 14:53:29] /i 9971
[17/04/2014 14:53:29] /i 9971
[17/04/2014 14:53:29] /i 9971
[17/04/2014 14:53:30] /i 9971
[17/04/2014 14:53:30] /i 9971
[17/04/2014 14:53:30] /i 9971
[17/04/2014 14:53:30] /i 9971
[17/04/2014 14:53:30] /i 9971
[17/04/2014 14:53:30] /i 9971
[17/04/2014 14:53:30] /i 9971
[17/04/2014 14:53:30] /i 9971
[17/04/2014 14:53:30] /i 9971
[17/04/2014 14:53:30] /i 9971
[17/04/2014 14:53:30] /i 9971
[17/04/2014 14:53:30] /i 9971
[17/04/2014 14:53:30] /i 9971
[17/04/2014 14:53:30] /i 9971
[17/04/2014 14:53:31] /i 9971
[17/04/2014 14:53:31] /i 9971
[17/04/2014 14:53:38] /r 100
[17/04/2014 14:53:39] /r 100
[17/04/2014 14:53:39] /r 100
[17/04/2014 14:53:39] /r 100
[17/04/2014 14:53:39] /r 100
[17/04/2014 14:53:39] /r 100
[17/04/2014 14:53:40] /r 100
[17/04/2014 14:53:40] /r 100
[17/04/2014 14:53:40] /r 100
[17/04/2014 14:53:40] /r 100
[17/04/2014 14:53:47] /i 8047
[17/04/2014 14:54:00] /r 100
[17/04/2014 14:54:13] /r 100
[17/04/2014 14:54:16] /i 9971
[17/04/2014 14:54:24] /i 9971
[17/04/2014 14:54:25] /i 9971
[17/04/2014 14:54:25] /i 9971
[17/04/2014 14:54:25] /i 9971
[17/04/2014 14:54:26] /i 9971
[17/04/2014 14:54:26] /i 9971
[17/04/2014 14:54:26] /i 9971
[17/04/2014 14:54:30] /i 9971
[17/04/2014 14:54:31] /i 9971
[17/04/2014 14:54:31] /i 9971
[17/04/2014 14:54:31] /i 9971
[17/04/2014 14:54:31] /i 9971
[17/04/2014 14:54:31] /i 9971
[17/04/2014 14:54:31] /i 9971
[17/04/2014 14:54:32] /i 9971
[17/04/2014 14:54:32] /i 9971
[17/04/2014 14:54:32] /i 9971
[17/04/2014 14:54:33] /i 9971
[17/04/2014 14:54:33] /i 9971
[17/04/2014 14:54:33] /i 9971
[17/04/2014 14:54:34] /i 9971
[17/04/2014 14:54:34] /i 9971
[17/04/2014 14:54:34] /i 9971
[17/04/2014 14:54:35] /i 9971
[17/04/2014 14:54:36] /i 9971
[17/04/2014 14:54:36] /i 9971
[17/04/2014 14:54:41] /i 9971
[17/04/2014 14:54:41] /i 9971
[17/04/2014 14:54:41] /i 9971
[17/04/2014 14:54:42] /i 9971
[17/04/2014 14:54:42] /i 9971
[17/04/2014 14:54:43] /i 9971
[17/04/2014 14:54:43] /i 9971
[17/04/2014 14:54:43] /i 9971
[17/04/2014 14:54:51] /i 9971
[17/04/2014 14:54:51] /i 9971
[17/04/2014 14:54:52] /i 9971
[17/04/2014 14:54:52] /i 9971
[17/04/2014 14:54:52] /i 9971
[17/04/2014 14:54:53] /i 9971
[17/04/2014 14:54:54] /i 9971
[17/04/2014 14:54:54] /i 9971
[17/04/2014 14:54:55] /i 9971
[17/04/2014 14:54:55] /i 9971
[17/04/2014 14:54:56] /i 9971
[17/04/2014 14:54:56] /i 9971
[17/04/2014 14:54:56] /i 9971
[17/04/2014 14:54:58] /i 9971
[17/04/2014 14:54:59] /i 9971
[17/04/2014 14:54:59] /i 9971
[17/04/2014 14:55:00] /i 9971
[17/04/2014 14:55:00] /i 9971
[17/04/2014 14:55:00] /i 9971
[17/04/2014 14:55:01] /i 9971
[17/04/2014 14:55:01] /i 9971
[17/04/2014 14:55:01] /i 9971
[17/04/2014 14:55:02] /i 9971
[17/04/2014 14:55:03] /i 9971
[17/04/2014 14:55:03] /i 9971
[17/04/2014 14:55:03] /i 9971
[17/04/2014 14:55:04] /i 9971
[17/04/2014 14:55:04] /i 9971
[17/04/2014 14:55:04] /i 9971
[17/04/2014 14:55:04] /i 9971
[17/04/2014 14:55:04] /i 9971
[17/04/2014 14:55:05] /i 9971
[17/04/2014 14:55:05] /i 9971
[17/04/2014 14:55:05] /i 9971
[17/04/2014 14:55:05] /i 9971
[17/04/2014 14:55:06] /i 9971
[17/04/2014 14:55:06] /i 9971
[17/04/2014 14:55:06] /i 9971
[17/04/2014 14:55:07] /i 9971
[17/04/2014 14:55:08] /i 9971
[17/04/2014 14:55:08] /i 9971
[17/04/2014 14:55:08] /i 9971
[17/04/2014 14:55:09] /i 9971
[17/04/2014 14:56:10] /i backpack
[17/04/2014 14:59:22] /a
[17/04/2014 23:43:33] /i backpack
[17/04/2014 23:43:51] /i 9971
[17/04/2014 23:43:52] /i 9971
[17/04/2014 23:43:52] /i 9971
[17/04/2014 23:43:53] /i 9971
[17/04/2014 23:43:53] /i 9971
[17/04/2014 23:43:54] /i 9971
[17/04/2014 23:43:55] /i 9971
[17/04/2014 23:43:55] /i 9971
[17/04/2014 23:43:56] /i 9971
[17/04/2014 23:43:56] /i 9971
[17/04/2014 23:43:57] /i 9971
[17/04/2014 23:43:57] /i 9971
[17/04/2014 23:43:58] /i 9971
[17/04/2014 23:43:58] /i 9971
[17/04/2014 23:43:59] /i 9971
[17/04/2014 23:43:59] /i 9971
[17/04/2014 23:43:59] /i 9971
[17/04/2014 23:44:00] /i 9971
[17/04/2014 23:44:01] /i 9971
[17/04/2014 23:44:01] /i 9971
[17/04/2014 23:44:01] /i 9971
[17/04/2014 23:44:02] /i 9971
[17/04/2014 23:44:03] /i 9971
[17/04/2014 23:44:03] /i 9971
[17/04/2014 23:44:03] /i 9971
[17/04/2014 23:44:06] /i 9971
[17/04/2014 23:44:06] /i 9971
[17/04/2014 23:44:07] /i 9971
[17/04/2014 23:44:08] /i 9971
[17/04/2014 23:44:08] /i 9971
[17/04/2014 23:44:09] /i 9971
[17/04/2014 23:44:09] /i 9971
[17/04/2014 23:44:09] /i 9971
[17/04/2014 23:44:10] /i 9971
[17/04/2014 23:44:11] /i 9971
[17/04/2014 23:44:12] /i 9971
[17/04/2014 23:44:12] /i 9971
[17/04/2014 23:44:13] /i 9971
[17/04/2014 23:44:41] /i backpack
[17/04/2014 23:48:19] /ghost
[17/04/2014 23:48:20] /ghost
[17/04/2014 23:49:13] /ghost
