[16/08/2011 00:48:34] /b oi
[16/08/2011 00:55:13] /b bom jogo minha gerte
[16/08/2011 01:04:38] /b quem q guild fala com migo
[16/08/2011 01:06:06] /b o do dado e melhor
[16/08/2011 01:13:08] /b solamento a bag tava vafia e nao foi essa
[16/08/2011 01:13:20] /b qeum eu pegei vc troko
[16/08/2011 01:13:33] /b foi sim
[16/08/2011 01:14:53] /b lol as minha bag so ta virdo vafia
[16/08/2011 01:15:51] /b mrm a minha bag so vei fazia essa poha
[16/08/2011 01:16:01] /b tao mim robado
[16/08/2011 12:15:53] /b tati vc e um puta .i.
[16/08/2011 12:16:10] /b tati vc e um puta .i.
[16/08/2011 12:16:11] /b tati vc e um puta .i.
[16/08/2011 12:16:12] /b tati vc e um puta .i.
[16/08/2011 12:16:14] /b tati vc e um puta .i.
[16/08/2011 12:16:30] /b tati vc e um puta .i.
[16/08/2011 12:17:42] /b red vem templo
[16/08/2011 12:18:37] /b vem templo
[16/08/2011 12:22:04] /b nao da
[16/08/2011 12:23:15] /b vem
[16/08/2011 12:24:57] /b vem
[16/08/2011 12:25:28] /b onde
[16/08/2011 12:25:45] /b pra q
[16/08/2011 12:25:59] /b so tutor
[16/08/2011 12:26:17] /b pera mais to indo
[16/08/2011 12:29:34] /b pode usa elf masi nao o fast ataka
[16/08/2011 14:22:09] /b iaew
[16/08/2011 14:38:03] /b acc guild vcs
[16/08/2011 14:40:33] /b legg da pest
[16/08/2011 14:45:16] /b flw
[16/08/2011 17:59:09] /b quem e vip
[16/08/2011 18:26:26] /b noia
[16/08/2011 18:26:36] /b noia ta usado fast atake ne
