[16/08/2011 00:58:17] /a
[16/08/2011 00:58:23] /b vo criar o event pessoal
[16/08/2011 00:58:34] /i baiak staff
[16/08/2011 00:58:38] /ghost
[16/08/2011 00:58:43] /c updat seller
[16/08/2011 00:58:48] /b adm
[16/08/2011 00:59:05] /b qual o name do npc que vende Items free
[16/08/2011 00:59:14] /b qual o name do npc que vende Items free
[16/08/2011 00:59:24] /i baiak armor
[16/08/2011 00:59:25] /i baiak armor
[16/08/2011 00:59:30] /i 2160
[16/08/2011 00:59:31] /i 2160
[16/08/2011 00:59:39] /a
[16/08/2011 00:59:42] /c Bt'rulex
[16/08/2011 00:59:45] /t
[16/08/2011 00:59:53] /t
[16/08/2011 01:00:06] /goto bt'rulex
[16/08/2011 01:00:12] /a
[16/08/2011 01:00:12] /a
[16/08/2011 01:00:13] /a
[16/08/2011 01:00:13] /a
[16/08/2011 01:00:13] /a
[16/08/2011 01:00:13] /a
[16/08/2011 01:00:14] /a
[16/08/2011 01:00:14] /a
[16/08/2011 01:00:16] /a
[16/08/2011 01:00:16] /a
[16/08/2011 01:00:16] /a
[16/08/2011 01:00:17] /a
[16/08/2011 01:00:17] /a
[16/08/2011 01:00:17] /a
[16/08/2011 01:00:17] /a
[16/08/2011 01:00:18] /a
[16/08/2011 01:00:18] /a
[16/08/2011 01:00:18] /a
[16/08/2011 01:00:18] /a
[16/08/2011 01:00:18] /a
[16/08/2011 01:00:19] /a
[16/08/2011 01:00:19] /a
[16/08/2011 01:00:19] /a
[16/08/2011 01:00:19] /a
[16/08/2011 01:00:21] /c /c Updade Seller
[16/08/2011 01:00:22] /c Updade Seller
[16/08/2011 01:00:38] /i 2352
[16/08/2011 01:00:40] /i 2352
[16/08/2011 01:00:53] /ghost
[16/08/2011 01:01:05] /i baiak cap
[16/08/2011 01:01:06] /i baiak cap
[16/08/2011 01:01:17] /i baiak helmet
[16/08/2011 01:01:18] /i baiak helmet
[16/08/2011 01:01:24] /i baiak helmet
[16/08/2011 01:01:24] /i baiak helmet
[16/08/2011 01:01:36] /i 2160
[16/08/2011 01:01:36] /i 2160
[16/08/2011 01:01:37] /i 2160
[16/08/2011 01:01:37] /i 2160
[16/08/2011 01:01:37] /i 2160
[16/08/2011 01:01:54] /i 12601
[16/08/2011 01:01:56] /i 12602
[16/08/2011 01:02:00] /i 12603
[16/08/2011 01:02:08] /i 12603
[16/08/2011 01:02:09] /i 12603
[16/08/2011 01:02:09] /i 12603
[16/08/2011 01:02:09] /i 12603
[16/08/2011 01:02:10] /i 12603
[16/08/2011 01:02:15] /i 12603
[16/08/2011 01:02:18] /i 12604
[16/08/2011 01:02:19] /i 12604
[16/08/2011 01:02:20] /i 12604
[16/08/2011 01:02:20] /i 12604
[16/08/2011 01:02:25] /i 1260
[16/08/2011 01:02:26] /i 12605
[16/08/2011 01:02:28] /r
[16/08/2011 01:02:34] /i 11238
[16/08/2011 01:02:43] /i 12605
[16/08/2011 01:02:44] /i 12605
[16/08/2011 01:02:45] /i 12605
[16/08/2011 01:03:04] /b Gente o event vai começa Mas algumas backpack estao secas.
[16/08/2011 01:03:13] /i 2160
[16/08/2011 01:03:13] /i 2160
[16/08/2011 01:03:13] /i 2160
[16/08/2011 01:03:13] /i 2160
[16/08/2011 01:03:14] /i 2160
[16/08/2011 01:03:32] /a
[16/08/2011 01:03:32] /r
[16/08/2011 01:03:47] /i 2160
[16/08/2011 01:03:47] /i 2160
[16/08/2011 01:03:48] /i 2160
[16/08/2011 01:03:48] /i 2160
[16/08/2011 01:03:48] /i 2160
[16/08/2011 01:04:07] /r
[16/08/2011 01:04:10] /a
[16/08/2011 01:04:10] /a
[16/08/2011 01:04:10] /a
[16/08/2011 01:04:10] /a
[16/08/2011 01:04:11] /a
[16/08/2011 01:04:12] /a
[16/08/2011 01:04:15] /c Reconnet
[16/08/2011 01:04:23] /b quen vai event fala no help.
[16/08/2011 01:04:28] /b quen vai event fala no help.
[16/08/2011 01:04:28] /b quen vai event fala no help.
[16/08/2011 01:04:34] /c Hera
[16/08/2011 01:04:37] /a
[16/08/2011 01:04:37] /a
[16/08/2011 01:04:44] /b quen vai event fala no Help
[16/08/2011 01:04:46] /a
[16/08/2011 01:04:54] /a
[16/08/2011 01:05:00] /t Bt'rulex
[16/08/2011 01:05:01] /a
[16/08/2011 01:05:02] /a
[16/08/2011 01:05:02] /a
[16/08/2011 01:05:02] /a
[16/08/2011 01:05:03] /a
[16/08/2011 01:05:03] /a
[16/08/2011 01:05:03] /a
[16/08/2011 01:05:04] /a
[16/08/2011 01:05:04] /a
[16/08/2011 01:05:04] /a
[16/08/2011 01:05:05] /a
[16/08/2011 01:05:05] /a
[16/08/2011 01:05:05] /a
[16/08/2011 01:05:05] /a
[16/08/2011 01:05:05] /a
[16/08/2011 01:05:05] /a
[16/08/2011 01:05:05] /a
[16/08/2011 01:05:05] /a
[16/08/2011 01:05:05] /a
[16/08/2011 01:05:06] /a
[16/08/2011 01:05:06] /a
[16/08/2011 01:05:06] /a
[16/08/2011 01:05:15] /b quen solta magias no event vai templo
[16/08/2011 01:05:46] /b o event e o seguinte vo coloka o dinheiro ake  voce vai e sacod um dinheiro en uma backpack ok ?
[16/08/2011 01:06:37] /r all
[16/08/2011 01:06:40] /r all
[16/08/2011 01:06:41] /r all
[16/08/2011 01:06:59] /r all
[16/08/2011 01:07:00] /r all
[16/08/2011 01:07:02] /r
[16/08/2011 01:07:02] /r
[16/08/2011 01:08:45] /i 2160
[16/08/2011 01:08:46] /i 2160
[16/08/2011 01:08:46] /i 2160
[16/08/2011 01:10:55] /i 2160
[16/08/2011 01:10:55] /i 2160
[16/08/2011 01:10:56] /i 2160
[16/08/2011 01:10:56] /i 2160
[16/08/2011 01:10:56] /i 2160
[16/08/2011 01:10:56] /i 2160
[16/08/2011 01:11:48] /i 2160
[16/08/2011 01:11:49] /i 2160
[16/08/2011 01:11:49] /i 2160
[16/08/2011 01:11:50] /i 2160
[16/08/2011 01:11:50] /i 2160
[16/08/2011 01:11:50] /i 2160
[16/08/2011 01:13:02] /b backpack sorteada Bt'rulex
[16/08/2011 01:13:07] /i baiak legs
[16/08/2011 01:13:08] /i baiak legs
[16/08/2011 01:13:16] /i wand of baiak
[16/08/2011 01:13:17] /i wand of baiak
[16/08/2011 01:13:28] /b Nao pow
[16/08/2011 01:13:47] /r
[16/08/2011 01:13:48] /r
[16/08/2011 01:13:49] /r
[16/08/2011 01:13:49] /r
[16/08/2011 01:13:50] /r
[16/08/2011 01:13:50] /r
[16/08/2011 01:13:50] /r
[16/08/2011 01:13:51] /r
[16/08/2011 01:13:51] /r
[16/08/2011 01:14:47] /b a here esta pegando quase todos melhores Items;
[16/08/2011 01:15:06] /a
[16/08/2011 01:15:22] /a
[16/08/2011 01:15:22] /a
[16/08/2011 01:15:24] /a
[16/08/2011 01:15:30] /a
[16/08/2011 01:15:30] /a
[16/08/2011 01:15:32] /a
[16/08/2011 01:15:59] /i 2160
[16/08/2011 01:16:00] /i 2160
[16/08/2011 01:16:01] /i 2160
[16/08/2011 01:16:01] /i 2160
[16/08/2011 01:16:01] /i 2160
[16/08/2011 01:16:02] /i 2160
[16/08/2011 01:16:02] /i 2160
[16/08/2011 01:16:02] /i 2160
[16/08/2011 01:16:20] /a
[16/08/2011 01:16:21] /a
[16/08/2011 01:16:26] /a
[16/08/2011 01:16:27] /a
[16/08/2011 01:17:22] /b eu na oesto colocando nada mens.
[16/08/2011 01:20:39] /b acabou event.
[16/08/2011 01:20:43] /t Bt'rulex
[16/08/2011 01:20:46] /t Noia
[16/08/2011 01:20:48] /a
[16/08/2011 01:20:51] /t Serial killer
[16/08/2011 01:20:55] /t Reconnet
[16/08/2011 01:20:59] /t
[16/08/2011 01:21:02] /t Hera
[16/08/2011 01:21:19] /i demon backpack
[16/08/2011 01:21:19] /i demon backpack
[16/08/2011 01:21:20] /i demon backpack
[16/08/2011 01:21:20] /i demon backpack
[16/08/2011 01:21:20] /i demon backpack
[16/08/2011 01:21:21] /i demon backpack
[16/08/2011 01:21:21] /i demon backpack
[16/08/2011 01:21:21] /i demon backpack
[16/08/2011 01:21:21] /i demon backpack
[16/08/2011 01:21:21] /i demon backpack
[16/08/2011 01:21:21] /i demon backpack
[16/08/2011 01:21:21] /i demon backpack
[16/08/2011 01:21:21] /i demon backpack
[16/08/2011 01:21:21] /i demon backpack
[16/08/2011 01:21:21] /i demon backpack
[16/08/2011 01:21:21] /i demon backpack
[16/08/2011 01:21:21] /i demon backpack
[16/08/2011 01:21:21] /i demon backpack
[16/08/2011 01:21:21] /i demon backpack
[16/08/2011 01:21:21] /i demon backpack
[16/08/2011 01:21:21] /i demon backpack
[16/08/2011 01:21:21] /i demon backpack
[16/08/2011 01:21:21] /i demon backpack
[16/08/2011 01:21:21] /i demon backpack
[16/08/2011 01:21:21] /i demon backpack
[16/08/2011 01:21:22] /i demon backpack
[16/08/2011 01:21:22] /i demon backpack
[16/08/2011 01:21:22] /i demon backpack
[16/08/2011 01:21:22] /i demon backpack
[16/08/2011 01:21:22] /i demon backpack
[16/08/2011 01:21:22] /i demon backpack
[16/08/2011 01:21:22] /i demon backpack
[16/08/2011 01:21:22] /i demon backpack
[16/08/2011 01:21:22] /i demon backpack
[16/08/2011 01:21:22] /i demon backpack
[16/08/2011 01:21:22] /i demon backpack
[16/08/2011 01:21:22] /i demon backpack
[16/08/2011 01:21:22] /i demon backpack
[16/08/2011 01:21:22] /i demon backpack
[16/08/2011 01:21:22] /i demon backpack
[16/08/2011 01:21:22] /i demon backpack
[16/08/2011 01:21:22] /i demon backpack
[16/08/2011 01:21:27] /i demon backpack
[16/08/2011 01:21:27] /i demon backpack
[16/08/2011 01:21:27] /i demon backpack
[16/08/2011 01:21:27] /i demon backpack
[16/08/2011 01:21:27] /i demon backpack
[16/08/2011 01:21:27] /i demon backpack
[16/08/2011 01:21:27] /i demon backpack
[16/08/2011 01:21:27] /i demon backpack
[16/08/2011 01:21:27] /i demon backpack
[16/08/2011 01:21:27] /i demon backpack
[16/08/2011 01:21:27] /i demon backpack
[16/08/2011 01:21:27] /i demon backpack
[16/08/2011 01:21:27] /i demon backpack
[16/08/2011 01:21:27] /i demon backpack
[16/08/2011 01:21:27] /i demon backpack
[16/08/2011 01:21:27] /i demon backpack
[16/08/2011 01:21:27] /i demon backpack
[16/08/2011 01:21:27] /i demon backpack
[16/08/2011 01:21:27] /i demon backpack
[16/08/2011 01:21:27] /i demon backpack
[16/08/2011 01:21:27] /i demon backpack
[16/08/2011 01:21:27] /i demon backpack
[16/08/2011 01:21:27] /i demon backpack
[16/08/2011 01:21:28] /i demon backpack
[16/08/2011 01:21:28] /i demon backpack
[16/08/2011 01:21:28] /i demon backpack
[16/08/2011 01:21:28] /i demon backpack
[16/08/2011 01:21:28] /i demon backpack
[16/08/2011 01:21:28] /i demon backpack
[16/08/2011 01:21:28] /i demon backpack
[16/08/2011 01:21:28] /i demon backpack
[16/08/2011 01:21:28] /i demon backpack
[16/08/2011 01:21:28] /i demon backpack
[16/08/2011 01:21:28] /i demon backpack
[16/08/2011 01:21:28] /i demon backpack
[16/08/2011 01:21:28] /i demon backpack
[16/08/2011 01:21:29] /i demon backpack
[16/08/2011 01:21:29] /i demon backpack
[16/08/2011 01:21:29] /i demon backpack
[16/08/2011 01:21:29] /i demon backpack
[16/08/2011 01:21:29] /i demon backpack
[16/08/2011 01:21:29] /i demon backpack
[16/08/2011 01:21:29] /i demon backpack
[16/08/2011 01:21:29] /i demon backpack
[16/08/2011 01:21:29] /i demon backpack
[16/08/2011 01:21:29] /i demon backpack
[16/08/2011 01:21:29] /i demon backpack
[16/08/2011 01:21:29] /i demon backpack
[16/08/2011 01:21:29] /i demon backpack
[16/08/2011 01:21:29] /i demon backpack
[16/08/2011 01:21:29] /i demon backpack
[16/08/2011 01:21:29] /i demon backpack
[16/08/2011 01:21:29] /i demon backpack
[16/08/2011 01:21:29] /i demon backpack
[16/08/2011 01:21:29] /i demon backpack
[16/08/2011 01:21:29] /i demon backpack
[16/08/2011 01:21:29] /i demon backpack
[16/08/2011 01:21:29] /i demon backpack
[16/08/2011 01:21:29] /i demon backpack
[16/08/2011 01:21:29] /i demon backpack
[16/08/2011 01:21:29] /i demon backpack
[16/08/2011 01:21:29] /i demon backpack
[16/08/2011 01:21:29] /i demon backpack
[16/08/2011 01:21:29] /i demon backpack
[16/08/2011 01:21:29] /i demon backpack
[16/08/2011 01:21:29] /i demon backpack
[16/08/2011 01:21:29] /i demon backpack
[16/08/2011 01:21:29] /i demon backpack
[16/08/2011 01:21:29] /i demon backpack
[16/08/2011 01:21:29] /i demon backpack
[16/08/2011 01:21:29] /i demon backpack
[16/08/2011 01:21:29] /i demon backpack
[16/08/2011 01:21:29] /i demon backpack
[16/08/2011 01:21:29] /i demon backpack
[16/08/2011 01:21:29] /i demon backpack
[16/08/2011 01:21:29] /i demon backpack
[16/08/2011 01:21:29] /i demon backpack
[16/08/2011 01:21:29] /i demon backpack
[16/08/2011 01:21:29] /i demon backpack
[16/08/2011 01:21:29] /i demon backpack
[16/08/2011 01:21:29] /i demon backpack
[16/08/2011 01:21:29] /i demon backpack
[16/08/2011 01:21:29] /i demon backpack
[16/08/2011 01:21:30] /i demon backpack
[16/08/2011 01:21:30] /i demon backpack
[16/08/2011 01:21:30] /i demon backpack
[16/08/2011 01:21:30] /i demon backpack
[16/08/2011 01:21:30] /i demon backpack
[16/08/2011 01:21:30] /i demon backpack
[16/08/2011 01:21:30] /i demon backpack
[16/08/2011 01:21:30] /i demon backpack
[16/08/2011 01:21:33] /i demon backpack
[16/08/2011 01:21:33] /i demon backpack
[16/08/2011 01:21:33] /i demon backpack
[16/08/2011 01:21:33] /i demon backpack
[16/08/2011 01:21:33] /i demon backpack
[16/08/2011 01:21:33] /i demon backpack
[16/08/2011 01:21:33] /i demon backpack
[16/08/2011 01:21:33] /i demon backpack
[16/08/2011 01:21:33] /i demon backpack
[16/08/2011 01:21:33] /i demon backpack
[16/08/2011 01:21:33] /i demon backpack
[16/08/2011 01:21:33] /i demon backpack
[16/08/2011 01:21:33] /i demon backpack
[16/08/2011 01:21:33] /i demon backpack
[16/08/2011 01:21:33] /i demon backpack
[16/08/2011 01:21:33] /i demon backpack
[16/08/2011 01:21:33] /i demon backpack
[16/08/2011 01:21:33] /i demon backpack
[16/08/2011 01:21:33] /i demon backpack
[16/08/2011 01:21:33] /i demon backpack
[16/08/2011 01:21:33] /i demon backpack
[16/08/2011 01:21:33] /i demon backpack
[16/08/2011 01:21:34] /i demon backpack
[16/08/2011 01:21:35] /i demon backpack
[16/08/2011 01:21:35] /i demon backpack
[16/08/2011 01:21:35] /i demon backpack
[16/08/2011 01:21:35] /i demon backpack
[16/08/2011 01:21:45] /i 2160
[16/08/2011 01:21:46] /i 2160
[16/08/2011 01:21:46] /i 2160
[16/08/2011 01:21:46] /i 2160
[16/08/2011 01:21:46] /i 2160
[16/08/2011 01:21:46] /i 2160
[16/08/2011 01:21:46] /i 2160
[16/08/2011 01:21:46] /i 2160
[16/08/2011 01:21:46] /i 2160
[16/08/2011 01:21:46] /i 2160
[16/08/2011 01:21:46] /i 2160
[16/08/2011 01:21:46] /i 2160
[16/08/2011 01:21:46] /i 2160
[16/08/2011 01:21:46] /i 2160
[16/08/2011 01:21:46] /i 2160
[16/08/2011 01:21:46] /i 2160
[16/08/2011 01:21:46] /i 2160
[16/08/2011 01:21:46] /i 2160
[16/08/2011 01:21:46] /i 2160
[16/08/2011 01:21:46] /i 2160
[16/08/2011 01:21:46] /i 2160
[16/08/2011 01:21:46] /i 2160
[16/08/2011 01:21:46] /i 2160
[16/08/2011 01:21:46] /i 2160
[16/08/2011 01:21:46] /i 2160
[16/08/2011 01:21:46] /i 2160
[16/08/2011 01:21:46] /i 2160
[16/08/2011 01:21:46] /i 2160
[16/08/2011 01:21:47] /i 2160
[16/08/2011 01:21:47] /i 2160
[16/08/2011 01:21:47] /i 2160
[16/08/2011 01:21:47] /i 2160
[16/08/2011 01:21:47] /i 2160
[16/08/2011 01:21:47] /i 2160
[16/08/2011 01:21:47] /i 2160
[16/08/2011 01:21:47] /i 2160
[16/08/2011 01:21:47] /i 2160
[16/08/2011 01:21:47] /i 2160
[16/08/2011 01:21:47] /i 2160
[16/08/2011 01:21:47] /i 2160
[16/08/2011 01:21:47] /i 2160
[16/08/2011 01:21:47] /i 2160
[16/08/2011 01:21:47] /i 2160
[16/08/2011 01:21:47] /i 2160
[16/08/2011 01:21:47] /i 2160
[16/08/2011 01:21:47] /i 2160
[16/08/2011 01:21:47] /i 2160
[16/08/2011 01:21:47] /i 2160
[16/08/2011 01:21:47] /i 2160
[16/08/2011 01:21:47] /i 2160
[16/08/2011 01:21:47] /i 2160
[16/08/2011 01:21:47] /i 2160
[16/08/2011 01:21:47] /i 2160
[16/08/2011 01:21:47] /i 2160
[16/08/2011 01:21:47] /i 2160
[16/08/2011 01:21:47] /i 2160
[16/08/2011 01:21:47] /i 2160
[16/08/2011 01:21:48] /i 2160
[16/08/2011 01:21:48] /i 2160
[16/08/2011 01:21:48] /i 2160
[16/08/2011 01:21:48] /i 2160
[16/08/2011 01:21:48] /i 2160
[16/08/2011 01:21:48] /i 2160
[16/08/2011 01:21:48] /i 2160
[16/08/2011 01:21:48] /i 2160
[16/08/2011 01:21:48] /i 2160
[16/08/2011 01:21:48] /i 2160
[16/08/2011 01:21:48] /i 2160
[16/08/2011 01:21:48] /i 2160
[16/08/2011 01:21:48] /i 2160
[16/08/2011 01:21:48] /i 2160
[16/08/2011 01:21:48] /i 2160
[16/08/2011 01:21:48] /i 2160
[16/08/2011 01:21:48] /i 2160
[16/08/2011 01:21:48] /i 2160
[16/08/2011 01:21:48] /i 2160
[16/08/2011 01:21:48] /i 2160
[16/08/2011 01:21:48] /i 2160
[16/08/2011 01:21:48] /i 2160
[16/08/2011 01:21:48] /i 2160
[16/08/2011 01:21:48] /i 2160
[16/08/2011 01:21:48] /i 2160
[16/08/2011 01:21:48] /i 2160
[16/08/2011 01:21:48] /i 2160
[16/08/2011 01:21:48] /i 2160
[16/08/2011 01:21:49] /i 2160
[16/08/2011 01:21:49] /i 2160
[16/08/2011 01:21:49] /i 2160
[16/08/2011 01:21:49] /i 2160
[16/08/2011 01:21:49] /i 2160
[16/08/2011 01:21:49] /i 2160
[16/08/2011 01:21:49] /i 2160
[16/08/2011 01:21:49] /i 2160
[16/08/2011 01:21:49] /i 2160
[16/08/2011 01:21:49] /i 2160
[16/08/2011 01:21:49] /i 2160
[16/08/2011 01:21:49] /i 2160
[16/08/2011 01:21:49] /i 2160
[16/08/2011 01:21:49] /i 2160
[16/08/2011 01:21:49] /i 2160
[16/08/2011 01:21:49] /i 2160
[16/08/2011 01:21:49] /i 2160
[16/08/2011 01:21:49] /i 2160
[16/08/2011 01:21:49] /i 2160
[16/08/2011 01:21:49] /i 2160
[16/08/2011 01:21:49] /i 2160
[16/08/2011 01:21:49] /i 2160
[16/08/2011 01:21:49] /i 2160
[16/08/2011 01:21:49] /i 2160
[16/08/2011 01:21:49] /i 2160
[16/08/2011 01:21:49] /i 2160
[16/08/2011 01:21:49] /i 2160
[16/08/2011 01:21:49] /i 2160
[16/08/2011 01:21:49] /i 2160
[16/08/2011 01:21:49] /i 2160
[16/08/2011 01:21:49] /i 2160
[16/08/2011 01:21:49] /i 2160
[16/08/2011 01:21:49] /i 2160
[16/08/2011 01:21:50] /i 2160
[16/08/2011 01:21:50] /i 2160
[16/08/2011 01:21:50] /i 2160
[16/08/2011 01:21:50] /i 2160
[16/08/2011 01:21:50] /i 2160
[16/08/2011 01:21:50] /i 2160
[16/08/2011 01:21:50] /i 2160
[16/08/2011 01:21:50] /i 2160
[16/08/2011 01:21:50] /i 2160
[16/08/2011 01:21:50] /i 2160
[16/08/2011 01:21:50] /i 2160
[16/08/2011 01:21:50] /i 2160
[16/08/2011 01:21:50] /i 2160
[16/08/2011 01:21:50] /i 2160
[16/08/2011 01:21:50] /i 2160
[16/08/2011 01:21:50] /i 2160
[16/08/2011 01:22:01] /i master wand
[16/08/2011 01:22:11] /ghost
[16/08/2011 01:22:12] /i 2160
[16/08/2011 01:22:12] /i 2160
[16/08/2011 01:22:13] /i 2160
[16/08/2011 01:22:13] /i 2160
[16/08/2011 01:22:13] /i 2160
[16/08/2011 01:22:13] /i 2160
[16/08/2011 01:22:13] /i 2160
[16/08/2011 01:22:13] /i 2160
[16/08/2011 01:22:13] /i 2160
[16/08/2011 01:22:13] /i 2160
[16/08/2011 01:22:13] /i 2160
[16/08/2011 01:22:13] /i 2160
[16/08/2011 01:22:13] /i 2160
[16/08/2011 01:22:13] /i 2160
[16/08/2011 01:22:13] /i 2160
[16/08/2011 01:22:13] /i 2160
[16/08/2011 01:22:14] /i 2160
[16/08/2011 01:22:14] /i 2160
[16/08/2011 01:22:14] /i 2160
[16/08/2011 01:22:14] /i 2160
[16/08/2011 01:22:14] /i 2160
[16/08/2011 01:22:14] /i 2160
[16/08/2011 01:22:14] /i 2160
[16/08/2011 01:22:15] /i 2160
[16/08/2011 01:22:15] /i 2160
[16/08/2011 01:22:15] /i 2160
[16/08/2011 01:22:15] /i 2160
[16/08/2011 01:22:15] /i 2160
[16/08/2011 01:22:15] /i 2160
[16/08/2011 01:22:15] /i 2160
[16/08/2011 01:22:15] /i 2160
[16/08/2011 01:22:15] /i 2160
[16/08/2011 01:22:15] /i 2160
[16/08/2011 01:22:15] /i 2160
[16/08/2011 01:22:15] /i 2160
[16/08/2011 01:22:15] /i 2160
[16/08/2011 01:22:15] /i 2160
[16/08/2011 01:22:15] /i 2160
[16/08/2011 01:22:15] /i 2160
[16/08/2011 01:22:15] /i 2160
[16/08/2011 01:22:15] /i 2160
[16/08/2011 01:22:15] /i 2160
[16/08/2011 01:22:15] /i 2160
[16/08/2011 01:22:15] /i 2160
[16/08/2011 01:22:15] /i 2160
[16/08/2011 01:22:19] /i 2160
[16/08/2011 01:22:19] /i 2160
[16/08/2011 01:22:20] /i 2160
[16/08/2011 01:22:20] /i 2160
[16/08/2011 01:22:20] /i 2160
[16/08/2011 01:22:20] /i 2160
[16/08/2011 01:22:20] /i 2160
[16/08/2011 01:22:20] /i 2160
[16/08/2011 01:22:20] /i 2160
[16/08/2011 01:22:20] /i 2160
[16/08/2011 01:22:20] /i 2160
[16/08/2011 01:22:20] /i 2160
[16/08/2011 01:22:20] /i 2160
[16/08/2011 01:22:20] /i 2160
[16/08/2011 01:22:20] /i 2160
[16/08/2011 01:22:20] /i 2160
[16/08/2011 01:22:20] /i 2160
[16/08/2011 01:22:20] /i 2160
[16/08/2011 01:22:22] /i 2160
[16/08/2011 01:22:22] /i 2160
[16/08/2011 01:22:22] /i 2160
[16/08/2011 01:22:23] /i 2160
[16/08/2011 01:22:23] /i 2160
[16/08/2011 01:22:23] /i 2160
[16/08/2011 01:22:23] /i 2160
[16/08/2011 01:22:23] /i 2160
[16/08/2011 01:22:23] /i 2160
[16/08/2011 01:22:23] /i 2160
[16/08/2011 01:22:23] /i 2160
[16/08/2011 01:22:23] /i 2160
[16/08/2011 01:22:23] /i 2160
[16/08/2011 01:22:23] /i 2160
[16/08/2011 01:22:23] /i 2160
[16/08/2011 01:22:23] /i 2160
[16/08/2011 01:22:23] /i 2160
[16/08/2011 01:22:23] /i 2160
[16/08/2011 01:22:23] /i 2160
[16/08/2011 01:22:23] /i 2160
[16/08/2011 01:22:23] /i 2160
[16/08/2011 01:22:27] /i 2160
[16/08/2011 01:22:27] /i 2160
[16/08/2011 01:22:27] /i 2160
[16/08/2011 01:22:28] /i 2160
[16/08/2011 01:22:28] /i 2160
[16/08/2011 01:22:28] /i 2160
[16/08/2011 01:22:28] /i 2160
[16/08/2011 01:22:28] /i 2160
[16/08/2011 01:22:28] /i 2160
[16/08/2011 01:22:28] /i 2160
[16/08/2011 01:22:28] /i 2160
[16/08/2011 01:22:28] /i 2160
[16/08/2011 01:22:28] /i 2160
[16/08/2011 01:22:28] /i 2160
[16/08/2011 01:22:28] /i 2160
[16/08/2011 01:22:28] /i 2160
[16/08/2011 01:22:28] /i 2160
[16/08/2011 01:22:28] /i 2160
[16/08/2011 01:22:28] /i 2160
[16/08/2011 01:22:28] /i 2160
[16/08/2011 01:22:28] /i 2160
[16/08/2011 01:22:28] /i 2160
[16/08/2011 01:22:28] /i 2160
[16/08/2011 01:22:28] /i 2160
[16/08/2011 01:22:28] /i 2160
[16/08/2011 01:22:29] /i 2160
[16/08/2011 01:22:29] /i 2160
[16/08/2011 01:22:29] /i 2160
[16/08/2011 01:22:29] /i 2160
[16/08/2011 01:22:29] /i 2160
[16/08/2011 01:22:29] /i 2160
[16/08/2011 01:22:29] /i 2160
[16/08/2011 01:22:29] /i 2160
[16/08/2011 01:22:29] /i 2160
[16/08/2011 01:22:29] /i 2160
[16/08/2011 01:22:29] /i 2160
[16/08/2011 01:22:29] /i 2160
[16/08/2011 01:22:29] /i 2160
[16/08/2011 01:22:29] /i 2160
[16/08/2011 01:22:29] /i 2160
[16/08/2011 01:22:29] /i 2160
[16/08/2011 01:22:29] /i 2160
[16/08/2011 01:22:29] /i 2160
[16/08/2011 01:22:29] /i 2160
[16/08/2011 01:22:29] /i 2160
[16/08/2011 01:22:29] /i 2160
[16/08/2011 01:22:29] /i 2160
[16/08/2011 01:22:29] /i 2160
[16/08/2011 01:22:29] /i 2160
[16/08/2011 01:22:29] /i 2160
[16/08/2011 01:22:29] /i 2160
[16/08/2011 01:22:29] /i 2160
[16/08/2011 01:22:29] /i 2160
[16/08/2011 01:22:29] /i 2160
[16/08/2011 01:22:29] /i 2160
[16/08/2011 01:22:29] /i 2160
[16/08/2011 01:22:29] /i 2160
[16/08/2011 01:22:30] /i 2160
[16/08/2011 01:22:30] /i 2160
[16/08/2011 01:22:30] /i 2160
[16/08/2011 01:22:30] /i 2160
[16/08/2011 01:22:30] /i 2160
[16/08/2011 01:22:30] /i 2160
[16/08/2011 01:22:30] /i 2160
[16/08/2011 01:22:30] /i 2160
[16/08/2011 01:22:30] /i 2160
[16/08/2011 01:22:30] /i 2160
[16/08/2011 01:22:30] /i 2160
[16/08/2011 01:22:30] /i 2160
[16/08/2011 01:22:30] /i 2160
[16/08/2011 01:22:30] /i 2160
[16/08/2011 01:22:30] /i 2160
[16/08/2011 01:22:30] /i 2160
[16/08/2011 01:22:30] /i 2160
[16/08/2011 01:22:30] /i 2160
[16/08/2011 01:22:30] /i 2160
[16/08/2011 01:22:30] /i 2160
[16/08/2011 01:22:30] /i 2160
[16/08/2011 01:22:30] /i 2160
[16/08/2011 01:22:30] /i 2160
[16/08/2011 01:22:30] /i 2160
[16/08/2011 01:22:35] /i 2160
[16/08/2011 01:22:35] /i 2160
[16/08/2011 01:22:35] /i 2160
[16/08/2011 01:22:35] /i 2160
[16/08/2011 01:22:35] /i 2160
[16/08/2011 01:22:35] /i 2160
[16/08/2011 01:22:35] /i 2160
[16/08/2011 01:22:35] /i 2160
[16/08/2011 01:22:35] /i 2160
[16/08/2011 01:22:35] /i 2160
[16/08/2011 01:22:35] /i 2160
[16/08/2011 01:22:35] /i 2160
[16/08/2011 01:22:36] /i 2160
[16/08/2011 01:22:36] /i 2160
[16/08/2011 01:22:36] /i 2160
[16/08/2011 01:22:36] /i 2160
[16/08/2011 01:22:36] /i 2160
[16/08/2011 01:22:36] /i 2160
[16/08/2011 01:22:36] /i 2160
[16/08/2011 01:22:36] /i 2160
[16/08/2011 01:22:36] /i 2160
[16/08/2011 01:22:36] /i 2160
[16/08/2011 01:22:36] /i 2160
[16/08/2011 01:22:36] /i 2160
[16/08/2011 01:22:36] /i 2160
[16/08/2011 01:22:36] /i 2160
[16/08/2011 01:22:36] /i 2160
[16/08/2011 01:22:36] /i 2160
[16/08/2011 01:22:36] /i 2160
[16/08/2011 01:22:36] /i 2160
[16/08/2011 01:22:36] /i 2160
[16/08/2011 01:22:36] /i 2160
[16/08/2011 01:22:36] /i 2160
[16/08/2011 01:22:36] /i 2160
[16/08/2011 01:22:36] /i 2160
[16/08/2011 01:22:36] /i 2160
[16/08/2011 01:22:36] /i 2160
[16/08/2011 01:22:36] /i 2160
[16/08/2011 01:22:36] /i 2160
[16/08/2011 01:22:36] /i 2160
[16/08/2011 01:22:36] /i 2160
[16/08/2011 01:22:36] /i 2160
[16/08/2011 01:22:36] /i 2160
[16/08/2011 01:22:36] /i 2160
[16/08/2011 01:22:36] /i 2160
[16/08/2011 01:22:36] /i 2160
[16/08/2011 01:22:37] /i 2160
[16/08/2011 01:22:37] /i 2160
[16/08/2011 01:22:41] /i 2160
[16/08/2011 01:22:41] /i 2160
[16/08/2011 01:22:41] /i 2160
[16/08/2011 01:22:41] /i 2160
[16/08/2011 01:22:41] /i 2160
[16/08/2011 01:22:41] /i 2160
[16/08/2011 01:22:41] /i 2160
[16/08/2011 01:22:41] /i 2160
[16/08/2011 01:22:41] /i 2160
[16/08/2011 01:22:41] /i 2160
[16/08/2011 01:22:41] /i 2160
[16/08/2011 01:22:41] /i 2160
[16/08/2011 01:22:41] /i 2160
[16/08/2011 01:22:42] /i 2160
[16/08/2011 01:22:42] /i 2160
[16/08/2011 01:22:42] /i 2160
[16/08/2011 01:22:42] /i 2160
[16/08/2011 01:22:42] /i 2160
[16/08/2011 01:22:42] /i 2160
[16/08/2011 01:22:42] /i 2160
[16/08/2011 01:22:42] /i 2160
[16/08/2011 01:22:42] /i 2160
[16/08/2011 01:22:42] /i 2160
[16/08/2011 01:22:42] /i 2160
[16/08/2011 01:22:42] /i 2160
[16/08/2011 01:22:42] /i 2160
[16/08/2011 01:22:42] /i 2160
[16/08/2011 01:22:42] /i 2160
[16/08/2011 01:22:42] /i 2160
[16/08/2011 01:22:42] /i 2160
[16/08/2011 01:22:42] /i 2160
[16/08/2011 01:22:42] /i 2160
[16/08/2011 01:22:42] /i 2160
[16/08/2011 01:22:42] /i 2160
[16/08/2011 01:22:42] /i 2160
[16/08/2011 01:22:42] /i 2160
[16/08/2011 01:22:42] /i 2160
[16/08/2011 01:22:42] /i 2160
[16/08/2011 01:22:42] /i 2160
[16/08/2011 01:22:42] /i 2160
[16/08/2011 01:22:42] /i 2160
[16/08/2011 01:22:42] /i 2160
[16/08/2011 01:22:42] /i 2160
[16/08/2011 01:22:42] /i 2160
[16/08/2011 01:22:42] /i 2160
[16/08/2011 01:22:43] /i 2160
[16/08/2011 01:22:43] /i 2160
[16/08/2011 01:22:43] /i 2160
[16/08/2011 01:22:43] /i 2160
[16/08/2011 01:22:43] /i 2160
[16/08/2011 01:22:43] /i 2160
[16/08/2011 01:22:43] /i 2160
[16/08/2011 01:22:43] /i 2160
[16/08/2011 01:22:43] /i 2160
[16/08/2011 01:22:43] /i 2160
[16/08/2011 01:22:43] /i 2160
[16/08/2011 01:22:43] /i 2160
[16/08/2011 01:22:43] /i 2160
[16/08/2011 01:22:43] /i 2160
[16/08/2011 01:22:43] /i 2160
[16/08/2011 01:22:43] /i 2160
[16/08/2011 01:22:43] /i 2160
[16/08/2011 01:22:43] /i 2160
[16/08/2011 01:22:43] /i 2160
[16/08/2011 01:22:43] /i 2160
[16/08/2011 01:22:43] /i 2160
[16/08/2011 01:22:43] /i 2160
[16/08/2011 01:22:43] /i 2160
[16/08/2011 01:22:43] /i 2160
[16/08/2011 01:22:43] /i 2160
[16/08/2011 01:22:44] /i 2160
[16/08/2011 01:22:44] /i 2160
[16/08/2011 01:22:44] /i 2160
[16/08/2011 01:22:44] /i 2160
[16/08/2011 01:22:44] /i 2160
[16/08/2011 01:22:44] /i 2160
[16/08/2011 01:22:44] /i 2160
[16/08/2011 01:22:44] /i 2160
[16/08/2011 01:22:44] /i 2160
[16/08/2011 01:22:44] /i 2160
[16/08/2011 01:22:44] /i 2160
[16/08/2011 01:22:44] /i 2160
[16/08/2011 01:22:44] /i 2160
[16/08/2011 01:22:44] /i 2160
[16/08/2011 01:22:44] /i 2160
[16/08/2011 01:22:44] /i 2160
[16/08/2011 01:22:44] /i 2160
[16/08/2011 01:22:44] /i 2160
[16/08/2011 01:22:44] /i 2160
[16/08/2011 01:22:44] /i 2160
[16/08/2011 01:22:44] /i 2160
[16/08/2011 01:22:44] /i 2160
[16/08/2011 01:22:44] /i 2160
[16/08/2011 01:22:44] /i 2160
[16/08/2011 01:22:44] /i 2160
[16/08/2011 01:22:44] /i 2160
[16/08/2011 01:22:44] /i 2160
[16/08/2011 01:22:44] /i 2160
[16/08/2011 01:22:44] /i 2160
[16/08/2011 01:22:44] /i 2160
[16/08/2011 01:22:45] /i 2160
[16/08/2011 01:22:45] /i 2160
[16/08/2011 01:22:45] /i 2160
[16/08/2011 01:22:45] /i 2160
[16/08/2011 01:22:45] /i 2160
[16/08/2011 01:22:45] /i 2160
[16/08/2011 01:22:45] /i 2160
[16/08/2011 01:22:45] /i 2160
[16/08/2011 01:22:45] /i 2160
[16/08/2011 01:22:45] /i 2160
[16/08/2011 01:22:45] /i 2160
[16/08/2011 01:22:45] /i 2160
[16/08/2011 01:22:45] /i 2160
[16/08/2011 01:22:45] /i 2160
[16/08/2011 01:22:45] /i 2160
[16/08/2011 01:22:45] /i 2160
[16/08/2011 01:22:45] /i 2160
[16/08/2011 01:22:45] /i 2160
[16/08/2011 01:22:45] /i 2160
[16/08/2011 01:22:45] /i 2160
[16/08/2011 01:22:45] /i 2160
[16/08/2011 01:22:45] /i 2160
[16/08/2011 01:22:45] /i 2160
[16/08/2011 01:22:45] /i 2160
[16/08/2011 01:22:45] /i 2160
[16/08/2011 01:22:45] /i 2160
[16/08/2011 01:22:45] /i 2160
[16/08/2011 01:22:45] /i 2160
[16/08/2011 01:22:45] /i 2160
[16/08/2011 01:22:45] /i 2160
[16/08/2011 01:22:46] /i 2160
[16/08/2011 01:22:46] /i 2160
[16/08/2011 01:22:46] /i 2160
[16/08/2011 01:22:46] /i 2160
[16/08/2011 01:22:46] /i 2160
[16/08/2011 01:22:46] /i 2160
[16/08/2011 01:22:46] /i 2160
[16/08/2011 01:22:46] /i 2160
[16/08/2011 01:22:46] /i 2160
[16/08/2011 01:22:46] /i 2160
[16/08/2011 01:22:46] /i 2160
[16/08/2011 01:22:46] /i 2160
[16/08/2011 01:22:46] /i 2160
[16/08/2011 01:22:46] /i 2160
[16/08/2011 01:22:46] /i 2160
[16/08/2011 01:22:46] /i 2160
[16/08/2011 01:22:46] /i 2160
[16/08/2011 01:22:46] /i 2160
[16/08/2011 01:22:46] /i 2160
[16/08/2011 01:22:46] /i 2160
[16/08/2011 01:22:46] /i 2160
[16/08/2011 01:22:46] /i 2160
[16/08/2011 01:22:46] /i 2160
[16/08/2011 01:22:46] /i 2160
[16/08/2011 01:22:46] /i 2160
[16/08/2011 01:22:46] /i 2160
[16/08/2011 01:22:46] /i 2160
[16/08/2011 01:22:47] /i 2160
[16/08/2011 01:22:47] /i 2160
[16/08/2011 01:22:47] /i 2160
[16/08/2011 01:22:47] /i 2160
[16/08/2011 01:22:47] /i 2160
[16/08/2011 01:22:47] /i 2160
[16/08/2011 01:22:47] /i 2160
[16/08/2011 01:22:47] /i 2160
[16/08/2011 01:22:47] /i 2160
[16/08/2011 01:22:47] /i 2160
[16/08/2011 01:22:47] /i 2160
[16/08/2011 01:22:47] /i 2160
[16/08/2011 01:22:47] /i 2160
[16/08/2011 01:22:47] /i 2160
[16/08/2011 01:22:47] /i 2160
[16/08/2011 01:22:48] /i 2160
[16/08/2011 01:22:48] /i 2160
[16/08/2011 01:22:48] /i 2160
[16/08/2011 01:22:48] /i 2160
[16/08/2011 01:22:48] /i 2160
[16/08/2011 01:22:48] /i 2160
[16/08/2011 01:22:48] /i 2160
[16/08/2011 01:22:48] /i 2160
[16/08/2011 01:22:48] /i 2160
[16/08/2011 01:22:48] /i 2160
[16/08/2011 01:22:48] /i 2160
[16/08/2011 01:22:48] /i 2160
[16/08/2011 01:22:48] /i 2160
[16/08/2011 01:22:48] /i 2160
[16/08/2011 01:22:48] /i 2160
[16/08/2011 01:22:48] /i 2160
[16/08/2011 01:22:48] /i 2160
[16/08/2011 01:22:48] /i 2160
[16/08/2011 01:22:48] /i 2160
[16/08/2011 01:22:48] /i 2160
[16/08/2011 01:22:48] /i 2160
[16/08/2011 01:22:48] /i 2160
[16/08/2011 01:22:48] /i 2160
[16/08/2011 01:22:48] /i 2160
[16/08/2011 01:22:48] /i 2160
[16/08/2011 01:22:48] /i 2160
[16/08/2011 01:22:48] /i 2160
[16/08/2011 01:22:48] /i 2160
[16/08/2011 01:22:48] /i 2160
[16/08/2011 01:22:48] /i 2160
[16/08/2011 01:22:49] /i 2160
[16/08/2011 01:22:49] /i 2160
[16/08/2011 01:22:49] /i 2160
[16/08/2011 01:22:49] /i 2160
[16/08/2011 01:22:49] /i 2160
[16/08/2011 01:22:49] /i 2160
[16/08/2011 01:22:49] /i 2160
[16/08/2011 01:22:49] /i 2160
[16/08/2011 01:22:49] /i 2160
[16/08/2011 01:22:49] /i 2160
[16/08/2011 01:22:49] /i 2160
[16/08/2011 01:22:49] /i 2160
[16/08/2011 01:22:49] /i 2160
[16/08/2011 01:22:49] /i 2160
[16/08/2011 01:22:49] /i 2160
[16/08/2011 01:22:49] /i 2160
[16/08/2011 01:22:49] /i 2160
[16/08/2011 01:22:49] /i 2160
[16/08/2011 01:22:49] /i 2160
[16/08/2011 01:22:49] /i 2160
[16/08/2011 01:22:49] /i 2160
[16/08/2011 01:22:49] /i 2160
[16/08/2011 01:22:49] /i 2160
[16/08/2011 01:22:49] /i 2160
[16/08/2011 01:22:49] /i 2160
[16/08/2011 01:22:49] /i 2160
[16/08/2011 01:22:49] /i 2160
[16/08/2011 01:22:50] /i 2160
[16/08/2011 01:22:50] /i 2160
[16/08/2011 01:22:50] /i 2160
[16/08/2011 01:22:50] /i 2160
[16/08/2011 01:22:50] /i 2160
[16/08/2011 01:22:50] /i 2160
[16/08/2011 01:22:50] /i 2160
[16/08/2011 01:22:50] /i 2160
[16/08/2011 01:22:50] /i 2160
[16/08/2011 01:22:50] /i 2160
[16/08/2011 01:22:50] /i 2160
[16/08/2011 01:22:50] /i 2160
[16/08/2011 01:22:50] /i 2160
[16/08/2011 01:22:50] /i 2160
[16/08/2011 01:22:50] /i 2160
[16/08/2011 01:22:50] /i 2160
[16/08/2011 01:22:50] /i 2160
[16/08/2011 01:22:50] /i 2160
[16/08/2011 01:22:50] /i 2160
[16/08/2011 01:22:50] /i 2160
[16/08/2011 01:22:50] /i 2160
[16/08/2011 01:22:50] /i 2160
[16/08/2011 01:22:50] /i 2160
[16/08/2011 01:22:50] /i 2160
[16/08/2011 01:22:50] /i 2160
[16/08/2011 01:22:50] /i 2160
[16/08/2011 01:22:50] /i 2160
[16/08/2011 01:22:50] /i 2160
[16/08/2011 01:22:50] /i 2160
[16/08/2011 01:22:50] /i 2160
[16/08/2011 01:22:50] /i 2160
[16/08/2011 01:22:50] /i 2160
[16/08/2011 01:22:50] /i 2160
[16/08/2011 01:22:50] /i 2160
[16/08/2011 01:22:50] /i 2160
[16/08/2011 01:22:51] /i 2160
[16/08/2011 01:22:51] /i 2160
[16/08/2011 01:22:51] /i 2160
[16/08/2011 01:22:51] /i 2160
[16/08/2011 01:22:51] /i 2160
[16/08/2011 01:22:51] /i 2160
[16/08/2011 01:22:51] /i 2160
[16/08/2011 01:22:51] /i 2160
[16/08/2011 01:22:51] /i 2160
[16/08/2011 01:22:51] /i 2160
[16/08/2011 01:22:51] /i 2160
[16/08/2011 01:22:52] /i 2160
[16/08/2011 01:22:52] /i 2160
[16/08/2011 01:22:52] /i 2160
[16/08/2011 01:22:52] /i 2160
[16/08/2011 01:22:52] /i 2160
[16/08/2011 01:22:52] /i 2160
[16/08/2011 01:22:52] /i 2160
[16/08/2011 01:22:52] /i 2160
[16/08/2011 01:22:52] /i 2160
[16/08/2011 01:22:52] /i 2160
[16/08/2011 01:22:52] /i 2160
[16/08/2011 01:22:52] /i 2160
[16/08/2011 01:22:52] /i 2160
[16/08/2011 01:22:52] /i 2160
[16/08/2011 01:22:52] /i 2160
[16/08/2011 01:22:52] /i 2160
[16/08/2011 01:22:52] /i 2160
[16/08/2011 01:22:52] /i 2160
[16/08/2011 01:22:52] /i 2160
[16/08/2011 01:22:52] /i 2160
[16/08/2011 01:22:52] /i 2160
[16/08/2011 01:22:52] /i 2160
[16/08/2011 01:22:52] /i 2160
[16/08/2011 01:22:52] /i 2160
[16/08/2011 01:22:52] /i 2160
[16/08/2011 01:22:52] /i 2160
[16/08/2011 01:22:52] /i 2160
[16/08/2011 01:22:52] /i 2160
[16/08/2011 01:22:53] /i 2160
[16/08/2011 01:22:53] /i 2160
[16/08/2011 01:22:53] /i 2160
[16/08/2011 01:22:53] /i 2160
[16/08/2011 01:22:54] /i 2160
[16/08/2011 01:22:54] /i 2160
[16/08/2011 01:22:54] /i 2160
[16/08/2011 01:22:54] /i 2160
[16/08/2011 01:22:54] /i 2160
[16/08/2011 01:22:54] /i 2160
[16/08/2011 01:22:54] /i 2160
[16/08/2011 01:22:54] /i 2160
[16/08/2011 01:22:54] /i 2160
[16/08/2011 01:22:54] /i 2160
[16/08/2011 01:22:54] /i 2160
[16/08/2011 01:22:54] /i 2160
[16/08/2011 01:22:54] /i 2160
[16/08/2011 01:22:54] /i 2160
[16/08/2011 01:22:54] /i 2160
[16/08/2011 01:22:54] /i 2160
[16/08/2011 01:22:54] /i 2160
[16/08/2011 01:22:54] /i 2160
[16/08/2011 01:22:54] /i 2160
[16/08/2011 01:22:54] /i 2160
[16/08/2011 01:22:54] /i 2160
[16/08/2011 01:22:54] /i 2160
[16/08/2011 01:22:54] /i 2160
[16/08/2011 01:22:54] /i 2160
[16/08/2011 01:22:54] /i 2160
[16/08/2011 01:22:54] /i 2160
[16/08/2011 01:22:54] /i 2160
[16/08/2011 01:22:55] /i 2160
[16/08/2011 01:22:55] /i 2160
[16/08/2011 01:22:55] /i 2160
[16/08/2011 01:22:55] /i 2160
[16/08/2011 01:22:55] /i 2160
[16/08/2011 01:22:55] /i 2160
[16/08/2011 01:22:55] /i 2160
[16/08/2011 01:22:55] /i 2160
[16/08/2011 01:22:55] /i 2160
[16/08/2011 01:22:55] /i 2160
[16/08/2011 01:22:55] /i 2160
[16/08/2011 01:22:55] /i 2160
[16/08/2011 01:22:55] /i 2160
[16/08/2011 01:22:55] /i 2160
[16/08/2011 01:22:55] /i 2160
[16/08/2011 01:22:55] /i 2160
[16/08/2011 01:22:55] /i 2160
[16/08/2011 01:22:55] /i 2160
[16/08/2011 01:22:55] /i 2160
[16/08/2011 01:22:55] /i 2160
[16/08/2011 01:22:55] /i 2160
[16/08/2011 01:22:55] /i 2160
[16/08/2011 01:22:55] /i 2160
[16/08/2011 01:22:55] /i 2160
[16/08/2011 01:22:55] /i 2160
[16/08/2011 01:22:55] /i 2160
[16/08/2011 01:22:55] /i 2160
[16/08/2011 01:22:55] /i 2160
[16/08/2011 01:22:56] /i 2160
[16/08/2011 01:22:56] /i 2160
[16/08/2011 01:22:56] /i 2160
[16/08/2011 01:22:56] /i 2160
[16/08/2011 01:22:56] /i 2160
[16/08/2011 01:22:56] /i 2160
[16/08/2011 01:22:56] /i 2160
[16/08/2011 01:22:56] /i 2160
[16/08/2011 01:22:56] /i 2160
[16/08/2011 01:22:56] /i 2160
[16/08/2011 01:22:56] /i 2160
[16/08/2011 01:22:56] /i 2160
[16/08/2011 01:22:56] /i 2160
[16/08/2011 01:22:56] /i 2160
[16/08/2011 01:22:56] /i 2160
[16/08/2011 01:22:56] /i 2160
[16/08/2011 01:22:56] /i 2160
[16/08/2011 01:22:56] /i 2160
[16/08/2011 01:22:56] /i 2160
[16/08/2011 01:22:56] /i 2160
[16/08/2011 01:22:56] /i 2160
[16/08/2011 01:22:56] /i 2160
[16/08/2011 01:22:56] /i 2160
[16/08/2011 01:22:59] /i master vip rod
[16/08/2011 01:23:05] /i master vip rod
[16/08/2011 01:23:09] /r
[16/08/2011 01:23:27] /i demon backpack
[16/08/2011 01:23:34] /i master vip rod
[16/08/2011 01:23:38] /i master vip sword
[16/08/2011 01:23:44] /i master vip axe
[16/08/2011 01:23:45] /i master vip axe
[16/08/2011 01:23:46] /i master vip sword
[16/08/2011 01:23:50] /i master vip rod
[16/08/2011 01:23:54] /i master vip wand
[16/08/2011 01:24:08] /up
[16/08/2011 01:24:09] /up
[16/08/2011 01:24:10] /c Hera
[16/08/2011 01:24:26] /i baiak sword
[16/08/2011 01:24:27] /r
[16/08/2011 01:24:33] /t Hera
[16/08/2011 01:24:34] /t
[16/08/2011 01:25:09] /up
[16/08/2011 01:25:09] /up
[16/08/2011 01:25:10] /c Hera
[16/08/2011 01:25:17] /r
[16/08/2011 01:25:22] /i baiak boots
[16/08/2011 01:25:28] /t
[16/08/2011 01:25:45] /i boots of baiak
[16/08/2011 01:25:47] /up 3
[16/08/2011 01:25:50] /t
[16/08/2011 01:25:52] /up 3
[16/08/2011 01:25:54] /down
[16/08/2011 01:26:07] /t Hera
[16/08/2011 01:26:15] /i master vip armor
[16/08/2011 01:26:18] /i master vip legs
[16/08/2011 01:26:20] /i master vip boots
[16/08/2011 01:26:29] /i master vip Helmet
[16/08/2011 01:26:30] /t
[16/08/2011 01:26:47] /b quen gosto do event Fala no Help eu ggostei
[16/08/2011 01:27:03] /newtype 332
[16/08/2011 01:27:07] /ghost
[16/08/2011 01:27:18] /up
[16/08/2011 01:27:18] /up
[16/08/2011 01:27:19] /up
[16/08/2011 01:27:23] /down
[16/08/2011 01:27:25] /c here
[16/08/2011 01:27:28] /c hera
[16/08/2011 01:27:45] /newtype Hera,3321
[16/08/2011 01:27:47] /newtype Hera,331
[16/08/2011 01:27:51] /newtype Hera,20
[16/08/2011 01:27:55] /t
[16/08/2011 01:27:58] /t Hera
[16/08/2011 01:28:16] /t
[16/08/2011 01:28:20] /i demon backpack
[16/08/2011 01:28:21] /i demon backpack
[16/08/2011 01:28:21] /i demon backpack
[16/08/2011 01:28:21] /i demon backpack
[16/08/2011 01:28:21] /i demon backpack
[16/08/2011 01:28:21] /i demon backpack
[16/08/2011 01:28:21] /i demon backpack
[16/08/2011 01:28:21] /i demon backpack
[16/08/2011 01:28:21] /i demon backpack
[16/08/2011 01:28:21] /i demon backpack
[16/08/2011 01:28:21] /i demon backpack
[16/08/2011 01:28:21] /i demon backpack
[16/08/2011 01:28:22] /i 2160
[16/08/2011 01:28:23] /i 2160
[16/08/2011 01:28:23] /i 2160
[16/08/2011 01:28:23] /i 2160
[16/08/2011 01:28:23] /i 2160
[16/08/2011 01:28:23] /i 2160
[16/08/2011 01:28:23] /i 2160
[16/08/2011 01:28:23] /i 2160
[16/08/2011 01:28:23] /i 2160
[16/08/2011 01:28:23] /i 2160
[16/08/2011 01:28:23] /i 2160
[16/08/2011 01:28:23] /i 2160
[16/08/2011 01:28:23] /i 2160
[16/08/2011 01:28:23] /i 2160
[16/08/2011 01:28:23] /i 2160
[16/08/2011 01:28:23] /i 2160
[16/08/2011 01:28:23] /i 2160
[16/08/2011 01:28:23] /i 2160
[16/08/2011 01:28:23] /i 2160
[16/08/2011 01:28:23] /i 2160
[16/08/2011 01:28:23] /i 2160
[16/08/2011 01:28:24] /i 2160
[16/08/2011 01:28:24] /i 2160
[16/08/2011 01:28:24] /i 2160
[16/08/2011 01:28:24] /i 2160
[16/08/2011 01:28:24] /i 2160
[16/08/2011 01:28:24] /i 2160
[16/08/2011 01:28:24] /i 2160
[16/08/2011 01:28:24] /i 2160
[16/08/2011 01:28:24] /i 2160
[16/08/2011 01:28:24] /i 2160
[16/08/2011 01:28:24] /i 2160
[16/08/2011 01:28:24] /i 2160
[16/08/2011 01:28:24] /i 2160
[16/08/2011 01:28:24] /i 2160
[16/08/2011 01:28:24] /i 2160
[16/08/2011 01:28:24] /i 2160
[16/08/2011 01:28:24] /i 2160
[16/08/2011 01:28:24] /i 2160
[16/08/2011 01:28:24] /i 2160
[16/08/2011 01:28:24] /i 2160
[16/08/2011 01:28:24] /i 2160
[16/08/2011 01:28:24] /i 2160
[16/08/2011 01:28:24] /i 2160
[16/08/2011 01:28:24] /i 2160
[16/08/2011 01:28:24] /i 2160
[16/08/2011 01:28:24] /i 2160
[16/08/2011 01:28:24] /i 2160
[16/08/2011 01:28:24] /i 2160
[16/08/2011 01:28:24] /i 2160
[16/08/2011 01:28:24] /i 2160
[16/08/2011 01:28:25] /i 2160
[16/08/2011 01:28:25] /i 2160
[16/08/2011 01:28:25] /i 2160
[16/08/2011 01:28:25] /i 2160
[16/08/2011 01:28:25] /i 2160
[16/08/2011 01:28:25] /i 2160
[16/08/2011 01:28:25] /i 2160
[16/08/2011 01:28:25] /i 2160
[16/08/2011 01:28:25] /i 2160
[16/08/2011 01:28:25] /i 2160
[16/08/2011 01:28:25] /i 2160
[16/08/2011 01:28:25] /i 2160
[16/08/2011 01:28:25] /i 2160
[16/08/2011 01:28:25] /i 2160
[16/08/2011 01:28:25] /i 2160
[16/08/2011 01:28:25] /i 2160
[16/08/2011 01:28:25] /i 2160
[16/08/2011 01:28:25] /i 2160
[16/08/2011 01:28:25] /i 2160
[16/08/2011 01:28:25] /i 2160
[16/08/2011 01:28:25] /i 2160
[16/08/2011 01:28:25] /i 2160
[16/08/2011 01:28:25] /i 2160
[16/08/2011 01:28:25] /i 2160
[16/08/2011 01:28:25] /i 2160
[16/08/2011 01:28:25] /i 2160
[16/08/2011 01:28:25] /i 2160
[16/08/2011 01:28:25] /i 2160
[16/08/2011 01:28:26] /i 2160
[16/08/2011 01:28:26] /i 2160
[16/08/2011 01:28:26] /i 2160
[16/08/2011 01:28:26] /i 2160
[16/08/2011 01:28:26] /i 2160
[16/08/2011 01:28:26] /i 2160
[16/08/2011 01:28:26] /i 2160
[16/08/2011 01:28:26] /i 2160
[16/08/2011 01:28:26] /i 2160
[16/08/2011 01:28:26] /i 2160
[16/08/2011 01:28:26] /i 2160
[16/08/2011 01:28:26] /i 2160
[16/08/2011 01:28:26] /i 2160
[16/08/2011 01:28:28] /i 2160
[16/08/2011 01:28:29] /i 2160
[16/08/2011 01:28:29] /i 2160
[16/08/2011 01:28:29] /i 2160
[16/08/2011 01:28:29] /i 2160
[16/08/2011 01:28:29] /i 2160
[16/08/2011 01:28:29] /i 2160
[16/08/2011 01:28:29] /i 2160
[16/08/2011 01:28:29] /i 2160
[16/08/2011 01:28:29] /i 2160
[16/08/2011 01:28:29] /i 2160
[16/08/2011 01:28:29] /i 2160
[16/08/2011 01:28:29] /i 2160
[16/08/2011 01:28:29] /i 2160
[16/08/2011 01:28:29] /i 2160
[16/08/2011 01:28:29] /i 2160
[16/08/2011 01:28:29] /i 2160
[16/08/2011 01:28:29] /i 2160
[16/08/2011 01:28:30] /i 2160
[16/08/2011 01:28:30] /i 2160
[16/08/2011 01:28:30] /i 2160
[16/08/2011 01:28:30] /i 2160
[16/08/2011 01:28:30] /i 2160
[16/08/2011 01:28:30] /i 2160
[16/08/2011 01:28:30] /i 2160
[16/08/2011 01:28:30] /i 2160
[16/08/2011 01:28:30] /i 2160
[16/08/2011 01:28:30] /i 2160
[16/08/2011 01:28:30] /i 2160
[16/08/2011 01:28:30] /i 2160
[16/08/2011 01:28:30] /i 2160
[16/08/2011 01:28:30] /i 2160
[16/08/2011 01:28:30] /i 2160
[16/08/2011 01:28:30] /i 2160
[16/08/2011 01:28:30] /i 2160
[16/08/2011 01:28:30] /i 2160
[16/08/2011 01:28:30] /i 2160
[16/08/2011 01:28:30] /i 2160
[16/08/2011 01:28:30] /i 2160
[16/08/2011 01:28:32] /i 2160
[16/08/2011 01:28:33] /i 2160
[16/08/2011 01:28:33] /i 2160
[16/08/2011 01:28:33] /i 2160
[16/08/2011 01:28:33] /i 2160
[16/08/2011 01:28:33] /i 2160
[16/08/2011 01:28:33] /i 2160
[16/08/2011 01:28:33] /i 2160
[16/08/2011 01:28:33] /i 2160
[16/08/2011 01:28:33] /i 2160
[16/08/2011 01:28:33] /i 2160
[16/08/2011 01:28:33] /i 2160
[16/08/2011 01:28:33] /i 2160
[16/08/2011 01:28:33] /i 2160
[16/08/2011 01:28:33] /i 2160
[16/08/2011 01:28:33] /i 2160
[16/08/2011 01:28:33] /i 2160
[16/08/2011 01:28:33] /i 2160
[16/08/2011 01:28:33] /i 2160
[16/08/2011 01:28:33] /i 2160
[16/08/2011 01:28:33] /i 2160
[16/08/2011 01:28:33] /i 2160
[16/08/2011 01:28:33] /i 2160
[16/08/2011 01:28:34] /i 2160
[16/08/2011 01:28:34] /i 2160
[16/08/2011 01:28:34] /i 2160
[16/08/2011 01:28:34] /i 2160
[16/08/2011 01:28:34] /i 2160
[16/08/2011 01:28:34] /i 2160
[16/08/2011 01:28:34] /i 2160
[16/08/2011 01:28:34] /i 2160
[16/08/2011 01:28:34] /i 2160
[16/08/2011 01:28:34] /i 2160
[16/08/2011 01:28:34] /i 2160
[16/08/2011 01:28:34] /i 2160
[16/08/2011 01:28:34] /i 2160
[16/08/2011 01:28:34] /i 2160
[16/08/2011 01:28:34] /i 2160
[16/08/2011 01:28:34] /i 2160
[16/08/2011 01:28:34] /i 2160
[16/08/2011 01:28:34] /i 2160
[16/08/2011 01:28:34] /i 2160
[16/08/2011 01:28:34] /i 2160
[16/08/2011 01:28:34] /i 2160
[16/08/2011 01:28:34] /i 2160
[16/08/2011 01:28:34] /i 2160
[16/08/2011 01:28:34] /i 2160
[16/08/2011 01:28:34] /i 2160
[16/08/2011 01:28:34] /i 2160
[16/08/2011 01:28:34] /i 2160
[16/08/2011 01:28:34] /i 2160
[16/08/2011 01:28:34] /i 2160
[16/08/2011 01:28:34] /i 2160
[16/08/2011 01:28:34] /i 2160
[16/08/2011 01:28:35] /i 2160
[16/08/2011 01:28:35] /i 2160
[16/08/2011 01:28:35] /i 2160
[16/08/2011 01:28:35] /i 2160
[16/08/2011 01:28:35] /i 2160
[16/08/2011 01:28:35] /i 2160
[16/08/2011 01:28:35] /i 2160
[16/08/2011 01:28:35] /i 2160
[16/08/2011 01:28:35] /i 2160
[16/08/2011 01:28:35] /i 2160
[16/08/2011 01:28:35] /i 2160
[16/08/2011 01:28:35] /i 2160
[16/08/2011 01:28:35] /i 2160
[16/08/2011 01:28:35] /i 2160
[16/08/2011 01:28:35] /i 2160
[16/08/2011 01:28:35] /i 2160
[16/08/2011 01:28:35] /i 2160
[16/08/2011 01:28:35] /i 2160
[16/08/2011 01:28:35] /i 2160
[16/08/2011 01:28:35] /i 2160
[16/08/2011 01:28:35] /i 2160
[16/08/2011 01:28:35] /i 2160
[16/08/2011 01:28:35] /i 2160
[16/08/2011 01:28:35] /i 2160
[16/08/2011 01:28:35] /i 2160
[16/08/2011 01:28:35] /i 2160
[16/08/2011 01:28:35] /i 2160
[16/08/2011 01:28:35] /i 2160
[16/08/2011 01:28:35] /i 2160
[16/08/2011 01:28:35] /i 2160
[16/08/2011 01:28:36] /i 2160
[16/08/2011 01:28:36] /i 2160
[16/08/2011 01:28:36] /i 2160
[16/08/2011 01:28:36] /i 2160
[16/08/2011 01:28:36] /i 2160
[16/08/2011 01:28:36] /i 2160
[16/08/2011 01:28:36] /i 2160
[16/08/2011 01:28:36] /i 2160
[16/08/2011 01:28:36] /i 2160
[16/08/2011 01:28:36] /i 2160
[16/08/2011 01:28:36] /i 2160
[16/08/2011 01:28:36] /i 2160
[16/08/2011 01:28:36] /i 2160
[16/08/2011 01:28:36] /i 2160
[16/08/2011 01:28:36] /i 2160
[16/08/2011 01:28:36] /i 2160
[16/08/2011 01:28:36] /i 2160
[16/08/2011 01:28:36] /i 2160
[16/08/2011 01:28:36] /i 2160
[16/08/2011 01:28:36] /i 2160
[16/08/2011 01:28:36] /i 2160
[16/08/2011 01:28:36] /i 2160
[16/08/2011 01:28:36] /i 2160
[16/08/2011 01:28:36] /i 2160
[16/08/2011 01:28:36] /i 2160
[16/08/2011 01:28:36] /i 2160
[16/08/2011 01:28:36] /i 2160
[16/08/2011 01:28:36] /i 2160
[16/08/2011 01:28:36] /i 2160
[16/08/2011 01:28:36] /i 2160
[16/08/2011 01:28:36] /i 2160
[16/08/2011 01:28:36] /i 2160
[16/08/2011 01:28:37] /i 2160
[16/08/2011 01:28:37] /i 2160
[16/08/2011 01:28:37] /i 2160
[16/08/2011 01:28:37] /i 2160
[16/08/2011 01:28:37] /i 2160
[16/08/2011 01:28:37] /i 2160
[16/08/2011 01:28:52] /r all
[16/08/2011 01:29:10] /i demon backpack
[16/08/2011 01:29:38] /b Gente alguma duvida Fala no Help.
[16/08/2011 01:29:55] /i demon backpack
[16/08/2011 01:29:56] /i demon backpack
[16/08/2011 01:29:56] /i demon backpack
[16/08/2011 01:29:56] /i demon backpack
[16/08/2011 01:29:56] /i demon backpack
[16/08/2011 01:29:56] /i demon backpack
[16/08/2011 01:29:56] /i demon backpack
[16/08/2011 01:29:56] /i demon backpack
[16/08/2011 01:29:56] /i demon backpack
[16/08/2011 01:29:56] /i demon backpack
[16/08/2011 01:29:56] /i demon backpack
[16/08/2011 01:29:56] /i demon backpack
[16/08/2011 01:29:56] /i demon backpack
[16/08/2011 01:29:56] /i demon backpack
[16/08/2011 01:29:56] /i demon backpack
[16/08/2011 01:30:09] /r
[16/08/2011 01:30:15] /a
[16/08/2011 01:30:16] /a
[16/08/2011 01:30:16] /a
[16/08/2011 01:30:16] /a
[16/08/2011 01:30:16] /a
[16/08/2011 01:30:16] /a
[16/08/2011 01:30:16] /a
[16/08/2011 01:30:16] /a
[16/08/2011 01:30:16] /a
[16/08/2011 01:30:16] /a
[16/08/2011 01:30:16] /a
[16/08/2011 01:30:16] /a
[16/08/2011 01:30:16] /a
[16/08/2011 01:30:16] /a
[16/08/2011 01:30:16] /a
[16/08/2011 01:30:16] /a
[16/08/2011 01:30:16] /a
[16/08/2011 01:30:17] /a
[16/08/2011 01:30:17] /a
[16/08/2011 01:30:17] /a
[16/08/2011 01:30:17] /a
[16/08/2011 01:30:21] /r
[16/08/2011 01:30:22] /a
[16/08/2011 01:30:23] /a
[16/08/2011 01:30:23] /a
[16/08/2011 01:30:24] /r
[16/08/2011 01:30:25] /a
[16/08/2011 01:30:25] /a
[16/08/2011 01:30:26] /a
[16/08/2011 01:30:26] /a
[16/08/2011 01:30:26] /a
[16/08/2011 01:30:26] /a
[16/08/2011 01:30:27] /a
[16/08/2011 01:30:27] /a
[16/08/2011 01:30:27] /a
[16/08/2011 01:30:27] /a
[16/08/2011 01:30:28] /r
[16/08/2011 01:30:30] /r
[16/08/2011 01:30:37] /r
[16/08/2011 01:30:38] /r
[16/08/2011 01:30:41] /r
[16/08/2011 01:30:42] /r
[16/08/2011 01:30:47] /i 54421
[16/08/2011 01:30:50] /i 5421
[16/08/2011 01:30:52] /i 5421
[16/08/2011 01:30:54] /i 5421
[16/08/2011 01:30:57] /a
[16/08/2011 01:30:57] /a
[16/08/2011 01:30:57] /a
[16/08/2011 01:30:57] /a
[16/08/2011 01:31:00] /i 5421
[16/08/2011 01:31:00] /i 5421
[16/08/2011 01:31:03] /i 5421
[16/08/2011 01:31:08] /b quen vai vip 2 fala
[16/08/2011 01:31:18] /b quen vai vip 2 fala comigo
[16/08/2011 01:31:23] /b quen vai vip 2 fala comigo
[16/08/2011 01:31:27] /b quen vai vip 2 fala comigo
[16/08/2011 01:31:33] /b quen vai vip 2 fala comigo que eu vo ajuda.
[16/08/2011 01:31:38] /a
[16/08/2011 01:31:39] /a
[16/08/2011 01:31:39] /a
[16/08/2011 01:31:39] /a
[16/08/2011 01:31:39] /a
[16/08/2011 01:31:39] /a
[16/08/2011 01:31:39] /a
[16/08/2011 01:31:39] /a
[16/08/2011 01:31:39] /a
[16/08/2011 01:31:39] /a
[16/08/2011 01:31:39] /a
[16/08/2011 01:31:39] /a
[16/08/2011 01:31:39] /a
[16/08/2011 01:31:39] /a
[16/08/2011 01:31:39] /a
[16/08/2011 01:31:39] /a
[16/08/2011 01:31:39] /a
[16/08/2011 01:31:39] /a
[16/08/2011 01:31:39] /a
[16/08/2011 01:31:39] /a
[16/08/2011 01:31:39] /a
[16/08/2011 01:31:39] /a
[16/08/2011 01:31:39] /a
[16/08/2011 01:31:39] /a
[16/08/2011 01:31:40] /a
[16/08/2011 01:31:40] /a
[16/08/2011 01:31:40] /a
[16/08/2011 01:31:40] /a
[16/08/2011 01:31:40] /a
[16/08/2011 01:31:40] /a
[16/08/2011 01:31:40] /a
[16/08/2011 01:31:40] /a
[16/08/2011 01:31:40] /a
[16/08/2011 01:31:41] /a
[16/08/2011 01:31:41] /a
[16/08/2011 01:31:42] /a
[16/08/2011 01:31:42] /a
[16/08/2011 01:31:42] /a
[16/08/2011 01:31:42] /a
[16/08/2011 01:31:43] /a
[16/08/2011 01:31:43] /a
[16/08/2011 01:31:44] /a
[16/08/2011 01:31:44] /a
[16/08/2011 01:31:44] /a
[16/08/2011 01:31:44] /a
[16/08/2011 01:31:44] /a
[16/08/2011 01:31:44] /a
[16/08/2011 01:31:45] /a
[16/08/2011 01:31:45] /a
[16/08/2011 01:31:46] /a
[16/08/2011 01:31:46] /a
[16/08/2011 01:31:48] /t
[16/08/2011 01:31:53] /a
[16/08/2011 01:31:53] /a
[16/08/2011 01:31:53] /a
[16/08/2011 01:31:53] /a
[16/08/2011 01:31:53] /a
[16/08/2011 01:31:53] /a
[16/08/2011 01:31:53] /a
[16/08/2011 01:31:54] /a
[16/08/2011 01:31:54] /a
[16/08/2011 01:31:54] /a
[16/08/2011 01:31:54] /a
[16/08/2011 01:31:54] /a
[16/08/2011 01:31:54] /a
[16/08/2011 01:31:54] /a
[16/08/2011 01:31:54] /a
[16/08/2011 01:31:54] /a
[16/08/2011 01:31:54] /a
[16/08/2011 01:31:54] /a
[16/08/2011 01:31:54] /a
[16/08/2011 01:31:54] /a
[16/08/2011 01:31:54] /a
[16/08/2011 01:31:54] /a
[16/08/2011 01:31:54] /a
[16/08/2011 01:31:54] /a
[16/08/2011 01:31:54] /a
[16/08/2011 01:31:54] /a
[16/08/2011 01:31:54] /a
[16/08/2011 01:31:54] /a
[16/08/2011 01:31:54] /a
[16/08/2011 01:31:54] /a
[16/08/2011 01:31:54] /a
[16/08/2011 01:31:54] /a
[16/08/2011 01:31:54] /a
[16/08/2011 01:31:54] /a
[16/08/2011 01:31:54] /a
[16/08/2011 01:31:54] /a
[16/08/2011 01:31:54] /a
[16/08/2011 01:31:55] /a
[16/08/2011 01:31:56] /a
[16/08/2011 01:31:56] /a
[16/08/2011 01:31:56] /a
[16/08/2011 01:31:56] /a
[16/08/2011 01:31:56] /a
[16/08/2011 01:31:56] /a
[16/08/2011 01:31:56] /a
[16/08/2011 01:31:56] /a
[16/08/2011 01:31:56] /a
[16/08/2011 01:31:56] /a
[16/08/2011 01:31:57] /a
[16/08/2011 01:31:57] /a
[16/08/2011 01:31:57] /a
[16/08/2011 01:31:58] /a
[16/08/2011 01:31:58] /a
[16/08/2011 01:31:59] /a
[16/08/2011 01:31:59] /a
[16/08/2011 01:31:59] /a
[16/08/2011 01:32:00] /a
[16/08/2011 01:32:00] /a
[16/08/2011 01:32:00] /a
[16/08/2011 01:32:00] /a
[16/08/2011 01:32:00] /a
[16/08/2011 01:32:00] /a
[16/08/2011 01:32:00] /a
[16/08/2011 01:32:00] /a
[16/08/2011 01:32:00] /a
[16/08/2011 01:32:00] /a
[16/08/2011 01:32:00] /a
[16/08/2011 01:32:00] /a
[16/08/2011 01:32:00] /a
[16/08/2011 01:32:00] /a
[16/08/2011 01:32:01] /a
[16/08/2011 01:32:01] /a
[16/08/2011 01:32:01] /a
[16/08/2011 01:32:01] /a
[16/08/2011 01:32:02] /a
[16/08/2011 01:32:03] /a
[16/08/2011 01:32:03] /a
[16/08/2011 01:32:03] /a
[16/08/2011 01:32:03] /a
[16/08/2011 01:32:03] /a
[16/08/2011 01:32:17] /a
[16/08/2011 01:32:17] /a
[16/08/2011 01:32:17] /a
[16/08/2011 01:32:18] /a
[16/08/2011 01:32:18] /a
[16/08/2011 01:32:18] /a
[16/08/2011 01:32:18] /a
[16/08/2011 01:32:18] /a
[16/08/2011 01:32:19] /a
[16/08/2011 01:32:19] /a
[16/08/2011 01:32:19] /a
[16/08/2011 01:32:19] /a
[16/08/2011 01:32:21] /a
[16/08/2011 01:32:22] /a
[16/08/2011 01:32:22] /a
[16/08/2011 01:32:22] /a
[16/08/2011 01:32:22] /a
[16/08/2011 01:32:22] /a
[16/08/2011 01:32:22] /a
[16/08/2011 01:32:22] /a
[16/08/2011 01:32:22] /a
[16/08/2011 01:32:22] /a
[16/08/2011 01:32:22] /a
[16/08/2011 01:32:22] /a
[16/08/2011 01:32:22] /a
[16/08/2011 01:32:22] /a
[16/08/2011 01:32:22] /a
[16/08/2011 01:32:22] /a
[16/08/2011 01:32:22] /a
[16/08/2011 01:32:22] /a
[16/08/2011 01:32:22] /a
[16/08/2011 01:32:22] /a
[16/08/2011 01:32:22] /a
[16/08/2011 01:32:22] /a
[16/08/2011 01:32:22] /a
[16/08/2011 01:32:22] /a
[16/08/2011 01:32:22] /a
[16/08/2011 01:32:22] /a
[16/08/2011 01:32:22] /a
[16/08/2011 01:32:22] /a
[16/08/2011 01:32:22] /a
[16/08/2011 01:32:23] /a
[16/08/2011 01:32:23] /a
[16/08/2011 01:32:23] /a
[16/08/2011 01:32:23] /a
[16/08/2011 01:32:23] /a
[16/08/2011 01:32:23] /a
[16/08/2011 01:32:23] /a
[16/08/2011 01:32:23] /a
[16/08/2011 01:32:23] /a
[16/08/2011 01:32:23] /a
[16/08/2011 01:32:23] /a
[16/08/2011 01:32:23] /a
[16/08/2011 01:32:23] /a
[16/08/2011 01:32:23] /a
[16/08/2011 01:32:23] /a
[16/08/2011 01:32:23] /a
[16/08/2011 01:32:23] /a
[16/08/2011 01:32:23] /a
[16/08/2011 01:32:23] /a
[16/08/2011 01:32:23] /a
[16/08/2011 01:32:23] /a
[16/08/2011 01:32:23] /a
[16/08/2011 01:32:23] /a
[16/08/2011 01:32:23] /a
[16/08/2011 01:32:23] /a
[16/08/2011 01:32:23] /a
[16/08/2011 01:32:23] /a
[16/08/2011 01:32:24] /a
[16/08/2011 01:32:24] /a
[16/08/2011 01:32:24] /a
[16/08/2011 01:32:24] /a
[16/08/2011 01:32:24] /a
[16/08/2011 01:32:24] /a
[16/08/2011 01:32:24] /a
[16/08/2011 01:32:24] /a
[16/08/2011 01:32:24] /a
[16/08/2011 01:32:24] /a
[16/08/2011 01:32:25] /a
[16/08/2011 01:32:25] /a
[16/08/2011 01:32:25] /a
[16/08/2011 01:32:25] /a
[16/08/2011 01:32:25] /a
[16/08/2011 01:32:25] /a
[16/08/2011 01:32:25] /a
[16/08/2011 01:32:26] /a
[16/08/2011 01:32:26] /a
[16/08/2011 01:32:26] /a
[16/08/2011 01:32:26] /a
[16/08/2011 01:32:26] /a
[16/08/2011 01:32:27] /a
[16/08/2011 01:32:27] /a
[16/08/2011 01:32:27] /a
[16/08/2011 01:32:27] /a
[16/08/2011 01:32:30] /a
[16/08/2011 01:32:30] /a
[16/08/2011 01:32:30] /a
[16/08/2011 01:32:31] /a
[16/08/2011 01:32:31] /a
[16/08/2011 01:32:31] /a
[16/08/2011 01:32:35] /r
[16/08/2011 01:32:37] /a
[16/08/2011 01:32:37] /a
[16/08/2011 01:32:37] /a
[16/08/2011 01:32:37] /a
[16/08/2011 01:32:37] /a
[16/08/2011 01:32:37] /a
[16/08/2011 01:32:37] /a
[16/08/2011 01:32:37] /a
[16/08/2011 01:32:37] /a
[16/08/2011 01:32:37] /a
[16/08/2011 01:32:37] /a
[16/08/2011 01:32:37] /a
[16/08/2011 01:32:37] /a
[16/08/2011 01:32:37] /a
[16/08/2011 01:32:37] /a
[16/08/2011 01:32:38] /a
[16/08/2011 01:32:38] /a
[16/08/2011 01:32:38] /a
[16/08/2011 01:32:38] /a
[16/08/2011 01:32:38] /a
[16/08/2011 01:32:38] /a
[16/08/2011 01:32:38] /a
[16/08/2011 01:32:38] /a
[16/08/2011 01:32:38] /a
[16/08/2011 01:32:38] /a
[16/08/2011 01:32:38] /a
[16/08/2011 01:32:38] /a
[16/08/2011 01:32:38] /a
[16/08/2011 01:32:38] /a
[16/08/2011 01:32:38] /a
[16/08/2011 01:32:38] /a
[16/08/2011 01:32:38] /a
[16/08/2011 01:32:38] /a
[16/08/2011 01:32:38] /a
[16/08/2011 01:32:39] /a
[16/08/2011 01:32:39] /a
[16/08/2011 01:32:39] /a
[16/08/2011 01:32:39] /a
[16/08/2011 01:32:40] /a
[16/08/2011 01:32:40] /a
[16/08/2011 01:32:40] /a
[16/08/2011 01:32:41] /a
[16/08/2011 01:32:42] /a
[16/08/2011 01:32:42] /a
[16/08/2011 01:32:43] /a
[16/08/2011 01:32:43] /a
[16/08/2011 01:32:43] /a
[16/08/2011 01:32:43] /a
[16/08/2011 01:32:44] /a
[16/08/2011 01:32:44] /a
[16/08/2011 01:32:45] /a
[16/08/2011 01:32:45] /a
[16/08/2011 01:32:45] /a
[16/08/2011 01:32:45] /a
[16/08/2011 01:32:45] /a
[16/08/2011 01:32:45] /a
[16/08/2011 01:32:45] /a
[16/08/2011 01:32:46] /a
[16/08/2011 01:32:46] /a
[16/08/2011 01:32:46] /a
[16/08/2011 01:32:46] /a
[16/08/2011 01:32:46] /a
[16/08/2011 01:32:46] /a
[16/08/2011 01:32:46] /a
[16/08/2011 01:32:46] /a
[16/08/2011 01:32:46] /a
[16/08/2011 01:32:46] /a
[16/08/2011 01:32:46] /a
[16/08/2011 01:32:46] /a
[16/08/2011 01:32:46] /a
[16/08/2011 01:32:46] /a
[16/08/2011 01:32:46] /a
[16/08/2011 01:32:47] /a
[16/08/2011 01:32:47] /a
[16/08/2011 01:32:48] /a
[16/08/2011 01:32:48] /a
[16/08/2011 01:32:49] /a
[16/08/2011 01:32:49] /a
[16/08/2011 01:32:51] /r
[16/08/2011 01:32:53] /a
[16/08/2011 01:32:54] /a
[16/08/2011 01:32:54] /a
[16/08/2011 01:32:55] /a
[16/08/2011 01:32:55] /a
[16/08/2011 01:32:55] /a
[16/08/2011 01:32:55] /a
[16/08/2011 01:32:55] /a
[16/08/2011 01:32:55] /a
[16/08/2011 01:32:55] /a
[16/08/2011 01:32:55] /a
[16/08/2011 01:32:55] /a
[16/08/2011 01:32:55] /a
[16/08/2011 01:32:55] /a
[16/08/2011 01:32:55] /a
[16/08/2011 01:32:55] /a
[16/08/2011 01:32:56] /a
[16/08/2011 01:32:56] /a
[16/08/2011 01:32:57] /a
[16/08/2011 01:32:57] /a
[16/08/2011 01:32:59] /a
[16/08/2011 01:32:59] /a
[16/08/2011 01:33:00] /a
[16/08/2011 01:33:00] /a
[16/08/2011 01:33:00] /a
[16/08/2011 01:33:00] /a
[16/08/2011 01:33:00] /a
[16/08/2011 01:33:00] /a
[16/08/2011 01:33:00] /a
[16/08/2011 01:33:00] /a
[16/08/2011 01:33:00] /a
[16/08/2011 01:33:00] /a
[16/08/2011 01:33:00] /a
[16/08/2011 01:33:00] /a
[16/08/2011 01:33:00] /a
[16/08/2011 01:33:01] /a
[16/08/2011 01:33:01] /a
[16/08/2011 01:33:01] /a
[16/08/2011 01:33:01] /a
[16/08/2011 01:33:01] /a
[16/08/2011 01:33:01] /a
[16/08/2011 01:33:01] /a
[16/08/2011 01:33:01] /a
[16/08/2011 01:33:01] /a
[16/08/2011 01:33:01] /a
[16/08/2011 01:33:01] /a
[16/08/2011 01:33:01] /a
[16/08/2011 01:33:01] /a
[16/08/2011 01:33:01] /a
[16/08/2011 01:33:01] /a
[16/08/2011 01:33:02] /a
[16/08/2011 01:33:02] /a
[16/08/2011 01:33:02] /a
[16/08/2011 01:33:02] /a
[16/08/2011 01:33:02] /a
[16/08/2011 01:33:03] /a
[16/08/2011 01:33:06] /r
[16/08/2011 01:33:21] /a
[16/08/2011 01:33:24] /a
[16/08/2011 01:33:25] /a
[16/08/2011 01:33:25] /a
[16/08/2011 01:33:25] /a
[16/08/2011 01:33:25] /a
[16/08/2011 01:33:25] /a
[16/08/2011 01:33:25] /a
[16/08/2011 01:33:25] /a
[16/08/2011 01:33:25] /a
[16/08/2011 01:33:25] /a
[16/08/2011 01:33:25] /a
[16/08/2011 01:33:25] /a
[16/08/2011 01:33:25] /a
[16/08/2011 01:33:25] /a
[16/08/2011 01:33:25] /a
[16/08/2011 01:33:25] /a
[16/08/2011 01:33:25] /a
[16/08/2011 01:33:25] /a
[16/08/2011 01:33:25] /a
[16/08/2011 01:33:25] /a
[16/08/2011 01:33:26] /a
[16/08/2011 01:33:26] /a
[16/08/2011 01:33:26] /a
[16/08/2011 01:33:26] /a
[16/08/2011 01:33:26] /a
[16/08/2011 01:33:26] /a
[16/08/2011 01:33:26] /a
[16/08/2011 01:33:26] /a
[16/08/2011 01:33:26] /a
[16/08/2011 01:33:26] /a
[16/08/2011 01:33:26] /a
[16/08/2011 01:33:26] /a
[16/08/2011 01:33:27] /a
[16/08/2011 01:33:27] /a
[16/08/2011 01:33:27] /a
[16/08/2011 01:33:27] /a
[16/08/2011 01:33:27] /a
[16/08/2011 01:33:27] /a
[16/08/2011 01:33:27] /a
[16/08/2011 01:33:27] /a
[16/08/2011 01:33:27] /a
[16/08/2011 01:33:27] /a
[16/08/2011 01:33:27] /a
[16/08/2011 01:33:27] /a
[16/08/2011 01:33:27] /a
[16/08/2011 01:33:27] /a
[16/08/2011 01:33:27] /a
[16/08/2011 01:33:27] /a
[16/08/2011 01:33:27] /a
[16/08/2011 01:33:27] /a
[16/08/2011 01:33:27] /a
[16/08/2011 01:33:27] /a
[16/08/2011 01:33:27] /a
[16/08/2011 01:33:28] /a
[16/08/2011 01:33:28] /a
[16/08/2011 01:33:28] /a
[16/08/2011 01:33:28] /a
[16/08/2011 01:33:28] /a
[16/08/2011 01:33:28] /a
[16/08/2011 01:33:28] /a
[16/08/2011 01:33:28] /a
[16/08/2011 01:33:28] /a
[16/08/2011 01:33:28] /a
[16/08/2011 01:33:28] /a
[16/08/2011 01:33:28] /a
[16/08/2011 01:33:28] /a
[16/08/2011 01:33:28] /a
[16/08/2011 01:33:28] /a
[16/08/2011 01:33:28] /a
[16/08/2011 01:33:28] /a
[16/08/2011 01:33:28] /a
[16/08/2011 01:33:29] /a
[16/08/2011 01:33:29] /a
[16/08/2011 01:33:29] /a
[16/08/2011 01:33:31] /a
[16/08/2011 01:33:31] /a
[16/08/2011 01:33:31] /a
[16/08/2011 01:33:32] /a
[16/08/2011 01:33:32] /a
[16/08/2011 01:33:32] /a
[16/08/2011 01:33:32] /a
[16/08/2011 01:33:32] /a
[16/08/2011 01:33:32] /a
[16/08/2011 01:33:32] /a
[16/08/2011 01:33:32] /a
[16/08/2011 01:33:32] /a
[16/08/2011 01:33:32] /a
[16/08/2011 01:33:32] /a
[16/08/2011 01:33:33] /a
[16/08/2011 01:33:33] /a
[16/08/2011 01:33:33] /a
[16/08/2011 01:33:33] /a
[16/08/2011 01:33:33] /a
[16/08/2011 01:33:33] /a
[16/08/2011 01:33:33] /a
[16/08/2011 01:33:33] /a
[16/08/2011 01:33:33] /a
[16/08/2011 01:33:33] /a
[16/08/2011 01:33:33] /a
[16/08/2011 01:33:33] /a
[16/08/2011 01:33:33] /a
[16/08/2011 01:33:34] /a
[16/08/2011 01:33:34] /a
[16/08/2011 01:33:34] /a
[16/08/2011 01:33:34] /a
[16/08/2011 01:33:35] /a
[16/08/2011 01:33:35] /a
[16/08/2011 01:33:36] /a
[16/08/2011 01:33:36] /a
[16/08/2011 01:33:36] /a
[16/08/2011 01:33:36] /a
[16/08/2011 01:33:36] /a
[16/08/2011 01:33:37] /a
[16/08/2011 01:33:37] /a
[16/08/2011 01:33:37] /a
[16/08/2011 01:33:39] /a
[16/08/2011 01:33:39] /a
[16/08/2011 01:33:40] /a
[16/08/2011 01:33:40] /a
[16/08/2011 01:33:40] /a
[16/08/2011 01:33:40] /a
[16/08/2011 01:33:40] /a
[16/08/2011 01:33:41] /a
[16/08/2011 01:33:41] /a
[16/08/2011 01:33:42] /a
[16/08/2011 01:33:42] /a
[16/08/2011 01:33:42] /a
[16/08/2011 01:33:42] /a
[16/08/2011 01:33:42] /a
[16/08/2011 01:33:42] /a
[16/08/2011 01:33:43] /a
[16/08/2011 01:33:43] /a
[16/08/2011 01:33:43] /a
[16/08/2011 01:33:43] /a
[16/08/2011 01:33:43] /a
[16/08/2011 01:33:43] /a
[16/08/2011 01:33:43] /a
[16/08/2011 01:33:44] /a
[16/08/2011 01:33:44] /a
[16/08/2011 01:33:44] /a
[16/08/2011 01:33:44] /a
[16/08/2011 01:33:44] /a
[16/08/2011 01:33:44] /a
[16/08/2011 01:33:44] /a
[16/08/2011 01:33:44] /a
[16/08/2011 01:33:44] /a
[16/08/2011 01:33:44] /a
[16/08/2011 01:33:44] /a
[16/08/2011 01:33:44] /a
[16/08/2011 01:33:44] /a
[16/08/2011 01:33:45] /a
[16/08/2011 01:33:45] /a
[16/08/2011 01:33:45] /a
[16/08/2011 01:33:46] /a
[16/08/2011 01:33:46] /a
[16/08/2011 01:33:46] /a
[16/08/2011 01:33:47] /a
[16/08/2011 01:33:47] /a
[16/08/2011 01:33:47] /a
[16/08/2011 01:33:58] /a
[16/08/2011 01:33:58] /a
[16/08/2011 01:33:58] /a
[16/08/2011 01:33:58] /a
[16/08/2011 01:33:58] /a
[16/08/2011 01:33:58] /a
[16/08/2011 01:33:58] /a
[16/08/2011 01:33:59] /a
[16/08/2011 01:33:59] /a
[16/08/2011 01:33:59] /a
[16/08/2011 01:33:59] /a
[16/08/2011 01:33:59] /a
[16/08/2011 01:33:59] /a
[16/08/2011 01:33:59] /a
[16/08/2011 01:33:59] /a
[16/08/2011 01:33:59] /a
[16/08/2011 01:33:59] /a
[16/08/2011 01:33:59] /a
[16/08/2011 01:33:59] /a
[16/08/2011 01:33:59] /a
[16/08/2011 01:33:59] /a
[16/08/2011 01:33:59] /a
[16/08/2011 01:33:59] /a
[16/08/2011 01:33:59] /a
[16/08/2011 01:33:59] /a
[16/08/2011 01:33:59] /a
[16/08/2011 01:33:59] /a
[16/08/2011 01:33:59] /a
[16/08/2011 01:33:59] /a
[16/08/2011 01:33:59] /a
[16/08/2011 01:34:00] /a
[16/08/2011 01:34:00] /a
[16/08/2011 01:34:00] /a
[16/08/2011 01:34:01] /a
[16/08/2011 01:34:01] /a
[16/08/2011 01:34:01] /a
[16/08/2011 01:34:01] /a
[16/08/2011 01:34:01] /a
[16/08/2011 01:34:01] /a
[16/08/2011 01:34:01] /a
[16/08/2011 01:34:01] /a
[16/08/2011 01:34:01] /a
[16/08/2011 01:34:01] /a
[16/08/2011 01:34:01] /a
[16/08/2011 01:34:01] /a
[16/08/2011 01:34:01] /a
[16/08/2011 01:34:01] /a
[16/08/2011 01:34:01] /a
[16/08/2011 01:34:01] /a
[16/08/2011 01:34:01] /a
[16/08/2011 01:34:02] /a
[16/08/2011 01:34:02] /a
[16/08/2011 01:34:02] /a
[16/08/2011 01:34:02] /a
[16/08/2011 01:34:02] /a
[16/08/2011 01:34:02] /a
[16/08/2011 01:34:02] /a
[16/08/2011 01:34:02] /a
[16/08/2011 01:34:06] /r
[16/08/2011 01:34:07] /r
[16/08/2011 01:34:11] /a
[16/08/2011 01:34:19] /r
[16/08/2011 01:34:22] /r
[16/08/2011 01:34:24] /r
[16/08/2011 01:34:24] /a
[16/08/2011 01:34:24] /a
[16/08/2011 01:34:24] /a
[16/08/2011 01:34:24] /a
[16/08/2011 01:34:24] /a
[16/08/2011 01:34:24] /a
[16/08/2011 01:34:24] /a
[16/08/2011 01:34:25] /a
[16/08/2011 01:34:25] /a
[16/08/2011 01:34:25] /a
[16/08/2011 01:34:25] /a
[16/08/2011 01:34:25] /a
[16/08/2011 01:34:25] /a
[16/08/2011 01:34:25] /a
[16/08/2011 01:34:25] /a
[16/08/2011 01:34:25] /a
[16/08/2011 01:34:25] /a
[16/08/2011 01:34:25] /a
[16/08/2011 01:34:25] /a
[16/08/2011 01:34:25] /a
[16/08/2011 01:34:25] /a
[16/08/2011 01:34:25] /a
[16/08/2011 01:34:25] /a
[16/08/2011 01:34:25] /a
[16/08/2011 01:34:25] /a
[16/08/2011 01:34:25] /a
[16/08/2011 01:34:25] /a
[16/08/2011 01:34:25] /a
[16/08/2011 01:34:25] /a
[16/08/2011 01:34:25] /a
[16/08/2011 01:34:25] /a
[16/08/2011 01:34:28] /r
[16/08/2011 01:34:31] /r
[16/08/2011 01:34:35] /a
[16/08/2011 01:34:35] /a
[16/08/2011 01:34:36] /a
[16/08/2011 01:34:36] /a
[16/08/2011 01:34:36] /a
[16/08/2011 01:34:36] /a
[16/08/2011 01:34:40] /a
[16/08/2011 01:34:40] /a
[16/08/2011 01:34:40] /a
[16/08/2011 01:34:40] /a
[16/08/2011 01:34:40] /a
[16/08/2011 01:34:40] /a
[16/08/2011 01:34:40] /a
[16/08/2011 01:34:48] /c Bt'rulex
[16/08/2011 01:34:56] /c Serial killer   
[16/08/2011 01:35:03] /c noia
[16/08/2011 01:35:07] /c hera
[16/08/2011 01:35:09] /r
[16/08/2011 01:35:10] /r
[16/08/2011 01:35:12] /r
[16/08/2011 01:35:32] /r
[16/08/2011 01:35:34] /r
[16/08/2011 01:35:41] /b queen morrer eu n vo pucha mas.
[16/08/2011 01:35:48] /a
[16/08/2011 01:35:50] /a
[16/08/2011 01:35:50] /a
[16/08/2011 01:35:50] /a
[16/08/2011 01:35:50] /a
[16/08/2011 01:35:50] /a
[16/08/2011 01:35:50] /a
[16/08/2011 01:35:50] /a
[16/08/2011 01:35:50] /a
[16/08/2011 01:35:50] /a
[16/08/2011 01:35:50] /a
[16/08/2011 01:35:50] /a
[16/08/2011 01:35:50] /a
[16/08/2011 01:35:50] /a
[16/08/2011 01:35:50] /a
[16/08/2011 01:35:50] /a
[16/08/2011 01:35:50] /a
[16/08/2011 01:35:50] /a
[16/08/2011 01:35:50] /a
[16/08/2011 01:35:50] /a
[16/08/2011 01:35:50] /a
[16/08/2011 01:35:50] /a
[16/08/2011 01:35:50] /a
[16/08/2011 01:35:50] /a
[16/08/2011 01:35:50] /a
[16/08/2011 01:35:50] /a
[16/08/2011 01:35:50] /a
[16/08/2011 01:35:50] /a
[16/08/2011 01:35:50] /a
[16/08/2011 01:35:51] /a
[16/08/2011 01:35:51] /a
[16/08/2011 01:35:51] /a
[16/08/2011 01:35:51] /a
[16/08/2011 01:35:51] /a
[16/08/2011 01:35:51] /a
[16/08/2011 01:35:51] /a
[16/08/2011 01:35:53] /a
[16/08/2011 01:35:53] /a
[16/08/2011 01:35:53] /a
[16/08/2011 01:35:53] /a
[16/08/2011 01:35:53] /a
[16/08/2011 01:35:53] /a
[16/08/2011 01:35:53] /a
[16/08/2011 01:35:53] /a
[16/08/2011 01:35:53] /a
[16/08/2011 01:35:53] /a
[16/08/2011 01:35:53] /a
[16/08/2011 01:35:54] /a
[16/08/2011 01:35:57] /b ja ajudei de +
[16/08/2011 01:35:58] /a
[16/08/2011 01:35:58] /a
[16/08/2011 01:35:59] /a
[16/08/2011 01:35:59] /a
[16/08/2011 01:35:59] /a
[16/08/2011 01:35:59] /a
[16/08/2011 01:36:00] /a
[16/08/2011 01:36:00] /a
[16/08/2011 01:36:00] /a
[16/08/2011 01:36:00] /a
[16/08/2011 01:36:00] /a
[16/08/2011 01:36:00] /a
[16/08/2011 01:36:00] /a
[16/08/2011 01:36:00] /a
[16/08/2011 01:36:00] /a
[16/08/2011 01:36:01] /a
[16/08/2011 01:36:01] /a
[16/08/2011 01:36:01] /a
[16/08/2011 01:36:01] /a
[16/08/2011 01:36:01] /a
[16/08/2011 01:36:01] /a
[16/08/2011 01:36:01] /a
[16/08/2011 01:36:01] /a
[16/08/2011 01:36:01] /a
[16/08/2011 01:36:01] /a
[16/08/2011 01:36:01] /a
[16/08/2011 01:36:01] /a
[16/08/2011 01:36:01] /a
[16/08/2011 01:36:03] /r
[16/08/2011 01:36:07] /r
[16/08/2011 01:36:12] /r
[16/08/2011 01:36:29] /r
[16/08/2011 01:36:36] /r
[16/08/2011 01:36:37] /r
[16/08/2011 01:36:42] /r
[16/08/2011 01:37:01] /r
[16/08/2011 01:37:04] /r
[16/08/2011 01:37:05] /r
[16/08/2011 01:37:06] /r
[16/08/2011 01:37:08] /r
[16/08/2011 01:37:11] /c hera
[16/08/2011 01:37:19] /a
[16/08/2011 01:37:46] /a 5
[16/08/2011 01:37:59] /a 6
[16/08/2011 01:38:09] /r
[16/08/2011 01:38:12] /r
[16/08/2011 01:38:13] /r
[16/08/2011 01:38:28] /t
[16/08/2011 01:45:06] /i 2160
[16/08/2011 01:45:07] /i 2160
[16/08/2011 01:45:07] /i 2160
[16/08/2011 01:45:08] /i 2160
[16/08/2011 01:45:08] /i 2160
[16/08/2011 01:45:08] /i 2160
[16/08/2011 01:45:21] /i baiak sword
[16/08/2011 01:45:26] /i baiak shield
[16/08/2011 01:45:32] /i baiak armor
[16/08/2011 01:47:14] /ghost
[16/08/2011 01:48:25] /r
[16/08/2011 01:48:35] /bc green pessoal bllz ae ?
[16/08/2011 01:48:44] /m rotworm
[16/08/2011 01:48:47] /m rotworm
[16/08/2011 01:48:48] /m rotworm
[16/08/2011 01:48:48] /m rotworm
[16/08/2011 01:49:32] /goto crown oz
[16/08/2011 01:49:44] /i baiak staff
[16/08/2011 01:50:28] /i baiak helmet
[16/08/2011 01:50:34] /i baiak armor
[16/08/2011 01:50:38] /i baiak legs
[16/08/2011 01:50:44] /i baiak staff
[16/08/2011 01:50:51] /i wand of baiak
[16/08/2011 01:51:43] /i suden death 
[16/08/2011 01:51:46] /t
[16/08/2011 01:51:47] /a
[16/08/2011 01:51:48] /a
[16/08/2011 01:51:48] /a
[16/08/2011 01:51:48] /a
[16/08/2011 01:51:48] /a
[16/08/2011 01:51:48] /a
[16/08/2011 01:51:48] /a
[16/08/2011 01:51:48] /a
[16/08/2011 01:51:48] /a
[16/08/2011 01:51:48] /a
[16/08/2011 01:51:48] /a
[16/08/2011 01:51:48] /a
[16/08/2011 01:51:48] /a
[16/08/2011 01:51:48] /a
[16/08/2011 01:51:48] /a
[16/08/2011 01:51:48] /a
[16/08/2011 01:51:48] /a
[16/08/2011 01:51:48] /a
[16/08/2011 01:51:48] /a
[16/08/2011 01:51:48] /a
[16/08/2011 01:51:48] /a
[16/08/2011 01:51:52] /a
[16/08/2011 01:51:52] /a
[16/08/2011 01:51:52] /a
[16/08/2011 01:51:52] /a
[16/08/2011 01:51:52] /a
[16/08/2011 01:51:52] /a
[16/08/2011 01:51:52] /a
[16/08/2011 01:51:52] /a
[16/08/2011 01:51:52] /a
[16/08/2011 01:51:52] /a
[16/08/2011 01:51:52] /a
[16/08/2011 01:51:53] /a
[16/08/2011 01:51:53] /a
[16/08/2011 01:51:53] /a
[16/08/2011 01:51:53] /a
[16/08/2011 01:51:53] /a
[16/08/2011 01:51:53] /a
[16/08/2011 01:51:53] /a
[16/08/2011 01:51:53] /a
[16/08/2011 01:51:53] /a
[16/08/2011 01:51:53] /a
[16/08/2011 01:51:53] /a
[16/08/2011 01:51:53] /a
[16/08/2011 01:51:53] /a
[16/08/2011 01:51:53] /a
[16/08/2011 01:51:53] /a
[16/08/2011 01:51:53] /a
[16/08/2011 01:51:53] /a
[16/08/2011 01:51:53] /a
[16/08/2011 01:51:53] /a
[16/08/2011 01:51:53] /a
[16/08/2011 01:51:53] /a
[16/08/2011 01:51:53] /a
[16/08/2011 01:51:53] /a
[16/08/2011 01:51:53] /a
[16/08/2011 01:51:55] /a
[16/08/2011 01:51:55] /a
[16/08/2011 01:51:55] /a
[16/08/2011 01:51:55] /a
[16/08/2011 01:51:55] /a
[16/08/2011 01:51:55] /a
[16/08/2011 01:51:55] /a
[16/08/2011 01:51:55] /a
[16/08/2011 01:52:06] /i sudden death rune
[16/08/2011 01:52:17] /i magic wall rune
[16/08/2011 01:52:23] /i great mana potion
[16/08/2011 01:52:24] /t
[16/08/2011 01:52:31] /goto crown oz
[16/08/2011 01:52:57] /i baiak boots
[16/08/2011 01:53:01] /t
[16/08/2011 01:53:18] /i 12607
[16/08/2011 01:53:20] /t
[16/08/2011 01:53:31] /goto crown oz
[16/08/2011 01:54:11] /r
[16/08/2011 01:54:13] /r
[16/08/2011 01:55:01] /b Gente Duvidas En ajuda En quest Fala con [GOD] Math ok ?
[16/08/2011 01:55:13] /m demon
[16/08/2011 01:55:23] /clean
[16/08/2011 01:55:26] /t
[16/08/2011 01:56:49] /goto Noia
[16/08/2011 01:57:01] /goto noi
[16/08/2011 01:57:05] /goto noia
[16/08/2011 01:57:29] /i vip doll
[16/08/2011 01:58:30] /t
[16/08/2011 01:59:24] /ghost
[16/08/2011 01:59:31] /i 1050
[16/08/2011 01:59:34] /m exp bug
[16/08/2011 01:59:39] /m tibia bug
[16/08/2011 01:59:43] /m tibia bug
[16/08/2011 01:59:57] /r
[16/08/2011 02:00:00] /r
[16/08/2011 02:00:05] /r
[16/08/2011 02:00:08] /m tibia bug
[16/08/2011 02:00:29] /r
[16/08/2011 02:00:31] /r
[16/08/2011 02:00:33] /r
[16/08/2011 02:00:36] /m exp bug
[16/08/2011 02:00:43] /m newmonster
[16/08/2011 02:00:51] /b Gente eu nao vo pucha ninguen afk
[16/08/2011 02:00:53] /m tibia bug
[16/08/2011 02:01:43] /r
[16/08/2011 02:01:44] /r
[16/08/2011 02:02:07] /newtype 331
[16/08/2011 02:02:07] /t
[16/08/2011 02:02:18] /b Sou  a prinsesa do ot
[16/08/2011 02:02:55] /m toxiros
[16/08/2011 02:03:45] /b Gente Ot 24 hr Dedicado.
[16/08/2011 02:03:54] /bc green Gente Ot 24 hr Dedicado.
[16/08/2011 02:04:01] /bc CLEAN
[16/08/2011 02:04:05] /clean
[16/08/2011 02:05:07] /kick mago tenebroso
[16/08/2011 02:05:19] /i vip stone
[16/08/2011 02:05:26] /i vip stone
[16/08/2011 02:06:10] /b Gente parem de abusa
[16/08/2011 02:06:19] /goto Bt'rulex
[16/08/2011 02:06:54] /newtype 332
[16/08/2011 02:06:55] /newtype 332
[16/08/2011 02:06:58] /newtype 331
[16/08/2011 02:09:05] /b god tas aew
[16/08/2011 02:09:52] /a
[16/08/2011 02:09:52] /a
[16/08/2011 02:09:52] /a
[16/08/2011 02:10:13] /b afk.
[16/08/2011 02:10:21] /i staff of baiak
[16/08/2011 02:10:23] /t
[16/08/2011 02:10:24] /up
[16/08/2011 02:10:25] /up
[16/08/2011 02:10:32] /c crown oz
[16/08/2011 02:10:52] /t Crown Oz
[16/08/2011 02:10:57] /c CLEAN
[16/08/2011 02:11:02] /clean
[16/08/2011 02:11:04] /t
[16/08/2011 02:11:21] /a
[16/08/2011 02:11:21] /a
[16/08/2011 02:11:23] /a
[16/08/2011 02:11:23] /a
[16/08/2011 02:11:23] /a
