[08/02/2019 23:18:15] /b oi
[08/02/2019 23:18:30] /b Tudo bem com vcs?
[08/02/2019 23:18:40] /b [Svip] Fks Returns vai dar full donate pra todos
[08/02/2019 23:19:05] /b [Svip] Lypinhoo é um lindo
[08/02/2019 23:20:52] /b [Svip] Lypinhoo ta black skull full donate aqui no templo
[08/02/2019 23:22:18] /b [Svip] Fks Returns ta chamando server todo pra matar ele
[08/02/2019 23:28:34] /gethouse 
[08/02/2019 23:28:38] /gethouse  [Svip] Fks Returns
[14/02/2019 02:09:36] /b Boa noite!
[15/02/2019 02:07:38] /b Boa Noite!
[15/02/2019 17:49:55] /b  Salvee
[15/02/2019 18:20:13] /b Boa tarde meninos e meninas, estou saindo. Não usem drogas! ^^
[16/02/2019 14:33:29] /b Duvidas no help
[16/02/2019 15:06:44] /b oa tarde!
[16/02/2019 15:06:49] /b Boa tarde!
[16/02/2019 15:06:52] /b Boa tarde!
[16/02/2019 15:06:52] /b Boa tarde!
[16/02/2019 15:06:53] /b Boa tarde!
[16/02/2019 15:06:54] /b Boa tarde!
[16/02/2019 15:08:01] /wp
[16/02/2019 16:23:16] /b oi
[18/02/2019 00:39:51] /b Ticolé é muito bom
[19/02/2019 15:47:27] /b Pra quem estiver com duvidas estarei respondendo no help
[19/02/2019 15:47:38] /b Pra quem estiver com duvidas estarei respondendo no help
[19/02/2019 15:47:39] /b Pra quem estiver com duvidas estarei respondendo no help
[19/02/2019 15:47:40] /b Pra quem estiver com duvidas estarei respondendo no help
[19/02/2019 15:47:42] /b Pra quem estiver com duvidas estarei respondendo no help
[19/02/2019 15:47:43] /b Pra quem estiver com duvidas estarei respondendo no help
[19/02/2019 15:47:45] /b Pra quem estiver com duvidas estarei respondendo no help
[19/02/2019 15:47:48] /b Pra quem estiver com duvidas estarei respondendo no help
[19/02/2019 23:21:45] /b Duviddas no help
