[20/07/2016 16:22:56] /goto ADM Princesa
[20/07/2016 16:23:53] /a 2
[20/07/2016 16:25:14] /r
[20/07/2016 16:25:42] /god 6464
[20/07/2016 16:25:44] /r
[20/07/2016 16:26:02] /god 210
[20/07/2016 16:26:04] /god 2160
[20/07/2016 16:29:07] /reload movements
[20/07/2016 16:29:18] /god 1020
[20/07/2016 16:29:19] /god 1020
[20/07/2016 16:29:20] /god 1020
[20/07/2016 16:29:24] /god 1020
[20/07/2016 16:29:25] /god 1020
[20/07/2016 16:29:26] /god 1020
[20/07/2016 16:29:27] /god 1020
[20/07/2016 16:29:27] /god 1020
[20/07/2016 16:29:28] /god 1020
[20/07/2016 16:29:37] /attr 13079
[20/07/2016 16:29:44] /attr action 13079
[20/07/2016 16:29:46] /attr action 13079
[20/07/2016 16:29:47] /attr action 13079
[20/07/2016 16:29:49] /attr action 13079
[20/07/2016 16:29:50] /attr action 13079
[20/07/2016 16:29:52] /attr action 13079
[20/07/2016 16:29:54] /attr action 13079
[20/07/2016 16:29:55] /attr action 13079
[20/07/2016 16:29:56] /attr action 13079
[20/07/2016 16:31:28] /r
[20/07/2016 16:38:53] /goto Jo'ker
[20/07/2016 16:38:57] /t
[20/07/2016 16:39:07] /a 2
[20/07/2016 16:39:18] /a 2
[20/07/2016 16:40:12] /attr health 0
[20/07/2016 16:40:17] /attr maxhealth 0
[20/07/2016 16:40:19] /attr health 0
[20/07/2016 16:40:25] /attr health 0
[20/07/2016 16:42:21] /a 
[20/07/2016 16:42:24] /a 
[20/07/2016 16:42:26] /a 
[20/07/2016 16:42:31] /a 
[20/07/2016 16:42:34] /a 
[20/07/2016 16:42:37] /a 
[20/07/2016 16:42:38] /a 
[20/07/2016 16:42:40] /a 
[20/07/2016 16:42:42] /a 
[20/07/2016 16:42:45] /a 
[20/07/2016 16:42:48] /a 
[20/07/2016 16:43:14] /a 
[20/07/2016 16:43:20] /a 
[20/07/2016 16:43:25] /a 
[20/07/2016 16:43:30] /a
[20/07/2016 16:43:36] /a
[20/07/2016 16:43:37] /a
[20/07/2016 16:43:38] /a
[20/07/2016 16:45:41] /a 5
[20/07/2016 16:45:43] /a
[20/07/2016 16:47:03] /goto Mileninha
[20/07/2016 16:47:29] /t
[20/07/2016 16:48:08] /r
[20/07/2016 16:48:10] /r
[20/07/2016 16:48:11] /r
[20/07/2016 16:48:12] /a
[20/07/2016 16:48:14] /a
[20/07/2016 16:48:15] /a
[20/07/2016 16:48:20] /a
[20/07/2016 16:48:20] /a
[20/07/2016 16:48:21] /a
[20/07/2016 16:48:23] /a
[20/07/2016 16:50:56] /m treiner
[20/07/2016 16:51:10] /r
[20/07/2016 16:56:25] /goto Mileninha
[20/07/2016 16:56:28] /a
[20/07/2016 16:56:28] /a
[20/07/2016 16:56:34] /a
[20/07/2016 16:57:08] /t
[20/07/2016 17:04:09] /goto GM Ciroc
[20/07/2016 17:07:56] /t
[20/07/2016 17:11:47] /goto Mileninha
[20/07/2016 17:11:57] /t
[20/07/2016 17:15:10] /goto Pally red
[20/07/2016 17:15:14] /c mileninha
[20/07/2016 17:15:21] /a
[20/07/2016 17:15:22] /r
[20/07/2016 17:15:25] /r
[20/07/2016 17:15:27] /r
[20/07/2016 17:15:31] /r
[20/07/2016 17:15:32] /r
[20/07/2016 17:15:37] /c mileninha
[20/07/2016 17:15:39] /t
[20/07/2016 17:19:27] /goto Mileninha
[20/07/2016 17:20:18] /t
[20/07/2016 17:22:35] /goto Paly Rusha Muinto
[20/07/2016 17:22:52] /t
[20/07/2016 17:24:42] /goto mile~
[20/07/2016 17:24:47] /a
[20/07/2016 17:24:47] /a
[20/07/2016 17:25:02] /a
[20/07/2016 17:25:03] /a
[20/07/2016 17:25:16] /a
[20/07/2016 17:25:16] /a
[20/07/2016 17:25:38] /a
[20/07/2016 17:25:38] /a
[20/07/2016 17:26:16] /a
[20/07/2016 17:27:02] /a
[20/07/2016 17:28:30] /a 2
[20/07/2016 17:28:31] /a 2
[20/07/2016 17:28:32] /a 2
[20/07/2016 17:28:34] /a 2a
[20/07/2016 17:28:35] /a
[20/07/2016 17:28:35] /a
[20/07/2016 17:28:39] /a
[20/07/2016 17:29:38] /t
[20/07/2016 17:36:33] /goto GM Ciroc
