[17/04/2014 18:42:40] /ghost
[17/04/2014 20:00:45] /ghost
[17/04/2014 20:00:55] /ghost
[18/04/2014 12:52:43] /ghost
[18/04/2014 12:52:46] /clean
[18/04/2014 12:54:42] /ghost
[18/04/2014 12:54:48] /clean
[18/04/2014 12:54:49] /clean
[18/04/2014 13:00:46] /ghost
[18/04/2014 13:00:53] /ghost
[18/04/2014 14:11:15] /ghost
[18/04/2014 14:20:25] /clean
[18/04/2014 14:20:31] /a 2
[18/04/2014 14:20:44] /c master kina
[18/04/2014 18:22:25] /goto Magezzin
[18/04/2014 18:51:04] /clean
[18/04/2014 18:51:06] /clean
[18/04/2014 18:51:06] /clean
[18/04/2014 18:51:07] /clean
[18/04/2014 18:51:07] /clean
[18/04/2014 19:11:00] /clean
[18/04/2014 19:11:01] /clean
[18/04/2014 19:11:02] /clean
[18/04/2014 22:44:29] /ghost
[18/04/2014 22:44:33] /clean
[18/04/2014 22:44:35] /clean
[18/04/2014 22:45:37] /c Power Agressive
[18/04/2014 22:46:07] /t
[18/04/2014 22:46:09] /c Power Agressive
[19/04/2014 14:00:12] /up
[19/04/2014 14:00:37] /t
[19/04/2014 16:31:10] /ghost
[19/04/2014 16:32:29] /clean
[19/04/2014 16:33:04] /goto Dravenn
[19/04/2014 16:39:06] /clean
[19/04/2014 16:39:08] /clean
[19/04/2014 16:39:12] /goto Dravenn
[19/04/2014 16:39:27] /ghost
[19/04/2014 16:40:32] /b novas caves adcionadas vip8 depois da porta aproveitem
[19/04/2014 16:40:33] /b novas caves adcionadas vip8 depois da porta aproveitem
[19/04/2014 16:40:33] /b novas caves adcionadas vip8 depois da porta aproveitem
[19/04/2014 16:40:33] /b novas caves adcionadas vip8 depois da porta aproveitem
[19/04/2014 16:40:33] /b novas caves adcionadas vip8 depois da porta aproveitem
[19/04/2014 16:40:34] /b novas caves adcionadas vip8 depois da porta aproveitem
[19/04/2014 16:40:34] /b novas caves adcionadas vip8 depois da porta aproveitem
[19/04/2014 16:40:35] /b novas caves adcionadas vip8 depois da porta aproveitem
[19/04/2014 16:40:35] /b novas caves adcionadas vip8 depois da porta aproveitem
[19/04/2014 16:40:36] /b novas caves adcionadas vip8 depois da porta aproveitem
[19/04/2014 16:40:47] /b novas caves adcionadas vip8 depois da porta aproveitem
[19/04/2014 16:40:47] /b novas caves adcionadas vip8 depois da porta aproveitem
[19/04/2014 16:41:21] /b novas caves adcionadas vip8 depois da porta aproveitem
[19/04/2014 16:41:22] /b novas caves adcionadas vip8 depois da porta aproveitem
[19/04/2014 16:41:27] /a 3
[19/04/2014 16:41:43] /clean
[19/04/2014 16:41:44] /clean
[19/04/2014 16:41:49] /a 3
[19/04/2014 16:41:59] /a 6
[19/04/2014 16:42:04] /a 3
[19/04/2014 16:42:08] /a 2
[19/04/2014 16:42:29] /a 4
[19/04/2014 16:42:32] /a 6
[19/04/2014 16:42:49] /ghost
[19/04/2014 16:42:51] /a
[19/04/2014 16:42:54] /a
[19/04/2014 16:43:01] /ghost
[19/04/2014 16:43:13] /a 6
[19/04/2014 16:44:12] /clean
[19/04/2014 16:44:19] /ghost
[19/04/2014 16:44:32] /ghost
[19/04/2014 16:44:45] /a 9
[19/04/2014 16:45:17] /ghost
[19/04/2014 16:45:27] /ghost
[19/04/2014 16:45:51] /ghost
[19/04/2014 16:46:21] /ghost
[19/04/2014 16:46:33] /c The Destroyer
[19/04/2014 16:46:48] /clean
[19/04/2014 16:46:49] /clean
[19/04/2014 16:46:49] /clean
[19/04/2014 16:46:50] /clean
[19/04/2014 16:46:53] /clean
[19/04/2014 16:46:54] /clean
[19/04/2014 16:46:55] /clean
[19/04/2014 16:47:01] /a 5
[19/04/2014 16:47:54] /clean
[19/04/2014 16:47:55] /clean
[19/04/2014 16:48:16] /clean
[19/04/2014 16:49:02] /t
[19/04/2014 21:34:28] /clean
[19/04/2014 21:34:30] /clean
[19/04/2014 21:35:04] /goto Dravenn
[19/04/2014 21:35:19] /t Dravenn
[19/04/2014 21:35:22] /t
[19/04/2014 21:36:07] /clean
[19/04/2014 21:36:09] /clean
[19/04/2014 21:36:35] /clean
[19/04/2014 21:36:37] /clean
[19/04/2014 21:36:46] /clean
[19/04/2014 21:36:47] /clean
[19/04/2014 21:36:47] /clean
[19/04/2014 21:36:48] /clean
[19/04/2014 21:36:49] /clean
[19/04/2014 21:36:49] /clean
[19/04/2014 21:36:53] /clean
[19/04/2014 21:36:53] /clean
[20/04/2014 14:34:00] /clean
[20/04/2014 14:34:01] /clean
[20/04/2014 15:44:50] /ghost
[20/04/2014 15:45:03] /clean
[20/04/2014 15:45:03] /clean
[20/04/2014 15:45:04] /clean
[20/04/2014 15:45:04] /clean
[20/04/2014 15:45:04] /clean
[20/04/2014 15:45:05] /ghost
[20/04/2014 15:45:05] /ghost
[20/04/2014 15:45:06] /ghost
[20/04/2014 15:45:07] /ghost
[20/04/2014 18:44:20] /ghost
[20/04/2014 18:44:25] /clean
[20/04/2014 18:44:27] /clean
[20/04/2014 18:44:32] /clean
[20/04/2014 18:44:32] /clean
[20/04/2014 18:44:38] /clean
[20/04/2014 18:44:49] /clean
[20/04/2014 18:44:50] /clean
[20/04/2014 18:45:12] /clean
[20/04/2014 18:47:15] /ghost
[20/04/2014 18:47:29] /a 3
[20/04/2014 18:47:39] /clean
[20/04/2014 18:47:41] /clean
[20/04/2014 18:47:55] /clean
[20/04/2014 18:47:57] /t
[20/04/2014 18:48:06] /ghost
[20/04/2014 18:48:25] /clean
[22/04/2014 14:25:51] /clean
[22/04/2014 14:27:48] /ghost
[22/04/2014 14:37:51] /clean
[22/04/2014 14:37:53] /clean
[22/04/2014 14:38:04] /clean
[22/04/2014 14:38:15] /ghost
[22/04/2014 14:39:37] /clean
[22/04/2014 14:39:40] /clean
[22/04/2014 14:39:41] /clean
[22/04/2014 14:39:42] /clean
[22/04/2014 14:39:42] /clean
[22/04/2014 14:39:49] /ghost
[22/04/2014 14:45:11] /ghost
[22/04/2014 14:47:10] /clean
[22/04/2014 14:47:12] /clean
[22/04/2014 14:47:35] /clean
[22/04/2014 14:47:41] /clean
[22/04/2014 14:49:19] /clean
[22/04/2014 14:49:42] /clean
[22/04/2014 14:49:44] /clean
[23/04/2014 21:24:04] /clean
[23/04/2014 21:24:13] /clean
[23/04/2014 21:25:16] /b quem quer minha axx
[23/04/2014 21:25:18] /b quem quer minha acc
[23/04/2014 21:25:19] /b quem quer minha acc
[23/04/2014 21:25:19] /b quem quer minha acc
[23/04/2014 21:25:20] /b quem quer minha acc
[23/04/2014 21:25:20] /b quem quer minha acc
[23/04/2014 21:25:20] /b quem quer minha acc
[23/04/2014 21:25:21] /b quem quer minha acc
[23/04/2014 21:25:21] /b quem quer minha acc
[23/04/2014 21:25:22] /b quem quer minha acc
[23/04/2014 21:26:01] /b quem quer minha acc tira um x1 ae
[23/04/2014 21:26:01] /b quem quer minha acc tira um x1 ae
[23/04/2014 21:26:02] /b quem quer minha acc tira um x1 ae
[23/04/2014 21:26:02] /b quem quer minha acc tira um x1 ae
[23/04/2014 21:26:02] /b quem quer minha acc tira um x1 ae
[23/04/2014 21:26:03] /b quem quer minha acc tira um x1 ae
[23/04/2014 21:26:03] /b quem quer minha acc tira um x1 ae
[23/04/2014 21:26:04] /b quem quer minha acc tira um x1 ae
[23/04/2014 21:26:04] /b quem quer minha acc tira um x1 ae
[23/04/2014 21:26:05] /b quem quer minha acc tira um x1 ae
[23/04/2014 21:26:12] /b quem quer minha acc tira um x1 ae
[23/04/2014 21:26:13] /b quem quer minha acc tira um x1 ae
[23/04/2014 21:26:13] /b quem quer minha acc tira um x1 ae
[23/04/2014 21:26:14] /b quem quer minha acc tira um x1 ae
[23/04/2014 21:26:14] /b quem quer minha acc tira um x1 ae
[23/04/2014 21:26:15] /b quem quer minha acc tira um x1 ae
[23/04/2014 21:26:15] /b quem quer minha acc tira um x1 ae
[23/04/2014 21:26:15] /b quem quer minha acc tira um x1 ae
[23/04/2014 21:26:16] /b quem quer minha acc tira um x1 ae
[23/04/2014 21:26:27] /goto Than
[23/04/2014 21:26:59] /a 3
[23/04/2014 21:27:00] /a 3
[23/04/2014 21:27:01] /a 3
[23/04/2014 21:27:04] /a 3
[23/04/2014 21:27:05] /a 3
[23/04/2014 21:27:07] /a 3
[23/04/2014 21:27:07] /a 3
[23/04/2014 21:27:08] /a 3
[23/04/2014 21:27:09] /a 3
[23/04/2014 21:27:09] /a 3
