[05/07/2016 15:25:52] /t
[05/07/2016 15:26:48] /t
[05/07/2016 15:28:16] /goto ADM Lee Sin
[05/07/2016 15:28:25] /clean
[05/07/2016 19:05:41] /ghost
[05/07/2016 19:05:46] /ghost
[05/07/2016 19:10:35] /up
[05/07/2016 19:10:37] /up
[05/07/2016 19:10:38] /up
[05/07/2016 19:10:45] /c ADM Lee Sin
[05/07/2016 19:16:39] /goto ADM Lee Sin
[05/07/2016 19:17:12] /a 3
[05/07/2016 19:17:17] /a 6
[05/07/2016 19:17:21] /a 6
[05/07/2016 19:17:22] /a 6
[05/07/2016 19:17:26] /a 6
[05/07/2016 19:17:29] /a
[05/07/2016 19:17:34] /a 6
[05/07/2016 19:17:48] /r
[05/07/2016 19:17:51] /r
[05/07/2016 19:17:52] /r
[05/07/2016 19:17:57] /a
[05/07/2016 19:19:10] /t
[05/07/2016 19:29:47] /i baiazik staff
[05/07/2016 22:27:01] /r
[05/07/2016 23:17:00] /b galera jaja arrumo isso do set se ot caiii volta en 5 minutos
[05/07/2016 23:17:01] /b galera jaja arrumo isso do set se ot caiii volta en 5 minutos
[05/07/2016 23:17:02] /b galera jaja arrumo isso do set se ot caiii volta en 5 minutos
[05/07/2016 23:17:02] /b galera jaja arrumo isso do set se ot caiii volta en 5 minutos
[05/07/2016 23:17:02] /b galera jaja arrumo isso do set se ot caiii volta en 5 minutos
[05/07/2016 23:17:03] /b galera jaja arrumo isso do set se ot caiii volta en 5 minutos
[05/07/2016 23:17:03] /b galera jaja arrumo isso do set se ot caiii volta en 5 minutos
[05/07/2016 23:17:04] /b galera jaja arrumo isso do set se ot caiii volta en 5 minutos
[05/07/2016 23:17:04] /b galera jaja arrumo isso do set se ot caiii volta en 5 minutos
[05/07/2016 23:17:04] /b galera jaja arrumo isso do set se ot caiii volta en 5 minutos
[05/07/2016 23:17:05] /b galera jaja arrumo isso do set se ot caiii volta en 5 minutos
[05/07/2016 23:17:05] /b galera jaja arrumo isso do set se ot caiii volta en 5 minutos
[05/07/2016 23:17:06] /b galera jaja arrumo isso do set se ot caiii volta en 5 minutos
[05/07/2016 23:17:06] /b galera jaja arrumo isso do set se ot caiii volta en 5 minutos
[05/07/2016 23:17:06] /b galera jaja arrumo isso do set se ot caiii volta en 5 minutos
[05/07/2016 23:17:07] /b galera jaja arrumo isso do set se ot caiii volta en 5 minutos
[05/07/2016 23:17:07] /b galera jaja arrumo isso do set se ot caiii volta en 5 minutos
[05/07/2016 23:17:08] /b galera jaja arrumo isso do set se ot caiii volta en 5 minutos
[05/07/2016 23:17:08] /b galera jaja arrumo isso do set se ot caiii volta en 5 minutos
[05/07/2016 23:17:09] /b galera jaja arrumo isso do set se ot caiii volta en 5 minutos
[05/07/2016 23:17:09] /b galera jaja arrumo isso do set se ot caiii volta en 5 minutos
[05/07/2016 23:17:09] /b galera jaja arrumo isso do set se ot caiii volta en 5 minutos
[05/07/2016 23:17:10] /b galera jaja arrumo isso do set se ot caiii volta en 5 minutos
[05/07/2016 23:17:10] /b galera jaja arrumo isso do set se ot caiii volta en 5 minutos
[05/07/2016 23:17:11] /b galera jaja arrumo isso do set se ot caiii volta en 5 minutos
[05/07/2016 23:17:11] /b galera jaja arrumo isso do set se ot caiii volta en 5 minutos
[05/07/2016 23:17:12] /b galera jaja arrumo isso do set se ot caiii volta en 5 minutos
[05/07/2016 23:17:12] /b galera jaja arrumo isso do set se ot caiii volta en 5 minutos
[05/07/2016 23:18:14] /r
[05/07/2016 23:18:35] /up
[05/07/2016 23:18:36] /up
[05/07/2016 23:18:37] /up
[05/07/2016 23:18:40] /c ADM Lee Sin
[05/07/2016 23:19:03] /c King
[05/07/2016 23:19:27] /i sorcerer
[05/07/2016 23:34:34] /r
[05/07/2016 23:34:44] /t
[05/07/2016 23:36:35] /goto ADM Lee Sin
[05/07/2016 23:46:47] /b 25 play on evento bp en rapaziada
[05/07/2016 23:46:48] /b 25 play on evento bp en rapaziada
[05/07/2016 23:46:48] /b 25 play on evento bp en rapaziada
[05/07/2016 23:46:50] /b 25 play on evento bp en rapaziada
[05/07/2016 23:46:50] /b 25 play on evento bp en rapaziada
[05/07/2016 23:46:51] /b 25 play on evento bp en rapaziada
[05/07/2016 23:46:51] /b 25 play on evento bp en rapaziada
[05/07/2016 23:46:52] /b 25 play on evento bp en rapaziada
[05/07/2016 23:46:52] /b 25 play on evento bp en rapaziada
[05/07/2016 23:46:53] /b 25 play on evento bp en rapaziada
[05/07/2016 23:46:53] /b 25 play on evento bp en rapaziada
[05/07/2016 23:46:54] /b 25 play on evento bp en rapaziada
[05/07/2016 23:46:54] /b 25 play on evento bp en rapaziada
[05/07/2016 23:46:55] /b 25 play on evento bp en rapaziada
[05/07/2016 23:46:55] /b 25 play on evento bp en rapaziada
[05/07/2016 23:47:00] /b 25 play on evento bp en rapaziada/r
[05/07/2016 23:47:03] /b 25 play on evento bp en rapaziada/r
[05/07/2016 23:47:08] /b 25 play on evento bp en rapaziada/r
[05/07/2016 23:47:09] /b 25 play on evento bp en rapaziada/r
[05/07/2016 23:47:09] /b 25 play on evento bp en rapaziada/r
[05/07/2016 23:47:10] /b 25 play on evento bp en rapaziada/r
[05/07/2016 23:47:10] /b 25 play on evento bp en rapaziada/r
[05/07/2016 23:47:11] /b 25 play on evento bp en rapaziada/r
[05/07/2016 23:47:11] /b 25 play on evento bp en rapaziada/r
[05/07/2016 23:47:12] /b 25 play on evento bp en rapaziada/r
[05/07/2016 23:47:12] /b 25 play on evento bp en rapaziada/r
[05/07/2016 23:47:13] /b 25 play on evento bp en rapaziada/r
[05/07/2016 23:47:13] /b 25 play on evento bp en rapaziada/r
[05/07/2016 23:47:13] /b 25 play on evento bp en rapaziada/r
[05/07/2016 23:47:14] /b 25 play on evento bp en rapaziada/r
[05/07/2016 23:47:17] /b 25 play on evento bp en rapaziada
[05/07/2016 23:47:18] /b 25 play on evento bp en rapaziada
[05/07/2016 23:47:19] /b 25 play on evento bp en rapaziada
[05/07/2016 23:47:20] /b 25 play on evento bp en rapaziada
[05/07/2016 23:47:21] /b 25 play on evento bp en rapaziada
[05/07/2016 23:47:21] /b 25 play on evento bp en rapaziada
[05/07/2016 23:47:22] /b 25 play on evento bp en rapaziada
[05/07/2016 23:47:22] /b 25 play on evento bp en rapaziada
[05/07/2016 23:47:23] /b 25 play on evento bp en rapaziada
[05/07/2016 23:47:23] /b 25 play on evento bp en rapaziada
[05/07/2016 23:47:24] /b 25 play on evento bp en rapaziada
[05/07/2016 23:47:24] /b 25 play on evento bp en rapaziada
[05/07/2016 23:50:36] /ghost
[05/07/2016 23:51:15] /goto ADM Lee Sin
[05/07/2016 23:56:31] /i 2662
[05/07/2016 23:56:39] /i 2500
[05/07/2016 23:56:46] /i 7730
[05/07/2016 23:57:00] /i 11113
[05/07/2016 23:57:08] /i 9002
[06/07/2016 00:06:14] /b 25 play on evento bp en rapaziada
[06/07/2016 00:06:15] /b 25 play on evento bp en rapaziada
[06/07/2016 00:06:16] /b 25 play on evento bp en rapaziada
[06/07/2016 00:06:21] /b 25 play on evento bp en rapaziada
[06/07/2016 00:06:21] /b 25 play on evento bp en rapaziada
[06/07/2016 00:06:22] /b 25 play on evento bp en rapaziada
[06/07/2016 00:06:22] /b 25 play on evento bp en rapaziada
[06/07/2016 00:06:23] /b 25 play on evento bp en rapaziada
[06/07/2016 00:06:23] /b 25 play on evento bp en rapaziada
[06/07/2016 00:06:24] /b 25 play on evento bp en rapaziada
[06/07/2016 00:06:25] /b 25 play on evento bp en rapaziada
[06/07/2016 00:06:25] /b 25 play on evento bp en rapaziada
[06/07/2016 00:06:26] /b 25 play on evento bp en rapaziada
[06/07/2016 00:06:26] /b 25 play on evento bp en rapaziada
[06/07/2016 00:06:27] /b 25 play on evento bp en rapaziada
[06/07/2016 00:06:28] /b 25 play on evento bp en rapaziada
[06/07/2016 00:06:53] /b 25 play on evento bp en rapaziada
[06/07/2016 00:06:54] /b 25 play on evento bp en rapaziada
[06/07/2016 00:06:56] /b 25 play on evento bp en rapaziada
[06/07/2016 00:06:58] /b 25 play on evento bp en rapaziada
[06/07/2016 00:06:59] /b 25 play on evento bp en rapaziada
[06/07/2016 00:07:01] /b 25 play on evento bp en rapaziada
[06/07/2016 00:07:02] /b 25 play on evento bp en rapaziada
[06/07/2016 00:07:04] /b 25 play on evento bp en rapaziada
[06/07/2016 00:16:23] /i 8303
[06/07/2016 00:16:59] /a 3
[06/07/2016 00:17:36] /i 8300
[06/07/2016 00:17:41] /i 8300
[06/07/2016 00:17:41] /i 8300
[06/07/2016 00:17:42] /i 8300
[06/07/2016 00:17:42] /i 8300
[06/07/2016 00:17:42] /i 8300
[06/07/2016 00:17:43] /i 8300
[06/07/2016 00:17:43] /i 8300
[06/07/2016 00:17:43] /i 8300
[06/07/2016 00:17:43] /i 8300
[06/07/2016 00:17:43] /i 8300
[06/07/2016 00:17:43] /i 8300
[06/07/2016 00:17:43] /i 8300
[06/07/2016 00:17:43] /i 8300
[06/07/2016 00:17:43] /i 8300
[06/07/2016 00:17:43] /i 8300
[06/07/2016 00:17:44] /i 8300
[06/07/2016 00:17:44] /i 8300
[06/07/2016 00:17:44] /i 8300
[06/07/2016 00:17:45] /i 8300
[06/07/2016 00:17:47] /i 8300
[06/07/2016 00:17:47] /i 8300
[06/07/2016 00:17:47] /i 8300
[06/07/2016 00:17:47] /i 8300
[06/07/2016 00:17:47] /i 8300
[06/07/2016 00:17:47] /i 8300
[06/07/2016 00:17:47] /i 8300
[06/07/2016 00:17:48] /i 8300
[06/07/2016 00:17:48] /i 8300
[06/07/2016 00:17:48] /i 8300
[06/07/2016 00:17:48] /i 8300
[06/07/2016 00:17:48] /i 8300
[06/07/2016 00:17:48] /i 8300
[06/07/2016 00:17:48] /i 8300
[06/07/2016 00:17:48] /i 8300
[06/07/2016 00:17:48] /i 8300
[06/07/2016 00:17:48] /i 8300
[06/07/2016 00:17:49] /i 8300
[06/07/2016 00:17:49] /i 8300
[06/07/2016 00:17:50] /i 8300
[06/07/2016 00:17:51] /i 8300
[06/07/2016 00:17:51] /i 8300
[06/07/2016 00:17:51] /i 8300
[06/07/2016 00:17:51] /i 8300
[06/07/2016 00:17:51] /i 8300
[06/07/2016 00:17:51] /i 8300
[06/07/2016 00:17:51] /i 8300
[06/07/2016 00:17:51] /i 8300
[06/07/2016 00:17:51] /i 8300
[06/07/2016 00:17:51] /i 8300
[06/07/2016 00:17:52] /i 8300
[06/07/2016 00:17:52] /i 8300
[06/07/2016 00:17:52] /i 8300
[06/07/2016 00:17:52] /i 8300
[06/07/2016 00:17:52] /i 8300
[06/07/2016 00:17:52] /i 8300
[06/07/2016 00:17:52] /i 8300
[06/07/2016 00:17:52] /i 8300
[06/07/2016 00:17:52] /i 8300
[06/07/2016 00:17:52] /i 8300
[06/07/2016 00:17:52] /i 8300
[06/07/2016 00:17:53] /i 8300
[06/07/2016 00:17:54] /i 8300
[06/07/2016 00:17:54] /i 8300
[06/07/2016 00:17:54] /i 8300
[06/07/2016 00:17:54] /i 8300
[06/07/2016 00:17:54] /i 8300
[06/07/2016 00:17:54] /i 8300
[06/07/2016 00:17:54] /i 8300
[06/07/2016 00:17:54] /i 8300
[06/07/2016 00:17:54] /i 8300
[06/07/2016 00:17:54] /i 8300
[06/07/2016 00:17:55] /i 8300
[06/07/2016 00:17:55] /i 8300
[06/07/2016 00:17:55] /i 8300
[06/07/2016 00:17:55] /i 8300
[06/07/2016 00:17:55] /i 8300
[06/07/2016 00:17:55] /i 8300
[06/07/2016 00:17:55] /i 8300
[06/07/2016 00:17:55] /i 8300
[06/07/2016 00:17:55] /i 8300
[06/07/2016 00:18:11] /t Mage Edited
[06/07/2016 00:18:13] /i 8300
[06/07/2016 00:18:18] /i 8300
[06/07/2016 00:18:20] /i 8300
[06/07/2016 00:18:21] /i 8300
[06/07/2016 00:18:22] /i 8300
[06/07/2016 00:18:23] /i 8300
[06/07/2016 00:18:24] /i 8300
[06/07/2016 00:18:32] /i 8300
[06/07/2016 00:18:36] /i 8300
[06/07/2016 00:18:40] /i 8300
[06/07/2016 00:18:45] /i 8300
[06/07/2016 00:18:47] /i 8300
[06/07/2016 00:18:48] /i 8300
[06/07/2016 00:18:49] /i 8300
[06/07/2016 00:18:51] /i 8300
[06/07/2016 00:18:53] /i 8300
[06/07/2016 00:18:54] /i 8300
[06/07/2016 00:18:58] /i 8300
[06/07/2016 00:18:58] /i 8300
[06/07/2016 00:18:59] /i 8300
[06/07/2016 00:18:59] /i 8300
[06/07/2016 00:18:59] /i 8300
[06/07/2016 00:18:59] /i 8300
[06/07/2016 00:18:59] /i 8300
[06/07/2016 00:18:59] /i 8300
[06/07/2016 00:18:59] /i 8300
[06/07/2016 00:18:59] /i 8300
[06/07/2016 00:19:14] /i 8300
[06/07/2016 00:19:15] /i 8300
[06/07/2016 00:19:16] /i 8300
[06/07/2016 00:19:17] /i 8300
[06/07/2016 00:19:19] /i 8300
[06/07/2016 00:19:20] /i 8300
[06/07/2016 00:19:21] /i 8300
[06/07/2016 00:19:23] /i 8300
[06/07/2016 00:19:24] /i 8300
[06/07/2016 00:19:26] /i 8300
[06/07/2016 00:19:27] /i 8300
[06/07/2016 00:19:29] /i 8300
[06/07/2016 00:19:30] /i 8300
[06/07/2016 00:19:30] /i 8300
[06/07/2016 00:19:30] /i 8300
[06/07/2016 00:19:30] /i 8300
[06/07/2016 00:19:30] /i 8300
[06/07/2016 00:19:31] /i 8300
[06/07/2016 00:19:31] /i 8300
[06/07/2016 00:19:31] /i 8300
[06/07/2016 00:19:31] /i 8300
[06/07/2016 00:19:31] /i 8300
[06/07/2016 00:19:31] /i 8300
[06/07/2016 00:19:31] /i 8300
[06/07/2016 00:19:31] /i 8300
[06/07/2016 00:19:31] /i 8300
[06/07/2016 00:19:31] /i 8300
[06/07/2016 00:19:31] /i 8300
[06/07/2016 00:19:31] /i 8300
[06/07/2016 00:19:31] /i 8300
[06/07/2016 00:19:31] /i 8300
[06/07/2016 00:19:31] /i 8300
[06/07/2016 00:19:32] /i 8300
[06/07/2016 00:19:32] /i 8300
[06/07/2016 00:19:32] /i 8300
[06/07/2016 00:19:32] /i 8300
[06/07/2016 00:19:32] /i 8300
[06/07/2016 00:19:32] /i 8300
[06/07/2016 00:19:32] /i 8300
[06/07/2016 00:19:32] /i 8300
[06/07/2016 00:19:32] /i 8300
[06/07/2016 00:19:32] /i 8300
[06/07/2016 00:19:32] /i 8300
[06/07/2016 00:19:32] /i 8300
[06/07/2016 00:19:32] /i 8300
[06/07/2016 00:19:32] /i 8300
[06/07/2016 00:19:33] /i 8300
[06/07/2016 00:19:33] /i 8300
[06/07/2016 00:19:33] /i 8300
[06/07/2016 00:20:40] /c Mage Edited
[06/07/2016 00:22:49] /i 8303
[06/07/2016 00:22:52] /a 2
[06/07/2016 00:25:35] /goto sorcerer
[06/07/2016 00:25:38] /goto sorcerer
[06/07/2016 00:25:40] /goto sorcerer
[06/07/2016 00:25:51] /goto king
[06/07/2016 00:44:04] /goto mage edited
[06/07/2016 00:44:09] /r
[06/07/2016 00:44:15] /t
[06/07/2016 01:58:14] /goto Bronks
[06/07/2016 01:59:33] /up
[06/07/2016 01:59:34] /up
[06/07/2016 01:59:34] /up
[06/07/2016 01:59:39] /c Broonks
[06/07/2016 01:59:43] /ghost
[06/07/2016 02:00:22] /t Broonks
[06/07/2016 02:00:24] /t
[06/07/2016 02:01:20] /a 2
[06/07/2016 02:03:04] /c Broonks
[06/07/2016 02:03:30] /a 2
[06/07/2016 02:05:19] /c Broonks
[06/07/2016 02:06:34] /t Broonks
[06/07/2016 02:19:08] /c ADM Lee Sin
[06/07/2016 10:04:48] /a
[06/07/2016 10:04:57] /up
[06/07/2016 10:04:57] /up
[06/07/2016 10:04:58] /up
[06/07/2016 10:05:01] /c Dodge/Critical
[06/07/2016 10:05:03] /t
[06/07/2016 10:08:39] /goto ADM Lee Sin
[06/07/2016 10:09:24] /i mana rune
[06/07/2016 10:09:48] /goto ADM Lee Sin
[06/07/2016 10:10:26] /goto ADM Lee Sin
[06/07/2016 10:10:47] /i 7440
[06/07/2016 10:10:57] /r
[06/07/2016 10:11:00] /r all
[06/07/2016 10:11:11] /a 2
[06/07/2016 10:11:24] /c mage edited
[06/07/2016 10:11:28] /c mage edited
[06/07/2016 10:11:29] /c mage edited
[06/07/2016 10:11:31] /a 2
[06/07/2016 10:11:59] /t
[06/07/2016 10:13:38] /ghost
[06/07/2016 11:35:42] /goto ADM Lee Sin
[06/07/2016 11:36:01] /goto ADM Lee Sin
[06/07/2016 12:12:06] /goto {CM} ZIK
[06/07/2016 12:12:09] /goto {CM} ZIK
[06/07/2016 12:12:57] /a 2
[06/07/2016 12:12:59] /t
[06/07/2016 12:19:10] /attr group 1
[06/07/2016 12:19:11] /r
[06/07/2016 12:20:38] /ghost
[06/07/2016 12:21:03] /attr group 5
[06/07/2016 12:21:04] /r
[06/07/2016 12:21:20] /ghost
[06/07/2016 12:25:05] /goto {CM} ZIK
[06/07/2016 12:25:45] /t
[06/07/2016 12:32:32] /a 2
