[06/07/2016 18:54:39] /ghost
[06/07/2016 19:17:46] /a
[06/07/2016 19:17:50] /c jose
[06/07/2016 19:19:01] /t
[06/07/2016 22:33:50] /t
[06/07/2016 23:07:23] /i donate staff
[06/07/2016 23:08:13] /goto Master Of Death
[06/07/2016 23:08:41] /i supreme wand
[06/07/2016 23:08:58] /t
[06/07/2016 23:09:15] /goto Master Of Death
[06/07/2016 23:09:19] /i 2500
[06/07/2016 23:09:27] /t
[06/07/2016 23:09:47] /up
[06/07/2016 23:09:48] /up
[06/07/2016 23:09:48] /up
[06/07/2016 23:09:49] /up
[06/07/2016 23:09:56] /c malandrinho
[06/07/2016 23:10:29] /t malandrinho
[06/07/2016 23:10:32] /t
[06/07/2016 23:10:47] /t Master Of Death
[06/07/2016 23:10:59] /t Master Of Death
[06/07/2016 23:11:01] /t Master Of Death
[06/07/2016 23:11:03] /a 2
[06/07/2016 23:11:05] /a 2
[06/07/2016 23:11:11] /i 2424
[06/07/2016 23:11:15] /c Master Of Death
[06/07/2016 23:11:52] /t Master Of Death
[06/07/2016 23:11:57] /c malandrinho
[06/07/2016 23:12:53] /t Malandrinho
[06/07/2016 23:13:10] /t
[06/07/2016 23:13:55] /up
[06/07/2016 23:13:56] /up
[06/07/2016 23:13:57] /up
[06/07/2016 23:14:01] /r all
[06/07/2016 23:14:02] /r all
[06/07/2016 23:14:36] /a
[06/07/2016 23:14:39] /a
[06/07/2016 23:14:42] /a 4
[06/07/2016 23:15:20] /t
[07/07/2016 00:14:31] /a 2
[07/07/2016 00:14:34] /a 2
[07/07/2016 00:14:38] /a 2
[07/07/2016 00:17:40] /t
[07/07/2016 00:28:08] /clean
[07/07/2016 00:28:43] /i 12574
[07/07/2016 00:28:51] /i 12574
[07/07/2016 00:29:25] /r
[07/07/2016 00:29:41] /i 2157
[07/07/2016 00:29:57] /c Ekzor
[07/07/2016 02:17:32] /b bom jogo a todos fuii dormmi vlw rapaziada
[07/07/2016 02:17:33] /b bom jogo a todos fuii dormmi vlw rapaziada
[07/07/2016 02:17:33] /b bom jogo a todos fuii dormmi vlw rapaziada
[07/07/2016 02:17:34] /b bom jogo a todos fuii dormmi vlw rapaziada
[07/07/2016 02:17:34] /b bom jogo a todos fuii dormmi vlw rapaziada
[07/07/2016 02:17:34] /b bom jogo a todos fuii dormmi vlw rapaziada
[07/07/2016 02:17:35] /b bom jogo a todos fuii dormmi vlw rapaziada
[07/07/2016 02:17:35] /b bom jogo a todos fuii dormmi vlw rapaziada
[07/07/2016 02:17:35] /b bom jogo a todos fuii dormmi vlw rapaziada
[07/07/2016 02:17:36] /b bom jogo a todos fuii dormmi vlw rapaziada
[07/07/2016 02:17:36] /b bom jogo a todos fuii dormmi vlw rapaziada
[07/07/2016 02:17:37] /b bom jogo a todos fuii dormmi vlw rapaziada
[07/07/2016 02:17:37] /b bom jogo a todos fuii dormmi vlw rapaziada
[07/07/2016 02:17:37] /b bom jogo a todos fuii dormmi vlw rapaziada
[07/07/2016 02:17:38] /b bom jogo a todos fuii dormmi vlw rapaziada
[07/07/2016 02:17:38] /b bom jogo a todos fuii dormmi vlw rapaziada
[07/07/2016 02:17:39] /b bom jogo a todos fuii dormmi vlw rapaziada
[07/07/2016 02:17:39] /b bom jogo a todos fuii dormmi vlw rapaziada
[07/07/2016 02:17:39] /b bom jogo a todos fuii dormmi vlw rapaziada
[07/07/2016 02:17:40] /b bom jogo a todos fuii dormmi vlw rapaziada
[07/07/2016 02:17:51] /i 12574
[07/07/2016 02:18:03] /i 12574
[07/07/2016 02:25:10] /c clean
[07/07/2016 02:25:12] /c clean
[07/07/2016 02:25:14] /c clean
[07/07/2016 02:25:19] /clean
[07/07/2016 02:25:37] /t
[07/07/2016 02:26:19] /t
[07/07/2016 02:26:37] /t
[07/07/2016 09:36:41] /ghost
[07/07/2016 09:36:41] /t
[07/07/2016 13:35:17] /goto ADM ~~Zik~~
[07/07/2016 13:35:27] /t
[07/07/2016 14:24:15] /goto ADM ~~Zik~~
[07/07/2016 15:11:49] /clean
[07/07/2016 15:12:42] /clean
[07/07/2016 15:12:57] /t
[07/07/2016 17:12:09] /r
[07/07/2016 17:23:39] /goto ADM ~~Zik~~
[07/07/2016 17:23:56] /i  8882
[07/07/2016 17:24:01] /i 2648
[07/07/2016 17:24:07] /i 11113
[07/07/2016 17:24:22] /i 2665
[07/07/2016 17:24:27] /i 2523
[07/07/2016 17:24:40] /i supreme sword
[07/07/2016 17:25:53] /i 8976
[07/07/2016 17:26:19] /i vip8 doll
[07/07/2016 17:26:23] /i addon doll
[07/07/2016 17:26:26] /i addon doll
[07/07/2016 17:26:27] /t
[07/07/2016 17:26:58] /i energy ring
[07/07/2016 17:26:59] /i energy ring
[07/07/2016 17:27:36] /i 2275
[07/07/2016 17:27:39] /i 2276
[07/07/2016 17:28:00] /a 2
[07/07/2016 17:28:04] /t
[07/07/2016 17:28:19] /goto [Svip] Master Of Death
[07/07/2016 17:28:28] /t
[07/07/2016 17:28:33] /i 5915
[07/07/2016 17:28:36] /i 5915
[07/07/2016 17:28:37] /i 5915
[07/07/2016 17:28:50] /i 2662
[07/07/2016 17:28:55] /i 2500
[07/07/2016 17:29:00] /i 7730
[07/07/2016 17:29:05] /i 11113
[07/07/2016 17:29:19] /i 9002
[07/07/2016 17:29:32] /i 2424
[07/07/2016 17:29:49] /a 2
[07/07/2016 17:29:53] /owner master kill
[07/07/2016 17:30:13] /t
[07/07/2016 17:30:46] /t
[07/07/2016 17:30:58] /i 7730
[07/07/2016 17:31:40] /t
[07/07/2016 17:32:24] /t
[07/07/2016 17:32:55] /i double exp
[07/07/2016 17:33:06] /i double exp potion
[07/07/2016 17:33:10] /i double exp potion
[07/07/2016 17:33:16] /i 10309
[07/07/2016 17:33:21] /i 7443
[07/07/2016 17:33:22] /i 7443
[07/07/2016 19:41:34] /i double exp potion
[07/07/2016 19:41:35] /i double exp potion
[07/07/2016 19:41:36] /i double exp potion
[07/07/2016 19:41:47] /i vip8 doll
[07/07/2016 19:42:00] /i double exp potion
[07/07/2016 19:42:00] /i double exp potion
[07/07/2016 19:42:01] /i double exp potion
[07/07/2016 19:42:01] /i double exp potion
[07/07/2016 19:42:16] /i gold nugget
[07/07/2016 19:42:28] /i mana rune
[07/07/2016 20:19:53] /i refinamento excelente
[07/07/2016 20:19:56] /i refinamento excelente
[07/07/2016 20:19:56] /i refinamento excelente
[07/07/2016 20:19:57] /i refinamento excelente
[07/07/2016 20:19:57] /i refinamento excelente
[07/07/2016 20:19:59] /i refinamento excelente
[07/07/2016 20:19:59] /i refinamento excelente
[07/07/2016 20:19:59] /i refinamento excelente
[07/07/2016 20:20:01] /i refinamento excelente
[07/07/2016 20:20:01] /i refinamento excelente
[07/07/2016 20:20:02] /i refinamento excelente
[07/07/2016 20:20:02] /i refinamento excelente
[07/07/2016 20:20:03] /i refinamento excelente
[07/07/2016 20:20:03] /i refinamento excelente
[07/07/2016 20:20:04] /i refinamento excelente
[07/07/2016 20:20:04] /i refinamento excelente
[07/07/2016 20:20:05] /i refinamento excelente
[07/07/2016 20:21:34] /i refinamento excelente
[07/07/2016 20:21:36] /i refinamento excelente
[07/07/2016 20:21:39] /i refinamento excelente
[07/07/2016 20:21:40] /i refinamento excelente
[07/07/2016 20:21:41] /i refinamento excelente
[07/07/2016 20:21:41] /i refinamento excelente
[07/07/2016 20:21:42] /i refinamento excelente
[07/07/2016 20:21:42] /i refinamento excelente
[07/07/2016 20:21:43] /i refinamento excelente
[07/07/2016 20:21:44] /i refinamento excelente
[07/07/2016 20:21:44] /i refinamento excelente
[07/07/2016 20:21:45] /i refinamento excelente
[07/07/2016 20:21:45] /i refinamento excelente
[07/07/2016 20:21:46] /i refinamento excelente
[07/07/2016 20:21:47] /i refinamento excelente
[07/07/2016 20:21:48] /i refinamento excelente
[07/07/2016 20:22:33] /i refinamento excelente
[07/07/2016 20:22:35] /i refinamento excelente
[07/07/2016 20:22:36] /i refinamento excelente
[07/07/2016 20:22:36] /i refinamento excelente
[07/07/2016 20:22:37] /i refinamento excelente
[07/07/2016 20:22:37] /i refinamento excelente
