[04/07/2016 17:34:27] /a 3
[04/07/2016 17:34:30] /a 3
[04/07/2016 17:34:30] /a 3
[04/07/2016 17:34:31] /a 3
[04/07/2016 17:34:31] /a 3
[04/07/2016 17:34:31] /a 3
[04/07/2016 17:34:33] /t
[04/07/2016 17:34:35] /t
[04/07/2016 17:34:38] /a 3
[04/07/2016 17:34:39] /a 3
[04/07/2016 17:34:40] /a 3
[04/07/2016 17:34:41] /a 3
[04/07/2016 17:34:51] /goto adm zik
[04/07/2016 17:35:24] /a 3
[04/07/2016 17:38:00] /a 2
[04/07/2016 17:38:14] /i donate staff
[04/07/2016 17:38:27] /m master demon
[04/07/2016 17:38:28] /m master demon
[04/07/2016 17:38:28] /m master demon
[04/07/2016 17:38:29] /m master demon
[04/07/2016 17:38:32] /a 1
[04/07/2016 17:38:43] /a 1
[04/07/2016 17:39:34] /m demon
[04/07/2016 17:39:58] /clean
[04/07/2016 17:39:59] /clean
[04/07/2016 17:40:00] /clean
[04/07/2016 17:40:00] /clean
[04/07/2016 17:40:01] /clean
[04/07/2016 17:40:01] /clean
[04/07/2016 17:40:21] /a 1
[04/07/2016 17:40:27] /a 1
[04/07/2016 17:40:36] /ghost
[04/07/2016 17:40:44] /ghost
[04/07/2016 17:40:55] /i addon doll
[04/07/2016 17:41:09] /a 3
[04/07/2016 17:44:29] /i baiakzik staff
[04/07/2016 17:44:39] /i baiakzik staff
[04/07/2016 17:44:57] /mc
[04/07/2016 17:45:05] /i baiakzik sword
[04/07/2016 17:46:10] /c account manager
[04/07/2016 17:46:12] /c account manager
[04/07/2016 17:46:15] /c account manager
[04/07/2016 17:46:20] /c account manager
[04/07/2016 17:46:21] /c account manager
[04/07/2016 17:46:36] /i baiakzik staff
[04/07/2016 17:48:00] /goto mage do mal
[04/07/2016 17:48:05] /goto adm zik
[04/07/2016 17:52:14] /a 1
[04/07/2016 17:52:17] /a 2
[04/07/2016 17:52:27] /a 3
[04/07/2016 17:53:04] /i crystal coins
[04/07/2016 17:53:18] /i crystal coins
[04/07/2016 17:53:26] /i crystal coins
[04/07/2016 17:53:32] /i 2160
[04/07/2016 17:53:49] /a 1
[04/07/2016 17:53:56] /m master vip seller
[04/07/2016 17:54:04] /a 3
[04/07/2016 17:54:06] /a 10
[04/07/2016 17:54:09] /a 10
[04/07/2016 17:54:10] /a 10
[04/07/2016 17:54:11] /a 10
[04/07/2016 17:54:12] /a 3
[04/07/2016 17:54:13] /a 3
[04/07/2016 17:54:13] /a 3
[04/07/2016 17:54:14] /a 3
[04/07/2016 17:54:14] /a 3
[04/07/2016 17:54:16] /a 10
[04/07/2016 17:54:18] /a 10
[04/07/2016 17:54:20] /a 1
[04/07/2016 17:54:44] /a 4
[04/07/2016 17:54:44] /a 4
[04/07/2016 17:54:46] /a 4
[04/07/2016 17:54:47] /a 4
[04/07/2016 17:54:48] /a 4
[04/07/2016 17:54:49] /a 4
[04/07/2016 17:54:50] /a 4
[04/07/2016 17:54:52] /a 4
[04/07/2016 17:54:52] /a 4
[04/07/2016 17:54:53] /a 4
[04/07/2016 17:54:55] /a 4
[04/07/2016 17:54:56] /a 4
[04/07/2016 17:55:28] /a 2
[04/07/2016 17:55:46] /a 3
[04/07/2016 17:55:52] /clean
[04/07/2016 17:56:00] /i baiakzik staff
[04/07/2016 17:56:10] /i baiakzik star
[04/07/2016 17:56:38] /a 100
[04/07/2016 17:56:42] /r
[04/07/2016 17:56:47] /a 2
[04/07/2016 17:56:49] /a 1
[04/07/2016 17:57:01] /i 598
[04/07/2016 17:57:03] /i 598
[04/07/2016 17:57:03] /i 598
[04/07/2016 17:57:04] /i 598
[04/07/2016 17:57:06] /a 100
[04/07/2016 17:58:02] /goto Lost knight
[04/07/2016 17:58:16] /a 
[04/07/2016 17:58:26] /a 2
[04/07/2016 17:58:37] /m treienr
[04/07/2016 17:58:46] /m treienr
[04/07/2016 17:59:02] /a 3
[04/07/2016 17:59:04] /a 3
[04/07/2016 17:59:05] /a 3
[04/07/2016 17:59:06] /a 3
[04/07/2016 17:59:08] /a 3
[04/07/2016 17:59:26] /a 3
[04/07/2016 18:00:54] /a 3
[04/07/2016 18:01:02] /a 10
[04/07/2016 18:01:04] /a 10
[04/07/2016 18:01:10] /a 10
[04/07/2016 18:01:12] /a 10
[04/07/2016 18:01:17] /a 3
[04/07/2016 18:01:51] /i baiakzik star
[04/07/2016 18:02:17] /c negao
[04/07/2016 18:02:21] /c negao
[04/07/2016 18:02:22] /c negao
[04/07/2016 18:02:22] /c negao
[04/07/2016 18:02:22] /c negao
[04/07/2016 18:02:44] /goto adm zik
[04/07/2016 18:03:23] /mc
[04/07/2016 18:03:41] /i baiakzik staff
[04/07/2016 18:04:01] /i baiakzik staff
[04/07/2016 18:04:26] /ghost
[04/07/2016 18:04:36] /mc
[04/07/2016 18:04:50] /i baiakzik staff
[04/07/2016 18:04:54] /ghost
[04/07/2016 18:05:22] /a 3
[04/07/2016 18:05:24] /up
[04/07/2016 18:05:28] /up 424
[04/07/2016 18:06:55] /up 43
[04/07/2016 18:07:09] /up 312783
[04/07/2016 18:07:14] /up  1
[04/07/2016 18:07:46] /c test lol lol
[04/07/2016 18:08:37] /m dragon
[04/07/2016 18:08:48] /r
[04/07/2016 18:09:16] /c test lol lol
[04/07/2016 18:09:26] /r
[04/07/2016 18:09:30] /r
[04/07/2016 18:09:31] /r
[04/07/2016 18:09:53] /t  test lol lol
[04/07/2016 18:10:05] /t
[04/07/2016 18:10:28] /a 1
[04/07/2016 18:10:31] /a 1
[04/07/2016 18:10:32] /a 1
[04/07/2016 18:10:35] /a 1
[04/07/2016 18:10:38] /a 1
[04/07/2016 18:10:40] /a 1
[04/07/2016 18:10:41] /a 1
[04/07/2016 18:10:43] /a 1
[04/07/2016 18:10:45] /a 1
[04/07/2016 18:10:46] /a 1
[04/07/2016 18:10:50] /a 1
[04/07/2016 18:11:09] /m infernatil
[04/07/2016 18:11:20] /r
[04/07/2016 18:11:37] /a 3
[04/07/2016 18:11:39] /a 3
[04/07/2016 18:11:40] /a 3
[04/07/2016 18:11:40] /a 3
[04/07/2016 18:11:42] /a 3
[04/07/2016 18:11:53] /a 
[04/07/2016 18:12:14] /i dragon
[04/07/2016 18:12:19] /m dragon
[04/07/2016 18:12:21] /m dragon
[04/07/2016 18:12:29] /m dragon
[04/07/2016 18:12:29] /m dragon
[04/07/2016 18:12:30] /m dragon
[04/07/2016 18:12:30] /m dragon
[04/07/2016 18:12:31] /m dragon
[04/07/2016 18:12:31] /m dragon
[04/07/2016 18:12:31] /m dragon
[04/07/2016 18:12:32] /m dragon
[04/07/2016 18:12:32] /m dragon
[04/07/2016 18:12:35] /m dragon
[04/07/2016 18:12:38] /m dragon
[04/07/2016 18:12:39] /m dragon
[04/07/2016 18:12:41] /m dragon
[04/07/2016 18:12:42] /m dragon
[04/07/2016 18:12:43] /m dragon
[04/07/2016 18:13:21] /goto ADM Zik
[04/07/2016 18:13:23] /goto ADM Zik
[04/07/2016 18:13:56] /a 2
[04/07/2016 18:14:25] /a 3
[04/07/2016 18:14:28] /a 3
[04/07/2016 18:14:31] /a 3
[04/07/2016 18:15:00] /a 3
[04/07/2016 18:15:03] /a 3
[04/07/2016 18:15:05] /a 10
[04/07/2016 18:15:07] /a 10
[04/07/2016 18:15:09] /a 19
[04/07/2016 18:15:11] /a 19
[04/07/2016 18:15:12] /a 19
[04/07/2016 18:15:13] /a 19
[04/07/2016 18:15:14] /a 19
[04/07/2016 18:15:23] /a 10
[04/07/2016 18:15:24] /a 10
[04/07/2016 18:15:26] /t
[04/07/2016 18:15:29] /a 1
[04/07/2016 18:15:39] /a 3
[04/07/2016 18:15:42] /a 1
[04/07/2016 18:15:47] /a 1
[04/07/2016 18:15:47] /a 1
[04/07/2016 18:15:48] /a 1
[04/07/2016 18:15:48] /a 1
[04/07/2016 18:15:49] /a 1
[04/07/2016 18:16:10] /a 1
[04/07/2016 18:16:36] /a 1
[04/07/2016 18:16:55] /c biel da vm
[04/07/2016 18:17:23] /i baiakzik staff
[04/07/2016 18:17:33] /goto biel da vm
[04/07/2016 18:18:10] /a 1
[04/07/2016 18:18:12] /a 1
[04/07/2016 18:18:19] /a 1
[04/07/2016 18:20:34] /m naji
[04/07/2016 18:21:01] /goto ADM Zik
[04/07/2016 18:21:05] /a 3
[04/07/2016 18:21:27] /a 3
[04/07/2016 18:21:33] /a 3
[04/07/2016 18:22:10] /a 3
[04/07/2016 18:22:13] /a 3
[04/07/2016 18:22:22] /a 3
[04/07/2016 18:22:24] /a 3
[04/07/2016 18:22:32] /a 2
[04/07/2016 18:22:35] /a 2
[04/07/2016 18:22:36] /a 2
[04/07/2016 18:22:39] /a 1
[04/07/2016 18:22:40] /a 1
[04/07/2016 18:22:44] /clean
[04/07/2016 18:23:29] /i magic sword
[04/07/2016 18:24:03] /goto ADM Zik
[04/07/2016 18:24:06] /goto ADM Zik
[04/07/2016 18:24:26] /a 4
[04/07/2016 18:24:27] /a 4
[04/07/2016 18:24:29] /a 4
[04/07/2016 18:24:31] /a 4
[04/07/2016 18:24:33] /a 4
[04/07/2016 18:24:34] /t
[04/07/2016 18:24:49] /b galera vo fazer quest nova 
[04/07/2016 18:25:08] /b galera vo fazer quest nova na vip 1
[04/07/2016 18:25:22] /a 3
[04/07/2016 18:26:12] /a 
[04/07/2016 18:26:13] /a 
[04/07/2016 18:26:13] /a 
[04/07/2016 18:26:14] /a 
[04/07/2016 18:26:15] /a 
[04/07/2016 18:26:27] /m 9043
[04/07/2016 18:26:28] /m 9043
[04/07/2016 18:26:32] /i 9043
[04/07/2016 18:26:38] /a
[04/07/2016 18:26:39] /i 9043
[04/07/2016 18:26:40] /i 9043
[04/07/2016 18:26:42] /a 1
[04/07/2016 18:26:46] /a 
[04/07/2016 18:26:47] /i 9043
[04/07/2016 18:26:51] /a
[04/07/2016 18:26:52] /i 9043
[04/07/2016 18:26:55] /a 
[04/07/2016 18:26:56] /i 9043
[04/07/2016 18:27:02] /r
[04/07/2016 18:27:05] /a
[04/07/2016 18:27:06] /i 9043
[04/07/2016 18:27:07] /a
[04/07/2016 18:27:08] /i 9043
[04/07/2016 18:27:12] /a 
[04/07/2016 18:27:13] /i 9043
[04/07/2016 18:27:14] /i 9043
[04/07/2016 18:27:16] /a 
[04/07/2016 18:27:17] /i 9043
[04/07/2016 18:27:26] /a 1
[04/07/2016 18:27:26] /i 9043
[04/07/2016 18:27:27] /a 1
[04/07/2016 18:27:27] /i 9043
[04/07/2016 18:27:27] /a 1
[04/07/2016 18:27:28] /i 9043
[04/07/2016 18:27:28] /a 1
[04/07/2016 18:27:28] /i 9043
[04/07/2016 18:27:28] /a 1
[04/07/2016 18:27:28] /i 9043
[04/07/2016 18:27:28] /a 1
[04/07/2016 18:27:28] /i 9043
[04/07/2016 18:27:29] /a 1
[04/07/2016 18:27:29] /i 9043
[04/07/2016 18:27:29] /a 1
[04/07/2016 18:27:29] /i 9043
[04/07/2016 18:27:30] /i 9043
[04/07/2016 18:27:31] /a 1
[04/07/2016 18:27:31] /i 9043
[04/07/2016 18:27:31] /a 1
[04/07/2016 18:27:42] /a 1
[04/07/2016 18:27:46] /a 1
[04/07/2016 18:27:48] /a 1
[04/07/2016 18:27:50] /a 1
[04/07/2016 18:27:51] /r
[04/07/2016 18:27:52] /r
[04/07/2016 18:27:52] /r
[04/07/2016 18:27:52] /r
[04/07/2016 18:27:53] /r
[04/07/2016 18:27:53] /r
[04/07/2016 18:27:56] /i 9043
[04/07/2016 18:27:56] /a 1
[04/07/2016 18:27:57] /i 9043
[04/07/2016 18:27:57] /a 1
[04/07/2016 18:27:57] /i 9043
[04/07/2016 18:27:57] /a 1
[04/07/2016 18:27:57] /i 9043
[04/07/2016 18:27:57] /a 1
[04/07/2016 18:27:57] /i 9043
[04/07/2016 18:27:58] /a 1
[04/07/2016 18:27:58] /i 9043
[04/07/2016 18:27:58] /a 1
[04/07/2016 18:27:58] /i 9043
[04/07/2016 18:27:58] /a 1
[04/07/2016 18:27:58] /i 9043
[04/07/2016 18:27:59] /a 1
[04/07/2016 18:27:59] /i 9043
[04/07/2016 18:27:59] /a 1
[04/07/2016 18:27:59] /i 9043
[04/07/2016 18:27:59] /a 1
[04/07/2016 18:27:59] /i 9043
[04/07/2016 18:28:00] /a 1
[04/07/2016 18:28:00] /i 9043
[04/07/2016 18:28:05] /i 9043
[04/07/2016 18:28:05] /a 1
[04/07/2016 18:28:05] /i 9043
[04/07/2016 18:28:05] /a 1
[04/07/2016 18:28:06] /i 9043
[04/07/2016 18:28:06] /a 1
[04/07/2016 18:28:06] /i 9043
[04/07/2016 18:28:06] /a 1
[04/07/2016 18:28:06] /i 9043
[04/07/2016 18:28:06] /a 1
[04/07/2016 18:28:07] /i 9043
[04/07/2016 18:28:07] /a 1
[04/07/2016 18:28:07] /i 9043
[04/07/2016 18:28:07] /a 1
[04/07/2016 18:28:07] /i 9043
[04/07/2016 18:28:07] /a 1
[04/07/2016 18:28:08] /i 9043
[04/07/2016 18:28:08] /a 1
[04/07/2016 18:28:08] /i 9043
[04/07/2016 18:28:12] /a 1
[04/07/2016 18:28:12] /i 9043
[04/07/2016 18:28:12] /a 1
[04/07/2016 18:28:12] /i 9043
[04/07/2016 18:28:13] /i 9043
[04/07/2016 18:28:13] /a 1
[04/07/2016 18:28:13] /i 9043
[04/07/2016 18:28:14] /a 1
[04/07/2016 18:28:14] /i 9043
[04/07/2016 18:28:14] /a 1
[04/07/2016 18:28:14] /i 9043
[04/07/2016 18:28:14] /a 1
[04/07/2016 18:28:15] /i 9043
[04/07/2016 18:28:15] /a 1
[04/07/2016 18:28:27] /i 9043
[04/07/2016 18:28:27] /a 1
[04/07/2016 18:28:28] /i 9043
[04/07/2016 18:28:28] /a 1
[04/07/2016 18:28:28] /i 9043
[04/07/2016 18:28:28] /a 1
[04/07/2016 18:28:29] /i 9043
[04/07/2016 18:28:31] /i 9043
[04/07/2016 18:28:31] /a 1
[04/07/2016 18:28:31] /i 9043
[04/07/2016 18:28:31] /a 1
[04/07/2016 18:28:31] /i 9043
[04/07/2016 18:28:32] /a 1
[04/07/2016 18:28:32] /i 9043
[04/07/2016 18:28:32] /a 1
[04/07/2016 18:28:32] /i 9043
[04/07/2016 18:28:32] /a 1
[04/07/2016 18:28:32] /i 9043
[04/07/2016 18:28:33] /a 1
[04/07/2016 18:29:01] /r
[04/07/2016 18:29:02] /r
[04/07/2016 18:29:03] /r
[04/07/2016 18:29:03] /r
[04/07/2016 18:29:03] /r
[04/07/2016 18:29:03] /r
[04/07/2016 18:29:03] /r
[04/07/2016 18:29:08] /a 1
[04/07/2016 18:29:08] /a 1
[04/07/2016 18:29:08] /a 1
[04/07/2016 18:29:09] /a 1
[04/07/2016 18:29:09] /a 1
[04/07/2016 18:29:10] /a 1
[04/07/2016 18:29:10] /a 1
[04/07/2016 18:29:10] /a 1
[04/07/2016 18:29:10] /a 1
[04/07/2016 18:29:10] /a 1
[04/07/2016 18:29:10] /a 1
[04/07/2016 18:29:10] /a 1
[04/07/2016 18:29:10] /a 1
[04/07/2016 18:29:10] /a 1
[04/07/2016 18:29:10] /a 1
[04/07/2016 18:29:10] /a 1
[04/07/2016 18:29:10] /a 1
[04/07/2016 18:29:10] /a 1
[04/07/2016 18:29:10] /a 1
[04/07/2016 18:29:10] /a 1
[04/07/2016 18:29:10] /a 1
[04/07/2016 18:29:10] /a 1
[04/07/2016 18:29:10] /a 1
[04/07/2016 18:29:10] /a 1
[04/07/2016 18:29:10] /a 1
[04/07/2016 18:29:10] /a 1
[04/07/2016 18:29:10] /a 1
[04/07/2016 18:29:10] /a 1
[04/07/2016 18:29:10] /a 1
[04/07/2016 18:29:10] /a 1
[04/07/2016 18:29:10] /a 1
[04/07/2016 18:29:10] /a 1
[04/07/2016 18:29:10] /a 1
[04/07/2016 18:29:11] /a 1
[04/07/2016 18:29:11] /a 1
[04/07/2016 18:29:11] /a 1
[04/07/2016 18:29:11] /a 1
[04/07/2016 18:29:11] /a 1
[04/07/2016 18:29:11] /a 1
[04/07/2016 18:29:11] /a 1
[04/07/2016 18:29:11] /a 1
[04/07/2016 18:29:11] /a 1
[04/07/2016 18:29:11] /a 1
[04/07/2016 18:29:11] /a 1
[04/07/2016 18:29:11] /a 1
[04/07/2016 18:29:11] /a 1
[04/07/2016 18:29:11] /a 1
[04/07/2016 18:29:11] /a 1
[04/07/2016 18:29:11] /a 1
[04/07/2016 18:29:11] /a 1
[04/07/2016 18:29:11] /a 1
[04/07/2016 18:29:11] /a 1
[04/07/2016 18:29:11] /a 1
[04/07/2016 18:29:11] /a 1
[04/07/2016 18:29:11] /a 1
[04/07/2016 18:29:11] /a 1
[04/07/2016 18:29:11] /a 1
[04/07/2016 18:29:11] /a 1
[04/07/2016 18:29:11] /a 1
[04/07/2016 18:29:11] /a 1
[04/07/2016 18:29:11] /a 1
[04/07/2016 18:29:12] /a 1
[04/07/2016 18:29:12] /a 1
[04/07/2016 18:29:12] /a 1
[04/07/2016 18:29:12] /a 1
[04/07/2016 18:29:12] /a 1
[04/07/2016 18:29:12] /a 1
[04/07/2016 18:29:12] /a 1
[04/07/2016 18:29:12] /a 1
[04/07/2016 18:29:12] /a 1
[04/07/2016 18:29:12] /a 1
[04/07/2016 18:29:12] /a 1
[04/07/2016 18:29:12] /a 1
[04/07/2016 18:29:12] /a 1
[04/07/2016 18:29:12] /a 1
[04/07/2016 18:29:12] /a 1
[04/07/2016 18:29:12] /a 1
[04/07/2016 18:29:12] /a 1
[04/07/2016 18:29:12] /a 1
[04/07/2016 18:29:12] /a 1
[04/07/2016 18:29:12] /a 1
[04/07/2016 18:29:12] /a 1
[04/07/2016 18:29:12] /a 1
[04/07/2016 18:29:12] /a 1
[04/07/2016 18:29:12] /a 1
[04/07/2016 18:29:12] /a 1
[04/07/2016 18:29:12] /a 1
[04/07/2016 18:29:12] /a 1
[04/07/2016 18:29:13] /a 1
[04/07/2016 18:29:13] /a 1
[04/07/2016 18:29:13] /a 1
[04/07/2016 18:29:13] /a 1
[04/07/2016 18:29:13] /a 1
[04/07/2016 18:29:13] /a 1
[04/07/2016 18:29:13] /a 1
[04/07/2016 18:29:13] /a 1
[04/07/2016 18:29:13] /a 1
[04/07/2016 18:29:13] /a 1
[04/07/2016 18:29:13] /a 1
[04/07/2016 18:29:13] /a 1
[04/07/2016 18:29:13] /a 1
[04/07/2016 18:29:13] /a 1
[04/07/2016 18:29:13] /a 1
[04/07/2016 18:29:13] /a 1
[04/07/2016 18:29:13] /a 1
[04/07/2016 18:29:13] /a 1
[04/07/2016 18:29:13] /a 1
[04/07/2016 18:29:13] /a 1
[04/07/2016 18:29:13] /a 1
[04/07/2016 18:29:14] /a 1
[04/07/2016 18:29:14] /a 1
[04/07/2016 18:29:14] /a 1
[04/07/2016 18:29:14] /a 1
[04/07/2016 18:29:14] /a 1
[04/07/2016 18:29:14] /a 1
[04/07/2016 18:29:14] /a 1
[04/07/2016 18:29:14] /a 1
[04/07/2016 18:29:14] /a 1
[04/07/2016 18:29:14] /a 1
[04/07/2016 18:29:14] /a 1
[04/07/2016 18:29:14] /a 1
[04/07/2016 18:29:14] /a 1
[04/07/2016 18:29:14] /a 1
[04/07/2016 18:29:14] /a 1
[04/07/2016 18:29:14] /a 1
[04/07/2016 18:29:14] /a 1
[04/07/2016 18:29:14] /a 1
[04/07/2016 18:29:14] /a 1
[04/07/2016 18:29:15] /a 1
[04/07/2016 18:29:15] /a 1
[04/07/2016 18:29:15] /a 1
[04/07/2016 18:29:15] /a 1
[04/07/2016 18:29:15] /a 1
[04/07/2016 18:29:15] /a 1
[04/07/2016 18:29:15] /a 1
[04/07/2016 18:29:15] /a 1
[04/07/2016 18:29:15] /a 1
[04/07/2016 18:29:15] /a 1
[04/07/2016 18:29:15] /a 1
[04/07/2016 18:29:15] /a 1
[04/07/2016 18:29:15] /a 1
[04/07/2016 18:29:15] /a 1
[04/07/2016 18:29:15] /a 1
[04/07/2016 18:29:15] /a 1
[04/07/2016 18:29:15] /a 1
[04/07/2016 18:29:15] /a 1
[04/07/2016 18:29:15] /a 1
[04/07/2016 18:29:15] /a 1
[04/07/2016 18:29:15] /a 1
[04/07/2016 18:29:15] /a 1
[04/07/2016 18:29:15] /a 1
[04/07/2016 18:29:15] /a 1
[04/07/2016 18:29:15] /a 1
[04/07/2016 18:29:15] /a 1
[04/07/2016 18:29:15] /a 1
[04/07/2016 18:29:15] /a 1
[04/07/2016 18:29:15] /a 1
[04/07/2016 18:29:15] /a 1
[04/07/2016 18:29:15] /a 1
[04/07/2016 18:29:15] /a 1
[04/07/2016 18:29:16] /a 1
[04/07/2016 18:29:16] /a 1
[04/07/2016 18:29:16] /a 1
[04/07/2016 18:29:16] /a 1
[04/07/2016 18:29:16] /a 1
[04/07/2016 18:29:16] /a 1
[04/07/2016 18:29:16] /a 1
[04/07/2016 18:29:16] /a 1
[04/07/2016 18:29:16] /a 1
[04/07/2016 18:29:16] /a 1
[04/07/2016 18:29:16] /a 1
[04/07/2016 18:29:16] /a 1
[04/07/2016 18:29:16] /a 1
[04/07/2016 18:29:16] /a 1
[04/07/2016 18:29:17] /a 1
[04/07/2016 18:29:17] /a 1
[04/07/2016 18:29:17] /a 1
[04/07/2016 18:29:17] /a 1
[04/07/2016 18:29:17] /a 1
[04/07/2016 18:29:17] /a 1
[04/07/2016 18:29:17] /a 1
[04/07/2016 18:29:17] /a 1
[04/07/2016 18:29:17] /a 1
[04/07/2016 18:29:17] /a 1
[04/07/2016 18:29:17] /a 1
[04/07/2016 18:29:17] /a 1
[04/07/2016 18:29:17] /a 1
[04/07/2016 18:29:17] /a 1
[04/07/2016 18:29:17] /a 1
[04/07/2016 18:29:17] /a 1
[04/07/2016 18:29:17] /a 1
[04/07/2016 18:29:17] /a 1
[04/07/2016 18:29:17] /a 1
[04/07/2016 18:29:17] /a 1
[04/07/2016 18:29:17] /a 1
[04/07/2016 18:29:17] /a 1
[04/07/2016 18:29:17] /a 1
[04/07/2016 18:29:17] /a 1
[04/07/2016 18:29:17] /a 1
[04/07/2016 18:29:17] /a 1
[04/07/2016 18:29:17] /a 1
[04/07/2016 18:29:17] /a 1
[04/07/2016 18:29:17] /a 1
[04/07/2016 18:29:17] /a 1
[04/07/2016 18:29:17] /a 1
[04/07/2016 18:29:17] /a 1
[04/07/2016 18:29:17] /a 1
[04/07/2016 18:29:17] /a 1
[04/07/2016 18:29:17] /a 1
[04/07/2016 18:29:17] /a 1
[04/07/2016 18:29:17] /a 1
[04/07/2016 18:29:17] /a 1
[04/07/2016 18:29:17] /a 1
[04/07/2016 18:29:17] /a 1
[04/07/2016 18:29:17] /a 1
[04/07/2016 18:29:17] /a 1
[04/07/2016 18:29:17] /a 1
[04/07/2016 18:29:17] /a 1
[04/07/2016 18:29:18] /a 1
[04/07/2016 18:29:18] /a 1
[04/07/2016 18:29:18] /a 1
[04/07/2016 18:29:18] /a 1
[04/07/2016 18:29:18] /a 1
[04/07/2016 18:29:18] /a 1
[04/07/2016 18:29:18] /a 1
[04/07/2016 18:29:18] /a 1
[04/07/2016 18:29:18] /a 1
[04/07/2016 18:29:18] /a 1
[04/07/2016 18:29:18] /a 1
[04/07/2016 18:29:18] /a 1
[04/07/2016 18:29:18] /a 1
[04/07/2016 18:29:18] /a 1
[04/07/2016 18:29:18] /a 1
[04/07/2016 18:29:18] /a 1
[04/07/2016 18:29:18] /a 1
[04/07/2016 18:29:18] /a 1
[04/07/2016 18:29:18] /a 1
[04/07/2016 18:29:18] /a 1
[04/07/2016 18:29:18] /a 1
[04/07/2016 18:29:18] /a 1
[04/07/2016 18:29:19] /a 1
[04/07/2016 18:29:19] /a 1
[04/07/2016 18:29:19] /a 1
[04/07/2016 18:29:19] /a 1
[04/07/2016 18:29:19] /a 1
[04/07/2016 18:29:19] /a 1
[04/07/2016 18:29:19] /a 1
[04/07/2016 18:29:19] /a 1
[04/07/2016 18:29:19] /a 1
[04/07/2016 18:29:19] /a 1
[04/07/2016 18:29:19] /a 1
[04/07/2016 18:29:19] /a 1
[04/07/2016 18:29:19] /a 1
[04/07/2016 18:29:19] /a 1
[04/07/2016 18:29:19] /a 1
[04/07/2016 18:29:19] /a 1
[04/07/2016 18:29:19] /a 1
[04/07/2016 18:29:19] /a 1
[04/07/2016 18:29:19] /a 1
[04/07/2016 18:29:19] /a 1
[04/07/2016 18:29:19] /a 1
[04/07/2016 18:29:19] /a 1
[04/07/2016 18:29:19] /a 1
[04/07/2016 18:29:19] /a 1
[04/07/2016 18:29:19] /a 1
[04/07/2016 18:29:19] /a 1
[04/07/2016 18:29:19] /a 1
[04/07/2016 18:29:19] /a 1
[04/07/2016 18:29:19] /a 1
[04/07/2016 18:29:19] /a 1
[04/07/2016 18:29:19] /a 1
[04/07/2016 18:29:19] /a 1
[04/07/2016 18:29:19] /a 1
[04/07/2016 18:29:19] /a 1
[04/07/2016 18:29:19] /a 1
[04/07/2016 18:29:20] /a 1
[04/07/2016 18:29:20] /a 1
[04/07/2016 18:29:20] /a 1
[04/07/2016 18:29:20] /a 1
[04/07/2016 18:29:20] /a 1
[04/07/2016 18:29:20] /a 1
[04/07/2016 18:29:20] /a 1
[04/07/2016 18:29:20] /a 1
[04/07/2016 18:29:20] /a 1
[04/07/2016 18:29:20] /a 1
[04/07/2016 18:29:20] /a 1
[04/07/2016 18:29:20] /a 1
[04/07/2016 18:29:20] /a 1
[04/07/2016 18:29:20] /a 1
[04/07/2016 18:29:20] /a 1
[04/07/2016 18:29:20] /a 1
[04/07/2016 18:29:20] /a 1
[04/07/2016 18:29:20] /a 1
[04/07/2016 18:29:20] /a 1
[04/07/2016 18:29:20] /a 1
[04/07/2016 18:29:20] /a 1
[04/07/2016 18:29:20] /a 1
[04/07/2016 18:29:20] /a 1
[04/07/2016 18:29:20] /a 1
[04/07/2016 18:29:20] /a 1
[04/07/2016 18:29:20] /a 1
[04/07/2016 18:29:20] /a 1
[04/07/2016 18:29:20] /a 1
[04/07/2016 18:29:20] /a 1
[04/07/2016 18:29:20] /a 1
[04/07/2016 18:29:20] /a 1
[04/07/2016 18:29:20] /a 1
[04/07/2016 18:29:20] /a 1
[04/07/2016 18:29:20] /a 1
[04/07/2016 18:29:21] /a 1
[04/07/2016 18:29:21] /a 1
[04/07/2016 18:29:21] /a 1
[04/07/2016 18:29:21] /a 1
[04/07/2016 18:29:21] /a 1
[04/07/2016 18:29:21] /a 1
[04/07/2016 18:29:21] /a 1
[04/07/2016 18:29:21] /a 1
[04/07/2016 18:29:21] /a 1
[04/07/2016 18:29:21] /a 1
[04/07/2016 18:29:21] /a 1
[04/07/2016 18:29:21] /a 1
[04/07/2016 18:29:21] /a 1
[04/07/2016 18:29:21] /a 1
[04/07/2016 18:29:21] /a 1
[04/07/2016 18:29:21] /a 1
[04/07/2016 18:29:21] /a 1
[04/07/2016 18:29:21] /a 1
[04/07/2016 18:29:21] /a 1
[04/07/2016 18:29:21] /a 1
[04/07/2016 18:29:21] /a 1
[04/07/2016 18:29:21] /a 1
[04/07/2016 18:29:21] /a 1
[04/07/2016 18:29:21] /a 1
[04/07/2016 18:29:21] /a 1
[04/07/2016 18:29:21] /a 1
[04/07/2016 18:29:21] /a 1
[04/07/2016 18:29:21] /a 1
[04/07/2016 18:29:21] /a 1
[04/07/2016 18:29:21] /a 1
[04/07/2016 18:29:22] /a 1
[04/07/2016 18:29:22] /a 1
[04/07/2016 18:29:22] /a 1
[04/07/2016 18:29:22] /a 1
[04/07/2016 18:29:22] /a 1
[04/07/2016 18:29:22] /a 1
[04/07/2016 18:29:22] /a 1
[04/07/2016 18:29:22] /a 1
[04/07/2016 18:29:22] /a 1
[04/07/2016 18:29:22] /a 1
[04/07/2016 18:29:22] /a 1
[04/07/2016 18:29:22] /a 1
[04/07/2016 18:29:22] /a 1
[04/07/2016 18:29:22] /a 1
[04/07/2016 18:29:22] /a 1
[04/07/2016 18:29:22] /a 1
[04/07/2016 18:29:22] /a 1
[04/07/2016 18:29:22] /a 1
[04/07/2016 18:29:22] /a 1
[04/07/2016 18:29:22] /a 1
[04/07/2016 18:29:22] /a 1
[04/07/2016 18:29:22] /a 1
[04/07/2016 18:29:22] /a 1
[04/07/2016 18:29:22] /a 1
[04/07/2016 18:29:22] /a 1
[04/07/2016 18:29:22] /a 1
[04/07/2016 18:29:22] /a 1
[04/07/2016 18:29:23] /a 1
[04/07/2016 18:29:23] /a 1
[04/07/2016 18:29:23] /a 1
[04/07/2016 18:29:23] /a 1
[04/07/2016 18:29:23] /a 1
[04/07/2016 18:29:23] /a 1
[04/07/2016 18:29:23] /a 1
[04/07/2016 18:29:23] /a 1
[04/07/2016 18:29:23] /a 1
[04/07/2016 18:29:23] /a 1
[04/07/2016 18:29:23] /a 1
[04/07/2016 18:29:23] /a 1
[04/07/2016 18:29:23] /a 1
[04/07/2016 18:29:23] /a 1
[04/07/2016 18:29:23] /a 1
[04/07/2016 18:29:23] /a 1
[04/07/2016 18:29:23] /a 1
[04/07/2016 18:29:23] /a 1
[04/07/2016 18:29:23] /a 1
[04/07/2016 18:29:23] /a 1
[04/07/2016 18:29:23] /a 1
[04/07/2016 18:29:23] /a 1
[04/07/2016 18:29:23] /a 1
[04/07/2016 18:29:23] /a 1
[04/07/2016 18:29:23] /a 1
[04/07/2016 18:29:23] /a 1
[04/07/2016 18:29:23] /a 1
[04/07/2016 18:29:23] /a 1
[04/07/2016 18:29:23] /a 1
[04/07/2016 18:29:23] /a 1
[04/07/2016 18:29:23] /a 1
[04/07/2016 18:29:23] /a 1
[04/07/2016 18:29:23] /a 1
[04/07/2016 18:29:24] /a 1
[04/07/2016 18:29:24] /a 1
[04/07/2016 18:29:24] /a 1
[04/07/2016 18:29:24] /a 1
[04/07/2016 18:29:24] /a 1
[04/07/2016 18:29:24] /a 1
[04/07/2016 18:29:24] /a 1
[04/07/2016 18:29:24] /a 1
[04/07/2016 18:29:24] /a 1
[04/07/2016 18:29:24] /a 1
[04/07/2016 18:29:25] /a 1
[04/07/2016 18:29:25] /a 1
[04/07/2016 18:29:27] /a 1
[04/07/2016 18:29:27] /a 1
[04/07/2016 18:29:27] /a 1
[04/07/2016 18:29:27] /a 1
[04/07/2016 18:29:27] /a 1
[04/07/2016 18:29:27] /a 1
[04/07/2016 18:29:27] /a 1
[04/07/2016 18:29:28] /a 1
[04/07/2016 18:29:28] /a 1
[04/07/2016 18:29:28] /a 1
[04/07/2016 18:29:28] /a 1
[04/07/2016 18:29:28] /a 1
[04/07/2016 18:29:28] /a 1
[04/07/2016 18:29:28] /a 1
[04/07/2016 18:29:28] /a 1
[04/07/2016 18:29:28] /a 1
[04/07/2016 18:29:28] /a 1
[04/07/2016 18:29:28] /a 1
[04/07/2016 18:29:28] /a 1
[04/07/2016 18:29:28] /a 1
[04/07/2016 18:29:28] /a 1
[04/07/2016 18:29:28] /a 1
[04/07/2016 18:29:28] /a 1
[04/07/2016 18:29:28] /a 1
[04/07/2016 18:29:28] /a 1
[04/07/2016 18:29:28] /a 1
[04/07/2016 18:29:28] /a 1
[04/07/2016 18:29:28] /a 1
[04/07/2016 18:29:28] /a 1
[04/07/2016 18:29:28] /a 1
[04/07/2016 18:29:28] /a 1
[04/07/2016 18:29:28] /a 1
[04/07/2016 18:29:28] /a 1
[04/07/2016 18:29:38] /a 3
[04/07/2016 18:29:53] /i 9043
[04/07/2016 18:29:54] /a 1
[04/07/2016 18:29:54] /i 9043
[04/07/2016 18:29:54] /a 1
[04/07/2016 18:29:54] /i 9043
[04/07/2016 18:29:55] /a 1
[04/07/2016 18:29:55] /i 9043
[04/07/2016 18:29:56] /a 1
[04/07/2016 18:29:56] /i 9043
[04/07/2016 18:29:56] /a 1
[04/07/2016 18:29:56] /i 9043
[04/07/2016 18:29:56] /a 1
[04/07/2016 18:29:56] /i 9043
[04/07/2016 18:29:56] /a 1
[04/07/2016 18:29:57] /i 9043
[04/07/2016 18:29:57] /a 1
[04/07/2016 18:29:57] /i 9043
[04/07/2016 18:29:57] /a 1
[04/07/2016 18:29:57] /i 9043
[04/07/2016 18:29:58] /a 1
[04/07/2016 18:30:00] /a 1
[04/07/2016 18:30:00] /i 9043
[04/07/2016 18:30:03] /a 1
[04/07/2016 18:30:04] /a 1
[04/07/2016 18:30:04] /i 9043
[04/07/2016 18:43:41] /i crystal coins
[04/07/2016 18:43:59] /i 9043
[04/07/2016 18:44:07] /i 9043
[04/07/2016 18:44:08] /i 9043
[04/07/2016 18:44:11] /i 9043
[04/07/2016 18:44:12] /i 9043
[04/07/2016 18:44:12] /i 9043
[04/07/2016 18:44:14] /i 9043
[04/07/2016 18:44:15] /i 9043
[04/07/2016 18:44:15] /i 9043
[04/07/2016 18:44:16] /i 9043
[04/07/2016 18:44:17] /i 9043
[04/07/2016 18:44:17] /i 9043
[04/07/2016 18:44:18] /i 9043
[04/07/2016 18:44:18] /i 9043
[04/07/2016 18:44:19] /i 9043
[04/07/2016 18:44:19] /i 9043
[04/07/2016 18:44:19] /i 9043
[04/07/2016 18:44:19] /i 9043
[04/07/2016 18:44:20] /i 9043
[04/07/2016 18:44:21] /i 9043
[04/07/2016 18:44:21] /i 9043
[04/07/2016 18:44:21] /i 9043
[04/07/2016 18:44:21] /i 9043
[04/07/2016 18:44:22] /i 9043
[04/07/2016 18:44:23] /i 9043
[04/07/2016 18:44:23] /i 9043
[04/07/2016 18:44:24] /i 9043
[04/07/2016 18:44:25] /i 9043
[04/07/2016 18:44:26] /i 9043
[04/07/2016 18:44:27] /i 9043
[04/07/2016 18:44:30] /i 9043
[04/07/2016 18:44:31] /i 9043
[04/07/2016 18:44:31] /i 9043
[04/07/2016 18:44:32] /i 9043
[04/07/2016 18:44:32] /i 9043
[04/07/2016 18:44:32] /i 9043
[04/07/2016 18:44:32] /i 9043
[04/07/2016 18:44:33] /i 9043
[04/07/2016 18:44:33] /i 9043
[04/07/2016 18:44:33] /i 9043
[04/07/2016 18:44:33] /i 9043
[04/07/2016 18:44:34] /i 9043
[04/07/2016 18:44:34] /i 9043
[04/07/2016 18:44:34] /i 9043
[04/07/2016 18:44:34] /i 9043
[04/07/2016 18:44:35] /i 9043
[04/07/2016 18:44:35] /i 9043
[04/07/2016 18:44:35] /i 9043
[04/07/2016 18:44:36] /i 9043
[04/07/2016 18:44:36] /i 9043
[04/07/2016 18:44:36] /i 9043
[04/07/2016 18:44:36] /i 9043
[04/07/2016 18:44:37] /i 9043
[04/07/2016 18:44:37] /i 9043
[04/07/2016 18:44:37] /i 9043
[04/07/2016 18:44:38] /i 9043
[04/07/2016 18:44:38] /i 9043
[04/07/2016 18:44:38] /i 9043
[04/07/2016 18:44:38] /i 9043
[04/07/2016 18:44:39] /i 9043
[04/07/2016 18:44:39] /i 9043
[04/07/2016 18:44:39] /i 9043
[04/07/2016 18:44:39] /i 9043
[04/07/2016 18:44:40] /i 9043
[04/07/2016 18:44:45] /i 2160
[04/07/2016 18:44:57] /a 1
[04/07/2016 18:44:57] /i 9043
[04/07/2016 18:44:57] /a 1
[04/07/2016 18:44:58] /i 9043
[04/07/2016 18:44:58] /a 1
[04/07/2016 18:44:58] /i 9043
[04/07/2016 18:44:58] /a 1
[04/07/2016 18:44:58] /i 9043
[04/07/2016 18:44:58] /a 1
[04/07/2016 18:44:59] /i 9043
[04/07/2016 18:44:59] /a 1
[04/07/2016 18:44:59] /i 9043
[04/07/2016 18:44:59] /a 1
[04/07/2016 18:44:59] /i 9043
[04/07/2016 18:44:59] /a 1
[04/07/2016 18:45:00] /i 9043
[04/07/2016 18:45:00] /a 1
[04/07/2016 18:45:00] /i 9043
[04/07/2016 18:45:00] /a 1
[04/07/2016 18:45:00] /i 9043
[04/07/2016 18:45:01] /a 1
[04/07/2016 18:45:01] /i 9043
[04/07/2016 18:45:01] /a 1
[04/07/2016 18:45:01] /i 9043
[04/07/2016 18:45:01] /a 1
[04/07/2016 18:45:01] /i 9043
[04/07/2016 18:45:02] /a 1
[04/07/2016 18:45:02] /i 9043
[04/07/2016 18:45:02] /a 1
[04/07/2016 18:45:02] /i 9043
[04/07/2016 18:45:02] /a 1
[04/07/2016 18:45:02] /i 9043
[04/07/2016 18:45:02] /a 1
[04/07/2016 18:45:03] /i 9043
[04/07/2016 18:45:03] /a 1
[04/07/2016 18:45:03] /i 9043
[04/07/2016 18:45:04] /a 1
[04/07/2016 18:45:04] /i 9043
[04/07/2016 18:45:04] /a 1
[04/07/2016 18:45:04] /i 9043
[04/07/2016 18:45:05] /a 1
[04/07/2016 18:45:05] /i 9043
[04/07/2016 18:45:05] /a 1
[04/07/2016 18:45:05] /i 9043
[04/07/2016 18:45:05] /a 1
[04/07/2016 18:45:05] /i 9043
[04/07/2016 18:45:06] /a 1
[04/07/2016 18:45:06] /i 9043
[04/07/2016 18:45:06] /a 1
[04/07/2016 18:45:06] /i 9043
[04/07/2016 18:45:06] /a 1
[04/07/2016 18:45:07] /i 9043
[04/07/2016 18:45:07] /a 1
[04/07/2016 18:45:07] /i 9043
[04/07/2016 18:45:07] /a 1
[04/07/2016 18:45:07] /i 9043
[04/07/2016 18:45:07] /a 1
[04/07/2016 18:45:09] /i 9043
[04/07/2016 18:45:09] /a 1
[04/07/2016 18:45:09] /i 9043
[04/07/2016 18:45:10] /a 1
[04/07/2016 18:45:10] /i 9043
[04/07/2016 18:45:10] /a 1
[04/07/2016 18:45:10] /i 9043
[04/07/2016 18:45:10] /a 1
[04/07/2016 18:45:10] /i 9043
[04/07/2016 18:45:11] /a 1
[04/07/2016 18:45:11] /i 9043
[04/07/2016 18:45:11] /a 1
[04/07/2016 18:45:11] /i 9043
[04/07/2016 18:45:11] /a 1
[04/07/2016 18:45:11] /i 9043
[04/07/2016 18:45:12] /a 1
[04/07/2016 18:45:12] /i 9043
[04/07/2016 18:45:12] /a 1
[04/07/2016 18:45:13] /a 1
[04/07/2016 18:45:13] /i 9043
[04/07/2016 18:45:13] /a 1
[04/07/2016 18:45:13] /i 9043
[04/07/2016 18:45:13] /a 1
[04/07/2016 18:45:14] /i 9043
[04/07/2016 18:45:14] /a 1
[04/07/2016 18:45:14] /i 9043
[04/07/2016 18:45:14] /a 1
[04/07/2016 18:45:14] /i 9043
[04/07/2016 18:45:14] /a 1
[04/07/2016 18:45:15] /i 9043
[04/07/2016 18:45:16] /a 1
[04/07/2016 18:45:16] /i 9043
[04/07/2016 18:45:18] /a 1
[04/07/2016 18:45:18] /i 9043
[04/07/2016 18:45:22] /a 1
[04/07/2016 18:45:23] /a 1
[04/07/2016 18:45:23] /i 9043
[04/07/2016 18:45:24] /a 1
[04/07/2016 18:45:25] /a 1
[04/07/2016 18:45:25] /i 9043
[04/07/2016 18:45:27] /a 1
[04/07/2016 18:45:28] /a 1
[04/07/2016 18:45:28] /i 9043
[04/07/2016 18:45:29] /a 1
[04/07/2016 18:45:29] /a 1
[04/07/2016 18:45:30] /a 1
[04/07/2016 18:45:31] /i 9043
[04/07/2016 18:45:36] /a 1
[04/07/2016 18:45:36] /a 1
[04/07/2016 18:45:37] /a 1
[04/07/2016 18:45:37] /a 1
[04/07/2016 18:45:37] /a 1
[04/07/2016 18:45:37] /a 1
[04/07/2016 18:45:38] /a 1
[04/07/2016 18:45:39] /a 1
[04/07/2016 18:45:40] /a 1
[04/07/2016 18:45:41] /i 9043
[04/07/2016 18:45:41] /i 9043
[04/07/2016 18:45:41] /i 9043
[04/07/2016 18:45:42] /a 1
[04/07/2016 18:45:42] /i 9043
[04/07/2016 18:45:42] /a 1
[04/07/2016 18:45:43] /i 9043
[04/07/2016 18:45:43] /a 1
[04/07/2016 18:45:43] /i 9043
[04/07/2016 18:45:43] /a 1
[04/07/2016 18:45:43] /i 9043
[04/07/2016 18:45:43] /a 1
[04/07/2016 18:45:43] /i 9043
[04/07/2016 18:45:43] /a 1
[04/07/2016 18:45:44] /i 9043
[04/07/2016 18:45:44] /a 1
[04/07/2016 18:45:45] /a 1
[04/07/2016 18:45:45] /i 9043
[04/07/2016 18:45:48] /a 1
[04/07/2016 18:45:48] /i 9043
[04/07/2016 18:45:51] /a 1
[04/07/2016 18:45:53] /a 1
[04/07/2016 18:45:53] /i 9043
[04/07/2016 18:45:56] /a 1
[04/07/2016 18:45:56] /i 9043
[04/07/2016 18:45:58] /i 9043
[04/07/2016 18:45:58] /a 1
[04/07/2016 18:46:01] /i 9043
[04/07/2016 18:46:02] /a 1
[04/07/2016 18:46:02] /i 9043
[04/07/2016 18:46:02] /a 1
[04/07/2016 18:46:02] /i 9043
[04/07/2016 18:46:02] /a 1
[04/07/2016 18:46:02] /i 9043
[04/07/2016 18:46:02] /a 1
[04/07/2016 18:46:03] /i 9043
[04/07/2016 18:46:03] /a 1
[04/07/2016 18:46:03] /i 9043
[04/07/2016 18:46:03] /a 1
[04/07/2016 18:46:05] /i 9043
[04/07/2016 18:46:46] /a 1
[04/07/2016 18:46:47] /a 1
[04/07/2016 18:46:49] /i 9043
[04/07/2016 18:46:51] /a 1
[04/07/2016 18:46:52] /a 1
[04/07/2016 18:46:53] /i 9043
[04/07/2016 18:46:53] /a 1
[04/07/2016 18:47:04] /a 1
[04/07/2016 18:47:04] /i 9043
[04/07/2016 18:47:04] /a 1
[04/07/2016 18:47:04] /i 9043
[04/07/2016 18:47:04] /a 1
[04/07/2016 18:47:04] /i 9043
[04/07/2016 18:47:04] /a 1
[04/07/2016 18:47:05] /i 9043
[04/07/2016 18:47:05] /a 1
[04/07/2016 18:47:05] /i 9043
[04/07/2016 18:47:05] /a 1
[04/07/2016 18:47:05] /i 9043
[04/07/2016 18:47:05] /a 1
[04/07/2016 18:47:06] /i 9043
[04/07/2016 18:47:11] /a 1
[04/07/2016 18:47:11] /a 1
[04/07/2016 18:47:11] /i 9043
[04/07/2016 18:47:13] /a 1
[04/07/2016 18:47:13] /a 1
[04/07/2016 18:47:14] /i 9043
[04/07/2016 18:47:15] /a 1
[04/07/2016 18:47:15] /a 1
[04/07/2016 18:47:15] /i 9043
[04/07/2016 18:47:16] /a 1
[04/07/2016 18:47:16] /a 1
[04/07/2016 18:47:17] /i 9043
[04/07/2016 18:47:18] /a 1
[04/07/2016 18:47:19] /a 1
[04/07/2016 18:47:19] /a 1
[04/07/2016 18:47:19] /a 1
[04/07/2016 18:47:19] /a 1
[04/07/2016 18:47:19] /a 1
[04/07/2016 18:47:36] /a 1
[04/07/2016 18:47:36] /a 1
[04/07/2016 18:47:36] /a 1
[04/07/2016 18:47:37] /a 1
[04/07/2016 18:47:37] /i 9043
[04/07/2016 18:47:40] /a 1
[04/07/2016 18:47:40] /a 1
[04/07/2016 18:47:40] /i 9043
[04/07/2016 18:47:51] /a 1
[04/07/2016 18:47:51] /a 1
[04/07/2016 18:47:52] /i 9043
[04/07/2016 18:47:53] /a 1
[04/07/2016 18:47:55] /a 1
[04/07/2016 18:47:56] /a 1
[04/07/2016 18:47:57] /i 9043
[04/07/2016 18:47:57] /a 1
[04/07/2016 18:47:57] /a 1
[04/07/2016 18:47:58] /i 9043
[04/07/2016 18:47:58] /a 1
[04/07/2016 18:47:59] /a 1
[04/07/2016 18:48:00] /i 9043
[04/07/2016 18:48:01] /a 1
[04/07/2016 18:48:01] /a 1
[04/07/2016 18:48:02] /i 9043
[04/07/2016 18:48:09] /a 1
[04/07/2016 18:48:10] /a 1
[04/07/2016 18:48:10] /i 9043
[04/07/2016 18:48:10] /a 1
[04/07/2016 18:48:11] /a 1
[04/07/2016 18:48:11] /i 9043
[04/07/2016 18:48:11] /a 1
[04/07/2016 18:48:12] /i 9043
[04/07/2016 18:48:12] /a 1
[04/07/2016 18:48:16] /a 1
[04/07/2016 18:48:17] /a 1
[04/07/2016 18:48:19] /a 1
[04/07/2016 18:48:20] /r
[04/07/2016 18:48:28] /i 9043
[04/07/2016 18:48:28] /a 1
[04/07/2016 18:48:29] /i 9043
[04/07/2016 18:48:30] /i 9043
[04/07/2016 18:48:30] /i 9043
[04/07/2016 18:48:31] /i 9043
[04/07/2016 18:48:31] /i 9043
[04/07/2016 18:48:31] /i 9043
[04/07/2016 18:48:31] /i 9043
[04/07/2016 18:48:32] /i 9043
[04/07/2016 18:48:32] /i 9043
[04/07/2016 18:48:32] /i 9043
[04/07/2016 18:48:32] /i 9043
[04/07/2016 18:48:32] /i 9043
[04/07/2016 18:48:32] /i 9043
[04/07/2016 18:48:32] /i 9043
[04/07/2016 18:48:32] /i 9043
[04/07/2016 18:48:32] /i 9043
[04/07/2016 18:48:32] /i 9043
[04/07/2016 18:48:32] /i 9043
[04/07/2016 18:48:32] /i 9043
[04/07/2016 18:48:32] /i 9043
[04/07/2016 18:48:32] /i 9043
[04/07/2016 18:48:32] /i 9043
[04/07/2016 18:48:32] /i 9043
[04/07/2016 18:48:32] /i 9043
[04/07/2016 18:48:32] /i 9043
[04/07/2016 18:48:32] /i 9043
[04/07/2016 18:48:32] /i 9043
[04/07/2016 18:48:32] /i 9043
[04/07/2016 18:48:35] /a 1
[04/07/2016 18:48:36] /a 1
[04/07/2016 18:48:36] /a 1
[04/07/2016 18:48:36] /a 1
[04/07/2016 18:48:37] /a 1
[04/07/2016 18:48:38] /a 1
[04/07/2016 18:48:48] /a 1
[04/07/2016 18:48:49] /i 9043
[04/07/2016 18:48:50] /i 9043
[04/07/2016 18:48:51] /a 1
[04/07/2016 18:48:51] /i 9043
[04/07/2016 18:48:52] /a 1
[04/07/2016 18:48:52] /a 1
[04/07/2016 18:48:52] /i 9043
[04/07/2016 18:48:54] /a 1
[04/07/2016 18:48:55] /a 1
[04/07/2016 18:48:57] /a 1
[04/07/2016 18:48:57] /a 1
[04/07/2016 18:48:57] /a 1
[04/07/2016 18:48:58] /a 1
[04/07/2016 18:48:58] /i 9043
[04/07/2016 18:48:59] /i 9043
[04/07/2016 18:48:59] /a 1
[04/07/2016 18:49:00] /i 9043
[04/07/2016 18:49:00] /a 1
[04/07/2016 18:49:00] /i 9043
[04/07/2016 18:49:00] /a 1
[04/07/2016 18:49:00] /i 9043
[04/07/2016 18:49:01] /a 1
[04/07/2016 18:49:01] /i 9043
[04/07/2016 18:49:01] /a 1
[04/07/2016 18:49:01] /i 9043
[04/07/2016 18:49:02] /a 1
[04/07/2016 18:49:02] /a 1
[04/07/2016 18:49:03] /a 1
[04/07/2016 18:49:04] /i 9043
[04/07/2016 18:49:07] /a 1
[04/07/2016 18:49:07] /a 1
[04/07/2016 18:49:08] /a 1
[04/07/2016 18:49:14] /a 1
[04/07/2016 18:49:15] /a 1
[04/07/2016 18:49:16] /i 9043
[04/07/2016 18:49:19] /a 1
[04/07/2016 18:49:20] /a 1
[04/07/2016 18:49:20] /a 1
[04/07/2016 18:49:31] /a 1
[04/07/2016 18:49:31] /a 1
[04/07/2016 18:49:37] /a 1
[04/07/2016 18:49:38] /a 1
[04/07/2016 18:49:39] /a 1
[04/07/2016 18:49:39] /i 9043
[04/07/2016 18:49:39] /a 1
[04/07/2016 18:49:39] /i 9043
[04/07/2016 18:49:40] /a 1
[04/07/2016 18:49:40] /i 9043
[04/07/2016 18:49:40] /a 1
[04/07/2016 18:49:40] /i 9043
[04/07/2016 18:49:40] /a 1
[04/07/2016 18:49:40] /i 9043
[04/07/2016 18:49:45] /a 1
[04/07/2016 18:49:45] /i 9043
[04/07/2016 18:49:48] /i 9043
[04/07/2016 18:49:48] /a 1
[04/07/2016 18:49:50] /i 9043
[04/07/2016 18:49:50] /a 1
[04/07/2016 18:49:51] /i 9043
[04/07/2016 18:49:51] /a 1
[04/07/2016 18:49:51] /i 9043
[04/07/2016 18:49:51] /a 1
[04/07/2016 18:49:52] /i 9043
[04/07/2016 18:49:52] /a 1
[04/07/2016 18:49:52] /i 9043
[04/07/2016 18:49:52] /a 1
[04/07/2016 18:49:52] /i 9043
[04/07/2016 18:49:52] /a 1
[04/07/2016 18:49:52] /i 9043
[04/07/2016 18:49:52] /a 1
[04/07/2016 18:49:55] /a 1
[04/07/2016 18:49:55] /i 9043
[04/07/2016 18:49:55] /a 1
[04/07/2016 18:49:55] /i 9043
[04/07/2016 18:49:55] /a 1
[04/07/2016 18:49:55] /i 9043
[04/07/2016 18:49:55] /a 1
[04/07/2016 18:49:56] /i 9043
[04/07/2016 18:49:56] /a 1
[04/07/2016 18:49:56] /i 9043
[04/07/2016 18:49:56] /a 1
[04/07/2016 18:49:56] /i 9043
[04/07/2016 18:49:56] /a 1
[04/07/2016 18:49:57] /a 1
[04/07/2016 18:49:58] /a 1
[04/07/2016 18:49:58] /a 1
[04/07/2016 18:49:58] /a 1
[04/07/2016 18:49:59] /a 1
[04/07/2016 18:49:59] /a 1
[04/07/2016 18:49:59] /i 9043
[04/07/2016 18:50:01] /i 9043
[04/07/2016 18:50:01] /a 1
[04/07/2016 18:50:01] /i 9043
[04/07/2016 18:50:01] /a 1
[04/07/2016 18:50:01] /a 1
[04/07/2016 18:50:02] /a 1
[04/07/2016 18:50:02] /a 1
[04/07/2016 18:50:02] /a 1
[04/07/2016 18:50:03] /a 1
[04/07/2016 18:50:03] /i 9043
[04/07/2016 18:50:04] /a 1
[04/07/2016 18:50:04] /i 9043
[04/07/2016 18:50:04] /a 1
[04/07/2016 18:50:04] /i 9043
[04/07/2016 18:50:04] /a 1
[04/07/2016 18:50:04] /i 9043
[04/07/2016 18:50:04] /a 1
[04/07/2016 18:50:05] /i 9043
[04/07/2016 18:50:05] /a 1
[04/07/2016 18:50:05] /i 9043
[04/07/2016 18:50:05] /a 1
[04/07/2016 18:50:05] /i 9043
[04/07/2016 18:50:05] /a 1
[04/07/2016 18:50:05] /i 9043
[04/07/2016 18:50:06] /i 9043
[04/07/2016 18:50:06] /a 1
[04/07/2016 18:50:07] /a 1
[04/07/2016 18:50:07] /i 9043
[04/07/2016 18:50:07] /a 1
[04/07/2016 18:50:08] /i 9043
[04/07/2016 18:50:08] /a 1
[04/07/2016 18:50:08] /i 9043
[04/07/2016 18:50:08] /a 1
[04/07/2016 18:50:08] /i 9043
[04/07/2016 18:50:08] /a 1
[04/07/2016 18:50:09] /i 9043
[04/07/2016 18:50:09] /i 9043
[04/07/2016 18:50:09] /a 1
[04/07/2016 18:50:10] /a 1
[04/07/2016 18:50:13] /i 9043
[04/07/2016 18:50:13] /a 1
[04/07/2016 18:50:15] /a 1
[04/07/2016 18:50:15] /i 9043
[04/07/2016 18:50:16] /i 9043
[04/07/2016 18:50:17] /a 1
[04/07/2016 18:50:17] /i 9043
[04/07/2016 18:50:19] /a 1
[04/07/2016 18:50:20] /a 1
[04/07/2016 18:50:21] /a 1
[04/07/2016 18:50:22] /i 9043
[04/07/2016 18:50:24] /a 1
[04/07/2016 18:50:24] /i 9043
[04/07/2016 18:50:24] /a 1
[04/07/2016 18:50:25] /i 9043
[04/07/2016 18:50:25] /a 1
[04/07/2016 18:50:25] /i 9043
[04/07/2016 18:50:25] /a 1
[04/07/2016 18:50:25] /i 9043
[04/07/2016 18:50:25] /a 1
[04/07/2016 18:50:26] /i 9043
[04/07/2016 18:50:26] /i 9043
[04/07/2016 18:50:27] /a 1
[04/07/2016 18:50:27] /i 9043
[04/07/2016 18:50:27] /a 1
[04/07/2016 18:50:29] /a 1
[04/07/2016 18:50:30] /a 1
[04/07/2016 18:50:30] /i 9043
[04/07/2016 18:50:33] /a 1
[04/07/2016 18:50:33] /i 9043
[04/07/2016 18:50:33] /i 9043
[04/07/2016 18:50:36] /a 1
[04/07/2016 18:50:37] /i 9043
[04/07/2016 18:50:38] /a 1
[04/07/2016 18:50:39] /i 9043
[04/07/2016 18:50:39] /a 1
[04/07/2016 18:50:39] /i 9043
[04/07/2016 18:50:39] /a 1
[04/07/2016 18:50:39] /i 9043
[04/07/2016 18:50:39] /a 1
[04/07/2016 18:50:39] /i 9043
[04/07/2016 18:50:40] /a 1
[04/07/2016 18:50:40] /i 9043
[04/07/2016 18:50:40] /a 1
[04/07/2016 18:50:41] /i 9043
[04/07/2016 18:50:41] /a 1
[04/07/2016 18:50:44] /a 1
[04/07/2016 18:50:44] /i 9043
[04/07/2016 18:50:45] /i 9043
[04/07/2016 18:50:45] /a 1
[04/07/2016 18:50:45] /i 9043
[04/07/2016 18:50:45] /a 1
[04/07/2016 18:50:45] /i 9043
[04/07/2016 18:50:46] /a 1
[04/07/2016 18:50:46] /i 9043
[04/07/2016 18:50:46] /a 1
[04/07/2016 18:50:46] /i 9043
[04/07/2016 18:50:46] /a 1
[04/07/2016 18:50:46] /i 9043
[04/07/2016 18:50:47] /i 9043
[04/07/2016 18:50:47] /a 1
[04/07/2016 18:50:48] /i 9043
[04/07/2016 18:50:48] /a 1
[04/07/2016 18:50:49] /i 9043
[04/07/2016 18:50:49] /a 1
[04/07/2016 18:50:50] /a 1
[04/07/2016 18:50:50] /i 9043
[04/07/2016 18:50:55] /a 1
[04/07/2016 18:50:55] /i 9043
[04/07/2016 18:50:56] /a 1
[04/07/2016 18:50:56] /i 9043
[04/07/2016 18:50:56] /a 1
[04/07/2016 18:50:56] /i 9043
[04/07/2016 18:50:57] /a 1
[04/07/2016 18:50:57] /i 9043
[04/07/2016 18:50:57] /a 1
[04/07/2016 18:50:57] /i 9043
[04/07/2016 18:50:57] /a 1
[04/07/2016 18:50:57] /i 9043
[04/07/2016 18:51:00] /i 9043
[04/07/2016 18:51:00] /a 1
[04/07/2016 18:51:00] /i 9043
[04/07/2016 18:51:00] /a 1
[04/07/2016 18:51:00] /i 9043
[04/07/2016 18:51:01] /a 1
[04/07/2016 18:51:01] /i 9043
[04/07/2016 18:51:01] /a 1
[04/07/2016 18:51:01] /i 9043
[04/07/2016 18:51:01] /a 1
[04/07/2016 18:51:01] /i 9043
[04/07/2016 18:51:01] /a 1
[04/07/2016 18:51:01] /i 9043
[04/07/2016 18:51:02] /a 1
[04/07/2016 18:51:02] /i 9043
[04/07/2016 18:51:02] /a 1
[04/07/2016 18:51:03] /a 1
[04/07/2016 18:51:04] /a 1
[04/07/2016 18:51:04] /i 9043
[04/07/2016 18:51:04] /a 1
[04/07/2016 18:51:04] /i 9043
[04/07/2016 18:51:05] /a 1
[04/07/2016 18:51:05] /i 9043
[04/07/2016 18:51:05] /a 1
[04/07/2016 18:51:05] /i 9043
[04/07/2016 18:51:05] /a 1
[04/07/2016 18:51:05] /i 9043
[04/07/2016 18:51:05] /a 1
[04/07/2016 18:51:06] /i 9043
[04/07/2016 18:51:06] /a 1
[04/07/2016 18:51:06] /i 9043
[04/07/2016 18:51:07] /i 9043
[04/07/2016 18:51:08] /i 9043
[04/07/2016 18:51:08] /a 1
[04/07/2016 18:51:08] /i 9043
[04/07/2016 18:51:08] /a 1
[04/07/2016 18:51:08] /i 9043
[04/07/2016 18:51:09] /a 1
[04/07/2016 18:51:09] /i 9043
[04/07/2016 18:51:10] /i 9043
[04/07/2016 18:51:10] /a 1
[04/07/2016 18:51:11] /i 9043
[04/07/2016 18:51:11] /a 1
[04/07/2016 18:51:12] /i 9043
[04/07/2016 18:51:12] /a 1
[04/07/2016 18:51:12] /i 9043
[04/07/2016 18:51:12] /a 1
[04/07/2016 18:51:12] /i 9043
[04/07/2016 18:51:13] /i 9043
[04/07/2016 18:51:13] /a 1
[04/07/2016 18:51:14] /i 9043
[04/07/2016 18:51:14] /a 1
[04/07/2016 18:51:15] /i 9043
[04/07/2016 18:51:15] /a 1
[04/07/2016 18:51:15] /i 9043
[04/07/2016 18:51:15] /i 9043
[04/07/2016 18:51:15] /a 1
[04/07/2016 18:51:16] /i 9043
[04/07/2016 18:51:17] /i 9043
[04/07/2016 18:51:17] /a 1
[04/07/2016 18:51:19] /i 9043
[04/07/2016 18:51:19] /a 1
[04/07/2016 18:51:19] /i 9043
[04/07/2016 18:51:20] /a 1
[04/07/2016 18:51:20] /i 9043
[04/07/2016 18:51:20] /a 1
[04/07/2016 18:51:21] /i 9043
[04/07/2016 18:51:23] /i 9043
[04/07/2016 18:51:23] /a 1
[04/07/2016 18:51:24] /i 9043
[04/07/2016 18:51:24] /a 1
[04/07/2016 18:51:28] /r
[04/07/2016 18:51:30] /i 9043
[04/07/2016 18:51:31] /a 1
[04/07/2016 18:51:31] /i 9043
[04/07/2016 18:51:31] /a 1
[04/07/2016 18:51:31] /i 9043
[04/07/2016 18:51:31] /a 1
[04/07/2016 18:51:32] /i 9043
[04/07/2016 18:51:32] /a 1
[04/07/2016 18:51:36] /i 9043
[04/07/2016 18:51:36] /a 1
[04/07/2016 18:51:38] /i 9043
[04/07/2016 18:51:39] /i 9043
[04/07/2016 18:51:39] /a 1
[04/07/2016 18:51:40] /i 9043
[04/07/2016 18:51:40] /a 1
[04/07/2016 18:51:41] /i 9043
[04/07/2016 18:51:41] /a 1
[04/07/2016 18:51:43] /a 1
[04/07/2016 18:51:46] /i 9043
[04/07/2016 18:51:46] /a 1
[04/07/2016 18:51:47] /i 9043
[04/07/2016 18:51:47] /a 1
[04/07/2016 18:51:48] /i 9043
[04/07/2016 18:51:48] /a 1
[04/07/2016 18:51:53] /a 1
[04/07/2016 18:51:53] /i 9043
[04/07/2016 18:51:54] /i 9043
[04/07/2016 18:51:55] /i 9043
[04/07/2016 18:51:55] /a 1
[04/07/2016 18:51:56] /i 9043
[04/07/2016 18:51:56] /a 1
[04/07/2016 18:51:56] /i 9043
[04/07/2016 18:51:57] /a 1
[04/07/2016 18:51:57] /i 9043
[04/07/2016 18:51:57] /a 1
[04/07/2016 18:51:58] /i 9043
[04/07/2016 18:51:58] /a 1
[04/07/2016 18:51:59] /i 9043
[04/07/2016 18:51:59] /a 1
[04/07/2016 18:51:59] /i 9043
[04/07/2016 18:51:59] /a 1
[04/07/2016 18:52:00] /i 9043
[04/07/2016 18:52:00] /a 1
[04/07/2016 18:52:00] /i 9043
[04/07/2016 18:52:00] /a 1
[04/07/2016 18:52:00] /i 9043
[04/07/2016 18:52:01] /a 1
[04/07/2016 18:52:01] /i 9043
[04/07/2016 18:52:01] /a 1
[04/07/2016 18:52:01] /i 9043
[04/07/2016 18:52:02] /i 9043
[04/07/2016 18:52:02] /a 1
[04/07/2016 18:52:03] /i 9043
[04/07/2016 18:52:05] /i 9043
[04/07/2016 18:52:06] /a 1
[04/07/2016 18:52:06] /i 9043
[04/07/2016 18:52:06] /a 1
[04/07/2016 18:52:07] /i 9043
[04/07/2016 18:52:07] /a 1
[04/07/2016 18:52:07] /i 9043
[04/07/2016 18:52:07] /a 1
[04/07/2016 18:52:08] /i 9043
[04/07/2016 18:52:08] /a 1
[04/07/2016 18:52:09] /i 9043
[04/07/2016 18:52:09] /a 1
[04/07/2016 18:52:09] /i 9043
[04/07/2016 18:52:09] /a 1
[04/07/2016 18:52:09] /i 9043
[04/07/2016 18:52:09] /a 1
[04/07/2016 18:52:10] /i 9043
[04/07/2016 18:52:10] /a 1
[04/07/2016 18:52:10] /i 9043
[04/07/2016 18:52:10] /a 1
[04/07/2016 18:52:12] /i 9043
[04/07/2016 18:52:12] /a 1
[04/07/2016 18:52:25] /m infernatil
[04/07/2016 18:52:27] /m infernatil
[04/07/2016 18:52:28] /m infernatil
[04/07/2016 18:52:28] /m infernatil
[04/07/2016 18:52:29] /m infernatil
[04/07/2016 18:52:40] /a 1
[04/07/2016 18:52:44] /a 1
[04/07/2016 18:52:48] /m infernatil
[04/07/2016 18:52:49] /a 1
[04/07/2016 18:52:50] /a 1
[04/07/2016 18:52:50] /a 1
[04/07/2016 18:52:51] /m infernatil
[04/07/2016 18:52:52] /m infernatil
[04/07/2016 18:52:54] /m infernatil
[04/07/2016 18:52:55] /a 1
[04/07/2016 18:52:56] /m infernatil
[04/07/2016 18:53:00] /m infernatil
[04/07/2016 18:53:00] /a 1
[04/07/2016 18:53:12] /a 1
[04/07/2016 18:53:13] /a 1
[04/07/2016 18:53:14] /i 9043
[04/07/2016 18:53:14] /a 1
[04/07/2016 18:53:17] /a 1
[04/07/2016 18:53:18] /a 1
[04/07/2016 18:53:19] /a 1
[04/07/2016 18:53:21] /m infernatil
[04/07/2016 18:53:22] /m infernatil
[04/07/2016 18:53:23] /a 1
[04/07/2016 18:53:24] /m infernatil
[04/07/2016 18:53:26] /a 1
[04/07/2016 18:53:27] /a 1
[04/07/2016 18:53:27] /a 1
[04/07/2016 18:53:28] /a 1
[04/07/2016 18:53:28] /a 1
[04/07/2016 18:53:31] /m infernatil
[04/07/2016 18:53:32] /a 1
[04/07/2016 18:53:33] /a 1
[04/07/2016 18:53:34] /a 1
[04/07/2016 18:53:35] /a 1
[04/07/2016 18:53:35] /a 1
[04/07/2016 18:53:35] /a 1
[04/07/2016 18:53:36] /a 1
[04/07/2016 18:53:36] /a 1
[04/07/2016 18:53:38] /m infernatil
[04/07/2016 18:53:39] /a 1
[04/07/2016 18:53:40] /m infernatil
[04/07/2016 18:53:42] /a 1
[04/07/2016 18:53:42] /a 1
[04/07/2016 18:53:43] /a 1
[04/07/2016 18:53:45] /m infernatil
[04/07/2016 18:53:46] /a 1
[04/07/2016 18:53:46] /a 1
[04/07/2016 18:53:47] /m infernatil
[04/07/2016 18:53:48] /a 1
[04/07/2016 18:53:48] /a 1
[04/07/2016 18:53:49] /m infernatil
[04/07/2016 18:53:50] /a 1
[04/07/2016 18:53:50] /a 1
[04/07/2016 18:53:51] /a 1
[04/07/2016 18:53:53] /m infernatil
[04/07/2016 18:53:55] /a 1
[04/07/2016 18:53:57] /a 1
[04/07/2016 18:54:00] /a 1
[04/07/2016 18:54:01] /a 1
[04/07/2016 18:54:02] /a 1
[04/07/2016 18:54:03] /a 1
[04/07/2016 18:54:03] /a 1
[04/07/2016 18:54:03] /a 1
[04/07/2016 18:54:03] /a 1
[04/07/2016 18:54:04] /a 1
[04/07/2016 18:54:04] /a 1
[04/07/2016 18:54:04] /a 1
[04/07/2016 18:54:04] /a 1
[04/07/2016 18:54:04] /a 1
[04/07/2016 18:54:04] /a 1
[04/07/2016 18:54:05] /a 1
[04/07/2016 18:54:05] /a 1
[04/07/2016 18:54:06] /a 1
[04/07/2016 18:54:07] /a 1
[04/07/2016 18:54:07] /a 1
[04/07/2016 18:54:08] /a 1
[04/07/2016 18:54:09] /a 1
[04/07/2016 18:54:09] /a 1
[04/07/2016 18:54:09] /a 1
[04/07/2016 18:54:09] /a 1
[04/07/2016 18:54:09] /a 1
[04/07/2016 18:54:09] /a 1
[04/07/2016 18:54:09] /a 1
[04/07/2016 18:54:09] /a 1
[04/07/2016 18:54:09] /a 1
[04/07/2016 18:54:09] /a 1
[04/07/2016 18:54:09] /a 1
[04/07/2016 18:54:09] /a 1
[04/07/2016 18:54:09] /a 1
[04/07/2016 18:54:09] /a 1
[04/07/2016 18:54:13] /m infernatil
[04/07/2016 18:54:22] /m infernatil
[04/07/2016 18:54:22] /m infernatil
[04/07/2016 18:54:23] /m infernatil
[04/07/2016 18:54:24] /m infernatil
[04/07/2016 18:54:46] /m infernatil
[04/07/2016 18:54:48] /m infernatil
[04/07/2016 18:54:49] /m infernatil
[04/07/2016 18:54:51] /m infernatil
[04/07/2016 18:54:52] /m infernatil
[04/07/2016 18:54:53] /a
[04/07/2016 18:54:56] /a 1
[04/07/2016 18:55:01] /a 1
[04/07/2016 18:55:02] /a 1
[04/07/2016 18:55:02] /a 1
[04/07/2016 18:55:04] /m infernatil
[04/07/2016 18:55:06] /m infernatil
[04/07/2016 18:55:07] /a 1
[04/07/2016 18:55:08] /a 1
[04/07/2016 18:55:08] /a 1
[04/07/2016 18:55:09] /a 1
[04/07/2016 18:55:09] /a 1
[04/07/2016 18:55:09] /a 1
[04/07/2016 18:55:10] /a 1
[04/07/2016 18:55:10] /a 1
[04/07/2016 18:55:11] /a 1
[04/07/2016 18:55:12] /a 1
[04/07/2016 18:55:14] /a 1
[04/07/2016 18:55:16] /r
[04/07/2016 18:55:17] /r
[04/07/2016 18:55:19] /a 1
[04/07/2016 18:55:19] /a 1
[04/07/2016 18:55:20] /a 1
[04/07/2016 18:55:20] /a 1
[04/07/2016 18:55:20] /a 1
[04/07/2016 18:55:20] /a 1
[04/07/2016 18:55:20] /a 1
[04/07/2016 18:55:20] /a 1
[04/07/2016 18:55:20] /a 1
[04/07/2016 18:55:20] /a 1
[04/07/2016 18:55:20] /a 1
[04/07/2016 18:55:20] /a 1
[04/07/2016 18:55:20] /a 1
[04/07/2016 18:55:20] /a 1
[04/07/2016 18:55:20] /a 1
[04/07/2016 18:55:20] /a 1
[04/07/2016 18:55:20] /a 1
[04/07/2016 18:55:20] /a 1
[04/07/2016 18:55:20] /a 1
[04/07/2016 18:55:20] /a 1
[04/07/2016 18:55:20] /a 1
[04/07/2016 18:55:21] /a 1
[04/07/2016 18:55:21] /a 1
[04/07/2016 18:55:21] /a 1
[04/07/2016 18:55:21] /a 1
[04/07/2016 18:55:21] /a 1
[04/07/2016 18:55:21] /a 1
[04/07/2016 18:55:21] /a 1
[04/07/2016 18:55:21] /a 1
[04/07/2016 18:55:21] /a 1
[04/07/2016 18:55:21] /a 1
[04/07/2016 18:55:21] /a 1
[04/07/2016 18:55:21] /a 1
[04/07/2016 18:55:21] /a 1
[04/07/2016 18:55:22] /a 1
[04/07/2016 18:55:23] /a 1
[04/07/2016 18:55:23] /a 1
[04/07/2016 18:55:23] /a 1
[04/07/2016 18:55:23] /a 1
[04/07/2016 18:55:23] /a 1
[04/07/2016 18:55:23] /a 1
[04/07/2016 18:55:23] /a 1
[04/07/2016 18:55:23] /a 1
[04/07/2016 18:55:23] /a 1
[04/07/2016 18:55:23] /a 1
[04/07/2016 18:55:23] /a 1
[04/07/2016 18:55:23] /a 1
[04/07/2016 18:55:23] /a 1
[04/07/2016 18:55:23] /a 1
[04/07/2016 18:55:23] /a 1
[04/07/2016 18:55:23] /a 1
[04/07/2016 18:55:23] /a 1
[04/07/2016 18:55:23] /a 1
[04/07/2016 18:55:23] /a 1
[04/07/2016 18:55:23] /a 1
[04/07/2016 18:55:23] /a 1
[04/07/2016 18:55:23] /a 1
[04/07/2016 18:55:24] /a 1
[04/07/2016 18:55:24] /a 1
[04/07/2016 18:55:24] /a 1
[04/07/2016 18:55:24] /a 1
[04/07/2016 18:55:24] /a 1
[04/07/2016 18:55:24] /a 1
[04/07/2016 18:55:24] /a 1
[04/07/2016 18:55:24] /a 1
[04/07/2016 18:55:24] /a 1
[04/07/2016 18:55:24] /a 1
[04/07/2016 18:55:25] /a 1
[04/07/2016 18:55:25] /a 1
[04/07/2016 18:55:25] /a 1
[04/07/2016 18:55:26] /a 1
[04/07/2016 18:55:26] /a 1
[04/07/2016 18:55:26] /a 1
[04/07/2016 18:55:26] /a 1
[04/07/2016 18:55:26] /a 1
[04/07/2016 18:55:26] /a 1
[04/07/2016 18:55:26] /a 1
[04/07/2016 18:55:26] /a 1
[04/07/2016 18:55:26] /a 1
[04/07/2016 18:55:26] /a 1
[04/07/2016 18:55:26] /a 1
[04/07/2016 18:55:26] /a 1
[04/07/2016 18:55:26] /a 1
[04/07/2016 18:55:26] /a 1
[04/07/2016 18:55:26] /a 1
[04/07/2016 18:55:26] /a 1
[04/07/2016 18:55:26] /a 1
[04/07/2016 18:55:26] /a 1
[04/07/2016 18:55:26] /a 1
[04/07/2016 18:55:26] /a 1
[04/07/2016 18:55:26] /a 1
[04/07/2016 18:55:26] /a 1
[04/07/2016 18:55:26] /a 1
[04/07/2016 18:55:26] /a 1
[04/07/2016 18:56:08] /a 3
[04/07/2016 18:56:22] /a 3
[04/07/2016 18:56:26] /a 1
[04/07/2016 18:56:27] /a 1
[04/07/2016 18:56:27] /a 1
[04/07/2016 18:56:27] /a 1
[04/07/2016 18:56:27] /a 1
[04/07/2016 18:56:27] /a 1
[04/07/2016 18:56:27] /a 1
[04/07/2016 18:56:27] /a 1
[04/07/2016 18:56:27] /a 1
[04/07/2016 18:56:27] /a 1
[04/07/2016 18:56:27] /a 1
[04/07/2016 18:56:27] /a 1
[04/07/2016 18:56:27] /a 1
[04/07/2016 18:56:27] /a 1
[04/07/2016 18:56:27] /a 1
[04/07/2016 18:56:27] /a 1
[04/07/2016 18:56:27] /a 1
[04/07/2016 18:56:27] /a 1
[04/07/2016 18:56:27] /a 1
[04/07/2016 18:56:27] /a 1
[04/07/2016 18:56:27] /a 1
[04/07/2016 18:56:28] /a 1
[04/07/2016 18:56:29] /a 1
[04/07/2016 18:56:29] /a 1
[04/07/2016 18:56:29] /a 1
[04/07/2016 18:56:29] /a 1
[04/07/2016 18:56:29] /a 1
[04/07/2016 18:56:29] /a 1
[04/07/2016 18:56:29] /a 1
[04/07/2016 18:56:29] /a 1
[04/07/2016 18:56:29] /a 1
[04/07/2016 18:56:29] /a 1
[04/07/2016 18:56:29] /a 1
[04/07/2016 18:56:29] /a 1
[04/07/2016 18:56:29] /a 1
[04/07/2016 18:56:29] /a 1
[04/07/2016 18:56:29] /a 1
[04/07/2016 18:56:29] /a 1
[04/07/2016 18:56:29] /a 1
[04/07/2016 18:56:29] /a 1
[04/07/2016 18:56:29] /a 1
[04/07/2016 18:56:29] /a 1
[04/07/2016 18:56:29] /a 1
[04/07/2016 18:56:29] /a 1
[04/07/2016 18:56:29] /a 1
[04/07/2016 18:56:29] /a 1
[04/07/2016 18:56:29] /a 1
[04/07/2016 18:56:29] /a 1
[04/07/2016 18:56:29] /a 1
[04/07/2016 18:56:29] /a 1
[04/07/2016 18:56:30] /a 1
[04/07/2016 18:56:31] /a 1
[04/07/2016 18:56:38] /a 1
[04/07/2016 18:56:39] /a 1
[04/07/2016 18:56:50] /i dout lure
[04/07/2016 18:57:03] /m Dont Lure
[04/07/2016 18:57:24] /a 1
[04/07/2016 18:57:26] /r
[04/07/2016 18:57:29] /r
[04/07/2016 18:57:42] /a 1
[04/07/2016 18:57:43] /a 1
[04/07/2016 18:57:43] /a 1
[04/07/2016 18:57:43] /a 1
[04/07/2016 18:57:43] /a 1
[04/07/2016 18:57:43] /a 1
[04/07/2016 18:57:43] /a 1
[04/07/2016 18:57:52] /m Dont Lure
[04/07/2016 18:57:53] /m Dont Lure
[04/07/2016 18:57:56] /m Dont Lure
[04/07/2016 18:57:58] /m Dont Lure
[04/07/2016 18:58:01] /m Dont Lure
[04/07/2016 18:58:02] /m Dont Lure
[04/07/2016 18:58:08] /m Dont Lure
[04/07/2016 18:58:10] /m Dont Lure
[04/07/2016 18:58:12] /a 1
[04/07/2016 18:58:13] /a 1
[04/07/2016 18:58:16] /a 
[04/07/2016 18:58:18] /m Dont Lure
[04/07/2016 18:58:21] /m Dont Lure
[04/07/2016 18:58:25] /t
[04/07/2016 18:58:48] /b galera fis a nova quest quem quizer ir manda fast
[04/07/2016 18:58:50] /b galera fis a nova quest quem quizer ir manda fast
[04/07/2016 18:59:08] /b galera fis a nova quest quem quizer ir manda fast quest de 3 = 2 negos
[04/07/2016 18:59:09] /b galera fis a nova quest quem quizer ir manda fast quest de 3 = 2 negos
[04/07/2016 18:59:12] /b galera fis a nova quest quem quizer ir manda fast quest de 3 = 2 negos
[04/07/2016 18:59:17] /b galera fis a nova quest quem quizer ir manda fast quest de 3 = 2 negos
[04/07/2016 18:59:37] /b galera fis a nova quest quem quizer ir manda fast quest de 3 = 2 negos
[04/07/2016 18:59:47] /b galera fis a nova quest quem quizer ir manda fast quest de 3 = 2 negos
[04/07/2016 19:00:03] /a 1
[04/07/2016 19:00:03] /a 1
[04/07/2016 19:00:04] /a 1
[04/07/2016 19:00:04] /a 1
[04/07/2016 19:00:04] /a 1
[04/07/2016 19:00:04] /a 1
[04/07/2016 19:00:04] /a 1
[04/07/2016 19:00:04] /a 1
[04/07/2016 19:00:04] /a 1
[04/07/2016 19:00:04] /a 1
[04/07/2016 19:00:04] /a 1
[04/07/2016 19:00:04] /a 1
[04/07/2016 19:00:04] /a 1
[04/07/2016 19:00:04] /a 1
[04/07/2016 19:00:04] /a 1
[04/07/2016 19:00:04] /a 1
[04/07/2016 19:00:04] /a 1
[04/07/2016 19:00:04] /a 1
[04/07/2016 19:00:04] /a 1
[04/07/2016 19:00:05] /a 1
[04/07/2016 19:00:05] /a 1
[04/07/2016 19:00:05] /a 1
[04/07/2016 19:00:05] /a 1
[04/07/2016 19:00:05] /a 1
[04/07/2016 19:00:05] /a 1
[04/07/2016 19:00:05] /a 1
[04/07/2016 19:00:05] /a 1
[04/07/2016 19:00:05] /a 1
[04/07/2016 19:00:05] /a 1
[04/07/2016 19:00:05] /a 1
[04/07/2016 19:00:05] /a 1
[04/07/2016 19:00:05] /a 1
[04/07/2016 19:00:05] /a 1
[04/07/2016 19:00:05] /a 1
[04/07/2016 19:00:05] /a 1
[04/07/2016 19:00:05] /a 1
[04/07/2016 19:00:05] /a 1
[04/07/2016 19:00:05] /a 1
[04/07/2016 19:00:05] /a 1
[04/07/2016 19:00:05] /a 1
[04/07/2016 19:00:05] /a 1
[04/07/2016 19:00:05] /a 1
[04/07/2016 19:00:05] /a 1
[04/07/2016 19:00:05] /a 1
[04/07/2016 19:00:05] /a 1
[04/07/2016 19:00:05] /a 1
[04/07/2016 19:00:05] /a 1
[04/07/2016 19:00:05] /a 1
[04/07/2016 19:00:05] /a 1
[04/07/2016 19:00:06] /a 1
[04/07/2016 19:00:06] /a 1
[04/07/2016 19:00:06] /a 1
[04/07/2016 19:00:06] /a 1
[04/07/2016 19:00:06] /a 1
[04/07/2016 19:00:06] /a 1
[04/07/2016 19:00:06] /a 1
[04/07/2016 19:00:06] /a 1
[04/07/2016 19:00:06] /a 1
[04/07/2016 19:00:06] /a 1
[04/07/2016 19:00:06] /a 1
[04/07/2016 19:00:06] /a 1
[04/07/2016 19:00:06] /a 1
[04/07/2016 19:00:06] /a 1
[04/07/2016 19:00:06] /a 1
[04/07/2016 19:00:06] /a 1
[04/07/2016 19:00:06] /a 1
[04/07/2016 19:00:06] /a 1
[04/07/2016 19:00:06] /a 1
[04/07/2016 19:00:06] /a 1
[04/07/2016 19:00:06] /a 1
[04/07/2016 19:00:06] /a 1
[04/07/2016 19:00:06] /a 1
[04/07/2016 19:00:06] /a 1
[04/07/2016 19:00:06] /a 1
[04/07/2016 19:00:06] /a 1
[04/07/2016 19:00:06] /a 1
[04/07/2016 19:00:07] /a 1
[04/07/2016 19:00:07] /a 1
[04/07/2016 19:00:07] /a 1
[04/07/2016 19:00:07] /a 1
[04/07/2016 19:00:07] /a 1
[04/07/2016 19:00:07] /a 1
[04/07/2016 19:00:07] /a 1
[04/07/2016 19:00:07] /a 1
[04/07/2016 19:00:07] /a 1
[04/07/2016 19:00:07] /a 1
[04/07/2016 19:00:07] /a 1
[04/07/2016 19:00:07] /a 1
[04/07/2016 19:00:07] /a 1
[04/07/2016 19:00:07] /a 1
[04/07/2016 19:00:07] /a 1
[04/07/2016 19:00:07] /a 1
[04/07/2016 19:00:07] /a 1
[04/07/2016 19:00:07] /a 1
[04/07/2016 19:00:07] /a 1
[04/07/2016 19:00:07] /a 1
[04/07/2016 19:00:07] /a 1
[04/07/2016 19:00:07] /a 1
[04/07/2016 19:00:07] /a 1
[04/07/2016 19:00:07] /a 1
[04/07/2016 19:00:07] /a 1
[04/07/2016 19:00:07] /a 1
[04/07/2016 19:00:07] /a 1
[04/07/2016 19:00:08] /a 1
[04/07/2016 19:00:08] /a 1
[04/07/2016 19:00:08] /a 1
[04/07/2016 19:00:08] /a 1
[04/07/2016 19:00:08] /a 1
[04/07/2016 19:00:08] /a 1
[04/07/2016 19:00:08] /a 1
[04/07/2016 19:00:08] /a 1
[04/07/2016 19:00:08] /a 1
[04/07/2016 19:00:08] /a 1
[04/07/2016 19:00:08] /a 1
[04/07/2016 19:00:08] /a 1
[04/07/2016 19:00:08] /a 1
[04/07/2016 19:00:08] /a 1
[04/07/2016 19:00:08] /a 1
[04/07/2016 19:00:08] /a 1
[04/07/2016 19:00:08] /a 1
[04/07/2016 19:00:08] /a 1
[04/07/2016 19:00:08] /a 1
[04/07/2016 19:00:08] /a 1
[04/07/2016 19:00:08] /a 1
[04/07/2016 19:00:08] /a 1
[04/07/2016 19:00:08] /a 1
[04/07/2016 19:00:08] /a 1
[04/07/2016 19:00:09] /a 1
[04/07/2016 19:00:09] /a 1
[04/07/2016 19:00:09] /a 1
[04/07/2016 19:00:09] /a 1
[04/07/2016 19:00:09] /a 1
[04/07/2016 19:00:09] /a 1
[04/07/2016 19:00:09] /a 1
[04/07/2016 19:00:09] /a 1
[04/07/2016 19:00:09] /a 1
[04/07/2016 19:00:09] /a 1
[04/07/2016 19:00:09] /a 1
[04/07/2016 19:00:09] /a 1
[04/07/2016 19:00:09] /a 1
[04/07/2016 19:00:09] /a 1
[04/07/2016 19:00:09] /a 1
[04/07/2016 19:00:09] /a 1
[04/07/2016 19:00:09] /a 1
[04/07/2016 19:00:09] /a 1
[04/07/2016 19:00:09] /a 1
[04/07/2016 19:00:09] /a 1
[04/07/2016 19:00:09] /a 1
[04/07/2016 19:00:09] /a 1
[04/07/2016 19:00:09] /a 1
[04/07/2016 19:00:09] /a 1
[04/07/2016 19:01:53] /a 1
[04/07/2016 19:17:34] /a 1
[04/07/2016 19:17:34] /a 1
[04/07/2016 19:17:34] /a 1
[04/07/2016 19:17:34] /a 1
[04/07/2016 19:17:34] /a 1
[04/07/2016 19:17:34] /a 1
[04/07/2016 19:17:35] /a 1
[04/07/2016 19:17:35] /a 1
[04/07/2016 19:17:35] /a 1
[04/07/2016 19:17:35] /a 1
[04/07/2016 19:17:35] /a 1
[04/07/2016 19:17:35] /a 1
[04/07/2016 19:17:35] /a 1
[04/07/2016 19:17:35] /a 1
[04/07/2016 19:17:35] /a 1
[04/07/2016 19:17:35] /a 1
[04/07/2016 19:17:35] /a 1
[04/07/2016 19:17:35] /a 1
[04/07/2016 19:17:35] /a 1
[04/07/2016 19:17:35] /a 1
[04/07/2016 19:17:38] /a 1
[04/07/2016 19:17:38] /a 1
[04/07/2016 19:17:38] /a 1
[04/07/2016 19:17:39] /a 1
[04/07/2016 19:17:39] /a 1
[04/07/2016 19:17:46] /a 1
[04/07/2016 19:17:46] /a 1
[04/07/2016 19:17:47] /a 1
[04/07/2016 19:17:49] /a 1
[04/07/2016 19:17:49] /a 1
[04/07/2016 19:17:49] /a 1
[04/07/2016 19:17:49] /a 1
[04/07/2016 19:17:49] /a 1
[04/07/2016 19:17:49] /a 1
[04/07/2016 19:17:50] /a 1
[04/07/2016 19:17:50] /a 1
[04/07/2016 19:17:50] /a 1
[04/07/2016 19:17:50] /a 1
[04/07/2016 19:17:50] /a 1
[04/07/2016 19:17:50] /a 1
[04/07/2016 19:17:50] /a 1
[04/07/2016 19:17:50] /a 1
[04/07/2016 19:17:50] /a 1
[04/07/2016 19:17:50] /a 1
[04/07/2016 19:17:50] /a 1
[04/07/2016 19:17:50] /a 1
[04/07/2016 19:17:50] /a 1
[04/07/2016 19:17:50] /a 1
[04/07/2016 19:17:50] /a 1
[04/07/2016 19:17:51] /a 1
[04/07/2016 19:17:51] /a 1
[04/07/2016 19:17:51] /a 1
[04/07/2016 19:17:51] /a 1
[04/07/2016 19:17:51] /a 1
[04/07/2016 19:17:51] /a 1
[04/07/2016 19:17:51] /a 1
[04/07/2016 19:17:51] /a 1
[04/07/2016 19:17:51] /a 1
[04/07/2016 19:17:51] /a 1
[04/07/2016 19:17:51] /a 1
[04/07/2016 19:17:51] /a 1
[04/07/2016 19:17:51] /a 1
[04/07/2016 19:17:51] /a 1
[04/07/2016 19:17:51] /a 1
[04/07/2016 19:17:53] /a 1
[04/07/2016 19:17:53] /a 1
[04/07/2016 19:17:53] /a 1
[04/07/2016 19:17:54] /a 1
