[06/07/2016 13:19:44] /a 1
[06/07/2016 13:19:46] /a 1
[06/07/2016 13:19:46] /a 1
[06/07/2016 13:19:47] /a 1
[06/07/2016 13:25:17] /a 1
[06/07/2016 13:25:18] /a 1
[06/07/2016 13:25:23] /a 1
[06/07/2016 13:26:10] /i Yalahari Leg Piece
[06/07/2016 13:26:25] /i Yalahari armor
[06/07/2016 13:26:33] /i Yalahari mask
[06/07/2016 13:26:53] /i Firewalker Boots
[06/07/2016 13:27:21] /a 3
[06/07/2016 13:28:12] /i Kosheis Ancient Amulet
[06/07/2016 13:28:21] /i donate staff
[06/07/2016 13:28:40] /i domon cackpack
[06/07/2016 13:28:47] /i domon backpack
[06/07/2016 13:28:58] /i 10518
[06/07/2016 13:29:45] /i crystal coins
[06/07/2016 13:29:58] /i crystal coins
[06/07/2016 13:30:08] /i 2160
[06/07/2016 13:30:21] /i 2157
[06/07/2016 13:30:22] /i 2157
[06/07/2016 13:30:23] /i 2157
[06/07/2016 13:30:23] /i 2157
[06/07/2016 13:30:24] /i 2157
[06/07/2016 13:30:24] /i 2157
[06/07/2016 13:30:25] /i 2157
[06/07/2016 13:30:26] /i 2157
[06/07/2016 13:31:36] /a 
[06/07/2016 13:34:32] /b galera aki e o cm biel eu vo ficar afk
[06/07/2016 13:34:48] /b eu vo sair depois volto
