[05/07/2016 23:35:45] /t
[05/07/2016 23:35:53] /a 3
[05/07/2016 23:35:54] /a 3
[05/07/2016 23:35:54] /a 3
[05/07/2016 23:35:54] /a 3
[05/07/2016 23:35:55] /a 3
[05/07/2016 23:36:25] /i supreme arco
[05/07/2016 23:36:41] /i supreme staff
[05/07/2016 23:37:02] /a 1
[05/07/2016 23:37:13] /ghost
[05/07/2016 23:37:31] /a 3
[05/07/2016 23:38:16] /i supreme sword
[05/07/2016 23:38:50] /i supreme robe
[05/07/2016 23:38:54] /i supreme hat
[05/07/2016 23:39:00] /i supreme short
[05/07/2016 23:39:07] /i supreme boots
[05/07/2016 23:39:15] /i supreme livro
[05/07/2016 23:39:49] /a 3
[05/07/2016 23:39:58] /m treiner
[05/07/2016 23:40:03] /r
[05/07/2016 23:41:24] /c {adm} blackjack
[05/07/2016 23:41:26] /c {adm} blackjack
[05/07/2016 23:41:27] /c {adm} blackjack
[05/07/2016 23:41:28] /c {adm} blackjack
[05/07/2016 23:41:30] /c {adm} blackjack
[05/07/2016 23:41:39] /m treiner
[05/07/2016 23:41:41] /r
[05/07/2016 23:41:51] /goto tibia
[05/07/2016 23:42:03] /a 100
[05/07/2016 23:42:04] /a 100
[05/07/2016 23:42:05] /a 100
[05/07/2016 23:42:06] /a 100
[05/07/2016 23:42:07] /a 100
[05/07/2016 23:42:10] /a 1
[05/07/2016 23:42:20] /i addon doll
[05/07/2016 23:42:43] /ghost
[05/07/2016 23:42:44] /ghost
[05/07/2016 23:42:45] /ghost
[05/07/2016 23:42:45] /ghost
[05/07/2016 23:42:46] /ghost
[05/07/2016 23:42:46] /ghost
[05/07/2016 23:43:28] /ghost
[05/07/2016 23:43:30] /ghost
[05/07/2016 23:43:38] /m treiner
[05/07/2016 23:43:44] /r
[05/07/2016 23:43:52] /a 1
[05/07/2016 23:43:54] /a 1
[06/07/2016 11:51:49] /a 3
[06/07/2016 11:51:50] /a 3
[06/07/2016 11:53:11] /ghost
[06/07/2016 11:54:59] /ghost
[06/07/2016 11:58:55] /a
[06/07/2016 11:58:58] /a
[06/07/2016 11:58:59] /a
[06/07/2016 11:58:59] /a
[06/07/2016 11:59:00] /a
[06/07/2016 11:59:02] /a 3
[06/07/2016 11:59:08] /a 3
[06/07/2016 11:59:26] /ghost
[06/07/2016 11:59:27] /ghost
[06/07/2016 11:59:28] /ghost
[06/07/2016 11:59:28] /ghost
[06/07/2016 11:59:37] /a 3
[06/07/2016 11:59:47] /i supreme vip
[06/07/2016 11:59:49] /i supreme vip
[06/07/2016 11:59:50] /i supreme vip
[06/07/2016 11:59:50] /i supreme vip
[06/07/2016 11:59:51] /i supreme vip
[06/07/2016 11:59:51] /i supreme vip
[06/07/2016 11:59:52] /i supreme vip
[06/07/2016 11:59:54] /i supreme vip
[06/07/2016 11:59:55] /i supreme vip
[06/07/2016 12:00:00] /a 3
[06/07/2016 12:00:20] /a 10
[06/07/2016 12:00:21] /a 10
[06/07/2016 12:00:24] /a 13
[06/07/2016 12:00:28] /a 1
[06/07/2016 12:00:29] /a 1
[06/07/2016 12:00:30] /a 1
[06/07/2016 12:00:30] /a 1
[06/07/2016 12:00:31] /a 1
[06/07/2016 12:00:31] /a 1
[06/07/2016 12:00:32] /a 1
[06/07/2016 12:10:14] /a i
[06/07/2016 12:10:22] /ghost
[06/07/2016 12:10:35] /mc
[06/07/2016 12:11:20] /b galera quem tiver de mc leva delet
[06/07/2016 12:11:23] /b galera quem tiver de mc leva delet
[06/07/2016 12:11:24] /b galera quem tiver de mc leva delet
[06/07/2016 12:11:26] /b galera quem tiver de mc leva delet
[06/07/2016 12:11:36] /goto adm lee sin
[06/07/2016 12:12:08] /t
[06/07/2016 12:12:12] /a 1
[06/07/2016 12:12:34] /a 100
[06/07/2016 12:12:38] /a 100
[06/07/2016 12:12:44] /a 100
[06/07/2016 12:12:45] /a 100
[06/07/2016 12:12:47] /a 100
[06/07/2016 12:12:47] /a 100
[06/07/2016 12:12:48] /a 100
[06/07/2016 12:13:09] /m treiner
[06/07/2016 12:13:24] /a 1
[06/07/2016 12:15:08] /a
[06/07/2016 12:15:45] /a 1
[06/07/2016 12:15:46] /a 1
[06/07/2016 12:15:46] /a 1
[06/07/2016 12:15:46] /a 1
[06/07/2016 12:15:46] /a 1
[06/07/2016 12:15:46] /a 1
[06/07/2016 12:15:46] /a 1
[06/07/2016 12:15:46] /a 1
[06/07/2016 12:15:46] /a 1
[06/07/2016 12:15:46] /a 1
[06/07/2016 12:15:46] /a 1
[06/07/2016 12:15:46] /a 1
[06/07/2016 12:15:46] /a 1
[06/07/2016 12:15:46] /a 1
[06/07/2016 12:15:48] /a 1
[06/07/2016 12:15:48] /a 1
[06/07/2016 12:15:49] /a 1
[06/07/2016 12:15:49] /a 1
[06/07/2016 12:15:49] /a 1
[06/07/2016 12:15:49] /a 1
[06/07/2016 12:15:49] /a 1
[06/07/2016 12:15:49] /a 1
[06/07/2016 12:15:49] /a 1
[06/07/2016 12:15:49] /a 1
[06/07/2016 12:15:49] /a 1
[06/07/2016 12:15:49] /a 1
[06/07/2016 12:15:49] /a 1
[06/07/2016 12:15:49] /a 1
[06/07/2016 12:15:49] /a 1
[06/07/2016 12:15:49] /a 1
[06/07/2016 12:15:49] /a 1
[06/07/2016 12:15:49] /a 1
[06/07/2016 12:15:49] /a 1
[06/07/2016 12:15:49] /a 1
[06/07/2016 12:15:49] /a 1
[06/07/2016 12:15:49] /a 1
[06/07/2016 12:15:49] /a 1
[06/07/2016 12:15:49] /a 1
[06/07/2016 12:15:49] /a 1
[06/07/2016 12:15:49] /a 1
[06/07/2016 12:15:49] /a 1
[06/07/2016 12:15:49] /a 1
[06/07/2016 12:15:49] /a 1
[06/07/2016 12:15:49] /a 1
[06/07/2016 12:15:49] /a 1
[06/07/2016 12:15:49] /a 1
[06/07/2016 12:15:49] /a 1
[06/07/2016 12:15:49] /a 1
[06/07/2016 12:15:49] /a 1
[06/07/2016 12:15:50] /a 1
[06/07/2016 12:15:50] /a 1
[06/07/2016 12:15:50] /a 1
[06/07/2016 12:15:50] /a 1
[06/07/2016 12:15:50] /a 1
[06/07/2016 12:15:50] /a 1
[06/07/2016 12:15:50] /a 1
[06/07/2016 12:15:50] /a 1
[06/07/2016 12:15:50] /a 1
[06/07/2016 12:15:50] /a 1
[06/07/2016 12:15:50] /a 1
[06/07/2016 12:15:50] /a 1
[06/07/2016 12:15:50] /a 1
[06/07/2016 12:15:50] /a 1
[06/07/2016 12:15:50] /a 1
[06/07/2016 12:15:50] /a 1
[06/07/2016 12:15:50] /a 1
[06/07/2016 12:15:50] /a 1
[06/07/2016 12:15:50] /a 1
[06/07/2016 12:15:50] /a 1
[06/07/2016 12:15:50] /a 1
[06/07/2016 12:15:50] /a 1
[06/07/2016 12:15:50] /a 1
[06/07/2016 12:15:50] /a 1
[06/07/2016 12:15:50] /a 1
[06/07/2016 12:15:50] /a 1
[06/07/2016 12:15:50] /a 1
[06/07/2016 12:15:50] /a 1
[06/07/2016 12:15:50] /a 1
[06/07/2016 12:15:50] /a 1
[06/07/2016 12:15:50] /a 1
[06/07/2016 12:15:51] /a 1
[06/07/2016 12:15:51] /a 1
[06/07/2016 12:15:51] /a 1
[06/07/2016 12:15:51] /a 1
[06/07/2016 12:15:51] /a 1
[06/07/2016 12:15:51] /a 1
[06/07/2016 12:15:51] /a 1
[06/07/2016 12:15:51] /a 1
[06/07/2016 12:15:51] /a 1
[06/07/2016 12:15:51] /a 1
[06/07/2016 12:15:51] /a 1
[06/07/2016 12:15:51] /a 1
[06/07/2016 12:15:51] /a 1
[06/07/2016 12:15:51] /a 1
[06/07/2016 12:15:51] /a 1
[06/07/2016 12:15:51] /a 1
[06/07/2016 12:15:51] /a 1
[06/07/2016 12:15:51] /a 1
[06/07/2016 12:15:51] /a 1
[06/07/2016 12:15:51] /a 1
[06/07/2016 12:15:51] /a 1
[06/07/2016 12:15:51] /a 1
[06/07/2016 12:15:51] /a 1
[06/07/2016 12:15:51] /a 1
[06/07/2016 12:15:51] /a 1
[06/07/2016 12:15:51] /a 1
[06/07/2016 12:15:51] /a 1
[06/07/2016 12:15:51] /a 1
[06/07/2016 12:15:51] /a 1
[06/07/2016 12:15:51] /a 1
[06/07/2016 12:15:51] /a 1
[06/07/2016 12:15:51] /a 1
[06/07/2016 12:15:52] /a 1
[06/07/2016 12:15:52] /a 1
[06/07/2016 12:15:52] /a 1
[06/07/2016 12:15:52] /a 1
[06/07/2016 12:15:52] /a 1
[06/07/2016 12:15:52] /a 1
[06/07/2016 12:15:52] /a 1
[06/07/2016 12:15:52] /a 1
[06/07/2016 12:15:52] /a 1
[06/07/2016 12:15:52] /a 1
[06/07/2016 12:15:52] /a 1
[06/07/2016 12:15:52] /a 1
[06/07/2016 12:15:52] /a 1
[06/07/2016 12:15:52] /a 1
[06/07/2016 12:15:52] /a 1
[06/07/2016 12:15:52] /a 1
[06/07/2016 12:15:52] /a 1
[06/07/2016 12:15:52] /a 1
[06/07/2016 12:15:52] /a 1
[06/07/2016 12:15:52] /a 1
[06/07/2016 12:15:52] /a 1
[06/07/2016 12:15:52] /a 1
[06/07/2016 12:15:52] /a 1
[06/07/2016 12:15:52] /a 1
[06/07/2016 12:15:52] /a 1
[06/07/2016 12:15:52] /a 1
[06/07/2016 12:15:52] /a 1
[06/07/2016 12:15:52] /a 1
[06/07/2016 12:15:52] /a 1
[06/07/2016 12:15:52] /a 1
[06/07/2016 12:15:53] /a 1
[06/07/2016 12:15:53] /a 1
[06/07/2016 12:15:53] /a 1
[06/07/2016 12:15:53] /a 1
[06/07/2016 12:15:53] /a 1
[06/07/2016 12:15:53] /a 1
[06/07/2016 12:15:53] /a 1
[06/07/2016 12:15:53] /a 1
[06/07/2016 12:15:53] /a 1
[06/07/2016 12:15:53] /a 1
[06/07/2016 12:15:53] /a 1
[06/07/2016 12:15:53] /a 1
[06/07/2016 12:15:53] /a 1
[06/07/2016 12:15:53] /a 1
[06/07/2016 12:15:53] /a 1
[06/07/2016 12:15:53] /a 1
[06/07/2016 12:15:53] /a 1
[06/07/2016 12:15:53] /a 1
[06/07/2016 12:15:53] /a 1
[06/07/2016 12:15:53] /a 1
[06/07/2016 12:15:53] /a 1
[06/07/2016 12:15:53] /a 1
[06/07/2016 12:15:53] /a 1
[06/07/2016 12:15:53] /a 1
[06/07/2016 12:15:53] /a 1
[06/07/2016 12:15:53] /a 1
[06/07/2016 12:15:53] /a 1
[06/07/2016 12:15:53] /a 1
[06/07/2016 12:15:53] /a 1
[06/07/2016 12:15:53] /a 1
[06/07/2016 12:15:53] /a 1
[06/07/2016 12:15:53] /a 1
[06/07/2016 12:15:54] /a 1
[06/07/2016 12:15:54] /a 1
[06/07/2016 12:15:54] /a 1
[06/07/2016 12:15:54] /a 1
[06/07/2016 12:15:54] /a 1
[06/07/2016 12:15:54] /a 1
[06/07/2016 12:15:54] /a 1
[06/07/2016 12:15:54] /a 1
[06/07/2016 12:15:54] /a 1
[06/07/2016 12:15:54] /a 1
[06/07/2016 12:15:54] /a 1
[06/07/2016 12:15:54] /a 1
[06/07/2016 12:15:54] /a 1
[06/07/2016 12:15:54] /a 1
[06/07/2016 12:15:54] /a 1
[06/07/2016 12:15:54] /a 1
[06/07/2016 12:15:54] /a 1
[06/07/2016 12:15:54] /a 1
[06/07/2016 12:15:54] /a 1
[06/07/2016 12:15:54] /a 1
[06/07/2016 12:15:54] /a 1
[06/07/2016 12:15:54] /a 1
[06/07/2016 12:15:54] /a 1
[06/07/2016 12:15:54] /a 1
[06/07/2016 12:15:54] /a 1
[06/07/2016 12:15:54] /a 1
[06/07/2016 12:15:54] /a 1
[06/07/2016 12:15:54] /a 1
[06/07/2016 12:15:54] /a 1
[06/07/2016 12:15:54] /a 1
[06/07/2016 12:15:54] /a 1
[06/07/2016 12:15:55] /a 1
[06/07/2016 12:15:55] /a 1
[06/07/2016 12:15:55] /a 1
[06/07/2016 12:15:55] /a 1
[06/07/2016 12:15:55] /a 1
[06/07/2016 12:15:55] /a 1
[06/07/2016 12:15:55] /a 1
[06/07/2016 12:15:55] /a 1
[06/07/2016 12:15:55] /a 1
[06/07/2016 12:15:55] /a 1
[06/07/2016 12:15:55] /a 1
[06/07/2016 12:15:55] /a 1
[06/07/2016 12:15:55] /a 1
[06/07/2016 12:15:55] /a 1
[06/07/2016 12:15:55] /a 1
[06/07/2016 12:15:55] /a 1
[06/07/2016 12:15:55] /a 1
[06/07/2016 12:15:55] /a 1
[06/07/2016 12:15:55] /a 1
[06/07/2016 12:15:55] /a 1
[06/07/2016 12:15:55] /a 1
[06/07/2016 12:15:55] /a 1
[06/07/2016 12:15:55] /a 1
[06/07/2016 12:15:55] /a 1
[06/07/2016 12:15:55] /a 1
[06/07/2016 12:15:55] /a 1
[06/07/2016 12:15:55] /a 1
[06/07/2016 12:15:55] /a 1
[06/07/2016 12:15:55] /a 1
[06/07/2016 12:15:55] /a 1
[06/07/2016 12:15:55] /a 1
[06/07/2016 12:15:55] /a 1
[06/07/2016 12:15:56] /a 1
[06/07/2016 12:15:56] /a 1
[06/07/2016 12:15:56] /a 1
[06/07/2016 12:15:56] /a 1
[06/07/2016 12:15:56] /a 1
[06/07/2016 12:15:56] /a 1
[06/07/2016 12:15:56] /a 1
[06/07/2016 12:15:56] /a 1
[06/07/2016 12:15:56] /a 1
[06/07/2016 12:15:56] /a 1
[06/07/2016 12:15:56] /a 1
[06/07/2016 12:15:56] /a 1
[06/07/2016 12:15:56] /a 1
[06/07/2016 12:15:56] /a 1
[06/07/2016 12:15:56] /a 1
[06/07/2016 12:15:56] /a 1
[06/07/2016 12:15:56] /a 1
[06/07/2016 12:15:56] /a 1
[06/07/2016 12:15:56] /a 1
[06/07/2016 12:15:56] /a 1
[06/07/2016 12:15:56] /a 1
[06/07/2016 12:15:56] /a 1
[06/07/2016 12:15:56] /a 1
[06/07/2016 12:15:56] /a 1
[06/07/2016 12:15:56] /a 1
[06/07/2016 12:15:56] /a 1
[06/07/2016 12:15:56] /a 1
[06/07/2016 12:15:56] /a 1
[06/07/2016 12:15:56] /a 1
[06/07/2016 12:15:56] /a 1
[06/07/2016 12:15:56] /a 1
[06/07/2016 12:15:57] /a 1
[06/07/2016 12:15:57] /a 1
[06/07/2016 12:15:57] /a 1
[06/07/2016 12:15:57] /a 1
[06/07/2016 12:15:57] /a 1
[06/07/2016 12:15:57] /a 1
[06/07/2016 12:15:57] /a 1
[06/07/2016 12:15:57] /a 1
[06/07/2016 12:15:57] /a 1
[06/07/2016 12:15:57] /a 1
[06/07/2016 12:15:57] /a 1
[06/07/2016 12:15:57] /a 1
[06/07/2016 12:15:57] /a 1
[06/07/2016 12:15:57] /a 1
[06/07/2016 12:15:57] /a 1
[06/07/2016 12:15:57] /a 1
[06/07/2016 12:15:57] /a 1
[06/07/2016 12:15:57] /a 1
[06/07/2016 12:15:57] /a 1
[06/07/2016 12:15:57] /a 1
[06/07/2016 12:15:57] /a 1
[06/07/2016 12:15:57] /a 1
[06/07/2016 12:15:57] /a 1
[06/07/2016 12:15:57] /a 1
[06/07/2016 12:15:57] /a 1
[06/07/2016 12:15:57] /a 1
[06/07/2016 12:15:57] /a 1
[06/07/2016 12:15:57] /a 1
[06/07/2016 12:15:57] /a 1
[06/07/2016 12:15:57] /a 1
[06/07/2016 12:15:57] /a 1
[06/07/2016 12:15:57] /a 1
[06/07/2016 12:15:58] /a 1
[06/07/2016 12:15:58] /a 1
[06/07/2016 12:15:58] /a 1
[06/07/2016 12:15:58] /a 1
[06/07/2016 12:15:58] /a 1
[06/07/2016 12:15:58] /a 1
[06/07/2016 12:15:58] /a 1
[06/07/2016 12:15:58] /a 1
[06/07/2016 12:15:58] /a 1
[06/07/2016 12:15:58] /a 1
[06/07/2016 12:15:58] /a 1
[06/07/2016 12:15:58] /a 1
[06/07/2016 12:15:58] /a 1
[06/07/2016 12:15:58] /a 1
[06/07/2016 12:15:58] /a 1
[06/07/2016 12:15:58] /a 1
[06/07/2016 12:15:58] /a 1
[06/07/2016 12:15:58] /a 1
[06/07/2016 12:15:58] /a 1
[06/07/2016 12:15:58] /a 1
[06/07/2016 12:15:58] /a 1
[06/07/2016 12:15:58] /a 1
[06/07/2016 12:15:58] /a 1
[06/07/2016 12:15:58] /a 1
[06/07/2016 12:15:58] /a 1
[06/07/2016 12:15:58] /a 1
[06/07/2016 12:15:58] /a 1
[06/07/2016 12:15:58] /a 1
[06/07/2016 12:15:58] /a 1
[06/07/2016 12:15:58] /a 1
[06/07/2016 12:15:58] /a 1
[06/07/2016 12:15:58] /a 1
[06/07/2016 12:15:59] /a 1
[06/07/2016 12:15:59] /a 1
[06/07/2016 12:15:59] /a 1
[06/07/2016 12:15:59] /a 1
[06/07/2016 12:15:59] /a 1
[06/07/2016 12:15:59] /a 1
[06/07/2016 12:15:59] /a 1
[06/07/2016 12:15:59] /a 1
[06/07/2016 12:15:59] /a 1
[06/07/2016 12:15:59] /a 1
[06/07/2016 12:15:59] /a 1
[06/07/2016 12:15:59] /a 1
[06/07/2016 12:15:59] /a 1
[06/07/2016 12:15:59] /a 1
[06/07/2016 12:15:59] /a 1
[06/07/2016 12:15:59] /a 1
[06/07/2016 12:15:59] /a 1
[06/07/2016 12:15:59] /a 1
[06/07/2016 12:15:59] /a 1
[06/07/2016 12:15:59] /a 1
[06/07/2016 12:15:59] /a 1
[06/07/2016 12:15:59] /a 1
[06/07/2016 12:15:59] /a 1
[06/07/2016 12:15:59] /a 1
[06/07/2016 12:15:59] /a 1
[06/07/2016 12:16:00] /a 1
[06/07/2016 12:16:01] /a 1
[06/07/2016 12:16:01] /a 1
[06/07/2016 12:16:01] /a 1
[06/07/2016 12:16:01] /a 1
[06/07/2016 12:16:01] /a 1
[06/07/2016 12:16:01] /a 1
[06/07/2016 12:16:01] /a 1
[06/07/2016 12:16:01] /a 1
[06/07/2016 12:16:01] /a 1
[06/07/2016 12:16:01] /a 1
[06/07/2016 12:16:01] /a 1
[06/07/2016 12:16:01] /a 1
[06/07/2016 12:16:01] /a 1
[06/07/2016 12:16:02] /a 1
[06/07/2016 12:16:02] /a 1
[06/07/2016 12:16:02] /a 1
[06/07/2016 12:16:02] /a 1
[06/07/2016 12:16:02] /a 1
[06/07/2016 12:16:02] /a 1
[06/07/2016 12:16:02] /a 1
[06/07/2016 12:16:02] /a 1
[06/07/2016 12:16:02] /a 1
[06/07/2016 12:16:02] /a 1
[06/07/2016 12:16:02] /a 1
[06/07/2016 12:16:02] /a 1
[06/07/2016 12:16:02] /a 1
[06/07/2016 12:16:02] /a 1
[06/07/2016 12:16:02] /a 1
[06/07/2016 12:16:02] /a 1
[06/07/2016 12:16:02] /a 1
[06/07/2016 12:16:02] /a 1
[06/07/2016 12:16:02] /a 1
[06/07/2016 12:16:02] /a 1
[06/07/2016 12:16:02] /a 1
[06/07/2016 12:16:02] /a 1
[06/07/2016 12:16:02] /a 1
[06/07/2016 12:16:02] /a 1
[06/07/2016 12:16:02] /a 1
[06/07/2016 12:16:04] /a 1
[06/07/2016 12:16:04] /a 1
[06/07/2016 12:16:04] /a 1
[06/07/2016 12:16:04] /a 1
[06/07/2016 12:16:04] /a 1
[06/07/2016 12:16:04] /a 1
[06/07/2016 12:16:04] /a 1
[06/07/2016 12:16:05] /a 1
[06/07/2016 12:16:05] /a 1
[06/07/2016 12:16:05] /a 1
[06/07/2016 12:16:05] /a 1
[06/07/2016 12:16:05] /a 1
[06/07/2016 12:16:05] /a 1
[06/07/2016 12:16:05] /a 1
[06/07/2016 12:16:05] /a 1
[06/07/2016 12:16:06] /a 1
[06/07/2016 12:16:07] /a 1
[06/07/2016 12:16:08] /a 1
[06/07/2016 12:16:08] /a 1
[06/07/2016 12:16:08] /a 1
[06/07/2016 12:16:08] /a 1
[06/07/2016 12:16:09] /a 1
[06/07/2016 12:16:09] /a 1
[06/07/2016 12:16:10] /a 1
[06/07/2016 12:16:11] /a 1
[06/07/2016 12:16:11] /a 1
[06/07/2016 12:16:11] /a 1
[06/07/2016 12:16:11] /a 1
[06/07/2016 12:16:11] /a 1
[06/07/2016 12:16:11] /a 1
[06/07/2016 12:16:12] /a 1
[06/07/2016 12:16:12] /a 1
[06/07/2016 12:16:12] /a 1
[06/07/2016 12:16:12] /a 1
[06/07/2016 12:16:12] /a 1
[06/07/2016 12:16:12] /a 1
[06/07/2016 12:16:12] /a 1
[06/07/2016 12:16:12] /a 1
[06/07/2016 12:16:12] /a 1
[06/07/2016 12:16:12] /a 1
[06/07/2016 12:16:12] /a 1
[06/07/2016 12:16:12] /a 1
[06/07/2016 12:16:12] /a 1
[06/07/2016 12:16:12] /a 1
[06/07/2016 12:16:12] /a 1
[06/07/2016 12:16:12] /a 1
[06/07/2016 12:16:12] /a 1
[06/07/2016 12:16:12] /a 1
[06/07/2016 12:16:12] /a 1
[06/07/2016 12:16:12] /a 1
[06/07/2016 12:16:12] /a 1
[06/07/2016 12:16:12] /a 1
[06/07/2016 12:16:12] /a 1
[06/07/2016 12:16:12] /a 1
[06/07/2016 12:16:12] /a 1
[06/07/2016 12:16:12] /a 1
[06/07/2016 12:16:13] /a 1
[06/07/2016 12:16:13] /a 1
[06/07/2016 12:16:13] /a 1
[06/07/2016 12:16:13] /a 1
[06/07/2016 12:16:13] /a 1
[06/07/2016 12:16:13] /a 1
[06/07/2016 12:16:13] /a 1
[06/07/2016 12:16:13] /a 1
[06/07/2016 12:16:13] /a 1
[06/07/2016 12:16:13] /a 1
[06/07/2016 12:16:13] /a 1
[06/07/2016 12:16:13] /a 1
[06/07/2016 12:16:13] /a 1
[06/07/2016 12:16:13] /a 1
[06/07/2016 12:16:13] /a 1
[06/07/2016 12:16:13] /a 1
[06/07/2016 12:16:13] /a 1
[06/07/2016 12:16:13] /a 1
[06/07/2016 12:16:13] /a 1
[06/07/2016 12:16:13] /a 1
[06/07/2016 12:16:13] /a 1
[06/07/2016 12:16:13] /a 1
[06/07/2016 12:16:13] /a 1
[06/07/2016 12:16:13] /a 1
[06/07/2016 12:16:13] /a 1
[06/07/2016 12:16:13] /a 1
[06/07/2016 12:16:13] /a 1
[06/07/2016 12:16:13] /a 1
[06/07/2016 12:16:14] /a 1
[06/07/2016 12:16:14] /a 1
[06/07/2016 12:16:14] /a 1
[06/07/2016 12:16:14] /a 1
[06/07/2016 12:16:14] /a 1
[06/07/2016 12:16:14] /a 1
[06/07/2016 12:16:14] /a 1
[06/07/2016 12:16:14] /a 1
[06/07/2016 12:16:14] /a 1
[06/07/2016 12:16:14] /a 1
[06/07/2016 12:16:14] /a 1
[06/07/2016 12:16:14] /a 1
[06/07/2016 12:16:14] /a 1
[06/07/2016 12:16:14] /a 1
[06/07/2016 12:16:14] /a 1
[06/07/2016 12:16:14] /a 1
[06/07/2016 12:16:14] /a 1
[06/07/2016 12:16:14] /a 1
[06/07/2016 12:16:14] /a 1
[06/07/2016 12:16:14] /a 1
[06/07/2016 12:16:14] /a 1
[06/07/2016 12:16:14] /a 1
[06/07/2016 12:16:14] /a 1
[06/07/2016 12:16:14] /a 1
[06/07/2016 12:16:14] /a 1
[06/07/2016 12:16:14] /a 1
[06/07/2016 12:16:14] /a 1
[06/07/2016 12:16:14] /a 1
[06/07/2016 12:16:14] /a 1
[06/07/2016 12:16:14] /a 1
[06/07/2016 12:16:14] /a 1
[06/07/2016 12:16:15] /a 1
[06/07/2016 12:16:15] /a 1
[06/07/2016 12:16:15] /a 1
[06/07/2016 12:16:15] /a 1
[06/07/2016 12:16:15] /a 1
[06/07/2016 12:16:15] /a 1
[06/07/2016 12:16:15] /a 1
[06/07/2016 12:16:15] /a 1
[06/07/2016 12:16:15] /a 1
[06/07/2016 12:16:15] /a 1
[06/07/2016 12:16:15] /a 1
[06/07/2016 12:16:15] /a 1
[06/07/2016 12:16:15] /a 1
[06/07/2016 12:16:28] /a 1
[06/07/2016 12:16:29] /a 1
[06/07/2016 12:16:29] /a 1
[06/07/2016 12:16:29] /a 1
[06/07/2016 12:16:29] /a 1
[06/07/2016 12:16:29] /a 1
[06/07/2016 12:16:29] /a 1
[06/07/2016 12:16:29] /a 1
[06/07/2016 12:16:29] /a 1
[06/07/2016 12:16:29] /a 1
[06/07/2016 12:16:29] /a 1
[06/07/2016 12:16:29] /a 1
[06/07/2016 12:16:29] /a 1
[06/07/2016 12:16:29] /a 1
[06/07/2016 12:16:29] /a 1
[06/07/2016 12:16:29] /a 1
[06/07/2016 12:16:29] /a 1
[06/07/2016 12:16:29] /a 1
[06/07/2016 12:16:29] /a 1
[06/07/2016 12:16:29] /a 1
[06/07/2016 12:16:29] /a 1
[06/07/2016 12:16:29] /a 1
[06/07/2016 12:16:29] /a 1
[06/07/2016 12:16:30] /a 1
[06/07/2016 12:16:30] /a 1
[06/07/2016 12:16:30] /a 1
[06/07/2016 12:16:30] /a 1
[06/07/2016 12:16:30] /a 1
[06/07/2016 12:16:30] /a 1
[06/07/2016 12:16:30] /a 1
[06/07/2016 12:16:30] /a 1
[06/07/2016 12:16:30] /a 1
[06/07/2016 12:16:30] /a 1
[06/07/2016 12:16:31] /a 1
[06/07/2016 12:16:32] /a 1
[06/07/2016 12:16:32] /a 1
[06/07/2016 12:16:32] /a 1
[06/07/2016 12:16:32] /a 1
[06/07/2016 12:16:33] /a 1
[06/07/2016 12:16:45] /c supreme seller
[06/07/2016 12:16:46] /c supreme seller
[06/07/2016 12:16:49] /c supreme seller
[06/07/2016 12:16:51] /a 1
[06/07/2016 12:16:51] /a 1
[06/07/2016 12:16:51] /a 1
[06/07/2016 12:16:53] /c supreme seller
[06/07/2016 12:16:54] /c supreme seller
[06/07/2016 12:16:57] /a 1
[06/07/2016 12:16:58] /c supreme seller
[06/07/2016 12:16:59] /c supreme seller
[06/07/2016 12:17:05] /c supreme seller
[06/07/2016 12:17:07] /c supreme seller
[06/07/2016 12:17:08] /a 1
[06/07/2016 12:17:10] /c supreme seller
[06/07/2016 12:17:11] /c supreme seller
[06/07/2016 12:17:18] /a 1
[06/07/2016 12:17:19] /a 1
[06/07/2016 12:17:19] /a 1
[06/07/2016 12:17:19] /a 1
[06/07/2016 12:17:19] /a 1
[06/07/2016 12:17:19] /a 1
[06/07/2016 12:17:19] /a 1
[06/07/2016 12:17:19] /a 1
[06/07/2016 12:17:19] /a 1
[06/07/2016 12:17:19] /a 1
[06/07/2016 12:17:19] /a 1
[06/07/2016 12:17:19] /a 1
[06/07/2016 12:17:19] /a 1
[06/07/2016 12:17:19] /a 1
[06/07/2016 12:17:19] /a 1
[06/07/2016 12:17:19] /a 1
[06/07/2016 12:17:19] /a 1
[06/07/2016 12:17:20] /a 1
[06/07/2016 12:17:20] /a 1
[06/07/2016 12:17:20] /a 1
[06/07/2016 12:17:20] /a 1
[06/07/2016 12:17:20] /a 1
[06/07/2016 12:17:20] /a 1
[06/07/2016 12:17:20] /a 1
[06/07/2016 12:17:20] /a 1
[06/07/2016 12:17:20] /a 1
[06/07/2016 12:17:20] /a 1
[06/07/2016 12:17:20] /a 1
[06/07/2016 12:17:20] /a 1
[06/07/2016 12:17:20] /a 1
[06/07/2016 12:17:20] /a 1
[06/07/2016 12:17:20] /a 1
[06/07/2016 12:17:20] /a 1
[06/07/2016 12:17:20] /a 1
[06/07/2016 12:17:20] /a 1
[06/07/2016 12:17:20] /a 1
[06/07/2016 12:17:20] /a 1
[06/07/2016 12:17:20] /a 1
[06/07/2016 12:17:20] /a 1
[06/07/2016 12:17:20] /a 1
[06/07/2016 12:17:20] /a 1
[06/07/2016 12:17:20] /a 1
[06/07/2016 12:17:20] /a 1
[06/07/2016 12:17:20] /a 1
[06/07/2016 12:17:20] /a 1
[06/07/2016 12:17:22] /a 1
[06/07/2016 12:17:23] /a 1
[06/07/2016 12:17:23] /a 1
[06/07/2016 12:17:23] /a 1
[06/07/2016 12:17:23] /a 1
[06/07/2016 12:17:23] /a 1
[06/07/2016 12:17:23] /a 1
[06/07/2016 12:17:23] /a 1
[06/07/2016 12:17:23] /a 1
[06/07/2016 12:17:23] /a 1
[06/07/2016 12:17:23] /a 1
[06/07/2016 12:17:23] /a 1
[06/07/2016 12:17:23] /a 1
[06/07/2016 12:17:24] /a 1
[06/07/2016 12:17:24] /a 1
[06/07/2016 12:17:24] /a 1
[06/07/2016 12:17:24] /a 1
[06/07/2016 12:17:24] /a 1
[06/07/2016 12:17:24] /a 1
[06/07/2016 12:17:24] /a 1
[06/07/2016 12:17:24] /a 1
[06/07/2016 12:17:24] /a 1
[06/07/2016 12:17:24] /a 1
[06/07/2016 12:17:24] /a 1
[06/07/2016 12:17:24] /a 1
[06/07/2016 12:17:24] /a 1
[06/07/2016 12:17:24] /a 1
[06/07/2016 12:17:24] /a 1
[06/07/2016 12:17:24] /a 1
[06/07/2016 12:17:24] /a 1
[06/07/2016 12:17:24] /a 1
[06/07/2016 12:17:24] /a 1
[06/07/2016 12:17:24] /a 1
[06/07/2016 12:17:24] /a 1
[06/07/2016 12:17:24] /a 1
[06/07/2016 12:17:24] /a 1
[06/07/2016 12:17:24] /a 1
[06/07/2016 12:17:24] /a 1
[06/07/2016 12:17:24] /a 1
[06/07/2016 12:17:24] /a 1
[06/07/2016 12:17:29] /a 1
[06/07/2016 12:17:30] /a 1
[06/07/2016 12:17:30] /a 1
[06/07/2016 12:17:30] /a 1
[06/07/2016 12:17:30] /a 1
[06/07/2016 12:17:30] /a 1
[06/07/2016 12:17:30] /a 1
[06/07/2016 12:17:30] /a 1
[06/07/2016 12:17:30] /a 1
[06/07/2016 12:17:30] /a 1
[06/07/2016 12:17:30] /a 1
[06/07/2016 12:17:30] /a 1
[06/07/2016 12:17:30] /a 1
[06/07/2016 12:17:30] /a 1
[06/07/2016 12:17:30] /a 1
[06/07/2016 12:17:30] /a 1
[06/07/2016 12:17:30] /a 1
[06/07/2016 12:17:30] /a 1
[06/07/2016 12:17:30] /a 1
[06/07/2016 12:17:30] /a 1
[06/07/2016 12:17:31] /a 1
[06/07/2016 12:17:31] /a 1
[06/07/2016 12:17:31] /a 1
[06/07/2016 12:17:31] /a 1
[06/07/2016 12:17:31] /a 1
[06/07/2016 12:17:31] /a 1
[06/07/2016 12:17:31] /a 1
[06/07/2016 12:17:31] /a 1
[06/07/2016 12:17:31] /a 1
[06/07/2016 12:17:31] /a 1
[06/07/2016 12:17:31] /a 1
[06/07/2016 12:17:31] /a 1
[06/07/2016 12:17:31] /a 1
[06/07/2016 12:17:31] /a 1
[06/07/2016 12:17:31] /a 1
[06/07/2016 12:17:33] /a 1
[06/07/2016 12:17:33] /a 1
[06/07/2016 12:17:34] /a 1
[06/07/2016 12:17:34] /a 1
[06/07/2016 12:17:34] /a 1
[06/07/2016 12:17:34] /a 1
[06/07/2016 12:17:34] /a 1
[06/07/2016 12:17:34] /a 1
[06/07/2016 12:17:34] /a 1
[06/07/2016 12:17:34] /a 1
[06/07/2016 12:17:34] /a 1
[06/07/2016 12:17:34] /a 1
[06/07/2016 12:17:40] /goto adm lee sin
[06/07/2016 12:17:43] /a 1
[06/07/2016 12:17:43] /a 1
[06/07/2016 12:17:43] /a 1
[06/07/2016 12:17:43] /a 1
[06/07/2016 12:17:43] /a 1
[06/07/2016 12:17:43] /a 1
[06/07/2016 12:17:44] /a 1
[06/07/2016 12:17:44] /a 1
[06/07/2016 12:17:44] /a 1
[06/07/2016 12:17:44] /a 1
[06/07/2016 12:17:44] /a 1
[06/07/2016 12:17:44] /a 1
[06/07/2016 12:17:44] /a 1
[06/07/2016 12:17:44] /a 1
[06/07/2016 12:17:44] /a 1
[06/07/2016 12:17:44] /a 1
[06/07/2016 12:17:47] /a 1
[06/07/2016 12:17:48] /a 1
[06/07/2016 12:17:49] /a 1
[06/07/2016 12:17:49] /a 1
[06/07/2016 12:17:49] /a 1
[06/07/2016 12:17:49] /a 1
[06/07/2016 12:17:49] /a 1
[06/07/2016 12:17:49] /a 1
[06/07/2016 12:17:49] /a 1
[06/07/2016 12:17:49] /a 1
[06/07/2016 12:17:49] /a 1
[06/07/2016 12:17:49] /a 1
[06/07/2016 12:17:49] /a 1
[06/07/2016 12:17:49] /a 1
[06/07/2016 12:17:49] /a 1
[06/07/2016 12:17:49] /a 1
[06/07/2016 12:17:49] /a 1
[06/07/2016 12:17:49] /a 1
[06/07/2016 12:17:49] /a 1
[06/07/2016 12:18:02] /m treiner
[06/07/2016 12:18:04] /r
[06/07/2016 12:18:41] /i 11757
[06/07/2016 12:21:12] /ghost
[06/07/2016 12:21:51] /a 1
[06/07/2016 12:26:17] /ghost
[06/07/2016 12:26:25] /ghost
[06/07/2016 12:27:05] /a 1
[06/07/2016 12:27:50] /a 3
[06/07/2016 12:27:52] /a 3
[06/07/2016 12:27:53] /a 3
[06/07/2016 12:27:54] /a 3
[06/07/2016 12:29:08] /mc
[06/07/2016 12:29:56] /a 1
[06/07/2016 12:30:51] /a 1
[06/07/2016 12:31:01] /a 1
[06/07/2016 12:32:23] /a 1
[06/07/2016 12:32:24] /a 1
[06/07/2016 12:32:24] /a 1
[06/07/2016 12:32:25] /a 1
[06/07/2016 12:32:30] /a 1
[06/07/2016 12:32:39] /a 1
[06/07/2016 12:32:40] /a 1
[06/07/2016 12:32:40] /a 1
[06/07/2016 12:32:41] /a 1
[06/07/2016 12:32:41] /a 1
[06/07/2016 12:32:42] /a 1
[06/07/2016 12:32:42] /a 1
[06/07/2016 12:32:43] /a 1
[06/07/2016 12:32:44] /a 1
[06/07/2016 12:32:45] /a 1
[06/07/2016 12:32:45] /a 1
[06/07/2016 12:32:45] /a 1
[06/07/2016 12:32:45] /a 1
[06/07/2016 12:32:46] /a 1
[06/07/2016 12:32:46] /a 1
[06/07/2016 12:32:46] /a 1
[06/07/2016 12:32:46] /a 1
[06/07/2016 12:32:46] /a 1
[06/07/2016 12:32:47] /a 1
[06/07/2016 12:32:47] /a 1
[06/07/2016 12:32:47] /a 1
[06/07/2016 12:32:47] /a 1
[06/07/2016 12:32:47] /a 1
[06/07/2016 12:32:47] /a 1
[06/07/2016 12:32:47] /a 1
[06/07/2016 12:32:47] /a 1
[06/07/2016 12:32:48] /a 1
[06/07/2016 12:32:49] /a 1
[06/07/2016 12:32:50] /a 1
[06/07/2016 12:32:50] /a 1
[06/07/2016 12:32:51] /a 1
[06/07/2016 12:32:51] /a 1
[06/07/2016 12:32:51] /a 1
[06/07/2016 12:32:51] /a 1
[06/07/2016 12:32:52] /a 1
[06/07/2016 12:32:53] /a 1
[06/07/2016 12:32:55] /a 1
[06/07/2016 12:36:22] /a 1
[06/07/2016 12:36:24] /a 1
[06/07/2016 12:43:00] /goto vagaundo malandro
[06/07/2016 12:43:03] /goto vagaundo malandro
[06/07/2016 12:43:14] /goto Vagabundo Malandro
[06/07/2016 12:43:57] /mkick 
[06/07/2016 12:44:24] /goto Vagabundo Malandro
[06/07/2016 12:44:58] /a 1
[06/07/2016 12:44:59] /a 1
[06/07/2016 12:44:59] /a 1
[06/07/2016 12:44:59] /a 1
[06/07/2016 12:45:00] /a 1
[06/07/2016 12:45:00] /a 1
[06/07/2016 12:45:02] /a 1
[06/07/2016 12:45:02] /a 1
[06/07/2016 12:45:02] /a 1
[06/07/2016 12:45:03] /a 1
[06/07/2016 12:45:03] /a 1
[06/07/2016 12:45:03] /a 1
[06/07/2016 12:48:00] /a 1
[06/07/2016 12:48:03] /a 1
[06/07/2016 12:48:04] /a 1
[06/07/2016 12:48:04] /a 1
[06/07/2016 12:48:04] /a 1
[06/07/2016 12:48:04] /a 1
[06/07/2016 12:48:05] /a 1
[06/07/2016 12:48:05] /a 1
[06/07/2016 12:48:06] /a 1
[06/07/2016 12:48:06] /a 1
[06/07/2016 12:48:07] /a 1
[06/07/2016 12:48:07] /a 1
[06/07/2016 12:48:07] /a 1
[06/07/2016 12:48:07] /a 1
[06/07/2016 12:48:07] /a 1
[06/07/2016 12:48:07] /a 1
[06/07/2016 12:48:07] /a 1
[06/07/2016 12:48:07] /a 1
[06/07/2016 12:48:07] /a 1
[06/07/2016 12:48:07] /a 1
[06/07/2016 12:48:07] /a 1
[06/07/2016 12:48:07] /a 1
[06/07/2016 12:48:07] /a 1
[06/07/2016 12:48:08] /a 1
[06/07/2016 12:48:08] /a 1
[06/07/2016 12:48:08] /a 1
[06/07/2016 12:48:08] /a 1
[06/07/2016 12:48:08] /a 1
[06/07/2016 12:48:08] /a 1
[06/07/2016 12:48:08] /a 1
[06/07/2016 12:48:08] /a 1
[06/07/2016 12:48:08] /a 1
[06/07/2016 12:48:08] /a 1
[06/07/2016 12:48:08] /a 1
[06/07/2016 12:48:08] /a 1
[06/07/2016 12:48:08] /a 1
[06/07/2016 12:48:09] /a 1
[06/07/2016 12:48:10] /a 1
[06/07/2016 12:48:10] /a 1
[06/07/2016 12:48:10] /a 1
[06/07/2016 12:48:10] /a 1
[06/07/2016 12:48:10] /a 1
[06/07/2016 12:48:10] /a 1
[06/07/2016 12:48:10] /a 1
[06/07/2016 12:48:10] /a 1
[06/07/2016 12:48:10] /a 1
[06/07/2016 12:48:10] /a 1
[06/07/2016 12:48:10] /a 1
[06/07/2016 12:48:10] /a 1
[06/07/2016 12:48:10] /a 1
[06/07/2016 12:48:10] /a 1
[06/07/2016 12:48:10] /a 1
[06/07/2016 12:48:10] /a 1
[06/07/2016 12:48:10] /a 1
[06/07/2016 12:48:10] /a 1
[06/07/2016 12:48:10] /a 1
[06/07/2016 12:48:10] /a 1
[06/07/2016 12:48:10] /a 1
[06/07/2016 12:48:10] /a 1
[06/07/2016 12:48:10] /a 1
[06/07/2016 12:48:10] /a 1
[06/07/2016 12:48:10] /a 1
[06/07/2016 12:48:10] /a 1
[06/07/2016 12:48:10] /a 1
[06/07/2016 12:48:11] /a 1
[06/07/2016 12:48:11] /a 1
[06/07/2016 12:48:11] /a 1
[06/07/2016 12:48:11] /a 1
[06/07/2016 12:48:11] /a 1
[06/07/2016 12:48:11] /a 1
[06/07/2016 12:48:11] /a 1
[06/07/2016 12:48:11] /a 1
[06/07/2016 12:48:12] /a 1
[06/07/2016 12:48:13] /a 1
[06/07/2016 12:48:13] /a 1
[06/07/2016 12:48:13] /a 1
[06/07/2016 12:48:13] /a 1
[06/07/2016 12:48:14] /a 1
[06/07/2016 12:48:15] /a 1
[06/07/2016 12:48:56] /a 1
[06/07/2016 12:48:56] /a 1
[06/07/2016 12:48:56] /a 1
[06/07/2016 12:48:56] /a 1
[06/07/2016 12:48:56] /a 1
[06/07/2016 12:48:56] /a 1
[06/07/2016 12:48:56] /a 1
[06/07/2016 12:48:57] /a 1
[06/07/2016 12:48:57] /a 1
[06/07/2016 12:48:57] /a 1
[06/07/2016 12:48:57] /a 1
[06/07/2016 12:48:57] /a 1
[06/07/2016 12:48:57] /a 1
[06/07/2016 12:48:57] /a 1
[06/07/2016 12:48:57] /a 1
[06/07/2016 12:48:57] /a 1
[06/07/2016 12:48:57] /a 1
[06/07/2016 12:48:57] /a 1
[06/07/2016 12:48:57] /a 1
[06/07/2016 12:48:57] /a 1
[06/07/2016 12:48:57] /a 1
[06/07/2016 12:48:57] /a 1
[06/07/2016 12:48:57] /a 1
[06/07/2016 12:48:57] /a 1
[06/07/2016 12:48:57] /a 1
[06/07/2016 12:48:57] /a 1
[06/07/2016 12:48:59] /a 1
[06/07/2016 12:49:02] /ghost
[06/07/2016 12:49:04] /ghost
[06/07/2016 12:49:33] /a 1
[06/07/2016 12:49:33] /a 1
[06/07/2016 12:49:34] /a 1
[06/07/2016 12:49:35] /a 1
[06/07/2016 12:49:37] /a 1
[06/07/2016 12:49:38] /a 1
[06/07/2016 12:49:38] /a 1
[06/07/2016 12:49:39] /a 1
[06/07/2016 12:49:39] /a 1
[06/07/2016 12:49:39] /a 1
[06/07/2016 12:49:39] /a 1
[06/07/2016 12:49:39] /a 1
[06/07/2016 12:49:40] /a 1
[06/07/2016 12:50:11] /a 1
[06/07/2016 12:50:12] /a 1
[06/07/2016 12:50:12] /a 1
[06/07/2016 12:50:12] /a 1
[06/07/2016 12:50:12] /a 1
[06/07/2016 12:50:12] /a 1
[06/07/2016 12:50:12] /a 1
[06/07/2016 12:50:12] /a 1
[06/07/2016 12:50:12] /a 1
[06/07/2016 12:50:12] /a 1
[06/07/2016 12:50:12] /a 1
[06/07/2016 12:50:12] /a 1
[06/07/2016 12:50:12] /a 1
[06/07/2016 12:50:12] /a 1
[06/07/2016 12:50:12] /a 1
[06/07/2016 12:50:12] /a 1
[06/07/2016 12:50:12] /a 1
[06/07/2016 12:50:12] /a 1
[06/07/2016 12:50:12] /a 1
[06/07/2016 12:50:12] /a 1
[06/07/2016 12:50:12] /a 1
[06/07/2016 12:52:40] /a 1
[06/07/2016 12:53:01] /ghost
[06/07/2016 12:53:08] /ghost
[06/07/2016 12:53:10] /ghost
[06/07/2016 12:53:13] /ghost
[06/07/2016 12:53:15] /ghost
[06/07/2016 12:53:17] /ghost
[06/07/2016 12:53:30] /a 1
[06/07/2016 12:53:31] /a 1
[06/07/2016 13:02:22] /i premium 1 dia
[06/07/2016 13:02:46] /ghost
[06/07/2016 13:04:28] /b galera nao posso da supreme e items donate pq e so com o ADM
[06/07/2016 13:06:08] /a 1
[06/07/2016 13:06:39] /t
[06/07/2016 13:06:49] /a 1
[06/07/2016 13:06:49] /a 1
[06/07/2016 13:06:54] /a 1
[06/07/2016 13:06:54] /a 1
[06/07/2016 13:06:55] /a 1
[06/07/2016 13:07:16] /a 1
[06/07/2016 13:07:17] /a 1
[06/07/2016 13:07:18] /a 1
[06/07/2016 13:07:18] /a 1
[06/07/2016 13:07:18] /a 1
[06/07/2016 13:07:18] /a 1
[06/07/2016 13:07:18] /a 1
[06/07/2016 13:07:18] /a 1
[06/07/2016 13:07:18] /a 1
[06/07/2016 13:07:18] /a 1
[06/07/2016 13:07:18] /a 1
[06/07/2016 13:07:18] /a 1
[06/07/2016 13:07:18] /a 1
[06/07/2016 13:07:18] /a 1
[06/07/2016 13:07:18] /a 1
[06/07/2016 13:07:18] /a 1
[06/07/2016 13:07:18] /a 1
[06/07/2016 13:07:19] /a 1
[06/07/2016 13:07:19] /a 1
[06/07/2016 13:07:19] /a 1
[06/07/2016 13:07:19] /a 1
[06/07/2016 13:07:19] /a 1
[06/07/2016 13:07:19] /a 1
[06/07/2016 13:07:19] /a 1
[06/07/2016 13:07:19] /a 1
[06/07/2016 13:07:22] /a 1
[06/07/2016 13:07:22] /a 1
[06/07/2016 13:07:22] /a 1
[06/07/2016 13:07:22] /a 1
[06/07/2016 13:07:23] /a 1
[06/07/2016 13:07:23] /a 1
[06/07/2016 13:07:23] /a 1
[06/07/2016 13:07:23] /a 1
[06/07/2016 13:07:24] /a 1
[06/07/2016 13:07:24] /a 1
[06/07/2016 13:07:24] /a 1
[06/07/2016 13:07:24] /a 1
[06/07/2016 13:07:25] /a 1
[06/07/2016 13:07:25] /a 1
[06/07/2016 13:07:25] /a 1
[06/07/2016 13:07:25] /a 1
[06/07/2016 13:07:32] /a 1
[06/07/2016 13:08:07] /a 1
[06/07/2016 13:08:09] /a 1
[06/07/2016 13:08:14] /a 1
[06/07/2016 13:13:16] /a 1
[06/07/2016 13:13:31] /a 1
[06/07/2016 13:13:41] /a 1
[06/07/2016 13:15:29] /ghost
[06/07/2016 13:15:41] /a 1
[06/07/2016 13:15:42] /a 1
[06/07/2016 13:15:42] /a 1
[06/07/2016 13:15:44] /a 1
[06/07/2016 13:15:45] /a 1
[06/07/2016 13:15:52] /a 3
[06/07/2016 13:15:56] /a 1
[06/07/2016 13:15:57] /a 1
[06/07/2016 13:16:12] /t
[06/07/2016 13:17:58] /a 1
[06/07/2016 13:18:23] /ghost
