[05/07/2016 09:57:41] /t Mage Edited
[05/07/2016 09:57:44] /t
[05/07/2016 09:57:58] /ghost
[05/07/2016 09:58:11] /i 2424
[05/07/2016 10:00:48] /goto mage edited
[05/07/2016 10:00:50] /t
[05/07/2016 11:28:39] /i vip8 doll
[05/07/2016 11:30:13] /a 2
[05/07/2016 11:30:25] /c mage edited
[05/07/2016 11:30:26] /t
[05/07/2016 11:31:20] /goto mage edited
[05/07/2016 11:31:27] /m bugzin
[05/07/2016 11:31:27] /t
[05/07/2016 11:37:11] /goto Sorcerer
[05/07/2016 11:37:47] /m evento buzin
[05/07/2016 11:37:55] /m xp bug
[05/07/2016 11:38:24] /a 2
[05/07/2016 11:38:27] /a 2
[05/07/2016 11:38:29] /a 2
[05/07/2016 11:39:11] /m Magebomb
[05/07/2016 11:39:12] /m Magebomb
[05/07/2016 11:39:12] /m Magebomb
[05/07/2016 11:39:12] /m Magebomb
[05/07/2016 11:39:13] /m Magebomb
[05/07/2016 11:39:13] /m Magebomb
[05/07/2016 11:39:13] /m Magebomb
[05/07/2016 11:39:13] /m Magebomb
[05/07/2016 11:39:13] /m Magebomb
[05/07/2016 11:39:13] /m Magebomb
[05/07/2016 11:39:13] /m Magebomb
[05/07/2016 11:39:13] /m Magebomb
[05/07/2016 11:39:13] /m Magebomb
[05/07/2016 11:39:13] /m Magebomb
[05/07/2016 11:39:13] /m Magebomb
[05/07/2016 11:39:14] /m Magebomb
[05/07/2016 11:39:14] /m Magebomb
[05/07/2016 11:39:14] /m Magebomb
[05/07/2016 11:39:14] /m Magebomb
[05/07/2016 11:39:14] /m Magebomb
[05/07/2016 11:39:14] /m Magebomb
[05/07/2016 11:39:14] /m Magebomb
[05/07/2016 11:39:14] /m Magebomb
[05/07/2016 11:39:14] /m Magebomb
[05/07/2016 11:39:14] /m Magebomb
[05/07/2016 11:39:14] /m Magebomb
[05/07/2016 11:39:20] /c mage edited
[05/07/2016 11:39:21] /t
[05/07/2016 11:53:22] /i 2157
[05/07/2016 11:59:07] /i 2157
[05/07/2016 12:26:03] /goto Bloody Mary
[05/07/2016 12:26:22] /c mage edited
[05/07/2016 12:26:23] /t
[05/07/2016 12:27:47] /goto Bloody Mary
[05/07/2016 12:27:48] /goto Bloody Mary
[05/07/2016 12:27:52] /goto Bloody Mary
[05/07/2016 12:27:53] /goto Bloody Mary
[05/07/2016 12:30:13] /goto Bloody Mary
[05/07/2016 12:30:54] /goto Sorcerer
[05/07/2016 12:31:00] /t
[05/07/2016 12:31:15] /goto Dilma
[05/07/2016 12:31:24] /c mage edited
[05/07/2016 12:31:25] /t
[05/07/2016 12:32:28] /goto Dilma
[05/07/2016 13:43:17] /a 5
[05/07/2016 13:43:18] /a 5
[05/07/2016 13:43:36] /ghost
[05/07/2016 13:45:56] /b iae rapaziada afk aki que eu to no trampo depois ajudo todo mundo firmeza te amo familia <3
[05/07/2016 13:45:58] /b iae rapaziada afk aki que eu to no trampo depois ajudo todo mundo firmeza te amo familia <3
[05/07/2016 13:45:58] /b iae rapaziada afk aki que eu to no trampo depois ajudo todo mundo firmeza te amo familia <3
[05/07/2016 13:45:59] /b iae rapaziada afk aki que eu to no trampo depois ajudo todo mundo firmeza te amo familia <3
[05/07/2016 13:45:59] /b iae rapaziada afk aki que eu to no trampo depois ajudo todo mundo firmeza te amo familia <3
[05/07/2016 13:45:59] /b iae rapaziada afk aki que eu to no trampo depois ajudo todo mundo firmeza te amo familia <3
[05/07/2016 13:46:00] /b iae rapaziada afk aki que eu to no trampo depois ajudo todo mundo firmeza te amo familia <3
[05/07/2016 13:46:00] /b iae rapaziada afk aki que eu to no trampo depois ajudo todo mundo firmeza te amo familia <3
[05/07/2016 13:46:01] /b iae rapaziada afk aki que eu to no trampo depois ajudo todo mundo firmeza te amo familia <3
[05/07/2016 13:46:02] /b iae rapaziada afk aki que eu to no trampo depois ajudo todo mundo firmeza te amo familia <3
[05/07/2016 13:46:02] /b iae rapaziada afk aki que eu to no trampo depois ajudo todo mundo firmeza te amo familia <3
[05/07/2016 13:46:02] /b iae rapaziada afk aki que eu to no trampo depois ajudo todo mundo firmeza te amo familia <3
[05/07/2016 13:46:03] /b iae rapaziada afk aki que eu to no trampo depois ajudo todo mundo firmeza te amo familia <3
[05/07/2016 13:46:03] /b iae rapaziada afk aki que eu to no trampo depois ajudo todo mundo firmeza te amo familia <3
[05/07/2016 13:46:06] /b iae rapaziada afk aki que eu to no trampo depois ajudo todo mundo firmeza te amo familia <3
[05/07/2016 13:46:06] /b iae rapaziada afk aki que eu to no trampo depois ajudo todo mundo firmeza te amo familia <3
[05/07/2016 13:46:07] /b iae rapaziada afk aki que eu to no trampo depois ajudo todo mundo firmeza te amo familia <3
[05/07/2016 13:46:07] /b iae rapaziada afk aki que eu to no trampo depois ajudo todo mundo firmeza te amo familia <3
[05/07/2016 13:46:07] /b iae rapaziada afk aki que eu to no trampo depois ajudo todo mundo firmeza te amo familia <3
[05/07/2016 13:46:08] /b iae rapaziada afk aki que eu to no trampo depois ajudo todo mundo firmeza te amo familia <3
[05/07/2016 13:46:08] /b iae rapaziada afk aki que eu to no trampo depois ajudo todo mundo firmeza te amo familia <3
[05/07/2016 13:46:09] /b iae rapaziada afk aki que eu to no trampo depois ajudo todo mundo firmeza te amo familia <3
[05/07/2016 13:46:09] /b iae rapaziada afk aki que eu to no trampo depois ajudo todo mundo firmeza te amo familia <3
[05/07/2016 13:46:09] /b iae rapaziada afk aki que eu to no trampo depois ajudo todo mundo firmeza te amo familia <3
[05/07/2016 13:46:10] /b iae rapaziada afk aki que eu to no trampo depois ajudo todo mundo firmeza te amo familia <3
[05/07/2016 13:46:10] /b iae rapaziada afk aki que eu to no trampo depois ajudo todo mundo firmeza te amo familia <3
[05/07/2016 13:46:11] /b iae rapaziada afk aki que eu to no trampo depois ajudo todo mundo firmeza te amo familia <3
[05/07/2016 13:46:11] /b iae rapaziada afk aki que eu to no trampo depois ajudo todo mundo firmeza te amo familia <3
[05/07/2016 13:46:11] /b iae rapaziada afk aki que eu to no trampo depois ajudo todo mundo firmeza te amo familia <3
[05/07/2016 13:46:12] /b iae rapaziada afk aki que eu to no trampo depois ajudo todo mundo firmeza te amo familia <3
[05/07/2016 13:46:12] /b iae rapaziada afk aki que eu to no trampo depois ajudo todo mundo firmeza te amo familia <3
[05/07/2016 13:46:12] /b iae rapaziada afk aki que eu to no trampo depois ajudo todo mundo firmeza te amo familia <3
[05/07/2016 13:46:13] /b iae rapaziada afk aki que eu to no trampo depois ajudo todo mundo firmeza te amo familia <3
[05/07/2016 13:46:14] /b iae rapaziada afk aki que eu to no trampo depois ajudo todo mundo firmeza te amo familia <3
[05/07/2016 13:46:14] /b iae rapaziada afk aki que eu to no trampo depois ajudo todo mundo firmeza te amo familia <3
[05/07/2016 13:46:14] /b iae rapaziada afk aki que eu to no trampo depois ajudo todo mundo firmeza te amo familia <3
[05/07/2016 13:46:15] /b iae rapaziada afk aki que eu to no trampo depois ajudo todo mundo firmeza te amo familia <3
[05/07/2016 13:46:15] /b iae rapaziada afk aki que eu to no trampo depois ajudo todo mundo firmeza te amo familia <3
[05/07/2016 13:46:16] /b iae rapaziada afk aki que eu to no trampo depois ajudo todo mundo firmeza te amo familia <3
[05/07/2016 13:46:16] /b iae rapaziada afk aki que eu to no trampo depois ajudo todo mundo firmeza te amo familia <3
[05/07/2016 13:46:16] /b iae rapaziada afk aki que eu to no trampo depois ajudo todo mundo firmeza te amo familia <3
[05/07/2016 13:46:17] /b iae rapaziada afk aki que eu to no trampo depois ajudo todo mundo firmeza te amo familia <3
[05/07/2016 13:46:17] /b iae rapaziada afk aki que eu to no trampo depois ajudo todo mundo firmeza te amo familia <3
[05/07/2016 13:46:18] /b iae rapaziada afk aki que eu to no trampo depois ajudo todo mundo firmeza te amo familia <3
[05/07/2016 13:46:18] /b iae rapaziada afk aki que eu to no trampo depois ajudo todo mundo firmeza te amo familia <3
[05/07/2016 13:46:18] /b iae rapaziada afk aki que eu to no trampo depois ajudo todo mundo firmeza te amo familia <3
[05/07/2016 13:46:36] /b iae rapaziada afk aki que eu to no trampo depois ajudo todo mundo firmeza te amo familia <3
[05/07/2016 13:46:37] /b iae rapaziada afk aki que eu to no trampo depois ajudo todo mundo firmeza te amo familia <3
[05/07/2016 13:46:39] /b iae rapaziada afk aki que eu to no trampo depois ajudo todo mundo firmeza te amo familia <3
[05/07/2016 13:46:39] /b iae rapaziada afk aki que eu to no trampo depois ajudo todo mundo firmeza te amo familia <3
[05/07/2016 13:46:39] /b iae rapaziada afk aki que eu to no trampo depois ajudo todo mundo firmeza te amo familia <3
[05/07/2016 13:46:40] /b iae rapaziada afk aki que eu to no trampo depois ajudo todo mundo firmeza te amo familia <3
[05/07/2016 13:46:41] /b iae rapaziada afk aki que eu to no trampo depois ajudo todo mundo firmeza te amo familia <3
[05/07/2016 13:46:41] /b iae rapaziada afk aki que eu to no trampo depois ajudo todo mundo firmeza te amo familia <3
[05/07/2016 13:46:43] /b iae rapaziada afk aki que eu to no trampo depois ajudo todo mundo firmeza te amo familia <3
[05/07/2016 13:46:45] /b iae rapaziada afk aki que eu to no trampo depois ajudo todo mundo firmeza te amo familia <3
[05/07/2016 13:46:49] /b iae rapaziada afk aki que eu to no trampo depois ajudo todo mundo firmeza te amo familia <3
[05/07/2016 13:53:48] /t
[05/07/2016 14:47:00] /goto Bloody Mary
[05/07/2016 14:47:05] /goto Bloody Mary
[05/07/2016 14:47:08] /goto Bloody Mary
[05/07/2016 14:47:58] /up
[05/07/2016 14:48:00] /up
[05/07/2016 14:48:01] /up
[05/07/2016 14:48:39] /goto Bloody Mary
