[16/02/2019 12:26:15] Ehtoo: soft é melhor doq as outras boots de regen?
[16/02/2019 12:26:29] [GOD] Loka'osz: Depende
[16/02/2019 12:26:31] [GOD] Loka'osz: qual botas?
[16/02/2019 12:26:44] Ehtoo: baikzik boots por exemplo
[16/02/2019 12:26:59] [GOD] Loka'osz: Se baiakzik funcionar baiakzik é melhor
[16/02/2019 12:27:13] Ehtoo: como saberei se funciona? hahaha
[16/02/2019 12:27:25] [GOD] Loka'osz: Só ve se regenera
[16/02/2019 12:27:29] [GOD] Loka'osz: ficar sem curar
[16/02/2019 12:27:36] [GOD] Loka'osz: se regenerar é pq funfa
[16/02/2019 12:27:40] [GOD] Loka'osz: se quiser eu testo ak 
[16/02/2019 12:29:41] Ehtoo: ficarei agradecido se testar
[16/02/2019 12:33:02] Rp Loko: adm ?
[16/02/2019 12:33:09] [GOD] Loka'osz: Oi?
[16/02/2019 12:33:29] Rp Loko: almenta a heal da exura san ?
[16/02/2019 12:37:35] Rp Loko: como faço pra compra fusion ?
[16/02/2019 12:37:44] [GOD] Loka'osz: Fusion ?
[16/02/2019 12:37:48] [GOD] Loka'osz: Magnata?
[16/02/2019 12:37:57] Rp Loko: sei la
[16/02/2019 12:38:01] [GOD] Loka'osz: Ksks
[16/02/2019 12:38:02] [GOD] Loka'osz: donate
[16/02/2019 12:38:06] Rp Loko: isso
[16/02/2019 12:38:07] Rp Loko: kkk
[16/02/2019 12:40:11] Rp Loko: mas como eu compro?
[16/02/2019 12:42:05] [GOD] Loka'osz: Donatando
[16/02/2019 12:42:08] [GOD] Loka'osz: Doando para o serv.
[16/02/2019 12:43:02] Ehtoo: opa adm
[16/02/2019 12:43:05] Ehtoo: tem um bug
[16/02/2019 12:43:12] Ehtoo: q deopis de um tempo, para de pegar item no autoloot
[16/02/2019 12:43:28] [GOD] Loka'osz: Cai no chão?
[16/02/2019 12:43:39] Ehtoo: sim
[16/02/2019 12:44:35] Ehtoo: ue, reloguei e ainda n ta pegando
[16/02/2019 12:45:02] [GOD] Loka'osz: bps
[16/02/2019 12:45:02] [GOD] Loka'osz: bugada
[16/02/2019 12:45:04] [GOD] Loka'osz: tenta vender
[16/02/2019 12:45:08] [GOD] Loka'osz: e jogar bps
[16/02/2019 12:45:10] [GOD] Loka'osz: na inicial
[16/02/2019 12:45:17] [GOD] Loka'osz: as vezes bugas
[16/02/2019 12:45:19] [GOD] Loka'osz: as vezes buga
[16/02/2019 12:45:21] [GOD] Loka'osz: a !bp 
[16/02/2019 12:45:23] Ehtoo: mas ta na inicial
[16/02/2019 12:49:33] [GOD] Loka'osz: Jaja
[16/02/2019 12:49:34] [GOD] Loka'osz: vejo isso
[16/02/2019 13:22:03] Ehtoo: q q houve? n vi a msg
[16/02/2019 13:22:18] Zero two: Eu ficarei cuidando no help por algums min pq o god saiu
[16/02/2019 13:22:31] Ehtoo: jae
[16/02/2019 13:48:41] Ehtoo: fala pro adm deixr a tirar  
[16/02/2019 13:48:47] Mia Khoff: ah?
[16/02/2019 13:48:49] Ehtoo: deixar a ferumbras tomar dano de fisico
[16/02/2019 13:48:53] Mia Khoff: ata
[16/02/2019 13:48:55] Mia Khoff: tem q arrumar s
[16/02/2019 14:02:23] Ayala: admin on?
[16/02/2019 14:03:51] Ayala: !bp
[16/02/2019 14:04:15] Mia Khoff: Ayala oq precisa ? posso ajudar?
[16/02/2019 14:25:53] Ehtoo: essa supreme boots  aqui, serve pra q?
[16/02/2019 14:33:58] Ehtoo: quanto tempo dura exp 7x?
[16/02/2019 14:34:09] [GOD] Loka'osz: 1hr
[16/02/2019 14:34:17] Ehtoo: nice
[16/02/2019 14:34:19] [Svip] Sete: Fiz uma quest aqui que era pra dar blessed shield e veio dragon scale legs
[16/02/2019 14:34:26] [Svip] Sete: Lol
[16/02/2019 14:34:52] [GOD] Loka'osz: Desculpe-nos por isso sete foi trocado e esqueci de mudar blessed shield é Supreme. ai arrumamos pra vir dragon scale mas n trocamos o iten q ficava atras.
[16/02/2019 14:35:12] [GOD] Loka'osz: Ou seja Blessed/Golden helmet quest vem Golden helmet /Dragon scale legs
[16/02/2019 14:35:28] [Svip] Sete: Ah blz
[16/02/2019 14:35:43] [Svip] Sete: Como eu tiro os kk's que fiz no autoloot money?
[16/02/2019 14:36:26] [Svip] Lypinhoo: estão no banco
[16/02/2019 14:36:30] [GOD] Loka'osz: Ta dando problema com o bankeiro agora. dak ums dias volta o bankeiro pra sacar o que vc pegou no autoloot.
[16/02/2019 14:36:48] [GOD] Loka'osz: Mentira
[16/02/2019 14:36:51] [GOD] Loka'osz: ja arrumamos
[16/02/2019 14:36:52] [GOD] Loka'osz: agora que lembrei
[16/02/2019 14:36:55] [GOD] Loka'osz: madrugada de ontem
[16/02/2019 14:36:58] [Svip] Sete: POASPOKAS
[16/02/2019 14:39:33] Power Ranger Preto: adm ?
[16/02/2019 14:45:38] Ehtoo: tem como algum adm me trazer food?
[16/02/2019 14:45:44] Ehtoo: e um dwarven ring, se possível
[16/02/2019 14:46:17] [GOD] Loka'osz: -.
[16/02/2019 14:46:23] Ehtoo: situação aqui ta dificil
[16/02/2019 14:46:43] [Svip] Lypinhoo: tinha que comprar antes de entrar na quest man
[16/02/2019 14:46:56] Ehtoo: eu esqueci
[16/02/2019 14:46:58] Ehtoo: kkkkkkkkk
[16/02/2019 14:48:21] [GOD] Loka'osz: ksk
[16/02/2019 14:59:51] Maconha: alguem 
[16/02/2019 14:59:59] [Svip] Lypinhoo: opa
[16/02/2019 15:00:00] Maconha: como faz pra pegar loot
[16/02/2019 15:00:06] Maconha: de demon
[16/02/2019 15:00:11] [Svip] Lypinhoo: lol
[16/02/2019 15:00:15] [Svip] Lypinhoo: abrindo o corpo
[16/02/2019 15:00:25] Maconha: aouto loot meu brod
[16/02/2019 15:00:27] Maconha: lol
[16/02/2019 15:00:54] [Svip] Lypinhoo: .!autoloot
[16/02/2019 15:03:14] Maconha: nao ta indo
[16/02/2019 15:03:20] Maconha: gm ta on?
[16/02/2019 15:03:24] [GOD] Loka'osz: fala
[16/02/2019 15:31:50] Ehtoo: eu morri
[16/02/2019 15:31:52] Ehtoo: eu perdi a 7x?
[16/02/2019 15:32:33] [GOD] Loka'osz: Nowp
[16/02/2019 15:32:37] [GOD] Loka'osz: ela só fica sem efeito
[16/02/2019 15:43:01] Ehtoo: qual evento que é? não consegui er
[16/02/2019 15:43:02] Ehtoo: ver
[16/02/2019 15:43:28] [GOD] Loka'osz: ta off esses evnetos
[16/02/2019 15:43:41] Ehtoo: ata
[16/02/2019 15:43:51] [GOD] Loka'osz: bora
[16/02/2019 15:43:52] [GOD] Loka'osz: xadres?
[16/02/2019 15:44:07] Ehtoo: nem sei como q funciona
[16/02/2019 15:44:08] Ehtoo: mas bora
[16/02/2019 15:45:12] [GOD] Loka'osz: aposdkas
[16/02/2019 15:45:17] [GOD] Loka'osz: vai evento bags
[16/02/2019 15:45:33] Ehtoo: aqui estou eu
[16/02/2019 15:58:19] Zeus: adm on?
[16/02/2019 15:58:42] [GOD] Loka'osz: Oi
[16/02/2019 18:53:07] Ekz Malinha: como adiciona itens no auto loot ?
[16/02/2019 18:53:24] [GOD] Loka'osz: .!autoloot Nome do iten.
[16/02/2019 19:05:57] Tobbi: Quando vai ter novidade no server?
[16/02/2019 19:07:04] [GOD] Loka'osz: Logo quests ja estão pronta adm esta arrumando Itens.
[16/02/2019 19:13:07] Tobbi: Esses itens serão quais por exemplo, pode adiantar?
[16/02/2019 19:14:23] [GOD] Loka'osz: Hmm desculpe tobbi
[16/02/2019 19:14:26] [GOD] Loka'osz: eu estava off
[16/02/2019 19:14:35] Tobbi: Esses itens serão quais por exemplo, pode adiantar?
[16/02/2019 19:15:07] [GOD] Loka'osz: Ekz ta de trial helper
[16/02/2019 19:15:10] Ekz Malinha: Tobbi --> Ainda n podemos dar "SPOILER". Mas fique atento Logo chegando Só falo isso
[16/02/2019 19:15:10] [GOD] Loka'osz: teste de help
[16/02/2019 19:15:43] [GOD] Loka'osz: Tobbi--> Como ele falou fasso as minhas palavras a dele.
[16/02/2019 19:15:55] Tobbi: kkkkkk ok...
[16/02/2019 19:16:04] [GOD] Loka'osz: Ksks
[16/02/2019 19:16:04] Tobbi: Os itens serão mais forte que os donates? kkkkk nao ne?
[16/02/2019 19:16:43] Ekz Malinha: Tobbi -> Um Spoilerzinho esta chegando um novo donate futuramente.
[16/02/2019 19:17:06] Ekz Malinha: Tobbi --> Não os itens não serão melhor que os DONATES Obs:Os novos!!
[16/02/2019 19:17:31] Ehtoo: hi
[16/02/2019 19:17:49] Tobbi: Se eu quiser trocar meu itens donate, por novos itens donate, eu consigo?
[16/02/2019 19:18:16] Ehtoo: acho que não
[16/02/2019 19:18:17] Tobbi: hi
[16/02/2019 19:18:42] Ekz Malinha: Tobbi --> Sim os iten's Donates resetaram "Aõs que pedirem" e voltara os points.
[16/02/2019 19:19:01] Tobbi: hmmm, legal
[16/02/2019 19:19:03] Ekz Malinha: Tobbi --> Cuidado com HELP aberto !!
[16/02/2019 19:19:05] Tobbi: kkkkk
[16/02/2019 19:19:12] Tobbi: Por que cuidado?
[16/02/2019 19:19:22] Ekz Malinha: Tobbi --> H
[16/02/2019 19:19:30] Ekz Malinha: Tobbi --> (Hi)
[16/02/2019 19:19:44] [GOD] Loka'osz: Tobbi ----> Não use o help para GAMECHAT Use o "PM" Ou Gamechat.
[16/02/2019 19:20:05] Ekz Malinha: Tobbi --> Utilize o chat {Help} Para duvidas e respostas sobre jogabilidade !
[16/02/2019 19:21:33] Ehtoo: onde eu pego acesso a super up?
[16/02/2019 19:22:02] Ekz Malinha: Ehtoo --> Quest Ultimate !!
[16/02/2019 19:22:46] Ekz Malinha: Ehtoo --> Errei Desculpe-me --> Ehto ----> Apenas Donatando. Para informaçoes Sobre utilize o !Doar Ou acesse o site Baiakmagnata.tk
[16/02/2019 19:57:08] Titio Avo: ta lag so aki?
[16/02/2019 19:57:36] Ekz Malinha: Titio Avo --> Lag Pra Geral !!
[16/02/2019 19:58:00] [GOD] Loka'osz: Titio---> Trocar de host dnv ..
[16/02/2019 20:00:36] Ekz Malinha: [GOD] Loka'osz --> Ta osso,to no final da quest !
[16/02/2019 20:07:21] Titio Avo: vish god mano para de ver video ai
[16/02/2019 20:08:21] Ekz Malinha: Titio Avo --> Provavelmente alguem esta nukando o serv ou e um erro da host mesmo !! 
[16/02/2019 20:08:21] Ekz Malinha: Titio Avo --> Provavelmente alguem esta nukando o serv ou e um erro da host mesmo !! 
[16/02/2019 20:09:04] Titio Avo: vish mano mais resolve isso o quanto ates pfv
[16/02/2019 20:09:41] Ekz Malinha: Titio Avo --> Estamos tentando !!
[16/02/2019 20:09:41] Ekz Malinha: Titio Avo --> Estamos tentando !!
[16/02/2019 20:09:41] Ekz Malinha: Titio Avo --> Estamos tentando !!
[16/02/2019 20:22:34] Trap of the malander: q q houvw rapaz
[16/02/2019 20:24:12] Trap of the malander: oo adm
[16/02/2019 20:24:26] Ekz Malinha: Trap of the malander --> Posso Ajudar 
[16/02/2019 20:24:53] Trap of the malander: q q houve q o ot fico em slidew
[16/02/2019 20:26:00] Ekz Malinha: Trap of the malander --> Host !!
[16/02/2019 20:39:30] Ekz Malinha: God ?
[16/02/2019 21:03:55] Ayala: esse lag q n sai
[16/02/2019 21:04:49] Ekz Malinha: Ayala --> Estao resolvendo !!
[16/02/2019 21:11:32] Ekz Malinha: ADM arruma ai assim n rola jogar
[16/02/2019 21:34:22] Knight Bugado: adm
[16/02/2019 21:35:44] Ekz Malinha: Knight Bugado --> Estao Ocupados,espere so um pouco por favor !!
[16/02/2019 21:42:41] Knight Bugado: hi
[16/02/2019 21:43:04] Ekz Malinha: Knight Bugado ---> Cuidado com help aberto amigo !!
[16/02/2019 21:44:27] Trap of the malander: da pra colocar quantos critical no char?
[16/02/2019 21:46:39] Trap of the malander: da pra colocar quantos critical no char?
[16/02/2019 21:47:25] Knight Bugado: 100
[16/02/2019 21:48:28] Ekz Malinha: Trap of the malander --> 100 critical/50 dodge !!
[16/02/2019 21:49:04] Trap of the malander: se eu sair do super up, posso entrar dnv?
[16/02/2019 21:49:09] Trap of the malander: ou entra  1 vez só?
[16/02/2019 21:50:11] Ekz Malinha: Trap of the malander --> 2 hrs Amigo !!
[16/02/2019 21:55:33] Ekz Magnata: Ola Galera
[16/02/2019 21:55:38] [GOD] Loka'osz: Ok.!
[16/02/2019 22:07:56] Trap of the malander: critico n funciona em monstro ne?
[16/02/2019 22:08:14] Ekz Magnata: Trap of the malander --> Sim
[16/02/2019 22:08:36] Trap of the malander: ue, to 100 100 de crtiico e n parece q ta funcionando
[16/02/2019 22:09:04] Ekz Magnata: Trap of the malander --> Entendi errado,so em players se eu n me engano
[16/02/2019 22:09:12] [GOD] Loka'osz: Oq deu?
[16/02/2019 22:09:12] Trap of the malander: ata xd
[16/02/2019 22:09:14] [GOD] Loka'osz: caiu net
[16/02/2019 22:09:28] Trap of the malander: nada n, só pedi se critico funciona em monstro tb
[16/02/2019 22:09:46] [GOD] Loka'osz: Funciona sim.
[16/02/2019 22:09:50] Trap of the malander: n parece
[16/02/2019 22:09:52] [GOD] Loka'osz: Achoo
[16/02/2019 22:09:57] Trap of the malander: olha aqui, eu to 100 100
[16/02/2019 22:09:59] Ekz Magnata: Nao funfa god
[16/02/2019 22:10:07] Ekz Magnata: so em player
[16/02/2019 22:10:22] Trap of the malander: funciona em sd tbm, ou só AA?
[16/02/2019 22:10:29] [GOD] Loka'osz: Sd
[16/02/2019 22:10:33] [GOD] Loka'osz: e auto atack tmb
[16/02/2019 22:10:40] Trap of the malander: jae
[16/02/2019 22:10:42] Ekz Magnata: Trap of the malander --> Sd sim
[16/02/2019 22:21:43] Tobbi: a
[16/02/2019 22:22:01] Ekz Magnata: Tobbi ---> Cuidado com help aberto !!
[16/02/2019 22:22:59] Trap of the malander: ai se colocarem pro critico funcionar nesse bicho q bloca a passagem tipo, gandalf branco, zoldaruk e etc vai ajudar bastante
[16/02/2019 22:23:38] Ekz Magnata: Trap of the malander --> Obrigado pela Informacao !!
[16/02/2019 22:30:50] Ehtoo: qual é melhor? supreme boots ou super boots?
[16/02/2019 22:31:34] Ekz Magnata: Ehtoo --> Supreme
[16/02/2019 22:33:20] Trap of the malander: cade o critical\ dodge seller?°
[16/02/2019 22:33:25] [GOD] Loka'osz: calma ae
[16/02/2019 22:33:36] Ekz Magnata: Trap of the malander --> Adm vai ver
[16/02/2019 22:34:35] [GOD] Loka'osz: tae
[16/02/2019 22:34:36] [GOD] Loka'osz: ksk
[16/02/2019 22:51:24] Trap of the malander: onde vende dwarven ring?
[16/02/2019 23:39:03] Ehtoo: a ultimate weapons quest é só matar os zoralurk?
[16/02/2019 23:09:59] Ehtoo: q isso, essa ultimate arrow ai n da dano
[16/02/2019 23:10:32] Denk: 222/hi
[16/02/2019 23:10:33] Denk: hi
[16/02/2019 23:16:02] Ehtoo: algum adm on
[16/02/2019 23:54:01] [Svip] Nathanael: adm minha Mege Ring que sumiu 
[16/02/2019 23:54:07] [Svip] Nathanael: vai mim da de volta 
[16/02/2019 23:54:10] [GOD] Loka'osz: Ah?.
[16/02/2019 23:54:12] [GOD] Loka'osz: normalmente volta
[16/02/2019 23:54:28] [Svip] Nathanael: kd que não voltou
[16/02/2019 23:54:31] Ekz Magnata: Sumiu ?
[16/02/2019 23:54:45] [Svip] Nathanael: s
[16/02/2019 23:54:49] Ekz Magnata: estranho em
[16/02/2019 23:55:42] [Svip] Nathanael: minha mage ring sumiu aonde fica o anel 
[16/02/2019 23:56:11] Ekz Magnata: [Svip] Nathanael  --> Procura em house,dp etc...
[16/02/2019 23:56:52] [Svip] Nathanael: não tenho casa
[16/02/2019 23:57:12] Ekz Magnata: [Svip] Nathanael --> Ve em todas as bags
[16/02/2019 23:57:42] [GOD] Loka'osz: -----> Se foi logo antes do server save pode ter dado bug.
[16/02/2019 23:57:58] [Svip] Nathanael: eu ja olhei adm 
[16/02/2019 23:58:06] [Svip] Nathanael: ela ficava onde ficava o anel
[16/02/2019 23:58:51] Ekz Magnata: [Svip] Nathanael --> Vamos resolver calma !!
[16/02/2019 23:59:07] [GOD] Loka'osz: --
[16/02/2019 23:59:28] [GOD] Loka'osz: Relaxa
[16/02/2019 23:59:38] [GOD] Loka'osz: a quest do anel
[16/02/2019 23:59:41] [GOD] Loka'osz: é facil dms até
[16/02/2019 23:59:44] [GOD] Loka'osz: faz solo de boas
[16/02/2019 23:59:48] [GOD] Loka'osz: mais que algums bugaram
[16/02/2019 23:59:53] [GOD] Loka'osz: tem ums 4 de 10
[17/02/2019 00:00:04] [Svip] Nathanael: para mim fazer quest de novo e
[17/02/2019 00:00:14] [Svip] Nathanael: eu nem posso pq eu ja fiz
[17/02/2019 00:00:14] [GOD] Loka'osz: Sim.
[17/02/2019 00:00:34] [Svip] Nathanael: eu não posso pega de novo
[17/02/2019 00:00:42] [Svip] Nathanael: pq o pall e melhor em 
[17/02/2019 00:00:43] [GOD] Loka'osz: tenta 
[17/02/2019 00:00:44] [GOD] Loka'osz: agora.
[17/02/2019 00:00:52] [Svip] Nathanael: vou demora muito sozinho
[17/02/2019 00:01:01] [GOD] Loka'osz: ae vc ta troll
[17/02/2019 00:01:07] [Svip] Nathanael: pque
[17/02/2019 00:01:09] [Svip] Nathanael: oque
[17/02/2019 00:01:59] Ekz Magnata: [Svip] Nathanael --> Quest easy
[17/02/2019 00:02:18] [Svip] Nathanael: que quest essa
[17/02/2019 00:02:24] [GOD] Loka'osz: Ring
[17/02/2019 00:02:26] Ayala: ai é sacanagem
[17/02/2019 00:02:45] [GOD] Loka'osz: ??
[17/02/2019 00:02:48] [GOD] Loka'osz: a quest
[17/02/2019 00:02:52] [GOD] Loka'osz: demora 7min
[17/02/2019 00:02:52] Ayala: nao cara
[17/02/2019 00:02:53] [GOD] Loka'osz: pra terminar
[17/02/2019 00:02:53] [GOD] Loka'osz: -.
[17/02/2019 00:02:57] Ayala: eu tinha 330 kk no banco
[17/02/2019 00:03:06] Ayala: tirei ele do banco ele veio tudo em um monte
[17/02/2019 00:03:08] Ayala: fui separar
[17/02/2019 00:03:11] Ayala: veio so 100
[17/02/2019 00:03:13] Ayala: sacanagem cara
[17/02/2019 00:03:15] [GOD] Loka'osz: da balance
[17/02/2019 00:03:16] [GOD] Loka'osz: dnv
[17/02/2019 00:03:19] [GOD] Loka'osz: e retira o resto
[17/02/2019 00:03:19] [GOD] Loka'osz: :d
[17/02/2019 00:03:29] Ekz Magnata: Ayala --> Balance !!!
[17/02/2019 00:03:32] Ayala: eu tirei tudo cara
[17/02/2019 00:03:34] Ayala: nao tem mas nada
[17/02/2019 00:03:42] Ekz Magnata: Ayala --> 10 min pego 800kk easy
[17/02/2019 00:03:51] Ayala: tu nao sou eu cara
[17/02/2019 00:03:53] Ayala: wtf
[17/02/2019 00:03:55] Ayala: qq tem a ver
[17/02/2019 00:03:57] Ayala: to reportando bug
[17/02/2019 00:03:59] Ayala: e olha oq tu fala
[17/02/2019 00:04:04] Ayala: entao pega 330kk e me da
[17/02/2019 00:04:05] Ayala: wtf
[17/02/2019 00:04:11] Ekz Magnata: Ayala --> Sem flood no HELP !!
[17/02/2019 00:04:15] Ayala: entao nao fala merda
[17/02/2019 00:04:19] Ekz Magnata: vem dp
[17/02/2019 00:04:33] Ayala: to aki
[17/02/2019 00:04:36] Ekz Magnata: 500kk pra vc
[17/02/2019 00:04:45] Ekz Magnata: pera ae
[17/02/2019 00:05:35] [Svip] Nathanael: como e
[17/02/2019 00:05:46] [Svip] Nathanael: 500kk para mim e
[17/02/2019 00:05:54] Ekz Magnata: [Svip] Nathanael --> Pro ayala
[17/02/2019 00:06:07] [Svip] Nathanael: tenho n
[17/02/2019 00:06:14] [Svip] Nathanael: tenho dinheiro n
[17/02/2019 00:06:29] [Svip] Nathanael: eu tinha minha mage ring ai e foda
[17/02/2019 00:06:55] [GOD] Loka'osz: Pqp
[17/02/2019 00:06:56] Ayala: dp
[17/02/2019 00:06:56] [GOD] Loka'osz: esies ta
[17/02/2019 00:06:57] [GOD] Loka'osz: troll
[17/02/2019 00:07:24] [Svip] Nathanael: vai mim devolve minha mage ring
[17/02/2019 02:36:11] Druid Killer: oi
[17/02/2019 21:33:57] Lord Mage: como add um item no autoloot
[17/02/2019 21:33:57] Lord Mage: ?
[17/02/2019 21:33:59] Lord Mage: hi
[17/02/2019 21:34:34] [GOD] Loka'osz: .!autoloot Nome do iten
[17/02/2019 22:40:51] [Svip] Nathanael: adm
[17/02/2019 22:40:54] [Svip] Nathanael: está ai 
[17/02/2019 22:40:58] [GOD] Loka'osz: Fala.
[17/02/2019 22:41:06] [Svip] Nathanael: esse lah
[17/02/2019 22:41:08] [Svip] Nathanael: lag
[17/02/2019 22:41:21] [Svip] Nathanael: quando eu comecei jogar nesse ot não tinha lag
[17/02/2019 22:41:31] [Svip] Nathanael: depois ficou com essa frescura 
[17/02/2019 22:41:54] [GOD] Loka'osz: -.
[17/02/2019 22:42:05] [Svip] Nathanael: travadinha chata tmbm
[17/02/2019 22:42:30] [GOD] Loka'osz: vo ver isso
[17/02/2019 22:42:33] [GOD] Loka'osz: ta liso
[17/02/2019 22:42:33] [GOD] Loka'osz: por enq
[17/02/2019 22:42:34] [GOD] Loka'osz: ak
[17/02/2019 22:42:50] [Svip] Nathanael: entenda adm sempre vai fica liso
[17/02/2019 22:42:52] Lord Mage: lag do capea 
[17/02/2019 22:42:57] [GOD] Loka'osz: -.
[17/02/2019 22:42:57] [Svip] Nathanael: eu ja fiz adm 
[17/02/2019 22:43:05] [Svip] Nathanael: fui*
[17/02/2019 22:43:24] [Svip] Nathanael: muito lag
[17/02/2019 22:43:33] [GOD] Loka'osz: ta
[17/02/2019 22:43:35] [GOD] Loka'osz: calma ae
[17/02/2019 22:43:38] [GOD] Loka'osz: vamos ver isso
[17/02/2019 22:43:47] [Svip] Nathanael: faz tempo viu 
[17/02/2019 22:43:57] [Svip] Nathanael: pq tava em outro ot agora pouco ta liso la
[17/02/2019 22:44:58] [GOD] Loka'osz: hum
[17/02/2019 22:45:01] [GOD] Loka'osz: estamos vendo das quests
[17/02/2019 22:45:02] [GOD] Loka'osz: agora
[17/02/2019 22:45:06] [GOD] Loka'osz: vamos ver os hosts
[17/02/2019 22:45:08] [GOD] Loka'osz: tmb
[17/02/2019 22:45:13] [Svip] Nathanael: ok
[17/02/2019 23:47:24] Druid Killer: opa
[17/02/2019 23:47:52] [GOD] Loka'osz: Opa
[17/02/2019 23:47:58] Druid Killer: oq ta rolando
[17/02/2019 23:47:59] [GOD] Loka'osz: Boa noite.
[17/02/2019 23:47:59] Druid Killer: tem 11 on
[17/02/2019 23:48:02] [GOD] Loka'osz: Nada
[17/02/2019 23:48:04] [GOD] Loka'osz: normal
[17/02/2019 23:48:04] [GOD] Loka'osz: .-
[17/02/2019 23:48:13] [GOD] Loka'osz: estamos arrumando pra por
[17/02/2019 23:48:14] [GOD] Loka'osz: os itens novos
[17/02/2019 23:48:15] [GOD] Loka'osz: agora
[17/02/2019 23:48:20] Druid Killer: ae s
[17/02/2019 23:53:54] [GOD] Loka'osz: aleta sio
[17/02/2019 23:54:31] Druid Killer: ?
[17/02/2019 23:54:32] Druid Killer: pq
[17/02/2019 23:54:42] [GOD] Loka'osz: Zoas
[17/02/2019 23:55:04] Druid Killer: hsuahsa
[17/02/2019 23:59:36] [GOD] Loka'osz: ksks
[18/02/2019 00:00:25] Lord Mage: alguem medar um staff magnata pfvv
[18/02/2019 00:02:02] [GOD] Loka'osz: aleta sio
[18/02/2019 00:28:39] [GOD] Loka'osz: druid killer
[18/02/2019 00:28:47] Druid Killer: oi
[18/02/2019 00:28:50] [GOD] Loka'osz: Nada
[18/02/2019 00:28:51] [GOD] Loka'osz: so pra ver
[18/02/2019 00:28:52] [GOD] Loka'osz: ksk
[18/02/2019 00:57:25] Denk: não consigo comprar nada 
[18/02/2019 00:57:45] [Svip] Lypinhoo: ta com a grana na bp?
[18/02/2019 00:57:47] Denk: tenho grana, mas o não posso selecionar nada para compar
[18/02/2019 00:57:52] Denk: sim
[18/02/2019 00:58:06] Denk: ontem apresentou o mesmo bug 
[18/02/2019 00:58:19] Denk: hoje qquando loguei voltou ao normal
[18/02/2019 00:58:28] Denk: ja loguei 4 x e nada
[18/02/2019 00:58:37] [Svip] Lypinhoo: se tiver com muita bp n vai
[18/02/2019 00:58:42] Denk: a blz
[18/02/2019 00:58:47] [Svip] Lypinhoo: e se tiver com muita grana tbm n vai
[18/02/2019 00:59:39] Druid Killer: tem um limite
[18/02/2019 00:59:40] Druid Killer: de grana
[18/02/2019 00:59:50] Druid Killer: n pode ter + de 100kk na bag
[18/02/2019 00:59:56] Druid Killer: pq conta como se n tivesse
[18/02/2019 01:00:02] Druid Killer: é so ir depositar banco
[18/02/2019 01:00:04] Druid Killer: ou guardar
[18/02/2019 01:00:05] Druid Killer: depot
[18/02/2019 01:00:08] Denk: a blz
[18/02/2019 13:05:27] [Svip] Nathanael: adm
[18/02/2019 13:09:46] [Svip] Sete: 10:50 Você ganhou uma Donate Boots. kd minha magnata no present bag? :(
[18/02/2019 13:22:31] [Svip] Nathanael: adm
[18/02/2019 13:40:44] Druid Killer: opa
[18/02/2019 13:43:11] Druid Killer: serve eu
[18/02/2019 13:43:11] Druid Killer: ?
[18/02/2019 13:43:57] [Svip] Nathanael: pq o pall e melhor
[18/02/2019 13:44:05] [Svip] Nathanael: não entendo 
[18/02/2019 13:44:23] [Svip] Nathanael: eu com a melhor staff morri para porra de um palla
[18/02/2019 13:47:39] [Svip] Sete: Pq palla em ot é quebrado
[18/02/2019 13:47:42] [Svip] Sete: Muito hp e mana ao msm tempo
[18/02/2019 13:48:10] [Svip] Sete: Sem contar o dano
[18/02/2019 13:48:35] [Svip] Nathanael: 5k 
[18/02/2019 13:48:38] [Svip] Nathanael: tira da pessoa
[18/02/2019 14:32:08] [GOD] Loka'osz: Olá
[18/02/2019 18:06:53] Eagle: ADM?
[18/02/2019 18:13:51] Merlin: adm ta ae?
[18/02/2019 18:52:09] Merlin: !leave
[18/02/2019 21:30:41] [Svip] Nathanael: adm
[18/02/2019 22:23:49] Sr'anny: =
[18/02/2019 22:23:57] [GOD] Loka'osz: ?
[18/02/2019 22:24:00] Black: ta travando só aki ?
[18/02/2019 22:26:49] [GOD] Loka'osz: estas?
[18/02/2019 22:27:31] Sr'anny: ta travando sim
[18/02/2019 22:27:57] Black: muito
[18/02/2019 22:28:01] [GOD] Loka'osz: Foda
[18/02/2019 22:28:07] Black: é o host
[18/02/2019 22:28:18] Black: deve ta em manutenção dnv
[18/02/2019 22:28:21] Black: '-'
[18/02/2019 22:32:21] Sr'anny: =
[18/02/2019 22:32:30] Sr'anny: parou um pouco mas 
[18/02/2019 22:33:27] [GOD] Loka'osz: FODA
[18/02/2019 22:33:30] [GOD] Loka'osz: Ksks
[18/02/2019 22:33:36] Sr'anny: asdas
[18/02/2019 22:47:56] Sr'anny: oia ela de novo
[18/02/2019 22:48:41] Sr'anny: logo na quest 
[19/02/2019 00:17:28] Sr'anny: ta leg  ainda ?
[19/02/2019 00:29:49] Sr'anny: e ogo
[19/02/2019 00:29:52] Sr'anny: fogo
[19/02/2019 02:26:42] Zata: AQUI É 24H?
[19/02/2019 02:50:27] Kharsek: HELP!
[19/02/2019 02:07:02] Zata: ´´´´god?
[19/02/2019 02:07:07] Zata: ta bugado me ajudaaa
[19/02/2019 02:31:48] Zata: quando entra God me segue eu vo ta bugado no final da quest
[19/02/2019 02:32:08] Zata: nos bazir
[19/02/2019 07:46:44] Paladin of greenwood: Puxa ring joga na mao e explode o game
[19/02/2019 07:57:32] Rp Loko: geral tem donate nesse serve
[19/02/2019 07:57:37] Rp Loko: menos eu kkkkkkkkkkkkkk
[19/02/2019 08:22:18] [Svip] Sete: ultimate hur
[19/02/2019 15:03:35] Asuna: krl q lag adm 
[19/02/2019 22:21:41] Jessica: ok
[19/02/2019 23:22:50] King Forex: to comendo ticolé
[19/02/2019 23:22:58] King Forex: ticolé e mto bom
[20/02/2019 13:08:49] Goiaba: algum gm on??
[20/02/2019 14:07:38] Xana Carnivoraa: ADM online?
[20/02/2019 19:26:05] Brahma: god on
[22/02/2019 00:15:29] Druid Killer: opa
